[2024-11-03T00:00:03.155+0000] {processor.py:186} INFO - Started process (PID=779) to work on /home/airflow/.local/lib/python3.12/site-packages/airflow/example_dags/example_xcom.py
[2024-11-03T00:00:03.156+0000] {processor.py:914} INFO - Processing file /home/airflow/.local/lib/python3.12/site-packages/airflow/example_dags/example_xcom.py for tasks to queue
[2024-11-03T00:00:03.158+0000] {logging_mixin.py:190} INFO - [2024-11-03T00:00:03.157+0000] {dagbag.py:588} INFO - Filling up the DagBag from /home/airflow/.local/lib/python3.12/site-packages/airflow/example_dags/example_xcom.py
[2024-11-03T00:00:03.165+0000] {processor.py:925} INFO - DAG(s) 'example_xcom' retrieved from /home/airflow/.local/lib/python3.12/site-packages/airflow/example_dags/example_xcom.py
[2024-11-03T00:00:03.185+0000] {logging_mixin.py:190} INFO - [2024-11-03T00:00:03.184+0000] {dag.py:3239} INFO - Sync 1 DAGs
[2024-11-03T00:00:03.204+0000] {logging_mixin.py:190} INFO - [2024-11-03T00:00:03.204+0000] {dag.py:4180} INFO - Setting next_dagrun for example_xcom to 2021-01-01 00:00:00+00:00, run_after=2021-01-01 00:00:00+00:00
[2024-11-03T00:00:03.218+0000] {processor.py:208} INFO - Processing /home/airflow/.local/lib/python3.12/site-packages/airflow/example_dags/example_xcom.py took 0.068 seconds
[2024-11-03T00:00:33.591+0000] {processor.py:186} INFO - Started process (PID=842) to work on /home/airflow/.local/lib/python3.12/site-packages/airflow/example_dags/example_xcom.py
[2024-11-03T00:00:33.592+0000] {processor.py:914} INFO - Processing file /home/airflow/.local/lib/python3.12/site-packages/airflow/example_dags/example_xcom.py for tasks to queue
[2024-11-03T00:00:33.594+0000] {logging_mixin.py:190} INFO - [2024-11-03T00:00:33.594+0000] {dagbag.py:588} INFO - Filling up the DagBag from /home/airflow/.local/lib/python3.12/site-packages/airflow/example_dags/example_xcom.py
[2024-11-03T00:00:33.602+0000] {processor.py:925} INFO - DAG(s) 'example_xcom' retrieved from /home/airflow/.local/lib/python3.12/site-packages/airflow/example_dags/example_xcom.py
[2024-11-03T00:00:33.621+0000] {logging_mixin.py:190} INFO - [2024-11-03T00:00:33.621+0000] {dag.py:3239} INFO - Sync 1 DAGs
[2024-11-03T00:00:33.641+0000] {logging_mixin.py:190} INFO - [2024-11-03T00:00:33.641+0000] {dag.py:4180} INFO - Setting next_dagrun for example_xcom to 2021-01-01 00:00:00+00:00, run_after=2021-01-01 00:00:00+00:00
[2024-11-03T00:00:33.656+0000] {processor.py:208} INFO - Processing /home/airflow/.local/lib/python3.12/site-packages/airflow/example_dags/example_xcom.py took 0.069 seconds
[2024-11-03T00:01:04.433+0000] {processor.py:186} INFO - Started process (PID=905) to work on /home/airflow/.local/lib/python3.12/site-packages/airflow/example_dags/example_xcom.py
[2024-11-03T00:01:04.433+0000] {processor.py:914} INFO - Processing file /home/airflow/.local/lib/python3.12/site-packages/airflow/example_dags/example_xcom.py for tasks to queue
[2024-11-03T00:01:04.435+0000] {logging_mixin.py:190} INFO - [2024-11-03T00:01:04.435+0000] {dagbag.py:588} INFO - Filling up the DagBag from /home/airflow/.local/lib/python3.12/site-packages/airflow/example_dags/example_xcom.py
[2024-11-03T00:01:04.442+0000] {processor.py:925} INFO - DAG(s) 'example_xcom' retrieved from /home/airflow/.local/lib/python3.12/site-packages/airflow/example_dags/example_xcom.py
[2024-11-03T00:01:04.459+0000] {logging_mixin.py:190} INFO - [2024-11-03T00:01:04.459+0000] {dag.py:3239} INFO - Sync 1 DAGs
[2024-11-03T00:01:04.477+0000] {logging_mixin.py:190} INFO - [2024-11-03T00:01:04.477+0000] {dag.py:4180} INFO - Setting next_dagrun for example_xcom to 2021-01-01 00:00:00+00:00, run_after=2021-01-01 00:00:00+00:00
[2024-11-03T00:01:04.493+0000] {processor.py:208} INFO - Processing /home/airflow/.local/lib/python3.12/site-packages/airflow/example_dags/example_xcom.py took 0.064 seconds
[2024-11-03T00:01:35.227+0000] {processor.py:186} INFO - Started process (PID=968) to work on /home/airflow/.local/lib/python3.12/site-packages/airflow/example_dags/example_xcom.py
[2024-11-03T00:01:35.228+0000] {processor.py:914} INFO - Processing file /home/airflow/.local/lib/python3.12/site-packages/airflow/example_dags/example_xcom.py for tasks to queue
[2024-11-03T00:01:35.231+0000] {logging_mixin.py:190} INFO - [2024-11-03T00:01:35.230+0000] {dagbag.py:588} INFO - Filling up the DagBag from /home/airflow/.local/lib/python3.12/site-packages/airflow/example_dags/example_xcom.py
[2024-11-03T00:01:35.242+0000] {processor.py:925} INFO - DAG(s) 'example_xcom' retrieved from /home/airflow/.local/lib/python3.12/site-packages/airflow/example_dags/example_xcom.py
[2024-11-03T00:01:35.265+0000] {logging_mixin.py:190} INFO - [2024-11-03T00:01:35.265+0000] {dag.py:3239} INFO - Sync 1 DAGs
[2024-11-03T00:01:35.294+0000] {logging_mixin.py:190} INFO - [2024-11-03T00:01:35.294+0000] {dag.py:4180} INFO - Setting next_dagrun for example_xcom to 2021-01-01 00:00:00+00:00, run_after=2021-01-01 00:00:00+00:00
[2024-11-03T00:01:35.312+0000] {processor.py:208} INFO - Processing /home/airflow/.local/lib/python3.12/site-packages/airflow/example_dags/example_xcom.py took 0.092 seconds
[2024-11-03T00:48:04.288+0000] {processor.py:186} INFO - Started process (PID=84) to work on /home/airflow/.local/lib/python3.12/site-packages/airflow/example_dags/example_xcom.py
[2024-11-03T00:48:04.290+0000] {processor.py:914} INFO - Processing file /home/airflow/.local/lib/python3.12/site-packages/airflow/example_dags/example_xcom.py for tasks to queue
[2024-11-03T00:48:04.292+0000] {logging_mixin.py:190} INFO - [2024-11-03T00:48:04.292+0000] {dagbag.py:588} INFO - Filling up the DagBag from /home/airflow/.local/lib/python3.12/site-packages/airflow/example_dags/example_xcom.py
[2024-11-03T00:48:04.300+0000] {processor.py:925} INFO - DAG(s) 'example_xcom' retrieved from /home/airflow/.local/lib/python3.12/site-packages/airflow/example_dags/example_xcom.py
[2024-11-03T00:48:04.400+0000] {logging_mixin.py:190} INFO - [2024-11-03T00:48:04.400+0000] {override.py:1900} INFO - Created Permission View: can delete on DAG:example_xcom
[2024-11-03T00:48:04.410+0000] {logging_mixin.py:190} INFO - [2024-11-03T00:48:04.410+0000] {override.py:1900} INFO - Created Permission View: can edit on DAG:example_xcom
[2024-11-03T00:48:04.417+0000] {logging_mixin.py:190} INFO - [2024-11-03T00:48:04.417+0000] {override.py:1900} INFO - Created Permission View: can read on DAG:example_xcom
[2024-11-03T00:48:04.425+0000] {logging_mixin.py:190} INFO - [2024-11-03T00:48:04.425+0000] {override.py:1900} INFO - Created Permission View: can create on DAG Run:example_xcom
[2024-11-03T00:48:04.434+0000] {logging_mixin.py:190} INFO - [2024-11-03T00:48:04.434+0000] {override.py:1900} INFO - Created Permission View: can delete on DAG Run:example_xcom
[2024-11-03T00:48:04.441+0000] {logging_mixin.py:190} INFO - [2024-11-03T00:48:04.441+0000] {override.py:1900} INFO - Created Permission View: menu access on DAG Run:example_xcom
[2024-11-03T00:48:04.448+0000] {logging_mixin.py:190} INFO - [2024-11-03T00:48:04.448+0000] {override.py:1900} INFO - Created Permission View: can read on DAG Run:example_xcom
[2024-11-03T00:48:04.449+0000] {logging_mixin.py:190} INFO - [2024-11-03T00:48:04.449+0000] {dag.py:3239} INFO - Sync 1 DAGs
[2024-11-03T00:48:04.461+0000] {logging_mixin.py:190} INFO - [2024-11-03T00:48:04.461+0000] {dag.py:3262} INFO - Creating ORM DAG for example_xcom
[2024-11-03T00:48:04.472+0000] {logging_mixin.py:190} INFO - [2024-11-03T00:48:04.471+0000] {dag.py:4180} INFO - Setting next_dagrun for example_xcom to 2021-01-01 00:00:00+00:00, run_after=2021-01-01 00:00:00+00:00
[2024-11-03T00:48:04.486+0000] {processor.py:208} INFO - Processing /home/airflow/.local/lib/python3.12/site-packages/airflow/example_dags/example_xcom.py took 0.202 seconds
[2024-11-03T00:48:34.998+0000] {processor.py:186} INFO - Started process (PID=147) to work on /home/airflow/.local/lib/python3.12/site-packages/airflow/example_dags/example_xcom.py
[2024-11-03T00:48:34.998+0000] {processor.py:914} INFO - Processing file /home/airflow/.local/lib/python3.12/site-packages/airflow/example_dags/example_xcom.py for tasks to queue
[2024-11-03T00:48:35.001+0000] {logging_mixin.py:190} INFO - [2024-11-03T00:48:35.000+0000] {dagbag.py:588} INFO - Filling up the DagBag from /home/airflow/.local/lib/python3.12/site-packages/airflow/example_dags/example_xcom.py
[2024-11-03T00:48:35.009+0000] {processor.py:925} INFO - DAG(s) 'example_xcom' retrieved from /home/airflow/.local/lib/python3.12/site-packages/airflow/example_dags/example_xcom.py
[2024-11-03T00:48:35.028+0000] {logging_mixin.py:190} INFO - [2024-11-03T00:48:35.027+0000] {dag.py:3239} INFO - Sync 1 DAGs
[2024-11-03T00:48:35.048+0000] {logging_mixin.py:190} INFO - [2024-11-03T00:48:35.047+0000] {dag.py:4180} INFO - Setting next_dagrun for example_xcom to 2021-01-01 00:00:00+00:00, run_after=2021-01-01 00:00:00+00:00
[2024-11-03T00:48:35.063+0000] {processor.py:208} INFO - Processing /home/airflow/.local/lib/python3.12/site-packages/airflow/example_dags/example_xcom.py took 0.070 seconds
[2024-11-03T00:49:05.270+0000] {processor.py:186} INFO - Started process (PID=210) to work on /home/airflow/.local/lib/python3.12/site-packages/airflow/example_dags/example_xcom.py
[2024-11-03T00:49:05.271+0000] {processor.py:914} INFO - Processing file /home/airflow/.local/lib/python3.12/site-packages/airflow/example_dags/example_xcom.py for tasks to queue
[2024-11-03T00:49:05.273+0000] {logging_mixin.py:190} INFO - [2024-11-03T00:49:05.272+0000] {dagbag.py:588} INFO - Filling up the DagBag from /home/airflow/.local/lib/python3.12/site-packages/airflow/example_dags/example_xcom.py
[2024-11-03T00:49:05.282+0000] {processor.py:925} INFO - DAG(s) 'example_xcom' retrieved from /home/airflow/.local/lib/python3.12/site-packages/airflow/example_dags/example_xcom.py
[2024-11-03T00:49:05.300+0000] {logging_mixin.py:190} INFO - [2024-11-03T00:49:05.300+0000] {dag.py:3239} INFO - Sync 1 DAGs
[2024-11-03T00:49:05.319+0000] {logging_mixin.py:190} INFO - [2024-11-03T00:49:05.319+0000] {dag.py:4180} INFO - Setting next_dagrun for example_xcom to 2021-01-01 00:00:00+00:00, run_after=2021-01-01 00:00:00+00:00
[2024-11-03T00:49:05.335+0000] {processor.py:208} INFO - Processing /home/airflow/.local/lib/python3.12/site-packages/airflow/example_dags/example_xcom.py took 0.069 seconds
[2024-11-03T00:49:35.725+0000] {processor.py:186} INFO - Started process (PID=273) to work on /home/airflow/.local/lib/python3.12/site-packages/airflow/example_dags/example_xcom.py
[2024-11-03T00:49:35.726+0000] {processor.py:914} INFO - Processing file /home/airflow/.local/lib/python3.12/site-packages/airflow/example_dags/example_xcom.py for tasks to queue
[2024-11-03T00:49:35.728+0000] {logging_mixin.py:190} INFO - [2024-11-03T00:49:35.728+0000] {dagbag.py:588} INFO - Filling up the DagBag from /home/airflow/.local/lib/python3.12/site-packages/airflow/example_dags/example_xcom.py
[2024-11-03T00:49:35.735+0000] {processor.py:925} INFO - DAG(s) 'example_xcom' retrieved from /home/airflow/.local/lib/python3.12/site-packages/airflow/example_dags/example_xcom.py
[2024-11-03T00:49:35.753+0000] {logging_mixin.py:190} INFO - [2024-11-03T00:49:35.753+0000] {dag.py:3239} INFO - Sync 1 DAGs
[2024-11-03T00:49:35.773+0000] {logging_mixin.py:190} INFO - [2024-11-03T00:49:35.772+0000] {dag.py:4180} INFO - Setting next_dagrun for example_xcom to 2021-01-01 00:00:00+00:00, run_after=2021-01-01 00:00:00+00:00
[2024-11-03T00:49:35.788+0000] {processor.py:208} INFO - Processing /home/airflow/.local/lib/python3.12/site-packages/airflow/example_dags/example_xcom.py took 0.069 seconds
[2024-11-03T00:50:06.253+0000] {processor.py:186} INFO - Started process (PID=336) to work on /home/airflow/.local/lib/python3.12/site-packages/airflow/example_dags/example_xcom.py
[2024-11-03T00:50:06.254+0000] {processor.py:914} INFO - Processing file /home/airflow/.local/lib/python3.12/site-packages/airflow/example_dags/example_xcom.py for tasks to queue
[2024-11-03T00:50:06.256+0000] {logging_mixin.py:190} INFO - [2024-11-03T00:50:06.256+0000] {dagbag.py:588} INFO - Filling up the DagBag from /home/airflow/.local/lib/python3.12/site-packages/airflow/example_dags/example_xcom.py
[2024-11-03T00:50:06.265+0000] {processor.py:925} INFO - DAG(s) 'example_xcom' retrieved from /home/airflow/.local/lib/python3.12/site-packages/airflow/example_dags/example_xcom.py
[2024-11-03T00:50:06.283+0000] {logging_mixin.py:190} INFO - [2024-11-03T00:50:06.283+0000] {dag.py:3239} INFO - Sync 1 DAGs
[2024-11-03T00:50:06.307+0000] {logging_mixin.py:190} INFO - [2024-11-03T00:50:06.306+0000] {dag.py:4180} INFO - Setting next_dagrun for example_xcom to 2021-01-01 00:00:00+00:00, run_after=2021-01-01 00:00:00+00:00
[2024-11-03T00:50:06.325+0000] {processor.py:208} INFO - Processing /home/airflow/.local/lib/python3.12/site-packages/airflow/example_dags/example_xcom.py took 0.077 seconds
[2024-11-03T00:50:36.802+0000] {processor.py:186} INFO - Started process (PID=399) to work on /home/airflow/.local/lib/python3.12/site-packages/airflow/example_dags/example_xcom.py
[2024-11-03T00:50:36.803+0000] {processor.py:914} INFO - Processing file /home/airflow/.local/lib/python3.12/site-packages/airflow/example_dags/example_xcom.py for tasks to queue
[2024-11-03T00:50:36.805+0000] {logging_mixin.py:190} INFO - [2024-11-03T00:50:36.805+0000] {dagbag.py:588} INFO - Filling up the DagBag from /home/airflow/.local/lib/python3.12/site-packages/airflow/example_dags/example_xcom.py
[2024-11-03T00:50:36.813+0000] {processor.py:925} INFO - DAG(s) 'example_xcom' retrieved from /home/airflow/.local/lib/python3.12/site-packages/airflow/example_dags/example_xcom.py
[2024-11-03T00:50:36.838+0000] {logging_mixin.py:190} INFO - [2024-11-03T00:50:36.837+0000] {dag.py:3239} INFO - Sync 1 DAGs
[2024-11-03T00:50:36.860+0000] {logging_mixin.py:190} INFO - [2024-11-03T00:50:36.860+0000] {dag.py:4180} INFO - Setting next_dagrun for example_xcom to 2021-01-01 00:00:00+00:00, run_after=2021-01-01 00:00:00+00:00
[2024-11-03T00:50:36.878+0000] {processor.py:208} INFO - Processing /home/airflow/.local/lib/python3.12/site-packages/airflow/example_dags/example_xcom.py took 0.082 seconds
[2024-11-03T00:51:07.185+0000] {processor.py:186} INFO - Started process (PID=462) to work on /home/airflow/.local/lib/python3.12/site-packages/airflow/example_dags/example_xcom.py
[2024-11-03T00:51:07.185+0000] {processor.py:914} INFO - Processing file /home/airflow/.local/lib/python3.12/site-packages/airflow/example_dags/example_xcom.py for tasks to queue
[2024-11-03T00:51:07.187+0000] {logging_mixin.py:190} INFO - [2024-11-03T00:51:07.187+0000] {dagbag.py:588} INFO - Filling up the DagBag from /home/airflow/.local/lib/python3.12/site-packages/airflow/example_dags/example_xcom.py
[2024-11-03T00:51:07.195+0000] {processor.py:925} INFO - DAG(s) 'example_xcom' retrieved from /home/airflow/.local/lib/python3.12/site-packages/airflow/example_dags/example_xcom.py
[2024-11-03T00:51:07.214+0000] {logging_mixin.py:190} INFO - [2024-11-03T00:51:07.214+0000] {dag.py:3239} INFO - Sync 1 DAGs
[2024-11-03T00:51:07.234+0000] {logging_mixin.py:190} INFO - [2024-11-03T00:51:07.234+0000] {dag.py:4180} INFO - Setting next_dagrun for example_xcom to 2021-01-01 00:00:00+00:00, run_after=2021-01-01 00:00:00+00:00
[2024-11-03T00:51:07.250+0000] {processor.py:208} INFO - Processing /home/airflow/.local/lib/python3.12/site-packages/airflow/example_dags/example_xcom.py took 0.069 seconds
[2024-11-03T00:51:37.638+0000] {processor.py:186} INFO - Started process (PID=525) to work on /home/airflow/.local/lib/python3.12/site-packages/airflow/example_dags/example_xcom.py
[2024-11-03T00:51:37.639+0000] {processor.py:914} INFO - Processing file /home/airflow/.local/lib/python3.12/site-packages/airflow/example_dags/example_xcom.py for tasks to queue
[2024-11-03T00:51:37.641+0000] {logging_mixin.py:190} INFO - [2024-11-03T00:51:37.641+0000] {dagbag.py:588} INFO - Filling up the DagBag from /home/airflow/.local/lib/python3.12/site-packages/airflow/example_dags/example_xcom.py
[2024-11-03T00:51:37.649+0000] {processor.py:925} INFO - DAG(s) 'example_xcom' retrieved from /home/airflow/.local/lib/python3.12/site-packages/airflow/example_dags/example_xcom.py
[2024-11-03T00:51:37.667+0000] {logging_mixin.py:190} INFO - [2024-11-03T00:51:37.667+0000] {dag.py:3239} INFO - Sync 1 DAGs
[2024-11-03T00:51:37.687+0000] {logging_mixin.py:190} INFO - [2024-11-03T00:51:37.687+0000] {dag.py:4180} INFO - Setting next_dagrun for example_xcom to 2021-01-01 00:00:00+00:00, run_after=2021-01-01 00:00:00+00:00
[2024-11-03T00:51:37.702+0000] {processor.py:208} INFO - Processing /home/airflow/.local/lib/python3.12/site-packages/airflow/example_dags/example_xcom.py took 0.069 seconds
[2024-11-03T00:52:08.108+0000] {processor.py:186} INFO - Started process (PID=588) to work on /home/airflow/.local/lib/python3.12/site-packages/airflow/example_dags/example_xcom.py
[2024-11-03T00:52:08.108+0000] {processor.py:914} INFO - Processing file /home/airflow/.local/lib/python3.12/site-packages/airflow/example_dags/example_xcom.py for tasks to queue
[2024-11-03T00:52:08.111+0000] {logging_mixin.py:190} INFO - [2024-11-03T00:52:08.110+0000] {dagbag.py:588} INFO - Filling up the DagBag from /home/airflow/.local/lib/python3.12/site-packages/airflow/example_dags/example_xcom.py
[2024-11-03T00:52:08.118+0000] {processor.py:925} INFO - DAG(s) 'example_xcom' retrieved from /home/airflow/.local/lib/python3.12/site-packages/airflow/example_dags/example_xcom.py
[2024-11-03T00:52:08.136+0000] {logging_mixin.py:190} INFO - [2024-11-03T00:52:08.136+0000] {dag.py:3239} INFO - Sync 1 DAGs
[2024-11-03T00:52:08.155+0000] {logging_mixin.py:190} INFO - [2024-11-03T00:52:08.155+0000] {dag.py:4180} INFO - Setting next_dagrun for example_xcom to 2021-01-01 00:00:00+00:00, run_after=2021-01-01 00:00:00+00:00
[2024-11-03T00:52:08.170+0000] {processor.py:208} INFO - Processing /home/airflow/.local/lib/python3.12/site-packages/airflow/example_dags/example_xcom.py took 0.067 seconds
[2024-11-03T00:52:38.473+0000] {processor.py:186} INFO - Started process (PID=651) to work on /home/airflow/.local/lib/python3.12/site-packages/airflow/example_dags/example_xcom.py
[2024-11-03T00:52:38.474+0000] {processor.py:914} INFO - Processing file /home/airflow/.local/lib/python3.12/site-packages/airflow/example_dags/example_xcom.py for tasks to queue
[2024-11-03T00:52:38.476+0000] {logging_mixin.py:190} INFO - [2024-11-03T00:52:38.476+0000] {dagbag.py:588} INFO - Filling up the DagBag from /home/airflow/.local/lib/python3.12/site-packages/airflow/example_dags/example_xcom.py
[2024-11-03T00:52:38.484+0000] {processor.py:925} INFO - DAG(s) 'example_xcom' retrieved from /home/airflow/.local/lib/python3.12/site-packages/airflow/example_dags/example_xcom.py
[2024-11-03T00:52:38.503+0000] {logging_mixin.py:190} INFO - [2024-11-03T00:52:38.502+0000] {dag.py:3239} INFO - Sync 1 DAGs
[2024-11-03T00:52:38.521+0000] {logging_mixin.py:190} INFO - [2024-11-03T00:52:38.521+0000] {dag.py:4180} INFO - Setting next_dagrun for example_xcom to 2021-01-01 00:00:00+00:00, run_after=2021-01-01 00:00:00+00:00
[2024-11-03T00:52:38.537+0000] {processor.py:208} INFO - Processing /home/airflow/.local/lib/python3.12/site-packages/airflow/example_dags/example_xcom.py took 0.068 seconds
[2024-11-03T00:53:08.816+0000] {processor.py:186} INFO - Started process (PID=714) to work on /home/airflow/.local/lib/python3.12/site-packages/airflow/example_dags/example_xcom.py
[2024-11-03T00:53:08.817+0000] {processor.py:914} INFO - Processing file /home/airflow/.local/lib/python3.12/site-packages/airflow/example_dags/example_xcom.py for tasks to queue
[2024-11-03T00:53:08.819+0000] {logging_mixin.py:190} INFO - [2024-11-03T00:53:08.819+0000] {dagbag.py:588} INFO - Filling up the DagBag from /home/airflow/.local/lib/python3.12/site-packages/airflow/example_dags/example_xcom.py
[2024-11-03T00:53:08.828+0000] {processor.py:925} INFO - DAG(s) 'example_xcom' retrieved from /home/airflow/.local/lib/python3.12/site-packages/airflow/example_dags/example_xcom.py
[2024-11-03T00:53:08.846+0000] {logging_mixin.py:190} INFO - [2024-11-03T00:53:08.846+0000] {dag.py:3239} INFO - Sync 1 DAGs
[2024-11-03T00:53:08.869+0000] {logging_mixin.py:190} INFO - [2024-11-03T00:53:08.869+0000] {dag.py:4180} INFO - Setting next_dagrun for example_xcom to 2021-01-01 00:00:00+00:00, run_after=2021-01-01 00:00:00+00:00
[2024-11-03T00:53:08.891+0000] {processor.py:208} INFO - Processing /home/airflow/.local/lib/python3.12/site-packages/airflow/example_dags/example_xcom.py took 0.080 seconds
[2024-11-03T00:53:39.078+0000] {processor.py:186} INFO - Started process (PID=777) to work on /home/airflow/.local/lib/python3.12/site-packages/airflow/example_dags/example_xcom.py
[2024-11-03T00:53:39.079+0000] {processor.py:914} INFO - Processing file /home/airflow/.local/lib/python3.12/site-packages/airflow/example_dags/example_xcom.py for tasks to queue
[2024-11-03T00:53:39.081+0000] {logging_mixin.py:190} INFO - [2024-11-03T00:53:39.081+0000] {dagbag.py:588} INFO - Filling up the DagBag from /home/airflow/.local/lib/python3.12/site-packages/airflow/example_dags/example_xcom.py
[2024-11-03T00:53:39.089+0000] {processor.py:925} INFO - DAG(s) 'example_xcom' retrieved from /home/airflow/.local/lib/python3.12/site-packages/airflow/example_dags/example_xcom.py
[2024-11-03T00:53:39.107+0000] {logging_mixin.py:190} INFO - [2024-11-03T00:53:39.107+0000] {dag.py:3239} INFO - Sync 1 DAGs
[2024-11-03T00:53:39.128+0000] {logging_mixin.py:190} INFO - [2024-11-03T00:53:39.127+0000] {dag.py:4180} INFO - Setting next_dagrun for example_xcom to 2021-01-01 00:00:00+00:00, run_after=2021-01-01 00:00:00+00:00
[2024-11-03T00:53:39.144+0000] {processor.py:208} INFO - Processing /home/airflow/.local/lib/python3.12/site-packages/airflow/example_dags/example_xcom.py took 0.071 seconds
[2024-11-03T00:54:09.469+0000] {processor.py:186} INFO - Started process (PID=840) to work on /home/airflow/.local/lib/python3.12/site-packages/airflow/example_dags/example_xcom.py
[2024-11-03T00:54:09.469+0000] {processor.py:914} INFO - Processing file /home/airflow/.local/lib/python3.12/site-packages/airflow/example_dags/example_xcom.py for tasks to queue
[2024-11-03T00:54:09.471+0000] {logging_mixin.py:190} INFO - [2024-11-03T00:54:09.471+0000] {dagbag.py:588} INFO - Filling up the DagBag from /home/airflow/.local/lib/python3.12/site-packages/airflow/example_dags/example_xcom.py
[2024-11-03T00:54:09.479+0000] {processor.py:925} INFO - DAG(s) 'example_xcom' retrieved from /home/airflow/.local/lib/python3.12/site-packages/airflow/example_dags/example_xcom.py
[2024-11-03T00:54:09.498+0000] {logging_mixin.py:190} INFO - [2024-11-03T00:54:09.498+0000] {dag.py:3239} INFO - Sync 1 DAGs
[2024-11-03T00:54:09.518+0000] {logging_mixin.py:190} INFO - [2024-11-03T00:54:09.517+0000] {dag.py:4180} INFO - Setting next_dagrun for example_xcom to 2021-01-01 00:00:00+00:00, run_after=2021-01-01 00:00:00+00:00
[2024-11-03T00:54:09.534+0000] {processor.py:208} INFO - Processing /home/airflow/.local/lib/python3.12/site-packages/airflow/example_dags/example_xcom.py took 0.071 seconds
[2024-11-03T00:54:39.713+0000] {processor.py:186} INFO - Started process (PID=903) to work on /home/airflow/.local/lib/python3.12/site-packages/airflow/example_dags/example_xcom.py
[2024-11-03T00:54:39.714+0000] {processor.py:914} INFO - Processing file /home/airflow/.local/lib/python3.12/site-packages/airflow/example_dags/example_xcom.py for tasks to queue
[2024-11-03T00:54:39.716+0000] {logging_mixin.py:190} INFO - [2024-11-03T00:54:39.716+0000] {dagbag.py:588} INFO - Filling up the DagBag from /home/airflow/.local/lib/python3.12/site-packages/airflow/example_dags/example_xcom.py
[2024-11-03T00:54:39.724+0000] {processor.py:925} INFO - DAG(s) 'example_xcom' retrieved from /home/airflow/.local/lib/python3.12/site-packages/airflow/example_dags/example_xcom.py
[2024-11-03T00:54:39.743+0000] {logging_mixin.py:190} INFO - [2024-11-03T00:54:39.742+0000] {dag.py:3239} INFO - Sync 1 DAGs
[2024-11-03T00:54:39.761+0000] {logging_mixin.py:190} INFO - [2024-11-03T00:54:39.761+0000] {dag.py:4180} INFO - Setting next_dagrun for example_xcom to 2021-01-01 00:00:00+00:00, run_after=2021-01-01 00:00:00+00:00
[2024-11-03T00:54:39.777+0000] {processor.py:208} INFO - Processing /home/airflow/.local/lib/python3.12/site-packages/airflow/example_dags/example_xcom.py took 0.069 seconds
[2024-11-03T00:55:10.041+0000] {processor.py:186} INFO - Started process (PID=966) to work on /home/airflow/.local/lib/python3.12/site-packages/airflow/example_dags/example_xcom.py
[2024-11-03T00:55:10.041+0000] {processor.py:914} INFO - Processing file /home/airflow/.local/lib/python3.12/site-packages/airflow/example_dags/example_xcom.py for tasks to queue
[2024-11-03T00:55:10.043+0000] {logging_mixin.py:190} INFO - [2024-11-03T00:55:10.043+0000] {dagbag.py:588} INFO - Filling up the DagBag from /home/airflow/.local/lib/python3.12/site-packages/airflow/example_dags/example_xcom.py
[2024-11-03T00:55:10.051+0000] {processor.py:925} INFO - DAG(s) 'example_xcom' retrieved from /home/airflow/.local/lib/python3.12/site-packages/airflow/example_dags/example_xcom.py
[2024-11-03T00:55:10.069+0000] {logging_mixin.py:190} INFO - [2024-11-03T00:55:10.069+0000] {dag.py:3239} INFO - Sync 1 DAGs
[2024-11-03T00:55:10.089+0000] {logging_mixin.py:190} INFO - [2024-11-03T00:55:10.088+0000] {dag.py:4180} INFO - Setting next_dagrun for example_xcom to 2021-01-01 00:00:00+00:00, run_after=2021-01-01 00:00:00+00:00
[2024-11-03T00:55:10.109+0000] {processor.py:208} INFO - Processing /home/airflow/.local/lib/python3.12/site-packages/airflow/example_dags/example_xcom.py took 0.073 seconds
[2024-11-03T00:55:40.413+0000] {processor.py:186} INFO - Started process (PID=1029) to work on /home/airflow/.local/lib/python3.12/site-packages/airflow/example_dags/example_xcom.py
[2024-11-03T00:55:40.414+0000] {processor.py:914} INFO - Processing file /home/airflow/.local/lib/python3.12/site-packages/airflow/example_dags/example_xcom.py for tasks to queue
[2024-11-03T00:55:40.416+0000] {logging_mixin.py:190} INFO - [2024-11-03T00:55:40.416+0000] {dagbag.py:588} INFO - Filling up the DagBag from /home/airflow/.local/lib/python3.12/site-packages/airflow/example_dags/example_xcom.py
[2024-11-03T00:55:40.425+0000] {processor.py:925} INFO - DAG(s) 'example_xcom' retrieved from /home/airflow/.local/lib/python3.12/site-packages/airflow/example_dags/example_xcom.py
[2024-11-03T00:55:40.446+0000] {logging_mixin.py:190} INFO - [2024-11-03T00:55:40.445+0000] {dag.py:3239} INFO - Sync 1 DAGs
[2024-11-03T00:55:40.468+0000] {logging_mixin.py:190} INFO - [2024-11-03T00:55:40.467+0000] {dag.py:4180} INFO - Setting next_dagrun for example_xcom to 2021-01-01 00:00:00+00:00, run_after=2021-01-01 00:00:00+00:00
[2024-11-03T00:55:40.488+0000] {processor.py:208} INFO - Processing /home/airflow/.local/lib/python3.12/site-packages/airflow/example_dags/example_xcom.py took 0.080 seconds
[2024-11-03T00:56:11.050+0000] {processor.py:186} INFO - Started process (PID=1092) to work on /home/airflow/.local/lib/python3.12/site-packages/airflow/example_dags/example_xcom.py
[2024-11-03T00:56:11.051+0000] {processor.py:914} INFO - Processing file /home/airflow/.local/lib/python3.12/site-packages/airflow/example_dags/example_xcom.py for tasks to queue
[2024-11-03T00:56:11.053+0000] {logging_mixin.py:190} INFO - [2024-11-03T00:56:11.053+0000] {dagbag.py:588} INFO - Filling up the DagBag from /home/airflow/.local/lib/python3.12/site-packages/airflow/example_dags/example_xcom.py
[2024-11-03T00:56:11.061+0000] {processor.py:925} INFO - DAG(s) 'example_xcom' retrieved from /home/airflow/.local/lib/python3.12/site-packages/airflow/example_dags/example_xcom.py
[2024-11-03T00:56:11.080+0000] {logging_mixin.py:190} INFO - [2024-11-03T00:56:11.080+0000] {dag.py:3239} INFO - Sync 1 DAGs
[2024-11-03T00:56:11.100+0000] {logging_mixin.py:190} INFO - [2024-11-03T00:56:11.100+0000] {dag.py:4180} INFO - Setting next_dagrun for example_xcom to 2021-01-01 00:00:00+00:00, run_after=2021-01-01 00:00:00+00:00
[2024-11-03T00:56:11.116+0000] {processor.py:208} INFO - Processing /home/airflow/.local/lib/python3.12/site-packages/airflow/example_dags/example_xcom.py took 0.071 seconds
[2024-11-03T00:56:41.491+0000] {processor.py:186} INFO - Started process (PID=1155) to work on /home/airflow/.local/lib/python3.12/site-packages/airflow/example_dags/example_xcom.py
[2024-11-03T00:56:41.492+0000] {processor.py:914} INFO - Processing file /home/airflow/.local/lib/python3.12/site-packages/airflow/example_dags/example_xcom.py for tasks to queue
[2024-11-03T00:56:41.494+0000] {logging_mixin.py:190} INFO - [2024-11-03T00:56:41.494+0000] {dagbag.py:588} INFO - Filling up the DagBag from /home/airflow/.local/lib/python3.12/site-packages/airflow/example_dags/example_xcom.py
[2024-11-03T00:56:41.502+0000] {processor.py:925} INFO - DAG(s) 'example_xcom' retrieved from /home/airflow/.local/lib/python3.12/site-packages/airflow/example_dags/example_xcom.py
[2024-11-03T00:56:41.522+0000] {logging_mixin.py:190} INFO - [2024-11-03T00:56:41.522+0000] {dag.py:3239} INFO - Sync 1 DAGs
[2024-11-03T00:56:41.545+0000] {logging_mixin.py:190} INFO - [2024-11-03T00:56:41.545+0000] {dag.py:4180} INFO - Setting next_dagrun for example_xcom to 2021-01-01 00:00:00+00:00, run_after=2021-01-01 00:00:00+00:00
[2024-11-03T00:56:41.561+0000] {processor.py:208} INFO - Processing /home/airflow/.local/lib/python3.12/site-packages/airflow/example_dags/example_xcom.py took 0.075 seconds
[2024-11-03T00:57:11.817+0000] {processor.py:186} INFO - Started process (PID=1218) to work on /home/airflow/.local/lib/python3.12/site-packages/airflow/example_dags/example_xcom.py
[2024-11-03T00:57:11.818+0000] {processor.py:914} INFO - Processing file /home/airflow/.local/lib/python3.12/site-packages/airflow/example_dags/example_xcom.py for tasks to queue
[2024-11-03T00:57:11.820+0000] {logging_mixin.py:190} INFO - [2024-11-03T00:57:11.819+0000] {dagbag.py:588} INFO - Filling up the DagBag from /home/airflow/.local/lib/python3.12/site-packages/airflow/example_dags/example_xcom.py
[2024-11-03T00:57:11.827+0000] {processor.py:925} INFO - DAG(s) 'example_xcom' retrieved from /home/airflow/.local/lib/python3.12/site-packages/airflow/example_dags/example_xcom.py
[2024-11-03T00:57:11.845+0000] {logging_mixin.py:190} INFO - [2024-11-03T00:57:11.844+0000] {dag.py:3239} INFO - Sync 1 DAGs
[2024-11-03T00:57:11.863+0000] {logging_mixin.py:190} INFO - [2024-11-03T00:57:11.863+0000] {dag.py:4180} INFO - Setting next_dagrun for example_xcom to 2021-01-01 00:00:00+00:00, run_after=2021-01-01 00:00:00+00:00
[2024-11-03T00:57:11.878+0000] {processor.py:208} INFO - Processing /home/airflow/.local/lib/python3.12/site-packages/airflow/example_dags/example_xcom.py took 0.066 seconds
[2024-11-03T00:57:42.077+0000] {processor.py:186} INFO - Started process (PID=1281) to work on /home/airflow/.local/lib/python3.12/site-packages/airflow/example_dags/example_xcom.py
[2024-11-03T00:57:42.078+0000] {processor.py:914} INFO - Processing file /home/airflow/.local/lib/python3.12/site-packages/airflow/example_dags/example_xcom.py for tasks to queue
[2024-11-03T00:57:42.080+0000] {logging_mixin.py:190} INFO - [2024-11-03T00:57:42.079+0000] {dagbag.py:588} INFO - Filling up the DagBag from /home/airflow/.local/lib/python3.12/site-packages/airflow/example_dags/example_xcom.py
[2024-11-03T00:57:42.087+0000] {processor.py:925} INFO - DAG(s) 'example_xcom' retrieved from /home/airflow/.local/lib/python3.12/site-packages/airflow/example_dags/example_xcom.py
[2024-11-03T00:57:42.105+0000] {logging_mixin.py:190} INFO - [2024-11-03T00:57:42.105+0000] {dag.py:3239} INFO - Sync 1 DAGs
[2024-11-03T00:57:42.125+0000] {logging_mixin.py:190} INFO - [2024-11-03T00:57:42.124+0000] {dag.py:4180} INFO - Setting next_dagrun for example_xcom to 2021-01-01 00:00:00+00:00, run_after=2021-01-01 00:00:00+00:00
[2024-11-03T00:57:42.140+0000] {processor.py:208} INFO - Processing /home/airflow/.local/lib/python3.12/site-packages/airflow/example_dags/example_xcom.py took 0.069 seconds
[2024-11-03T00:58:12.198+0000] {processor.py:186} INFO - Started process (PID=1344) to work on /home/airflow/.local/lib/python3.12/site-packages/airflow/example_dags/example_xcom.py
[2024-11-03T00:58:12.199+0000] {processor.py:914} INFO - Processing file /home/airflow/.local/lib/python3.12/site-packages/airflow/example_dags/example_xcom.py for tasks to queue
[2024-11-03T00:58:12.201+0000] {logging_mixin.py:190} INFO - [2024-11-03T00:58:12.201+0000] {dagbag.py:588} INFO - Filling up the DagBag from /home/airflow/.local/lib/python3.12/site-packages/airflow/example_dags/example_xcom.py
[2024-11-03T00:58:12.209+0000] {processor.py:925} INFO - DAG(s) 'example_xcom' retrieved from /home/airflow/.local/lib/python3.12/site-packages/airflow/example_dags/example_xcom.py
[2024-11-03T00:58:12.228+0000] {logging_mixin.py:190} INFO - [2024-11-03T00:58:12.228+0000] {dag.py:3239} INFO - Sync 1 DAGs
[2024-11-03T00:58:12.247+0000] {logging_mixin.py:190} INFO - [2024-11-03T00:58:12.246+0000] {dag.py:4180} INFO - Setting next_dagrun for example_xcom to 2021-01-01 00:00:00+00:00, run_after=2021-01-01 00:00:00+00:00
[2024-11-03T00:58:12.261+0000] {processor.py:208} INFO - Processing /home/airflow/.local/lib/python3.12/site-packages/airflow/example_dags/example_xcom.py took 0.067 seconds
[2024-11-03T00:58:42.702+0000] {processor.py:186} INFO - Started process (PID=1407) to work on /home/airflow/.local/lib/python3.12/site-packages/airflow/example_dags/example_xcom.py
[2024-11-03T00:58:42.703+0000] {processor.py:914} INFO - Processing file /home/airflow/.local/lib/python3.12/site-packages/airflow/example_dags/example_xcom.py for tasks to queue
[2024-11-03T00:58:42.705+0000] {logging_mixin.py:190} INFO - [2024-11-03T00:58:42.705+0000] {dagbag.py:588} INFO - Filling up the DagBag from /home/airflow/.local/lib/python3.12/site-packages/airflow/example_dags/example_xcom.py
[2024-11-03T00:58:42.713+0000] {processor.py:925} INFO - DAG(s) 'example_xcom' retrieved from /home/airflow/.local/lib/python3.12/site-packages/airflow/example_dags/example_xcom.py
[2024-11-03T00:58:42.732+0000] {logging_mixin.py:190} INFO - [2024-11-03T00:58:42.732+0000] {dag.py:3239} INFO - Sync 1 DAGs
[2024-11-03T00:58:42.751+0000] {logging_mixin.py:190} INFO - [2024-11-03T00:58:42.750+0000] {dag.py:4180} INFO - Setting next_dagrun for example_xcom to 2021-01-01 00:00:00+00:00, run_after=2021-01-01 00:00:00+00:00
[2024-11-03T00:58:42.766+0000] {processor.py:208} INFO - Processing /home/airflow/.local/lib/python3.12/site-packages/airflow/example_dags/example_xcom.py took 0.068 seconds
[2024-11-03T00:59:13.085+0000] {processor.py:186} INFO - Started process (PID=1470) to work on /home/airflow/.local/lib/python3.12/site-packages/airflow/example_dags/example_xcom.py
[2024-11-03T00:59:13.086+0000] {processor.py:914} INFO - Processing file /home/airflow/.local/lib/python3.12/site-packages/airflow/example_dags/example_xcom.py for tasks to queue
[2024-11-03T00:59:13.088+0000] {logging_mixin.py:190} INFO - [2024-11-03T00:59:13.087+0000] {dagbag.py:588} INFO - Filling up the DagBag from /home/airflow/.local/lib/python3.12/site-packages/airflow/example_dags/example_xcom.py
[2024-11-03T00:59:13.095+0000] {processor.py:925} INFO - DAG(s) 'example_xcom' retrieved from /home/airflow/.local/lib/python3.12/site-packages/airflow/example_dags/example_xcom.py
[2024-11-03T00:59:13.113+0000] {logging_mixin.py:190} INFO - [2024-11-03T00:59:13.113+0000] {dag.py:3239} INFO - Sync 1 DAGs
[2024-11-03T00:59:13.132+0000] {logging_mixin.py:190} INFO - [2024-11-03T00:59:13.131+0000] {dag.py:4180} INFO - Setting next_dagrun for example_xcom to 2021-01-01 00:00:00+00:00, run_after=2021-01-01 00:00:00+00:00
[2024-11-03T00:59:13.147+0000] {processor.py:208} INFO - Processing /home/airflow/.local/lib/python3.12/site-packages/airflow/example_dags/example_xcom.py took 0.067 seconds
[2024-11-03T00:59:43.392+0000] {processor.py:186} INFO - Started process (PID=1533) to work on /home/airflow/.local/lib/python3.12/site-packages/airflow/example_dags/example_xcom.py
[2024-11-03T00:59:43.393+0000] {processor.py:914} INFO - Processing file /home/airflow/.local/lib/python3.12/site-packages/airflow/example_dags/example_xcom.py for tasks to queue
[2024-11-03T00:59:43.395+0000] {logging_mixin.py:190} INFO - [2024-11-03T00:59:43.394+0000] {dagbag.py:588} INFO - Filling up the DagBag from /home/airflow/.local/lib/python3.12/site-packages/airflow/example_dags/example_xcom.py
[2024-11-03T00:59:43.402+0000] {processor.py:925} INFO - DAG(s) 'example_xcom' retrieved from /home/airflow/.local/lib/python3.12/site-packages/airflow/example_dags/example_xcom.py
[2024-11-03T00:59:43.420+0000] {logging_mixin.py:190} INFO - [2024-11-03T00:59:43.420+0000] {dag.py:3239} INFO - Sync 1 DAGs
[2024-11-03T00:59:43.438+0000] {logging_mixin.py:190} INFO - [2024-11-03T00:59:43.438+0000] {dag.py:4180} INFO - Setting next_dagrun for example_xcom to 2021-01-01 00:00:00+00:00, run_after=2021-01-01 00:00:00+00:00
[2024-11-03T00:59:43.453+0000] {processor.py:208} INFO - Processing /home/airflow/.local/lib/python3.12/site-packages/airflow/example_dags/example_xcom.py took 0.066 seconds
[2024-11-03T01:00:14.008+0000] {processor.py:186} INFO - Started process (PID=1596) to work on /home/airflow/.local/lib/python3.12/site-packages/airflow/example_dags/example_xcom.py
[2024-11-03T01:00:14.009+0000] {processor.py:914} INFO - Processing file /home/airflow/.local/lib/python3.12/site-packages/airflow/example_dags/example_xcom.py for tasks to queue
[2024-11-03T01:00:14.011+0000] {logging_mixin.py:190} INFO - [2024-11-03T01:00:14.010+0000] {dagbag.py:588} INFO - Filling up the DagBag from /home/airflow/.local/lib/python3.12/site-packages/airflow/example_dags/example_xcom.py
[2024-11-03T01:00:14.018+0000] {processor.py:925} INFO - DAG(s) 'example_xcom' retrieved from /home/airflow/.local/lib/python3.12/site-packages/airflow/example_dags/example_xcom.py
[2024-11-03T01:00:14.038+0000] {logging_mixin.py:190} INFO - [2024-11-03T01:00:14.037+0000] {dag.py:3239} INFO - Sync 1 DAGs
[2024-11-03T01:00:14.057+0000] {logging_mixin.py:190} INFO - [2024-11-03T01:00:14.056+0000] {dag.py:4180} INFO - Setting next_dagrun for example_xcom to 2021-01-01 00:00:00+00:00, run_after=2021-01-01 00:00:00+00:00
[2024-11-03T01:00:14.073+0000] {processor.py:208} INFO - Processing /home/airflow/.local/lib/python3.12/site-packages/airflow/example_dags/example_xcom.py took 0.071 seconds
[2024-11-03T01:00:44.317+0000] {processor.py:186} INFO - Started process (PID=1659) to work on /home/airflow/.local/lib/python3.12/site-packages/airflow/example_dags/example_xcom.py
[2024-11-03T01:00:44.317+0000] {processor.py:914} INFO - Processing file /home/airflow/.local/lib/python3.12/site-packages/airflow/example_dags/example_xcom.py for tasks to queue
[2024-11-03T01:00:44.319+0000] {logging_mixin.py:190} INFO - [2024-11-03T01:00:44.319+0000] {dagbag.py:588} INFO - Filling up the DagBag from /home/airflow/.local/lib/python3.12/site-packages/airflow/example_dags/example_xcom.py
[2024-11-03T01:00:44.327+0000] {processor.py:925} INFO - DAG(s) 'example_xcom' retrieved from /home/airflow/.local/lib/python3.12/site-packages/airflow/example_dags/example_xcom.py
[2024-11-03T01:00:44.347+0000] {logging_mixin.py:190} INFO - [2024-11-03T01:00:44.347+0000] {dag.py:3239} INFO - Sync 1 DAGs
[2024-11-03T01:00:44.368+0000] {logging_mixin.py:190} INFO - [2024-11-03T01:00:44.368+0000] {dag.py:4180} INFO - Setting next_dagrun for example_xcom to 2021-01-01 00:00:00+00:00, run_after=2021-01-01 00:00:00+00:00
[2024-11-03T01:00:44.384+0000] {processor.py:208} INFO - Processing /home/airflow/.local/lib/python3.12/site-packages/airflow/example_dags/example_xcom.py took 0.072 seconds
[2024-11-03T01:01:14.802+0000] {processor.py:186} INFO - Started process (PID=1722) to work on /home/airflow/.local/lib/python3.12/site-packages/airflow/example_dags/example_xcom.py
[2024-11-03T01:01:14.803+0000] {processor.py:914} INFO - Processing file /home/airflow/.local/lib/python3.12/site-packages/airflow/example_dags/example_xcom.py for tasks to queue
[2024-11-03T01:01:14.804+0000] {logging_mixin.py:190} INFO - [2024-11-03T01:01:14.804+0000] {dagbag.py:588} INFO - Filling up the DagBag from /home/airflow/.local/lib/python3.12/site-packages/airflow/example_dags/example_xcom.py
[2024-11-03T01:01:14.812+0000] {processor.py:925} INFO - DAG(s) 'example_xcom' retrieved from /home/airflow/.local/lib/python3.12/site-packages/airflow/example_dags/example_xcom.py
[2024-11-03T01:01:14.830+0000] {logging_mixin.py:190} INFO - [2024-11-03T01:01:14.830+0000] {dag.py:3239} INFO - Sync 1 DAGs
[2024-11-03T01:01:14.850+0000] {logging_mixin.py:190} INFO - [2024-11-03T01:01:14.849+0000] {dag.py:4180} INFO - Setting next_dagrun for example_xcom to 2021-01-01 00:00:00+00:00, run_after=2021-01-01 00:00:00+00:00
[2024-11-03T01:01:14.869+0000] {processor.py:208} INFO - Processing /home/airflow/.local/lib/python3.12/site-packages/airflow/example_dags/example_xcom.py took 0.072 seconds
[2024-11-03T01:01:45.369+0000] {processor.py:186} INFO - Started process (PID=1785) to work on /home/airflow/.local/lib/python3.12/site-packages/airflow/example_dags/example_xcom.py
[2024-11-03T01:01:45.370+0000] {processor.py:914} INFO - Processing file /home/airflow/.local/lib/python3.12/site-packages/airflow/example_dags/example_xcom.py for tasks to queue
[2024-11-03T01:01:45.371+0000] {logging_mixin.py:190} INFO - [2024-11-03T01:01:45.371+0000] {dagbag.py:588} INFO - Filling up the DagBag from /home/airflow/.local/lib/python3.12/site-packages/airflow/example_dags/example_xcom.py
[2024-11-03T01:01:45.379+0000] {processor.py:925} INFO - DAG(s) 'example_xcom' retrieved from /home/airflow/.local/lib/python3.12/site-packages/airflow/example_dags/example_xcom.py
[2024-11-03T01:01:45.397+0000] {logging_mixin.py:190} INFO - [2024-11-03T01:01:45.397+0000] {dag.py:3239} INFO - Sync 1 DAGs
[2024-11-03T01:01:45.416+0000] {logging_mixin.py:190} INFO - [2024-11-03T01:01:45.415+0000] {dag.py:4180} INFO - Setting next_dagrun for example_xcom to 2021-01-01 00:00:00+00:00, run_after=2021-01-01 00:00:00+00:00
[2024-11-03T01:01:45.431+0000] {processor.py:208} INFO - Processing /home/airflow/.local/lib/python3.12/site-packages/airflow/example_dags/example_xcom.py took 0.067 seconds
[2024-11-03T01:02:15.746+0000] {processor.py:186} INFO - Started process (PID=1848) to work on /home/airflow/.local/lib/python3.12/site-packages/airflow/example_dags/example_xcom.py
[2024-11-03T01:02:15.747+0000] {processor.py:914} INFO - Processing file /home/airflow/.local/lib/python3.12/site-packages/airflow/example_dags/example_xcom.py for tasks to queue
[2024-11-03T01:02:15.749+0000] {logging_mixin.py:190} INFO - [2024-11-03T01:02:15.749+0000] {dagbag.py:588} INFO - Filling up the DagBag from /home/airflow/.local/lib/python3.12/site-packages/airflow/example_dags/example_xcom.py
[2024-11-03T01:02:15.757+0000] {processor.py:925} INFO - DAG(s) 'example_xcom' retrieved from /home/airflow/.local/lib/python3.12/site-packages/airflow/example_dags/example_xcom.py
[2024-11-03T01:02:15.775+0000] {logging_mixin.py:190} INFO - [2024-11-03T01:02:15.775+0000] {dag.py:3239} INFO - Sync 1 DAGs
[2024-11-03T01:02:15.794+0000] {logging_mixin.py:190} INFO - [2024-11-03T01:02:15.794+0000] {dag.py:4180} INFO - Setting next_dagrun for example_xcom to 2021-01-01 00:00:00+00:00, run_after=2021-01-01 00:00:00+00:00
[2024-11-03T01:02:15.809+0000] {processor.py:208} INFO - Processing /home/airflow/.local/lib/python3.12/site-packages/airflow/example_dags/example_xcom.py took 0.067 seconds
[2024-11-03T01:02:46.025+0000] {processor.py:186} INFO - Started process (PID=1911) to work on /home/airflow/.local/lib/python3.12/site-packages/airflow/example_dags/example_xcom.py
[2024-11-03T01:02:46.026+0000] {processor.py:914} INFO - Processing file /home/airflow/.local/lib/python3.12/site-packages/airflow/example_dags/example_xcom.py for tasks to queue
[2024-11-03T01:02:46.027+0000] {logging_mixin.py:190} INFO - [2024-11-03T01:02:46.027+0000] {dagbag.py:588} INFO - Filling up the DagBag from /home/airflow/.local/lib/python3.12/site-packages/airflow/example_dags/example_xcom.py
[2024-11-03T01:02:46.035+0000] {processor.py:925} INFO - DAG(s) 'example_xcom' retrieved from /home/airflow/.local/lib/python3.12/site-packages/airflow/example_dags/example_xcom.py
[2024-11-03T01:02:46.053+0000] {logging_mixin.py:190} INFO - [2024-11-03T01:02:46.053+0000] {dag.py:3239} INFO - Sync 1 DAGs
[2024-11-03T01:02:46.072+0000] {logging_mixin.py:190} INFO - [2024-11-03T01:02:46.072+0000] {dag.py:4180} INFO - Setting next_dagrun for example_xcom to 2021-01-01 00:00:00+00:00, run_after=2021-01-01 00:00:00+00:00
[2024-11-03T01:02:46.087+0000] {processor.py:208} INFO - Processing /home/airflow/.local/lib/python3.12/site-packages/airflow/example_dags/example_xcom.py took 0.067 seconds
[2024-11-03T01:03:16.433+0000] {processor.py:186} INFO - Started process (PID=1974) to work on /home/airflow/.local/lib/python3.12/site-packages/airflow/example_dags/example_xcom.py
[2024-11-03T01:03:16.434+0000] {processor.py:914} INFO - Processing file /home/airflow/.local/lib/python3.12/site-packages/airflow/example_dags/example_xcom.py for tasks to queue
[2024-11-03T01:03:16.435+0000] {logging_mixin.py:190} INFO - [2024-11-03T01:03:16.435+0000] {dagbag.py:588} INFO - Filling up the DagBag from /home/airflow/.local/lib/python3.12/site-packages/airflow/example_dags/example_xcom.py
[2024-11-03T01:03:16.443+0000] {processor.py:925} INFO - DAG(s) 'example_xcom' retrieved from /home/airflow/.local/lib/python3.12/site-packages/airflow/example_dags/example_xcom.py
[2024-11-03T01:03:16.461+0000] {logging_mixin.py:190} INFO - [2024-11-03T01:03:16.461+0000] {dag.py:3239} INFO - Sync 1 DAGs
[2024-11-03T01:03:16.481+0000] {logging_mixin.py:190} INFO - [2024-11-03T01:03:16.480+0000] {dag.py:4180} INFO - Setting next_dagrun for example_xcom to 2021-01-01 00:00:00+00:00, run_after=2021-01-01 00:00:00+00:00
[2024-11-03T01:03:16.495+0000] {processor.py:208} INFO - Processing /home/airflow/.local/lib/python3.12/site-packages/airflow/example_dags/example_xcom.py took 0.067 seconds
[2024-11-03T01:03:47.050+0000] {processor.py:186} INFO - Started process (PID=2037) to work on /home/airflow/.local/lib/python3.12/site-packages/airflow/example_dags/example_xcom.py
[2024-11-03T01:03:47.052+0000] {processor.py:914} INFO - Processing file /home/airflow/.local/lib/python3.12/site-packages/airflow/example_dags/example_xcom.py for tasks to queue
[2024-11-03T01:03:47.054+0000] {logging_mixin.py:190} INFO - [2024-11-03T01:03:47.053+0000] {dagbag.py:588} INFO - Filling up the DagBag from /home/airflow/.local/lib/python3.12/site-packages/airflow/example_dags/example_xcom.py
[2024-11-03T01:03:47.061+0000] {processor.py:925} INFO - DAG(s) 'example_xcom' retrieved from /home/airflow/.local/lib/python3.12/site-packages/airflow/example_dags/example_xcom.py
[2024-11-03T01:03:47.081+0000] {logging_mixin.py:190} INFO - [2024-11-03T01:03:47.080+0000] {dag.py:3239} INFO - Sync 1 DAGs
[2024-11-03T01:03:47.101+0000] {logging_mixin.py:190} INFO - [2024-11-03T01:03:47.101+0000] {dag.py:4180} INFO - Setting next_dagrun for example_xcom to 2021-01-01 00:00:00+00:00, run_after=2021-01-01 00:00:00+00:00
[2024-11-03T01:03:47.118+0000] {processor.py:208} INFO - Processing /home/airflow/.local/lib/python3.12/site-packages/airflow/example_dags/example_xcom.py took 0.073 seconds
[2024-11-03T01:04:17.948+0000] {processor.py:186} INFO - Started process (PID=2100) to work on /home/airflow/.local/lib/python3.12/site-packages/airflow/example_dags/example_xcom.py
[2024-11-03T01:04:17.950+0000] {processor.py:914} INFO - Processing file /home/airflow/.local/lib/python3.12/site-packages/airflow/example_dags/example_xcom.py for tasks to queue
[2024-11-03T01:04:17.952+0000] {logging_mixin.py:190} INFO - [2024-11-03T01:04:17.951+0000] {dagbag.py:588} INFO - Filling up the DagBag from /home/airflow/.local/lib/python3.12/site-packages/airflow/example_dags/example_xcom.py
[2024-11-03T01:04:17.959+0000] {processor.py:925} INFO - DAG(s) 'example_xcom' retrieved from /home/airflow/.local/lib/python3.12/site-packages/airflow/example_dags/example_xcom.py
[2024-11-03T01:04:17.978+0000] {logging_mixin.py:190} INFO - [2024-11-03T01:04:17.978+0000] {dag.py:3239} INFO - Sync 1 DAGs
[2024-11-03T01:04:17.999+0000] {logging_mixin.py:190} INFO - [2024-11-03T01:04:17.998+0000] {dag.py:4180} INFO - Setting next_dagrun for example_xcom to 2021-01-01 00:00:00+00:00, run_after=2021-01-01 00:00:00+00:00
[2024-11-03T01:04:18.014+0000] {processor.py:208} INFO - Processing /home/airflow/.local/lib/python3.12/site-packages/airflow/example_dags/example_xcom.py took 0.070 seconds
[2024-11-03T01:04:48.578+0000] {processor.py:186} INFO - Started process (PID=2163) to work on /home/airflow/.local/lib/python3.12/site-packages/airflow/example_dags/example_xcom.py
[2024-11-03T01:04:48.579+0000] {processor.py:914} INFO - Processing file /home/airflow/.local/lib/python3.12/site-packages/airflow/example_dags/example_xcom.py for tasks to queue
[2024-11-03T01:04:48.581+0000] {logging_mixin.py:190} INFO - [2024-11-03T01:04:48.580+0000] {dagbag.py:588} INFO - Filling up the DagBag from /home/airflow/.local/lib/python3.12/site-packages/airflow/example_dags/example_xcom.py
[2024-11-03T01:04:48.589+0000] {processor.py:925} INFO - DAG(s) 'example_xcom' retrieved from /home/airflow/.local/lib/python3.12/site-packages/airflow/example_dags/example_xcom.py
[2024-11-03T01:04:48.607+0000] {logging_mixin.py:190} INFO - [2024-11-03T01:04:48.607+0000] {dag.py:3239} INFO - Sync 1 DAGs
[2024-11-03T01:04:48.627+0000] {logging_mixin.py:190} INFO - [2024-11-03T01:04:48.627+0000] {dag.py:4180} INFO - Setting next_dagrun for example_xcom to 2021-01-01 00:00:00+00:00, run_after=2021-01-01 00:00:00+00:00
[2024-11-03T01:04:48.642+0000] {processor.py:208} INFO - Processing /home/airflow/.local/lib/python3.12/site-packages/airflow/example_dags/example_xcom.py took 0.069 seconds
[2024-11-03T01:05:19.163+0000] {processor.py:186} INFO - Started process (PID=2226) to work on /home/airflow/.local/lib/python3.12/site-packages/airflow/example_dags/example_xcom.py
[2024-11-03T01:05:19.164+0000] {processor.py:914} INFO - Processing file /home/airflow/.local/lib/python3.12/site-packages/airflow/example_dags/example_xcom.py for tasks to queue
[2024-11-03T01:05:19.166+0000] {logging_mixin.py:190} INFO - [2024-11-03T01:05:19.165+0000] {dagbag.py:588} INFO - Filling up the DagBag from /home/airflow/.local/lib/python3.12/site-packages/airflow/example_dags/example_xcom.py
[2024-11-03T01:05:19.174+0000] {processor.py:925} INFO - DAG(s) 'example_xcom' retrieved from /home/airflow/.local/lib/python3.12/site-packages/airflow/example_dags/example_xcom.py
[2024-11-03T01:05:19.192+0000] {logging_mixin.py:190} INFO - [2024-11-03T01:05:19.192+0000] {dag.py:3239} INFO - Sync 1 DAGs
[2024-11-03T01:05:19.211+0000] {logging_mixin.py:190} INFO - [2024-11-03T01:05:19.210+0000] {dag.py:4180} INFO - Setting next_dagrun for example_xcom to 2021-01-01 00:00:00+00:00, run_after=2021-01-01 00:00:00+00:00
[2024-11-03T01:05:19.225+0000] {processor.py:208} INFO - Processing /home/airflow/.local/lib/python3.12/site-packages/airflow/example_dags/example_xcom.py took 0.067 seconds
[2024-11-03T01:05:49.779+0000] {processor.py:186} INFO - Started process (PID=2289) to work on /home/airflow/.local/lib/python3.12/site-packages/airflow/example_dags/example_xcom.py
[2024-11-03T01:05:49.780+0000] {processor.py:914} INFO - Processing file /home/airflow/.local/lib/python3.12/site-packages/airflow/example_dags/example_xcom.py for tasks to queue
[2024-11-03T01:05:49.782+0000] {logging_mixin.py:190} INFO - [2024-11-03T01:05:49.782+0000] {dagbag.py:588} INFO - Filling up the DagBag from /home/airflow/.local/lib/python3.12/site-packages/airflow/example_dags/example_xcom.py
[2024-11-03T01:05:49.790+0000] {processor.py:925} INFO - DAG(s) 'example_xcom' retrieved from /home/airflow/.local/lib/python3.12/site-packages/airflow/example_dags/example_xcom.py
[2024-11-03T01:05:49.807+0000] {logging_mixin.py:190} INFO - [2024-11-03T01:05:49.807+0000] {dag.py:3239} INFO - Sync 1 DAGs
[2024-11-03T01:05:49.826+0000] {logging_mixin.py:190} INFO - [2024-11-03T01:05:49.826+0000] {dag.py:4180} INFO - Setting next_dagrun for example_xcom to 2021-01-01 00:00:00+00:00, run_after=2021-01-01 00:00:00+00:00
[2024-11-03T01:05:49.840+0000] {processor.py:208} INFO - Processing /home/airflow/.local/lib/python3.12/site-packages/airflow/example_dags/example_xcom.py took 0.065 seconds
[2024-11-03T01:06:20.403+0000] {processor.py:186} INFO - Started process (PID=2352) to work on /home/airflow/.local/lib/python3.12/site-packages/airflow/example_dags/example_xcom.py
[2024-11-03T01:06:20.404+0000] {processor.py:914} INFO - Processing file /home/airflow/.local/lib/python3.12/site-packages/airflow/example_dags/example_xcom.py for tasks to queue
[2024-11-03T01:06:20.406+0000] {logging_mixin.py:190} INFO - [2024-11-03T01:06:20.406+0000] {dagbag.py:588} INFO - Filling up the DagBag from /home/airflow/.local/lib/python3.12/site-packages/airflow/example_dags/example_xcom.py
[2024-11-03T01:06:20.413+0000] {processor.py:925} INFO - DAG(s) 'example_xcom' retrieved from /home/airflow/.local/lib/python3.12/site-packages/airflow/example_dags/example_xcom.py
[2024-11-03T01:06:20.432+0000] {logging_mixin.py:190} INFO - [2024-11-03T01:06:20.432+0000] {dag.py:3239} INFO - Sync 1 DAGs
[2024-11-03T01:06:20.452+0000] {logging_mixin.py:190} INFO - [2024-11-03T01:06:20.452+0000] {dag.py:4180} INFO - Setting next_dagrun for example_xcom to 2021-01-01 00:00:00+00:00, run_after=2021-01-01 00:00:00+00:00
[2024-11-03T01:06:20.468+0000] {processor.py:208} INFO - Processing /home/airflow/.local/lib/python3.12/site-packages/airflow/example_dags/example_xcom.py took 0.070 seconds
