[2024-11-03T00:00:04.031+0000] {processor.py:186} INFO - Started process (PID=795) to work on /home/airflow/.local/lib/python3.12/site-packages/airflow/example_dags/example_trigger_target_dag.py
[2024-11-03T00:00:04.032+0000] {processor.py:914} INFO - Processing file /home/airflow/.local/lib/python3.12/site-packages/airflow/example_dags/example_trigger_target_dag.py for tasks to queue
[2024-11-03T00:00:04.034+0000] {logging_mixin.py:190} INFO - [2024-11-03T00:00:04.034+0000] {dagbag.py:588} INFO - Filling up the DagBag from /home/airflow/.local/lib/python3.12/site-packages/airflow/example_dags/example_trigger_target_dag.py
[2024-11-03T00:00:04.040+0000] {processor.py:925} INFO - DAG(s) 'example_trigger_target_dag' retrieved from /home/airflow/.local/lib/python3.12/site-packages/airflow/example_dags/example_trigger_target_dag.py
[2024-11-03T00:00:04.056+0000] {logging_mixin.py:190} INFO - [2024-11-03T00:00:04.056+0000] {dag.py:3239} INFO - Sync 1 DAGs
[2024-11-03T00:00:04.068+0000] {logging_mixin.py:190} INFO - [2024-11-03T00:00:04.068+0000] {dag.py:4180} INFO - Setting next_dagrun for example_trigger_target_dag to None, run_after=None
[2024-11-03T00:00:04.082+0000] {processor.py:208} INFO - Processing /home/airflow/.local/lib/python3.12/site-packages/airflow/example_dags/example_trigger_target_dag.py took 0.056 seconds
[2024-11-03T00:00:34.470+0000] {processor.py:186} INFO - Started process (PID=858) to work on /home/airflow/.local/lib/python3.12/site-packages/airflow/example_dags/example_trigger_target_dag.py
[2024-11-03T00:00:34.471+0000] {processor.py:914} INFO - Processing file /home/airflow/.local/lib/python3.12/site-packages/airflow/example_dags/example_trigger_target_dag.py for tasks to queue
[2024-11-03T00:00:34.473+0000] {logging_mixin.py:190} INFO - [2024-11-03T00:00:34.473+0000] {dagbag.py:588} INFO - Filling up the DagBag from /home/airflow/.local/lib/python3.12/site-packages/airflow/example_dags/example_trigger_target_dag.py
[2024-11-03T00:00:34.479+0000] {processor.py:925} INFO - DAG(s) 'example_trigger_target_dag' retrieved from /home/airflow/.local/lib/python3.12/site-packages/airflow/example_dags/example_trigger_target_dag.py
[2024-11-03T00:00:34.497+0000] {logging_mixin.py:190} INFO - [2024-11-03T00:00:34.496+0000] {dag.py:3239} INFO - Sync 1 DAGs
[2024-11-03T00:00:34.508+0000] {logging_mixin.py:190} INFO - [2024-11-03T00:00:34.508+0000] {dag.py:4180} INFO - Setting next_dagrun for example_trigger_target_dag to None, run_after=None
[2024-11-03T00:00:34.524+0000] {processor.py:208} INFO - Processing /home/airflow/.local/lib/python3.12/site-packages/airflow/example_dags/example_trigger_target_dag.py took 0.059 seconds
[2024-11-03T00:01:05.618+0000] {processor.py:186} INFO - Started process (PID=921) to work on /home/airflow/.local/lib/python3.12/site-packages/airflow/example_dags/example_trigger_target_dag.py
[2024-11-03T00:01:05.619+0000] {processor.py:914} INFO - Processing file /home/airflow/.local/lib/python3.12/site-packages/airflow/example_dags/example_trigger_target_dag.py for tasks to queue
[2024-11-03T00:01:05.621+0000] {logging_mixin.py:190} INFO - [2024-11-03T00:01:05.621+0000] {dagbag.py:588} INFO - Filling up the DagBag from /home/airflow/.local/lib/python3.12/site-packages/airflow/example_dags/example_trigger_target_dag.py
[2024-11-03T00:01:05.627+0000] {processor.py:925} INFO - DAG(s) 'example_trigger_target_dag' retrieved from /home/airflow/.local/lib/python3.12/site-packages/airflow/example_dags/example_trigger_target_dag.py
[2024-11-03T00:01:05.645+0000] {logging_mixin.py:190} INFO - [2024-11-03T00:01:05.644+0000] {dag.py:3239} INFO - Sync 1 DAGs
[2024-11-03T00:01:05.658+0000] {logging_mixin.py:190} INFO - [2024-11-03T00:01:05.657+0000] {dag.py:4180} INFO - Setting next_dagrun for example_trigger_target_dag to None, run_after=None
[2024-11-03T00:01:05.675+0000] {processor.py:208} INFO - Processing /home/airflow/.local/lib/python3.12/site-packages/airflow/example_dags/example_trigger_target_dag.py took 0.062 seconds
[2024-11-03T00:01:36.164+0000] {processor.py:186} INFO - Started process (PID=984) to work on /home/airflow/.local/lib/python3.12/site-packages/airflow/example_dags/example_trigger_target_dag.py
[2024-11-03T00:01:36.165+0000] {processor.py:914} INFO - Processing file /home/airflow/.local/lib/python3.12/site-packages/airflow/example_dags/example_trigger_target_dag.py for tasks to queue
[2024-11-03T00:01:36.167+0000] {logging_mixin.py:190} INFO - [2024-11-03T00:01:36.167+0000] {dagbag.py:588} INFO - Filling up the DagBag from /home/airflow/.local/lib/python3.12/site-packages/airflow/example_dags/example_trigger_target_dag.py
[2024-11-03T00:01:36.173+0000] {processor.py:925} INFO - DAG(s) 'example_trigger_target_dag' retrieved from /home/airflow/.local/lib/python3.12/site-packages/airflow/example_dags/example_trigger_target_dag.py
[2024-11-03T00:01:36.190+0000] {logging_mixin.py:190} INFO - [2024-11-03T00:01:36.189+0000] {dag.py:3239} INFO - Sync 1 DAGs
[2024-11-03T00:01:36.203+0000] {logging_mixin.py:190} INFO - [2024-11-03T00:01:36.203+0000] {dag.py:4180} INFO - Setting next_dagrun for example_trigger_target_dag to None, run_after=None
[2024-11-03T00:01:36.220+0000] {processor.py:208} INFO - Processing /home/airflow/.local/lib/python3.12/site-packages/airflow/example_dags/example_trigger_target_dag.py took 0.061 seconds
[2024-11-03T00:48:06.601+0000] {processor.py:186} INFO - Started process (PID=100) to work on /home/airflow/.local/lib/python3.12/site-packages/airflow/example_dags/example_trigger_target_dag.py
[2024-11-03T00:48:06.602+0000] {processor.py:914} INFO - Processing file /home/airflow/.local/lib/python3.12/site-packages/airflow/example_dags/example_trigger_target_dag.py for tasks to queue
[2024-11-03T00:48:06.604+0000] {logging_mixin.py:190} INFO - [2024-11-03T00:48:06.604+0000] {dagbag.py:588} INFO - Filling up the DagBag from /home/airflow/.local/lib/python3.12/site-packages/airflow/example_dags/example_trigger_target_dag.py
[2024-11-03T00:48:06.612+0000] {processor.py:925} INFO - DAG(s) 'example_trigger_target_dag' retrieved from /home/airflow/.local/lib/python3.12/site-packages/airflow/example_dags/example_trigger_target_dag.py
[2024-11-03T00:48:06.703+0000] {logging_mixin.py:190} INFO - [2024-11-03T00:48:06.702+0000] {override.py:1900} INFO - Created Permission View: can delete on DAG:example_trigger_target_dag
[2024-11-03T00:48:06.711+0000] {logging_mixin.py:190} INFO - [2024-11-03T00:48:06.711+0000] {override.py:1900} INFO - Created Permission View: can edit on DAG:example_trigger_target_dag
[2024-11-03T00:48:06.718+0000] {logging_mixin.py:190} INFO - [2024-11-03T00:48:06.718+0000] {override.py:1900} INFO - Created Permission View: can read on DAG:example_trigger_target_dag
[2024-11-03T00:48:06.725+0000] {logging_mixin.py:190} INFO - [2024-11-03T00:48:06.725+0000] {override.py:1900} INFO - Created Permission View: can create on DAG Run:example_trigger_target_dag
[2024-11-03T00:48:06.732+0000] {logging_mixin.py:190} INFO - [2024-11-03T00:48:06.731+0000] {override.py:1900} INFO - Created Permission View: can delete on DAG Run:example_trigger_target_dag
[2024-11-03T00:48:06.738+0000] {logging_mixin.py:190} INFO - [2024-11-03T00:48:06.737+0000] {override.py:1900} INFO - Created Permission View: menu access on DAG Run:example_trigger_target_dag
[2024-11-03T00:48:06.744+0000] {logging_mixin.py:190} INFO - [2024-11-03T00:48:06.744+0000] {override.py:1900} INFO - Created Permission View: can read on DAG Run:example_trigger_target_dag
[2024-11-03T00:48:06.745+0000] {logging_mixin.py:190} INFO - [2024-11-03T00:48:06.744+0000] {dag.py:3239} INFO - Sync 1 DAGs
[2024-11-03T00:48:06.757+0000] {logging_mixin.py:190} INFO - [2024-11-03T00:48:06.757+0000] {dag.py:3262} INFO - Creating ORM DAG for example_trigger_target_dag
[2024-11-03T00:48:06.758+0000] {logging_mixin.py:190} INFO - [2024-11-03T00:48:06.758+0000] {dag.py:4180} INFO - Setting next_dagrun for example_trigger_target_dag to None, run_after=None
[2024-11-03T00:48:06.772+0000] {processor.py:208} INFO - Processing /home/airflow/.local/lib/python3.12/site-packages/airflow/example_dags/example_trigger_target_dag.py took 0.176 seconds
[2024-11-03T00:48:36.922+0000] {processor.py:186} INFO - Started process (PID=163) to work on /home/airflow/.local/lib/python3.12/site-packages/airflow/example_dags/example_trigger_target_dag.py
[2024-11-03T00:48:36.923+0000] {processor.py:914} INFO - Processing file /home/airflow/.local/lib/python3.12/site-packages/airflow/example_dags/example_trigger_target_dag.py for tasks to queue
[2024-11-03T00:48:36.925+0000] {logging_mixin.py:190} INFO - [2024-11-03T00:48:36.925+0000] {dagbag.py:588} INFO - Filling up the DagBag from /home/airflow/.local/lib/python3.12/site-packages/airflow/example_dags/example_trigger_target_dag.py
[2024-11-03T00:48:36.931+0000] {processor.py:925} INFO - DAG(s) 'example_trigger_target_dag' retrieved from /home/airflow/.local/lib/python3.12/site-packages/airflow/example_dags/example_trigger_target_dag.py
[2024-11-03T00:48:36.947+0000] {logging_mixin.py:190} INFO - [2024-11-03T00:48:36.947+0000] {dag.py:3239} INFO - Sync 1 DAGs
[2024-11-03T00:48:36.960+0000] {logging_mixin.py:190} INFO - [2024-11-03T00:48:36.960+0000] {dag.py:4180} INFO - Setting next_dagrun for example_trigger_target_dag to None, run_after=None
[2024-11-03T00:48:36.976+0000] {processor.py:208} INFO - Processing /home/airflow/.local/lib/python3.12/site-packages/airflow/example_dags/example_trigger_target_dag.py took 0.058 seconds
[2024-11-03T00:49:07.374+0000] {processor.py:186} INFO - Started process (PID=226) to work on /home/airflow/.local/lib/python3.12/site-packages/airflow/example_dags/example_trigger_target_dag.py
[2024-11-03T00:49:07.375+0000] {processor.py:914} INFO - Processing file /home/airflow/.local/lib/python3.12/site-packages/airflow/example_dags/example_trigger_target_dag.py for tasks to queue
[2024-11-03T00:49:07.377+0000] {logging_mixin.py:190} INFO - [2024-11-03T00:49:07.376+0000] {dagbag.py:588} INFO - Filling up the DagBag from /home/airflow/.local/lib/python3.12/site-packages/airflow/example_dags/example_trigger_target_dag.py
[2024-11-03T00:49:07.383+0000] {processor.py:925} INFO - DAG(s) 'example_trigger_target_dag' retrieved from /home/airflow/.local/lib/python3.12/site-packages/airflow/example_dags/example_trigger_target_dag.py
[2024-11-03T00:49:07.399+0000] {logging_mixin.py:190} INFO - [2024-11-03T00:49:07.399+0000] {dag.py:3239} INFO - Sync 1 DAGs
[2024-11-03T00:49:07.412+0000] {logging_mixin.py:190} INFO - [2024-11-03T00:49:07.411+0000] {dag.py:4180} INFO - Setting next_dagrun for example_trigger_target_dag to None, run_after=None
[2024-11-03T00:49:07.428+0000] {processor.py:208} INFO - Processing /home/airflow/.local/lib/python3.12/site-packages/airflow/example_dags/example_trigger_target_dag.py took 0.059 seconds
[2024-11-03T00:49:37.662+0000] {processor.py:186} INFO - Started process (PID=289) to work on /home/airflow/.local/lib/python3.12/site-packages/airflow/example_dags/example_trigger_target_dag.py
[2024-11-03T00:49:37.662+0000] {processor.py:914} INFO - Processing file /home/airflow/.local/lib/python3.12/site-packages/airflow/example_dags/example_trigger_target_dag.py for tasks to queue
[2024-11-03T00:49:37.664+0000] {logging_mixin.py:190} INFO - [2024-11-03T00:49:37.664+0000] {dagbag.py:588} INFO - Filling up the DagBag from /home/airflow/.local/lib/python3.12/site-packages/airflow/example_dags/example_trigger_target_dag.py
[2024-11-03T00:49:37.671+0000] {processor.py:925} INFO - DAG(s) 'example_trigger_target_dag' retrieved from /home/airflow/.local/lib/python3.12/site-packages/airflow/example_dags/example_trigger_target_dag.py
[2024-11-03T00:49:37.688+0000] {logging_mixin.py:190} INFO - [2024-11-03T00:49:37.687+0000] {dag.py:3239} INFO - Sync 1 DAGs
[2024-11-03T00:49:37.699+0000] {logging_mixin.py:190} INFO - [2024-11-03T00:49:37.699+0000] {dag.py:4180} INFO - Setting next_dagrun for example_trigger_target_dag to None, run_after=None
[2024-11-03T00:49:37.716+0000] {processor.py:208} INFO - Processing /home/airflow/.local/lib/python3.12/site-packages/airflow/example_dags/example_trigger_target_dag.py took 0.059 seconds
[2024-11-03T00:50:08.256+0000] {processor.py:186} INFO - Started process (PID=352) to work on /home/airflow/.local/lib/python3.12/site-packages/airflow/example_dags/example_trigger_target_dag.py
[2024-11-03T00:50:08.257+0000] {processor.py:914} INFO - Processing file /home/airflow/.local/lib/python3.12/site-packages/airflow/example_dags/example_trigger_target_dag.py for tasks to queue
[2024-11-03T00:50:08.260+0000] {logging_mixin.py:190} INFO - [2024-11-03T00:50:08.259+0000] {dagbag.py:588} INFO - Filling up the DagBag from /home/airflow/.local/lib/python3.12/site-packages/airflow/example_dags/example_trigger_target_dag.py
[2024-11-03T00:50:08.266+0000] {processor.py:925} INFO - DAG(s) 'example_trigger_target_dag' retrieved from /home/airflow/.local/lib/python3.12/site-packages/airflow/example_dags/example_trigger_target_dag.py
[2024-11-03T00:50:08.283+0000] {logging_mixin.py:190} INFO - [2024-11-03T00:50:08.283+0000] {dag.py:3239} INFO - Sync 1 DAGs
[2024-11-03T00:50:08.297+0000] {logging_mixin.py:190} INFO - [2024-11-03T00:50:08.297+0000] {dag.py:4180} INFO - Setting next_dagrun for example_trigger_target_dag to None, run_after=None
[2024-11-03T00:50:08.319+0000] {processor.py:208} INFO - Processing /home/airflow/.local/lib/python3.12/site-packages/airflow/example_dags/example_trigger_target_dag.py took 0.068 seconds
[2024-11-03T00:50:38.783+0000] {processor.py:186} INFO - Started process (PID=415) to work on /home/airflow/.local/lib/python3.12/site-packages/airflow/example_dags/example_trigger_target_dag.py
[2024-11-03T00:50:38.784+0000] {processor.py:914} INFO - Processing file /home/airflow/.local/lib/python3.12/site-packages/airflow/example_dags/example_trigger_target_dag.py for tasks to queue
[2024-11-03T00:50:38.786+0000] {logging_mixin.py:190} INFO - [2024-11-03T00:50:38.785+0000] {dagbag.py:588} INFO - Filling up the DagBag from /home/airflow/.local/lib/python3.12/site-packages/airflow/example_dags/example_trigger_target_dag.py
[2024-11-03T00:50:38.791+0000] {processor.py:925} INFO - DAG(s) 'example_trigger_target_dag' retrieved from /home/airflow/.local/lib/python3.12/site-packages/airflow/example_dags/example_trigger_target_dag.py
[2024-11-03T00:50:38.807+0000] {logging_mixin.py:190} INFO - [2024-11-03T00:50:38.807+0000] {dag.py:3239} INFO - Sync 1 DAGs
[2024-11-03T00:50:38.819+0000] {logging_mixin.py:190} INFO - [2024-11-03T00:50:38.819+0000] {dag.py:4180} INFO - Setting next_dagrun for example_trigger_target_dag to None, run_after=None
[2024-11-03T00:50:38.836+0000] {processor.py:208} INFO - Processing /home/airflow/.local/lib/python3.12/site-packages/airflow/example_dags/example_trigger_target_dag.py took 0.057 seconds
[2024-11-03T00:51:09.269+0000] {processor.py:186} INFO - Started process (PID=478) to work on /home/airflow/.local/lib/python3.12/site-packages/airflow/example_dags/example_trigger_target_dag.py
[2024-11-03T00:51:09.270+0000] {processor.py:914} INFO - Processing file /home/airflow/.local/lib/python3.12/site-packages/airflow/example_dags/example_trigger_target_dag.py for tasks to queue
[2024-11-03T00:51:09.272+0000] {logging_mixin.py:190} INFO - [2024-11-03T00:51:09.272+0000] {dagbag.py:588} INFO - Filling up the DagBag from /home/airflow/.local/lib/python3.12/site-packages/airflow/example_dags/example_trigger_target_dag.py
[2024-11-03T00:51:09.279+0000] {processor.py:925} INFO - DAG(s) 'example_trigger_target_dag' retrieved from /home/airflow/.local/lib/python3.12/site-packages/airflow/example_dags/example_trigger_target_dag.py
[2024-11-03T00:51:09.296+0000] {logging_mixin.py:190} INFO - [2024-11-03T00:51:09.296+0000] {dag.py:3239} INFO - Sync 1 DAGs
[2024-11-03T00:51:09.308+0000] {logging_mixin.py:190} INFO - [2024-11-03T00:51:09.308+0000] {dag.py:4180} INFO - Setting next_dagrun for example_trigger_target_dag to None, run_after=None
[2024-11-03T00:51:09.324+0000] {processor.py:208} INFO - Processing /home/airflow/.local/lib/python3.12/site-packages/airflow/example_dags/example_trigger_target_dag.py took 0.060 seconds
[2024-11-03T00:51:39.692+0000] {processor.py:186} INFO - Started process (PID=541) to work on /home/airflow/.local/lib/python3.12/site-packages/airflow/example_dags/example_trigger_target_dag.py
[2024-11-03T00:51:39.693+0000] {processor.py:914} INFO - Processing file /home/airflow/.local/lib/python3.12/site-packages/airflow/example_dags/example_trigger_target_dag.py for tasks to queue
[2024-11-03T00:51:39.695+0000] {logging_mixin.py:190} INFO - [2024-11-03T00:51:39.694+0000] {dagbag.py:588} INFO - Filling up the DagBag from /home/airflow/.local/lib/python3.12/site-packages/airflow/example_dags/example_trigger_target_dag.py
[2024-11-03T00:51:39.700+0000] {processor.py:925} INFO - DAG(s) 'example_trigger_target_dag' retrieved from /home/airflow/.local/lib/python3.12/site-packages/airflow/example_dags/example_trigger_target_dag.py
[2024-11-03T00:51:39.717+0000] {logging_mixin.py:190} INFO - [2024-11-03T00:51:39.717+0000] {dag.py:3239} INFO - Sync 1 DAGs
[2024-11-03T00:51:39.729+0000] {logging_mixin.py:190} INFO - [2024-11-03T00:51:39.729+0000] {dag.py:4180} INFO - Setting next_dagrun for example_trigger_target_dag to None, run_after=None
[2024-11-03T00:51:39.745+0000] {processor.py:208} INFO - Processing /home/airflow/.local/lib/python3.12/site-packages/airflow/example_dags/example_trigger_target_dag.py took 0.057 seconds
[2024-11-03T00:52:10.041+0000] {processor.py:186} INFO - Started process (PID=604) to work on /home/airflow/.local/lib/python3.12/site-packages/airflow/example_dags/example_trigger_target_dag.py
[2024-11-03T00:52:10.042+0000] {processor.py:914} INFO - Processing file /home/airflow/.local/lib/python3.12/site-packages/airflow/example_dags/example_trigger_target_dag.py for tasks to queue
[2024-11-03T00:52:10.044+0000] {logging_mixin.py:190} INFO - [2024-11-03T00:52:10.044+0000] {dagbag.py:588} INFO - Filling up the DagBag from /home/airflow/.local/lib/python3.12/site-packages/airflow/example_dags/example_trigger_target_dag.py
[2024-11-03T00:52:10.051+0000] {processor.py:925} INFO - DAG(s) 'example_trigger_target_dag' retrieved from /home/airflow/.local/lib/python3.12/site-packages/airflow/example_dags/example_trigger_target_dag.py
[2024-11-03T00:52:10.071+0000] {logging_mixin.py:190} INFO - [2024-11-03T00:52:10.071+0000] {dag.py:3239} INFO - Sync 1 DAGs
[2024-11-03T00:52:10.084+0000] {logging_mixin.py:190} INFO - [2024-11-03T00:52:10.084+0000] {dag.py:4180} INFO - Setting next_dagrun for example_trigger_target_dag to None, run_after=None
[2024-11-03T00:52:10.104+0000] {processor.py:208} INFO - Processing /home/airflow/.local/lib/python3.12/site-packages/airflow/example_dags/example_trigger_target_dag.py took 0.068 seconds
[2024-11-03T00:52:40.383+0000] {processor.py:186} INFO - Started process (PID=667) to work on /home/airflow/.local/lib/python3.12/site-packages/airflow/example_dags/example_trigger_target_dag.py
[2024-11-03T00:52:40.383+0000] {processor.py:914} INFO - Processing file /home/airflow/.local/lib/python3.12/site-packages/airflow/example_dags/example_trigger_target_dag.py for tasks to queue
[2024-11-03T00:52:40.385+0000] {logging_mixin.py:190} INFO - [2024-11-03T00:52:40.385+0000] {dagbag.py:588} INFO - Filling up the DagBag from /home/airflow/.local/lib/python3.12/site-packages/airflow/example_dags/example_trigger_target_dag.py
[2024-11-03T00:52:40.391+0000] {processor.py:925} INFO - DAG(s) 'example_trigger_target_dag' retrieved from /home/airflow/.local/lib/python3.12/site-packages/airflow/example_dags/example_trigger_target_dag.py
[2024-11-03T00:52:40.408+0000] {logging_mixin.py:190} INFO - [2024-11-03T00:52:40.408+0000] {dag.py:3239} INFO - Sync 1 DAGs
[2024-11-03T00:52:40.419+0000] {logging_mixin.py:190} INFO - [2024-11-03T00:52:40.419+0000] {dag.py:4180} INFO - Setting next_dagrun for example_trigger_target_dag to None, run_after=None
[2024-11-03T00:52:40.436+0000] {processor.py:208} INFO - Processing /home/airflow/.local/lib/python3.12/site-packages/airflow/example_dags/example_trigger_target_dag.py took 0.057 seconds
[2024-11-03T00:53:10.748+0000] {processor.py:186} INFO - Started process (PID=730) to work on /home/airflow/.local/lib/python3.12/site-packages/airflow/example_dags/example_trigger_target_dag.py
[2024-11-03T00:53:10.749+0000] {processor.py:914} INFO - Processing file /home/airflow/.local/lib/python3.12/site-packages/airflow/example_dags/example_trigger_target_dag.py for tasks to queue
[2024-11-03T00:53:10.751+0000] {logging_mixin.py:190} INFO - [2024-11-03T00:53:10.751+0000] {dagbag.py:588} INFO - Filling up the DagBag from /home/airflow/.local/lib/python3.12/site-packages/airflow/example_dags/example_trigger_target_dag.py
[2024-11-03T00:53:10.757+0000] {processor.py:925} INFO - DAG(s) 'example_trigger_target_dag' retrieved from /home/airflow/.local/lib/python3.12/site-packages/airflow/example_dags/example_trigger_target_dag.py
[2024-11-03T00:53:10.774+0000] {logging_mixin.py:190} INFO - [2024-11-03T00:53:10.774+0000] {dag.py:3239} INFO - Sync 1 DAGs
[2024-11-03T00:53:10.787+0000] {logging_mixin.py:190} INFO - [2024-11-03T00:53:10.787+0000] {dag.py:4180} INFO - Setting next_dagrun for example_trigger_target_dag to None, run_after=None
[2024-11-03T00:53:10.803+0000] {processor.py:208} INFO - Processing /home/airflow/.local/lib/python3.12/site-packages/airflow/example_dags/example_trigger_target_dag.py took 0.060 seconds
[2024-11-03T00:53:41.168+0000] {processor.py:186} INFO - Started process (PID=793) to work on /home/airflow/.local/lib/python3.12/site-packages/airflow/example_dags/example_trigger_target_dag.py
[2024-11-03T00:53:41.169+0000] {processor.py:914} INFO - Processing file /home/airflow/.local/lib/python3.12/site-packages/airflow/example_dags/example_trigger_target_dag.py for tasks to queue
[2024-11-03T00:53:41.171+0000] {logging_mixin.py:190} INFO - [2024-11-03T00:53:41.171+0000] {dagbag.py:588} INFO - Filling up the DagBag from /home/airflow/.local/lib/python3.12/site-packages/airflow/example_dags/example_trigger_target_dag.py
[2024-11-03T00:53:41.178+0000] {processor.py:925} INFO - DAG(s) 'example_trigger_target_dag' retrieved from /home/airflow/.local/lib/python3.12/site-packages/airflow/example_dags/example_trigger_target_dag.py
[2024-11-03T00:53:41.195+0000] {logging_mixin.py:190} INFO - [2024-11-03T00:53:41.195+0000] {dag.py:3239} INFO - Sync 1 DAGs
[2024-11-03T00:53:41.210+0000] {logging_mixin.py:190} INFO - [2024-11-03T00:53:41.210+0000] {dag.py:4180} INFO - Setting next_dagrun for example_trigger_target_dag to None, run_after=None
[2024-11-03T00:53:41.227+0000] {processor.py:208} INFO - Processing /home/airflow/.local/lib/python3.12/site-packages/airflow/example_dags/example_trigger_target_dag.py took 0.064 seconds
[2024-11-03T00:54:11.411+0000] {processor.py:186} INFO - Started process (PID=856) to work on /home/airflow/.local/lib/python3.12/site-packages/airflow/example_dags/example_trigger_target_dag.py
[2024-11-03T00:54:11.412+0000] {processor.py:914} INFO - Processing file /home/airflow/.local/lib/python3.12/site-packages/airflow/example_dags/example_trigger_target_dag.py for tasks to queue
[2024-11-03T00:54:11.415+0000] {logging_mixin.py:190} INFO - [2024-11-03T00:54:11.415+0000] {dagbag.py:588} INFO - Filling up the DagBag from /home/airflow/.local/lib/python3.12/site-packages/airflow/example_dags/example_trigger_target_dag.py
[2024-11-03T00:54:11.422+0000] {processor.py:925} INFO - DAG(s) 'example_trigger_target_dag' retrieved from /home/airflow/.local/lib/python3.12/site-packages/airflow/example_dags/example_trigger_target_dag.py
[2024-11-03T00:54:11.439+0000] {logging_mixin.py:190} INFO - [2024-11-03T00:54:11.439+0000] {dag.py:3239} INFO - Sync 1 DAGs
[2024-11-03T00:54:11.452+0000] {logging_mixin.py:190} INFO - [2024-11-03T00:54:11.452+0000] {dag.py:4180} INFO - Setting next_dagrun for example_trigger_target_dag to None, run_after=None
[2024-11-03T00:54:11.468+0000] {processor.py:208} INFO - Processing /home/airflow/.local/lib/python3.12/site-packages/airflow/example_dags/example_trigger_target_dag.py took 0.064 seconds
[2024-11-03T00:54:41.807+0000] {processor.py:186} INFO - Started process (PID=919) to work on /home/airflow/.local/lib/python3.12/site-packages/airflow/example_dags/example_trigger_target_dag.py
[2024-11-03T00:54:41.808+0000] {processor.py:914} INFO - Processing file /home/airflow/.local/lib/python3.12/site-packages/airflow/example_dags/example_trigger_target_dag.py for tasks to queue
[2024-11-03T00:54:41.810+0000] {logging_mixin.py:190} INFO - [2024-11-03T00:54:41.810+0000] {dagbag.py:588} INFO - Filling up the DagBag from /home/airflow/.local/lib/python3.12/site-packages/airflow/example_dags/example_trigger_target_dag.py
[2024-11-03T00:54:41.817+0000] {processor.py:925} INFO - DAG(s) 'example_trigger_target_dag' retrieved from /home/airflow/.local/lib/python3.12/site-packages/airflow/example_dags/example_trigger_target_dag.py
[2024-11-03T00:54:41.834+0000] {logging_mixin.py:190} INFO - [2024-11-03T00:54:41.834+0000] {dag.py:3239} INFO - Sync 1 DAGs
[2024-11-03T00:54:41.847+0000] {logging_mixin.py:190} INFO - [2024-11-03T00:54:41.846+0000] {dag.py:4180} INFO - Setting next_dagrun for example_trigger_target_dag to None, run_after=None
[2024-11-03T00:54:41.863+0000] {processor.py:208} INFO - Processing /home/airflow/.local/lib/python3.12/site-packages/airflow/example_dags/example_trigger_target_dag.py took 0.060 seconds
[2024-11-03T00:55:12.095+0000] {processor.py:186} INFO - Started process (PID=982) to work on /home/airflow/.local/lib/python3.12/site-packages/airflow/example_dags/example_trigger_target_dag.py
[2024-11-03T00:55:12.096+0000] {processor.py:914} INFO - Processing file /home/airflow/.local/lib/python3.12/site-packages/airflow/example_dags/example_trigger_target_dag.py for tasks to queue
[2024-11-03T00:55:12.098+0000] {logging_mixin.py:190} INFO - [2024-11-03T00:55:12.097+0000] {dagbag.py:588} INFO - Filling up the DagBag from /home/airflow/.local/lib/python3.12/site-packages/airflow/example_dags/example_trigger_target_dag.py
[2024-11-03T00:55:12.104+0000] {processor.py:925} INFO - DAG(s) 'example_trigger_target_dag' retrieved from /home/airflow/.local/lib/python3.12/site-packages/airflow/example_dags/example_trigger_target_dag.py
[2024-11-03T00:55:12.122+0000] {logging_mixin.py:190} INFO - [2024-11-03T00:55:12.122+0000] {dag.py:3239} INFO - Sync 1 DAGs
[2024-11-03T00:55:12.134+0000] {logging_mixin.py:190} INFO - [2024-11-03T00:55:12.134+0000] {dag.py:4180} INFO - Setting next_dagrun for example_trigger_target_dag to None, run_after=None
[2024-11-03T00:55:12.149+0000] {processor.py:208} INFO - Processing /home/airflow/.local/lib/python3.12/site-packages/airflow/example_dags/example_trigger_target_dag.py took 0.059 seconds
[2024-11-03T00:55:42.464+0000] {processor.py:186} INFO - Started process (PID=1045) to work on /home/airflow/.local/lib/python3.12/site-packages/airflow/example_dags/example_trigger_target_dag.py
[2024-11-03T00:55:42.465+0000] {processor.py:914} INFO - Processing file /home/airflow/.local/lib/python3.12/site-packages/airflow/example_dags/example_trigger_target_dag.py for tasks to queue
[2024-11-03T00:55:42.467+0000] {logging_mixin.py:190} INFO - [2024-11-03T00:55:42.466+0000] {dagbag.py:588} INFO - Filling up the DagBag from /home/airflow/.local/lib/python3.12/site-packages/airflow/example_dags/example_trigger_target_dag.py
[2024-11-03T00:55:42.473+0000] {processor.py:925} INFO - DAG(s) 'example_trigger_target_dag' retrieved from /home/airflow/.local/lib/python3.12/site-packages/airflow/example_dags/example_trigger_target_dag.py
[2024-11-03T00:55:42.490+0000] {logging_mixin.py:190} INFO - [2024-11-03T00:55:42.490+0000] {dag.py:3239} INFO - Sync 1 DAGs
[2024-11-03T00:55:42.503+0000] {logging_mixin.py:190} INFO - [2024-11-03T00:55:42.502+0000] {dag.py:4180} INFO - Setting next_dagrun for example_trigger_target_dag to None, run_after=None
[2024-11-03T00:55:42.519+0000] {processor.py:208} INFO - Processing /home/airflow/.local/lib/python3.12/site-packages/airflow/example_dags/example_trigger_target_dag.py took 0.059 seconds
[2024-11-03T00:56:13.082+0000] {processor.py:186} INFO - Started process (PID=1108) to work on /home/airflow/.local/lib/python3.12/site-packages/airflow/example_dags/example_trigger_target_dag.py
[2024-11-03T00:56:13.083+0000] {processor.py:914} INFO - Processing file /home/airflow/.local/lib/python3.12/site-packages/airflow/example_dags/example_trigger_target_dag.py for tasks to queue
[2024-11-03T00:56:13.085+0000] {logging_mixin.py:190} INFO - [2024-11-03T00:56:13.084+0000] {dagbag.py:588} INFO - Filling up the DagBag from /home/airflow/.local/lib/python3.12/site-packages/airflow/example_dags/example_trigger_target_dag.py
[2024-11-03T00:56:13.091+0000] {processor.py:925} INFO - DAG(s) 'example_trigger_target_dag' retrieved from /home/airflow/.local/lib/python3.12/site-packages/airflow/example_dags/example_trigger_target_dag.py
[2024-11-03T00:56:13.108+0000] {logging_mixin.py:190} INFO - [2024-11-03T00:56:13.108+0000] {dag.py:3239} INFO - Sync 1 DAGs
[2024-11-03T00:56:13.121+0000] {logging_mixin.py:190} INFO - [2024-11-03T00:56:13.121+0000] {dag.py:4180} INFO - Setting next_dagrun for example_trigger_target_dag to None, run_after=None
[2024-11-03T00:56:13.137+0000] {processor.py:208} INFO - Processing /home/airflow/.local/lib/python3.12/site-packages/airflow/example_dags/example_trigger_target_dag.py took 0.060 seconds
[2024-11-03T00:56:43.447+0000] {processor.py:186} INFO - Started process (PID=1171) to work on /home/airflow/.local/lib/python3.12/site-packages/airflow/example_dags/example_trigger_target_dag.py
[2024-11-03T00:56:43.448+0000] {processor.py:914} INFO - Processing file /home/airflow/.local/lib/python3.12/site-packages/airflow/example_dags/example_trigger_target_dag.py for tasks to queue
[2024-11-03T00:56:43.451+0000] {logging_mixin.py:190} INFO - [2024-11-03T00:56:43.451+0000] {dagbag.py:588} INFO - Filling up the DagBag from /home/airflow/.local/lib/python3.12/site-packages/airflow/example_dags/example_trigger_target_dag.py
[2024-11-03T00:56:43.460+0000] {processor.py:925} INFO - DAG(s) 'example_trigger_target_dag' retrieved from /home/airflow/.local/lib/python3.12/site-packages/airflow/example_dags/example_trigger_target_dag.py
[2024-11-03T00:56:43.481+0000] {logging_mixin.py:190} INFO - [2024-11-03T00:56:43.481+0000] {dag.py:3239} INFO - Sync 1 DAGs
[2024-11-03T00:56:43.498+0000] {logging_mixin.py:190} INFO - [2024-11-03T00:56:43.498+0000] {dag.py:4180} INFO - Setting next_dagrun for example_trigger_target_dag to None, run_after=None
[2024-11-03T00:56:43.523+0000] {processor.py:208} INFO - Processing /home/airflow/.local/lib/python3.12/site-packages/airflow/example_dags/example_trigger_target_dag.py took 0.081 seconds
[2024-11-03T00:57:13.786+0000] {processor.py:186} INFO - Started process (PID=1234) to work on /home/airflow/.local/lib/python3.12/site-packages/airflow/example_dags/example_trigger_target_dag.py
[2024-11-03T00:57:13.787+0000] {processor.py:914} INFO - Processing file /home/airflow/.local/lib/python3.12/site-packages/airflow/example_dags/example_trigger_target_dag.py for tasks to queue
[2024-11-03T00:57:13.789+0000] {logging_mixin.py:190} INFO - [2024-11-03T00:57:13.788+0000] {dagbag.py:588} INFO - Filling up the DagBag from /home/airflow/.local/lib/python3.12/site-packages/airflow/example_dags/example_trigger_target_dag.py
[2024-11-03T00:57:13.795+0000] {processor.py:925} INFO - DAG(s) 'example_trigger_target_dag' retrieved from /home/airflow/.local/lib/python3.12/site-packages/airflow/example_dags/example_trigger_target_dag.py
[2024-11-03T00:57:13.812+0000] {logging_mixin.py:190} INFO - [2024-11-03T00:57:13.811+0000] {dag.py:3239} INFO - Sync 1 DAGs
[2024-11-03T00:57:13.824+0000] {logging_mixin.py:190} INFO - [2024-11-03T00:57:13.824+0000] {dag.py:4180} INFO - Setting next_dagrun for example_trigger_target_dag to None, run_after=None
[2024-11-03T00:57:13.842+0000] {processor.py:208} INFO - Processing /home/airflow/.local/lib/python3.12/site-packages/airflow/example_dags/example_trigger_target_dag.py took 0.062 seconds
[2024-11-03T00:57:44.078+0000] {processor.py:186} INFO - Started process (PID=1297) to work on /home/airflow/.local/lib/python3.12/site-packages/airflow/example_dags/example_trigger_target_dag.py
[2024-11-03T00:57:44.079+0000] {processor.py:914} INFO - Processing file /home/airflow/.local/lib/python3.12/site-packages/airflow/example_dags/example_trigger_target_dag.py for tasks to queue
[2024-11-03T00:57:44.081+0000] {logging_mixin.py:190} INFO - [2024-11-03T00:57:44.080+0000] {dagbag.py:588} INFO - Filling up the DagBag from /home/airflow/.local/lib/python3.12/site-packages/airflow/example_dags/example_trigger_target_dag.py
[2024-11-03T00:57:44.088+0000] {processor.py:925} INFO - DAG(s) 'example_trigger_target_dag' retrieved from /home/airflow/.local/lib/python3.12/site-packages/airflow/example_dags/example_trigger_target_dag.py
[2024-11-03T00:57:44.104+0000] {logging_mixin.py:190} INFO - [2024-11-03T00:57:44.104+0000] {dag.py:3239} INFO - Sync 1 DAGs
[2024-11-03T00:57:44.117+0000] {logging_mixin.py:190} INFO - [2024-11-03T00:57:44.116+0000] {dag.py:4180} INFO - Setting next_dagrun for example_trigger_target_dag to None, run_after=None
[2024-11-03T00:57:44.133+0000] {processor.py:208} INFO - Processing /home/airflow/.local/lib/python3.12/site-packages/airflow/example_dags/example_trigger_target_dag.py took 0.059 seconds
[2024-11-03T00:58:14.439+0000] {processor.py:186} INFO - Started process (PID=1360) to work on /home/airflow/.local/lib/python3.12/site-packages/airflow/example_dags/example_trigger_target_dag.py
[2024-11-03T00:58:14.439+0000] {processor.py:914} INFO - Processing file /home/airflow/.local/lib/python3.12/site-packages/airflow/example_dags/example_trigger_target_dag.py for tasks to queue
[2024-11-03T00:58:14.441+0000] {logging_mixin.py:190} INFO - [2024-11-03T00:58:14.441+0000] {dagbag.py:588} INFO - Filling up the DagBag from /home/airflow/.local/lib/python3.12/site-packages/airflow/example_dags/example_trigger_target_dag.py
[2024-11-03T00:58:14.448+0000] {processor.py:925} INFO - DAG(s) 'example_trigger_target_dag' retrieved from /home/airflow/.local/lib/python3.12/site-packages/airflow/example_dags/example_trigger_target_dag.py
[2024-11-03T00:58:14.464+0000] {logging_mixin.py:190} INFO - [2024-11-03T00:58:14.464+0000] {dag.py:3239} INFO - Sync 1 DAGs
[2024-11-03T00:58:14.476+0000] {logging_mixin.py:190} INFO - [2024-11-03T00:58:14.476+0000] {dag.py:4180} INFO - Setting next_dagrun for example_trigger_target_dag to None, run_after=None
[2024-11-03T00:58:14.491+0000] {processor.py:208} INFO - Processing /home/airflow/.local/lib/python3.12/site-packages/airflow/example_dags/example_trigger_target_dag.py took 0.058 seconds
[2024-11-03T00:58:44.718+0000] {processor.py:186} INFO - Started process (PID=1423) to work on /home/airflow/.local/lib/python3.12/site-packages/airflow/example_dags/example_trigger_target_dag.py
[2024-11-03T00:58:44.719+0000] {processor.py:914} INFO - Processing file /home/airflow/.local/lib/python3.12/site-packages/airflow/example_dags/example_trigger_target_dag.py for tasks to queue
[2024-11-03T00:58:44.721+0000] {logging_mixin.py:190} INFO - [2024-11-03T00:58:44.721+0000] {dagbag.py:588} INFO - Filling up the DagBag from /home/airflow/.local/lib/python3.12/site-packages/airflow/example_dags/example_trigger_target_dag.py
[2024-11-03T00:58:44.728+0000] {processor.py:925} INFO - DAG(s) 'example_trigger_target_dag' retrieved from /home/airflow/.local/lib/python3.12/site-packages/airflow/example_dags/example_trigger_target_dag.py
[2024-11-03T00:58:44.743+0000] {logging_mixin.py:190} INFO - [2024-11-03T00:58:44.743+0000] {dag.py:3239} INFO - Sync 1 DAGs
[2024-11-03T00:58:44.755+0000] {logging_mixin.py:190} INFO - [2024-11-03T00:58:44.755+0000] {dag.py:4180} INFO - Setting next_dagrun for example_trigger_target_dag to None, run_after=None
[2024-11-03T00:58:44.770+0000] {processor.py:208} INFO - Processing /home/airflow/.local/lib/python3.12/site-packages/airflow/example_dags/example_trigger_target_dag.py took 0.056 seconds
[2024-11-03T00:59:15.084+0000] {processor.py:186} INFO - Started process (PID=1486) to work on /home/airflow/.local/lib/python3.12/site-packages/airflow/example_dags/example_trigger_target_dag.py
[2024-11-03T00:59:15.085+0000] {processor.py:914} INFO - Processing file /home/airflow/.local/lib/python3.12/site-packages/airflow/example_dags/example_trigger_target_dag.py for tasks to queue
[2024-11-03T00:59:15.088+0000] {logging_mixin.py:190} INFO - [2024-11-03T00:59:15.087+0000] {dagbag.py:588} INFO - Filling up the DagBag from /home/airflow/.local/lib/python3.12/site-packages/airflow/example_dags/example_trigger_target_dag.py
[2024-11-03T00:59:15.095+0000] {processor.py:925} INFO - DAG(s) 'example_trigger_target_dag' retrieved from /home/airflow/.local/lib/python3.12/site-packages/airflow/example_dags/example_trigger_target_dag.py
[2024-11-03T00:59:15.114+0000] {logging_mixin.py:190} INFO - [2024-11-03T00:59:15.114+0000] {dag.py:3239} INFO - Sync 1 DAGs
[2024-11-03T00:59:15.127+0000] {logging_mixin.py:190} INFO - [2024-11-03T00:59:15.126+0000] {dag.py:4180} INFO - Setting next_dagrun for example_trigger_target_dag to None, run_after=None
[2024-11-03T00:59:15.142+0000] {processor.py:208} INFO - Processing /home/airflow/.local/lib/python3.12/site-packages/airflow/example_dags/example_trigger_target_dag.py took 0.063 seconds
[2024-11-03T00:59:45.272+0000] {processor.py:186} INFO - Started process (PID=1549) to work on /home/airflow/.local/lib/python3.12/site-packages/airflow/example_dags/example_trigger_target_dag.py
[2024-11-03T00:59:45.273+0000] {processor.py:914} INFO - Processing file /home/airflow/.local/lib/python3.12/site-packages/airflow/example_dags/example_trigger_target_dag.py for tasks to queue
[2024-11-03T00:59:45.275+0000] {logging_mixin.py:190} INFO - [2024-11-03T00:59:45.275+0000] {dagbag.py:588} INFO - Filling up the DagBag from /home/airflow/.local/lib/python3.12/site-packages/airflow/example_dags/example_trigger_target_dag.py
[2024-11-03T00:59:45.281+0000] {processor.py:925} INFO - DAG(s) 'example_trigger_target_dag' retrieved from /home/airflow/.local/lib/python3.12/site-packages/airflow/example_dags/example_trigger_target_dag.py
[2024-11-03T00:59:45.299+0000] {logging_mixin.py:190} INFO - [2024-11-03T00:59:45.299+0000] {dag.py:3239} INFO - Sync 1 DAGs
[2024-11-03T00:59:45.312+0000] {logging_mixin.py:190} INFO - [2024-11-03T00:59:45.312+0000] {dag.py:4180} INFO - Setting next_dagrun for example_trigger_target_dag to None, run_after=None
[2024-11-03T00:59:45.330+0000] {processor.py:208} INFO - Processing /home/airflow/.local/lib/python3.12/site-packages/airflow/example_dags/example_trigger_target_dag.py took 0.062 seconds
[2024-11-03T01:00:16.012+0000] {processor.py:186} INFO - Started process (PID=1612) to work on /home/airflow/.local/lib/python3.12/site-packages/airflow/example_dags/example_trigger_target_dag.py
[2024-11-03T01:00:16.013+0000] {processor.py:914} INFO - Processing file /home/airflow/.local/lib/python3.12/site-packages/airflow/example_dags/example_trigger_target_dag.py for tasks to queue
[2024-11-03T01:00:16.015+0000] {logging_mixin.py:190} INFO - [2024-11-03T01:00:16.014+0000] {dagbag.py:588} INFO - Filling up the DagBag from /home/airflow/.local/lib/python3.12/site-packages/airflow/example_dags/example_trigger_target_dag.py
[2024-11-03T01:00:16.020+0000] {processor.py:925} INFO - DAG(s) 'example_trigger_target_dag' retrieved from /home/airflow/.local/lib/python3.12/site-packages/airflow/example_dags/example_trigger_target_dag.py
[2024-11-03T01:00:16.036+0000] {logging_mixin.py:190} INFO - [2024-11-03T01:00:16.036+0000] {dag.py:3239} INFO - Sync 1 DAGs
[2024-11-03T01:00:16.048+0000] {logging_mixin.py:190} INFO - [2024-11-03T01:00:16.048+0000] {dag.py:4180} INFO - Setting next_dagrun for example_trigger_target_dag to None, run_after=None
[2024-11-03T01:00:16.063+0000] {processor.py:208} INFO - Processing /home/airflow/.local/lib/python3.12/site-packages/airflow/example_dags/example_trigger_target_dag.py took 0.055 seconds
[2024-11-03T01:00:46.549+0000] {processor.py:186} INFO - Started process (PID=1675) to work on /home/airflow/.local/lib/python3.12/site-packages/airflow/example_dags/example_trigger_target_dag.py
[2024-11-03T01:00:46.550+0000] {processor.py:914} INFO - Processing file /home/airflow/.local/lib/python3.12/site-packages/airflow/example_dags/example_trigger_target_dag.py for tasks to queue
[2024-11-03T01:00:46.552+0000] {logging_mixin.py:190} INFO - [2024-11-03T01:00:46.552+0000] {dagbag.py:588} INFO - Filling up the DagBag from /home/airflow/.local/lib/python3.12/site-packages/airflow/example_dags/example_trigger_target_dag.py
[2024-11-03T01:00:46.559+0000] {processor.py:925} INFO - DAG(s) 'example_trigger_target_dag' retrieved from /home/airflow/.local/lib/python3.12/site-packages/airflow/example_dags/example_trigger_target_dag.py
[2024-11-03T01:00:46.580+0000] {logging_mixin.py:190} INFO - [2024-11-03T01:00:46.579+0000] {dag.py:3239} INFO - Sync 1 DAGs
[2024-11-03T01:00:46.598+0000] {logging_mixin.py:190} INFO - [2024-11-03T01:00:46.598+0000] {dag.py:4180} INFO - Setting next_dagrun for example_trigger_target_dag to None, run_after=None
[2024-11-03T01:00:46.617+0000] {processor.py:208} INFO - Processing /home/airflow/.local/lib/python3.12/site-packages/airflow/example_dags/example_trigger_target_dag.py took 0.073 seconds
[2024-11-03T01:01:17.091+0000] {processor.py:186} INFO - Started process (PID=1738) to work on /home/airflow/.local/lib/python3.12/site-packages/airflow/example_dags/example_trigger_target_dag.py
[2024-11-03T01:01:17.092+0000] {processor.py:914} INFO - Processing file /home/airflow/.local/lib/python3.12/site-packages/airflow/example_dags/example_trigger_target_dag.py for tasks to queue
[2024-11-03T01:01:17.094+0000] {logging_mixin.py:190} INFO - [2024-11-03T01:01:17.094+0000] {dagbag.py:588} INFO - Filling up the DagBag from /home/airflow/.local/lib/python3.12/site-packages/airflow/example_dags/example_trigger_target_dag.py
[2024-11-03T01:01:17.100+0000] {processor.py:925} INFO - DAG(s) 'example_trigger_target_dag' retrieved from /home/airflow/.local/lib/python3.12/site-packages/airflow/example_dags/example_trigger_target_dag.py
[2024-11-03T01:01:17.116+0000] {logging_mixin.py:190} INFO - [2024-11-03T01:01:17.116+0000] {dag.py:3239} INFO - Sync 1 DAGs
[2024-11-03T01:01:17.128+0000] {logging_mixin.py:190} INFO - [2024-11-03T01:01:17.128+0000] {dag.py:4180} INFO - Setting next_dagrun for example_trigger_target_dag to None, run_after=None
[2024-11-03T01:01:17.144+0000] {processor.py:208} INFO - Processing /home/airflow/.local/lib/python3.12/site-packages/airflow/example_dags/example_trigger_target_dag.py took 0.057 seconds
[2024-11-03T01:01:47.389+0000] {processor.py:186} INFO - Started process (PID=1801) to work on /home/airflow/.local/lib/python3.12/site-packages/airflow/example_dags/example_trigger_target_dag.py
[2024-11-03T01:01:47.390+0000] {processor.py:914} INFO - Processing file /home/airflow/.local/lib/python3.12/site-packages/airflow/example_dags/example_trigger_target_dag.py for tasks to queue
[2024-11-03T01:01:47.391+0000] {logging_mixin.py:190} INFO - [2024-11-03T01:01:47.391+0000] {dagbag.py:588} INFO - Filling up the DagBag from /home/airflow/.local/lib/python3.12/site-packages/airflow/example_dags/example_trigger_target_dag.py
[2024-11-03T01:01:47.397+0000] {processor.py:925} INFO - DAG(s) 'example_trigger_target_dag' retrieved from /home/airflow/.local/lib/python3.12/site-packages/airflow/example_dags/example_trigger_target_dag.py
[2024-11-03T01:01:47.413+0000] {logging_mixin.py:190} INFO - [2024-11-03T01:01:47.413+0000] {dag.py:3239} INFO - Sync 1 DAGs
[2024-11-03T01:01:47.425+0000] {logging_mixin.py:190} INFO - [2024-11-03T01:01:47.425+0000] {dag.py:4180} INFO - Setting next_dagrun for example_trigger_target_dag to None, run_after=None
[2024-11-03T01:01:47.441+0000] {processor.py:208} INFO - Processing /home/airflow/.local/lib/python3.12/site-packages/airflow/example_dags/example_trigger_target_dag.py took 0.057 seconds
[2024-11-03T01:02:17.674+0000] {processor.py:186} INFO - Started process (PID=1864) to work on /home/airflow/.local/lib/python3.12/site-packages/airflow/example_dags/example_trigger_target_dag.py
[2024-11-03T01:02:17.674+0000] {processor.py:914} INFO - Processing file /home/airflow/.local/lib/python3.12/site-packages/airflow/example_dags/example_trigger_target_dag.py for tasks to queue
[2024-11-03T01:02:17.676+0000] {logging_mixin.py:190} INFO - [2024-11-03T01:02:17.676+0000] {dagbag.py:588} INFO - Filling up the DagBag from /home/airflow/.local/lib/python3.12/site-packages/airflow/example_dags/example_trigger_target_dag.py
[2024-11-03T01:02:17.683+0000] {processor.py:925} INFO - DAG(s) 'example_trigger_target_dag' retrieved from /home/airflow/.local/lib/python3.12/site-packages/airflow/example_dags/example_trigger_target_dag.py
[2024-11-03T01:02:17.700+0000] {logging_mixin.py:190} INFO - [2024-11-03T01:02:17.700+0000] {dag.py:3239} INFO - Sync 1 DAGs
[2024-11-03T01:02:17.712+0000] {logging_mixin.py:190} INFO - [2024-11-03T01:02:17.712+0000] {dag.py:4180} INFO - Setting next_dagrun for example_trigger_target_dag to None, run_after=None
[2024-11-03T01:02:17.727+0000] {processor.py:208} INFO - Processing /home/airflow/.local/lib/python3.12/site-packages/airflow/example_dags/example_trigger_target_dag.py took 0.058 seconds
[2024-11-03T01:02:48.008+0000] {processor.py:186} INFO - Started process (PID=1927) to work on /home/airflow/.local/lib/python3.12/site-packages/airflow/example_dags/example_trigger_target_dag.py
[2024-11-03T01:02:48.008+0000] {processor.py:914} INFO - Processing file /home/airflow/.local/lib/python3.12/site-packages/airflow/example_dags/example_trigger_target_dag.py for tasks to queue
[2024-11-03T01:02:48.010+0000] {logging_mixin.py:190} INFO - [2024-11-03T01:02:48.010+0000] {dagbag.py:588} INFO - Filling up the DagBag from /home/airflow/.local/lib/python3.12/site-packages/airflow/example_dags/example_trigger_target_dag.py
[2024-11-03T01:02:48.018+0000] {processor.py:925} INFO - DAG(s) 'example_trigger_target_dag' retrieved from /home/airflow/.local/lib/python3.12/site-packages/airflow/example_dags/example_trigger_target_dag.py
[2024-11-03T01:02:48.034+0000] {logging_mixin.py:190} INFO - [2024-11-03T01:02:48.034+0000] {dag.py:3239} INFO - Sync 1 DAGs
[2024-11-03T01:02:48.046+0000] {logging_mixin.py:190} INFO - [2024-11-03T01:02:48.046+0000] {dag.py:4180} INFO - Setting next_dagrun for example_trigger_target_dag to None, run_after=None
[2024-11-03T01:02:48.061+0000] {processor.py:208} INFO - Processing /home/airflow/.local/lib/python3.12/site-packages/airflow/example_dags/example_trigger_target_dag.py took 0.058 seconds
[2024-11-03T01:03:18.606+0000] {processor.py:186} INFO - Started process (PID=1990) to work on /home/airflow/.local/lib/python3.12/site-packages/airflow/example_dags/example_trigger_target_dag.py
[2024-11-03T01:03:18.606+0000] {processor.py:914} INFO - Processing file /home/airflow/.local/lib/python3.12/site-packages/airflow/example_dags/example_trigger_target_dag.py for tasks to queue
[2024-11-03T01:03:18.608+0000] {logging_mixin.py:190} INFO - [2024-11-03T01:03:18.608+0000] {dagbag.py:588} INFO - Filling up the DagBag from /home/airflow/.local/lib/python3.12/site-packages/airflow/example_dags/example_trigger_target_dag.py
[2024-11-03T01:03:18.615+0000] {processor.py:925} INFO - DAG(s) 'example_trigger_target_dag' retrieved from /home/airflow/.local/lib/python3.12/site-packages/airflow/example_dags/example_trigger_target_dag.py
[2024-11-03T01:03:18.631+0000] {logging_mixin.py:190} INFO - [2024-11-03T01:03:18.631+0000] {dag.py:3239} INFO - Sync 1 DAGs
[2024-11-03T01:03:18.643+0000] {logging_mixin.py:190} INFO - [2024-11-03T01:03:18.643+0000] {dag.py:4180} INFO - Setting next_dagrun for example_trigger_target_dag to None, run_after=None
[2024-11-03T01:03:18.660+0000] {processor.py:208} INFO - Processing /home/airflow/.local/lib/python3.12/site-packages/airflow/example_dags/example_trigger_target_dag.py took 0.059 seconds
[2024-11-03T01:03:49.447+0000] {processor.py:186} INFO - Started process (PID=2053) to work on /home/airflow/.local/lib/python3.12/site-packages/airflow/example_dags/example_trigger_target_dag.py
[2024-11-03T01:03:49.448+0000] {processor.py:914} INFO - Processing file /home/airflow/.local/lib/python3.12/site-packages/airflow/example_dags/example_trigger_target_dag.py for tasks to queue
[2024-11-03T01:03:49.452+0000] {logging_mixin.py:190} INFO - [2024-11-03T01:03:49.452+0000] {dagbag.py:588} INFO - Filling up the DagBag from /home/airflow/.local/lib/python3.12/site-packages/airflow/example_dags/example_trigger_target_dag.py
[2024-11-03T01:03:49.460+0000] {processor.py:925} INFO - DAG(s) 'example_trigger_target_dag' retrieved from /home/airflow/.local/lib/python3.12/site-packages/airflow/example_dags/example_trigger_target_dag.py
[2024-11-03T01:03:49.491+0000] {logging_mixin.py:190} INFO - [2024-11-03T01:03:49.491+0000] {dag.py:3239} INFO - Sync 1 DAGs
[2024-11-03T01:03:49.510+0000] {logging_mixin.py:190} INFO - [2024-11-03T01:03:49.509+0000] {dag.py:4180} INFO - Setting next_dagrun for example_trigger_target_dag to None, run_after=None
[2024-11-03T01:03:49.535+0000] {processor.py:208} INFO - Processing /home/airflow/.local/lib/python3.12/site-packages/airflow/example_dags/example_trigger_target_dag.py took 0.094 seconds
[2024-11-03T01:04:19.998+0000] {processor.py:186} INFO - Started process (PID=2116) to work on /home/airflow/.local/lib/python3.12/site-packages/airflow/example_dags/example_trigger_target_dag.py
[2024-11-03T01:04:19.999+0000] {processor.py:914} INFO - Processing file /home/airflow/.local/lib/python3.12/site-packages/airflow/example_dags/example_trigger_target_dag.py for tasks to queue
[2024-11-03T01:04:20.001+0000] {logging_mixin.py:190} INFO - [2024-11-03T01:04:20.001+0000] {dagbag.py:588} INFO - Filling up the DagBag from /home/airflow/.local/lib/python3.12/site-packages/airflow/example_dags/example_trigger_target_dag.py
[2024-11-03T01:04:20.007+0000] {processor.py:925} INFO - DAG(s) 'example_trigger_target_dag' retrieved from /home/airflow/.local/lib/python3.12/site-packages/airflow/example_dags/example_trigger_target_dag.py
[2024-11-03T01:04:20.025+0000] {logging_mixin.py:190} INFO - [2024-11-03T01:04:20.024+0000] {dag.py:3239} INFO - Sync 1 DAGs
[2024-11-03T01:04:20.037+0000] {logging_mixin.py:190} INFO - [2024-11-03T01:04:20.036+0000] {dag.py:4180} INFO - Setting next_dagrun for example_trigger_target_dag to None, run_after=None
[2024-11-03T01:04:20.052+0000] {processor.py:208} INFO - Processing /home/airflow/.local/lib/python3.12/site-packages/airflow/example_dags/example_trigger_target_dag.py took 0.059 seconds
[2024-11-03T01:04:50.712+0000] {processor.py:186} INFO - Started process (PID=2179) to work on /home/airflow/.local/lib/python3.12/site-packages/airflow/example_dags/example_trigger_target_dag.py
[2024-11-03T01:04:50.713+0000] {processor.py:914} INFO - Processing file /home/airflow/.local/lib/python3.12/site-packages/airflow/example_dags/example_trigger_target_dag.py for tasks to queue
[2024-11-03T01:04:50.715+0000] {logging_mixin.py:190} INFO - [2024-11-03T01:04:50.715+0000] {dagbag.py:588} INFO - Filling up the DagBag from /home/airflow/.local/lib/python3.12/site-packages/airflow/example_dags/example_trigger_target_dag.py
[2024-11-03T01:04:50.722+0000] {processor.py:925} INFO - DAG(s) 'example_trigger_target_dag' retrieved from /home/airflow/.local/lib/python3.12/site-packages/airflow/example_dags/example_trigger_target_dag.py
[2024-11-03T01:04:50.742+0000] {logging_mixin.py:190} INFO - [2024-11-03T01:04:50.742+0000] {dag.py:3239} INFO - Sync 1 DAGs
[2024-11-03T01:04:50.756+0000] {logging_mixin.py:190} INFO - [2024-11-03T01:04:50.756+0000] {dag.py:4180} INFO - Setting next_dagrun for example_trigger_target_dag to None, run_after=None
[2024-11-03T01:04:50.776+0000] {processor.py:208} INFO - Processing /home/airflow/.local/lib/python3.12/site-packages/airflow/example_dags/example_trigger_target_dag.py took 0.068 seconds
[2024-11-03T01:05:21.460+0000] {processor.py:186} INFO - Started process (PID=2242) to work on /home/airflow/.local/lib/python3.12/site-packages/airflow/example_dags/example_trigger_target_dag.py
[2024-11-03T01:05:21.462+0000] {processor.py:914} INFO - Processing file /home/airflow/.local/lib/python3.12/site-packages/airflow/example_dags/example_trigger_target_dag.py for tasks to queue
[2024-11-03T01:05:21.466+0000] {logging_mixin.py:190} INFO - [2024-11-03T01:05:21.466+0000] {dagbag.py:588} INFO - Filling up the DagBag from /home/airflow/.local/lib/python3.12/site-packages/airflow/example_dags/example_trigger_target_dag.py
[2024-11-03T01:05:21.475+0000] {processor.py:925} INFO - DAG(s) 'example_trigger_target_dag' retrieved from /home/airflow/.local/lib/python3.12/site-packages/airflow/example_dags/example_trigger_target_dag.py
[2024-11-03T01:05:21.493+0000] {logging_mixin.py:190} INFO - [2024-11-03T01:05:21.493+0000] {dag.py:3239} INFO - Sync 1 DAGs
[2024-11-03T01:05:21.508+0000] {logging_mixin.py:190} INFO - [2024-11-03T01:05:21.507+0000] {dag.py:4180} INFO - Setting next_dagrun for example_trigger_target_dag to None, run_after=None
[2024-11-03T01:05:21.526+0000] {processor.py:208} INFO - Processing /home/airflow/.local/lib/python3.12/site-packages/airflow/example_dags/example_trigger_target_dag.py took 0.073 seconds
[2024-11-03T01:05:51.747+0000] {processor.py:186} INFO - Started process (PID=2305) to work on /home/airflow/.local/lib/python3.12/site-packages/airflow/example_dags/example_trigger_target_dag.py
[2024-11-03T01:05:51.748+0000] {processor.py:914} INFO - Processing file /home/airflow/.local/lib/python3.12/site-packages/airflow/example_dags/example_trigger_target_dag.py for tasks to queue
[2024-11-03T01:05:51.750+0000] {logging_mixin.py:190} INFO - [2024-11-03T01:05:51.750+0000] {dagbag.py:588} INFO - Filling up the DagBag from /home/airflow/.local/lib/python3.12/site-packages/airflow/example_dags/example_trigger_target_dag.py
[2024-11-03T01:05:51.756+0000] {processor.py:925} INFO - DAG(s) 'example_trigger_target_dag' retrieved from /home/airflow/.local/lib/python3.12/site-packages/airflow/example_dags/example_trigger_target_dag.py
[2024-11-03T01:05:51.773+0000] {logging_mixin.py:190} INFO - [2024-11-03T01:05:51.773+0000] {dag.py:3239} INFO - Sync 1 DAGs
[2024-11-03T01:05:51.787+0000] {logging_mixin.py:190} INFO - [2024-11-03T01:05:51.787+0000] {dag.py:4180} INFO - Setting next_dagrun for example_trigger_target_dag to None, run_after=None
[2024-11-03T01:05:51.805+0000] {processor.py:208} INFO - Processing /home/airflow/.local/lib/python3.12/site-packages/airflow/example_dags/example_trigger_target_dag.py took 0.062 seconds
[2024-11-03T01:06:22.638+0000] {processor.py:186} INFO - Started process (PID=2368) to work on /home/airflow/.local/lib/python3.12/site-packages/airflow/example_dags/example_trigger_target_dag.py
[2024-11-03T01:06:22.639+0000] {processor.py:914} INFO - Processing file /home/airflow/.local/lib/python3.12/site-packages/airflow/example_dags/example_trigger_target_dag.py for tasks to queue
[2024-11-03T01:06:22.641+0000] {logging_mixin.py:190} INFO - [2024-11-03T01:06:22.641+0000] {dagbag.py:588} INFO - Filling up the DagBag from /home/airflow/.local/lib/python3.12/site-packages/airflow/example_dags/example_trigger_target_dag.py
[2024-11-03T01:06:22.648+0000] {processor.py:925} INFO - DAG(s) 'example_trigger_target_dag' retrieved from /home/airflow/.local/lib/python3.12/site-packages/airflow/example_dags/example_trigger_target_dag.py
[2024-11-03T01:06:22.666+0000] {logging_mixin.py:190} INFO - [2024-11-03T01:06:22.666+0000] {dag.py:3239} INFO - Sync 1 DAGs
[2024-11-03T01:06:22.681+0000] {logging_mixin.py:190} INFO - [2024-11-03T01:06:22.681+0000] {dag.py:4180} INFO - Setting next_dagrun for example_trigger_target_dag to None, run_after=None
[2024-11-03T01:06:22.706+0000] {processor.py:208} INFO - Processing /home/airflow/.local/lib/python3.12/site-packages/airflow/example_dags/example_trigger_target_dag.py took 0.073 seconds
