[2024-11-03T00:00:04.222+0000] {processor.py:186} INFO - Started process (PID=799) to work on /home/airflow/.local/lib/python3.12/site-packages/airflow/example_dags/example_sla_dag.py
[2024-11-03T00:00:04.222+0000] {processor.py:914} INFO - Processing file /home/airflow/.local/lib/python3.12/site-packages/airflow/example_dags/example_sla_dag.py for tasks to queue
[2024-11-03T00:00:04.224+0000] {logging_mixin.py:190} INFO - [2024-11-03T00:00:04.224+0000] {dagbag.py:588} INFO - Filling up the DagBag from /home/airflow/.local/lib/python3.12/site-packages/airflow/example_dags/example_sla_dag.py
[2024-11-03T00:00:04.232+0000] {processor.py:925} INFO - DAG(s) 'example_sla_dag' retrieved from /home/airflow/.local/lib/python3.12/site-packages/airflow/example_dags/example_sla_dag.py
[2024-11-03T00:00:04.249+0000] {logging_mixin.py:190} INFO - [2024-11-03T00:00:04.248+0000] {dag.py:3239} INFO - Sync 1 DAGs
[2024-11-03T00:00:04.271+0000] {logging_mixin.py:190} INFO - [2024-11-03T00:00:04.270+0000] {dag.py:4180} INFO - Setting next_dagrun for example_sla_dag to 2024-11-02 23:58:00+00:00, run_after=2024-11-03 00:00:00+00:00
[2024-11-03T00:00:04.285+0000] {processor.py:208} INFO - Processing /home/airflow/.local/lib/python3.12/site-packages/airflow/example_dags/example_sla_dag.py took 0.068 seconds
[2024-11-03T00:00:34.750+0000] {processor.py:186} INFO - Started process (PID=862) to work on /home/airflow/.local/lib/python3.12/site-packages/airflow/example_dags/example_sla_dag.py
[2024-11-03T00:00:34.751+0000] {processor.py:914} INFO - Processing file /home/airflow/.local/lib/python3.12/site-packages/airflow/example_dags/example_sla_dag.py for tasks to queue
[2024-11-03T00:00:34.752+0000] {logging_mixin.py:190} INFO - [2024-11-03T00:00:34.752+0000] {dagbag.py:588} INFO - Filling up the DagBag from /home/airflow/.local/lib/python3.12/site-packages/airflow/example_dags/example_sla_dag.py
[2024-11-03T00:00:34.760+0000] {processor.py:925} INFO - DAG(s) 'example_sla_dag' retrieved from /home/airflow/.local/lib/python3.12/site-packages/airflow/example_dags/example_sla_dag.py
[2024-11-03T00:00:34.782+0000] {logging_mixin.py:190} INFO - [2024-11-03T00:00:34.781+0000] {dag.py:3239} INFO - Sync 1 DAGs
[2024-11-03T00:00:34.803+0000] {logging_mixin.py:190} INFO - [2024-11-03T00:00:34.803+0000] {dag.py:4180} INFO - Setting next_dagrun for example_sla_dag to 2024-11-02 23:58:00+00:00, run_after=2024-11-03 00:00:00+00:00
[2024-11-03T00:00:34.817+0000] {processor.py:208} INFO - Processing /home/airflow/.local/lib/python3.12/site-packages/airflow/example_dags/example_sla_dag.py took 0.072 seconds
[2024-11-03T00:01:05.934+0000] {processor.py:186} INFO - Started process (PID=925) to work on /home/airflow/.local/lib/python3.12/site-packages/airflow/example_dags/example_sla_dag.py
[2024-11-03T00:01:05.935+0000] {processor.py:914} INFO - Processing file /home/airflow/.local/lib/python3.12/site-packages/airflow/example_dags/example_sla_dag.py for tasks to queue
[2024-11-03T00:01:05.938+0000] {logging_mixin.py:190} INFO - [2024-11-03T00:01:05.937+0000] {dagbag.py:588} INFO - Filling up the DagBag from /home/airflow/.local/lib/python3.12/site-packages/airflow/example_dags/example_sla_dag.py
[2024-11-03T00:01:05.947+0000] {processor.py:925} INFO - DAG(s) 'example_sla_dag' retrieved from /home/airflow/.local/lib/python3.12/site-packages/airflow/example_dags/example_sla_dag.py
[2024-11-03T00:01:05.970+0000] {logging_mixin.py:190} INFO - [2024-11-03T00:01:05.970+0000] {dag.py:3239} INFO - Sync 1 DAGs
[2024-11-03T00:01:05.997+0000] {logging_mixin.py:190} INFO - [2024-11-03T00:01:05.996+0000] {dag.py:4180} INFO - Setting next_dagrun for example_sla_dag to 2024-11-02 23:58:00+00:00, run_after=2024-11-03 00:00:00+00:00
[2024-11-03T00:01:06.014+0000] {processor.py:208} INFO - Processing /home/airflow/.local/lib/python3.12/site-packages/airflow/example_dags/example_sla_dag.py took 0.086 seconds
[2024-11-03T00:01:36.350+0000] {processor.py:186} INFO - Started process (PID=988) to work on /home/airflow/.local/lib/python3.12/site-packages/airflow/example_dags/example_sla_dag.py
[2024-11-03T00:01:36.351+0000] {processor.py:914} INFO - Processing file /home/airflow/.local/lib/python3.12/site-packages/airflow/example_dags/example_sla_dag.py for tasks to queue
[2024-11-03T00:01:36.352+0000] {logging_mixin.py:190} INFO - [2024-11-03T00:01:36.352+0000] {dagbag.py:588} INFO - Filling up the DagBag from /home/airflow/.local/lib/python3.12/site-packages/airflow/example_dags/example_sla_dag.py
[2024-11-03T00:01:36.361+0000] {processor.py:925} INFO - DAG(s) 'example_sla_dag' retrieved from /home/airflow/.local/lib/python3.12/site-packages/airflow/example_dags/example_sla_dag.py
[2024-11-03T00:01:36.378+0000] {logging_mixin.py:190} INFO - [2024-11-03T00:01:36.377+0000] {dag.py:3239} INFO - Sync 1 DAGs
[2024-11-03T00:01:36.399+0000] {logging_mixin.py:190} INFO - [2024-11-03T00:01:36.399+0000] {dag.py:4180} INFO - Setting next_dagrun for example_sla_dag to 2024-11-02 23:58:00+00:00, run_after=2024-11-03 00:00:00+00:00
[2024-11-03T00:01:36.414+0000] {processor.py:208} INFO - Processing /home/airflow/.local/lib/python3.12/site-packages/airflow/example_dags/example_sla_dag.py took 0.070 seconds
[2024-11-03T00:48:07.405+0000] {processor.py:186} INFO - Started process (PID=104) to work on /home/airflow/.local/lib/python3.12/site-packages/airflow/example_dags/example_sla_dag.py
[2024-11-03T00:48:07.406+0000] {processor.py:914} INFO - Processing file /home/airflow/.local/lib/python3.12/site-packages/airflow/example_dags/example_sla_dag.py for tasks to queue
[2024-11-03T00:48:07.408+0000] {logging_mixin.py:190} INFO - [2024-11-03T00:48:07.408+0000] {dagbag.py:588} INFO - Filling up the DagBag from /home/airflow/.local/lib/python3.12/site-packages/airflow/example_dags/example_sla_dag.py
[2024-11-03T00:48:07.417+0000] {processor.py:925} INFO - DAG(s) 'example_sla_dag' retrieved from /home/airflow/.local/lib/python3.12/site-packages/airflow/example_dags/example_sla_dag.py
[2024-11-03T00:48:07.507+0000] {logging_mixin.py:190} INFO - [2024-11-03T00:48:07.507+0000] {override.py:1900} INFO - Created Permission View: can delete on DAG:example_sla_dag
[2024-11-03T00:48:07.516+0000] {logging_mixin.py:190} INFO - [2024-11-03T00:48:07.516+0000] {override.py:1900} INFO - Created Permission View: can edit on DAG:example_sla_dag
[2024-11-03T00:48:07.522+0000] {logging_mixin.py:190} INFO - [2024-11-03T00:48:07.521+0000] {override.py:1900} INFO - Created Permission View: can read on DAG:example_sla_dag
[2024-11-03T00:48:07.529+0000] {logging_mixin.py:190} INFO - [2024-11-03T00:48:07.529+0000] {override.py:1900} INFO - Created Permission View: can create on DAG Run:example_sla_dag
[2024-11-03T00:48:07.534+0000] {logging_mixin.py:190} INFO - [2024-11-03T00:48:07.534+0000] {override.py:1900} INFO - Created Permission View: can delete on DAG Run:example_sla_dag
[2024-11-03T00:48:07.540+0000] {logging_mixin.py:190} INFO - [2024-11-03T00:48:07.540+0000] {override.py:1900} INFO - Created Permission View: menu access on DAG Run:example_sla_dag
[2024-11-03T00:48:07.546+0000] {logging_mixin.py:190} INFO - [2024-11-03T00:48:07.546+0000] {override.py:1900} INFO - Created Permission View: can read on DAG Run:example_sla_dag
[2024-11-03T00:48:07.546+0000] {logging_mixin.py:190} INFO - [2024-11-03T00:48:07.546+0000] {dag.py:3239} INFO - Sync 1 DAGs
[2024-11-03T00:48:07.558+0000] {logging_mixin.py:190} INFO - [2024-11-03T00:48:07.558+0000] {dag.py:3262} INFO - Creating ORM DAG for example_sla_dag
[2024-11-03T00:48:07.568+0000] {logging_mixin.py:190} INFO - [2024-11-03T00:48:07.568+0000] {dag.py:4180} INFO - Setting next_dagrun for example_sla_dag to 2024-11-03 00:46:00+00:00, run_after=2024-11-03 00:48:00+00:00
[2024-11-03T00:48:07.581+0000] {processor.py:208} INFO - Processing /home/airflow/.local/lib/python3.12/site-packages/airflow/example_dags/example_sla_dag.py took 0.181 seconds
[2024-11-03T00:48:38.329+0000] {processor.py:186} INFO - Started process (PID=167) to work on /home/airflow/.local/lib/python3.12/site-packages/airflow/example_dags/example_sla_dag.py
[2024-11-03T00:48:38.329+0000] {processor.py:914} INFO - Processing file /home/airflow/.local/lib/python3.12/site-packages/airflow/example_dags/example_sla_dag.py for tasks to queue
[2024-11-03T00:48:38.332+0000] {logging_mixin.py:190} INFO - [2024-11-03T00:48:38.332+0000] {dagbag.py:588} INFO - Filling up the DagBag from /home/airflow/.local/lib/python3.12/site-packages/airflow/example_dags/example_sla_dag.py
[2024-11-03T00:48:38.339+0000] {processor.py:925} INFO - DAG(s) 'example_sla_dag' retrieved from /home/airflow/.local/lib/python3.12/site-packages/airflow/example_dags/example_sla_dag.py
[2024-11-03T00:48:38.354+0000] {logging_mixin.py:190} INFO - [2024-11-03T00:48:38.354+0000] {dag.py:3239} INFO - Sync 1 DAGs
[2024-11-03T00:48:38.374+0000] {logging_mixin.py:190} INFO - [2024-11-03T00:48:38.374+0000] {dag.py:4180} INFO - Setting next_dagrun for example_sla_dag to 2024-11-03 00:46:00+00:00, run_after=2024-11-03 00:48:00+00:00
[2024-11-03T00:48:38.389+0000] {processor.py:208} INFO - Processing /home/airflow/.local/lib/python3.12/site-packages/airflow/example_dags/example_sla_dag.py took 0.065 seconds
[2024-11-03T00:49:08.701+0000] {processor.py:186} INFO - Started process (PID=230) to work on /home/airflow/.local/lib/python3.12/site-packages/airflow/example_dags/example_sla_dag.py
[2024-11-03T00:49:08.702+0000] {processor.py:914} INFO - Processing file /home/airflow/.local/lib/python3.12/site-packages/airflow/example_dags/example_sla_dag.py for tasks to queue
[2024-11-03T00:49:08.705+0000] {logging_mixin.py:190} INFO - [2024-11-03T00:49:08.704+0000] {dagbag.py:588} INFO - Filling up the DagBag from /home/airflow/.local/lib/python3.12/site-packages/airflow/example_dags/example_sla_dag.py
[2024-11-03T00:49:08.712+0000] {processor.py:925} INFO - DAG(s) 'example_sla_dag' retrieved from /home/airflow/.local/lib/python3.12/site-packages/airflow/example_dags/example_sla_dag.py
[2024-11-03T00:49:08.728+0000] {logging_mixin.py:190} INFO - [2024-11-03T00:49:08.728+0000] {dag.py:3239} INFO - Sync 1 DAGs
[2024-11-03T00:49:08.750+0000] {logging_mixin.py:190} INFO - [2024-11-03T00:49:08.750+0000] {dag.py:4180} INFO - Setting next_dagrun for example_sla_dag to 2024-11-03 00:46:00+00:00, run_after=2024-11-03 00:48:00+00:00
[2024-11-03T00:49:08.766+0000] {processor.py:208} INFO - Processing /home/airflow/.local/lib/python3.12/site-packages/airflow/example_dags/example_sla_dag.py took 0.069 seconds
[2024-11-03T00:49:39.058+0000] {processor.py:186} INFO - Started process (PID=293) to work on /home/airflow/.local/lib/python3.12/site-packages/airflow/example_dags/example_sla_dag.py
[2024-11-03T00:49:39.059+0000] {processor.py:914} INFO - Processing file /home/airflow/.local/lib/python3.12/site-packages/airflow/example_dags/example_sla_dag.py for tasks to queue
[2024-11-03T00:49:39.061+0000] {logging_mixin.py:190} INFO - [2024-11-03T00:49:39.061+0000] {dagbag.py:588} INFO - Filling up the DagBag from /home/airflow/.local/lib/python3.12/site-packages/airflow/example_dags/example_sla_dag.py
[2024-11-03T00:49:39.069+0000] {processor.py:925} INFO - DAG(s) 'example_sla_dag' retrieved from /home/airflow/.local/lib/python3.12/site-packages/airflow/example_dags/example_sla_dag.py
[2024-11-03T00:49:39.084+0000] {logging_mixin.py:190} INFO - [2024-11-03T00:49:39.084+0000] {dag.py:3239} INFO - Sync 1 DAGs
[2024-11-03T00:49:39.105+0000] {logging_mixin.py:190} INFO - [2024-11-03T00:49:39.104+0000] {dag.py:4180} INFO - Setting next_dagrun for example_sla_dag to 2024-11-03 00:46:00+00:00, run_after=2024-11-03 00:48:00+00:00
[2024-11-03T00:49:39.121+0000] {processor.py:208} INFO - Processing /home/airflow/.local/lib/python3.12/site-packages/airflow/example_dags/example_sla_dag.py took 0.067 seconds
[2024-11-03T00:50:09.649+0000] {processor.py:186} INFO - Started process (PID=356) to work on /home/airflow/.local/lib/python3.12/site-packages/airflow/example_dags/example_sla_dag.py
[2024-11-03T00:50:09.650+0000] {processor.py:914} INFO - Processing file /home/airflow/.local/lib/python3.12/site-packages/airflow/example_dags/example_sla_dag.py for tasks to queue
[2024-11-03T00:50:09.652+0000] {logging_mixin.py:190} INFO - [2024-11-03T00:50:09.652+0000] {dagbag.py:588} INFO - Filling up the DagBag from /home/airflow/.local/lib/python3.12/site-packages/airflow/example_dags/example_sla_dag.py
[2024-11-03T00:50:09.660+0000] {processor.py:925} INFO - DAG(s) 'example_sla_dag' retrieved from /home/airflow/.local/lib/python3.12/site-packages/airflow/example_dags/example_sla_dag.py
[2024-11-03T00:50:09.675+0000] {logging_mixin.py:190} INFO - [2024-11-03T00:50:09.675+0000] {dag.py:3239} INFO - Sync 1 DAGs
[2024-11-03T00:50:09.694+0000] {logging_mixin.py:190} INFO - [2024-11-03T00:50:09.694+0000] {dag.py:4180} INFO - Setting next_dagrun for example_sla_dag to 2024-11-03 00:48:00+00:00, run_after=2024-11-03 00:50:00+00:00
[2024-11-03T00:50:09.709+0000] {processor.py:208} INFO - Processing /home/airflow/.local/lib/python3.12/site-packages/airflow/example_dags/example_sla_dag.py took 0.064 seconds
[2024-11-03T00:50:40.165+0000] {processor.py:186} INFO - Started process (PID=419) to work on /home/airflow/.local/lib/python3.12/site-packages/airflow/example_dags/example_sla_dag.py
[2024-11-03T00:50:40.166+0000] {processor.py:914} INFO - Processing file /home/airflow/.local/lib/python3.12/site-packages/airflow/example_dags/example_sla_dag.py for tasks to queue
[2024-11-03T00:50:40.168+0000] {logging_mixin.py:190} INFO - [2024-11-03T00:50:40.168+0000] {dagbag.py:588} INFO - Filling up the DagBag from /home/airflow/.local/lib/python3.12/site-packages/airflow/example_dags/example_sla_dag.py
[2024-11-03T00:50:40.176+0000] {processor.py:925} INFO - DAG(s) 'example_sla_dag' retrieved from /home/airflow/.local/lib/python3.12/site-packages/airflow/example_dags/example_sla_dag.py
[2024-11-03T00:50:40.191+0000] {logging_mixin.py:190} INFO - [2024-11-03T00:50:40.191+0000] {dag.py:3239} INFO - Sync 1 DAGs
[2024-11-03T00:50:40.212+0000] {logging_mixin.py:190} INFO - [2024-11-03T00:50:40.212+0000] {dag.py:4180} INFO - Setting next_dagrun for example_sla_dag to 2024-11-03 00:48:00+00:00, run_after=2024-11-03 00:50:00+00:00
[2024-11-03T00:50:40.227+0000] {processor.py:208} INFO - Processing /home/airflow/.local/lib/python3.12/site-packages/airflow/example_dags/example_sla_dag.py took 0.066 seconds
[2024-11-03T00:51:10.401+0000] {processor.py:186} INFO - Started process (PID=482) to work on /home/airflow/.local/lib/python3.12/site-packages/airflow/example_dags/example_sla_dag.py
[2024-11-03T00:51:10.402+0000] {processor.py:914} INFO - Processing file /home/airflow/.local/lib/python3.12/site-packages/airflow/example_dags/example_sla_dag.py for tasks to queue
[2024-11-03T00:51:10.404+0000] {logging_mixin.py:190} INFO - [2024-11-03T00:51:10.404+0000] {dagbag.py:588} INFO - Filling up the DagBag from /home/airflow/.local/lib/python3.12/site-packages/airflow/example_dags/example_sla_dag.py
[2024-11-03T00:51:10.413+0000] {processor.py:925} INFO - DAG(s) 'example_sla_dag' retrieved from /home/airflow/.local/lib/python3.12/site-packages/airflow/example_dags/example_sla_dag.py
[2024-11-03T00:51:10.430+0000] {logging_mixin.py:190} INFO - [2024-11-03T00:51:10.430+0000] {dag.py:3239} INFO - Sync 1 DAGs
[2024-11-03T00:51:10.454+0000] {logging_mixin.py:190} INFO - [2024-11-03T00:51:10.454+0000] {dag.py:4180} INFO - Setting next_dagrun for example_sla_dag to 2024-11-03 00:48:00+00:00, run_after=2024-11-03 00:50:00+00:00
[2024-11-03T00:51:10.472+0000] {processor.py:208} INFO - Processing /home/airflow/.local/lib/python3.12/site-packages/airflow/example_dags/example_sla_dag.py took 0.075 seconds
[2024-11-03T00:51:41.105+0000] {processor.py:186} INFO - Started process (PID=545) to work on /home/airflow/.local/lib/python3.12/site-packages/airflow/example_dags/example_sla_dag.py
[2024-11-03T00:51:41.106+0000] {processor.py:914} INFO - Processing file /home/airflow/.local/lib/python3.12/site-packages/airflow/example_dags/example_sla_dag.py for tasks to queue
[2024-11-03T00:51:41.109+0000] {logging_mixin.py:190} INFO - [2024-11-03T00:51:41.108+0000] {dagbag.py:588} INFO - Filling up the DagBag from /home/airflow/.local/lib/python3.12/site-packages/airflow/example_dags/example_sla_dag.py
[2024-11-03T00:51:41.117+0000] {processor.py:925} INFO - DAG(s) 'example_sla_dag' retrieved from /home/airflow/.local/lib/python3.12/site-packages/airflow/example_dags/example_sla_dag.py
[2024-11-03T00:51:41.133+0000] {logging_mixin.py:190} INFO - [2024-11-03T00:51:41.133+0000] {dag.py:3239} INFO - Sync 1 DAGs
[2024-11-03T00:51:41.155+0000] {logging_mixin.py:190} INFO - [2024-11-03T00:51:41.155+0000] {dag.py:4180} INFO - Setting next_dagrun for example_sla_dag to 2024-11-03 00:48:00+00:00, run_after=2024-11-03 00:50:00+00:00
[2024-11-03T00:51:41.171+0000] {processor.py:208} INFO - Processing /home/airflow/.local/lib/python3.12/site-packages/airflow/example_dags/example_sla_dag.py took 0.071 seconds
[2024-11-03T00:52:11.467+0000] {processor.py:186} INFO - Started process (PID=608) to work on /home/airflow/.local/lib/python3.12/site-packages/airflow/example_dags/example_sla_dag.py
[2024-11-03T00:52:11.468+0000] {processor.py:914} INFO - Processing file /home/airflow/.local/lib/python3.12/site-packages/airflow/example_dags/example_sla_dag.py for tasks to queue
[2024-11-03T00:52:11.470+0000] {logging_mixin.py:190} INFO - [2024-11-03T00:52:11.470+0000] {dagbag.py:588} INFO - Filling up the DagBag from /home/airflow/.local/lib/python3.12/site-packages/airflow/example_dags/example_sla_dag.py
[2024-11-03T00:52:11.478+0000] {processor.py:925} INFO - DAG(s) 'example_sla_dag' retrieved from /home/airflow/.local/lib/python3.12/site-packages/airflow/example_dags/example_sla_dag.py
[2024-11-03T00:52:11.494+0000] {logging_mixin.py:190} INFO - [2024-11-03T00:52:11.493+0000] {dag.py:3239} INFO - Sync 1 DAGs
[2024-11-03T00:52:11.514+0000] {logging_mixin.py:190} INFO - [2024-11-03T00:52:11.514+0000] {dag.py:4180} INFO - Setting next_dagrun for example_sla_dag to 2024-11-03 00:50:00+00:00, run_after=2024-11-03 00:52:00+00:00
[2024-11-03T00:52:11.531+0000] {processor.py:208} INFO - Processing /home/airflow/.local/lib/python3.12/site-packages/airflow/example_dags/example_sla_dag.py took 0.069 seconds
[2024-11-03T00:52:41.771+0000] {processor.py:186} INFO - Started process (PID=671) to work on /home/airflow/.local/lib/python3.12/site-packages/airflow/example_dags/example_sla_dag.py
[2024-11-03T00:52:41.772+0000] {processor.py:914} INFO - Processing file /home/airflow/.local/lib/python3.12/site-packages/airflow/example_dags/example_sla_dag.py for tasks to queue
[2024-11-03T00:52:41.775+0000] {logging_mixin.py:190} INFO - [2024-11-03T00:52:41.774+0000] {dagbag.py:588} INFO - Filling up the DagBag from /home/airflow/.local/lib/python3.12/site-packages/airflow/example_dags/example_sla_dag.py
[2024-11-03T00:52:41.782+0000] {processor.py:925} INFO - DAG(s) 'example_sla_dag' retrieved from /home/airflow/.local/lib/python3.12/site-packages/airflow/example_dags/example_sla_dag.py
[2024-11-03T00:52:41.798+0000] {logging_mixin.py:190} INFO - [2024-11-03T00:52:41.798+0000] {dag.py:3239} INFO - Sync 1 DAGs
[2024-11-03T00:52:41.820+0000] {logging_mixin.py:190} INFO - [2024-11-03T00:52:41.820+0000] {dag.py:4180} INFO - Setting next_dagrun for example_sla_dag to 2024-11-03 00:50:00+00:00, run_after=2024-11-03 00:52:00+00:00
[2024-11-03T00:52:41.835+0000] {processor.py:208} INFO - Processing /home/airflow/.local/lib/python3.12/site-packages/airflow/example_dags/example_sla_dag.py took 0.068 seconds
[2024-11-03T00:53:12.064+0000] {processor.py:186} INFO - Started process (PID=734) to work on /home/airflow/.local/lib/python3.12/site-packages/airflow/example_dags/example_sla_dag.py
[2024-11-03T00:53:12.065+0000] {processor.py:914} INFO - Processing file /home/airflow/.local/lib/python3.12/site-packages/airflow/example_dags/example_sla_dag.py for tasks to queue
[2024-11-03T00:53:12.068+0000] {logging_mixin.py:190} INFO - [2024-11-03T00:53:12.067+0000] {dagbag.py:588} INFO - Filling up the DagBag from /home/airflow/.local/lib/python3.12/site-packages/airflow/example_dags/example_sla_dag.py
[2024-11-03T00:53:12.075+0000] {processor.py:925} INFO - DAG(s) 'example_sla_dag' retrieved from /home/airflow/.local/lib/python3.12/site-packages/airflow/example_dags/example_sla_dag.py
[2024-11-03T00:53:12.091+0000] {logging_mixin.py:190} INFO - [2024-11-03T00:53:12.091+0000] {dag.py:3239} INFO - Sync 1 DAGs
[2024-11-03T00:53:12.113+0000] {logging_mixin.py:190} INFO - [2024-11-03T00:53:12.113+0000] {dag.py:4180} INFO - Setting next_dagrun for example_sla_dag to 2024-11-03 00:50:00+00:00, run_after=2024-11-03 00:52:00+00:00
[2024-11-03T00:53:12.129+0000] {processor.py:208} INFO - Processing /home/airflow/.local/lib/python3.12/site-packages/airflow/example_dags/example_sla_dag.py took 0.070 seconds
[2024-11-03T00:53:42.558+0000] {processor.py:186} INFO - Started process (PID=797) to work on /home/airflow/.local/lib/python3.12/site-packages/airflow/example_dags/example_sla_dag.py
[2024-11-03T00:53:42.559+0000] {processor.py:914} INFO - Processing file /home/airflow/.local/lib/python3.12/site-packages/airflow/example_dags/example_sla_dag.py for tasks to queue
[2024-11-03T00:53:42.561+0000] {logging_mixin.py:190} INFO - [2024-11-03T00:53:42.561+0000] {dagbag.py:588} INFO - Filling up the DagBag from /home/airflow/.local/lib/python3.12/site-packages/airflow/example_dags/example_sla_dag.py
[2024-11-03T00:53:42.569+0000] {processor.py:925} INFO - DAG(s) 'example_sla_dag' retrieved from /home/airflow/.local/lib/python3.12/site-packages/airflow/example_dags/example_sla_dag.py
[2024-11-03T00:53:42.585+0000] {logging_mixin.py:190} INFO - [2024-11-03T00:53:42.585+0000] {dag.py:3239} INFO - Sync 1 DAGs
[2024-11-03T00:53:42.606+0000] {logging_mixin.py:190} INFO - [2024-11-03T00:53:42.606+0000] {dag.py:4180} INFO - Setting next_dagrun for example_sla_dag to 2024-11-03 00:50:00+00:00, run_after=2024-11-03 00:52:00+00:00
[2024-11-03T00:53:42.621+0000] {processor.py:208} INFO - Processing /home/airflow/.local/lib/python3.12/site-packages/airflow/example_dags/example_sla_dag.py took 0.068 seconds
[2024-11-03T00:54:13.519+0000] {processor.py:186} INFO - Started process (PID=860) to work on /home/airflow/.local/lib/python3.12/site-packages/airflow/example_dags/example_sla_dag.py
[2024-11-03T00:54:13.520+0000] {processor.py:914} INFO - Processing file /home/airflow/.local/lib/python3.12/site-packages/airflow/example_dags/example_sla_dag.py for tasks to queue
[2024-11-03T00:54:13.523+0000] {logging_mixin.py:190} INFO - [2024-11-03T00:54:13.523+0000] {dagbag.py:588} INFO - Filling up the DagBag from /home/airflow/.local/lib/python3.12/site-packages/airflow/example_dags/example_sla_dag.py
[2024-11-03T00:54:13.533+0000] {processor.py:925} INFO - DAG(s) 'example_sla_dag' retrieved from /home/airflow/.local/lib/python3.12/site-packages/airflow/example_dags/example_sla_dag.py
[2024-11-03T00:54:13.557+0000] {logging_mixin.py:190} INFO - [2024-11-03T00:54:13.556+0000] {dag.py:3239} INFO - Sync 1 DAGs
[2024-11-03T00:54:13.585+0000] {logging_mixin.py:190} INFO - [2024-11-03T00:54:13.584+0000] {dag.py:4180} INFO - Setting next_dagrun for example_sla_dag to 2024-11-03 00:52:00+00:00, run_after=2024-11-03 00:54:00+00:00
[2024-11-03T00:54:13.604+0000] {processor.py:208} INFO - Processing /home/airflow/.local/lib/python3.12/site-packages/airflow/example_dags/example_sla_dag.py took 0.090 seconds
[2024-11-03T00:54:43.961+0000] {processor.py:186} INFO - Started process (PID=923) to work on /home/airflow/.local/lib/python3.12/site-packages/airflow/example_dags/example_sla_dag.py
[2024-11-03T00:54:43.962+0000] {processor.py:914} INFO - Processing file /home/airflow/.local/lib/python3.12/site-packages/airflow/example_dags/example_sla_dag.py for tasks to queue
[2024-11-03T00:54:43.964+0000] {logging_mixin.py:190} INFO - [2024-11-03T00:54:43.963+0000] {dagbag.py:588} INFO - Filling up the DagBag from /home/airflow/.local/lib/python3.12/site-packages/airflow/example_dags/example_sla_dag.py
[2024-11-03T00:54:43.971+0000] {processor.py:925} INFO - DAG(s) 'example_sla_dag' retrieved from /home/airflow/.local/lib/python3.12/site-packages/airflow/example_dags/example_sla_dag.py
[2024-11-03T00:54:43.988+0000] {logging_mixin.py:190} INFO - [2024-11-03T00:54:43.988+0000] {dag.py:3239} INFO - Sync 1 DAGs
[2024-11-03T00:54:44.010+0000] {logging_mixin.py:190} INFO - [2024-11-03T00:54:44.010+0000] {dag.py:4180} INFO - Setting next_dagrun for example_sla_dag to 2024-11-03 00:52:00+00:00, run_after=2024-11-03 00:54:00+00:00
[2024-11-03T00:54:44.025+0000] {processor.py:208} INFO - Processing /home/airflow/.local/lib/python3.12/site-packages/airflow/example_dags/example_sla_dag.py took 0.068 seconds
[2024-11-03T00:55:14.195+0000] {processor.py:186} INFO - Started process (PID=986) to work on /home/airflow/.local/lib/python3.12/site-packages/airflow/example_dags/example_sla_dag.py
[2024-11-03T00:55:14.196+0000] {processor.py:914} INFO - Processing file /home/airflow/.local/lib/python3.12/site-packages/airflow/example_dags/example_sla_dag.py for tasks to queue
[2024-11-03T00:55:14.198+0000] {logging_mixin.py:190} INFO - [2024-11-03T00:55:14.198+0000] {dagbag.py:588} INFO - Filling up the DagBag from /home/airflow/.local/lib/python3.12/site-packages/airflow/example_dags/example_sla_dag.py
[2024-11-03T00:55:14.205+0000] {processor.py:925} INFO - DAG(s) 'example_sla_dag' retrieved from /home/airflow/.local/lib/python3.12/site-packages/airflow/example_dags/example_sla_dag.py
[2024-11-03T00:55:14.222+0000] {logging_mixin.py:190} INFO - [2024-11-03T00:55:14.222+0000] {dag.py:3239} INFO - Sync 1 DAGs
[2024-11-03T00:55:14.243+0000] {logging_mixin.py:190} INFO - [2024-11-03T00:55:14.243+0000] {dag.py:4180} INFO - Setting next_dagrun for example_sla_dag to 2024-11-03 00:52:00+00:00, run_after=2024-11-03 00:54:00+00:00
[2024-11-03T00:55:14.258+0000] {processor.py:208} INFO - Processing /home/airflow/.local/lib/python3.12/site-packages/airflow/example_dags/example_sla_dag.py took 0.067 seconds
[2024-11-03T00:55:44.598+0000] {processor.py:186} INFO - Started process (PID=1049) to work on /home/airflow/.local/lib/python3.12/site-packages/airflow/example_dags/example_sla_dag.py
[2024-11-03T00:55:44.599+0000] {processor.py:914} INFO - Processing file /home/airflow/.local/lib/python3.12/site-packages/airflow/example_dags/example_sla_dag.py for tasks to queue
[2024-11-03T00:55:44.603+0000] {logging_mixin.py:190} INFO - [2024-11-03T00:55:44.602+0000] {dagbag.py:588} INFO - Filling up the DagBag from /home/airflow/.local/lib/python3.12/site-packages/airflow/example_dags/example_sla_dag.py
[2024-11-03T00:55:44.616+0000] {processor.py:925} INFO - DAG(s) 'example_sla_dag' retrieved from /home/airflow/.local/lib/python3.12/site-packages/airflow/example_dags/example_sla_dag.py
[2024-11-03T00:55:44.639+0000] {logging_mixin.py:190} INFO - [2024-11-03T00:55:44.638+0000] {dag.py:3239} INFO - Sync 1 DAGs
[2024-11-03T00:55:44.665+0000] {logging_mixin.py:190} INFO - [2024-11-03T00:55:44.665+0000] {dag.py:4180} INFO - Setting next_dagrun for example_sla_dag to 2024-11-03 00:52:00+00:00, run_after=2024-11-03 00:54:00+00:00
[2024-11-03T00:55:44.688+0000] {processor.py:208} INFO - Processing /home/airflow/.local/lib/python3.12/site-packages/airflow/example_dags/example_sla_dag.py took 0.096 seconds
[2024-11-03T00:56:15.203+0000] {processor.py:186} INFO - Started process (PID=1112) to work on /home/airflow/.local/lib/python3.12/site-packages/airflow/example_dags/example_sla_dag.py
[2024-11-03T00:56:15.204+0000] {processor.py:914} INFO - Processing file /home/airflow/.local/lib/python3.12/site-packages/airflow/example_dags/example_sla_dag.py for tasks to queue
[2024-11-03T00:56:15.206+0000] {logging_mixin.py:190} INFO - [2024-11-03T00:56:15.206+0000] {dagbag.py:588} INFO - Filling up the DagBag from /home/airflow/.local/lib/python3.12/site-packages/airflow/example_dags/example_sla_dag.py
[2024-11-03T00:56:15.214+0000] {processor.py:925} INFO - DAG(s) 'example_sla_dag' retrieved from /home/airflow/.local/lib/python3.12/site-packages/airflow/example_dags/example_sla_dag.py
[2024-11-03T00:56:15.232+0000] {logging_mixin.py:190} INFO - [2024-11-03T00:56:15.231+0000] {dag.py:3239} INFO - Sync 1 DAGs
[2024-11-03T00:56:15.253+0000] {logging_mixin.py:190} INFO - [2024-11-03T00:56:15.253+0000] {dag.py:4180} INFO - Setting next_dagrun for example_sla_dag to 2024-11-03 00:54:00+00:00, run_after=2024-11-03 00:56:00+00:00
[2024-11-03T00:56:15.269+0000] {processor.py:208} INFO - Processing /home/airflow/.local/lib/python3.12/site-packages/airflow/example_dags/example_sla_dag.py took 0.070 seconds
[2024-11-03T00:56:45.577+0000] {processor.py:186} INFO - Started process (PID=1175) to work on /home/airflow/.local/lib/python3.12/site-packages/airflow/example_dags/example_sla_dag.py
[2024-11-03T00:56:45.578+0000] {processor.py:914} INFO - Processing file /home/airflow/.local/lib/python3.12/site-packages/airflow/example_dags/example_sla_dag.py for tasks to queue
[2024-11-03T00:56:45.580+0000] {logging_mixin.py:190} INFO - [2024-11-03T00:56:45.580+0000] {dagbag.py:588} INFO - Filling up the DagBag from /home/airflow/.local/lib/python3.12/site-packages/airflow/example_dags/example_sla_dag.py
[2024-11-03T00:56:45.589+0000] {processor.py:925} INFO - DAG(s) 'example_sla_dag' retrieved from /home/airflow/.local/lib/python3.12/site-packages/airflow/example_dags/example_sla_dag.py
[2024-11-03T00:56:45.608+0000] {logging_mixin.py:190} INFO - [2024-11-03T00:56:45.608+0000] {dag.py:3239} INFO - Sync 1 DAGs
[2024-11-03T00:56:45.632+0000] {logging_mixin.py:190} INFO - [2024-11-03T00:56:45.632+0000] {dag.py:4180} INFO - Setting next_dagrun for example_sla_dag to 2024-11-03 00:54:00+00:00, run_after=2024-11-03 00:56:00+00:00
[2024-11-03T00:56:45.650+0000] {processor.py:208} INFO - Processing /home/airflow/.local/lib/python3.12/site-packages/airflow/example_dags/example_sla_dag.py took 0.077 seconds
[2024-11-03T00:57:15.965+0000] {processor.py:186} INFO - Started process (PID=1238) to work on /home/airflow/.local/lib/python3.12/site-packages/airflow/example_dags/example_sla_dag.py
[2024-11-03T00:57:15.966+0000] {processor.py:914} INFO - Processing file /home/airflow/.local/lib/python3.12/site-packages/airflow/example_dags/example_sla_dag.py for tasks to queue
[2024-11-03T00:57:15.968+0000] {logging_mixin.py:190} INFO - [2024-11-03T00:57:15.968+0000] {dagbag.py:588} INFO - Filling up the DagBag from /home/airflow/.local/lib/python3.12/site-packages/airflow/example_dags/example_sla_dag.py
[2024-11-03T00:57:15.976+0000] {processor.py:925} INFO - DAG(s) 'example_sla_dag' retrieved from /home/airflow/.local/lib/python3.12/site-packages/airflow/example_dags/example_sla_dag.py
[2024-11-03T00:57:15.994+0000] {logging_mixin.py:190} INFO - [2024-11-03T00:57:15.994+0000] {dag.py:3239} INFO - Sync 1 DAGs
[2024-11-03T00:57:16.016+0000] {logging_mixin.py:190} INFO - [2024-11-03T00:57:16.016+0000] {dag.py:4180} INFO - Setting next_dagrun for example_sla_dag to 2024-11-03 00:54:00+00:00, run_after=2024-11-03 00:56:00+00:00
[2024-11-03T00:57:16.031+0000] {processor.py:208} INFO - Processing /home/airflow/.local/lib/python3.12/site-packages/airflow/example_dags/example_sla_dag.py took 0.070 seconds
[2024-11-03T00:57:46.175+0000] {processor.py:186} INFO - Started process (PID=1300) to work on /home/airflow/.local/lib/python3.12/site-packages/airflow/example_dags/example_sla_dag.py
[2024-11-03T00:57:46.176+0000] {processor.py:914} INFO - Processing file /home/airflow/.local/lib/python3.12/site-packages/airflow/example_dags/example_sla_dag.py for tasks to queue
[2024-11-03T00:57:46.178+0000] {logging_mixin.py:190} INFO - [2024-11-03T00:57:46.178+0000] {dagbag.py:588} INFO - Filling up the DagBag from /home/airflow/.local/lib/python3.12/site-packages/airflow/example_dags/example_sla_dag.py
[2024-11-03T00:57:46.186+0000] {processor.py:925} INFO - DAG(s) 'example_sla_dag' retrieved from /home/airflow/.local/lib/python3.12/site-packages/airflow/example_dags/example_sla_dag.py
[2024-11-03T00:57:46.202+0000] {logging_mixin.py:190} INFO - [2024-11-03T00:57:46.201+0000] {dag.py:3239} INFO - Sync 1 DAGs
[2024-11-03T00:57:46.223+0000] {logging_mixin.py:190} INFO - [2024-11-03T00:57:46.223+0000] {dag.py:4180} INFO - Setting next_dagrun for example_sla_dag to 2024-11-03 00:54:00+00:00, run_after=2024-11-03 00:56:00+00:00
[2024-11-03T00:57:46.238+0000] {processor.py:208} INFO - Processing /home/airflow/.local/lib/python3.12/site-packages/airflow/example_dags/example_sla_dag.py took 0.067 seconds
[2024-11-03T00:58:16.554+0000] {processor.py:186} INFO - Started process (PID=1364) to work on /home/airflow/.local/lib/python3.12/site-packages/airflow/example_dags/example_sla_dag.py
[2024-11-03T00:58:16.555+0000] {processor.py:914} INFO - Processing file /home/airflow/.local/lib/python3.12/site-packages/airflow/example_dags/example_sla_dag.py for tasks to queue
[2024-11-03T00:58:16.557+0000] {logging_mixin.py:190} INFO - [2024-11-03T00:58:16.556+0000] {dagbag.py:588} INFO - Filling up the DagBag from /home/airflow/.local/lib/python3.12/site-packages/airflow/example_dags/example_sla_dag.py
[2024-11-03T00:58:16.564+0000] {processor.py:925} INFO - DAG(s) 'example_sla_dag' retrieved from /home/airflow/.local/lib/python3.12/site-packages/airflow/example_dags/example_sla_dag.py
[2024-11-03T00:58:16.584+0000] {logging_mixin.py:190} INFO - [2024-11-03T00:58:16.584+0000] {dag.py:3239} INFO - Sync 1 DAGs
[2024-11-03T00:58:16.607+0000] {logging_mixin.py:190} INFO - [2024-11-03T00:58:16.607+0000] {dag.py:4180} INFO - Setting next_dagrun for example_sla_dag to 2024-11-03 00:56:00+00:00, run_after=2024-11-03 00:58:00+00:00
[2024-11-03T00:58:16.624+0000] {processor.py:208} INFO - Processing /home/airflow/.local/lib/python3.12/site-packages/airflow/example_dags/example_sla_dag.py took 0.074 seconds
[2024-11-03T00:58:46.862+0000] {processor.py:186} INFO - Started process (PID=1427) to work on /home/airflow/.local/lib/python3.12/site-packages/airflow/example_dags/example_sla_dag.py
[2024-11-03T00:58:46.863+0000] {processor.py:914} INFO - Processing file /home/airflow/.local/lib/python3.12/site-packages/airflow/example_dags/example_sla_dag.py for tasks to queue
[2024-11-03T00:58:46.865+0000] {logging_mixin.py:190} INFO - [2024-11-03T00:58:46.865+0000] {dagbag.py:588} INFO - Filling up the DagBag from /home/airflow/.local/lib/python3.12/site-packages/airflow/example_dags/example_sla_dag.py
[2024-11-03T00:58:46.873+0000] {processor.py:925} INFO - DAG(s) 'example_sla_dag' retrieved from /home/airflow/.local/lib/python3.12/site-packages/airflow/example_dags/example_sla_dag.py
[2024-11-03T00:58:46.890+0000] {logging_mixin.py:190} INFO - [2024-11-03T00:58:46.889+0000] {dag.py:3239} INFO - Sync 1 DAGs
[2024-11-03T00:58:46.910+0000] {logging_mixin.py:190} INFO - [2024-11-03T00:58:46.910+0000] {dag.py:4180} INFO - Setting next_dagrun for example_sla_dag to 2024-11-03 00:56:00+00:00, run_after=2024-11-03 00:58:00+00:00
[2024-11-03T00:58:46.925+0000] {processor.py:208} INFO - Processing /home/airflow/.local/lib/python3.12/site-packages/airflow/example_dags/example_sla_dag.py took 0.066 seconds
[2024-11-03T00:59:17.259+0000] {processor.py:186} INFO - Started process (PID=1490) to work on /home/airflow/.local/lib/python3.12/site-packages/airflow/example_dags/example_sla_dag.py
[2024-11-03T00:59:17.260+0000] {processor.py:914} INFO - Processing file /home/airflow/.local/lib/python3.12/site-packages/airflow/example_dags/example_sla_dag.py for tasks to queue
[2024-11-03T00:59:17.262+0000] {logging_mixin.py:190} INFO - [2024-11-03T00:59:17.262+0000] {dagbag.py:588} INFO - Filling up the DagBag from /home/airflow/.local/lib/python3.12/site-packages/airflow/example_dags/example_sla_dag.py
[2024-11-03T00:59:17.269+0000] {processor.py:925} INFO - DAG(s) 'example_sla_dag' retrieved from /home/airflow/.local/lib/python3.12/site-packages/airflow/example_dags/example_sla_dag.py
[2024-11-03T00:59:17.285+0000] {logging_mixin.py:190} INFO - [2024-11-03T00:59:17.285+0000] {dag.py:3239} INFO - Sync 1 DAGs
[2024-11-03T00:59:17.307+0000] {logging_mixin.py:190} INFO - [2024-11-03T00:59:17.307+0000] {dag.py:4180} INFO - Setting next_dagrun for example_sla_dag to 2024-11-03 00:56:00+00:00, run_after=2024-11-03 00:58:00+00:00
[2024-11-03T00:59:17.322+0000] {processor.py:208} INFO - Processing /home/airflow/.local/lib/python3.12/site-packages/airflow/example_dags/example_sla_dag.py took 0.066 seconds
[2024-11-03T00:59:47.444+0000] {processor.py:186} INFO - Started process (PID=1552) to work on /home/airflow/.local/lib/python3.12/site-packages/airflow/example_dags/example_sla_dag.py
[2024-11-03T00:59:47.445+0000] {processor.py:914} INFO - Processing file /home/airflow/.local/lib/python3.12/site-packages/airflow/example_dags/example_sla_dag.py for tasks to queue
[2024-11-03T00:59:47.447+0000] {logging_mixin.py:190} INFO - [2024-11-03T00:59:47.447+0000] {dagbag.py:588} INFO - Filling up the DagBag from /home/airflow/.local/lib/python3.12/site-packages/airflow/example_dags/example_sla_dag.py
[2024-11-03T00:59:47.455+0000] {processor.py:925} INFO - DAG(s) 'example_sla_dag' retrieved from /home/airflow/.local/lib/python3.12/site-packages/airflow/example_dags/example_sla_dag.py
[2024-11-03T00:59:47.470+0000] {logging_mixin.py:190} INFO - [2024-11-03T00:59:47.470+0000] {dag.py:3239} INFO - Sync 1 DAGs
[2024-11-03T00:59:47.491+0000] {logging_mixin.py:190} INFO - [2024-11-03T00:59:47.491+0000] {dag.py:4180} INFO - Setting next_dagrun for example_sla_dag to 2024-11-03 00:56:00+00:00, run_after=2024-11-03 00:58:00+00:00
[2024-11-03T00:59:47.505+0000] {processor.py:208} INFO - Processing /home/airflow/.local/lib/python3.12/site-packages/airflow/example_dags/example_sla_dag.py took 0.066 seconds
[2024-11-03T01:00:18.207+0000] {processor.py:186} INFO - Started process (PID=1616) to work on /home/airflow/.local/lib/python3.12/site-packages/airflow/example_dags/example_sla_dag.py
[2024-11-03T01:00:18.207+0000] {processor.py:914} INFO - Processing file /home/airflow/.local/lib/python3.12/site-packages/airflow/example_dags/example_sla_dag.py for tasks to queue
[2024-11-03T01:00:18.210+0000] {logging_mixin.py:190} INFO - [2024-11-03T01:00:18.209+0000] {dagbag.py:588} INFO - Filling up the DagBag from /home/airflow/.local/lib/python3.12/site-packages/airflow/example_dags/example_sla_dag.py
[2024-11-03T01:00:18.217+0000] {processor.py:925} INFO - DAG(s) 'example_sla_dag' retrieved from /home/airflow/.local/lib/python3.12/site-packages/airflow/example_dags/example_sla_dag.py
[2024-11-03T01:00:18.233+0000] {logging_mixin.py:190} INFO - [2024-11-03T01:00:18.233+0000] {dag.py:3239} INFO - Sync 1 DAGs
[2024-11-03T01:00:18.255+0000] {logging_mixin.py:190} INFO - [2024-11-03T01:00:18.255+0000] {dag.py:4180} INFO - Setting next_dagrun for example_sla_dag to 2024-11-03 00:58:00+00:00, run_after=2024-11-03 01:00:00+00:00
[2024-11-03T01:00:18.270+0000] {processor.py:208} INFO - Processing /home/airflow/.local/lib/python3.12/site-packages/airflow/example_dags/example_sla_dag.py took 0.068 seconds
[2024-11-03T01:00:48.760+0000] {processor.py:186} INFO - Started process (PID=1679) to work on /home/airflow/.local/lib/python3.12/site-packages/airflow/example_dags/example_sla_dag.py
[2024-11-03T01:00:48.761+0000] {processor.py:914} INFO - Processing file /home/airflow/.local/lib/python3.12/site-packages/airflow/example_dags/example_sla_dag.py for tasks to queue
[2024-11-03T01:00:48.763+0000] {logging_mixin.py:190} INFO - [2024-11-03T01:00:48.763+0000] {dagbag.py:588} INFO - Filling up the DagBag from /home/airflow/.local/lib/python3.12/site-packages/airflow/example_dags/example_sla_dag.py
[2024-11-03T01:00:48.772+0000] {processor.py:925} INFO - DAG(s) 'example_sla_dag' retrieved from /home/airflow/.local/lib/python3.12/site-packages/airflow/example_dags/example_sla_dag.py
[2024-11-03T01:00:48.790+0000] {logging_mixin.py:190} INFO - [2024-11-03T01:00:48.790+0000] {dag.py:3239} INFO - Sync 1 DAGs
[2024-11-03T01:00:48.815+0000] {logging_mixin.py:190} INFO - [2024-11-03T01:00:48.815+0000] {dag.py:4180} INFO - Setting next_dagrun for example_sla_dag to 2024-11-03 00:58:00+00:00, run_after=2024-11-03 01:00:00+00:00
[2024-11-03T01:00:48.832+0000] {processor.py:208} INFO - Processing /home/airflow/.local/lib/python3.12/site-packages/airflow/example_dags/example_sla_dag.py took 0.077 seconds
[2024-11-03T01:01:19.209+0000] {processor.py:186} INFO - Started process (PID=1742) to work on /home/airflow/.local/lib/python3.12/site-packages/airflow/example_dags/example_sla_dag.py
[2024-11-03T01:01:19.210+0000] {processor.py:914} INFO - Processing file /home/airflow/.local/lib/python3.12/site-packages/airflow/example_dags/example_sla_dag.py for tasks to queue
[2024-11-03T01:01:19.211+0000] {logging_mixin.py:190} INFO - [2024-11-03T01:01:19.211+0000] {dagbag.py:588} INFO - Filling up the DagBag from /home/airflow/.local/lib/python3.12/site-packages/airflow/example_dags/example_sla_dag.py
[2024-11-03T01:01:19.219+0000] {processor.py:925} INFO - DAG(s) 'example_sla_dag' retrieved from /home/airflow/.local/lib/python3.12/site-packages/airflow/example_dags/example_sla_dag.py
[2024-11-03T01:01:19.235+0000] {logging_mixin.py:190} INFO - [2024-11-03T01:01:19.234+0000] {dag.py:3239} INFO - Sync 1 DAGs
[2024-11-03T01:01:19.255+0000] {logging_mixin.py:190} INFO - [2024-11-03T01:01:19.255+0000] {dag.py:4180} INFO - Setting next_dagrun for example_sla_dag to 2024-11-03 00:58:00+00:00, run_after=2024-11-03 01:00:00+00:00
[2024-11-03T01:01:19.270+0000] {processor.py:208} INFO - Processing /home/airflow/.local/lib/python3.12/site-packages/airflow/example_dags/example_sla_dag.py took 0.065 seconds
[2024-11-03T01:01:49.580+0000] {processor.py:186} INFO - Started process (PID=1805) to work on /home/airflow/.local/lib/python3.12/site-packages/airflow/example_dags/example_sla_dag.py
[2024-11-03T01:01:49.581+0000] {processor.py:914} INFO - Processing file /home/airflow/.local/lib/python3.12/site-packages/airflow/example_dags/example_sla_dag.py for tasks to queue
[2024-11-03T01:01:49.584+0000] {logging_mixin.py:190} INFO - [2024-11-03T01:01:49.583+0000] {dagbag.py:588} INFO - Filling up the DagBag from /home/airflow/.local/lib/python3.12/site-packages/airflow/example_dags/example_sla_dag.py
[2024-11-03T01:01:49.591+0000] {processor.py:925} INFO - DAG(s) 'example_sla_dag' retrieved from /home/airflow/.local/lib/python3.12/site-packages/airflow/example_dags/example_sla_dag.py
[2024-11-03T01:01:49.609+0000] {logging_mixin.py:190} INFO - [2024-11-03T01:01:49.609+0000] {dag.py:3239} INFO - Sync 1 DAGs
[2024-11-03T01:01:49.631+0000] {logging_mixin.py:190} INFO - [2024-11-03T01:01:49.631+0000] {dag.py:4180} INFO - Setting next_dagrun for example_sla_dag to 2024-11-03 00:58:00+00:00, run_after=2024-11-03 01:00:00+00:00
[2024-11-03T01:01:49.649+0000] {processor.py:208} INFO - Processing /home/airflow/.local/lib/python3.12/site-packages/airflow/example_dags/example_sla_dag.py took 0.073 seconds
[2024-11-03T01:02:19.869+0000] {processor.py:186} INFO - Started process (PID=1868) to work on /home/airflow/.local/lib/python3.12/site-packages/airflow/example_dags/example_sla_dag.py
[2024-11-03T01:02:19.870+0000] {processor.py:914} INFO - Processing file /home/airflow/.local/lib/python3.12/site-packages/airflow/example_dags/example_sla_dag.py for tasks to queue
[2024-11-03T01:02:19.872+0000] {logging_mixin.py:190} INFO - [2024-11-03T01:02:19.872+0000] {dagbag.py:588} INFO - Filling up the DagBag from /home/airflow/.local/lib/python3.12/site-packages/airflow/example_dags/example_sla_dag.py
[2024-11-03T01:02:19.886+0000] {processor.py:925} INFO - DAG(s) 'example_sla_dag' retrieved from /home/airflow/.local/lib/python3.12/site-packages/airflow/example_dags/example_sla_dag.py
[2024-11-03T01:02:19.910+0000] {logging_mixin.py:190} INFO - [2024-11-03T01:02:19.909+0000] {dag.py:3239} INFO - Sync 1 DAGs
[2024-11-03T01:02:19.935+0000] {logging_mixin.py:190} INFO - [2024-11-03T01:02:19.935+0000] {dag.py:4180} INFO - Setting next_dagrun for example_sla_dag to 2024-11-03 01:00:00+00:00, run_after=2024-11-03 01:02:00+00:00
[2024-11-03T01:02:19.951+0000] {processor.py:208} INFO - Processing /home/airflow/.local/lib/python3.12/site-packages/airflow/example_dags/example_sla_dag.py took 0.086 seconds
[2024-11-03T01:02:50.146+0000] {processor.py:186} INFO - Started process (PID=1931) to work on /home/airflow/.local/lib/python3.12/site-packages/airflow/example_dags/example_sla_dag.py
[2024-11-03T01:02:50.147+0000] {processor.py:914} INFO - Processing file /home/airflow/.local/lib/python3.12/site-packages/airflow/example_dags/example_sla_dag.py for tasks to queue
[2024-11-03T01:02:50.149+0000] {logging_mixin.py:190} INFO - [2024-11-03T01:02:50.148+0000] {dagbag.py:588} INFO - Filling up the DagBag from /home/airflow/.local/lib/python3.12/site-packages/airflow/example_dags/example_sla_dag.py
[2024-11-03T01:02:50.156+0000] {processor.py:925} INFO - DAG(s) 'example_sla_dag' retrieved from /home/airflow/.local/lib/python3.12/site-packages/airflow/example_dags/example_sla_dag.py
[2024-11-03T01:02:50.172+0000] {logging_mixin.py:190} INFO - [2024-11-03T01:02:50.172+0000] {dag.py:3239} INFO - Sync 1 DAGs
[2024-11-03T01:02:50.192+0000] {logging_mixin.py:190} INFO - [2024-11-03T01:02:50.192+0000] {dag.py:4180} INFO - Setting next_dagrun for example_sla_dag to 2024-11-03 01:00:00+00:00, run_after=2024-11-03 01:02:00+00:00
[2024-11-03T01:02:50.207+0000] {processor.py:208} INFO - Processing /home/airflow/.local/lib/python3.12/site-packages/airflow/example_dags/example_sla_dag.py took 0.065 seconds
[2024-11-03T01:03:20.783+0000] {processor.py:186} INFO - Started process (PID=1994) to work on /home/airflow/.local/lib/python3.12/site-packages/airflow/example_dags/example_sla_dag.py
[2024-11-03T01:03:20.783+0000] {processor.py:914} INFO - Processing file /home/airflow/.local/lib/python3.12/site-packages/airflow/example_dags/example_sla_dag.py for tasks to queue
[2024-11-03T01:03:20.786+0000] {logging_mixin.py:190} INFO - [2024-11-03T01:03:20.785+0000] {dagbag.py:588} INFO - Filling up the DagBag from /home/airflow/.local/lib/python3.12/site-packages/airflow/example_dags/example_sla_dag.py
[2024-11-03T01:03:20.793+0000] {processor.py:925} INFO - DAG(s) 'example_sla_dag' retrieved from /home/airflow/.local/lib/python3.12/site-packages/airflow/example_dags/example_sla_dag.py
[2024-11-03T01:03:20.809+0000] {logging_mixin.py:190} INFO - [2024-11-03T01:03:20.809+0000] {dag.py:3239} INFO - Sync 1 DAGs
[2024-11-03T01:03:20.830+0000] {logging_mixin.py:190} INFO - [2024-11-03T01:03:20.830+0000] {dag.py:4180} INFO - Setting next_dagrun for example_sla_dag to 2024-11-03 01:00:00+00:00, run_after=2024-11-03 01:02:00+00:00
[2024-11-03T01:03:20.844+0000] {processor.py:208} INFO - Processing /home/airflow/.local/lib/python3.12/site-packages/airflow/example_dags/example_sla_dag.py took 0.066 seconds
[2024-11-03T01:03:51.604+0000] {processor.py:186} INFO - Started process (PID=2057) to work on /home/airflow/.local/lib/python3.12/site-packages/airflow/example_dags/example_sla_dag.py
[2024-11-03T01:03:51.604+0000] {processor.py:914} INFO - Processing file /home/airflow/.local/lib/python3.12/site-packages/airflow/example_dags/example_sla_dag.py for tasks to queue
[2024-11-03T01:03:51.607+0000] {logging_mixin.py:190} INFO - [2024-11-03T01:03:51.606+0000] {dagbag.py:588} INFO - Filling up the DagBag from /home/airflow/.local/lib/python3.12/site-packages/airflow/example_dags/example_sla_dag.py
[2024-11-03T01:03:51.615+0000] {processor.py:925} INFO - DAG(s) 'example_sla_dag' retrieved from /home/airflow/.local/lib/python3.12/site-packages/airflow/example_dags/example_sla_dag.py
[2024-11-03T01:03:51.633+0000] {logging_mixin.py:190} INFO - [2024-11-03T01:03:51.633+0000] {dag.py:3239} INFO - Sync 1 DAGs
[2024-11-03T01:03:51.659+0000] {logging_mixin.py:190} INFO - [2024-11-03T01:03:51.659+0000] {dag.py:4180} INFO - Setting next_dagrun for example_sla_dag to 2024-11-03 01:00:00+00:00, run_after=2024-11-03 01:02:00+00:00
[2024-11-03T01:03:51.676+0000] {processor.py:208} INFO - Processing /home/airflow/.local/lib/python3.12/site-packages/airflow/example_dags/example_sla_dag.py took 0.077 seconds
[2024-11-03T01:04:22.191+0000] {processor.py:186} INFO - Started process (PID=2120) to work on /home/airflow/.local/lib/python3.12/site-packages/airflow/example_dags/example_sla_dag.py
[2024-11-03T01:04:22.192+0000] {processor.py:914} INFO - Processing file /home/airflow/.local/lib/python3.12/site-packages/airflow/example_dags/example_sla_dag.py for tasks to queue
[2024-11-03T01:04:22.194+0000] {logging_mixin.py:190} INFO - [2024-11-03T01:04:22.194+0000] {dagbag.py:588} INFO - Filling up the DagBag from /home/airflow/.local/lib/python3.12/site-packages/airflow/example_dags/example_sla_dag.py
[2024-11-03T01:04:22.204+0000] {processor.py:925} INFO - DAG(s) 'example_sla_dag' retrieved from /home/airflow/.local/lib/python3.12/site-packages/airflow/example_dags/example_sla_dag.py
[2024-11-03T01:04:22.221+0000] {logging_mixin.py:190} INFO - [2024-11-03T01:04:22.221+0000] {dag.py:3239} INFO - Sync 1 DAGs
[2024-11-03T01:04:22.243+0000] {logging_mixin.py:190} INFO - [2024-11-03T01:04:22.243+0000] {dag.py:4180} INFO - Setting next_dagrun for example_sla_dag to 2024-11-03 01:02:00+00:00, run_after=2024-11-03 01:04:00+00:00
[2024-11-03T01:04:22.260+0000] {processor.py:208} INFO - Processing /home/airflow/.local/lib/python3.12/site-packages/airflow/example_dags/example_sla_dag.py took 0.074 seconds
[2024-11-03T01:04:52.920+0000] {processor.py:186} INFO - Started process (PID=2183) to work on /home/airflow/.local/lib/python3.12/site-packages/airflow/example_dags/example_sla_dag.py
[2024-11-03T01:04:52.921+0000] {processor.py:914} INFO - Processing file /home/airflow/.local/lib/python3.12/site-packages/airflow/example_dags/example_sla_dag.py for tasks to queue
[2024-11-03T01:04:52.923+0000] {logging_mixin.py:190} INFO - [2024-11-03T01:04:52.923+0000] {dagbag.py:588} INFO - Filling up the DagBag from /home/airflow/.local/lib/python3.12/site-packages/airflow/example_dags/example_sla_dag.py
[2024-11-03T01:04:52.930+0000] {processor.py:925} INFO - DAG(s) 'example_sla_dag' retrieved from /home/airflow/.local/lib/python3.12/site-packages/airflow/example_dags/example_sla_dag.py
[2024-11-03T01:04:52.946+0000] {logging_mixin.py:190} INFO - [2024-11-03T01:04:52.946+0000] {dag.py:3239} INFO - Sync 1 DAGs
[2024-11-03T01:04:52.967+0000] {logging_mixin.py:190} INFO - [2024-11-03T01:04:52.967+0000] {dag.py:4180} INFO - Setting next_dagrun for example_sla_dag to 2024-11-03 01:02:00+00:00, run_after=2024-11-03 01:04:00+00:00
[2024-11-03T01:04:52.983+0000] {processor.py:208} INFO - Processing /home/airflow/.local/lib/python3.12/site-packages/airflow/example_dags/example_sla_dag.py took 0.067 seconds
[2024-11-03T01:05:23.576+0000] {processor.py:186} INFO - Started process (PID=2246) to work on /home/airflow/.local/lib/python3.12/site-packages/airflow/example_dags/example_sla_dag.py
[2024-11-03T01:05:23.577+0000] {processor.py:914} INFO - Processing file /home/airflow/.local/lib/python3.12/site-packages/airflow/example_dags/example_sla_dag.py for tasks to queue
[2024-11-03T01:05:23.579+0000] {logging_mixin.py:190} INFO - [2024-11-03T01:05:23.578+0000] {dagbag.py:588} INFO - Filling up the DagBag from /home/airflow/.local/lib/python3.12/site-packages/airflow/example_dags/example_sla_dag.py
[2024-11-03T01:05:23.588+0000] {processor.py:925} INFO - DAG(s) 'example_sla_dag' retrieved from /home/airflow/.local/lib/python3.12/site-packages/airflow/example_dags/example_sla_dag.py
[2024-11-03T01:05:23.605+0000] {logging_mixin.py:190} INFO - [2024-11-03T01:05:23.605+0000] {dag.py:3239} INFO - Sync 1 DAGs
[2024-11-03T01:05:23.626+0000] {logging_mixin.py:190} INFO - [2024-11-03T01:05:23.626+0000] {dag.py:4180} INFO - Setting next_dagrun for example_sla_dag to 2024-11-03 01:02:00+00:00, run_after=2024-11-03 01:04:00+00:00
[2024-11-03T01:05:23.642+0000] {processor.py:208} INFO - Processing /home/airflow/.local/lib/python3.12/site-packages/airflow/example_dags/example_sla_dag.py took 0.071 seconds
[2024-11-03T01:05:53.951+0000] {processor.py:186} INFO - Started process (PID=2309) to work on /home/airflow/.local/lib/python3.12/site-packages/airflow/example_dags/example_sla_dag.py
[2024-11-03T01:05:53.952+0000] {processor.py:914} INFO - Processing file /home/airflow/.local/lib/python3.12/site-packages/airflow/example_dags/example_sla_dag.py for tasks to queue
[2024-11-03T01:05:53.958+0000] {logging_mixin.py:190} INFO - [2024-11-03T01:05:53.957+0000] {dagbag.py:588} INFO - Filling up the DagBag from /home/airflow/.local/lib/python3.12/site-packages/airflow/example_dags/example_sla_dag.py
[2024-11-03T01:05:53.970+0000] {processor.py:925} INFO - DAG(s) 'example_sla_dag' retrieved from /home/airflow/.local/lib/python3.12/site-packages/airflow/example_dags/example_sla_dag.py
[2024-11-03T01:05:53.994+0000] {logging_mixin.py:190} INFO - [2024-11-03T01:05:53.994+0000] {dag.py:3239} INFO - Sync 1 DAGs
[2024-11-03T01:05:54.030+0000] {logging_mixin.py:190} INFO - [2024-11-03T01:05:54.030+0000] {dag.py:4180} INFO - Setting next_dagrun for example_sla_dag to 2024-11-03 01:02:00+00:00, run_after=2024-11-03 01:04:00+00:00
[2024-11-03T01:05:54.052+0000] {processor.py:208} INFO - Processing /home/airflow/.local/lib/python3.12/site-packages/airflow/example_dags/example_sla_dag.py took 0.105 seconds
[2024-11-03T01:06:24.849+0000] {processor.py:186} INFO - Started process (PID=2372) to work on /home/airflow/.local/lib/python3.12/site-packages/airflow/example_dags/example_sla_dag.py
[2024-11-03T01:06:24.850+0000] {processor.py:914} INFO - Processing file /home/airflow/.local/lib/python3.12/site-packages/airflow/example_dags/example_sla_dag.py for tasks to queue
[2024-11-03T01:06:24.851+0000] {logging_mixin.py:190} INFO - [2024-11-03T01:06:24.851+0000] {dagbag.py:588} INFO - Filling up the DagBag from /home/airflow/.local/lib/python3.12/site-packages/airflow/example_dags/example_sla_dag.py
[2024-11-03T01:06:24.859+0000] {processor.py:925} INFO - DAG(s) 'example_sla_dag' retrieved from /home/airflow/.local/lib/python3.12/site-packages/airflow/example_dags/example_sla_dag.py
[2024-11-03T01:06:24.877+0000] {logging_mixin.py:190} INFO - [2024-11-03T01:06:24.876+0000] {dag.py:3239} INFO - Sync 1 DAGs
[2024-11-03T01:06:24.900+0000] {logging_mixin.py:190} INFO - [2024-11-03T01:06:24.900+0000] {dag.py:4180} INFO - Setting next_dagrun for example_sla_dag to 2024-11-03 01:04:00+00:00, run_after=2024-11-03 01:06:00+00:00
[2024-11-03T01:06:24.915+0000] {processor.py:208} INFO - Processing /home/airflow/.local/lib/python3.12/site-packages/airflow/example_dags/example_sla_dag.py took 0.070 seconds
[2024-11-03T01:06:55.440+0000] {processor.py:186} INFO - Started process (PID=2435) to work on /home/airflow/.local/lib/python3.12/site-packages/airflow/example_dags/example_sla_dag.py
[2024-11-03T01:06:55.441+0000] {processor.py:914} INFO - Processing file /home/airflow/.local/lib/python3.12/site-packages/airflow/example_dags/example_sla_dag.py for tasks to queue
[2024-11-03T01:06:55.443+0000] {logging_mixin.py:190} INFO - [2024-11-03T01:06:55.443+0000] {dagbag.py:588} INFO - Filling up the DagBag from /home/airflow/.local/lib/python3.12/site-packages/airflow/example_dags/example_sla_dag.py
[2024-11-03T01:06:55.450+0000] {processor.py:925} INFO - DAG(s) 'example_sla_dag' retrieved from /home/airflow/.local/lib/python3.12/site-packages/airflow/example_dags/example_sla_dag.py
[2024-11-03T01:06:55.471+0000] {logging_mixin.py:190} INFO - [2024-11-03T01:06:55.471+0000] {dag.py:3239} INFO - Sync 1 DAGs
[2024-11-03T01:06:55.496+0000] {logging_mixin.py:190} INFO - [2024-11-03T01:06:55.496+0000] {dag.py:4180} INFO - Setting next_dagrun for example_sla_dag to 2024-11-03 01:04:00+00:00, run_after=2024-11-03 01:06:00+00:00
[2024-11-03T01:06:55.514+0000] {processor.py:208} INFO - Processing /home/airflow/.local/lib/python3.12/site-packages/airflow/example_dags/example_sla_dag.py took 0.078 seconds
[2024-11-03T01:07:25.822+0000] {processor.py:186} INFO - Started process (PID=2497) to work on /home/airflow/.local/lib/python3.12/site-packages/airflow/example_dags/example_sla_dag.py
[2024-11-03T01:07:25.823+0000] {processor.py:914} INFO - Processing file /home/airflow/.local/lib/python3.12/site-packages/airflow/example_dags/example_sla_dag.py for tasks to queue
[2024-11-03T01:07:25.825+0000] {logging_mixin.py:190} INFO - [2024-11-03T01:07:25.824+0000] {dagbag.py:588} INFO - Filling up the DagBag from /home/airflow/.local/lib/python3.12/site-packages/airflow/example_dags/example_sla_dag.py
[2024-11-03T01:07:25.832+0000] {processor.py:925} INFO - DAG(s) 'example_sla_dag' retrieved from /home/airflow/.local/lib/python3.12/site-packages/airflow/example_dags/example_sla_dag.py
[2024-11-03T01:07:25.846+0000] {logging_mixin.py:190} INFO - [2024-11-03T01:07:25.846+0000] {dag.py:3239} INFO - Sync 1 DAGs
[2024-11-03T01:07:25.866+0000] {logging_mixin.py:190} INFO - [2024-11-03T01:07:25.866+0000] {dag.py:4180} INFO - Setting next_dagrun for example_sla_dag to 2024-11-03 01:04:00+00:00, run_after=2024-11-03 01:06:00+00:00
[2024-11-03T01:07:25.880+0000] {processor.py:208} INFO - Processing /home/airflow/.local/lib/python3.12/site-packages/airflow/example_dags/example_sla_dag.py took 0.063 seconds
[2024-11-03T01:07:56.140+0000] {processor.py:186} INFO - Started process (PID=2560) to work on /home/airflow/.local/lib/python3.12/site-packages/airflow/example_dags/example_sla_dag.py
[2024-11-03T01:07:56.141+0000] {processor.py:914} INFO - Processing file /home/airflow/.local/lib/python3.12/site-packages/airflow/example_dags/example_sla_dag.py for tasks to queue
[2024-11-03T01:07:56.142+0000] {logging_mixin.py:190} INFO - [2024-11-03T01:07:56.142+0000] {dagbag.py:588} INFO - Filling up the DagBag from /home/airflow/.local/lib/python3.12/site-packages/airflow/example_dags/example_sla_dag.py
[2024-11-03T01:07:56.150+0000] {processor.py:925} INFO - DAG(s) 'example_sla_dag' retrieved from /home/airflow/.local/lib/python3.12/site-packages/airflow/example_dags/example_sla_dag.py
[2024-11-03T01:07:56.165+0000] {logging_mixin.py:190} INFO - [2024-11-03T01:07:56.165+0000] {dag.py:3239} INFO - Sync 1 DAGs
[2024-11-03T01:07:56.185+0000] {logging_mixin.py:190} INFO - [2024-11-03T01:07:56.185+0000] {dag.py:4180} INFO - Setting next_dagrun for example_sla_dag to 2024-11-03 01:04:00+00:00, run_after=2024-11-03 01:06:00+00:00
[2024-11-03T01:07:56.200+0000] {processor.py:208} INFO - Processing /home/airflow/.local/lib/python3.12/site-packages/airflow/example_dags/example_sla_dag.py took 0.065 seconds
[2024-11-03T01:08:26.650+0000] {processor.py:186} INFO - Started process (PID=2623) to work on /home/airflow/.local/lib/python3.12/site-packages/airflow/example_dags/example_sla_dag.py
[2024-11-03T01:08:26.651+0000] {processor.py:914} INFO - Processing file /home/airflow/.local/lib/python3.12/site-packages/airflow/example_dags/example_sla_dag.py for tasks to queue
[2024-11-03T01:08:26.653+0000] {logging_mixin.py:190} INFO - [2024-11-03T01:08:26.653+0000] {dagbag.py:588} INFO - Filling up the DagBag from /home/airflow/.local/lib/python3.12/site-packages/airflow/example_dags/example_sla_dag.py
[2024-11-03T01:08:26.662+0000] {processor.py:925} INFO - DAG(s) 'example_sla_dag' retrieved from /home/airflow/.local/lib/python3.12/site-packages/airflow/example_dags/example_sla_dag.py
[2024-11-03T01:08:26.677+0000] {logging_mixin.py:190} INFO - [2024-11-03T01:08:26.677+0000] {dag.py:3239} INFO - Sync 1 DAGs
[2024-11-03T01:08:26.698+0000] {logging_mixin.py:190} INFO - [2024-11-03T01:08:26.697+0000] {dag.py:4180} INFO - Setting next_dagrun for example_sla_dag to 2024-11-03 01:06:00+00:00, run_after=2024-11-03 01:08:00+00:00
[2024-11-03T01:08:26.713+0000] {processor.py:208} INFO - Processing /home/airflow/.local/lib/python3.12/site-packages/airflow/example_dags/example_sla_dag.py took 0.067 seconds
[2024-11-03T01:08:57.081+0000] {processor.py:186} INFO - Started process (PID=2687) to work on /home/airflow/.local/lib/python3.12/site-packages/airflow/example_dags/example_sla_dag.py
[2024-11-03T01:08:57.082+0000] {processor.py:914} INFO - Processing file /home/airflow/.local/lib/python3.12/site-packages/airflow/example_dags/example_sla_dag.py for tasks to queue
[2024-11-03T01:08:57.084+0000] {logging_mixin.py:190} INFO - [2024-11-03T01:08:57.084+0000] {dagbag.py:588} INFO - Filling up the DagBag from /home/airflow/.local/lib/python3.12/site-packages/airflow/example_dags/example_sla_dag.py
[2024-11-03T01:08:57.092+0000] {processor.py:925} INFO - DAG(s) 'example_sla_dag' retrieved from /home/airflow/.local/lib/python3.12/site-packages/airflow/example_dags/example_sla_dag.py
[2024-11-03T01:08:57.109+0000] {logging_mixin.py:190} INFO - [2024-11-03T01:08:57.109+0000] {dag.py:3239} INFO - Sync 1 DAGs
[2024-11-03T01:08:57.131+0000] {logging_mixin.py:190} INFO - [2024-11-03T01:08:57.131+0000] {dag.py:4180} INFO - Setting next_dagrun for example_sla_dag to 2024-11-03 01:06:00+00:00, run_after=2024-11-03 01:08:00+00:00
[2024-11-03T01:08:57.146+0000] {processor.py:208} INFO - Processing /home/airflow/.local/lib/python3.12/site-packages/airflow/example_dags/example_sla_dag.py took 0.070 seconds
[2024-11-03T01:09:27.566+0000] {processor.py:186} INFO - Started process (PID=2750) to work on /home/airflow/.local/lib/python3.12/site-packages/airflow/example_dags/example_sla_dag.py
[2024-11-03T01:09:27.567+0000] {processor.py:914} INFO - Processing file /home/airflow/.local/lib/python3.12/site-packages/airflow/example_dags/example_sla_dag.py for tasks to queue
[2024-11-03T01:09:27.569+0000] {logging_mixin.py:190} INFO - [2024-11-03T01:09:27.568+0000] {dagbag.py:588} INFO - Filling up the DagBag from /home/airflow/.local/lib/python3.12/site-packages/airflow/example_dags/example_sla_dag.py
[2024-11-03T01:09:27.576+0000] {processor.py:925} INFO - DAG(s) 'example_sla_dag' retrieved from /home/airflow/.local/lib/python3.12/site-packages/airflow/example_dags/example_sla_dag.py
[2024-11-03T01:09:27.590+0000] {logging_mixin.py:190} INFO - [2024-11-03T01:09:27.590+0000] {dag.py:3239} INFO - Sync 1 DAGs
[2024-11-03T01:09:27.612+0000] {logging_mixin.py:190} INFO - [2024-11-03T01:09:27.611+0000] {dag.py:4180} INFO - Setting next_dagrun for example_sla_dag to 2024-11-03 01:06:00+00:00, run_after=2024-11-03 01:08:00+00:00
[2024-11-03T01:09:27.627+0000] {processor.py:208} INFO - Processing /home/airflow/.local/lib/python3.12/site-packages/airflow/example_dags/example_sla_dag.py took 0.065 seconds
[2024-11-03T01:09:58.075+0000] {processor.py:186} INFO - Started process (PID=2813) to work on /home/airflow/.local/lib/python3.12/site-packages/airflow/example_dags/example_sla_dag.py
[2024-11-03T01:09:58.075+0000] {processor.py:914} INFO - Processing file /home/airflow/.local/lib/python3.12/site-packages/airflow/example_dags/example_sla_dag.py for tasks to queue
[2024-11-03T01:09:58.077+0000] {logging_mixin.py:190} INFO - [2024-11-03T01:09:58.077+0000] {dagbag.py:588} INFO - Filling up the DagBag from /home/airflow/.local/lib/python3.12/site-packages/airflow/example_dags/example_sla_dag.py
[2024-11-03T01:09:58.085+0000] {processor.py:925} INFO - DAG(s) 'example_sla_dag' retrieved from /home/airflow/.local/lib/python3.12/site-packages/airflow/example_dags/example_sla_dag.py
[2024-11-03T01:09:58.098+0000] {logging_mixin.py:190} INFO - [2024-11-03T01:09:58.098+0000] {dag.py:3239} INFO - Sync 1 DAGs
[2024-11-03T01:09:58.119+0000] {logging_mixin.py:190} INFO - [2024-11-03T01:09:58.118+0000] {dag.py:4180} INFO - Setting next_dagrun for example_sla_dag to 2024-11-03 01:06:00+00:00, run_after=2024-11-03 01:08:00+00:00
[2024-11-03T01:09:58.133+0000] {processor.py:208} INFO - Processing /home/airflow/.local/lib/python3.12/site-packages/airflow/example_dags/example_sla_dag.py took 0.063 seconds
[2024-11-03T01:10:28.463+0000] {processor.py:186} INFO - Started process (PID=2876) to work on /home/airflow/.local/lib/python3.12/site-packages/airflow/example_dags/example_sla_dag.py
[2024-11-03T01:10:28.464+0000] {processor.py:914} INFO - Processing file /home/airflow/.local/lib/python3.12/site-packages/airflow/example_dags/example_sla_dag.py for tasks to queue
[2024-11-03T01:10:28.466+0000] {logging_mixin.py:190} INFO - [2024-11-03T01:10:28.466+0000] {dagbag.py:588} INFO - Filling up the DagBag from /home/airflow/.local/lib/python3.12/site-packages/airflow/example_dags/example_sla_dag.py
[2024-11-03T01:10:28.474+0000] {processor.py:925} INFO - DAG(s) 'example_sla_dag' retrieved from /home/airflow/.local/lib/python3.12/site-packages/airflow/example_dags/example_sla_dag.py
[2024-11-03T01:10:28.488+0000] {logging_mixin.py:190} INFO - [2024-11-03T01:10:28.488+0000] {dag.py:3239} INFO - Sync 1 DAGs
[2024-11-03T01:10:28.508+0000] {logging_mixin.py:190} INFO - [2024-11-03T01:10:28.508+0000] {dag.py:4180} INFO - Setting next_dagrun for example_sla_dag to 2024-11-03 01:08:00+00:00, run_after=2024-11-03 01:10:00+00:00
[2024-11-03T01:10:28.525+0000] {processor.py:208} INFO - Processing /home/airflow/.local/lib/python3.12/site-packages/airflow/example_dags/example_sla_dag.py took 0.067 seconds
[2024-11-03T01:10:58.900+0000] {processor.py:186} INFO - Started process (PID=2939) to work on /home/airflow/.local/lib/python3.12/site-packages/airflow/example_dags/example_sla_dag.py
[2024-11-03T01:10:58.901+0000] {processor.py:914} INFO - Processing file /home/airflow/.local/lib/python3.12/site-packages/airflow/example_dags/example_sla_dag.py for tasks to queue
[2024-11-03T01:10:58.904+0000] {logging_mixin.py:190} INFO - [2024-11-03T01:10:58.903+0000] {dagbag.py:588} INFO - Filling up the DagBag from /home/airflow/.local/lib/python3.12/site-packages/airflow/example_dags/example_sla_dag.py
[2024-11-03T01:10:58.914+0000] {processor.py:925} INFO - DAG(s) 'example_sla_dag' retrieved from /home/airflow/.local/lib/python3.12/site-packages/airflow/example_dags/example_sla_dag.py
[2024-11-03T01:10:58.931+0000] {logging_mixin.py:190} INFO - [2024-11-03T01:10:58.931+0000] {dag.py:3239} INFO - Sync 1 DAGs
[2024-11-03T01:10:58.955+0000] {logging_mixin.py:190} INFO - [2024-11-03T01:10:58.954+0000] {dag.py:4180} INFO - Setting next_dagrun for example_sla_dag to 2024-11-03 01:08:00+00:00, run_after=2024-11-03 01:10:00+00:00
[2024-11-03T01:10:58.969+0000] {processor.py:208} INFO - Processing /home/airflow/.local/lib/python3.12/site-packages/airflow/example_dags/example_sla_dag.py took 0.075 seconds
[2024-11-03T01:11:29.441+0000] {processor.py:186} INFO - Started process (PID=3002) to work on /home/airflow/.local/lib/python3.12/site-packages/airflow/example_dags/example_sla_dag.py
[2024-11-03T01:11:29.442+0000] {processor.py:914} INFO - Processing file /home/airflow/.local/lib/python3.12/site-packages/airflow/example_dags/example_sla_dag.py for tasks to queue
[2024-11-03T01:11:29.444+0000] {logging_mixin.py:190} INFO - [2024-11-03T01:11:29.444+0000] {dagbag.py:588} INFO - Filling up the DagBag from /home/airflow/.local/lib/python3.12/site-packages/airflow/example_dags/example_sla_dag.py
[2024-11-03T01:11:29.452+0000] {processor.py:925} INFO - DAG(s) 'example_sla_dag' retrieved from /home/airflow/.local/lib/python3.12/site-packages/airflow/example_dags/example_sla_dag.py
[2024-11-03T01:11:29.466+0000] {logging_mixin.py:190} INFO - [2024-11-03T01:11:29.466+0000] {dag.py:3239} INFO - Sync 1 DAGs
[2024-11-03T01:11:29.485+0000] {logging_mixin.py:190} INFO - [2024-11-03T01:11:29.485+0000] {dag.py:4180} INFO - Setting next_dagrun for example_sla_dag to 2024-11-03 01:08:00+00:00, run_after=2024-11-03 01:10:00+00:00
[2024-11-03T01:11:29.500+0000] {processor.py:208} INFO - Processing /home/airflow/.local/lib/python3.12/site-packages/airflow/example_dags/example_sla_dag.py took 0.064 seconds
[2024-11-03T01:11:59.780+0000] {processor.py:186} INFO - Started process (PID=3065) to work on /home/airflow/.local/lib/python3.12/site-packages/airflow/example_dags/example_sla_dag.py
[2024-11-03T01:11:59.781+0000] {processor.py:914} INFO - Processing file /home/airflow/.local/lib/python3.12/site-packages/airflow/example_dags/example_sla_dag.py for tasks to queue
[2024-11-03T01:11:59.783+0000] {logging_mixin.py:190} INFO - [2024-11-03T01:11:59.783+0000] {dagbag.py:588} INFO - Filling up the DagBag from /home/airflow/.local/lib/python3.12/site-packages/airflow/example_dags/example_sla_dag.py
[2024-11-03T01:11:59.790+0000] {processor.py:925} INFO - DAG(s) 'example_sla_dag' retrieved from /home/airflow/.local/lib/python3.12/site-packages/airflow/example_dags/example_sla_dag.py
[2024-11-03T01:11:59.806+0000] {logging_mixin.py:190} INFO - [2024-11-03T01:11:59.805+0000] {dag.py:3239} INFO - Sync 1 DAGs
[2024-11-03T01:11:59.825+0000] {logging_mixin.py:190} INFO - [2024-11-03T01:11:59.825+0000] {dag.py:4180} INFO - Setting next_dagrun for example_sla_dag to 2024-11-03 01:08:00+00:00, run_after=2024-11-03 01:10:00+00:00
[2024-11-03T01:11:59.841+0000] {processor.py:208} INFO - Processing /home/airflow/.local/lib/python3.12/site-packages/airflow/example_dags/example_sla_dag.py took 0.065 seconds
[2024-11-03T01:12:30.577+0000] {processor.py:186} INFO - Started process (PID=3128) to work on /home/airflow/.local/lib/python3.12/site-packages/airflow/example_dags/example_sla_dag.py
[2024-11-03T01:12:30.578+0000] {processor.py:914} INFO - Processing file /home/airflow/.local/lib/python3.12/site-packages/airflow/example_dags/example_sla_dag.py for tasks to queue
[2024-11-03T01:12:30.580+0000] {logging_mixin.py:190} INFO - [2024-11-03T01:12:30.580+0000] {dagbag.py:588} INFO - Filling up the DagBag from /home/airflow/.local/lib/python3.12/site-packages/airflow/example_dags/example_sla_dag.py
[2024-11-03T01:12:30.588+0000] {processor.py:925} INFO - DAG(s) 'example_sla_dag' retrieved from /home/airflow/.local/lib/python3.12/site-packages/airflow/example_dags/example_sla_dag.py
[2024-11-03T01:12:30.603+0000] {logging_mixin.py:190} INFO - [2024-11-03T01:12:30.602+0000] {dag.py:3239} INFO - Sync 1 DAGs
[2024-11-03T01:12:30.784+0000] {logging_mixin.py:190} INFO - [2024-11-03T01:12:30.784+0000] {dag.py:4180} INFO - Setting next_dagrun for example_sla_dag to 2024-11-03 01:10:00+00:00, run_after=2024-11-03 01:12:00+00:00
[2024-11-03T01:12:30.798+0000] {processor.py:208} INFO - Processing /home/airflow/.local/lib/python3.12/site-packages/airflow/example_dags/example_sla_dag.py took 0.226 seconds
[2024-11-03T01:13:01.373+0000] {processor.py:186} INFO - Started process (PID=3191) to work on /home/airflow/.local/lib/python3.12/site-packages/airflow/example_dags/example_sla_dag.py
[2024-11-03T01:13:01.374+0000] {processor.py:914} INFO - Processing file /home/airflow/.local/lib/python3.12/site-packages/airflow/example_dags/example_sla_dag.py for tasks to queue
[2024-11-03T01:13:01.377+0000] {logging_mixin.py:190} INFO - [2024-11-03T01:13:01.376+0000] {dagbag.py:588} INFO - Filling up the DagBag from /home/airflow/.local/lib/python3.12/site-packages/airflow/example_dags/example_sla_dag.py
[2024-11-03T01:13:01.385+0000] {processor.py:925} INFO - DAG(s) 'example_sla_dag' retrieved from /home/airflow/.local/lib/python3.12/site-packages/airflow/example_dags/example_sla_dag.py
[2024-11-03T01:13:01.403+0000] {logging_mixin.py:190} INFO - [2024-11-03T01:13:01.403+0000] {dag.py:3239} INFO - Sync 1 DAGs
[2024-11-03T01:13:01.617+0000] {logging_mixin.py:190} INFO - [2024-11-03T01:13:01.617+0000] {dag.py:4180} INFO - Setting next_dagrun for example_sla_dag to 2024-11-03 01:10:00+00:00, run_after=2024-11-03 01:12:00+00:00
[2024-11-03T01:13:01.631+0000] {processor.py:208} INFO - Processing /home/airflow/.local/lib/python3.12/site-packages/airflow/example_dags/example_sla_dag.py took 0.263 seconds
[2024-11-03T01:13:31.801+0000] {processor.py:186} INFO - Started process (PID=3254) to work on /home/airflow/.local/lib/python3.12/site-packages/airflow/example_dags/example_sla_dag.py
[2024-11-03T01:13:31.801+0000] {processor.py:914} INFO - Processing file /home/airflow/.local/lib/python3.12/site-packages/airflow/example_dags/example_sla_dag.py for tasks to queue
[2024-11-03T01:13:31.803+0000] {logging_mixin.py:190} INFO - [2024-11-03T01:13:31.803+0000] {dagbag.py:588} INFO - Filling up the DagBag from /home/airflow/.local/lib/python3.12/site-packages/airflow/example_dags/example_sla_dag.py
[2024-11-03T01:13:31.811+0000] {processor.py:925} INFO - DAG(s) 'example_sla_dag' retrieved from /home/airflow/.local/lib/python3.12/site-packages/airflow/example_dags/example_sla_dag.py
[2024-11-03T01:13:31.827+0000] {logging_mixin.py:190} INFO - [2024-11-03T01:13:31.827+0000] {dag.py:3239} INFO - Sync 1 DAGs
[2024-11-03T01:13:31.848+0000] {logging_mixin.py:190} INFO - [2024-11-03T01:13:31.848+0000] {dag.py:4180} INFO - Setting next_dagrun for example_sla_dag to 2024-11-03 01:10:00+00:00, run_after=2024-11-03 01:12:00+00:00
[2024-11-03T01:13:32.037+0000] {processor.py:208} INFO - Processing /home/airflow/.local/lib/python3.12/site-packages/airflow/example_dags/example_sla_dag.py took 0.241 seconds
[2024-11-03T01:14:02.289+0000] {processor.py:186} INFO - Started process (PID=3317) to work on /home/airflow/.local/lib/python3.12/site-packages/airflow/example_dags/example_sla_dag.py
[2024-11-03T01:14:02.289+0000] {processor.py:914} INFO - Processing file /home/airflow/.local/lib/python3.12/site-packages/airflow/example_dags/example_sla_dag.py for tasks to queue
[2024-11-03T01:14:02.291+0000] {logging_mixin.py:190} INFO - [2024-11-03T01:14:02.291+0000] {dagbag.py:588} INFO - Filling up the DagBag from /home/airflow/.local/lib/python3.12/site-packages/airflow/example_dags/example_sla_dag.py
[2024-11-03T01:14:02.300+0000] {processor.py:925} INFO - DAG(s) 'example_sla_dag' retrieved from /home/airflow/.local/lib/python3.12/site-packages/airflow/example_dags/example_sla_dag.py
[2024-11-03T01:14:02.316+0000] {logging_mixin.py:190} INFO - [2024-11-03T01:14:02.316+0000] {dag.py:3239} INFO - Sync 1 DAGs
[2024-11-03T01:14:02.337+0000] {logging_mixin.py:190} INFO - [2024-11-03T01:14:02.337+0000] {dag.py:4180} INFO - Setting next_dagrun for example_sla_dag to 2024-11-03 01:12:00+00:00, run_after=2024-11-03 01:14:00+00:00
[2024-11-03T01:14:02.352+0000] {processor.py:208} INFO - Processing /home/airflow/.local/lib/python3.12/site-packages/airflow/example_dags/example_sla_dag.py took 0.068 seconds
[2024-11-03T01:14:32.873+0000] {processor.py:186} INFO - Started process (PID=3380) to work on /home/airflow/.local/lib/python3.12/site-packages/airflow/example_dags/example_sla_dag.py
[2024-11-03T01:14:32.874+0000] {processor.py:914} INFO - Processing file /home/airflow/.local/lib/python3.12/site-packages/airflow/example_dags/example_sla_dag.py for tasks to queue
[2024-11-03T01:14:32.877+0000] {logging_mixin.py:190} INFO - [2024-11-03T01:14:32.876+0000] {dagbag.py:588} INFO - Filling up the DagBag from /home/airflow/.local/lib/python3.12/site-packages/airflow/example_dags/example_sla_dag.py
[2024-11-03T01:14:32.885+0000] {processor.py:925} INFO - DAG(s) 'example_sla_dag' retrieved from /home/airflow/.local/lib/python3.12/site-packages/airflow/example_dags/example_sla_dag.py
[2024-11-03T01:14:32.903+0000] {logging_mixin.py:190} INFO - [2024-11-03T01:14:32.903+0000] {dag.py:3239} INFO - Sync 1 DAGs
[2024-11-03T01:14:32.926+0000] {logging_mixin.py:190} INFO - [2024-11-03T01:14:32.925+0000] {dag.py:4180} INFO - Setting next_dagrun for example_sla_dag to 2024-11-03 01:12:00+00:00, run_after=2024-11-03 01:14:00+00:00
[2024-11-03T01:14:32.944+0000] {processor.py:208} INFO - Processing /home/airflow/.local/lib/python3.12/site-packages/airflow/example_dags/example_sla_dag.py took 0.077 seconds
[2024-11-03T01:15:03.063+0000] {processor.py:186} INFO - Started process (PID=3443) to work on /home/airflow/.local/lib/python3.12/site-packages/airflow/example_dags/example_sla_dag.py
[2024-11-03T01:15:03.064+0000] {processor.py:914} INFO - Processing file /home/airflow/.local/lib/python3.12/site-packages/airflow/example_dags/example_sla_dag.py for tasks to queue
[2024-11-03T01:15:03.066+0000] {logging_mixin.py:190} INFO - [2024-11-03T01:15:03.066+0000] {dagbag.py:588} INFO - Filling up the DagBag from /home/airflow/.local/lib/python3.12/site-packages/airflow/example_dags/example_sla_dag.py
[2024-11-03T01:15:03.074+0000] {processor.py:925} INFO - DAG(s) 'example_sla_dag' retrieved from /home/airflow/.local/lib/python3.12/site-packages/airflow/example_dags/example_sla_dag.py
[2024-11-03T01:15:03.090+0000] {logging_mixin.py:190} INFO - [2024-11-03T01:15:03.090+0000] {dag.py:3239} INFO - Sync 1 DAGs
[2024-11-03T01:15:03.111+0000] {logging_mixin.py:190} INFO - [2024-11-03T01:15:03.111+0000] {dag.py:4180} INFO - Setting next_dagrun for example_sla_dag to 2024-11-03 01:12:00+00:00, run_after=2024-11-03 01:14:00+00:00
[2024-11-03T01:15:03.126+0000] {processor.py:208} INFO - Processing /home/airflow/.local/lib/python3.12/site-packages/airflow/example_dags/example_sla_dag.py took 0.068 seconds
[2024-11-03T01:15:33.819+0000] {processor.py:186} INFO - Started process (PID=3506) to work on /home/airflow/.local/lib/python3.12/site-packages/airflow/example_dags/example_sla_dag.py
[2024-11-03T01:15:33.820+0000] {processor.py:914} INFO - Processing file /home/airflow/.local/lib/python3.12/site-packages/airflow/example_dags/example_sla_dag.py for tasks to queue
[2024-11-03T01:15:33.822+0000] {logging_mixin.py:190} INFO - [2024-11-03T01:15:33.822+0000] {dagbag.py:588} INFO - Filling up the DagBag from /home/airflow/.local/lib/python3.12/site-packages/airflow/example_dags/example_sla_dag.py
[2024-11-03T01:15:33.831+0000] {processor.py:925} INFO - DAG(s) 'example_sla_dag' retrieved from /home/airflow/.local/lib/python3.12/site-packages/airflow/example_dags/example_sla_dag.py
[2024-11-03T01:15:33.846+0000] {logging_mixin.py:190} INFO - [2024-11-03T01:15:33.846+0000] {dag.py:3239} INFO - Sync 1 DAGs
[2024-11-03T01:15:33.868+0000] {logging_mixin.py:190} INFO - [2024-11-03T01:15:33.868+0000] {dag.py:4180} INFO - Setting next_dagrun for example_sla_dag to 2024-11-03 01:12:00+00:00, run_after=2024-11-03 01:14:00+00:00
[2024-11-03T01:15:33.886+0000] {processor.py:208} INFO - Processing /home/airflow/.local/lib/python3.12/site-packages/airflow/example_dags/example_sla_dag.py took 0.071 seconds
[2024-11-03T01:16:04.285+0000] {processor.py:186} INFO - Started process (PID=3575) to work on /home/airflow/.local/lib/python3.12/site-packages/airflow/example_dags/example_sla_dag.py
[2024-11-03T01:16:04.286+0000] {processor.py:914} INFO - Processing file /home/airflow/.local/lib/python3.12/site-packages/airflow/example_dags/example_sla_dag.py for tasks to queue
[2024-11-03T01:16:04.288+0000] {logging_mixin.py:190} INFO - [2024-11-03T01:16:04.288+0000] {dagbag.py:588} INFO - Filling up the DagBag from /home/airflow/.local/lib/python3.12/site-packages/airflow/example_dags/example_sla_dag.py
[2024-11-03T01:16:04.296+0000] {processor.py:925} INFO - DAG(s) 'example_sla_dag' retrieved from /home/airflow/.local/lib/python3.12/site-packages/airflow/example_dags/example_sla_dag.py
[2024-11-03T01:16:04.311+0000] {logging_mixin.py:190} INFO - [2024-11-03T01:16:04.311+0000] {dag.py:3239} INFO - Sync 1 DAGs
[2024-11-03T01:16:04.333+0000] {logging_mixin.py:190} INFO - [2024-11-03T01:16:04.332+0000] {dag.py:4180} INFO - Setting next_dagrun for example_sla_dag to 2024-11-03 01:14:00+00:00, run_after=2024-11-03 01:16:00+00:00
[2024-11-03T01:16:04.347+0000] {processor.py:208} INFO - Processing /home/airflow/.local/lib/python3.12/site-packages/airflow/example_dags/example_sla_dag.py took 0.067 seconds
[2024-11-03T01:16:34.458+0000] {processor.py:186} INFO - Started process (PID=3638) to work on /home/airflow/.local/lib/python3.12/site-packages/airflow/example_dags/example_sla_dag.py
[2024-11-03T01:16:34.459+0000] {processor.py:914} INFO - Processing file /home/airflow/.local/lib/python3.12/site-packages/airflow/example_dags/example_sla_dag.py for tasks to queue
[2024-11-03T01:16:34.462+0000] {logging_mixin.py:190} INFO - [2024-11-03T01:16:34.461+0000] {dagbag.py:588} INFO - Filling up the DagBag from /home/airflow/.local/lib/python3.12/site-packages/airflow/example_dags/example_sla_dag.py
[2024-11-03T01:16:34.471+0000] {processor.py:925} INFO - DAG(s) 'example_sla_dag' retrieved from /home/airflow/.local/lib/python3.12/site-packages/airflow/example_dags/example_sla_dag.py
[2024-11-03T01:16:34.494+0000] {logging_mixin.py:190} INFO - [2024-11-03T01:16:34.494+0000] {dag.py:3239} INFO - Sync 1 DAGs
[2024-11-03T01:16:34.527+0000] {logging_mixin.py:190} INFO - [2024-11-03T01:16:34.527+0000] {dag.py:4180} INFO - Setting next_dagrun for example_sla_dag to 2024-11-03 01:14:00+00:00, run_after=2024-11-03 01:16:00+00:00
[2024-11-03T01:16:34.546+0000] {processor.py:208} INFO - Processing /home/airflow/.local/lib/python3.12/site-packages/airflow/example_dags/example_sla_dag.py took 0.094 seconds
[2024-11-03T01:17:04.813+0000] {processor.py:186} INFO - Started process (PID=3701) to work on /home/airflow/.local/lib/python3.12/site-packages/airflow/example_dags/example_sla_dag.py
[2024-11-03T01:17:04.814+0000] {processor.py:914} INFO - Processing file /home/airflow/.local/lib/python3.12/site-packages/airflow/example_dags/example_sla_dag.py for tasks to queue
[2024-11-03T01:17:04.816+0000] {logging_mixin.py:190} INFO - [2024-11-03T01:17:04.816+0000] {dagbag.py:588} INFO - Filling up the DagBag from /home/airflow/.local/lib/python3.12/site-packages/airflow/example_dags/example_sla_dag.py
[2024-11-03T01:17:04.824+0000] {processor.py:925} INFO - DAG(s) 'example_sla_dag' retrieved from /home/airflow/.local/lib/python3.12/site-packages/airflow/example_dags/example_sla_dag.py
[2024-11-03T01:17:04.842+0000] {logging_mixin.py:190} INFO - [2024-11-03T01:17:04.841+0000] {dag.py:3239} INFO - Sync 1 DAGs
[2024-11-03T01:17:04.864+0000] {logging_mixin.py:190} INFO - [2024-11-03T01:17:04.864+0000] {dag.py:4180} INFO - Setting next_dagrun for example_sla_dag to 2024-11-03 01:14:00+00:00, run_after=2024-11-03 01:16:00+00:00
[2024-11-03T01:17:04.878+0000] {processor.py:208} INFO - Processing /home/airflow/.local/lib/python3.12/site-packages/airflow/example_dags/example_sla_dag.py took 0.072 seconds
[2024-11-03T01:17:35.968+0000] {processor.py:186} INFO - Started process (PID=3764) to work on /home/airflow/.local/lib/python3.12/site-packages/airflow/example_dags/example_sla_dag.py
[2024-11-03T01:17:35.969+0000] {processor.py:914} INFO - Processing file /home/airflow/.local/lib/python3.12/site-packages/airflow/example_dags/example_sla_dag.py for tasks to queue
[2024-11-03T01:17:35.971+0000] {logging_mixin.py:190} INFO - [2024-11-03T01:17:35.971+0000] {dagbag.py:588} INFO - Filling up the DagBag from /home/airflow/.local/lib/python3.12/site-packages/airflow/example_dags/example_sla_dag.py
[2024-11-03T01:17:35.979+0000] {processor.py:925} INFO - DAG(s) 'example_sla_dag' retrieved from /home/airflow/.local/lib/python3.12/site-packages/airflow/example_dags/example_sla_dag.py
[2024-11-03T01:17:35.996+0000] {logging_mixin.py:190} INFO - [2024-11-03T01:17:35.995+0000] {dag.py:3239} INFO - Sync 1 DAGs
[2024-11-03T01:17:36.017+0000] {logging_mixin.py:190} INFO - [2024-11-03T01:17:36.017+0000] {dag.py:4180} INFO - Setting next_dagrun for example_sla_dag to 2024-11-03 01:14:00+00:00, run_after=2024-11-03 01:16:00+00:00
[2024-11-03T01:17:36.031+0000] {processor.py:208} INFO - Processing /home/airflow/.local/lib/python3.12/site-packages/airflow/example_dags/example_sla_dag.py took 0.068 seconds
[2024-11-03T01:18:06.250+0000] {processor.py:186} INFO - Started process (PID=3828) to work on /home/airflow/.local/lib/python3.12/site-packages/airflow/example_dags/example_sla_dag.py
[2024-11-03T01:18:06.251+0000] {processor.py:914} INFO - Processing file /home/airflow/.local/lib/python3.12/site-packages/airflow/example_dags/example_sla_dag.py for tasks to queue
[2024-11-03T01:18:06.253+0000] {logging_mixin.py:190} INFO - [2024-11-03T01:18:06.252+0000] {dagbag.py:588} INFO - Filling up the DagBag from /home/airflow/.local/lib/python3.12/site-packages/airflow/example_dags/example_sla_dag.py
[2024-11-03T01:18:06.261+0000] {processor.py:925} INFO - DAG(s) 'example_sla_dag' retrieved from /home/airflow/.local/lib/python3.12/site-packages/airflow/example_dags/example_sla_dag.py
[2024-11-03T01:18:06.277+0000] {logging_mixin.py:190} INFO - [2024-11-03T01:18:06.277+0000] {dag.py:3239} INFO - Sync 1 DAGs
[2024-11-03T01:18:06.297+0000] {logging_mixin.py:190} INFO - [2024-11-03T01:18:06.297+0000] {dag.py:4180} INFO - Setting next_dagrun for example_sla_dag to 2024-11-03 01:16:00+00:00, run_after=2024-11-03 01:18:00+00:00
[2024-11-03T01:18:06.311+0000] {processor.py:208} INFO - Processing /home/airflow/.local/lib/python3.12/site-packages/airflow/example_dags/example_sla_dag.py took 0.066 seconds
[2024-11-03T01:18:36.546+0000] {processor.py:186} INFO - Started process (PID=3891) to work on /home/airflow/.local/lib/python3.12/site-packages/airflow/example_dags/example_sla_dag.py
[2024-11-03T01:18:36.547+0000] {processor.py:914} INFO - Processing file /home/airflow/.local/lib/python3.12/site-packages/airflow/example_dags/example_sla_dag.py for tasks to queue
[2024-11-03T01:18:36.549+0000] {logging_mixin.py:190} INFO - [2024-11-03T01:18:36.549+0000] {dagbag.py:588} INFO - Filling up the DagBag from /home/airflow/.local/lib/python3.12/site-packages/airflow/example_dags/example_sla_dag.py
[2024-11-03T01:18:36.558+0000] {processor.py:925} INFO - DAG(s) 'example_sla_dag' retrieved from /home/airflow/.local/lib/python3.12/site-packages/airflow/example_dags/example_sla_dag.py
[2024-11-03T01:18:36.575+0000] {logging_mixin.py:190} INFO - [2024-11-03T01:18:36.574+0000] {dag.py:3239} INFO - Sync 1 DAGs
[2024-11-03T01:18:36.596+0000] {logging_mixin.py:190} INFO - [2024-11-03T01:18:36.596+0000] {dag.py:4180} INFO - Setting next_dagrun for example_sla_dag to 2024-11-03 01:16:00+00:00, run_after=2024-11-03 01:18:00+00:00
[2024-11-03T01:18:36.610+0000] {processor.py:208} INFO - Processing /home/airflow/.local/lib/python3.12/site-packages/airflow/example_dags/example_sla_dag.py took 0.069 seconds
[2024-11-03T01:19:06.920+0000] {processor.py:186} INFO - Started process (PID=3954) to work on /home/airflow/.local/lib/python3.12/site-packages/airflow/example_dags/example_sla_dag.py
[2024-11-03T01:19:06.921+0000] {processor.py:914} INFO - Processing file /home/airflow/.local/lib/python3.12/site-packages/airflow/example_dags/example_sla_dag.py for tasks to queue
[2024-11-03T01:19:06.923+0000] {logging_mixin.py:190} INFO - [2024-11-03T01:19:06.922+0000] {dagbag.py:588} INFO - Filling up the DagBag from /home/airflow/.local/lib/python3.12/site-packages/airflow/example_dags/example_sla_dag.py
[2024-11-03T01:19:06.932+0000] {processor.py:925} INFO - DAG(s) 'example_sla_dag' retrieved from /home/airflow/.local/lib/python3.12/site-packages/airflow/example_dags/example_sla_dag.py
[2024-11-03T01:19:06.951+0000] {logging_mixin.py:190} INFO - [2024-11-03T01:19:06.951+0000] {dag.py:3239} INFO - Sync 1 DAGs
[2024-11-03T01:19:06.976+0000] {logging_mixin.py:190} INFO - [2024-11-03T01:19:06.976+0000] {dag.py:4180} INFO - Setting next_dagrun for example_sla_dag to 2024-11-03 01:16:00+00:00, run_after=2024-11-03 01:18:00+00:00
[2024-11-03T01:19:06.993+0000] {processor.py:208} INFO - Processing /home/airflow/.local/lib/python3.12/site-packages/airflow/example_dags/example_sla_dag.py took 0.078 seconds
[2024-11-03T01:19:37.241+0000] {processor.py:186} INFO - Started process (PID=4017) to work on /home/airflow/.local/lib/python3.12/site-packages/airflow/example_dags/example_sla_dag.py
[2024-11-03T01:19:37.242+0000] {processor.py:914} INFO - Processing file /home/airflow/.local/lib/python3.12/site-packages/airflow/example_dags/example_sla_dag.py for tasks to queue
[2024-11-03T01:19:37.244+0000] {logging_mixin.py:190} INFO - [2024-11-03T01:19:37.243+0000] {dagbag.py:588} INFO - Filling up the DagBag from /home/airflow/.local/lib/python3.12/site-packages/airflow/example_dags/example_sla_dag.py
[2024-11-03T01:19:37.252+0000] {processor.py:925} INFO - DAG(s) 'example_sla_dag' retrieved from /home/airflow/.local/lib/python3.12/site-packages/airflow/example_dags/example_sla_dag.py
[2024-11-03T01:19:37.268+0000] {logging_mixin.py:190} INFO - [2024-11-03T01:19:37.268+0000] {dag.py:3239} INFO - Sync 1 DAGs
[2024-11-03T01:19:37.292+0000] {logging_mixin.py:190} INFO - [2024-11-03T01:19:37.292+0000] {dag.py:4180} INFO - Setting next_dagrun for example_sla_dag to 2024-11-03 01:16:00+00:00, run_after=2024-11-03 01:18:00+00:00
[2024-11-03T01:19:37.308+0000] {processor.py:208} INFO - Processing /home/airflow/.local/lib/python3.12/site-packages/airflow/example_dags/example_sla_dag.py took 0.072 seconds
[2024-11-03T01:20:07.781+0000] {processor.py:186} INFO - Started process (PID=4080) to work on /home/airflow/.local/lib/python3.12/site-packages/airflow/example_dags/example_sla_dag.py
[2024-11-03T01:20:07.782+0000] {processor.py:914} INFO - Processing file /home/airflow/.local/lib/python3.12/site-packages/airflow/example_dags/example_sla_dag.py for tasks to queue
[2024-11-03T01:20:07.784+0000] {logging_mixin.py:190} INFO - [2024-11-03T01:20:07.784+0000] {dagbag.py:588} INFO - Filling up the DagBag from /home/airflow/.local/lib/python3.12/site-packages/airflow/example_dags/example_sla_dag.py
[2024-11-03T01:20:07.793+0000] {processor.py:925} INFO - DAG(s) 'example_sla_dag' retrieved from /home/airflow/.local/lib/python3.12/site-packages/airflow/example_dags/example_sla_dag.py
[2024-11-03T01:20:07.810+0000] {logging_mixin.py:190} INFO - [2024-11-03T01:20:07.810+0000] {dag.py:3239} INFO - Sync 1 DAGs
[2024-11-03T01:20:07.834+0000] {logging_mixin.py:190} INFO - [2024-11-03T01:20:07.834+0000] {dag.py:4180} INFO - Setting next_dagrun for example_sla_dag to 2024-11-03 01:18:00+00:00, run_after=2024-11-03 01:20:00+00:00
[2024-11-03T01:20:07.849+0000] {processor.py:208} INFO - Processing /home/airflow/.local/lib/python3.12/site-packages/airflow/example_dags/example_sla_dag.py took 0.073 seconds
[2024-11-03T01:20:39.007+0000] {processor.py:186} INFO - Started process (PID=4144) to work on /home/airflow/.local/lib/python3.12/site-packages/airflow/example_dags/example_sla_dag.py
[2024-11-03T01:20:39.008+0000] {processor.py:914} INFO - Processing file /home/airflow/.local/lib/python3.12/site-packages/airflow/example_dags/example_sla_dag.py for tasks to queue
[2024-11-03T01:20:39.010+0000] {logging_mixin.py:190} INFO - [2024-11-03T01:20:39.010+0000] {dagbag.py:588} INFO - Filling up the DagBag from /home/airflow/.local/lib/python3.12/site-packages/airflow/example_dags/example_sla_dag.py
[2024-11-03T01:20:39.018+0000] {processor.py:925} INFO - DAG(s) 'example_sla_dag' retrieved from /home/airflow/.local/lib/python3.12/site-packages/airflow/example_dags/example_sla_dag.py
[2024-11-03T01:20:39.034+0000] {logging_mixin.py:190} INFO - [2024-11-03T01:20:39.034+0000] {dag.py:3239} INFO - Sync 1 DAGs
[2024-11-03T01:20:39.056+0000] {logging_mixin.py:190} INFO - [2024-11-03T01:20:39.056+0000] {dag.py:4180} INFO - Setting next_dagrun for example_sla_dag to 2024-11-03 01:18:00+00:00, run_after=2024-11-03 01:20:00+00:00
[2024-11-03T01:20:39.071+0000] {processor.py:208} INFO - Processing /home/airflow/.local/lib/python3.12/site-packages/airflow/example_dags/example_sla_dag.py took 0.068 seconds
[2024-11-03T01:21:09.274+0000] {processor.py:186} INFO - Started process (PID=4207) to work on /home/airflow/.local/lib/python3.12/site-packages/airflow/example_dags/example_sla_dag.py
[2024-11-03T01:21:09.275+0000] {processor.py:914} INFO - Processing file /home/airflow/.local/lib/python3.12/site-packages/airflow/example_dags/example_sla_dag.py for tasks to queue
[2024-11-03T01:21:09.277+0000] {logging_mixin.py:190} INFO - [2024-11-03T01:21:09.277+0000] {dagbag.py:588} INFO - Filling up the DagBag from /home/airflow/.local/lib/python3.12/site-packages/airflow/example_dags/example_sla_dag.py
[2024-11-03T01:21:09.285+0000] {processor.py:925} INFO - DAG(s) 'example_sla_dag' retrieved from /home/airflow/.local/lib/python3.12/site-packages/airflow/example_dags/example_sla_dag.py
[2024-11-03T01:21:09.302+0000] {logging_mixin.py:190} INFO - [2024-11-03T01:21:09.302+0000] {dag.py:3239} INFO - Sync 1 DAGs
[2024-11-03T01:21:09.325+0000] {logging_mixin.py:190} INFO - [2024-11-03T01:21:09.325+0000] {dag.py:4180} INFO - Setting next_dagrun for example_sla_dag to 2024-11-03 01:18:00+00:00, run_after=2024-11-03 01:20:00+00:00
[2024-11-03T01:21:09.340+0000] {processor.py:208} INFO - Processing /home/airflow/.local/lib/python3.12/site-packages/airflow/example_dags/example_sla_dag.py took 0.071 seconds
[2024-11-03T01:21:39.720+0000] {processor.py:186} INFO - Started process (PID=4270) to work on /home/airflow/.local/lib/python3.12/site-packages/airflow/example_dags/example_sla_dag.py
[2024-11-03T01:21:39.721+0000] {processor.py:914} INFO - Processing file /home/airflow/.local/lib/python3.12/site-packages/airflow/example_dags/example_sla_dag.py for tasks to queue
[2024-11-03T01:21:39.723+0000] {logging_mixin.py:190} INFO - [2024-11-03T01:21:39.723+0000] {dagbag.py:588} INFO - Filling up the DagBag from /home/airflow/.local/lib/python3.12/site-packages/airflow/example_dags/example_sla_dag.py
[2024-11-03T01:21:39.731+0000] {processor.py:925} INFO - DAG(s) 'example_sla_dag' retrieved from /home/airflow/.local/lib/python3.12/site-packages/airflow/example_dags/example_sla_dag.py
[2024-11-03T01:21:39.748+0000] {logging_mixin.py:190} INFO - [2024-11-03T01:21:39.748+0000] {dag.py:3239} INFO - Sync 1 DAGs
[2024-11-03T01:21:39.771+0000] {logging_mixin.py:190} INFO - [2024-11-03T01:21:39.771+0000] {dag.py:4180} INFO - Setting next_dagrun for example_sla_dag to 2024-11-03 01:18:00+00:00, run_after=2024-11-03 01:20:00+00:00
[2024-11-03T01:21:39.788+0000] {processor.py:208} INFO - Processing /home/airflow/.local/lib/python3.12/site-packages/airflow/example_dags/example_sla_dag.py took 0.073 seconds
[2024-11-03T01:22:10.037+0000] {processor.py:186} INFO - Started process (PID=4333) to work on /home/airflow/.local/lib/python3.12/site-packages/airflow/example_dags/example_sla_dag.py
[2024-11-03T01:22:10.038+0000] {processor.py:914} INFO - Processing file /home/airflow/.local/lib/python3.12/site-packages/airflow/example_dags/example_sla_dag.py for tasks to queue
[2024-11-03T01:22:10.040+0000] {logging_mixin.py:190} INFO - [2024-11-03T01:22:10.039+0000] {dagbag.py:588} INFO - Filling up the DagBag from /home/airflow/.local/lib/python3.12/site-packages/airflow/example_dags/example_sla_dag.py
[2024-11-03T01:22:10.048+0000] {processor.py:925} INFO - DAG(s) 'example_sla_dag' retrieved from /home/airflow/.local/lib/python3.12/site-packages/airflow/example_dags/example_sla_dag.py
[2024-11-03T01:22:10.064+0000] {logging_mixin.py:190} INFO - [2024-11-03T01:22:10.064+0000] {dag.py:3239} INFO - Sync 1 DAGs
[2024-11-03T01:22:10.085+0000] {logging_mixin.py:190} INFO - [2024-11-03T01:22:10.085+0000] {dag.py:4180} INFO - Setting next_dagrun for example_sla_dag to 2024-11-03 01:20:00+00:00, run_after=2024-11-03 01:22:00+00:00
[2024-11-03T01:22:10.100+0000] {processor.py:208} INFO - Processing /home/airflow/.local/lib/python3.12/site-packages/airflow/example_dags/example_sla_dag.py took 0.068 seconds
[2024-11-03T01:22:40.248+0000] {processor.py:186} INFO - Started process (PID=4395) to work on /home/airflow/.local/lib/python3.12/site-packages/airflow/example_dags/example_sla_dag.py
[2024-11-03T01:22:40.249+0000] {processor.py:914} INFO - Processing file /home/airflow/.local/lib/python3.12/site-packages/airflow/example_dags/example_sla_dag.py for tasks to queue
[2024-11-03T01:22:40.251+0000] {logging_mixin.py:190} INFO - [2024-11-03T01:22:40.251+0000] {dagbag.py:588} INFO - Filling up the DagBag from /home/airflow/.local/lib/python3.12/site-packages/airflow/example_dags/example_sla_dag.py
[2024-11-03T01:22:40.259+0000] {processor.py:925} INFO - DAG(s) 'example_sla_dag' retrieved from /home/airflow/.local/lib/python3.12/site-packages/airflow/example_dags/example_sla_dag.py
[2024-11-03T01:22:40.276+0000] {logging_mixin.py:190} INFO - [2024-11-03T01:22:40.275+0000] {dag.py:3239} INFO - Sync 1 DAGs
[2024-11-03T01:22:40.297+0000] {logging_mixin.py:190} INFO - [2024-11-03T01:22:40.297+0000] {dag.py:4180} INFO - Setting next_dagrun for example_sla_dag to 2024-11-03 01:20:00+00:00, run_after=2024-11-03 01:22:00+00:00
[2024-11-03T01:22:40.313+0000] {processor.py:208} INFO - Processing /home/airflow/.local/lib/python3.12/site-packages/airflow/example_dags/example_sla_dag.py took 0.069 seconds
[2024-11-03T01:23:11.456+0000] {processor.py:186} INFO - Started process (PID=4459) to work on /home/airflow/.local/lib/python3.12/site-packages/airflow/example_dags/example_sla_dag.py
[2024-11-03T01:23:11.457+0000] {processor.py:914} INFO - Processing file /home/airflow/.local/lib/python3.12/site-packages/airflow/example_dags/example_sla_dag.py for tasks to queue
[2024-11-03T01:23:11.459+0000] {logging_mixin.py:190} INFO - [2024-11-03T01:23:11.459+0000] {dagbag.py:588} INFO - Filling up the DagBag from /home/airflow/.local/lib/python3.12/site-packages/airflow/example_dags/example_sla_dag.py
[2024-11-03T01:23:11.467+0000] {processor.py:925} INFO - DAG(s) 'example_sla_dag' retrieved from /home/airflow/.local/lib/python3.12/site-packages/airflow/example_dags/example_sla_dag.py
[2024-11-03T01:23:11.484+0000] {logging_mixin.py:190} INFO - [2024-11-03T01:23:11.483+0000] {dag.py:3239} INFO - Sync 1 DAGs
[2024-11-03T01:23:11.505+0000] {logging_mixin.py:190} INFO - [2024-11-03T01:23:11.504+0000] {dag.py:4180} INFO - Setting next_dagrun for example_sla_dag to 2024-11-03 01:20:00+00:00, run_after=2024-11-03 01:22:00+00:00
[2024-11-03T01:23:11.521+0000] {processor.py:208} INFO - Processing /home/airflow/.local/lib/python3.12/site-packages/airflow/example_dags/example_sla_dag.py took 0.069 seconds
