[2024-11-03T00:00:02.240+0000] {processor.py:186} INFO - Started process (PID=766) to work on /home/airflow/.local/lib/python3.12/site-packages/airflow/example_dags/example_params_ui_tutorial.py
[2024-11-03T00:00:02.241+0000] {processor.py:914} INFO - Processing file /home/airflow/.local/lib/python3.12/site-packages/airflow/example_dags/example_params_ui_tutorial.py for tasks to queue
[2024-11-03T00:00:02.243+0000] {logging_mixin.py:190} INFO - [2024-11-03T00:00:02.242+0000] {dagbag.py:588} INFO - Filling up the DagBag from /home/airflow/.local/lib/python3.12/site-packages/airflow/example_dags/example_params_ui_tutorial.py
[2024-11-03T00:00:02.251+0000] {processor.py:925} INFO - DAG(s) 'example_params_ui_tutorial' retrieved from /home/airflow/.local/lib/python3.12/site-packages/airflow/example_dags/example_params_ui_tutorial.py
[2024-11-03T00:00:02.363+0000] {logging_mixin.py:190} INFO - [2024-11-03T00:00:02.363+0000] {dag.py:3239} INFO - Sync 1 DAGs
[2024-11-03T00:00:02.374+0000] {logging_mixin.py:190} INFO - [2024-11-03T00:00:02.374+0000] {dag.py:4180} INFO - Setting next_dagrun for example_params_ui_tutorial to None, run_after=None
[2024-11-03T00:00:02.391+0000] {processor.py:208} INFO - Processing /home/airflow/.local/lib/python3.12/site-packages/airflow/example_dags/example_params_ui_tutorial.py took 0.155 seconds
[2024-11-03T00:00:32.736+0000] {processor.py:186} INFO - Started process (PID=829) to work on /home/airflow/.local/lib/python3.12/site-packages/airflow/example_dags/example_params_ui_tutorial.py
[2024-11-03T00:00:32.737+0000] {processor.py:914} INFO - Processing file /home/airflow/.local/lib/python3.12/site-packages/airflow/example_dags/example_params_ui_tutorial.py for tasks to queue
[2024-11-03T00:00:32.739+0000] {logging_mixin.py:190} INFO - [2024-11-03T00:00:32.739+0000] {dagbag.py:588} INFO - Filling up the DagBag from /home/airflow/.local/lib/python3.12/site-packages/airflow/example_dags/example_params_ui_tutorial.py
[2024-11-03T00:00:32.747+0000] {processor.py:925} INFO - DAG(s) 'example_params_ui_tutorial' retrieved from /home/airflow/.local/lib/python3.12/site-packages/airflow/example_dags/example_params_ui_tutorial.py
[2024-11-03T00:00:32.795+0000] {logging_mixin.py:190} INFO - [2024-11-03T00:00:32.795+0000] {dag.py:3239} INFO - Sync 1 DAGs
[2024-11-03T00:00:32.808+0000] {logging_mixin.py:190} INFO - [2024-11-03T00:00:32.807+0000] {dag.py:4180} INFO - Setting next_dagrun for example_params_ui_tutorial to None, run_after=None
[2024-11-03T00:00:32.823+0000] {processor.py:208} INFO - Processing /home/airflow/.local/lib/python3.12/site-packages/airflow/example_dags/example_params_ui_tutorial.py took 0.092 seconds
[2024-11-03T00:01:03.376+0000] {processor.py:186} INFO - Started process (PID=892) to work on /home/airflow/.local/lib/python3.12/site-packages/airflow/example_dags/example_params_ui_tutorial.py
[2024-11-03T00:01:03.377+0000] {processor.py:914} INFO - Processing file /home/airflow/.local/lib/python3.12/site-packages/airflow/example_dags/example_params_ui_tutorial.py for tasks to queue
[2024-11-03T00:01:03.379+0000] {logging_mixin.py:190} INFO - [2024-11-03T00:01:03.379+0000] {dagbag.py:588} INFO - Filling up the DagBag from /home/airflow/.local/lib/python3.12/site-packages/airflow/example_dags/example_params_ui_tutorial.py
[2024-11-03T00:01:03.387+0000] {processor.py:925} INFO - DAG(s) 'example_params_ui_tutorial' retrieved from /home/airflow/.local/lib/python3.12/site-packages/airflow/example_dags/example_params_ui_tutorial.py
[2024-11-03T00:01:03.430+0000] {logging_mixin.py:190} INFO - [2024-11-03T00:01:03.430+0000] {dag.py:3239} INFO - Sync 1 DAGs
[2024-11-03T00:01:03.443+0000] {logging_mixin.py:190} INFO - [2024-11-03T00:01:03.443+0000] {dag.py:4180} INFO - Setting next_dagrun for example_params_ui_tutorial to None, run_after=None
[2024-11-03T00:01:03.460+0000] {processor.py:208} INFO - Processing /home/airflow/.local/lib/python3.12/site-packages/airflow/example_dags/example_params_ui_tutorial.py took 0.089 seconds
[2024-11-03T00:01:34.363+0000] {processor.py:186} INFO - Started process (PID=955) to work on /home/airflow/.local/lib/python3.12/site-packages/airflow/example_dags/example_params_ui_tutorial.py
[2024-11-03T00:01:34.364+0000] {processor.py:914} INFO - Processing file /home/airflow/.local/lib/python3.12/site-packages/airflow/example_dags/example_params_ui_tutorial.py for tasks to queue
[2024-11-03T00:01:34.366+0000] {logging_mixin.py:190} INFO - [2024-11-03T00:01:34.366+0000] {dagbag.py:588} INFO - Filling up the DagBag from /home/airflow/.local/lib/python3.12/site-packages/airflow/example_dags/example_params_ui_tutorial.py
[2024-11-03T00:01:34.373+0000] {processor.py:925} INFO - DAG(s) 'example_params_ui_tutorial' retrieved from /home/airflow/.local/lib/python3.12/site-packages/airflow/example_dags/example_params_ui_tutorial.py
[2024-11-03T00:01:34.414+0000] {logging_mixin.py:190} INFO - [2024-11-03T00:01:34.414+0000] {dag.py:3239} INFO - Sync 1 DAGs
[2024-11-03T00:01:34.426+0000] {logging_mixin.py:190} INFO - [2024-11-03T00:01:34.426+0000] {dag.py:4180} INFO - Setting next_dagrun for example_params_ui_tutorial to None, run_after=None
[2024-11-03T00:01:34.443+0000] {processor.py:208} INFO - Processing /home/airflow/.local/lib/python3.12/site-packages/airflow/example_dags/example_params_ui_tutorial.py took 0.086 seconds
[2024-11-03T00:48:00.607+0000] {processor.py:186} INFO - Started process (PID=65) to work on /home/airflow/.local/lib/python3.12/site-packages/airflow/example_dags/example_params_ui_tutorial.py
[2024-11-03T00:48:00.608+0000] {processor.py:914} INFO - Processing file /home/airflow/.local/lib/python3.12/site-packages/airflow/example_dags/example_params_ui_tutorial.py for tasks to queue
[2024-11-03T00:48:00.610+0000] {logging_mixin.py:190} INFO - [2024-11-03T00:48:00.610+0000] {dagbag.py:588} INFO - Filling up the DagBag from /home/airflow/.local/lib/python3.12/site-packages/airflow/example_dags/example_params_ui_tutorial.py
[2024-11-03T00:48:00.621+0000] {processor.py:925} INFO - DAG(s) 'example_params_ui_tutorial' retrieved from /home/airflow/.local/lib/python3.12/site-packages/airflow/example_dags/example_params_ui_tutorial.py
[2024-11-03T00:48:00.766+0000] {logging_mixin.py:190} INFO - [2024-11-03T00:48:00.765+0000] {override.py:1900} INFO - Created Permission View: can delete on DAG:example_params_ui_tutorial
[2024-11-03T00:48:00.782+0000] {logging_mixin.py:190} INFO - [2024-11-03T00:48:00.782+0000] {override.py:1900} INFO - Created Permission View: can edit on DAG:example_params_ui_tutorial
[2024-11-03T00:48:00.796+0000] {logging_mixin.py:190} INFO - [2024-11-03T00:48:00.796+0000] {override.py:1900} INFO - Created Permission View: can read on DAG:example_params_ui_tutorial
[2024-11-03T00:48:00.815+0000] {logging_mixin.py:190} INFO - [2024-11-03T00:48:00.815+0000] {override.py:1900} INFO - Created Permission View: can create on DAG Run:example_params_ui_tutorial
[2024-11-03T00:48:00.828+0000] {logging_mixin.py:190} INFO - [2024-11-03T00:48:00.828+0000] {override.py:1900} INFO - Created Permission View: can delete on DAG Run:example_params_ui_tutorial
[2024-11-03T00:48:00.842+0000] {logging_mixin.py:190} INFO - [2024-11-03T00:48:00.842+0000] {override.py:1900} INFO - Created Permission View: menu access on DAG Run:example_params_ui_tutorial
[2024-11-03T00:48:00.849+0000] {logging_mixin.py:190} INFO - [2024-11-03T00:48:00.849+0000] {override.py:1900} INFO - Created Permission View: can read on DAG Run:example_params_ui_tutorial
[2024-11-03T00:48:00.850+0000] {logging_mixin.py:190} INFO - [2024-11-03T00:48:00.850+0000] {dag.py:3239} INFO - Sync 1 DAGs
[2024-11-03T00:48:00.868+0000] {logging_mixin.py:190} INFO - [2024-11-03T00:48:00.867+0000] {dag.py:3262} INFO - Creating ORM DAG for example_params_ui_tutorial
[2024-11-03T00:48:00.868+0000] {logging_mixin.py:190} INFO - [2024-11-03T00:48:00.868+0000] {dag.py:4180} INFO - Setting next_dagrun for example_params_ui_tutorial to None, run_after=None
[2024-11-03T00:48:00.885+0000] {processor.py:208} INFO - Processing /home/airflow/.local/lib/python3.12/site-packages/airflow/example_dags/example_params_ui_tutorial.py took 0.283 seconds
[2024-11-03T00:48:31.229+0000] {processor.py:186} INFO - Started process (PID=128) to work on /home/airflow/.local/lib/python3.12/site-packages/airflow/example_dags/example_params_ui_tutorial.py
[2024-11-03T00:48:31.230+0000] {processor.py:914} INFO - Processing file /home/airflow/.local/lib/python3.12/site-packages/airflow/example_dags/example_params_ui_tutorial.py for tasks to queue
[2024-11-03T00:48:31.232+0000] {logging_mixin.py:190} INFO - [2024-11-03T00:48:31.232+0000] {dagbag.py:588} INFO - Filling up the DagBag from /home/airflow/.local/lib/python3.12/site-packages/airflow/example_dags/example_params_ui_tutorial.py
[2024-11-03T00:48:31.239+0000] {processor.py:925} INFO - DAG(s) 'example_params_ui_tutorial' retrieved from /home/airflow/.local/lib/python3.12/site-packages/airflow/example_dags/example_params_ui_tutorial.py
[2024-11-03T00:48:31.278+0000] {logging_mixin.py:190} INFO - [2024-11-03T00:48:31.278+0000] {dag.py:3239} INFO - Sync 1 DAGs
[2024-11-03T00:48:31.290+0000] {logging_mixin.py:190} INFO - [2024-11-03T00:48:31.290+0000] {dag.py:4180} INFO - Setting next_dagrun for example_params_ui_tutorial to None, run_after=None
[2024-11-03T00:48:31.306+0000] {processor.py:208} INFO - Processing /home/airflow/.local/lib/python3.12/site-packages/airflow/example_dags/example_params_ui_tutorial.py took 0.081 seconds
[2024-11-03T00:49:01.466+0000] {processor.py:186} INFO - Started process (PID=191) to work on /home/airflow/.local/lib/python3.12/site-packages/airflow/example_dags/example_params_ui_tutorial.py
[2024-11-03T00:49:01.467+0000] {processor.py:914} INFO - Processing file /home/airflow/.local/lib/python3.12/site-packages/airflow/example_dags/example_params_ui_tutorial.py for tasks to queue
[2024-11-03T00:49:01.469+0000] {logging_mixin.py:190} INFO - [2024-11-03T00:49:01.469+0000] {dagbag.py:588} INFO - Filling up the DagBag from /home/airflow/.local/lib/python3.12/site-packages/airflow/example_dags/example_params_ui_tutorial.py
[2024-11-03T00:49:01.479+0000] {processor.py:925} INFO - DAG(s) 'example_params_ui_tutorial' retrieved from /home/airflow/.local/lib/python3.12/site-packages/airflow/example_dags/example_params_ui_tutorial.py
[2024-11-03T00:49:01.539+0000] {logging_mixin.py:190} INFO - [2024-11-03T00:49:01.538+0000] {dag.py:3239} INFO - Sync 1 DAGs
[2024-11-03T00:49:01.557+0000] {logging_mixin.py:190} INFO - [2024-11-03T00:49:01.556+0000] {dag.py:4180} INFO - Setting next_dagrun for example_params_ui_tutorial to None, run_after=None
[2024-11-03T00:49:01.575+0000] {processor.py:208} INFO - Processing /home/airflow/.local/lib/python3.12/site-packages/airflow/example_dags/example_params_ui_tutorial.py took 0.113 seconds
[2024-11-03T00:49:31.977+0000] {processor.py:186} INFO - Started process (PID=254) to work on /home/airflow/.local/lib/python3.12/site-packages/airflow/example_dags/example_params_ui_tutorial.py
[2024-11-03T00:49:31.978+0000] {processor.py:914} INFO - Processing file /home/airflow/.local/lib/python3.12/site-packages/airflow/example_dags/example_params_ui_tutorial.py for tasks to queue
[2024-11-03T00:49:31.980+0000] {logging_mixin.py:190} INFO - [2024-11-03T00:49:31.980+0000] {dagbag.py:588} INFO - Filling up the DagBag from /home/airflow/.local/lib/python3.12/site-packages/airflow/example_dags/example_params_ui_tutorial.py
[2024-11-03T00:49:31.987+0000] {processor.py:925} INFO - DAG(s) 'example_params_ui_tutorial' retrieved from /home/airflow/.local/lib/python3.12/site-packages/airflow/example_dags/example_params_ui_tutorial.py
[2024-11-03T00:49:32.026+0000] {logging_mixin.py:190} INFO - [2024-11-03T00:49:32.025+0000] {dag.py:3239} INFO - Sync 1 DAGs
[2024-11-03T00:49:32.037+0000] {logging_mixin.py:190} INFO - [2024-11-03T00:49:32.037+0000] {dag.py:4180} INFO - Setting next_dagrun for example_params_ui_tutorial to None, run_after=None
[2024-11-03T00:49:32.053+0000] {processor.py:208} INFO - Processing /home/airflow/.local/lib/python3.12/site-packages/airflow/example_dags/example_params_ui_tutorial.py took 0.081 seconds
[2024-11-03T00:50:02.497+0000] {processor.py:186} INFO - Started process (PID=323) to work on /home/airflow/.local/lib/python3.12/site-packages/airflow/example_dags/example_params_ui_tutorial.py
[2024-11-03T00:50:02.499+0000] {processor.py:914} INFO - Processing file /home/airflow/.local/lib/python3.12/site-packages/airflow/example_dags/example_params_ui_tutorial.py for tasks to queue
[2024-11-03T00:50:02.502+0000] {logging_mixin.py:190} INFO - [2024-11-03T00:50:02.501+0000] {dagbag.py:588} INFO - Filling up the DagBag from /home/airflow/.local/lib/python3.12/site-packages/airflow/example_dags/example_params_ui_tutorial.py
[2024-11-03T00:50:02.512+0000] {processor.py:925} INFO - DAG(s) 'example_params_ui_tutorial' retrieved from /home/airflow/.local/lib/python3.12/site-packages/airflow/example_dags/example_params_ui_tutorial.py
[2024-11-03T00:50:02.567+0000] {logging_mixin.py:190} INFO - [2024-11-03T00:50:02.567+0000] {dag.py:3239} INFO - Sync 1 DAGs
[2024-11-03T00:50:02.583+0000] {logging_mixin.py:190} INFO - [2024-11-03T00:50:02.583+0000] {dag.py:4180} INFO - Setting next_dagrun for example_params_ui_tutorial to None, run_after=None
[2024-11-03T00:50:02.611+0000] {processor.py:208} INFO - Processing /home/airflow/.local/lib/python3.12/site-packages/airflow/example_dags/example_params_ui_tutorial.py took 0.120 seconds
[2024-11-03T00:50:32.974+0000] {processor.py:186} INFO - Started process (PID=386) to work on /home/airflow/.local/lib/python3.12/site-packages/airflow/example_dags/example_params_ui_tutorial.py
[2024-11-03T00:50:32.975+0000] {processor.py:914} INFO - Processing file /home/airflow/.local/lib/python3.12/site-packages/airflow/example_dags/example_params_ui_tutorial.py for tasks to queue
[2024-11-03T00:50:32.977+0000] {logging_mixin.py:190} INFO - [2024-11-03T00:50:32.977+0000] {dagbag.py:588} INFO - Filling up the DagBag from /home/airflow/.local/lib/python3.12/site-packages/airflow/example_dags/example_params_ui_tutorial.py
[2024-11-03T00:50:32.984+0000] {processor.py:925} INFO - DAG(s) 'example_params_ui_tutorial' retrieved from /home/airflow/.local/lib/python3.12/site-packages/airflow/example_dags/example_params_ui_tutorial.py
[2024-11-03T00:50:33.024+0000] {logging_mixin.py:190} INFO - [2024-11-03T00:50:33.023+0000] {dag.py:3239} INFO - Sync 1 DAGs
[2024-11-03T00:50:33.037+0000] {logging_mixin.py:190} INFO - [2024-11-03T00:50:33.036+0000] {dag.py:4180} INFO - Setting next_dagrun for example_params_ui_tutorial to None, run_after=None
[2024-11-03T00:50:33.053+0000] {processor.py:208} INFO - Processing /home/airflow/.local/lib/python3.12/site-packages/airflow/example_dags/example_params_ui_tutorial.py took 0.083 seconds
[2024-11-03T00:51:03.367+0000] {processor.py:186} INFO - Started process (PID=449) to work on /home/airflow/.local/lib/python3.12/site-packages/airflow/example_dags/example_params_ui_tutorial.py
[2024-11-03T00:51:03.368+0000] {processor.py:914} INFO - Processing file /home/airflow/.local/lib/python3.12/site-packages/airflow/example_dags/example_params_ui_tutorial.py for tasks to queue
[2024-11-03T00:51:03.370+0000] {logging_mixin.py:190} INFO - [2024-11-03T00:51:03.369+0000] {dagbag.py:588} INFO - Filling up the DagBag from /home/airflow/.local/lib/python3.12/site-packages/airflow/example_dags/example_params_ui_tutorial.py
[2024-11-03T00:51:03.380+0000] {processor.py:925} INFO - DAG(s) 'example_params_ui_tutorial' retrieved from /home/airflow/.local/lib/python3.12/site-packages/airflow/example_dags/example_params_ui_tutorial.py
[2024-11-03T00:51:03.440+0000] {logging_mixin.py:190} INFO - [2024-11-03T00:51:03.440+0000] {dag.py:3239} INFO - Sync 1 DAGs
[2024-11-03T00:51:03.456+0000] {logging_mixin.py:190} INFO - [2024-11-03T00:51:03.456+0000] {dag.py:4180} INFO - Setting next_dagrun for example_params_ui_tutorial to None, run_after=None
[2024-11-03T00:51:03.475+0000] {processor.py:208} INFO - Processing /home/airflow/.local/lib/python3.12/site-packages/airflow/example_dags/example_params_ui_tutorial.py took 0.114 seconds
[2024-11-03T00:51:33.874+0000] {processor.py:186} INFO - Started process (PID=512) to work on /home/airflow/.local/lib/python3.12/site-packages/airflow/example_dags/example_params_ui_tutorial.py
[2024-11-03T00:51:33.875+0000] {processor.py:914} INFO - Processing file /home/airflow/.local/lib/python3.12/site-packages/airflow/example_dags/example_params_ui_tutorial.py for tasks to queue
[2024-11-03T00:51:33.877+0000] {logging_mixin.py:190} INFO - [2024-11-03T00:51:33.877+0000] {dagbag.py:588} INFO - Filling up the DagBag from /home/airflow/.local/lib/python3.12/site-packages/airflow/example_dags/example_params_ui_tutorial.py
[2024-11-03T00:51:33.885+0000] {processor.py:925} INFO - DAG(s) 'example_params_ui_tutorial' retrieved from /home/airflow/.local/lib/python3.12/site-packages/airflow/example_dags/example_params_ui_tutorial.py
[2024-11-03T00:51:33.924+0000] {logging_mixin.py:190} INFO - [2024-11-03T00:51:33.924+0000] {dag.py:3239} INFO - Sync 1 DAGs
[2024-11-03T00:51:33.936+0000] {logging_mixin.py:190} INFO - [2024-11-03T00:51:33.936+0000] {dag.py:4180} INFO - Setting next_dagrun for example_params_ui_tutorial to None, run_after=None
[2024-11-03T00:51:33.952+0000] {processor.py:208} INFO - Processing /home/airflow/.local/lib/python3.12/site-packages/airflow/example_dags/example_params_ui_tutorial.py took 0.082 seconds
[2024-11-03T00:52:04.367+0000] {processor.py:186} INFO - Started process (PID=575) to work on /home/airflow/.local/lib/python3.12/site-packages/airflow/example_dags/example_params_ui_tutorial.py
[2024-11-03T00:52:04.368+0000] {processor.py:914} INFO - Processing file /home/airflow/.local/lib/python3.12/site-packages/airflow/example_dags/example_params_ui_tutorial.py for tasks to queue
[2024-11-03T00:52:04.370+0000] {logging_mixin.py:190} INFO - [2024-11-03T00:52:04.370+0000] {dagbag.py:588} INFO - Filling up the DagBag from /home/airflow/.local/lib/python3.12/site-packages/airflow/example_dags/example_params_ui_tutorial.py
[2024-11-03T00:52:04.378+0000] {processor.py:925} INFO - DAG(s) 'example_params_ui_tutorial' retrieved from /home/airflow/.local/lib/python3.12/site-packages/airflow/example_dags/example_params_ui_tutorial.py
[2024-11-03T00:52:04.418+0000] {logging_mixin.py:190} INFO - [2024-11-03T00:52:04.418+0000] {dag.py:3239} INFO - Sync 1 DAGs
[2024-11-03T00:52:04.430+0000] {logging_mixin.py:190} INFO - [2024-11-03T00:52:04.430+0000] {dag.py:4180} INFO - Setting next_dagrun for example_params_ui_tutorial to None, run_after=None
[2024-11-03T00:52:04.446+0000] {processor.py:208} INFO - Processing /home/airflow/.local/lib/python3.12/site-packages/airflow/example_dags/example_params_ui_tutorial.py took 0.084 seconds
[2024-11-03T00:52:34.753+0000] {processor.py:186} INFO - Started process (PID=638) to work on /home/airflow/.local/lib/python3.12/site-packages/airflow/example_dags/example_params_ui_tutorial.py
[2024-11-03T00:52:34.754+0000] {processor.py:914} INFO - Processing file /home/airflow/.local/lib/python3.12/site-packages/airflow/example_dags/example_params_ui_tutorial.py for tasks to queue
[2024-11-03T00:52:34.756+0000] {logging_mixin.py:190} INFO - [2024-11-03T00:52:34.756+0000] {dagbag.py:588} INFO - Filling up the DagBag from /home/airflow/.local/lib/python3.12/site-packages/airflow/example_dags/example_params_ui_tutorial.py
[2024-11-03T00:52:34.764+0000] {processor.py:925} INFO - DAG(s) 'example_params_ui_tutorial' retrieved from /home/airflow/.local/lib/python3.12/site-packages/airflow/example_dags/example_params_ui_tutorial.py
[2024-11-03T00:52:34.803+0000] {logging_mixin.py:190} INFO - [2024-11-03T00:52:34.803+0000] {dag.py:3239} INFO - Sync 1 DAGs
[2024-11-03T00:52:34.815+0000] {logging_mixin.py:190} INFO - [2024-11-03T00:52:34.815+0000] {dag.py:4180} INFO - Setting next_dagrun for example_params_ui_tutorial to None, run_after=None
[2024-11-03T00:52:34.831+0000] {processor.py:208} INFO - Processing /home/airflow/.local/lib/python3.12/site-packages/airflow/example_dags/example_params_ui_tutorial.py took 0.082 seconds
[2024-11-03T00:53:05.037+0000] {processor.py:186} INFO - Started process (PID=701) to work on /home/airflow/.local/lib/python3.12/site-packages/airflow/example_dags/example_params_ui_tutorial.py
[2024-11-03T00:53:05.038+0000] {processor.py:914} INFO - Processing file /home/airflow/.local/lib/python3.12/site-packages/airflow/example_dags/example_params_ui_tutorial.py for tasks to queue
[2024-11-03T00:53:05.040+0000] {logging_mixin.py:190} INFO - [2024-11-03T00:53:05.040+0000] {dagbag.py:588} INFO - Filling up the DagBag from /home/airflow/.local/lib/python3.12/site-packages/airflow/example_dags/example_params_ui_tutorial.py
[2024-11-03T00:53:05.048+0000] {processor.py:925} INFO - DAG(s) 'example_params_ui_tutorial' retrieved from /home/airflow/.local/lib/python3.12/site-packages/airflow/example_dags/example_params_ui_tutorial.py
[2024-11-03T00:53:05.086+0000] {logging_mixin.py:190} INFO - [2024-11-03T00:53:05.086+0000] {dag.py:3239} INFO - Sync 1 DAGs
[2024-11-03T00:53:05.101+0000] {logging_mixin.py:190} INFO - [2024-11-03T00:53:05.100+0000] {dag.py:4180} INFO - Setting next_dagrun for example_params_ui_tutorial to None, run_after=None
[2024-11-03T00:53:05.118+0000] {processor.py:208} INFO - Processing /home/airflow/.local/lib/python3.12/site-packages/airflow/example_dags/example_params_ui_tutorial.py took 0.086 seconds
[2024-11-03T00:53:35.307+0000] {processor.py:186} INFO - Started process (PID=764) to work on /home/airflow/.local/lib/python3.12/site-packages/airflow/example_dags/example_params_ui_tutorial.py
[2024-11-03T00:53:35.308+0000] {processor.py:914} INFO - Processing file /home/airflow/.local/lib/python3.12/site-packages/airflow/example_dags/example_params_ui_tutorial.py for tasks to queue
[2024-11-03T00:53:35.310+0000] {logging_mixin.py:190} INFO - [2024-11-03T00:53:35.310+0000] {dagbag.py:588} INFO - Filling up the DagBag from /home/airflow/.local/lib/python3.12/site-packages/airflow/example_dags/example_params_ui_tutorial.py
[2024-11-03T00:53:35.319+0000] {processor.py:925} INFO - DAG(s) 'example_params_ui_tutorial' retrieved from /home/airflow/.local/lib/python3.12/site-packages/airflow/example_dags/example_params_ui_tutorial.py
[2024-11-03T00:53:35.358+0000] {logging_mixin.py:190} INFO - [2024-11-03T00:53:35.358+0000] {dag.py:3239} INFO - Sync 1 DAGs
[2024-11-03T00:53:35.371+0000] {logging_mixin.py:190} INFO - [2024-11-03T00:53:35.371+0000] {dag.py:4180} INFO - Setting next_dagrun for example_params_ui_tutorial to None, run_after=None
[2024-11-03T00:53:35.388+0000] {processor.py:208} INFO - Processing /home/airflow/.local/lib/python3.12/site-packages/airflow/example_dags/example_params_ui_tutorial.py took 0.086 seconds
[2024-11-03T00:54:05.713+0000] {processor.py:186} INFO - Started process (PID=827) to work on /home/airflow/.local/lib/python3.12/site-packages/airflow/example_dags/example_params_ui_tutorial.py
[2024-11-03T00:54:05.714+0000] {processor.py:914} INFO - Processing file /home/airflow/.local/lib/python3.12/site-packages/airflow/example_dags/example_params_ui_tutorial.py for tasks to queue
[2024-11-03T00:54:05.716+0000] {logging_mixin.py:190} INFO - [2024-11-03T00:54:05.716+0000] {dagbag.py:588} INFO - Filling up the DagBag from /home/airflow/.local/lib/python3.12/site-packages/airflow/example_dags/example_params_ui_tutorial.py
[2024-11-03T00:54:05.724+0000] {processor.py:925} INFO - DAG(s) 'example_params_ui_tutorial' retrieved from /home/airflow/.local/lib/python3.12/site-packages/airflow/example_dags/example_params_ui_tutorial.py
[2024-11-03T00:54:05.766+0000] {logging_mixin.py:190} INFO - [2024-11-03T00:54:05.766+0000] {dag.py:3239} INFO - Sync 1 DAGs
[2024-11-03T00:54:05.779+0000] {logging_mixin.py:190} INFO - [2024-11-03T00:54:05.779+0000] {dag.py:4180} INFO - Setting next_dagrun for example_params_ui_tutorial to None, run_after=None
[2024-11-03T00:54:05.796+0000] {processor.py:208} INFO - Processing /home/airflow/.local/lib/python3.12/site-packages/airflow/example_dags/example_params_ui_tutorial.py took 0.090 seconds
[2024-11-03T00:54:35.946+0000] {processor.py:186} INFO - Started process (PID=890) to work on /home/airflow/.local/lib/python3.12/site-packages/airflow/example_dags/example_params_ui_tutorial.py
[2024-11-03T00:54:35.947+0000] {processor.py:914} INFO - Processing file /home/airflow/.local/lib/python3.12/site-packages/airflow/example_dags/example_params_ui_tutorial.py for tasks to queue
[2024-11-03T00:54:35.948+0000] {logging_mixin.py:190} INFO - [2024-11-03T00:54:35.948+0000] {dagbag.py:588} INFO - Filling up the DagBag from /home/airflow/.local/lib/python3.12/site-packages/airflow/example_dags/example_params_ui_tutorial.py
[2024-11-03T00:54:35.956+0000] {processor.py:925} INFO - DAG(s) 'example_params_ui_tutorial' retrieved from /home/airflow/.local/lib/python3.12/site-packages/airflow/example_dags/example_params_ui_tutorial.py
[2024-11-03T00:54:35.996+0000] {logging_mixin.py:190} INFO - [2024-11-03T00:54:35.996+0000] {dag.py:3239} INFO - Sync 1 DAGs
[2024-11-03T00:54:36.009+0000] {logging_mixin.py:190} INFO - [2024-11-03T00:54:36.008+0000] {dag.py:4180} INFO - Setting next_dagrun for example_params_ui_tutorial to None, run_after=None
[2024-11-03T00:54:36.025+0000] {processor.py:208} INFO - Processing /home/airflow/.local/lib/python3.12/site-packages/airflow/example_dags/example_params_ui_tutorial.py took 0.084 seconds
[2024-11-03T00:55:06.273+0000] {processor.py:186} INFO - Started process (PID=953) to work on /home/airflow/.local/lib/python3.12/site-packages/airflow/example_dags/example_params_ui_tutorial.py
[2024-11-03T00:55:06.274+0000] {processor.py:914} INFO - Processing file /home/airflow/.local/lib/python3.12/site-packages/airflow/example_dags/example_params_ui_tutorial.py for tasks to queue
[2024-11-03T00:55:06.277+0000] {logging_mixin.py:190} INFO - [2024-11-03T00:55:06.276+0000] {dagbag.py:588} INFO - Filling up the DagBag from /home/airflow/.local/lib/python3.12/site-packages/airflow/example_dags/example_params_ui_tutorial.py
[2024-11-03T00:55:06.287+0000] {processor.py:925} INFO - DAG(s) 'example_params_ui_tutorial' retrieved from /home/airflow/.local/lib/python3.12/site-packages/airflow/example_dags/example_params_ui_tutorial.py
[2024-11-03T00:55:06.333+0000] {logging_mixin.py:190} INFO - [2024-11-03T00:55:06.333+0000] {dag.py:3239} INFO - Sync 1 DAGs
[2024-11-03T00:55:06.347+0000] {logging_mixin.py:190} INFO - [2024-11-03T00:55:06.347+0000] {dag.py:4180} INFO - Setting next_dagrun for example_params_ui_tutorial to None, run_after=None
[2024-11-03T00:55:06.365+0000] {processor.py:208} INFO - Processing /home/airflow/.local/lib/python3.12/site-packages/airflow/example_dags/example_params_ui_tutorial.py took 0.097 seconds
[2024-11-03T00:55:36.640+0000] {processor.py:186} INFO - Started process (PID=1016) to work on /home/airflow/.local/lib/python3.12/site-packages/airflow/example_dags/example_params_ui_tutorial.py
[2024-11-03T00:55:36.641+0000] {processor.py:914} INFO - Processing file /home/airflow/.local/lib/python3.12/site-packages/airflow/example_dags/example_params_ui_tutorial.py for tasks to queue
[2024-11-03T00:55:36.643+0000] {logging_mixin.py:190} INFO - [2024-11-03T00:55:36.642+0000] {dagbag.py:588} INFO - Filling up the DagBag from /home/airflow/.local/lib/python3.12/site-packages/airflow/example_dags/example_params_ui_tutorial.py
[2024-11-03T00:55:36.650+0000] {processor.py:925} INFO - DAG(s) 'example_params_ui_tutorial' retrieved from /home/airflow/.local/lib/python3.12/site-packages/airflow/example_dags/example_params_ui_tutorial.py
[2024-11-03T00:55:36.690+0000] {logging_mixin.py:190} INFO - [2024-11-03T00:55:36.689+0000] {dag.py:3239} INFO - Sync 1 DAGs
[2024-11-03T00:55:36.702+0000] {logging_mixin.py:190} INFO - [2024-11-03T00:55:36.702+0000] {dag.py:4180} INFO - Setting next_dagrun for example_params_ui_tutorial to None, run_after=None
[2024-11-03T00:55:36.720+0000] {processor.py:208} INFO - Processing /home/airflow/.local/lib/python3.12/site-packages/airflow/example_dags/example_params_ui_tutorial.py took 0.085 seconds
[2024-11-03T00:56:07.290+0000] {processor.py:186} INFO - Started process (PID=1079) to work on /home/airflow/.local/lib/python3.12/site-packages/airflow/example_dags/example_params_ui_tutorial.py
[2024-11-03T00:56:07.291+0000] {processor.py:914} INFO - Processing file /home/airflow/.local/lib/python3.12/site-packages/airflow/example_dags/example_params_ui_tutorial.py for tasks to queue
[2024-11-03T00:56:07.293+0000] {logging_mixin.py:190} INFO - [2024-11-03T00:56:07.293+0000] {dagbag.py:588} INFO - Filling up the DagBag from /home/airflow/.local/lib/python3.12/site-packages/airflow/example_dags/example_params_ui_tutorial.py
[2024-11-03T00:56:07.300+0000] {processor.py:925} INFO - DAG(s) 'example_params_ui_tutorial' retrieved from /home/airflow/.local/lib/python3.12/site-packages/airflow/example_dags/example_params_ui_tutorial.py
[2024-11-03T00:56:07.341+0000] {logging_mixin.py:190} INFO - [2024-11-03T00:56:07.341+0000] {dag.py:3239} INFO - Sync 1 DAGs
[2024-11-03T00:56:07.353+0000] {logging_mixin.py:190} INFO - [2024-11-03T00:56:07.353+0000] {dag.py:4180} INFO - Setting next_dagrun for example_params_ui_tutorial to None, run_after=None
[2024-11-03T00:56:07.370+0000] {processor.py:208} INFO - Processing /home/airflow/.local/lib/python3.12/site-packages/airflow/example_dags/example_params_ui_tutorial.py took 0.085 seconds
[2024-11-03T00:56:37.730+0000] {processor.py:186} INFO - Started process (PID=1142) to work on /home/airflow/.local/lib/python3.12/site-packages/airflow/example_dags/example_params_ui_tutorial.py
[2024-11-03T00:56:37.731+0000] {processor.py:914} INFO - Processing file /home/airflow/.local/lib/python3.12/site-packages/airflow/example_dags/example_params_ui_tutorial.py for tasks to queue
[2024-11-03T00:56:37.733+0000] {logging_mixin.py:190} INFO - [2024-11-03T00:56:37.732+0000] {dagbag.py:588} INFO - Filling up the DagBag from /home/airflow/.local/lib/python3.12/site-packages/airflow/example_dags/example_params_ui_tutorial.py
[2024-11-03T00:56:37.740+0000] {processor.py:925} INFO - DAG(s) 'example_params_ui_tutorial' retrieved from /home/airflow/.local/lib/python3.12/site-packages/airflow/example_dags/example_params_ui_tutorial.py
[2024-11-03T00:56:37.780+0000] {logging_mixin.py:190} INFO - [2024-11-03T00:56:37.780+0000] {dag.py:3239} INFO - Sync 1 DAGs
[2024-11-03T00:56:37.793+0000] {logging_mixin.py:190} INFO - [2024-11-03T00:56:37.793+0000] {dag.py:4180} INFO - Setting next_dagrun for example_params_ui_tutorial to None, run_after=None
[2024-11-03T00:56:37.811+0000] {processor.py:208} INFO - Processing /home/airflow/.local/lib/python3.12/site-packages/airflow/example_dags/example_params_ui_tutorial.py took 0.086 seconds
[2024-11-03T00:57:07.932+0000] {processor.py:186} INFO - Started process (PID=1205) to work on /home/airflow/.local/lib/python3.12/site-packages/airflow/example_dags/example_params_ui_tutorial.py
[2024-11-03T00:57:07.933+0000] {processor.py:914} INFO - Processing file /home/airflow/.local/lib/python3.12/site-packages/airflow/example_dags/example_params_ui_tutorial.py for tasks to queue
[2024-11-03T00:57:07.935+0000] {logging_mixin.py:190} INFO - [2024-11-03T00:57:07.934+0000] {dagbag.py:588} INFO - Filling up the DagBag from /home/airflow/.local/lib/python3.12/site-packages/airflow/example_dags/example_params_ui_tutorial.py
[2024-11-03T00:57:07.943+0000] {processor.py:925} INFO - DAG(s) 'example_params_ui_tutorial' retrieved from /home/airflow/.local/lib/python3.12/site-packages/airflow/example_dags/example_params_ui_tutorial.py
[2024-11-03T00:57:07.986+0000] {logging_mixin.py:190} INFO - [2024-11-03T00:57:07.985+0000] {dag.py:3239} INFO - Sync 1 DAGs
[2024-11-03T00:57:08.001+0000] {logging_mixin.py:190} INFO - [2024-11-03T00:57:08.000+0000] {dag.py:4180} INFO - Setting next_dagrun for example_params_ui_tutorial to None, run_after=None
[2024-11-03T00:57:08.021+0000] {processor.py:208} INFO - Processing /home/airflow/.local/lib/python3.12/site-packages/airflow/example_dags/example_params_ui_tutorial.py took 0.096 seconds
[2024-11-03T00:57:38.325+0000] {processor.py:186} INFO - Started process (PID=1268) to work on /home/airflow/.local/lib/python3.12/site-packages/airflow/example_dags/example_params_ui_tutorial.py
[2024-11-03T00:57:38.325+0000] {processor.py:914} INFO - Processing file /home/airflow/.local/lib/python3.12/site-packages/airflow/example_dags/example_params_ui_tutorial.py for tasks to queue
[2024-11-03T00:57:38.327+0000] {logging_mixin.py:190} INFO - [2024-11-03T00:57:38.327+0000] {dagbag.py:588} INFO - Filling up the DagBag from /home/airflow/.local/lib/python3.12/site-packages/airflow/example_dags/example_params_ui_tutorial.py
[2024-11-03T00:57:38.334+0000] {processor.py:925} INFO - DAG(s) 'example_params_ui_tutorial' retrieved from /home/airflow/.local/lib/python3.12/site-packages/airflow/example_dags/example_params_ui_tutorial.py
[2024-11-03T00:57:38.373+0000] {logging_mixin.py:190} INFO - [2024-11-03T00:57:38.372+0000] {dag.py:3239} INFO - Sync 1 DAGs
[2024-11-03T00:57:38.385+0000] {logging_mixin.py:190} INFO - [2024-11-03T00:57:38.385+0000] {dag.py:4180} INFO - Setting next_dagrun for example_params_ui_tutorial to None, run_after=None
[2024-11-03T00:57:38.401+0000] {processor.py:208} INFO - Processing /home/airflow/.local/lib/python3.12/site-packages/airflow/example_dags/example_params_ui_tutorial.py took 0.081 seconds
[2024-11-03T00:58:08.493+0000] {processor.py:186} INFO - Started process (PID=1331) to work on /home/airflow/.local/lib/python3.12/site-packages/airflow/example_dags/example_params_ui_tutorial.py
[2024-11-03T00:58:08.494+0000] {processor.py:914} INFO - Processing file /home/airflow/.local/lib/python3.12/site-packages/airflow/example_dags/example_params_ui_tutorial.py for tasks to queue
[2024-11-03T00:58:08.496+0000] {logging_mixin.py:190} INFO - [2024-11-03T00:58:08.496+0000] {dagbag.py:588} INFO - Filling up the DagBag from /home/airflow/.local/lib/python3.12/site-packages/airflow/example_dags/example_params_ui_tutorial.py
[2024-11-03T00:58:08.503+0000] {processor.py:925} INFO - DAG(s) 'example_params_ui_tutorial' retrieved from /home/airflow/.local/lib/python3.12/site-packages/airflow/example_dags/example_params_ui_tutorial.py
[2024-11-03T00:58:08.541+0000] {logging_mixin.py:190} INFO - [2024-11-03T00:58:08.541+0000] {dag.py:3239} INFO - Sync 1 DAGs
[2024-11-03T00:58:08.554+0000] {logging_mixin.py:190} INFO - [2024-11-03T00:58:08.554+0000] {dag.py:4180} INFO - Setting next_dagrun for example_params_ui_tutorial to None, run_after=None
[2024-11-03T00:58:08.570+0000] {processor.py:208} INFO - Processing /home/airflow/.local/lib/python3.12/site-packages/airflow/example_dags/example_params_ui_tutorial.py took 0.081 seconds
[2024-11-03T00:58:38.939+0000] {processor.py:186} INFO - Started process (PID=1394) to work on /home/airflow/.local/lib/python3.12/site-packages/airflow/example_dags/example_params_ui_tutorial.py
[2024-11-03T00:58:38.939+0000] {processor.py:914} INFO - Processing file /home/airflow/.local/lib/python3.12/site-packages/airflow/example_dags/example_params_ui_tutorial.py for tasks to queue
[2024-11-03T00:58:38.941+0000] {logging_mixin.py:190} INFO - [2024-11-03T00:58:38.941+0000] {dagbag.py:588} INFO - Filling up the DagBag from /home/airflow/.local/lib/python3.12/site-packages/airflow/example_dags/example_params_ui_tutorial.py
[2024-11-03T00:58:38.948+0000] {processor.py:925} INFO - DAG(s) 'example_params_ui_tutorial' retrieved from /home/airflow/.local/lib/python3.12/site-packages/airflow/example_dags/example_params_ui_tutorial.py
[2024-11-03T00:58:38.988+0000] {logging_mixin.py:190} INFO - [2024-11-03T00:58:38.988+0000] {dag.py:3239} INFO - Sync 1 DAGs
[2024-11-03T00:58:39.001+0000] {logging_mixin.py:190} INFO - [2024-11-03T00:58:39.000+0000] {dag.py:4180} INFO - Setting next_dagrun for example_params_ui_tutorial to None, run_after=None
[2024-11-03T00:58:39.017+0000] {processor.py:208} INFO - Processing /home/airflow/.local/lib/python3.12/site-packages/airflow/example_dags/example_params_ui_tutorial.py took 0.083 seconds
[2024-11-03T00:59:09.108+0000] {processor.py:186} INFO - Started process (PID=1457) to work on /home/airflow/.local/lib/python3.12/site-packages/airflow/example_dags/example_params_ui_tutorial.py
[2024-11-03T00:59:09.109+0000] {processor.py:914} INFO - Processing file /home/airflow/.local/lib/python3.12/site-packages/airflow/example_dags/example_params_ui_tutorial.py for tasks to queue
[2024-11-03T00:59:09.111+0000] {logging_mixin.py:190} INFO - [2024-11-03T00:59:09.111+0000] {dagbag.py:588} INFO - Filling up the DagBag from /home/airflow/.local/lib/python3.12/site-packages/airflow/example_dags/example_params_ui_tutorial.py
[2024-11-03T00:59:09.119+0000] {processor.py:925} INFO - DAG(s) 'example_params_ui_tutorial' retrieved from /home/airflow/.local/lib/python3.12/site-packages/airflow/example_dags/example_params_ui_tutorial.py
[2024-11-03T00:59:09.158+0000] {logging_mixin.py:190} INFO - [2024-11-03T00:59:09.158+0000] {dag.py:3239} INFO - Sync 1 DAGs
[2024-11-03T00:59:09.170+0000] {logging_mixin.py:190} INFO - [2024-11-03T00:59:09.170+0000] {dag.py:4180} INFO - Setting next_dagrun for example_params_ui_tutorial to None, run_after=None
[2024-11-03T00:59:09.185+0000] {processor.py:208} INFO - Processing /home/airflow/.local/lib/python3.12/site-packages/airflow/example_dags/example_params_ui_tutorial.py took 0.082 seconds
[2024-11-03T00:59:39.650+0000] {processor.py:186} INFO - Started process (PID=1520) to work on /home/airflow/.local/lib/python3.12/site-packages/airflow/example_dags/example_params_ui_tutorial.py
[2024-11-03T00:59:39.651+0000] {processor.py:914} INFO - Processing file /home/airflow/.local/lib/python3.12/site-packages/airflow/example_dags/example_params_ui_tutorial.py for tasks to queue
[2024-11-03T00:59:39.653+0000] {logging_mixin.py:190} INFO - [2024-11-03T00:59:39.652+0000] {dagbag.py:588} INFO - Filling up the DagBag from /home/airflow/.local/lib/python3.12/site-packages/airflow/example_dags/example_params_ui_tutorial.py
[2024-11-03T00:59:39.660+0000] {processor.py:925} INFO - DAG(s) 'example_params_ui_tutorial' retrieved from /home/airflow/.local/lib/python3.12/site-packages/airflow/example_dags/example_params_ui_tutorial.py
[2024-11-03T00:59:39.699+0000] {logging_mixin.py:190} INFO - [2024-11-03T00:59:39.699+0000] {dag.py:3239} INFO - Sync 1 DAGs
[2024-11-03T00:59:39.712+0000] {logging_mixin.py:190} INFO - [2024-11-03T00:59:39.712+0000] {dag.py:4180} INFO - Setting next_dagrun for example_params_ui_tutorial to None, run_after=None
[2024-11-03T00:59:39.728+0000] {processor.py:208} INFO - Processing /home/airflow/.local/lib/python3.12/site-packages/airflow/example_dags/example_params_ui_tutorial.py took 0.083 seconds
[2024-11-03T01:00:09.841+0000] {processor.py:186} INFO - Started process (PID=1583) to work on /home/airflow/.local/lib/python3.12/site-packages/airflow/example_dags/example_params_ui_tutorial.py
[2024-11-03T01:00:09.842+0000] {processor.py:914} INFO - Processing file /home/airflow/.local/lib/python3.12/site-packages/airflow/example_dags/example_params_ui_tutorial.py for tasks to queue
[2024-11-03T01:00:09.844+0000] {logging_mixin.py:190} INFO - [2024-11-03T01:00:09.843+0000] {dagbag.py:588} INFO - Filling up the DagBag from /home/airflow/.local/lib/python3.12/site-packages/airflow/example_dags/example_params_ui_tutorial.py
[2024-11-03T01:00:09.851+0000] {processor.py:925} INFO - DAG(s) 'example_params_ui_tutorial' retrieved from /home/airflow/.local/lib/python3.12/site-packages/airflow/example_dags/example_params_ui_tutorial.py
[2024-11-03T01:00:09.890+0000] {logging_mixin.py:190} INFO - [2024-11-03T01:00:09.890+0000] {dag.py:3239} INFO - Sync 1 DAGs
[2024-11-03T01:00:09.903+0000] {logging_mixin.py:190} INFO - [2024-11-03T01:00:09.903+0000] {dag.py:4180} INFO - Setting next_dagrun for example_params_ui_tutorial to None, run_after=None
[2024-11-03T01:00:09.919+0000] {processor.py:208} INFO - Processing /home/airflow/.local/lib/python3.12/site-packages/airflow/example_dags/example_params_ui_tutorial.py took 0.083 seconds
[2024-11-03T01:00:40.508+0000] {processor.py:186} INFO - Started process (PID=1646) to work on /home/airflow/.local/lib/python3.12/site-packages/airflow/example_dags/example_params_ui_tutorial.py
[2024-11-03T01:00:40.509+0000] {processor.py:914} INFO - Processing file /home/airflow/.local/lib/python3.12/site-packages/airflow/example_dags/example_params_ui_tutorial.py for tasks to queue
[2024-11-03T01:00:40.511+0000] {logging_mixin.py:190} INFO - [2024-11-03T01:00:40.510+0000] {dagbag.py:588} INFO - Filling up the DagBag from /home/airflow/.local/lib/python3.12/site-packages/airflow/example_dags/example_params_ui_tutorial.py
[2024-11-03T01:00:40.518+0000] {processor.py:925} INFO - DAG(s) 'example_params_ui_tutorial' retrieved from /home/airflow/.local/lib/python3.12/site-packages/airflow/example_dags/example_params_ui_tutorial.py
[2024-11-03T01:00:40.559+0000] {logging_mixin.py:190} INFO - [2024-11-03T01:00:40.559+0000] {dag.py:3239} INFO - Sync 1 DAGs
[2024-11-03T01:00:40.571+0000] {logging_mixin.py:190} INFO - [2024-11-03T01:00:40.571+0000] {dag.py:4180} INFO - Setting next_dagrun for example_params_ui_tutorial to None, run_after=None
[2024-11-03T01:00:40.588+0000] {processor.py:208} INFO - Processing /home/airflow/.local/lib/python3.12/site-packages/airflow/example_dags/example_params_ui_tutorial.py took 0.085 seconds
[2024-11-03T01:01:11.060+0000] {processor.py:186} INFO - Started process (PID=1709) to work on /home/airflow/.local/lib/python3.12/site-packages/airflow/example_dags/example_params_ui_tutorial.py
[2024-11-03T01:01:11.061+0000] {processor.py:914} INFO - Processing file /home/airflow/.local/lib/python3.12/site-packages/airflow/example_dags/example_params_ui_tutorial.py for tasks to queue
[2024-11-03T01:01:11.063+0000] {logging_mixin.py:190} INFO - [2024-11-03T01:01:11.062+0000] {dagbag.py:588} INFO - Filling up the DagBag from /home/airflow/.local/lib/python3.12/site-packages/airflow/example_dags/example_params_ui_tutorial.py
[2024-11-03T01:01:11.070+0000] {processor.py:925} INFO - DAG(s) 'example_params_ui_tutorial' retrieved from /home/airflow/.local/lib/python3.12/site-packages/airflow/example_dags/example_params_ui_tutorial.py
[2024-11-03T01:01:11.110+0000] {logging_mixin.py:190} INFO - [2024-11-03T01:01:11.109+0000] {dag.py:3239} INFO - Sync 1 DAGs
[2024-11-03T01:01:11.122+0000] {logging_mixin.py:190} INFO - [2024-11-03T01:01:11.121+0000] {dag.py:4180} INFO - Setting next_dagrun for example_params_ui_tutorial to None, run_after=None
[2024-11-03T01:01:11.137+0000] {processor.py:208} INFO - Processing /home/airflow/.local/lib/python3.12/site-packages/airflow/example_dags/example_params_ui_tutorial.py took 0.082 seconds
[2024-11-03T01:01:41.581+0000] {processor.py:186} INFO - Started process (PID=1772) to work on /home/airflow/.local/lib/python3.12/site-packages/airflow/example_dags/example_params_ui_tutorial.py
[2024-11-03T01:01:41.581+0000] {processor.py:914} INFO - Processing file /home/airflow/.local/lib/python3.12/site-packages/airflow/example_dags/example_params_ui_tutorial.py for tasks to queue
[2024-11-03T01:01:41.583+0000] {logging_mixin.py:190} INFO - [2024-11-03T01:01:41.583+0000] {dagbag.py:588} INFO - Filling up the DagBag from /home/airflow/.local/lib/python3.12/site-packages/airflow/example_dags/example_params_ui_tutorial.py
[2024-11-03T01:01:41.591+0000] {processor.py:925} INFO - DAG(s) 'example_params_ui_tutorial' retrieved from /home/airflow/.local/lib/python3.12/site-packages/airflow/example_dags/example_params_ui_tutorial.py
[2024-11-03T01:01:41.630+0000] {logging_mixin.py:190} INFO - [2024-11-03T01:01:41.630+0000] {dag.py:3239} INFO - Sync 1 DAGs
[2024-11-03T01:01:41.642+0000] {logging_mixin.py:190} INFO - [2024-11-03T01:01:41.642+0000] {dag.py:4180} INFO - Setting next_dagrun for example_params_ui_tutorial to None, run_after=None
[2024-11-03T01:01:41.659+0000] {processor.py:208} INFO - Processing /home/airflow/.local/lib/python3.12/site-packages/airflow/example_dags/example_params_ui_tutorial.py took 0.083 seconds
[2024-11-03T01:02:12.014+0000] {processor.py:186} INFO - Started process (PID=1835) to work on /home/airflow/.local/lib/python3.12/site-packages/airflow/example_dags/example_params_ui_tutorial.py
[2024-11-03T01:02:12.015+0000] {processor.py:914} INFO - Processing file /home/airflow/.local/lib/python3.12/site-packages/airflow/example_dags/example_params_ui_tutorial.py for tasks to queue
[2024-11-03T01:02:12.017+0000] {logging_mixin.py:190} INFO - [2024-11-03T01:02:12.016+0000] {dagbag.py:588} INFO - Filling up the DagBag from /home/airflow/.local/lib/python3.12/site-packages/airflow/example_dags/example_params_ui_tutorial.py
[2024-11-03T01:02:12.025+0000] {processor.py:925} INFO - DAG(s) 'example_params_ui_tutorial' retrieved from /home/airflow/.local/lib/python3.12/site-packages/airflow/example_dags/example_params_ui_tutorial.py
[2024-11-03T01:02:12.064+0000] {logging_mixin.py:190} INFO - [2024-11-03T01:02:12.064+0000] {dag.py:3239} INFO - Sync 1 DAGs
[2024-11-03T01:02:12.077+0000] {logging_mixin.py:190} INFO - [2024-11-03T01:02:12.076+0000] {dag.py:4180} INFO - Setting next_dagrun for example_params_ui_tutorial to None, run_after=None
[2024-11-03T01:02:12.095+0000] {processor.py:208} INFO - Processing /home/airflow/.local/lib/python3.12/site-packages/airflow/example_dags/example_params_ui_tutorial.py took 0.085 seconds
[2024-11-03T01:02:42.296+0000] {processor.py:186} INFO - Started process (PID=1898) to work on /home/airflow/.local/lib/python3.12/site-packages/airflow/example_dags/example_params_ui_tutorial.py
[2024-11-03T01:02:42.297+0000] {processor.py:914} INFO - Processing file /home/airflow/.local/lib/python3.12/site-packages/airflow/example_dags/example_params_ui_tutorial.py for tasks to queue
[2024-11-03T01:02:42.299+0000] {logging_mixin.py:190} INFO - [2024-11-03T01:02:42.298+0000] {dagbag.py:588} INFO - Filling up the DagBag from /home/airflow/.local/lib/python3.12/site-packages/airflow/example_dags/example_params_ui_tutorial.py
[2024-11-03T01:02:42.307+0000] {processor.py:925} INFO - DAG(s) 'example_params_ui_tutorial' retrieved from /home/airflow/.local/lib/python3.12/site-packages/airflow/example_dags/example_params_ui_tutorial.py
[2024-11-03T01:02:42.350+0000] {logging_mixin.py:190} INFO - [2024-11-03T01:02:42.349+0000] {dag.py:3239} INFO - Sync 1 DAGs
[2024-11-03T01:02:42.362+0000] {logging_mixin.py:190} INFO - [2024-11-03T01:02:42.362+0000] {dag.py:4180} INFO - Setting next_dagrun for example_params_ui_tutorial to None, run_after=None
[2024-11-03T01:02:42.377+0000] {processor.py:208} INFO - Processing /home/airflow/.local/lib/python3.12/site-packages/airflow/example_dags/example_params_ui_tutorial.py took 0.086 seconds
[2024-11-03T01:03:12.549+0000] {processor.py:186} INFO - Started process (PID=1961) to work on /home/airflow/.local/lib/python3.12/site-packages/airflow/example_dags/example_params_ui_tutorial.py
[2024-11-03T01:03:12.550+0000] {processor.py:914} INFO - Processing file /home/airflow/.local/lib/python3.12/site-packages/airflow/example_dags/example_params_ui_tutorial.py for tasks to queue
[2024-11-03T01:03:12.551+0000] {logging_mixin.py:190} INFO - [2024-11-03T01:03:12.551+0000] {dagbag.py:588} INFO - Filling up the DagBag from /home/airflow/.local/lib/python3.12/site-packages/airflow/example_dags/example_params_ui_tutorial.py
[2024-11-03T01:03:12.559+0000] {processor.py:925} INFO - DAG(s) 'example_params_ui_tutorial' retrieved from /home/airflow/.local/lib/python3.12/site-packages/airflow/example_dags/example_params_ui_tutorial.py
[2024-11-03T01:03:12.602+0000] {logging_mixin.py:190} INFO - [2024-11-03T01:03:12.602+0000] {dag.py:3239} INFO - Sync 1 DAGs
[2024-11-03T01:03:12.615+0000] {logging_mixin.py:190} INFO - [2024-11-03T01:03:12.615+0000] {dag.py:4180} INFO - Setting next_dagrun for example_params_ui_tutorial to None, run_after=None
[2024-11-03T01:03:12.631+0000] {processor.py:208} INFO - Processing /home/airflow/.local/lib/python3.12/site-packages/airflow/example_dags/example_params_ui_tutorial.py took 0.087 seconds
[2024-11-03T01:03:43.129+0000] {processor.py:186} INFO - Started process (PID=2024) to work on /home/airflow/.local/lib/python3.12/site-packages/airflow/example_dags/example_params_ui_tutorial.py
[2024-11-03T01:03:43.130+0000] {processor.py:914} INFO - Processing file /home/airflow/.local/lib/python3.12/site-packages/airflow/example_dags/example_params_ui_tutorial.py for tasks to queue
[2024-11-03T01:03:43.131+0000] {logging_mixin.py:190} INFO - [2024-11-03T01:03:43.131+0000] {dagbag.py:588} INFO - Filling up the DagBag from /home/airflow/.local/lib/python3.12/site-packages/airflow/example_dags/example_params_ui_tutorial.py
[2024-11-03T01:03:43.140+0000] {processor.py:925} INFO - DAG(s) 'example_params_ui_tutorial' retrieved from /home/airflow/.local/lib/python3.12/site-packages/airflow/example_dags/example_params_ui_tutorial.py
[2024-11-03T01:03:43.180+0000] {logging_mixin.py:190} INFO - [2024-11-03T01:03:43.180+0000] {dag.py:3239} INFO - Sync 1 DAGs
[2024-11-03T01:03:43.194+0000] {logging_mixin.py:190} INFO - [2024-11-03T01:03:43.194+0000] {dag.py:4180} INFO - Setting next_dagrun for example_params_ui_tutorial to None, run_after=None
[2024-11-03T01:03:43.211+0000] {processor.py:208} INFO - Processing /home/airflow/.local/lib/python3.12/site-packages/airflow/example_dags/example_params_ui_tutorial.py took 0.086 seconds
[2024-11-03T01:04:14.102+0000] {processor.py:186} INFO - Started process (PID=2087) to work on /home/airflow/.local/lib/python3.12/site-packages/airflow/example_dags/example_params_ui_tutorial.py
[2024-11-03T01:04:14.103+0000] {processor.py:914} INFO - Processing file /home/airflow/.local/lib/python3.12/site-packages/airflow/example_dags/example_params_ui_tutorial.py for tasks to queue
[2024-11-03T01:04:14.106+0000] {logging_mixin.py:190} INFO - [2024-11-03T01:04:14.105+0000] {dagbag.py:588} INFO - Filling up the DagBag from /home/airflow/.local/lib/python3.12/site-packages/airflow/example_dags/example_params_ui_tutorial.py
[2024-11-03T01:04:14.113+0000] {processor.py:925} INFO - DAG(s) 'example_params_ui_tutorial' retrieved from /home/airflow/.local/lib/python3.12/site-packages/airflow/example_dags/example_params_ui_tutorial.py
[2024-11-03T01:04:14.156+0000] {logging_mixin.py:190} INFO - [2024-11-03T01:04:14.155+0000] {dag.py:3239} INFO - Sync 1 DAGs
[2024-11-03T01:04:14.169+0000] {logging_mixin.py:190} INFO - [2024-11-03T01:04:14.169+0000] {dag.py:4180} INFO - Setting next_dagrun for example_params_ui_tutorial to None, run_after=None
[2024-11-03T01:04:14.186+0000] {processor.py:208} INFO - Processing /home/airflow/.local/lib/python3.12/site-packages/airflow/example_dags/example_params_ui_tutorial.py took 0.089 seconds
[2024-11-03T01:04:44.800+0000] {processor.py:186} INFO - Started process (PID=2150) to work on /home/airflow/.local/lib/python3.12/site-packages/airflow/example_dags/example_params_ui_tutorial.py
[2024-11-03T01:04:44.801+0000] {processor.py:914} INFO - Processing file /home/airflow/.local/lib/python3.12/site-packages/airflow/example_dags/example_params_ui_tutorial.py for tasks to queue
[2024-11-03T01:04:44.802+0000] {logging_mixin.py:190} INFO - [2024-11-03T01:04:44.802+0000] {dagbag.py:588} INFO - Filling up the DagBag from /home/airflow/.local/lib/python3.12/site-packages/airflow/example_dags/example_params_ui_tutorial.py
[2024-11-03T01:04:44.810+0000] {processor.py:925} INFO - DAG(s) 'example_params_ui_tutorial' retrieved from /home/airflow/.local/lib/python3.12/site-packages/airflow/example_dags/example_params_ui_tutorial.py
[2024-11-03T01:04:44.850+0000] {logging_mixin.py:190} INFO - [2024-11-03T01:04:44.850+0000] {dag.py:3239} INFO - Sync 1 DAGs
[2024-11-03T01:04:44.864+0000] {logging_mixin.py:190} INFO - [2024-11-03T01:04:44.862+0000] {dag.py:4180} INFO - Setting next_dagrun for example_params_ui_tutorial to None, run_after=None
[2024-11-03T01:04:44.886+0000] {processor.py:208} INFO - Processing /home/airflow/.local/lib/python3.12/site-packages/airflow/example_dags/example_params_ui_tutorial.py took 0.091 seconds
[2024-11-03T01:05:15.371+0000] {processor.py:186} INFO - Started process (PID=2213) to work on /home/airflow/.local/lib/python3.12/site-packages/airflow/example_dags/example_params_ui_tutorial.py
[2024-11-03T01:05:15.372+0000] {processor.py:914} INFO - Processing file /home/airflow/.local/lib/python3.12/site-packages/airflow/example_dags/example_params_ui_tutorial.py for tasks to queue
[2024-11-03T01:05:15.374+0000] {logging_mixin.py:190} INFO - [2024-11-03T01:05:15.373+0000] {dagbag.py:588} INFO - Filling up the DagBag from /home/airflow/.local/lib/python3.12/site-packages/airflow/example_dags/example_params_ui_tutorial.py
[2024-11-03T01:05:15.381+0000] {processor.py:925} INFO - DAG(s) 'example_params_ui_tutorial' retrieved from /home/airflow/.local/lib/python3.12/site-packages/airflow/example_dags/example_params_ui_tutorial.py
[2024-11-03T01:05:15.419+0000] {logging_mixin.py:190} INFO - [2024-11-03T01:05:15.419+0000] {dag.py:3239} INFO - Sync 1 DAGs
[2024-11-03T01:05:15.432+0000] {logging_mixin.py:190} INFO - [2024-11-03T01:05:15.432+0000] {dag.py:4180} INFO - Setting next_dagrun for example_params_ui_tutorial to None, run_after=None
[2024-11-03T01:05:15.449+0000] {processor.py:208} INFO - Processing /home/airflow/.local/lib/python3.12/site-packages/airflow/example_dags/example_params_ui_tutorial.py took 0.083 seconds
[2024-11-03T01:05:45.916+0000] {processor.py:186} INFO - Started process (PID=2276) to work on /home/airflow/.local/lib/python3.12/site-packages/airflow/example_dags/example_params_ui_tutorial.py
[2024-11-03T01:05:45.917+0000] {processor.py:914} INFO - Processing file /home/airflow/.local/lib/python3.12/site-packages/airflow/example_dags/example_params_ui_tutorial.py for tasks to queue
[2024-11-03T01:05:45.918+0000] {logging_mixin.py:190} INFO - [2024-11-03T01:05:45.918+0000] {dagbag.py:588} INFO - Filling up the DagBag from /home/airflow/.local/lib/python3.12/site-packages/airflow/example_dags/example_params_ui_tutorial.py
[2024-11-03T01:05:45.925+0000] {processor.py:925} INFO - DAG(s) 'example_params_ui_tutorial' retrieved from /home/airflow/.local/lib/python3.12/site-packages/airflow/example_dags/example_params_ui_tutorial.py
[2024-11-03T01:05:45.966+0000] {logging_mixin.py:190} INFO - [2024-11-03T01:05:45.965+0000] {dag.py:3239} INFO - Sync 1 DAGs
[2024-11-03T01:05:45.978+0000] {logging_mixin.py:190} INFO - [2024-11-03T01:05:45.978+0000] {dag.py:4180} INFO - Setting next_dagrun for example_params_ui_tutorial to None, run_after=None
[2024-11-03T01:05:45.995+0000] {processor.py:208} INFO - Processing /home/airflow/.local/lib/python3.12/site-packages/airflow/example_dags/example_params_ui_tutorial.py took 0.084 seconds
[2024-11-03T01:06:16.527+0000] {processor.py:186} INFO - Started process (PID=2339) to work on /home/airflow/.local/lib/python3.12/site-packages/airflow/example_dags/example_params_ui_tutorial.py
[2024-11-03T01:06:16.528+0000] {processor.py:914} INFO - Processing file /home/airflow/.local/lib/python3.12/site-packages/airflow/example_dags/example_params_ui_tutorial.py for tasks to queue
[2024-11-03T01:06:16.530+0000] {logging_mixin.py:190} INFO - [2024-11-03T01:06:16.530+0000] {dagbag.py:588} INFO - Filling up the DagBag from /home/airflow/.local/lib/python3.12/site-packages/airflow/example_dags/example_params_ui_tutorial.py
[2024-11-03T01:06:16.538+0000] {processor.py:925} INFO - DAG(s) 'example_params_ui_tutorial' retrieved from /home/airflow/.local/lib/python3.12/site-packages/airflow/example_dags/example_params_ui_tutorial.py
[2024-11-03T01:06:16.579+0000] {logging_mixin.py:190} INFO - [2024-11-03T01:06:16.579+0000] {dag.py:3239} INFO - Sync 1 DAGs
[2024-11-03T01:06:16.592+0000] {logging_mixin.py:190} INFO - [2024-11-03T01:06:16.592+0000] {dag.py:4180} INFO - Setting next_dagrun for example_params_ui_tutorial to None, run_after=None
[2024-11-03T01:06:16.609+0000] {processor.py:208} INFO - Processing /home/airflow/.local/lib/python3.12/site-packages/airflow/example_dags/example_params_ui_tutorial.py took 0.087 seconds
