[2024-11-03T00:00:01.934+0000] {processor.py:186} INFO - Started process (PID=762) to work on /home/airflow/.local/lib/python3.12/site-packages/airflow/example_dags/example_subdag_operator.py
[2024-11-03T00:00:01.935+0000] {processor.py:914} INFO - Processing file /home/airflow/.local/lib/python3.12/site-packages/airflow/example_dags/example_subdag_operator.py for tasks to queue
[2024-11-03T00:00:01.937+0000] {logging_mixin.py:190} INFO - [2024-11-03T00:00:01.937+0000] {dagbag.py:588} INFO - Filling up the DagBag from /home/airflow/.local/lib/python3.12/site-packages/airflow/example_dags/example_subdag_operator.py
[2024-11-03T00:00:01.958+0000] {processor.py:925} INFO - DAG(s) 'example_subdag_operator.section-1', 'example_subdag_operator.section-2', 'example_subdag_operator' retrieved from /home/airflow/.local/lib/python3.12/site-packages/airflow/example_dags/example_subdag_operator.py
[2024-11-03T00:00:01.971+0000] {logging_mixin.py:190} INFO - [2024-11-03T00:00:01.970+0000] {dag.py:3239} INFO - Sync 3 DAGs
[2024-11-03T00:00:01.990+0000] {logging_mixin.py:190} INFO - [2024-11-03T00:00:01.990+0000] {dag.py:4180} INFO - Setting next_dagrun for example_subdag_operator to 2022-01-01 00:00:00+00:00, run_after=2022-01-01 00:00:00+00:00
[2024-11-03T00:00:01.993+0000] {logging_mixin.py:190} INFO - [2024-11-03T00:00:01.993+0000] {dag.py:4180} INFO - Setting next_dagrun for example_subdag_operator.section-1 to None, run_after=None
[2024-11-03T00:00:01.995+0000] {logging_mixin.py:190} INFO - [2024-11-03T00:00:01.994+0000] {dag.py:4180} INFO - Setting next_dagrun for example_subdag_operator.section-2 to None, run_after=None
[2024-11-03T00:00:02.001+0000] {logging_mixin.py:190} INFO - [2024-11-03T00:00:02.001+0000] {dag.py:3239} INFO - Sync 2 DAGs
[2024-11-03T00:00:02.006+0000] {logging_mixin.py:190} INFO - [2024-11-03T00:00:02.006+0000] {dag.py:4180} INFO - Setting next_dagrun for example_subdag_operator.section-1 to None, run_after=None
[2024-11-03T00:00:02.006+0000] {logging_mixin.py:190} INFO - [2024-11-03T00:00:02.006+0000] {dag.py:4180} INFO - Setting next_dagrun for example_subdag_operator.section-2 to None, run_after=None
[2024-11-03T00:00:02.016+0000] {processor.py:208} INFO - Processing /home/airflow/.local/lib/python3.12/site-packages/airflow/example_dags/example_subdag_operator.py took 0.087 seconds
[2024-11-03T00:00:32.400+0000] {processor.py:186} INFO - Started process (PID=825) to work on /home/airflow/.local/lib/python3.12/site-packages/airflow/example_dags/example_subdag_operator.py
[2024-11-03T00:00:32.401+0000] {processor.py:914} INFO - Processing file /home/airflow/.local/lib/python3.12/site-packages/airflow/example_dags/example_subdag_operator.py for tasks to queue
[2024-11-03T00:00:32.402+0000] {logging_mixin.py:190} INFO - [2024-11-03T00:00:32.402+0000] {dagbag.py:588} INFO - Filling up the DagBag from /home/airflow/.local/lib/python3.12/site-packages/airflow/example_dags/example_subdag_operator.py
[2024-11-03T00:00:32.423+0000] {processor.py:925} INFO - DAG(s) 'example_subdag_operator.section-1', 'example_subdag_operator.section-2', 'example_subdag_operator' retrieved from /home/airflow/.local/lib/python3.12/site-packages/airflow/example_dags/example_subdag_operator.py
[2024-11-03T00:00:32.436+0000] {logging_mixin.py:190} INFO - [2024-11-03T00:00:32.436+0000] {dag.py:3239} INFO - Sync 3 DAGs
[2024-11-03T00:00:32.460+0000] {logging_mixin.py:190} INFO - [2024-11-03T00:00:32.460+0000] {dag.py:4180} INFO - Setting next_dagrun for example_subdag_operator to 2022-01-01 00:00:00+00:00, run_after=2022-01-01 00:00:00+00:00
[2024-11-03T00:00:32.463+0000] {logging_mixin.py:190} INFO - [2024-11-03T00:00:32.463+0000] {dag.py:4180} INFO - Setting next_dagrun for example_subdag_operator.section-1 to None, run_after=None
[2024-11-03T00:00:32.464+0000] {logging_mixin.py:190} INFO - [2024-11-03T00:00:32.464+0000] {dag.py:4180} INFO - Setting next_dagrun for example_subdag_operator.section-2 to None, run_after=None
[2024-11-03T00:00:32.470+0000] {logging_mixin.py:190} INFO - [2024-11-03T00:00:32.470+0000] {dag.py:3239} INFO - Sync 2 DAGs
[2024-11-03T00:00:32.475+0000] {logging_mixin.py:190} INFO - [2024-11-03T00:00:32.475+0000] {dag.py:4180} INFO - Setting next_dagrun for example_subdag_operator.section-1 to None, run_after=None
[2024-11-03T00:00:32.475+0000] {logging_mixin.py:190} INFO - [2024-11-03T00:00:32.475+0000] {dag.py:4180} INFO - Setting next_dagrun for example_subdag_operator.section-2 to None, run_after=None
[2024-11-03T00:00:32.485+0000] {processor.py:208} INFO - Processing /home/airflow/.local/lib/python3.12/site-packages/airflow/example_dags/example_subdag_operator.py took 0.089 seconds
[2024-11-03T00:01:03.087+0000] {processor.py:186} INFO - Started process (PID=888) to work on /home/airflow/.local/lib/python3.12/site-packages/airflow/example_dags/example_subdag_operator.py
[2024-11-03T00:01:03.087+0000] {processor.py:914} INFO - Processing file /home/airflow/.local/lib/python3.12/site-packages/airflow/example_dags/example_subdag_operator.py for tasks to queue
[2024-11-03T00:01:03.089+0000] {logging_mixin.py:190} INFO - [2024-11-03T00:01:03.089+0000] {dagbag.py:588} INFO - Filling up the DagBag from /home/airflow/.local/lib/python3.12/site-packages/airflow/example_dags/example_subdag_operator.py
[2024-11-03T00:01:03.111+0000] {processor.py:925} INFO - DAG(s) 'example_subdag_operator.section-1', 'example_subdag_operator.section-2', 'example_subdag_operator' retrieved from /home/airflow/.local/lib/python3.12/site-packages/airflow/example_dags/example_subdag_operator.py
[2024-11-03T00:01:03.124+0000] {logging_mixin.py:190} INFO - [2024-11-03T00:01:03.124+0000] {dag.py:3239} INFO - Sync 3 DAGs
[2024-11-03T00:01:03.143+0000] {logging_mixin.py:190} INFO - [2024-11-03T00:01:03.143+0000] {dag.py:4180} INFO - Setting next_dagrun for example_subdag_operator to 2022-01-01 00:00:00+00:00, run_after=2022-01-01 00:00:00+00:00
[2024-11-03T00:01:03.146+0000] {logging_mixin.py:190} INFO - [2024-11-03T00:01:03.146+0000] {dag.py:4180} INFO - Setting next_dagrun for example_subdag_operator.section-1 to None, run_after=None
[2024-11-03T00:01:03.148+0000] {logging_mixin.py:190} INFO - [2024-11-03T00:01:03.148+0000] {dag.py:4180} INFO - Setting next_dagrun for example_subdag_operator.section-2 to None, run_after=None
[2024-11-03T00:01:03.155+0000] {logging_mixin.py:190} INFO - [2024-11-03T00:01:03.154+0000] {dag.py:3239} INFO - Sync 2 DAGs
[2024-11-03T00:01:03.159+0000] {logging_mixin.py:190} INFO - [2024-11-03T00:01:03.159+0000] {dag.py:4180} INFO - Setting next_dagrun for example_subdag_operator.section-1 to None, run_after=None
[2024-11-03T00:01:03.160+0000] {logging_mixin.py:190} INFO - [2024-11-03T00:01:03.159+0000] {dag.py:4180} INFO - Setting next_dagrun for example_subdag_operator.section-2 to None, run_after=None
[2024-11-03T00:01:03.169+0000] {processor.py:208} INFO - Processing /home/airflow/.local/lib/python3.12/site-packages/airflow/example_dags/example_subdag_operator.py took 0.086 seconds
[2024-11-03T00:01:34.077+0000] {processor.py:186} INFO - Started process (PID=951) to work on /home/airflow/.local/lib/python3.12/site-packages/airflow/example_dags/example_subdag_operator.py
[2024-11-03T00:01:34.077+0000] {processor.py:914} INFO - Processing file /home/airflow/.local/lib/python3.12/site-packages/airflow/example_dags/example_subdag_operator.py for tasks to queue
[2024-11-03T00:01:34.079+0000] {logging_mixin.py:190} INFO - [2024-11-03T00:01:34.079+0000] {dagbag.py:588} INFO - Filling up the DagBag from /home/airflow/.local/lib/python3.12/site-packages/airflow/example_dags/example_subdag_operator.py
[2024-11-03T00:01:34.101+0000] {processor.py:925} INFO - DAG(s) 'example_subdag_operator.section-1', 'example_subdag_operator.section-2', 'example_subdag_operator' retrieved from /home/airflow/.local/lib/python3.12/site-packages/airflow/example_dags/example_subdag_operator.py
[2024-11-03T00:01:34.113+0000] {logging_mixin.py:190} INFO - [2024-11-03T00:01:34.113+0000] {dag.py:3239} INFO - Sync 3 DAGs
[2024-11-03T00:01:34.132+0000] {logging_mixin.py:190} INFO - [2024-11-03T00:01:34.132+0000] {dag.py:4180} INFO - Setting next_dagrun for example_subdag_operator to 2022-01-01 00:00:00+00:00, run_after=2022-01-01 00:00:00+00:00
[2024-11-03T00:01:34.135+0000] {logging_mixin.py:190} INFO - [2024-11-03T00:01:34.135+0000] {dag.py:4180} INFO - Setting next_dagrun for example_subdag_operator.section-1 to None, run_after=None
[2024-11-03T00:01:34.136+0000] {logging_mixin.py:190} INFO - [2024-11-03T00:01:34.136+0000] {dag.py:4180} INFO - Setting next_dagrun for example_subdag_operator.section-2 to None, run_after=None
[2024-11-03T00:01:34.142+0000] {logging_mixin.py:190} INFO - [2024-11-03T00:01:34.142+0000] {dag.py:3239} INFO - Sync 2 DAGs
[2024-11-03T00:01:34.146+0000] {logging_mixin.py:190} INFO - [2024-11-03T00:01:34.146+0000] {dag.py:4180} INFO - Setting next_dagrun for example_subdag_operator.section-1 to None, run_after=None
[2024-11-03T00:01:34.147+0000] {logging_mixin.py:190} INFO - [2024-11-03T00:01:34.147+0000] {dag.py:4180} INFO - Setting next_dagrun for example_subdag_operator.section-2 to None, run_after=None
[2024-11-03T00:01:34.156+0000] {processor.py:208} INFO - Processing /home/airflow/.local/lib/python3.12/site-packages/airflow/example_dags/example_subdag_operator.py took 0.083 seconds
[2024-11-03T00:47:58.954+0000] {processor.py:186} INFO - Started process (PID=61) to work on /home/airflow/.local/lib/python3.12/site-packages/airflow/example_dags/example_subdag_operator.py
[2024-11-03T00:47:58.955+0000] {processor.py:914} INFO - Processing file /home/airflow/.local/lib/python3.12/site-packages/airflow/example_dags/example_subdag_operator.py for tasks to queue
[2024-11-03T00:47:58.957+0000] {logging_mixin.py:190} INFO - [2024-11-03T00:47:58.957+0000] {dagbag.py:588} INFO - Filling up the DagBag from /home/airflow/.local/lib/python3.12/site-packages/airflow/example_dags/example_subdag_operator.py
[2024-11-03T00:47:59.005+0000] {processor.py:925} INFO - DAG(s) 'example_subdag_operator.section-1', 'example_subdag_operator.section-2', 'example_subdag_operator' retrieved from /home/airflow/.local/lib/python3.12/site-packages/airflow/example_dags/example_subdag_operator.py
[2024-11-03T00:47:59.363+0000] {logging_mixin.py:190} INFO - [2024-11-03T00:47:59.362+0000] {override.py:1900} INFO - Created Permission View: can delete on DAG:example_subdag_operator
[2024-11-03T00:47:59.373+0000] {logging_mixin.py:190} INFO - [2024-11-03T00:47:59.373+0000] {override.py:1900} INFO - Created Permission View: can edit on DAG:example_subdag_operator
[2024-11-03T00:47:59.431+0000] {logging_mixin.py:190} INFO - [2024-11-03T00:47:59.430+0000] {override.py:1900} INFO - Created Permission View: can read on DAG:example_subdag_operator
[2024-11-03T00:47:59.633+0000] {logging_mixin.py:190} INFO - [2024-11-03T00:47:59.633+0000] {override.py:1900} INFO - Created Permission View: can create on DAG Run:example_subdag_operator
[2024-11-03T00:47:59.680+0000] {logging_mixin.py:190} INFO - [2024-11-03T00:47:59.680+0000] {override.py:1900} INFO - Created Permission View: can delete on DAG Run:example_subdag_operator
[2024-11-03T00:47:59.733+0000] {logging_mixin.py:190} INFO - [2024-11-03T00:47:59.732+0000] {override.py:1900} INFO - Created Permission View: menu access on DAG Run:example_subdag_operator
[2024-11-03T00:47:59.761+0000] {logging_mixin.py:190} INFO - [2024-11-03T00:47:59.760+0000] {override.py:1900} INFO - Created Permission View: can read on DAG Run:example_subdag_operator
[2024-11-03T00:47:59.761+0000] {logging_mixin.py:190} INFO - [2024-11-03T00:47:59.761+0000] {dag.py:3239} INFO - Sync 3 DAGs
[2024-11-03T00:47:59.773+0000] {logging_mixin.py:190} INFO - [2024-11-03T00:47:59.773+0000] {dag.py:3262} INFO - Creating ORM DAG for example_subdag_operator.section-2
[2024-11-03T00:47:59.774+0000] {logging_mixin.py:190} INFO - [2024-11-03T00:47:59.774+0000] {dag.py:3262} INFO - Creating ORM DAG for example_subdag_operator.section-1
[2024-11-03T00:47:59.775+0000] {logging_mixin.py:190} INFO - [2024-11-03T00:47:59.775+0000] {dag.py:3262} INFO - Creating ORM DAG for example_subdag_operator
[2024-11-03T00:47:59.783+0000] {logging_mixin.py:190} INFO - [2024-11-03T00:47:59.783+0000] {dag.py:4180} INFO - Setting next_dagrun for example_subdag_operator to 2022-01-01 00:00:00+00:00, run_after=2022-01-01 00:00:00+00:00
[2024-11-03T00:47:59.784+0000] {logging_mixin.py:190} INFO - [2024-11-03T00:47:59.784+0000] {dag.py:4180} INFO - Setting next_dagrun for example_subdag_operator.section-1 to None, run_after=None
[2024-11-03T00:47:59.784+0000] {logging_mixin.py:190} INFO - [2024-11-03T00:47:59.784+0000] {dag.py:4180} INFO - Setting next_dagrun for example_subdag_operator.section-2 to None, run_after=None
[2024-11-03T00:47:59.792+0000] {logging_mixin.py:190} INFO - [2024-11-03T00:47:59.792+0000] {dag.py:3239} INFO - Sync 2 DAGs
[2024-11-03T00:47:59.797+0000] {logging_mixin.py:190} INFO - [2024-11-03T00:47:59.797+0000] {dag.py:4180} INFO - Setting next_dagrun for example_subdag_operator.section-1 to None, run_after=None
[2024-11-03T00:47:59.800+0000] {logging_mixin.py:190} INFO - [2024-11-03T00:47:59.800+0000] {dag.py:4180} INFO - Setting next_dagrun for example_subdag_operator.section-2 to None, run_after=None
[2024-11-03T00:47:59.853+0000] {processor.py:208} INFO - Processing /home/airflow/.local/lib/python3.12/site-packages/airflow/example_dags/example_subdag_operator.py took 0.905 seconds
[2024-11-03T00:48:30.094+0000] {processor.py:186} INFO - Started process (PID=124) to work on /home/airflow/.local/lib/python3.12/site-packages/airflow/example_dags/example_subdag_operator.py
[2024-11-03T00:48:30.094+0000] {processor.py:914} INFO - Processing file /home/airflow/.local/lib/python3.12/site-packages/airflow/example_dags/example_subdag_operator.py for tasks to queue
[2024-11-03T00:48:30.096+0000] {logging_mixin.py:190} INFO - [2024-11-03T00:48:30.096+0000] {dagbag.py:588} INFO - Filling up the DagBag from /home/airflow/.local/lib/python3.12/site-packages/airflow/example_dags/example_subdag_operator.py
[2024-11-03T00:48:30.116+0000] {processor.py:925} INFO - DAG(s) 'example_subdag_operator.section-1', 'example_subdag_operator.section-2', 'example_subdag_operator' retrieved from /home/airflow/.local/lib/python3.12/site-packages/airflow/example_dags/example_subdag_operator.py
[2024-11-03T00:48:30.128+0000] {logging_mixin.py:190} INFO - [2024-11-03T00:48:30.128+0000] {dag.py:3239} INFO - Sync 3 DAGs
[2024-11-03T00:48:30.147+0000] {logging_mixin.py:190} INFO - [2024-11-03T00:48:30.146+0000] {dag.py:4180} INFO - Setting next_dagrun for example_subdag_operator to 2022-01-01 00:00:00+00:00, run_after=2022-01-01 00:00:00+00:00
[2024-11-03T00:48:30.150+0000] {logging_mixin.py:190} INFO - [2024-11-03T00:48:30.150+0000] {dag.py:4180} INFO - Setting next_dagrun for example_subdag_operator.section-1 to None, run_after=None
[2024-11-03T00:48:30.151+0000] {logging_mixin.py:190} INFO - [2024-11-03T00:48:30.151+0000] {dag.py:4180} INFO - Setting next_dagrun for example_subdag_operator.section-2 to None, run_after=None
[2024-11-03T00:48:30.156+0000] {logging_mixin.py:190} INFO - [2024-11-03T00:48:30.156+0000] {dag.py:3239} INFO - Sync 2 DAGs
[2024-11-03T00:48:30.160+0000] {logging_mixin.py:190} INFO - [2024-11-03T00:48:30.160+0000] {dag.py:4180} INFO - Setting next_dagrun for example_subdag_operator.section-1 to None, run_after=None
[2024-11-03T00:48:30.161+0000] {logging_mixin.py:190} INFO - [2024-11-03T00:48:30.161+0000] {dag.py:4180} INFO - Setting next_dagrun for example_subdag_operator.section-2 to None, run_after=None
[2024-11-03T00:48:30.169+0000] {processor.py:208} INFO - Processing /home/airflow/.local/lib/python3.12/site-packages/airflow/example_dags/example_subdag_operator.py took 0.079 seconds
[2024-11-03T00:49:00.301+0000] {processor.py:186} INFO - Started process (PID=187) to work on /home/airflow/.local/lib/python3.12/site-packages/airflow/example_dags/example_subdag_operator.py
[2024-11-03T00:49:00.302+0000] {processor.py:914} INFO - Processing file /home/airflow/.local/lib/python3.12/site-packages/airflow/example_dags/example_subdag_operator.py for tasks to queue
[2024-11-03T00:49:00.304+0000] {logging_mixin.py:190} INFO - [2024-11-03T00:49:00.304+0000] {dagbag.py:588} INFO - Filling up the DagBag from /home/airflow/.local/lib/python3.12/site-packages/airflow/example_dags/example_subdag_operator.py
[2024-11-03T00:49:00.325+0000] {processor.py:925} INFO - DAG(s) 'example_subdag_operator.section-1', 'example_subdag_operator.section-2', 'example_subdag_operator' retrieved from /home/airflow/.local/lib/python3.12/site-packages/airflow/example_dags/example_subdag_operator.py
[2024-11-03T00:49:00.337+0000] {logging_mixin.py:190} INFO - [2024-11-03T00:49:00.337+0000] {dag.py:3239} INFO - Sync 3 DAGs
[2024-11-03T00:49:00.356+0000] {logging_mixin.py:190} INFO - [2024-11-03T00:49:00.355+0000] {dag.py:4180} INFO - Setting next_dagrun for example_subdag_operator to 2022-01-01 00:00:00+00:00, run_after=2022-01-01 00:00:00+00:00
[2024-11-03T00:49:00.359+0000] {logging_mixin.py:190} INFO - [2024-11-03T00:49:00.359+0000] {dag.py:4180} INFO - Setting next_dagrun for example_subdag_operator.section-1 to None, run_after=None
[2024-11-03T00:49:00.360+0000] {logging_mixin.py:190} INFO - [2024-11-03T00:49:00.360+0000] {dag.py:4180} INFO - Setting next_dagrun for example_subdag_operator.section-2 to None, run_after=None
[2024-11-03T00:49:00.366+0000] {logging_mixin.py:190} INFO - [2024-11-03T00:49:00.365+0000] {dag.py:3239} INFO - Sync 2 DAGs
[2024-11-03T00:49:00.370+0000] {logging_mixin.py:190} INFO - [2024-11-03T00:49:00.370+0000] {dag.py:4180} INFO - Setting next_dagrun for example_subdag_operator.section-1 to None, run_after=None
[2024-11-03T00:49:00.370+0000] {logging_mixin.py:190} INFO - [2024-11-03T00:49:00.370+0000] {dag.py:4180} INFO - Setting next_dagrun for example_subdag_operator.section-2 to None, run_after=None
[2024-11-03T00:49:00.379+0000] {processor.py:208} INFO - Processing /home/airflow/.local/lib/python3.12/site-packages/airflow/example_dags/example_subdag_operator.py took 0.082 seconds
[2024-11-03T00:49:30.682+0000] {processor.py:186} INFO - Started process (PID=250) to work on /home/airflow/.local/lib/python3.12/site-packages/airflow/example_dags/example_subdag_operator.py
[2024-11-03T00:49:30.683+0000] {processor.py:914} INFO - Processing file /home/airflow/.local/lib/python3.12/site-packages/airflow/example_dags/example_subdag_operator.py for tasks to queue
[2024-11-03T00:49:30.684+0000] {logging_mixin.py:190} INFO - [2024-11-03T00:49:30.684+0000] {dagbag.py:588} INFO - Filling up the DagBag from /home/airflow/.local/lib/python3.12/site-packages/airflow/example_dags/example_subdag_operator.py
[2024-11-03T00:49:30.706+0000] {processor.py:925} INFO - DAG(s) 'example_subdag_operator.section-1', 'example_subdag_operator.section-2', 'example_subdag_operator' retrieved from /home/airflow/.local/lib/python3.12/site-packages/airflow/example_dags/example_subdag_operator.py
[2024-11-03T00:49:30.719+0000] {logging_mixin.py:190} INFO - [2024-11-03T00:49:30.719+0000] {dag.py:3239} INFO - Sync 3 DAGs
[2024-11-03T00:49:30.738+0000] {logging_mixin.py:190} INFO - [2024-11-03T00:49:30.738+0000] {dag.py:4180} INFO - Setting next_dagrun for example_subdag_operator to 2022-01-01 00:00:00+00:00, run_after=2022-01-01 00:00:00+00:00
[2024-11-03T00:49:30.742+0000] {logging_mixin.py:190} INFO - [2024-11-03T00:49:30.742+0000] {dag.py:4180} INFO - Setting next_dagrun for example_subdag_operator.section-1 to None, run_after=None
[2024-11-03T00:49:30.743+0000] {logging_mixin.py:190} INFO - [2024-11-03T00:49:30.743+0000] {dag.py:4180} INFO - Setting next_dagrun for example_subdag_operator.section-2 to None, run_after=None
[2024-11-03T00:49:30.749+0000] {logging_mixin.py:190} INFO - [2024-11-03T00:49:30.749+0000] {dag.py:3239} INFO - Sync 2 DAGs
[2024-11-03T00:49:30.754+0000] {logging_mixin.py:190} INFO - [2024-11-03T00:49:30.754+0000] {dag.py:4180} INFO - Setting next_dagrun for example_subdag_operator.section-1 to None, run_after=None
[2024-11-03T00:49:30.754+0000] {logging_mixin.py:190} INFO - [2024-11-03T00:49:30.754+0000] {dag.py:4180} INFO - Setting next_dagrun for example_subdag_operator.section-2 to None, run_after=None
[2024-11-03T00:49:30.764+0000] {processor.py:208} INFO - Processing /home/airflow/.local/lib/python3.12/site-packages/airflow/example_dags/example_subdag_operator.py took 0.086 seconds
[2024-11-03T00:50:01.093+0000] {processor.py:186} INFO - Started process (PID=313) to work on /home/airflow/.local/lib/python3.12/site-packages/airflow/example_dags/example_subdag_operator.py
[2024-11-03T00:50:01.093+0000] {processor.py:914} INFO - Processing file /home/airflow/.local/lib/python3.12/site-packages/airflow/example_dags/example_subdag_operator.py for tasks to queue
[2024-11-03T00:50:01.096+0000] {logging_mixin.py:190} INFO - [2024-11-03T00:50:01.095+0000] {dagbag.py:588} INFO - Filling up the DagBag from /home/airflow/.local/lib/python3.12/site-packages/airflow/example_dags/example_subdag_operator.py
[2024-11-03T00:50:01.123+0000] {processor.py:925} INFO - DAG(s) 'example_subdag_operator.section-1', 'example_subdag_operator.section-2', 'example_subdag_operator' retrieved from /home/airflow/.local/lib/python3.12/site-packages/airflow/example_dags/example_subdag_operator.py
[2024-11-03T00:50:01.139+0000] {logging_mixin.py:190} INFO - [2024-11-03T00:50:01.139+0000] {dag.py:3239} INFO - Sync 3 DAGs
[2024-11-03T00:50:01.162+0000] {logging_mixin.py:190} INFO - [2024-11-03T00:50:01.162+0000] {dag.py:4180} INFO - Setting next_dagrun for example_subdag_operator to 2022-01-01 00:00:00+00:00, run_after=2022-01-01 00:00:00+00:00
[2024-11-03T00:50:01.165+0000] {logging_mixin.py:190} INFO - [2024-11-03T00:50:01.165+0000] {dag.py:4180} INFO - Setting next_dagrun for example_subdag_operator.section-1 to None, run_after=None
[2024-11-03T00:50:01.166+0000] {logging_mixin.py:190} INFO - [2024-11-03T00:50:01.166+0000] {dag.py:4180} INFO - Setting next_dagrun for example_subdag_operator.section-2 to None, run_after=None
[2024-11-03T00:50:01.173+0000] {logging_mixin.py:190} INFO - [2024-11-03T00:50:01.173+0000] {dag.py:3239} INFO - Sync 2 DAGs
[2024-11-03T00:50:01.179+0000] {logging_mixin.py:190} INFO - [2024-11-03T00:50:01.179+0000] {dag.py:4180} INFO - Setting next_dagrun for example_subdag_operator.section-1 to None, run_after=None
[2024-11-03T00:50:01.180+0000] {logging_mixin.py:190} INFO - [2024-11-03T00:50:01.180+0000] {dag.py:4180} INFO - Setting next_dagrun for example_subdag_operator.section-2 to None, run_after=None
[2024-11-03T00:50:01.190+0000] {processor.py:208} INFO - Processing /home/airflow/.local/lib/python3.12/site-packages/airflow/example_dags/example_subdag_operator.py took 0.105 seconds
[2024-11-03T00:50:31.659+0000] {processor.py:186} INFO - Started process (PID=376) to work on /home/airflow/.local/lib/python3.12/site-packages/airflow/example_dags/example_subdag_operator.py
[2024-11-03T00:50:31.660+0000] {processor.py:914} INFO - Processing file /home/airflow/.local/lib/python3.12/site-packages/airflow/example_dags/example_subdag_operator.py for tasks to queue
[2024-11-03T00:50:31.662+0000] {logging_mixin.py:190} INFO - [2024-11-03T00:50:31.661+0000] {dagbag.py:588} INFO - Filling up the DagBag from /home/airflow/.local/lib/python3.12/site-packages/airflow/example_dags/example_subdag_operator.py
[2024-11-03T00:50:31.682+0000] {processor.py:925} INFO - DAG(s) 'example_subdag_operator.section-1', 'example_subdag_operator.section-2', 'example_subdag_operator' retrieved from /home/airflow/.local/lib/python3.12/site-packages/airflow/example_dags/example_subdag_operator.py
[2024-11-03T00:50:31.695+0000] {logging_mixin.py:190} INFO - [2024-11-03T00:50:31.694+0000] {dag.py:3239} INFO - Sync 3 DAGs
[2024-11-03T00:50:31.715+0000] {logging_mixin.py:190} INFO - [2024-11-03T00:50:31.715+0000] {dag.py:4180} INFO - Setting next_dagrun for example_subdag_operator to 2022-01-01 00:00:00+00:00, run_after=2022-01-01 00:00:00+00:00
[2024-11-03T00:50:31.718+0000] {logging_mixin.py:190} INFO - [2024-11-03T00:50:31.718+0000] {dag.py:4180} INFO - Setting next_dagrun for example_subdag_operator.section-1 to None, run_after=None
[2024-11-03T00:50:31.719+0000] {logging_mixin.py:190} INFO - [2024-11-03T00:50:31.719+0000] {dag.py:4180} INFO - Setting next_dagrun for example_subdag_operator.section-2 to None, run_after=None
[2024-11-03T00:50:31.725+0000] {logging_mixin.py:190} INFO - [2024-11-03T00:50:31.725+0000] {dag.py:3239} INFO - Sync 2 DAGs
[2024-11-03T00:50:31.730+0000] {logging_mixin.py:190} INFO - [2024-11-03T00:50:31.730+0000] {dag.py:4180} INFO - Setting next_dagrun for example_subdag_operator.section-1 to None, run_after=None
[2024-11-03T00:50:31.730+0000] {logging_mixin.py:190} INFO - [2024-11-03T00:50:31.730+0000] {dag.py:4180} INFO - Setting next_dagrun for example_subdag_operator.section-2 to None, run_after=None
[2024-11-03T00:50:31.740+0000] {processor.py:208} INFO - Processing /home/airflow/.local/lib/python3.12/site-packages/airflow/example_dags/example_subdag_operator.py took 0.084 seconds
[2024-11-03T00:51:02.184+0000] {processor.py:186} INFO - Started process (PID=439) to work on /home/airflow/.local/lib/python3.12/site-packages/airflow/example_dags/example_subdag_operator.py
[2024-11-03T00:51:02.184+0000] {processor.py:914} INFO - Processing file /home/airflow/.local/lib/python3.12/site-packages/airflow/example_dags/example_subdag_operator.py for tasks to queue
[2024-11-03T00:51:02.186+0000] {logging_mixin.py:190} INFO - [2024-11-03T00:51:02.186+0000] {dagbag.py:588} INFO - Filling up the DagBag from /home/airflow/.local/lib/python3.12/site-packages/airflow/example_dags/example_subdag_operator.py
[2024-11-03T00:51:02.207+0000] {processor.py:925} INFO - DAG(s) 'example_subdag_operator.section-1', 'example_subdag_operator.section-2', 'example_subdag_operator' retrieved from /home/airflow/.local/lib/python3.12/site-packages/airflow/example_dags/example_subdag_operator.py
[2024-11-03T00:51:02.221+0000] {logging_mixin.py:190} INFO - [2024-11-03T00:51:02.220+0000] {dag.py:3239} INFO - Sync 3 DAGs
[2024-11-03T00:51:02.240+0000] {logging_mixin.py:190} INFO - [2024-11-03T00:51:02.239+0000] {dag.py:4180} INFO - Setting next_dagrun for example_subdag_operator to 2022-01-01 00:00:00+00:00, run_after=2022-01-01 00:00:00+00:00
[2024-11-03T00:51:02.243+0000] {logging_mixin.py:190} INFO - [2024-11-03T00:51:02.243+0000] {dag.py:4180} INFO - Setting next_dagrun for example_subdag_operator.section-1 to None, run_after=None
[2024-11-03T00:51:02.245+0000] {logging_mixin.py:190} INFO - [2024-11-03T00:51:02.245+0000] {dag.py:4180} INFO - Setting next_dagrun for example_subdag_operator.section-2 to None, run_after=None
[2024-11-03T00:51:02.252+0000] {logging_mixin.py:190} INFO - [2024-11-03T00:51:02.251+0000] {dag.py:3239} INFO - Sync 2 DAGs
[2024-11-03T00:51:02.256+0000] {logging_mixin.py:190} INFO - [2024-11-03T00:51:02.256+0000] {dag.py:4180} INFO - Setting next_dagrun for example_subdag_operator.section-1 to None, run_after=None
[2024-11-03T00:51:02.257+0000] {logging_mixin.py:190} INFO - [2024-11-03T00:51:02.257+0000] {dag.py:4180} INFO - Setting next_dagrun for example_subdag_operator.section-2 to None, run_after=None
[2024-11-03T00:51:02.266+0000] {processor.py:208} INFO - Processing /home/airflow/.local/lib/python3.12/site-packages/airflow/example_dags/example_subdag_operator.py took 0.086 seconds
[2024-11-03T00:51:32.586+0000] {processor.py:186} INFO - Started process (PID=508) to work on /home/airflow/.local/lib/python3.12/site-packages/airflow/example_dags/example_subdag_operator.py
[2024-11-03T00:51:32.586+0000] {processor.py:914} INFO - Processing file /home/airflow/.local/lib/python3.12/site-packages/airflow/example_dags/example_subdag_operator.py for tasks to queue
[2024-11-03T00:51:32.588+0000] {logging_mixin.py:190} INFO - [2024-11-03T00:51:32.588+0000] {dagbag.py:588} INFO - Filling up the DagBag from /home/airflow/.local/lib/python3.12/site-packages/airflow/example_dags/example_subdag_operator.py
[2024-11-03T00:51:32.609+0000] {processor.py:925} INFO - DAG(s) 'example_subdag_operator.section-1', 'example_subdag_operator.section-2', 'example_subdag_operator' retrieved from /home/airflow/.local/lib/python3.12/site-packages/airflow/example_dags/example_subdag_operator.py
[2024-11-03T00:51:32.621+0000] {logging_mixin.py:190} INFO - [2024-11-03T00:51:32.621+0000] {dag.py:3239} INFO - Sync 3 DAGs
[2024-11-03T00:51:32.640+0000] {logging_mixin.py:190} INFO - [2024-11-03T00:51:32.639+0000] {dag.py:4180} INFO - Setting next_dagrun for example_subdag_operator to 2022-01-01 00:00:00+00:00, run_after=2022-01-01 00:00:00+00:00
[2024-11-03T00:51:32.643+0000] {logging_mixin.py:190} INFO - [2024-11-03T00:51:32.643+0000] {dag.py:4180} INFO - Setting next_dagrun for example_subdag_operator.section-1 to None, run_after=None
[2024-11-03T00:51:32.644+0000] {logging_mixin.py:190} INFO - [2024-11-03T00:51:32.644+0000] {dag.py:4180} INFO - Setting next_dagrun for example_subdag_operator.section-2 to None, run_after=None
[2024-11-03T00:51:32.649+0000] {logging_mixin.py:190} INFO - [2024-11-03T00:51:32.649+0000] {dag.py:3239} INFO - Sync 2 DAGs
[2024-11-03T00:51:32.655+0000] {logging_mixin.py:190} INFO - [2024-11-03T00:51:32.654+0000] {dag.py:4180} INFO - Setting next_dagrun for example_subdag_operator.section-1 to None, run_after=None
[2024-11-03T00:51:32.655+0000] {logging_mixin.py:190} INFO - [2024-11-03T00:51:32.655+0000] {dag.py:4180} INFO - Setting next_dagrun for example_subdag_operator.section-2 to None, run_after=None
[2024-11-03T00:51:32.665+0000] {processor.py:208} INFO - Processing /home/airflow/.local/lib/python3.12/site-packages/airflow/example_dags/example_subdag_operator.py took 0.084 seconds
[2024-11-03T00:52:03.077+0000] {processor.py:186} INFO - Started process (PID=571) to work on /home/airflow/.local/lib/python3.12/site-packages/airflow/example_dags/example_subdag_operator.py
[2024-11-03T00:52:03.078+0000] {processor.py:914} INFO - Processing file /home/airflow/.local/lib/python3.12/site-packages/airflow/example_dags/example_subdag_operator.py for tasks to queue
[2024-11-03T00:52:03.080+0000] {logging_mixin.py:190} INFO - [2024-11-03T00:52:03.080+0000] {dagbag.py:588} INFO - Filling up the DagBag from /home/airflow/.local/lib/python3.12/site-packages/airflow/example_dags/example_subdag_operator.py
[2024-11-03T00:52:03.099+0000] {processor.py:925} INFO - DAG(s) 'example_subdag_operator.section-1', 'example_subdag_operator.section-2', 'example_subdag_operator' retrieved from /home/airflow/.local/lib/python3.12/site-packages/airflow/example_dags/example_subdag_operator.py
[2024-11-03T00:52:03.111+0000] {logging_mixin.py:190} INFO - [2024-11-03T00:52:03.111+0000] {dag.py:3239} INFO - Sync 3 DAGs
[2024-11-03T00:52:03.131+0000] {logging_mixin.py:190} INFO - [2024-11-03T00:52:03.131+0000] {dag.py:4180} INFO - Setting next_dagrun for example_subdag_operator to 2022-01-01 00:00:00+00:00, run_after=2022-01-01 00:00:00+00:00
[2024-11-03T00:52:03.134+0000] {logging_mixin.py:190} INFO - [2024-11-03T00:52:03.134+0000] {dag.py:4180} INFO - Setting next_dagrun for example_subdag_operator.section-1 to None, run_after=None
[2024-11-03T00:52:03.135+0000] {logging_mixin.py:190} INFO - [2024-11-03T00:52:03.135+0000] {dag.py:4180} INFO - Setting next_dagrun for example_subdag_operator.section-2 to None, run_after=None
[2024-11-03T00:52:03.141+0000] {logging_mixin.py:190} INFO - [2024-11-03T00:52:03.141+0000] {dag.py:3239} INFO - Sync 2 DAGs
[2024-11-03T00:52:03.146+0000] {logging_mixin.py:190} INFO - [2024-11-03T00:52:03.146+0000] {dag.py:4180} INFO - Setting next_dagrun for example_subdag_operator.section-1 to None, run_after=None
[2024-11-03T00:52:03.146+0000] {logging_mixin.py:190} INFO - [2024-11-03T00:52:03.146+0000] {dag.py:4180} INFO - Setting next_dagrun for example_subdag_operator.section-2 to None, run_after=None
[2024-11-03T00:52:03.156+0000] {processor.py:208} INFO - Processing /home/airflow/.local/lib/python3.12/site-packages/airflow/example_dags/example_subdag_operator.py took 0.084 seconds
[2024-11-03T00:52:33.423+0000] {processor.py:186} INFO - Started process (PID=634) to work on /home/airflow/.local/lib/python3.12/site-packages/airflow/example_dags/example_subdag_operator.py
[2024-11-03T00:52:33.424+0000] {processor.py:914} INFO - Processing file /home/airflow/.local/lib/python3.12/site-packages/airflow/example_dags/example_subdag_operator.py for tasks to queue
[2024-11-03T00:52:33.427+0000] {logging_mixin.py:190} INFO - [2024-11-03T00:52:33.426+0000] {dagbag.py:588} INFO - Filling up the DagBag from /home/airflow/.local/lib/python3.12/site-packages/airflow/example_dags/example_subdag_operator.py
[2024-11-03T00:52:33.455+0000] {processor.py:925} INFO - DAG(s) 'example_subdag_operator.section-1', 'example_subdag_operator.section-2', 'example_subdag_operator' retrieved from /home/airflow/.local/lib/python3.12/site-packages/airflow/example_dags/example_subdag_operator.py
[2024-11-03T00:52:33.473+0000] {logging_mixin.py:190} INFO - [2024-11-03T00:52:33.473+0000] {dag.py:3239} INFO - Sync 3 DAGs
[2024-11-03T00:52:33.501+0000] {logging_mixin.py:190} INFO - [2024-11-03T00:52:33.501+0000] {dag.py:4180} INFO - Setting next_dagrun for example_subdag_operator to 2022-01-01 00:00:00+00:00, run_after=2022-01-01 00:00:00+00:00
[2024-11-03T00:52:33.505+0000] {logging_mixin.py:190} INFO - [2024-11-03T00:52:33.505+0000] {dag.py:4180} INFO - Setting next_dagrun for example_subdag_operator.section-1 to None, run_after=None
[2024-11-03T00:52:33.506+0000] {logging_mixin.py:190} INFO - [2024-11-03T00:52:33.506+0000] {dag.py:4180} INFO - Setting next_dagrun for example_subdag_operator.section-2 to None, run_after=None
[2024-11-03T00:52:33.514+0000] {logging_mixin.py:190} INFO - [2024-11-03T00:52:33.513+0000] {dag.py:3239} INFO - Sync 2 DAGs
[2024-11-03T00:52:33.519+0000] {logging_mixin.py:190} INFO - [2024-11-03T00:52:33.519+0000] {dag.py:4180} INFO - Setting next_dagrun for example_subdag_operator.section-1 to None, run_after=None
[2024-11-03T00:52:33.519+0000] {logging_mixin.py:190} INFO - [2024-11-03T00:52:33.519+0000] {dag.py:4180} INFO - Setting next_dagrun for example_subdag_operator.section-2 to None, run_after=None
[2024-11-03T00:52:33.531+0000] {processor.py:208} INFO - Processing /home/airflow/.local/lib/python3.12/site-packages/airflow/example_dags/example_subdag_operator.py took 0.114 seconds
[2024-11-03T00:53:03.817+0000] {processor.py:186} INFO - Started process (PID=697) to work on /home/airflow/.local/lib/python3.12/site-packages/airflow/example_dags/example_subdag_operator.py
[2024-11-03T00:53:03.818+0000] {processor.py:914} INFO - Processing file /home/airflow/.local/lib/python3.12/site-packages/airflow/example_dags/example_subdag_operator.py for tasks to queue
[2024-11-03T00:53:03.820+0000] {logging_mixin.py:190} INFO - [2024-11-03T00:53:03.819+0000] {dagbag.py:588} INFO - Filling up the DagBag from /home/airflow/.local/lib/python3.12/site-packages/airflow/example_dags/example_subdag_operator.py
[2024-11-03T00:53:03.842+0000] {processor.py:925} INFO - DAG(s) 'example_subdag_operator.section-1', 'example_subdag_operator.section-2', 'example_subdag_operator' retrieved from /home/airflow/.local/lib/python3.12/site-packages/airflow/example_dags/example_subdag_operator.py
[2024-11-03T00:53:03.857+0000] {logging_mixin.py:190} INFO - [2024-11-03T00:53:03.856+0000] {dag.py:3239} INFO - Sync 3 DAGs
[2024-11-03T00:53:03.878+0000] {logging_mixin.py:190} INFO - [2024-11-03T00:53:03.878+0000] {dag.py:4180} INFO - Setting next_dagrun for example_subdag_operator to 2022-01-01 00:00:00+00:00, run_after=2022-01-01 00:00:00+00:00
[2024-11-03T00:53:03.882+0000] {logging_mixin.py:190} INFO - [2024-11-03T00:53:03.882+0000] {dag.py:4180} INFO - Setting next_dagrun for example_subdag_operator.section-1 to None, run_after=None
[2024-11-03T00:53:03.884+0000] {logging_mixin.py:190} INFO - [2024-11-03T00:53:03.884+0000] {dag.py:4180} INFO - Setting next_dagrun for example_subdag_operator.section-2 to None, run_after=None
[2024-11-03T00:53:03.890+0000] {logging_mixin.py:190} INFO - [2024-11-03T00:53:03.890+0000] {dag.py:3239} INFO - Sync 2 DAGs
[2024-11-03T00:53:03.896+0000] {logging_mixin.py:190} INFO - [2024-11-03T00:53:03.896+0000] {dag.py:4180} INFO - Setting next_dagrun for example_subdag_operator.section-1 to None, run_after=None
[2024-11-03T00:53:03.896+0000] {logging_mixin.py:190} INFO - [2024-11-03T00:53:03.896+0000] {dag.py:4180} INFO - Setting next_dagrun for example_subdag_operator.section-2 to None, run_after=None
[2024-11-03T00:53:03.906+0000] {processor.py:208} INFO - Processing /home/airflow/.local/lib/python3.12/site-packages/airflow/example_dags/example_subdag_operator.py took 0.094 seconds
[2024-11-03T00:53:34.001+0000] {processor.py:186} INFO - Started process (PID=760) to work on /home/airflow/.local/lib/python3.12/site-packages/airflow/example_dags/example_subdag_operator.py
[2024-11-03T00:53:34.002+0000] {processor.py:914} INFO - Processing file /home/airflow/.local/lib/python3.12/site-packages/airflow/example_dags/example_subdag_operator.py for tasks to queue
[2024-11-03T00:53:34.004+0000] {logging_mixin.py:190} INFO - [2024-11-03T00:53:34.003+0000] {dagbag.py:588} INFO - Filling up the DagBag from /home/airflow/.local/lib/python3.12/site-packages/airflow/example_dags/example_subdag_operator.py
[2024-11-03T00:53:34.026+0000] {processor.py:925} INFO - DAG(s) 'example_subdag_operator.section-1', 'example_subdag_operator.section-2', 'example_subdag_operator' retrieved from /home/airflow/.local/lib/python3.12/site-packages/airflow/example_dags/example_subdag_operator.py
[2024-11-03T00:53:34.040+0000] {logging_mixin.py:190} INFO - [2024-11-03T00:53:34.040+0000] {dag.py:3239} INFO - Sync 3 DAGs
[2024-11-03T00:53:34.062+0000] {logging_mixin.py:190} INFO - [2024-11-03T00:53:34.062+0000] {dag.py:4180} INFO - Setting next_dagrun for example_subdag_operator to 2022-01-01 00:00:00+00:00, run_after=2022-01-01 00:00:00+00:00
[2024-11-03T00:53:34.065+0000] {logging_mixin.py:190} INFO - [2024-11-03T00:53:34.065+0000] {dag.py:4180} INFO - Setting next_dagrun for example_subdag_operator.section-1 to None, run_after=None
[2024-11-03T00:53:34.067+0000] {logging_mixin.py:190} INFO - [2024-11-03T00:53:34.066+0000] {dag.py:4180} INFO - Setting next_dagrun for example_subdag_operator.section-2 to None, run_after=None
[2024-11-03T00:53:34.072+0000] {logging_mixin.py:190} INFO - [2024-11-03T00:53:34.072+0000] {dag.py:3239} INFO - Sync 2 DAGs
[2024-11-03T00:53:34.078+0000] {logging_mixin.py:190} INFO - [2024-11-03T00:53:34.077+0000] {dag.py:4180} INFO - Setting next_dagrun for example_subdag_operator.section-1 to None, run_after=None
[2024-11-03T00:53:34.078+0000] {logging_mixin.py:190} INFO - [2024-11-03T00:53:34.078+0000] {dag.py:4180} INFO - Setting next_dagrun for example_subdag_operator.section-2 to None, run_after=None
[2024-11-03T00:53:34.087+0000] {processor.py:208} INFO - Processing /home/airflow/.local/lib/python3.12/site-packages/airflow/example_dags/example_subdag_operator.py took 0.091 seconds
[2024-11-03T00:54:04.485+0000] {processor.py:186} INFO - Started process (PID=823) to work on /home/airflow/.local/lib/python3.12/site-packages/airflow/example_dags/example_subdag_operator.py
[2024-11-03T00:54:04.486+0000] {processor.py:914} INFO - Processing file /home/airflow/.local/lib/python3.12/site-packages/airflow/example_dags/example_subdag_operator.py for tasks to queue
[2024-11-03T00:54:04.488+0000] {logging_mixin.py:190} INFO - [2024-11-03T00:54:04.488+0000] {dagbag.py:588} INFO - Filling up the DagBag from /home/airflow/.local/lib/python3.12/site-packages/airflow/example_dags/example_subdag_operator.py
[2024-11-03T00:54:04.511+0000] {processor.py:925} INFO - DAG(s) 'example_subdag_operator.section-1', 'example_subdag_operator.section-2', 'example_subdag_operator' retrieved from /home/airflow/.local/lib/python3.12/site-packages/airflow/example_dags/example_subdag_operator.py
[2024-11-03T00:54:04.524+0000] {logging_mixin.py:190} INFO - [2024-11-03T00:54:04.523+0000] {dag.py:3239} INFO - Sync 3 DAGs
[2024-11-03T00:54:04.544+0000] {logging_mixin.py:190} INFO - [2024-11-03T00:54:04.543+0000] {dag.py:4180} INFO - Setting next_dagrun for example_subdag_operator to 2022-01-01 00:00:00+00:00, run_after=2022-01-01 00:00:00+00:00
[2024-11-03T00:54:04.547+0000] {logging_mixin.py:190} INFO - [2024-11-03T00:54:04.547+0000] {dag.py:4180} INFO - Setting next_dagrun for example_subdag_operator.section-1 to None, run_after=None
[2024-11-03T00:54:04.548+0000] {logging_mixin.py:190} INFO - [2024-11-03T00:54:04.548+0000] {dag.py:4180} INFO - Setting next_dagrun for example_subdag_operator.section-2 to None, run_after=None
[2024-11-03T00:54:04.553+0000] {logging_mixin.py:190} INFO - [2024-11-03T00:54:04.553+0000] {dag.py:3239} INFO - Sync 2 DAGs
[2024-11-03T00:54:04.558+0000] {logging_mixin.py:190} INFO - [2024-11-03T00:54:04.557+0000] {dag.py:4180} INFO - Setting next_dagrun for example_subdag_operator.section-1 to None, run_after=None
[2024-11-03T00:54:04.558+0000] {logging_mixin.py:190} INFO - [2024-11-03T00:54:04.558+0000] {dag.py:4180} INFO - Setting next_dagrun for example_subdag_operator.section-2 to None, run_after=None
[2024-11-03T00:54:04.569+0000] {processor.py:208} INFO - Processing /home/airflow/.local/lib/python3.12/site-packages/airflow/example_dags/example_subdag_operator.py took 0.088 seconds
[2024-11-03T00:54:34.637+0000] {processor.py:186} INFO - Started process (PID=886) to work on /home/airflow/.local/lib/python3.12/site-packages/airflow/example_dags/example_subdag_operator.py
[2024-11-03T00:54:34.638+0000] {processor.py:914} INFO - Processing file /home/airflow/.local/lib/python3.12/site-packages/airflow/example_dags/example_subdag_operator.py for tasks to queue
[2024-11-03T00:54:34.639+0000] {logging_mixin.py:190} INFO - [2024-11-03T00:54:34.639+0000] {dagbag.py:588} INFO - Filling up the DagBag from /home/airflow/.local/lib/python3.12/site-packages/airflow/example_dags/example_subdag_operator.py
[2024-11-03T00:54:34.662+0000] {processor.py:925} INFO - DAG(s) 'example_subdag_operator.section-1', 'example_subdag_operator.section-2', 'example_subdag_operator' retrieved from /home/airflow/.local/lib/python3.12/site-packages/airflow/example_dags/example_subdag_operator.py
[2024-11-03T00:54:34.676+0000] {logging_mixin.py:190} INFO - [2024-11-03T00:54:34.675+0000] {dag.py:3239} INFO - Sync 3 DAGs
[2024-11-03T00:54:34.696+0000] {logging_mixin.py:190} INFO - [2024-11-03T00:54:34.696+0000] {dag.py:4180} INFO - Setting next_dagrun for example_subdag_operator to 2022-01-01 00:00:00+00:00, run_after=2022-01-01 00:00:00+00:00
[2024-11-03T00:54:34.700+0000] {logging_mixin.py:190} INFO - [2024-11-03T00:54:34.699+0000] {dag.py:4180} INFO - Setting next_dagrun for example_subdag_operator.section-1 to None, run_after=None
[2024-11-03T00:54:34.701+0000] {logging_mixin.py:190} INFO - [2024-11-03T00:54:34.701+0000] {dag.py:4180} INFO - Setting next_dagrun for example_subdag_operator.section-2 to None, run_after=None
[2024-11-03T00:54:34.706+0000] {logging_mixin.py:190} INFO - [2024-11-03T00:54:34.706+0000] {dag.py:3239} INFO - Sync 2 DAGs
[2024-11-03T00:54:34.711+0000] {logging_mixin.py:190} INFO - [2024-11-03T00:54:34.711+0000] {dag.py:4180} INFO - Setting next_dagrun for example_subdag_operator.section-1 to None, run_after=None
[2024-11-03T00:54:34.712+0000] {logging_mixin.py:190} INFO - [2024-11-03T00:54:34.712+0000] {dag.py:4180} INFO - Setting next_dagrun for example_subdag_operator.section-2 to None, run_after=None
[2024-11-03T00:54:34.721+0000] {processor.py:208} INFO - Processing /home/airflow/.local/lib/python3.12/site-packages/airflow/example_dags/example_subdag_operator.py took 0.089 seconds
[2024-11-03T00:55:05.082+0000] {processor.py:186} INFO - Started process (PID=949) to work on /home/airflow/.local/lib/python3.12/site-packages/airflow/example_dags/example_subdag_operator.py
[2024-11-03T00:55:05.083+0000] {processor.py:914} INFO - Processing file /home/airflow/.local/lib/python3.12/site-packages/airflow/example_dags/example_subdag_operator.py for tasks to queue
[2024-11-03T00:55:05.084+0000] {logging_mixin.py:190} INFO - [2024-11-03T00:55:05.084+0000] {dagbag.py:588} INFO - Filling up the DagBag from /home/airflow/.local/lib/python3.12/site-packages/airflow/example_dags/example_subdag_operator.py
[2024-11-03T00:55:05.106+0000] {processor.py:925} INFO - DAG(s) 'example_subdag_operator.section-1', 'example_subdag_operator.section-2', 'example_subdag_operator' retrieved from /home/airflow/.local/lib/python3.12/site-packages/airflow/example_dags/example_subdag_operator.py
[2024-11-03T00:55:05.119+0000] {logging_mixin.py:190} INFO - [2024-11-03T00:55:05.119+0000] {dag.py:3239} INFO - Sync 3 DAGs
[2024-11-03T00:55:05.139+0000] {logging_mixin.py:190} INFO - [2024-11-03T00:55:05.139+0000] {dag.py:4180} INFO - Setting next_dagrun for example_subdag_operator to 2022-01-01 00:00:00+00:00, run_after=2022-01-01 00:00:00+00:00
[2024-11-03T00:55:05.142+0000] {logging_mixin.py:190} INFO - [2024-11-03T00:55:05.142+0000] {dag.py:4180} INFO - Setting next_dagrun for example_subdag_operator.section-1 to None, run_after=None
[2024-11-03T00:55:05.143+0000] {logging_mixin.py:190} INFO - [2024-11-03T00:55:05.143+0000] {dag.py:4180} INFO - Setting next_dagrun for example_subdag_operator.section-2 to None, run_after=None
[2024-11-03T00:55:05.149+0000] {logging_mixin.py:190} INFO - [2024-11-03T00:55:05.149+0000] {dag.py:3239} INFO - Sync 2 DAGs
[2024-11-03T00:55:05.154+0000] {logging_mixin.py:190} INFO - [2024-11-03T00:55:05.154+0000] {dag.py:4180} INFO - Setting next_dagrun for example_subdag_operator.section-1 to None, run_after=None
[2024-11-03T00:55:05.155+0000] {logging_mixin.py:190} INFO - [2024-11-03T00:55:05.155+0000] {dag.py:4180} INFO - Setting next_dagrun for example_subdag_operator.section-2 to None, run_after=None
[2024-11-03T00:55:05.164+0000] {processor.py:208} INFO - Processing /home/airflow/.local/lib/python3.12/site-packages/airflow/example_dags/example_subdag_operator.py took 0.087 seconds
[2024-11-03T00:55:35.422+0000] {processor.py:186} INFO - Started process (PID=1012) to work on /home/airflow/.local/lib/python3.12/site-packages/airflow/example_dags/example_subdag_operator.py
[2024-11-03T00:55:35.423+0000] {processor.py:914} INFO - Processing file /home/airflow/.local/lib/python3.12/site-packages/airflow/example_dags/example_subdag_operator.py for tasks to queue
[2024-11-03T00:55:35.424+0000] {logging_mixin.py:190} INFO - [2024-11-03T00:55:35.424+0000] {dagbag.py:588} INFO - Filling up the DagBag from /home/airflow/.local/lib/python3.12/site-packages/airflow/example_dags/example_subdag_operator.py
[2024-11-03T00:55:35.446+0000] {processor.py:925} INFO - DAG(s) 'example_subdag_operator.section-1', 'example_subdag_operator.section-2', 'example_subdag_operator' retrieved from /home/airflow/.local/lib/python3.12/site-packages/airflow/example_dags/example_subdag_operator.py
[2024-11-03T00:55:35.460+0000] {logging_mixin.py:190} INFO - [2024-11-03T00:55:35.459+0000] {dag.py:3239} INFO - Sync 3 DAGs
[2024-11-03T00:55:35.481+0000] {logging_mixin.py:190} INFO - [2024-11-03T00:55:35.481+0000] {dag.py:4180} INFO - Setting next_dagrun for example_subdag_operator to 2022-01-01 00:00:00+00:00, run_after=2022-01-01 00:00:00+00:00
[2024-11-03T00:55:35.486+0000] {logging_mixin.py:190} INFO - [2024-11-03T00:55:35.486+0000] {dag.py:4180} INFO - Setting next_dagrun for example_subdag_operator.section-1 to None, run_after=None
[2024-11-03T00:55:35.488+0000] {logging_mixin.py:190} INFO - [2024-11-03T00:55:35.488+0000] {dag.py:4180} INFO - Setting next_dagrun for example_subdag_operator.section-2 to None, run_after=None
[2024-11-03T00:55:35.495+0000] {logging_mixin.py:190} INFO - [2024-11-03T00:55:35.494+0000] {dag.py:3239} INFO - Sync 2 DAGs
[2024-11-03T00:55:35.500+0000] {logging_mixin.py:190} INFO - [2024-11-03T00:55:35.500+0000] {dag.py:4180} INFO - Setting next_dagrun for example_subdag_operator.section-1 to None, run_after=None
[2024-11-03T00:55:35.501+0000] {logging_mixin.py:190} INFO - [2024-11-03T00:55:35.501+0000] {dag.py:4180} INFO - Setting next_dagrun for example_subdag_operator.section-2 to None, run_after=None
[2024-11-03T00:55:35.510+0000] {processor.py:208} INFO - Processing /home/airflow/.local/lib/python3.12/site-packages/airflow/example_dags/example_subdag_operator.py took 0.093 seconds
[2024-11-03T00:56:06.069+0000] {processor.py:186} INFO - Started process (PID=1075) to work on /home/airflow/.local/lib/python3.12/site-packages/airflow/example_dags/example_subdag_operator.py
[2024-11-03T00:56:06.070+0000] {processor.py:914} INFO - Processing file /home/airflow/.local/lib/python3.12/site-packages/airflow/example_dags/example_subdag_operator.py for tasks to queue
[2024-11-03T00:56:06.072+0000] {logging_mixin.py:190} INFO - [2024-11-03T00:56:06.072+0000] {dagbag.py:588} INFO - Filling up the DagBag from /home/airflow/.local/lib/python3.12/site-packages/airflow/example_dags/example_subdag_operator.py
[2024-11-03T00:56:06.095+0000] {processor.py:925} INFO - DAG(s) 'example_subdag_operator.section-1', 'example_subdag_operator.section-2', 'example_subdag_operator' retrieved from /home/airflow/.local/lib/python3.12/site-packages/airflow/example_dags/example_subdag_operator.py
[2024-11-03T00:56:06.108+0000] {logging_mixin.py:190} INFO - [2024-11-03T00:56:06.108+0000] {dag.py:3239} INFO - Sync 3 DAGs
[2024-11-03T00:56:06.130+0000] {logging_mixin.py:190} INFO - [2024-11-03T00:56:06.129+0000] {dag.py:4180} INFO - Setting next_dagrun for example_subdag_operator to 2022-01-01 00:00:00+00:00, run_after=2022-01-01 00:00:00+00:00
[2024-11-03T00:56:06.133+0000] {logging_mixin.py:190} INFO - [2024-11-03T00:56:06.133+0000] {dag.py:4180} INFO - Setting next_dagrun for example_subdag_operator.section-1 to None, run_after=None
[2024-11-03T00:56:06.135+0000] {logging_mixin.py:190} INFO - [2024-11-03T00:56:06.135+0000] {dag.py:4180} INFO - Setting next_dagrun for example_subdag_operator.section-2 to None, run_after=None
[2024-11-03T00:56:06.141+0000] {logging_mixin.py:190} INFO - [2024-11-03T00:56:06.141+0000] {dag.py:3239} INFO - Sync 2 DAGs
[2024-11-03T00:56:06.149+0000] {logging_mixin.py:190} INFO - [2024-11-03T00:56:06.148+0000] {dag.py:4180} INFO - Setting next_dagrun for example_subdag_operator.section-1 to None, run_after=None
[2024-11-03T00:56:06.149+0000] {logging_mixin.py:190} INFO - [2024-11-03T00:56:06.149+0000] {dag.py:4180} INFO - Setting next_dagrun for example_subdag_operator.section-2 to None, run_after=None
[2024-11-03T00:56:06.159+0000] {processor.py:208} INFO - Processing /home/airflow/.local/lib/python3.12/site-packages/airflow/example_dags/example_subdag_operator.py took 0.094 seconds
[2024-11-03T00:56:36.514+0000] {processor.py:186} INFO - Started process (PID=1138) to work on /home/airflow/.local/lib/python3.12/site-packages/airflow/example_dags/example_subdag_operator.py
[2024-11-03T00:56:36.515+0000] {processor.py:914} INFO - Processing file /home/airflow/.local/lib/python3.12/site-packages/airflow/example_dags/example_subdag_operator.py for tasks to queue
[2024-11-03T00:56:36.517+0000] {logging_mixin.py:190} INFO - [2024-11-03T00:56:36.517+0000] {dagbag.py:588} INFO - Filling up the DagBag from /home/airflow/.local/lib/python3.12/site-packages/airflow/example_dags/example_subdag_operator.py
[2024-11-03T00:56:36.542+0000] {processor.py:925} INFO - DAG(s) 'example_subdag_operator.section-1', 'example_subdag_operator.section-2', 'example_subdag_operator' retrieved from /home/airflow/.local/lib/python3.12/site-packages/airflow/example_dags/example_subdag_operator.py
[2024-11-03T00:56:36.556+0000] {logging_mixin.py:190} INFO - [2024-11-03T00:56:36.555+0000] {dag.py:3239} INFO - Sync 3 DAGs
[2024-11-03T00:56:36.577+0000] {logging_mixin.py:190} INFO - [2024-11-03T00:56:36.577+0000] {dag.py:4180} INFO - Setting next_dagrun for example_subdag_operator to 2022-01-01 00:00:00+00:00, run_after=2022-01-01 00:00:00+00:00
[2024-11-03T00:56:36.581+0000] {logging_mixin.py:190} INFO - [2024-11-03T00:56:36.580+0000] {dag.py:4180} INFO - Setting next_dagrun for example_subdag_operator.section-1 to None, run_after=None
[2024-11-03T00:56:36.582+0000] {logging_mixin.py:190} INFO - [2024-11-03T00:56:36.582+0000] {dag.py:4180} INFO - Setting next_dagrun for example_subdag_operator.section-2 to None, run_after=None
[2024-11-03T00:56:36.588+0000] {logging_mixin.py:190} INFO - [2024-11-03T00:56:36.587+0000] {dag.py:3239} INFO - Sync 2 DAGs
[2024-11-03T00:56:36.593+0000] {logging_mixin.py:190} INFO - [2024-11-03T00:56:36.593+0000] {dag.py:4180} INFO - Setting next_dagrun for example_subdag_operator.section-1 to None, run_after=None
[2024-11-03T00:56:36.593+0000] {logging_mixin.py:190} INFO - [2024-11-03T00:56:36.593+0000] {dag.py:4180} INFO - Setting next_dagrun for example_subdag_operator.section-2 to None, run_after=None
[2024-11-03T00:56:36.603+0000] {processor.py:208} INFO - Processing /home/airflow/.local/lib/python3.12/site-packages/airflow/example_dags/example_subdag_operator.py took 0.093 seconds
[2024-11-03T00:57:06.701+0000] {processor.py:186} INFO - Started process (PID=1201) to work on /home/airflow/.local/lib/python3.12/site-packages/airflow/example_dags/example_subdag_operator.py
[2024-11-03T00:57:06.702+0000] {processor.py:914} INFO - Processing file /home/airflow/.local/lib/python3.12/site-packages/airflow/example_dags/example_subdag_operator.py for tasks to queue
[2024-11-03T00:57:06.703+0000] {logging_mixin.py:190} INFO - [2024-11-03T00:57:06.703+0000] {dagbag.py:588} INFO - Filling up the DagBag from /home/airflow/.local/lib/python3.12/site-packages/airflow/example_dags/example_subdag_operator.py
[2024-11-03T00:57:06.724+0000] {processor.py:925} INFO - DAG(s) 'example_subdag_operator.section-1', 'example_subdag_operator.section-2', 'example_subdag_operator' retrieved from /home/airflow/.local/lib/python3.12/site-packages/airflow/example_dags/example_subdag_operator.py
[2024-11-03T00:57:06.738+0000] {logging_mixin.py:190} INFO - [2024-11-03T00:57:06.738+0000] {dag.py:3239} INFO - Sync 3 DAGs
[2024-11-03T00:57:06.758+0000] {logging_mixin.py:190} INFO - [2024-11-03T00:57:06.758+0000] {dag.py:4180} INFO - Setting next_dagrun for example_subdag_operator to 2022-01-01 00:00:00+00:00, run_after=2022-01-01 00:00:00+00:00
[2024-11-03T00:57:06.761+0000] {logging_mixin.py:190} INFO - [2024-11-03T00:57:06.761+0000] {dag.py:4180} INFO - Setting next_dagrun for example_subdag_operator.section-1 to None, run_after=None
[2024-11-03T00:57:06.762+0000] {logging_mixin.py:190} INFO - [2024-11-03T00:57:06.762+0000] {dag.py:4180} INFO - Setting next_dagrun for example_subdag_operator.section-2 to None, run_after=None
[2024-11-03T00:57:06.769+0000] {logging_mixin.py:190} INFO - [2024-11-03T00:57:06.769+0000] {dag.py:3239} INFO - Sync 2 DAGs
[2024-11-03T00:57:06.773+0000] {logging_mixin.py:190} INFO - [2024-11-03T00:57:06.773+0000] {dag.py:4180} INFO - Setting next_dagrun for example_subdag_operator.section-1 to None, run_after=None
[2024-11-03T00:57:06.774+0000] {logging_mixin.py:190} INFO - [2024-11-03T00:57:06.774+0000] {dag.py:4180} INFO - Setting next_dagrun for example_subdag_operator.section-2 to None, run_after=None
[2024-11-03T00:57:06.784+0000] {processor.py:208} INFO - Processing /home/airflow/.local/lib/python3.12/site-packages/airflow/example_dags/example_subdag_operator.py took 0.087 seconds
[2024-11-03T00:57:37.181+0000] {processor.py:186} INFO - Started process (PID=1264) to work on /home/airflow/.local/lib/python3.12/site-packages/airflow/example_dags/example_subdag_operator.py
[2024-11-03T00:57:37.181+0000] {processor.py:914} INFO - Processing file /home/airflow/.local/lib/python3.12/site-packages/airflow/example_dags/example_subdag_operator.py for tasks to queue
[2024-11-03T00:57:37.183+0000] {logging_mixin.py:190} INFO - [2024-11-03T00:57:37.183+0000] {dagbag.py:588} INFO - Filling up the DagBag from /home/airflow/.local/lib/python3.12/site-packages/airflow/example_dags/example_subdag_operator.py
[2024-11-03T00:57:37.204+0000] {processor.py:925} INFO - DAG(s) 'example_subdag_operator.section-1', 'example_subdag_operator.section-2', 'example_subdag_operator' retrieved from /home/airflow/.local/lib/python3.12/site-packages/airflow/example_dags/example_subdag_operator.py
[2024-11-03T00:57:37.216+0000] {logging_mixin.py:190} INFO - [2024-11-03T00:57:37.216+0000] {dag.py:3239} INFO - Sync 3 DAGs
[2024-11-03T00:57:37.235+0000] {logging_mixin.py:190} INFO - [2024-11-03T00:57:37.234+0000] {dag.py:4180} INFO - Setting next_dagrun for example_subdag_operator to 2022-01-01 00:00:00+00:00, run_after=2022-01-01 00:00:00+00:00
[2024-11-03T00:57:37.238+0000] {logging_mixin.py:190} INFO - [2024-11-03T00:57:37.237+0000] {dag.py:4180} INFO - Setting next_dagrun for example_subdag_operator.section-1 to None, run_after=None
[2024-11-03T00:57:37.239+0000] {logging_mixin.py:190} INFO - [2024-11-03T00:57:37.238+0000] {dag.py:4180} INFO - Setting next_dagrun for example_subdag_operator.section-2 to None, run_after=None
[2024-11-03T00:57:37.245+0000] {logging_mixin.py:190} INFO - [2024-11-03T00:57:37.244+0000] {dag.py:3239} INFO - Sync 2 DAGs
[2024-11-03T00:57:37.249+0000] {logging_mixin.py:190} INFO - [2024-11-03T00:57:37.249+0000] {dag.py:4180} INFO - Setting next_dagrun for example_subdag_operator.section-1 to None, run_after=None
[2024-11-03T00:57:37.250+0000] {logging_mixin.py:190} INFO - [2024-11-03T00:57:37.250+0000] {dag.py:4180} INFO - Setting next_dagrun for example_subdag_operator.section-2 to None, run_after=None
[2024-11-03T00:57:37.259+0000] {processor.py:208} INFO - Processing /home/airflow/.local/lib/python3.12/site-packages/airflow/example_dags/example_subdag_operator.py took 0.082 seconds
[2024-11-03T00:58:07.338+0000] {processor.py:186} INFO - Started process (PID=1327) to work on /home/airflow/.local/lib/python3.12/site-packages/airflow/example_dags/example_subdag_operator.py
[2024-11-03T00:58:07.339+0000] {processor.py:914} INFO - Processing file /home/airflow/.local/lib/python3.12/site-packages/airflow/example_dags/example_subdag_operator.py for tasks to queue
[2024-11-03T00:58:07.341+0000] {logging_mixin.py:190} INFO - [2024-11-03T00:58:07.341+0000] {dagbag.py:588} INFO - Filling up the DagBag from /home/airflow/.local/lib/python3.12/site-packages/airflow/example_dags/example_subdag_operator.py
[2024-11-03T00:58:07.362+0000] {processor.py:925} INFO - DAG(s) 'example_subdag_operator.section-1', 'example_subdag_operator.section-2', 'example_subdag_operator' retrieved from /home/airflow/.local/lib/python3.12/site-packages/airflow/example_dags/example_subdag_operator.py
[2024-11-03T00:58:07.375+0000] {logging_mixin.py:190} INFO - [2024-11-03T00:58:07.375+0000] {dag.py:3239} INFO - Sync 3 DAGs
[2024-11-03T00:58:07.395+0000] {logging_mixin.py:190} INFO - [2024-11-03T00:58:07.395+0000] {dag.py:4180} INFO - Setting next_dagrun for example_subdag_operator to 2022-01-01 00:00:00+00:00, run_after=2022-01-01 00:00:00+00:00
[2024-11-03T00:58:07.398+0000] {logging_mixin.py:190} INFO - [2024-11-03T00:58:07.398+0000] {dag.py:4180} INFO - Setting next_dagrun for example_subdag_operator.section-1 to None, run_after=None
[2024-11-03T00:58:07.399+0000] {logging_mixin.py:190} INFO - [2024-11-03T00:58:07.399+0000] {dag.py:4180} INFO - Setting next_dagrun for example_subdag_operator.section-2 to None, run_after=None
[2024-11-03T00:58:07.405+0000] {logging_mixin.py:190} INFO - [2024-11-03T00:58:07.405+0000] {dag.py:3239} INFO - Sync 2 DAGs
[2024-11-03T00:58:07.410+0000] {logging_mixin.py:190} INFO - [2024-11-03T00:58:07.410+0000] {dag.py:4180} INFO - Setting next_dagrun for example_subdag_operator.section-1 to None, run_after=None
[2024-11-03T00:58:07.410+0000] {logging_mixin.py:190} INFO - [2024-11-03T00:58:07.410+0000] {dag.py:4180} INFO - Setting next_dagrun for example_subdag_operator.section-2 to None, run_after=None
[2024-11-03T00:58:07.420+0000] {processor.py:208} INFO - Processing /home/airflow/.local/lib/python3.12/site-packages/airflow/example_dags/example_subdag_operator.py took 0.086 seconds
[2024-11-03T00:58:37.734+0000] {processor.py:186} INFO - Started process (PID=1390) to work on /home/airflow/.local/lib/python3.12/site-packages/airflow/example_dags/example_subdag_operator.py
[2024-11-03T00:58:37.734+0000] {processor.py:914} INFO - Processing file /home/airflow/.local/lib/python3.12/site-packages/airflow/example_dags/example_subdag_operator.py for tasks to queue
[2024-11-03T00:58:37.736+0000] {logging_mixin.py:190} INFO - [2024-11-03T00:58:37.736+0000] {dagbag.py:588} INFO - Filling up the DagBag from /home/airflow/.local/lib/python3.12/site-packages/airflow/example_dags/example_subdag_operator.py
[2024-11-03T00:58:37.757+0000] {processor.py:925} INFO - DAG(s) 'example_subdag_operator.section-1', 'example_subdag_operator.section-2', 'example_subdag_operator' retrieved from /home/airflow/.local/lib/python3.12/site-packages/airflow/example_dags/example_subdag_operator.py
[2024-11-03T00:58:37.769+0000] {logging_mixin.py:190} INFO - [2024-11-03T00:58:37.769+0000] {dag.py:3239} INFO - Sync 3 DAGs
[2024-11-03T00:58:37.790+0000] {logging_mixin.py:190} INFO - [2024-11-03T00:58:37.790+0000] {dag.py:4180} INFO - Setting next_dagrun for example_subdag_operator to 2022-01-01 00:00:00+00:00, run_after=2022-01-01 00:00:00+00:00
[2024-11-03T00:58:37.794+0000] {logging_mixin.py:190} INFO - [2024-11-03T00:58:37.793+0000] {dag.py:4180} INFO - Setting next_dagrun for example_subdag_operator.section-1 to None, run_after=None
[2024-11-03T00:58:37.795+0000] {logging_mixin.py:190} INFO - [2024-11-03T00:58:37.795+0000] {dag.py:4180} INFO - Setting next_dagrun for example_subdag_operator.section-2 to None, run_after=None
[2024-11-03T00:58:37.801+0000] {logging_mixin.py:190} INFO - [2024-11-03T00:58:37.800+0000] {dag.py:3239} INFO - Sync 2 DAGs
[2024-11-03T00:58:37.805+0000] {logging_mixin.py:190} INFO - [2024-11-03T00:58:37.805+0000] {dag.py:4180} INFO - Setting next_dagrun for example_subdag_operator.section-1 to None, run_after=None
[2024-11-03T00:58:37.806+0000] {logging_mixin.py:190} INFO - [2024-11-03T00:58:37.805+0000] {dag.py:4180} INFO - Setting next_dagrun for example_subdag_operator.section-2 to None, run_after=None
[2024-11-03T00:58:37.815+0000] {processor.py:208} INFO - Processing /home/airflow/.local/lib/python3.12/site-packages/airflow/example_dags/example_subdag_operator.py took 0.086 seconds
[2024-11-03T00:59:07.972+0000] {processor.py:186} INFO - Started process (PID=1453) to work on /home/airflow/.local/lib/python3.12/site-packages/airflow/example_dags/example_subdag_operator.py
[2024-11-03T00:59:07.973+0000] {processor.py:914} INFO - Processing file /home/airflow/.local/lib/python3.12/site-packages/airflow/example_dags/example_subdag_operator.py for tasks to queue
[2024-11-03T00:59:07.974+0000] {logging_mixin.py:190} INFO - [2024-11-03T00:59:07.974+0000] {dagbag.py:588} INFO - Filling up the DagBag from /home/airflow/.local/lib/python3.12/site-packages/airflow/example_dags/example_subdag_operator.py
[2024-11-03T00:59:07.995+0000] {processor.py:925} INFO - DAG(s) 'example_subdag_operator.section-1', 'example_subdag_operator.section-2', 'example_subdag_operator' retrieved from /home/airflow/.local/lib/python3.12/site-packages/airflow/example_dags/example_subdag_operator.py
[2024-11-03T00:59:08.008+0000] {logging_mixin.py:190} INFO - [2024-11-03T00:59:08.007+0000] {dag.py:3239} INFO - Sync 3 DAGs
[2024-11-03T00:59:08.026+0000] {logging_mixin.py:190} INFO - [2024-11-03T00:59:08.026+0000] {dag.py:4180} INFO - Setting next_dagrun for example_subdag_operator to 2022-01-01 00:00:00+00:00, run_after=2022-01-01 00:00:00+00:00
[2024-11-03T00:59:08.029+0000] {logging_mixin.py:190} INFO - [2024-11-03T00:59:08.029+0000] {dag.py:4180} INFO - Setting next_dagrun for example_subdag_operator.section-1 to None, run_after=None
[2024-11-03T00:59:08.030+0000] {logging_mixin.py:190} INFO - [2024-11-03T00:59:08.030+0000] {dag.py:4180} INFO - Setting next_dagrun for example_subdag_operator.section-2 to None, run_after=None
[2024-11-03T00:59:08.036+0000] {logging_mixin.py:190} INFO - [2024-11-03T00:59:08.036+0000] {dag.py:3239} INFO - Sync 2 DAGs
[2024-11-03T00:59:08.040+0000] {logging_mixin.py:190} INFO - [2024-11-03T00:59:08.040+0000] {dag.py:4180} INFO - Setting next_dagrun for example_subdag_operator.section-1 to None, run_after=None
[2024-11-03T00:59:08.041+0000] {logging_mixin.py:190} INFO - [2024-11-03T00:59:08.041+0000] {dag.py:4180} INFO - Setting next_dagrun for example_subdag_operator.section-2 to None, run_after=None
[2024-11-03T00:59:08.050+0000] {processor.py:208} INFO - Processing /home/airflow/.local/lib/python3.12/site-packages/airflow/example_dags/example_subdag_operator.py took 0.083 seconds
[2024-11-03T00:59:38.508+0000] {processor.py:186} INFO - Started process (PID=1516) to work on /home/airflow/.local/lib/python3.12/site-packages/airflow/example_dags/example_subdag_operator.py
[2024-11-03T00:59:38.509+0000] {processor.py:914} INFO - Processing file /home/airflow/.local/lib/python3.12/site-packages/airflow/example_dags/example_subdag_operator.py for tasks to queue
[2024-11-03T00:59:38.510+0000] {logging_mixin.py:190} INFO - [2024-11-03T00:59:38.510+0000] {dagbag.py:588} INFO - Filling up the DagBag from /home/airflow/.local/lib/python3.12/site-packages/airflow/example_dags/example_subdag_operator.py
[2024-11-03T00:59:38.531+0000] {processor.py:925} INFO - DAG(s) 'example_subdag_operator.section-1', 'example_subdag_operator.section-2', 'example_subdag_operator' retrieved from /home/airflow/.local/lib/python3.12/site-packages/airflow/example_dags/example_subdag_operator.py
[2024-11-03T00:59:38.543+0000] {logging_mixin.py:190} INFO - [2024-11-03T00:59:38.543+0000] {dag.py:3239} INFO - Sync 3 DAGs
[2024-11-03T00:59:38.562+0000] {logging_mixin.py:190} INFO - [2024-11-03T00:59:38.562+0000] {dag.py:4180} INFO - Setting next_dagrun for example_subdag_operator to 2022-01-01 00:00:00+00:00, run_after=2022-01-01 00:00:00+00:00
[2024-11-03T00:59:38.565+0000] {logging_mixin.py:190} INFO - [2024-11-03T00:59:38.565+0000] {dag.py:4180} INFO - Setting next_dagrun for example_subdag_operator.section-1 to None, run_after=None
[2024-11-03T00:59:38.567+0000] {logging_mixin.py:190} INFO - [2024-11-03T00:59:38.567+0000] {dag.py:4180} INFO - Setting next_dagrun for example_subdag_operator.section-2 to None, run_after=None
[2024-11-03T00:59:38.572+0000] {logging_mixin.py:190} INFO - [2024-11-03T00:59:38.572+0000] {dag.py:3239} INFO - Sync 2 DAGs
[2024-11-03T00:59:38.577+0000] {logging_mixin.py:190} INFO - [2024-11-03T00:59:38.577+0000] {dag.py:4180} INFO - Setting next_dagrun for example_subdag_operator.section-1 to None, run_after=None
[2024-11-03T00:59:38.577+0000] {logging_mixin.py:190} INFO - [2024-11-03T00:59:38.577+0000] {dag.py:4180} INFO - Setting next_dagrun for example_subdag_operator.section-2 to None, run_after=None
[2024-11-03T00:59:38.586+0000] {processor.py:208} INFO - Processing /home/airflow/.local/lib/python3.12/site-packages/airflow/example_dags/example_subdag_operator.py took 0.082 seconds
[2024-11-03T01:00:08.699+0000] {processor.py:186} INFO - Started process (PID=1579) to work on /home/airflow/.local/lib/python3.12/site-packages/airflow/example_dags/example_subdag_operator.py
[2024-11-03T01:00:08.700+0000] {processor.py:914} INFO - Processing file /home/airflow/.local/lib/python3.12/site-packages/airflow/example_dags/example_subdag_operator.py for tasks to queue
[2024-11-03T01:00:08.702+0000] {logging_mixin.py:190} INFO - [2024-11-03T01:00:08.701+0000] {dagbag.py:588} INFO - Filling up the DagBag from /home/airflow/.local/lib/python3.12/site-packages/airflow/example_dags/example_subdag_operator.py
[2024-11-03T01:00:08.723+0000] {processor.py:925} INFO - DAG(s) 'example_subdag_operator.section-1', 'example_subdag_operator.section-2', 'example_subdag_operator' retrieved from /home/airflow/.local/lib/python3.12/site-packages/airflow/example_dags/example_subdag_operator.py
[2024-11-03T01:00:08.735+0000] {logging_mixin.py:190} INFO - [2024-11-03T01:00:08.735+0000] {dag.py:3239} INFO - Sync 3 DAGs
[2024-11-03T01:00:08.755+0000] {logging_mixin.py:190} INFO - [2024-11-03T01:00:08.755+0000] {dag.py:4180} INFO - Setting next_dagrun for example_subdag_operator to 2022-01-01 00:00:00+00:00, run_after=2022-01-01 00:00:00+00:00
[2024-11-03T01:00:08.758+0000] {logging_mixin.py:190} INFO - [2024-11-03T01:00:08.758+0000] {dag.py:4180} INFO - Setting next_dagrun for example_subdag_operator.section-1 to None, run_after=None
[2024-11-03T01:00:08.759+0000] {logging_mixin.py:190} INFO - [2024-11-03T01:00:08.759+0000] {dag.py:4180} INFO - Setting next_dagrun for example_subdag_operator.section-2 to None, run_after=None
[2024-11-03T01:00:08.766+0000] {logging_mixin.py:190} INFO - [2024-11-03T01:00:08.765+0000] {dag.py:3239} INFO - Sync 2 DAGs
[2024-11-03T01:00:08.771+0000] {logging_mixin.py:190} INFO - [2024-11-03T01:00:08.771+0000] {dag.py:4180} INFO - Setting next_dagrun for example_subdag_operator.section-1 to None, run_after=None
[2024-11-03T01:00:08.771+0000] {logging_mixin.py:190} INFO - [2024-11-03T01:00:08.771+0000] {dag.py:4180} INFO - Setting next_dagrun for example_subdag_operator.section-2 to None, run_after=None
[2024-11-03T01:00:08.781+0000] {processor.py:208} INFO - Processing /home/airflow/.local/lib/python3.12/site-packages/airflow/example_dags/example_subdag_operator.py took 0.086 seconds
[2024-11-03T01:00:39.371+0000] {processor.py:186} INFO - Started process (PID=1642) to work on /home/airflow/.local/lib/python3.12/site-packages/airflow/example_dags/example_subdag_operator.py
[2024-11-03T01:00:39.371+0000] {processor.py:914} INFO - Processing file /home/airflow/.local/lib/python3.12/site-packages/airflow/example_dags/example_subdag_operator.py for tasks to queue
[2024-11-03T01:00:39.373+0000] {logging_mixin.py:190} INFO - [2024-11-03T01:00:39.373+0000] {dagbag.py:588} INFO - Filling up the DagBag from /home/airflow/.local/lib/python3.12/site-packages/airflow/example_dags/example_subdag_operator.py
[2024-11-03T01:00:39.394+0000] {processor.py:925} INFO - DAG(s) 'example_subdag_operator.section-1', 'example_subdag_operator.section-2', 'example_subdag_operator' retrieved from /home/airflow/.local/lib/python3.12/site-packages/airflow/example_dags/example_subdag_operator.py
[2024-11-03T01:00:39.406+0000] {logging_mixin.py:190} INFO - [2024-11-03T01:00:39.406+0000] {dag.py:3239} INFO - Sync 3 DAGs
[2024-11-03T01:00:39.428+0000] {logging_mixin.py:190} INFO - [2024-11-03T01:00:39.427+0000] {dag.py:4180} INFO - Setting next_dagrun for example_subdag_operator to 2022-01-01 00:00:00+00:00, run_after=2022-01-01 00:00:00+00:00
[2024-11-03T01:00:39.431+0000] {logging_mixin.py:190} INFO - [2024-11-03T01:00:39.431+0000] {dag.py:4180} INFO - Setting next_dagrun for example_subdag_operator.section-1 to None, run_after=None
[2024-11-03T01:00:39.433+0000] {logging_mixin.py:190} INFO - [2024-11-03T01:00:39.433+0000] {dag.py:4180} INFO - Setting next_dagrun for example_subdag_operator.section-2 to None, run_after=None
[2024-11-03T01:00:39.440+0000] {logging_mixin.py:190} INFO - [2024-11-03T01:00:39.440+0000] {dag.py:3239} INFO - Sync 2 DAGs
[2024-11-03T01:00:39.446+0000] {logging_mixin.py:190} INFO - [2024-11-03T01:00:39.445+0000] {dag.py:4180} INFO - Setting next_dagrun for example_subdag_operator.section-1 to None, run_after=None
[2024-11-03T01:00:39.446+0000] {logging_mixin.py:190} INFO - [2024-11-03T01:00:39.446+0000] {dag.py:4180} INFO - Setting next_dagrun for example_subdag_operator.section-2 to None, run_after=None
[2024-11-03T01:00:39.457+0000] {processor.py:208} INFO - Processing /home/airflow/.local/lib/python3.12/site-packages/airflow/example_dags/example_subdag_operator.py took 0.091 seconds
[2024-11-03T01:01:09.854+0000] {processor.py:186} INFO - Started process (PID=1705) to work on /home/airflow/.local/lib/python3.12/site-packages/airflow/example_dags/example_subdag_operator.py
[2024-11-03T01:01:09.855+0000] {processor.py:914} INFO - Processing file /home/airflow/.local/lib/python3.12/site-packages/airflow/example_dags/example_subdag_operator.py for tasks to queue
[2024-11-03T01:01:09.857+0000] {logging_mixin.py:190} INFO - [2024-11-03T01:01:09.857+0000] {dagbag.py:588} INFO - Filling up the DagBag from /home/airflow/.local/lib/python3.12/site-packages/airflow/example_dags/example_subdag_operator.py
[2024-11-03T01:01:09.878+0000] {processor.py:925} INFO - DAG(s) 'example_subdag_operator.section-1', 'example_subdag_operator.section-2', 'example_subdag_operator' retrieved from /home/airflow/.local/lib/python3.12/site-packages/airflow/example_dags/example_subdag_operator.py
[2024-11-03T01:01:09.890+0000] {logging_mixin.py:190} INFO - [2024-11-03T01:01:09.890+0000] {dag.py:3239} INFO - Sync 3 DAGs
[2024-11-03T01:01:09.909+0000] {logging_mixin.py:190} INFO - [2024-11-03T01:01:09.909+0000] {dag.py:4180} INFO - Setting next_dagrun for example_subdag_operator to 2022-01-01 00:00:00+00:00, run_after=2022-01-01 00:00:00+00:00
[2024-11-03T01:01:09.912+0000] {logging_mixin.py:190} INFO - [2024-11-03T01:01:09.912+0000] {dag.py:4180} INFO - Setting next_dagrun for example_subdag_operator.section-1 to None, run_after=None
[2024-11-03T01:01:09.913+0000] {logging_mixin.py:190} INFO - [2024-11-03T01:01:09.913+0000] {dag.py:4180} INFO - Setting next_dagrun for example_subdag_operator.section-2 to None, run_after=None
[2024-11-03T01:01:09.919+0000] {logging_mixin.py:190} INFO - [2024-11-03T01:01:09.918+0000] {dag.py:3239} INFO - Sync 2 DAGs
[2024-11-03T01:01:09.924+0000] {logging_mixin.py:190} INFO - [2024-11-03T01:01:09.924+0000] {dag.py:4180} INFO - Setting next_dagrun for example_subdag_operator.section-1 to None, run_after=None
[2024-11-03T01:01:09.925+0000] {logging_mixin.py:190} INFO - [2024-11-03T01:01:09.925+0000] {dag.py:4180} INFO - Setting next_dagrun for example_subdag_operator.section-2 to None, run_after=None
[2024-11-03T01:01:09.933+0000] {processor.py:208} INFO - Processing /home/airflow/.local/lib/python3.12/site-packages/airflow/example_dags/example_subdag_operator.py took 0.083 seconds
[2024-11-03T01:01:40.373+0000] {processor.py:186} INFO - Started process (PID=1768) to work on /home/airflow/.local/lib/python3.12/site-packages/airflow/example_dags/example_subdag_operator.py
[2024-11-03T01:01:40.373+0000] {processor.py:914} INFO - Processing file /home/airflow/.local/lib/python3.12/site-packages/airflow/example_dags/example_subdag_operator.py for tasks to queue
[2024-11-03T01:01:40.375+0000] {logging_mixin.py:190} INFO - [2024-11-03T01:01:40.375+0000] {dagbag.py:588} INFO - Filling up the DagBag from /home/airflow/.local/lib/python3.12/site-packages/airflow/example_dags/example_subdag_operator.py
[2024-11-03T01:01:40.396+0000] {processor.py:925} INFO - DAG(s) 'example_subdag_operator.section-1', 'example_subdag_operator.section-2', 'example_subdag_operator' retrieved from /home/airflow/.local/lib/python3.12/site-packages/airflow/example_dags/example_subdag_operator.py
[2024-11-03T01:01:40.409+0000] {logging_mixin.py:190} INFO - [2024-11-03T01:01:40.409+0000] {dag.py:3239} INFO - Sync 3 DAGs
[2024-11-03T01:01:40.429+0000] {logging_mixin.py:190} INFO - [2024-11-03T01:01:40.428+0000] {dag.py:4180} INFO - Setting next_dagrun for example_subdag_operator to 2022-01-01 00:00:00+00:00, run_after=2022-01-01 00:00:00+00:00
[2024-11-03T01:01:40.432+0000] {logging_mixin.py:190} INFO - [2024-11-03T01:01:40.431+0000] {dag.py:4180} INFO - Setting next_dagrun for example_subdag_operator.section-1 to None, run_after=None
[2024-11-03T01:01:40.433+0000] {logging_mixin.py:190} INFO - [2024-11-03T01:01:40.433+0000] {dag.py:4180} INFO - Setting next_dagrun for example_subdag_operator.section-2 to None, run_after=None
[2024-11-03T01:01:40.439+0000] {logging_mixin.py:190} INFO - [2024-11-03T01:01:40.439+0000] {dag.py:3239} INFO - Sync 2 DAGs
[2024-11-03T01:01:40.444+0000] {logging_mixin.py:190} INFO - [2024-11-03T01:01:40.444+0000] {dag.py:4180} INFO - Setting next_dagrun for example_subdag_operator.section-1 to None, run_after=None
[2024-11-03T01:01:40.445+0000] {logging_mixin.py:190} INFO - [2024-11-03T01:01:40.445+0000] {dag.py:4180} INFO - Setting next_dagrun for example_subdag_operator.section-2 to None, run_after=None
[2024-11-03T01:01:40.455+0000] {processor.py:208} INFO - Processing /home/airflow/.local/lib/python3.12/site-packages/airflow/example_dags/example_subdag_operator.py took 0.086 seconds
[2024-11-03T01:02:10.803+0000] {processor.py:186} INFO - Started process (PID=1831) to work on /home/airflow/.local/lib/python3.12/site-packages/airflow/example_dags/example_subdag_operator.py
[2024-11-03T01:02:10.804+0000] {processor.py:914} INFO - Processing file /home/airflow/.local/lib/python3.12/site-packages/airflow/example_dags/example_subdag_operator.py for tasks to queue
[2024-11-03T01:02:10.805+0000] {logging_mixin.py:190} INFO - [2024-11-03T01:02:10.805+0000] {dagbag.py:588} INFO - Filling up the DagBag from /home/airflow/.local/lib/python3.12/site-packages/airflow/example_dags/example_subdag_operator.py
[2024-11-03T01:02:10.826+0000] {processor.py:925} INFO - DAG(s) 'example_subdag_operator.section-1', 'example_subdag_operator.section-2', 'example_subdag_operator' retrieved from /home/airflow/.local/lib/python3.12/site-packages/airflow/example_dags/example_subdag_operator.py
[2024-11-03T01:02:10.838+0000] {logging_mixin.py:190} INFO - [2024-11-03T01:02:10.838+0000] {dag.py:3239} INFO - Sync 3 DAGs
[2024-11-03T01:02:10.857+0000] {logging_mixin.py:190} INFO - [2024-11-03T01:02:10.857+0000] {dag.py:4180} INFO - Setting next_dagrun for example_subdag_operator to 2022-01-01 00:00:00+00:00, run_after=2022-01-01 00:00:00+00:00
[2024-11-03T01:02:10.860+0000] {logging_mixin.py:190} INFO - [2024-11-03T01:02:10.860+0000] {dag.py:4180} INFO - Setting next_dagrun for example_subdag_operator.section-1 to None, run_after=None
[2024-11-03T01:02:10.862+0000] {logging_mixin.py:190} INFO - [2024-11-03T01:02:10.862+0000] {dag.py:4180} INFO - Setting next_dagrun for example_subdag_operator.section-2 to None, run_after=None
[2024-11-03T01:02:10.869+0000] {logging_mixin.py:190} INFO - [2024-11-03T01:02:10.868+0000] {dag.py:3239} INFO - Sync 2 DAGs
[2024-11-03T01:02:10.874+0000] {logging_mixin.py:190} INFO - [2024-11-03T01:02:10.874+0000] {dag.py:4180} INFO - Setting next_dagrun for example_subdag_operator.section-1 to None, run_after=None
[2024-11-03T01:02:10.875+0000] {logging_mixin.py:190} INFO - [2024-11-03T01:02:10.874+0000] {dag.py:4180} INFO - Setting next_dagrun for example_subdag_operator.section-2 to None, run_after=None
[2024-11-03T01:02:10.884+0000] {processor.py:208} INFO - Processing /home/airflow/.local/lib/python3.12/site-packages/airflow/example_dags/example_subdag_operator.py took 0.086 seconds
[2024-11-03T01:02:41.001+0000] {processor.py:186} INFO - Started process (PID=1894) to work on /home/airflow/.local/lib/python3.12/site-packages/airflow/example_dags/example_subdag_operator.py
[2024-11-03T01:02:41.002+0000] {processor.py:914} INFO - Processing file /home/airflow/.local/lib/python3.12/site-packages/airflow/example_dags/example_subdag_operator.py for tasks to queue
[2024-11-03T01:02:41.003+0000] {logging_mixin.py:190} INFO - [2024-11-03T01:02:41.003+0000] {dagbag.py:588} INFO - Filling up the DagBag from /home/airflow/.local/lib/python3.12/site-packages/airflow/example_dags/example_subdag_operator.py
[2024-11-03T01:02:41.025+0000] {processor.py:925} INFO - DAG(s) 'example_subdag_operator.section-1', 'example_subdag_operator.section-2', 'example_subdag_operator' retrieved from /home/airflow/.local/lib/python3.12/site-packages/airflow/example_dags/example_subdag_operator.py
[2024-11-03T01:02:41.039+0000] {logging_mixin.py:190} INFO - [2024-11-03T01:02:41.039+0000] {dag.py:3239} INFO - Sync 3 DAGs
[2024-11-03T01:02:41.059+0000] {logging_mixin.py:190} INFO - [2024-11-03T01:02:41.058+0000] {dag.py:4180} INFO - Setting next_dagrun for example_subdag_operator to 2022-01-01 00:00:00+00:00, run_after=2022-01-01 00:00:00+00:00
[2024-11-03T01:02:41.062+0000] {logging_mixin.py:190} INFO - [2024-11-03T01:02:41.062+0000] {dag.py:4180} INFO - Setting next_dagrun for example_subdag_operator.section-1 to None, run_after=None
[2024-11-03T01:02:41.063+0000] {logging_mixin.py:190} INFO - [2024-11-03T01:02:41.063+0000] {dag.py:4180} INFO - Setting next_dagrun for example_subdag_operator.section-2 to None, run_after=None
[2024-11-03T01:02:41.069+0000] {logging_mixin.py:190} INFO - [2024-11-03T01:02:41.069+0000] {dag.py:3239} INFO - Sync 2 DAGs
[2024-11-03T01:02:41.074+0000] {logging_mixin.py:190} INFO - [2024-11-03T01:02:41.074+0000] {dag.py:4180} INFO - Setting next_dagrun for example_subdag_operator.section-1 to None, run_after=None
[2024-11-03T01:02:41.075+0000] {logging_mixin.py:190} INFO - [2024-11-03T01:02:41.075+0000] {dag.py:4180} INFO - Setting next_dagrun for example_subdag_operator.section-2 to None, run_after=None
[2024-11-03T01:02:41.085+0000] {processor.py:208} INFO - Processing /home/airflow/.local/lib/python3.12/site-packages/airflow/example_dags/example_subdag_operator.py took 0.088 seconds
[2024-11-03T01:03:11.399+0000] {processor.py:186} INFO - Started process (PID=1957) to work on /home/airflow/.local/lib/python3.12/site-packages/airflow/example_dags/example_subdag_operator.py
[2024-11-03T01:03:11.400+0000] {processor.py:914} INFO - Processing file /home/airflow/.local/lib/python3.12/site-packages/airflow/example_dags/example_subdag_operator.py for tasks to queue
[2024-11-03T01:03:11.403+0000] {logging_mixin.py:190} INFO - [2024-11-03T01:03:11.403+0000] {dagbag.py:588} INFO - Filling up the DagBag from /home/airflow/.local/lib/python3.12/site-packages/airflow/example_dags/example_subdag_operator.py
[2024-11-03T01:03:11.434+0000] {processor.py:925} INFO - DAG(s) 'example_subdag_operator.section-1', 'example_subdag_operator.section-2', 'example_subdag_operator' retrieved from /home/airflow/.local/lib/python3.12/site-packages/airflow/example_dags/example_subdag_operator.py
[2024-11-03T01:03:11.454+0000] {logging_mixin.py:190} INFO - [2024-11-03T01:03:11.454+0000] {dag.py:3239} INFO - Sync 3 DAGs
[2024-11-03T01:03:11.489+0000] {logging_mixin.py:190} INFO - [2024-11-03T01:03:11.489+0000] {dag.py:4180} INFO - Setting next_dagrun for example_subdag_operator to 2022-01-01 00:00:00+00:00, run_after=2022-01-01 00:00:00+00:00
[2024-11-03T01:03:11.499+0000] {logging_mixin.py:190} INFO - [2024-11-03T01:03:11.499+0000] {dag.py:4180} INFO - Setting next_dagrun for example_subdag_operator.section-1 to None, run_after=None
[2024-11-03T01:03:11.502+0000] {logging_mixin.py:190} INFO - [2024-11-03T01:03:11.502+0000] {dag.py:4180} INFO - Setting next_dagrun for example_subdag_operator.section-2 to None, run_after=None
[2024-11-03T01:03:11.514+0000] {logging_mixin.py:190} INFO - [2024-11-03T01:03:11.514+0000] {dag.py:3239} INFO - Sync 2 DAGs
[2024-11-03T01:03:11.522+0000] {logging_mixin.py:190} INFO - [2024-11-03T01:03:11.522+0000] {dag.py:4180} INFO - Setting next_dagrun for example_subdag_operator.section-1 to None, run_after=None
[2024-11-03T01:03:11.523+0000] {logging_mixin.py:190} INFO - [2024-11-03T01:03:11.523+0000] {dag.py:4180} INFO - Setting next_dagrun for example_subdag_operator.section-2 to None, run_after=None
[2024-11-03T01:03:11.541+0000] {processor.py:208} INFO - Processing /home/airflow/.local/lib/python3.12/site-packages/airflow/example_dags/example_subdag_operator.py took 0.146 seconds
[2024-11-03T01:03:41.981+0000] {processor.py:186} INFO - Started process (PID=2020) to work on /home/airflow/.local/lib/python3.12/site-packages/airflow/example_dags/example_subdag_operator.py
[2024-11-03T01:03:41.982+0000] {processor.py:914} INFO - Processing file /home/airflow/.local/lib/python3.12/site-packages/airflow/example_dags/example_subdag_operator.py for tasks to queue
[2024-11-03T01:03:41.984+0000] {logging_mixin.py:190} INFO - [2024-11-03T01:03:41.984+0000] {dagbag.py:588} INFO - Filling up the DagBag from /home/airflow/.local/lib/python3.12/site-packages/airflow/example_dags/example_subdag_operator.py
[2024-11-03T01:03:42.006+0000] {processor.py:925} INFO - DAG(s) 'example_subdag_operator.section-1', 'example_subdag_operator.section-2', 'example_subdag_operator' retrieved from /home/airflow/.local/lib/python3.12/site-packages/airflow/example_dags/example_subdag_operator.py
[2024-11-03T01:03:42.019+0000] {logging_mixin.py:190} INFO - [2024-11-03T01:03:42.019+0000] {dag.py:3239} INFO - Sync 3 DAGs
[2024-11-03T01:03:42.041+0000] {logging_mixin.py:190} INFO - [2024-11-03T01:03:42.040+0000] {dag.py:4180} INFO - Setting next_dagrun for example_subdag_operator to 2022-01-01 00:00:00+00:00, run_after=2022-01-01 00:00:00+00:00
[2024-11-03T01:03:42.044+0000] {logging_mixin.py:190} INFO - [2024-11-03T01:03:42.044+0000] {dag.py:4180} INFO - Setting next_dagrun for example_subdag_operator.section-1 to None, run_after=None
[2024-11-03T01:03:42.045+0000] {logging_mixin.py:190} INFO - [2024-11-03T01:03:42.045+0000] {dag.py:4180} INFO - Setting next_dagrun for example_subdag_operator.section-2 to None, run_after=None
[2024-11-03T01:03:42.051+0000] {logging_mixin.py:190} INFO - [2024-11-03T01:03:42.051+0000] {dag.py:3239} INFO - Sync 2 DAGs
[2024-11-03T01:03:42.056+0000] {logging_mixin.py:190} INFO - [2024-11-03T01:03:42.056+0000] {dag.py:4180} INFO - Setting next_dagrun for example_subdag_operator.section-1 to None, run_after=None
[2024-11-03T01:03:42.057+0000] {logging_mixin.py:190} INFO - [2024-11-03T01:03:42.057+0000] {dag.py:4180} INFO - Setting next_dagrun for example_subdag_operator.section-2 to None, run_after=None
[2024-11-03T01:03:42.067+0000] {processor.py:208} INFO - Processing /home/airflow/.local/lib/python3.12/site-packages/airflow/example_dags/example_subdag_operator.py took 0.090 seconds
[2024-11-03T01:04:12.965+0000] {processor.py:186} INFO - Started process (PID=2083) to work on /home/airflow/.local/lib/python3.12/site-packages/airflow/example_dags/example_subdag_operator.py
[2024-11-03T01:04:12.967+0000] {processor.py:914} INFO - Processing file /home/airflow/.local/lib/python3.12/site-packages/airflow/example_dags/example_subdag_operator.py for tasks to queue
[2024-11-03T01:04:12.970+0000] {logging_mixin.py:190} INFO - [2024-11-03T01:04:12.969+0000] {dagbag.py:588} INFO - Filling up the DagBag from /home/airflow/.local/lib/python3.12/site-packages/airflow/example_dags/example_subdag_operator.py
[2024-11-03T01:04:13.001+0000] {processor.py:925} INFO - DAG(s) 'example_subdag_operator.section-1', 'example_subdag_operator.section-2', 'example_subdag_operator' retrieved from /home/airflow/.local/lib/python3.12/site-packages/airflow/example_dags/example_subdag_operator.py
[2024-11-03T01:04:13.015+0000] {logging_mixin.py:190} INFO - [2024-11-03T01:04:13.015+0000] {dag.py:3239} INFO - Sync 3 DAGs
[2024-11-03T01:04:13.035+0000] {logging_mixin.py:190} INFO - [2024-11-03T01:04:13.035+0000] {dag.py:4180} INFO - Setting next_dagrun for example_subdag_operator to 2022-01-01 00:00:00+00:00, run_after=2022-01-01 00:00:00+00:00
[2024-11-03T01:04:13.039+0000] {logging_mixin.py:190} INFO - [2024-11-03T01:04:13.039+0000] {dag.py:4180} INFO - Setting next_dagrun for example_subdag_operator.section-1 to None, run_after=None
[2024-11-03T01:04:13.040+0000] {logging_mixin.py:190} INFO - [2024-11-03T01:04:13.040+0000] {dag.py:4180} INFO - Setting next_dagrun for example_subdag_operator.section-2 to None, run_after=None
[2024-11-03T01:04:13.046+0000] {logging_mixin.py:190} INFO - [2024-11-03T01:04:13.046+0000] {dag.py:3239} INFO - Sync 2 DAGs
[2024-11-03T01:04:13.052+0000] {logging_mixin.py:190} INFO - [2024-11-03T01:04:13.052+0000] {dag.py:4180} INFO - Setting next_dagrun for example_subdag_operator.section-1 to None, run_after=None
[2024-11-03T01:04:13.053+0000] {logging_mixin.py:190} INFO - [2024-11-03T01:04:13.053+0000] {dag.py:4180} INFO - Setting next_dagrun for example_subdag_operator.section-2 to None, run_after=None
[2024-11-03T01:04:13.063+0000] {processor.py:208} INFO - Processing /home/airflow/.local/lib/python3.12/site-packages/airflow/example_dags/example_subdag_operator.py took 0.106 seconds
[2024-11-03T01:04:43.655+0000] {processor.py:186} INFO - Started process (PID=2146) to work on /home/airflow/.local/lib/python3.12/site-packages/airflow/example_dags/example_subdag_operator.py
[2024-11-03T01:04:43.655+0000] {processor.py:914} INFO - Processing file /home/airflow/.local/lib/python3.12/site-packages/airflow/example_dags/example_subdag_operator.py for tasks to queue
[2024-11-03T01:04:43.657+0000] {logging_mixin.py:190} INFO - [2024-11-03T01:04:43.657+0000] {dagbag.py:588} INFO - Filling up the DagBag from /home/airflow/.local/lib/python3.12/site-packages/airflow/example_dags/example_subdag_operator.py
[2024-11-03T01:04:43.678+0000] {processor.py:925} INFO - DAG(s) 'example_subdag_operator.section-1', 'example_subdag_operator.section-2', 'example_subdag_operator' retrieved from /home/airflow/.local/lib/python3.12/site-packages/airflow/example_dags/example_subdag_operator.py
[2024-11-03T01:04:43.692+0000] {logging_mixin.py:190} INFO - [2024-11-03T01:04:43.692+0000] {dag.py:3239} INFO - Sync 3 DAGs
[2024-11-03T01:04:43.711+0000] {logging_mixin.py:190} INFO - [2024-11-03T01:04:43.711+0000] {dag.py:4180} INFO - Setting next_dagrun for example_subdag_operator to 2022-01-01 00:00:00+00:00, run_after=2022-01-01 00:00:00+00:00
[2024-11-03T01:04:43.715+0000] {logging_mixin.py:190} INFO - [2024-11-03T01:04:43.714+0000] {dag.py:4180} INFO - Setting next_dagrun for example_subdag_operator.section-1 to None, run_after=None
[2024-11-03T01:04:43.716+0000] {logging_mixin.py:190} INFO - [2024-11-03T01:04:43.716+0000] {dag.py:4180} INFO - Setting next_dagrun for example_subdag_operator.section-2 to None, run_after=None
[2024-11-03T01:04:43.723+0000] {logging_mixin.py:190} INFO - [2024-11-03T01:04:43.723+0000] {dag.py:3239} INFO - Sync 2 DAGs
[2024-11-03T01:04:43.728+0000] {logging_mixin.py:190} INFO - [2024-11-03T01:04:43.728+0000] {dag.py:4180} INFO - Setting next_dagrun for example_subdag_operator.section-1 to None, run_after=None
[2024-11-03T01:04:43.729+0000] {logging_mixin.py:190} INFO - [2024-11-03T01:04:43.728+0000] {dag.py:4180} INFO - Setting next_dagrun for example_subdag_operator.section-2 to None, run_after=None
[2024-11-03T01:04:43.738+0000] {processor.py:208} INFO - Processing /home/airflow/.local/lib/python3.12/site-packages/airflow/example_dags/example_subdag_operator.py took 0.087 seconds
[2024-11-03T01:05:14.159+0000] {processor.py:186} INFO - Started process (PID=2209) to work on /home/airflow/.local/lib/python3.12/site-packages/airflow/example_dags/example_subdag_operator.py
[2024-11-03T01:05:14.159+0000] {processor.py:914} INFO - Processing file /home/airflow/.local/lib/python3.12/site-packages/airflow/example_dags/example_subdag_operator.py for tasks to queue
[2024-11-03T01:05:14.161+0000] {logging_mixin.py:190} INFO - [2024-11-03T01:05:14.161+0000] {dagbag.py:588} INFO - Filling up the DagBag from /home/airflow/.local/lib/python3.12/site-packages/airflow/example_dags/example_subdag_operator.py
[2024-11-03T01:05:14.183+0000] {processor.py:925} INFO - DAG(s) 'example_subdag_operator.section-1', 'example_subdag_operator.section-2', 'example_subdag_operator' retrieved from /home/airflow/.local/lib/python3.12/site-packages/airflow/example_dags/example_subdag_operator.py
[2024-11-03T01:05:14.199+0000] {logging_mixin.py:190} INFO - [2024-11-03T01:05:14.199+0000] {dag.py:3239} INFO - Sync 3 DAGs
[2024-11-03T01:05:14.221+0000] {logging_mixin.py:190} INFO - [2024-11-03T01:05:14.221+0000] {dag.py:4180} INFO - Setting next_dagrun for example_subdag_operator to 2022-01-01 00:00:00+00:00, run_after=2022-01-01 00:00:00+00:00
[2024-11-03T01:05:14.225+0000] {logging_mixin.py:190} INFO - [2024-11-03T01:05:14.225+0000] {dag.py:4180} INFO - Setting next_dagrun for example_subdag_operator.section-1 to None, run_after=None
[2024-11-03T01:05:14.227+0000] {logging_mixin.py:190} INFO - [2024-11-03T01:05:14.227+0000] {dag.py:4180} INFO - Setting next_dagrun for example_subdag_operator.section-2 to None, run_after=None
[2024-11-03T01:05:14.234+0000] {logging_mixin.py:190} INFO - [2024-11-03T01:05:14.234+0000] {dag.py:3239} INFO - Sync 2 DAGs
[2024-11-03T01:05:14.240+0000] {logging_mixin.py:190} INFO - [2024-11-03T01:05:14.240+0000] {dag.py:4180} INFO - Setting next_dagrun for example_subdag_operator.section-1 to None, run_after=None
[2024-11-03T01:05:14.241+0000] {logging_mixin.py:190} INFO - [2024-11-03T01:05:14.241+0000] {dag.py:4180} INFO - Setting next_dagrun for example_subdag_operator.section-2 to None, run_after=None
[2024-11-03T01:05:14.252+0000] {processor.py:208} INFO - Processing /home/airflow/.local/lib/python3.12/site-packages/airflow/example_dags/example_subdag_operator.py took 0.099 seconds
[2024-11-03T01:05:44.780+0000] {processor.py:186} INFO - Started process (PID=2272) to work on /home/airflow/.local/lib/python3.12/site-packages/airflow/example_dags/example_subdag_operator.py
[2024-11-03T01:05:44.780+0000] {processor.py:914} INFO - Processing file /home/airflow/.local/lib/python3.12/site-packages/airflow/example_dags/example_subdag_operator.py for tasks to queue
[2024-11-03T01:05:44.782+0000] {logging_mixin.py:190} INFO - [2024-11-03T01:05:44.782+0000] {dagbag.py:588} INFO - Filling up the DagBag from /home/airflow/.local/lib/python3.12/site-packages/airflow/example_dags/example_subdag_operator.py
[2024-11-03T01:05:44.802+0000] {processor.py:925} INFO - DAG(s) 'example_subdag_operator.section-1', 'example_subdag_operator.section-2', 'example_subdag_operator' retrieved from /home/airflow/.local/lib/python3.12/site-packages/airflow/example_dags/example_subdag_operator.py
[2024-11-03T01:05:44.814+0000] {logging_mixin.py:190} INFO - [2024-11-03T01:05:44.814+0000] {dag.py:3239} INFO - Sync 3 DAGs
[2024-11-03T01:05:44.833+0000] {logging_mixin.py:190} INFO - [2024-11-03T01:05:44.833+0000] {dag.py:4180} INFO - Setting next_dagrun for example_subdag_operator to 2022-01-01 00:00:00+00:00, run_after=2022-01-01 00:00:00+00:00
[2024-11-03T01:05:44.836+0000] {logging_mixin.py:190} INFO - [2024-11-03T01:05:44.836+0000] {dag.py:4180} INFO - Setting next_dagrun for example_subdag_operator.section-1 to None, run_after=None
[2024-11-03T01:05:44.838+0000] {logging_mixin.py:190} INFO - [2024-11-03T01:05:44.837+0000] {dag.py:4180} INFO - Setting next_dagrun for example_subdag_operator.section-2 to None, run_after=None
[2024-11-03T01:05:44.843+0000] {logging_mixin.py:190} INFO - [2024-11-03T01:05:44.843+0000] {dag.py:3239} INFO - Sync 2 DAGs
[2024-11-03T01:05:44.847+0000] {logging_mixin.py:190} INFO - [2024-11-03T01:05:44.847+0000] {dag.py:4180} INFO - Setting next_dagrun for example_subdag_operator.section-1 to None, run_after=None
[2024-11-03T01:05:44.848+0000] {logging_mixin.py:190} INFO - [2024-11-03T01:05:44.848+0000] {dag.py:4180} INFO - Setting next_dagrun for example_subdag_operator.section-2 to None, run_after=None
[2024-11-03T01:05:44.857+0000] {processor.py:208} INFO - Processing /home/airflow/.local/lib/python3.12/site-packages/airflow/example_dags/example_subdag_operator.py took 0.081 seconds
[2024-11-03T01:06:15.227+0000] {processor.py:186} INFO - Started process (PID=2335) to work on /home/airflow/.local/lib/python3.12/site-packages/airflow/example_dags/example_subdag_operator.py
[2024-11-03T01:06:15.228+0000] {processor.py:914} INFO - Processing file /home/airflow/.local/lib/python3.12/site-packages/airflow/example_dags/example_subdag_operator.py for tasks to queue
[2024-11-03T01:06:15.230+0000] {logging_mixin.py:190} INFO - [2024-11-03T01:06:15.229+0000] {dagbag.py:588} INFO - Filling up the DagBag from /home/airflow/.local/lib/python3.12/site-packages/airflow/example_dags/example_subdag_operator.py
[2024-11-03T01:06:15.251+0000] {processor.py:925} INFO - DAG(s) 'example_subdag_operator.section-1', 'example_subdag_operator.section-2', 'example_subdag_operator' retrieved from /home/airflow/.local/lib/python3.12/site-packages/airflow/example_dags/example_subdag_operator.py
[2024-11-03T01:06:15.264+0000] {logging_mixin.py:190} INFO - [2024-11-03T01:06:15.264+0000] {dag.py:3239} INFO - Sync 3 DAGs
[2024-11-03T01:06:15.284+0000] {logging_mixin.py:190} INFO - [2024-11-03T01:06:15.284+0000] {dag.py:4180} INFO - Setting next_dagrun for example_subdag_operator to 2022-01-01 00:00:00+00:00, run_after=2022-01-01 00:00:00+00:00
[2024-11-03T01:06:15.287+0000] {logging_mixin.py:190} INFO - [2024-11-03T01:06:15.287+0000] {dag.py:4180} INFO - Setting next_dagrun for example_subdag_operator.section-1 to None, run_after=None
[2024-11-03T01:06:15.289+0000] {logging_mixin.py:190} INFO - [2024-11-03T01:06:15.289+0000] {dag.py:4180} INFO - Setting next_dagrun for example_subdag_operator.section-2 to None, run_after=None
[2024-11-03T01:06:15.294+0000] {logging_mixin.py:190} INFO - [2024-11-03T01:06:15.294+0000] {dag.py:3239} INFO - Sync 2 DAGs
[2024-11-03T01:06:15.299+0000] {logging_mixin.py:190} INFO - [2024-11-03T01:06:15.299+0000] {dag.py:4180} INFO - Setting next_dagrun for example_subdag_operator.section-1 to None, run_after=None
[2024-11-03T01:06:15.300+0000] {logging_mixin.py:190} INFO - [2024-11-03T01:06:15.299+0000] {dag.py:4180} INFO - Setting next_dagrun for example_subdag_operator.section-2 to None, run_after=None
[2024-11-03T01:06:15.309+0000] {processor.py:208} INFO - Processing /home/airflow/.local/lib/python3.12/site-packages/airflow/example_dags/example_subdag_operator.py took 0.087 seconds
