[2024-11-03T00:00:02.469+0000] {processor.py:186} INFO - Started process (PID=769) to work on /home/airflow/.local/lib/python3.12/site-packages/airflow/example_dags/example_python_operator.py
[2024-11-03T00:00:02.470+0000] {processor.py:914} INFO - Processing file /home/airflow/.local/lib/python3.12/site-packages/airflow/example_dags/example_python_operator.py for tasks to queue
[2024-11-03T00:00:02.472+0000] {logging_mixin.py:190} INFO - [2024-11-03T00:00:02.472+0000] {dagbag.py:588} INFO - Filling up the DagBag from /home/airflow/.local/lib/python3.12/site-packages/airflow/example_dags/example_python_operator.py
[2024-11-03T00:00:02.482+0000] {processor.py:925} INFO - DAG(s) 'example_python_operator' retrieved from /home/airflow/.local/lib/python3.12/site-packages/airflow/example_dags/example_python_operator.py
[2024-11-03T00:00:02.501+0000] {logging_mixin.py:190} INFO - [2024-11-03T00:00:02.501+0000] {dag.py:3239} INFO - Sync 1 DAGs
[2024-11-03T00:00:02.515+0000] {logging_mixin.py:190} INFO - [2024-11-03T00:00:02.514+0000] {dag.py:4180} INFO - Setting next_dagrun for example_python_operator to None, run_after=None
[2024-11-03T00:00:02.533+0000] {processor.py:208} INFO - Processing /home/airflow/.local/lib/python3.12/site-packages/airflow/example_dags/example_python_operator.py took 0.068 seconds
[2024-11-03T00:00:32.960+0000] {processor.py:186} INFO - Started process (PID=832) to work on /home/airflow/.local/lib/python3.12/site-packages/airflow/example_dags/example_python_operator.py
[2024-11-03T00:00:32.961+0000] {processor.py:914} INFO - Processing file /home/airflow/.local/lib/python3.12/site-packages/airflow/example_dags/example_python_operator.py for tasks to queue
[2024-11-03T00:00:32.963+0000] {logging_mixin.py:190} INFO - [2024-11-03T00:00:32.963+0000] {dagbag.py:588} INFO - Filling up the DagBag from /home/airflow/.local/lib/python3.12/site-packages/airflow/example_dags/example_python_operator.py
[2024-11-03T00:00:32.973+0000] {processor.py:925} INFO - DAG(s) 'example_python_operator' retrieved from /home/airflow/.local/lib/python3.12/site-packages/airflow/example_dags/example_python_operator.py
[2024-11-03T00:00:32.993+0000] {logging_mixin.py:190} INFO - [2024-11-03T00:00:32.992+0000] {dag.py:3239} INFO - Sync 1 DAGs
[2024-11-03T00:00:33.005+0000] {logging_mixin.py:190} INFO - [2024-11-03T00:00:33.005+0000] {dag.py:4180} INFO - Setting next_dagrun for example_python_operator to None, run_after=None
[2024-11-03T00:00:33.020+0000] {processor.py:208} INFO - Processing /home/airflow/.local/lib/python3.12/site-packages/airflow/example_dags/example_python_operator.py took 0.064 seconds
[2024-11-03T00:01:03.495+0000] {processor.py:186} INFO - Started process (PID=894) to work on /home/airflow/.local/lib/python3.12/site-packages/airflow/example_dags/example_python_operator.py
[2024-11-03T00:01:03.496+0000] {processor.py:914} INFO - Processing file /home/airflow/.local/lib/python3.12/site-packages/airflow/example_dags/example_python_operator.py for tasks to queue
[2024-11-03T00:01:03.498+0000] {logging_mixin.py:190} INFO - [2024-11-03T00:01:03.498+0000] {dagbag.py:588} INFO - Filling up the DagBag from /home/airflow/.local/lib/python3.12/site-packages/airflow/example_dags/example_python_operator.py
[2024-11-03T00:01:03.508+0000] {processor.py:925} INFO - DAG(s) 'example_python_operator' retrieved from /home/airflow/.local/lib/python3.12/site-packages/airflow/example_dags/example_python_operator.py
[2024-11-03T00:01:03.526+0000] {logging_mixin.py:190} INFO - [2024-11-03T00:01:03.525+0000] {dag.py:3239} INFO - Sync 1 DAGs
[2024-11-03T00:01:03.538+0000] {logging_mixin.py:190} INFO - [2024-11-03T00:01:03.537+0000] {dag.py:4180} INFO - Setting next_dagrun for example_python_operator to None, run_after=None
[2024-11-03T00:01:03.554+0000] {processor.py:208} INFO - Processing /home/airflow/.local/lib/python3.12/site-packages/airflow/example_dags/example_python_operator.py took 0.063 seconds
[2024-11-03T00:01:34.577+0000] {processor.py:186} INFO - Started process (PID=958) to work on /home/airflow/.local/lib/python3.12/site-packages/airflow/example_dags/example_python_operator.py
[2024-11-03T00:01:34.578+0000] {processor.py:914} INFO - Processing file /home/airflow/.local/lib/python3.12/site-packages/airflow/example_dags/example_python_operator.py for tasks to queue
[2024-11-03T00:01:34.580+0000] {logging_mixin.py:190} INFO - [2024-11-03T00:01:34.579+0000] {dagbag.py:588} INFO - Filling up the DagBag from /home/airflow/.local/lib/python3.12/site-packages/airflow/example_dags/example_python_operator.py
[2024-11-03T00:01:34.589+0000] {processor.py:925} INFO - DAG(s) 'example_python_operator' retrieved from /home/airflow/.local/lib/python3.12/site-packages/airflow/example_dags/example_python_operator.py
[2024-11-03T00:01:34.609+0000] {logging_mixin.py:190} INFO - [2024-11-03T00:01:34.609+0000] {dag.py:3239} INFO - Sync 1 DAGs
[2024-11-03T00:01:34.621+0000] {logging_mixin.py:190} INFO - [2024-11-03T00:01:34.621+0000] {dag.py:4180} INFO - Setting next_dagrun for example_python_operator to None, run_after=None
[2024-11-03T00:01:34.637+0000] {processor.py:208} INFO - Processing /home/airflow/.local/lib/python3.12/site-packages/airflow/example_dags/example_python_operator.py took 0.065 seconds
[2024-11-03T00:48:01.284+0000] {processor.py:186} INFO - Started process (PID=68) to work on /home/airflow/.local/lib/python3.12/site-packages/airflow/example_dags/example_python_operator.py
[2024-11-03T00:48:01.286+0000] {processor.py:914} INFO - Processing file /home/airflow/.local/lib/python3.12/site-packages/airflow/example_dags/example_python_operator.py for tasks to queue
[2024-11-03T00:48:01.288+0000] {logging_mixin.py:190} INFO - [2024-11-03T00:48:01.288+0000] {dagbag.py:588} INFO - Filling up the DagBag from /home/airflow/.local/lib/python3.12/site-packages/airflow/example_dags/example_python_operator.py
[2024-11-03T00:48:01.306+0000] {processor.py:925} INFO - DAG(s) 'example_python_operator' retrieved from /home/airflow/.local/lib/python3.12/site-packages/airflow/example_dags/example_python_operator.py
[2024-11-03T00:48:01.454+0000] {logging_mixin.py:190} INFO - [2024-11-03T00:48:01.454+0000] {override.py:1900} INFO - Created Permission View: can delete on DAG:example_python_operator
[2024-11-03T00:48:01.479+0000] {logging_mixin.py:190} INFO - [2024-11-03T00:48:01.478+0000] {override.py:1900} INFO - Created Permission View: can edit on DAG:example_python_operator
[2024-11-03T00:48:01.500+0000] {logging_mixin.py:190} INFO - [2024-11-03T00:48:01.500+0000] {override.py:1900} INFO - Created Permission View: can read on DAG:example_python_operator
[2024-11-03T00:48:01.544+0000] {logging_mixin.py:190} INFO - [2024-11-03T00:48:01.543+0000] {override.py:1900} INFO - Created Permission View: can create on DAG Run:example_python_operator
[2024-11-03T00:48:01.575+0000] {logging_mixin.py:190} INFO - [2024-11-03T00:48:01.574+0000] {override.py:1900} INFO - Created Permission View: can delete on DAG Run:example_python_operator
[2024-11-03T00:48:01.610+0000] {logging_mixin.py:190} INFO - [2024-11-03T00:48:01.609+0000] {override.py:1900} INFO - Created Permission View: menu access on DAG Run:example_python_operator
[2024-11-03T00:48:01.629+0000] {logging_mixin.py:190} INFO - [2024-11-03T00:48:01.629+0000] {override.py:1900} INFO - Created Permission View: can read on DAG Run:example_python_operator
[2024-11-03T00:48:01.630+0000] {logging_mixin.py:190} INFO - [2024-11-03T00:48:01.630+0000] {dag.py:3239} INFO - Sync 1 DAGs
[2024-11-03T00:48:01.641+0000] {logging_mixin.py:190} INFO - [2024-11-03T00:48:01.641+0000] {dag.py:3262} INFO - Creating ORM DAG for example_python_operator
[2024-11-03T00:48:01.642+0000] {logging_mixin.py:190} INFO - [2024-11-03T00:48:01.642+0000] {dag.py:4180} INFO - Setting next_dagrun for example_python_operator to None, run_after=None
[2024-11-03T00:48:01.693+0000] {processor.py:208} INFO - Processing /home/airflow/.local/lib/python3.12/site-packages/airflow/example_dags/example_python_operator.py took 0.413 seconds
[2024-11-03T00:48:32.347+0000] {processor.py:186} INFO - Started process (PID=136) to work on /home/airflow/.local/lib/python3.12/site-packages/airflow/example_dags/example_python_operator.py
[2024-11-03T00:48:32.348+0000] {processor.py:914} INFO - Processing file /home/airflow/.local/lib/python3.12/site-packages/airflow/example_dags/example_python_operator.py for tasks to queue
[2024-11-03T00:48:32.350+0000] {logging_mixin.py:190} INFO - [2024-11-03T00:48:32.349+0000] {dagbag.py:588} INFO - Filling up the DagBag from /home/airflow/.local/lib/python3.12/site-packages/airflow/example_dags/example_python_operator.py
[2024-11-03T00:48:32.359+0000] {processor.py:925} INFO - DAG(s) 'example_python_operator' retrieved from /home/airflow/.local/lib/python3.12/site-packages/airflow/example_dags/example_python_operator.py
[2024-11-03T00:48:32.377+0000] {logging_mixin.py:190} INFO - [2024-11-03T00:48:32.377+0000] {dag.py:3239} INFO - Sync 1 DAGs
[2024-11-03T00:48:32.389+0000] {logging_mixin.py:190} INFO - [2024-11-03T00:48:32.389+0000] {dag.py:4180} INFO - Setting next_dagrun for example_python_operator to None, run_after=None
[2024-11-03T00:48:32.404+0000] {processor.py:208} INFO - Processing /home/airflow/.local/lib/python3.12/site-packages/airflow/example_dags/example_python_operator.py took 0.061 seconds
[2024-11-03T00:49:02.620+0000] {processor.py:186} INFO - Started process (PID=199) to work on /home/airflow/.local/lib/python3.12/site-packages/airflow/example_dags/example_python_operator.py
[2024-11-03T00:49:02.621+0000] {processor.py:914} INFO - Processing file /home/airflow/.local/lib/python3.12/site-packages/airflow/example_dags/example_python_operator.py for tasks to queue
[2024-11-03T00:49:02.623+0000] {logging_mixin.py:190} INFO - [2024-11-03T00:49:02.623+0000] {dagbag.py:588} INFO - Filling up the DagBag from /home/airflow/.local/lib/python3.12/site-packages/airflow/example_dags/example_python_operator.py
[2024-11-03T00:49:02.632+0000] {processor.py:925} INFO - DAG(s) 'example_python_operator' retrieved from /home/airflow/.local/lib/python3.12/site-packages/airflow/example_dags/example_python_operator.py
[2024-11-03T00:49:02.651+0000] {logging_mixin.py:190} INFO - [2024-11-03T00:49:02.651+0000] {dag.py:3239} INFO - Sync 1 DAGs
[2024-11-03T00:49:02.664+0000] {logging_mixin.py:190} INFO - [2024-11-03T00:49:02.663+0000] {dag.py:4180} INFO - Setting next_dagrun for example_python_operator to None, run_after=None
[2024-11-03T00:49:02.679+0000] {processor.py:208} INFO - Processing /home/airflow/.local/lib/python3.12/site-packages/airflow/example_dags/example_python_operator.py took 0.063 seconds
[2024-11-03T00:49:33.083+0000] {processor.py:186} INFO - Started process (PID=262) to work on /home/airflow/.local/lib/python3.12/site-packages/airflow/example_dags/example_python_operator.py
[2024-11-03T00:49:33.084+0000] {processor.py:914} INFO - Processing file /home/airflow/.local/lib/python3.12/site-packages/airflow/example_dags/example_python_operator.py for tasks to queue
[2024-11-03T00:49:33.085+0000] {logging_mixin.py:190} INFO - [2024-11-03T00:49:33.085+0000] {dagbag.py:588} INFO - Filling up the DagBag from /home/airflow/.local/lib/python3.12/site-packages/airflow/example_dags/example_python_operator.py
[2024-11-03T00:49:33.096+0000] {processor.py:925} INFO - DAG(s) 'example_python_operator' retrieved from /home/airflow/.local/lib/python3.12/site-packages/airflow/example_dags/example_python_operator.py
[2024-11-03T00:49:33.116+0000] {logging_mixin.py:190} INFO - [2024-11-03T00:49:33.116+0000] {dag.py:3239} INFO - Sync 1 DAGs
[2024-11-03T00:49:33.129+0000] {logging_mixin.py:190} INFO - [2024-11-03T00:49:33.129+0000] {dag.py:4180} INFO - Setting next_dagrun for example_python_operator to None, run_after=None
[2024-11-03T00:49:33.151+0000] {processor.py:208} INFO - Processing /home/airflow/.local/lib/python3.12/site-packages/airflow/example_dags/example_python_operator.py took 0.072 seconds
[2024-11-03T00:50:03.524+0000] {processor.py:186} INFO - Started process (PID=325) to work on /home/airflow/.local/lib/python3.12/site-packages/airflow/example_dags/example_python_operator.py
[2024-11-03T00:50:03.525+0000] {processor.py:914} INFO - Processing file /home/airflow/.local/lib/python3.12/site-packages/airflow/example_dags/example_python_operator.py for tasks to queue
[2024-11-03T00:50:03.528+0000] {logging_mixin.py:190} INFO - [2024-11-03T00:50:03.527+0000] {dagbag.py:588} INFO - Filling up the DagBag from /home/airflow/.local/lib/python3.12/site-packages/airflow/example_dags/example_python_operator.py
[2024-11-03T00:50:03.542+0000] {processor.py:925} INFO - DAG(s) 'example_python_operator' retrieved from /home/airflow/.local/lib/python3.12/site-packages/airflow/example_dags/example_python_operator.py
[2024-11-03T00:50:03.564+0000] {logging_mixin.py:190} INFO - [2024-11-03T00:50:03.564+0000] {dag.py:3239} INFO - Sync 1 DAGs
[2024-11-03T00:50:03.577+0000] {logging_mixin.py:190} INFO - [2024-11-03T00:50:03.577+0000] {dag.py:4180} INFO - Setting next_dagrun for example_python_operator to None, run_after=None
[2024-11-03T00:50:03.594+0000] {processor.py:208} INFO - Processing /home/airflow/.local/lib/python3.12/site-packages/airflow/example_dags/example_python_operator.py took 0.076 seconds
[2024-11-03T00:50:34.082+0000] {processor.py:186} INFO - Started process (PID=388) to work on /home/airflow/.local/lib/python3.12/site-packages/airflow/example_dags/example_python_operator.py
[2024-11-03T00:50:34.083+0000] {processor.py:914} INFO - Processing file /home/airflow/.local/lib/python3.12/site-packages/airflow/example_dags/example_python_operator.py for tasks to queue
[2024-11-03T00:50:34.085+0000] {logging_mixin.py:190} INFO - [2024-11-03T00:50:34.085+0000] {dagbag.py:588} INFO - Filling up the DagBag from /home/airflow/.local/lib/python3.12/site-packages/airflow/example_dags/example_python_operator.py
[2024-11-03T00:50:34.097+0000] {processor.py:925} INFO - DAG(s) 'example_python_operator' retrieved from /home/airflow/.local/lib/python3.12/site-packages/airflow/example_dags/example_python_operator.py
[2024-11-03T00:50:34.117+0000] {logging_mixin.py:190} INFO - [2024-11-03T00:50:34.117+0000] {dag.py:3239} INFO - Sync 1 DAGs
[2024-11-03T00:50:34.130+0000] {logging_mixin.py:190} INFO - [2024-11-03T00:50:34.130+0000] {dag.py:4180} INFO - Setting next_dagrun for example_python_operator to None, run_after=None
[2024-11-03T00:50:34.145+0000] {processor.py:208} INFO - Processing /home/airflow/.local/lib/python3.12/site-packages/airflow/example_dags/example_python_operator.py took 0.068 seconds
[2024-11-03T00:51:04.526+0000] {processor.py:186} INFO - Started process (PID=451) to work on /home/airflow/.local/lib/python3.12/site-packages/airflow/example_dags/example_python_operator.py
[2024-11-03T00:51:04.528+0000] {processor.py:914} INFO - Processing file /home/airflow/.local/lib/python3.12/site-packages/airflow/example_dags/example_python_operator.py for tasks to queue
[2024-11-03T00:51:04.531+0000] {logging_mixin.py:190} INFO - [2024-11-03T00:51:04.531+0000] {dagbag.py:588} INFO - Filling up the DagBag from /home/airflow/.local/lib/python3.12/site-packages/airflow/example_dags/example_python_operator.py
[2024-11-03T00:51:04.548+0000] {processor.py:925} INFO - DAG(s) 'example_python_operator' retrieved from /home/airflow/.local/lib/python3.12/site-packages/airflow/example_dags/example_python_operator.py
[2024-11-03T00:51:04.573+0000] {logging_mixin.py:190} INFO - [2024-11-03T00:51:04.573+0000] {dag.py:3239} INFO - Sync 1 DAGs
[2024-11-03T00:51:04.588+0000] {logging_mixin.py:190} INFO - [2024-11-03T00:51:04.588+0000] {dag.py:4180} INFO - Setting next_dagrun for example_python_operator to None, run_after=None
[2024-11-03T00:51:04.607+0000] {processor.py:208} INFO - Processing /home/airflow/.local/lib/python3.12/site-packages/airflow/example_dags/example_python_operator.py took 0.087 seconds
[2024-11-03T00:51:34.981+0000] {processor.py:186} INFO - Started process (PID=514) to work on /home/airflow/.local/lib/python3.12/site-packages/airflow/example_dags/example_python_operator.py
[2024-11-03T00:51:34.982+0000] {processor.py:914} INFO - Processing file /home/airflow/.local/lib/python3.12/site-packages/airflow/example_dags/example_python_operator.py for tasks to queue
[2024-11-03T00:51:34.984+0000] {logging_mixin.py:190} INFO - [2024-11-03T00:51:34.984+0000] {dagbag.py:588} INFO - Filling up the DagBag from /home/airflow/.local/lib/python3.12/site-packages/airflow/example_dags/example_python_operator.py
[2024-11-03T00:51:34.993+0000] {processor.py:925} INFO - DAG(s) 'example_python_operator' retrieved from /home/airflow/.local/lib/python3.12/site-packages/airflow/example_dags/example_python_operator.py
[2024-11-03T00:51:35.013+0000] {logging_mixin.py:190} INFO - [2024-11-03T00:51:35.013+0000] {dag.py:3239} INFO - Sync 1 DAGs
[2024-11-03T00:51:35.025+0000] {logging_mixin.py:190} INFO - [2024-11-03T00:51:35.025+0000] {dag.py:4180} INFO - Setting next_dagrun for example_python_operator to None, run_after=None
[2024-11-03T00:51:35.041+0000] {processor.py:208} INFO - Processing /home/airflow/.local/lib/python3.12/site-packages/airflow/example_dags/example_python_operator.py took 0.064 seconds
[2024-11-03T00:52:05.480+0000] {processor.py:186} INFO - Started process (PID=577) to work on /home/airflow/.local/lib/python3.12/site-packages/airflow/example_dags/example_python_operator.py
[2024-11-03T00:52:05.481+0000] {processor.py:914} INFO - Processing file /home/airflow/.local/lib/python3.12/site-packages/airflow/example_dags/example_python_operator.py for tasks to queue
[2024-11-03T00:52:05.482+0000] {logging_mixin.py:190} INFO - [2024-11-03T00:52:05.482+0000] {dagbag.py:588} INFO - Filling up the DagBag from /home/airflow/.local/lib/python3.12/site-packages/airflow/example_dags/example_python_operator.py
[2024-11-03T00:52:05.491+0000] {processor.py:925} INFO - DAG(s) 'example_python_operator' retrieved from /home/airflow/.local/lib/python3.12/site-packages/airflow/example_dags/example_python_operator.py
[2024-11-03T00:52:05.511+0000] {logging_mixin.py:190} INFO - [2024-11-03T00:52:05.510+0000] {dag.py:3239} INFO - Sync 1 DAGs
[2024-11-03T00:52:05.522+0000] {logging_mixin.py:190} INFO - [2024-11-03T00:52:05.522+0000] {dag.py:4180} INFO - Setting next_dagrun for example_python_operator to None, run_after=None
[2024-11-03T00:52:05.538+0000] {processor.py:208} INFO - Processing /home/airflow/.local/lib/python3.12/site-packages/airflow/example_dags/example_python_operator.py took 0.063 seconds
[2024-11-03T00:52:35.860+0000] {processor.py:186} INFO - Started process (PID=640) to work on /home/airflow/.local/lib/python3.12/site-packages/airflow/example_dags/example_python_operator.py
[2024-11-03T00:52:35.861+0000] {processor.py:914} INFO - Processing file /home/airflow/.local/lib/python3.12/site-packages/airflow/example_dags/example_python_operator.py for tasks to queue
[2024-11-03T00:52:35.863+0000] {logging_mixin.py:190} INFO - [2024-11-03T00:52:35.863+0000] {dagbag.py:588} INFO - Filling up the DagBag from /home/airflow/.local/lib/python3.12/site-packages/airflow/example_dags/example_python_operator.py
[2024-11-03T00:52:35.872+0000] {processor.py:925} INFO - DAG(s) 'example_python_operator' retrieved from /home/airflow/.local/lib/python3.12/site-packages/airflow/example_dags/example_python_operator.py
[2024-11-03T00:52:35.891+0000] {logging_mixin.py:190} INFO - [2024-11-03T00:52:35.890+0000] {dag.py:3239} INFO - Sync 1 DAGs
[2024-11-03T00:52:35.903+0000] {logging_mixin.py:190} INFO - [2024-11-03T00:52:35.903+0000] {dag.py:4180} INFO - Setting next_dagrun for example_python_operator to None, run_after=None
[2024-11-03T00:52:35.918+0000] {processor.py:208} INFO - Processing /home/airflow/.local/lib/python3.12/site-packages/airflow/example_dags/example_python_operator.py took 0.063 seconds
[2024-11-03T00:53:06.165+0000] {processor.py:186} INFO - Started process (PID=703) to work on /home/airflow/.local/lib/python3.12/site-packages/airflow/example_dags/example_python_operator.py
[2024-11-03T00:53:06.167+0000] {processor.py:914} INFO - Processing file /home/airflow/.local/lib/python3.12/site-packages/airflow/example_dags/example_python_operator.py for tasks to queue
[2024-11-03T00:53:06.169+0000] {logging_mixin.py:190} INFO - [2024-11-03T00:53:06.168+0000] {dagbag.py:588} INFO - Filling up the DagBag from /home/airflow/.local/lib/python3.12/site-packages/airflow/example_dags/example_python_operator.py
[2024-11-03T00:53:06.180+0000] {processor.py:925} INFO - DAG(s) 'example_python_operator' retrieved from /home/airflow/.local/lib/python3.12/site-packages/airflow/example_dags/example_python_operator.py
[2024-11-03T00:53:06.201+0000] {logging_mixin.py:190} INFO - [2024-11-03T00:53:06.201+0000] {dag.py:3239} INFO - Sync 1 DAGs
[2024-11-03T00:53:06.214+0000] {logging_mixin.py:190} INFO - [2024-11-03T00:53:06.214+0000] {dag.py:4180} INFO - Setting next_dagrun for example_python_operator to None, run_after=None
[2024-11-03T00:53:06.230+0000] {processor.py:208} INFO - Processing /home/airflow/.local/lib/python3.12/site-packages/airflow/example_dags/example_python_operator.py took 0.071 seconds
[2024-11-03T00:53:36.420+0000] {processor.py:186} INFO - Started process (PID=766) to work on /home/airflow/.local/lib/python3.12/site-packages/airflow/example_dags/example_python_operator.py
[2024-11-03T00:53:36.420+0000] {processor.py:914} INFO - Processing file /home/airflow/.local/lib/python3.12/site-packages/airflow/example_dags/example_python_operator.py for tasks to queue
[2024-11-03T00:53:36.422+0000] {logging_mixin.py:190} INFO - [2024-11-03T00:53:36.422+0000] {dagbag.py:588} INFO - Filling up the DagBag from /home/airflow/.local/lib/python3.12/site-packages/airflow/example_dags/example_python_operator.py
[2024-11-03T00:53:36.433+0000] {processor.py:925} INFO - DAG(s) 'example_python_operator' retrieved from /home/airflow/.local/lib/python3.12/site-packages/airflow/example_dags/example_python_operator.py
[2024-11-03T00:53:36.456+0000] {logging_mixin.py:190} INFO - [2024-11-03T00:53:36.456+0000] {dag.py:3239} INFO - Sync 1 DAGs
[2024-11-03T00:53:36.469+0000] {logging_mixin.py:190} INFO - [2024-11-03T00:53:36.469+0000] {dag.py:4180} INFO - Setting next_dagrun for example_python_operator to None, run_after=None
[2024-11-03T00:53:36.487+0000] {processor.py:208} INFO - Processing /home/airflow/.local/lib/python3.12/site-packages/airflow/example_dags/example_python_operator.py took 0.072 seconds
[2024-11-03T00:54:06.839+0000] {processor.py:186} INFO - Started process (PID=829) to work on /home/airflow/.local/lib/python3.12/site-packages/airflow/example_dags/example_python_operator.py
[2024-11-03T00:54:06.840+0000] {processor.py:914} INFO - Processing file /home/airflow/.local/lib/python3.12/site-packages/airflow/example_dags/example_python_operator.py for tasks to queue
[2024-11-03T00:54:06.842+0000] {logging_mixin.py:190} INFO - [2024-11-03T00:54:06.842+0000] {dagbag.py:588} INFO - Filling up the DagBag from /home/airflow/.local/lib/python3.12/site-packages/airflow/example_dags/example_python_operator.py
[2024-11-03T00:54:06.852+0000] {processor.py:925} INFO - DAG(s) 'example_python_operator' retrieved from /home/airflow/.local/lib/python3.12/site-packages/airflow/example_dags/example_python_operator.py
[2024-11-03T00:54:06.871+0000] {logging_mixin.py:190} INFO - [2024-11-03T00:54:06.871+0000] {dag.py:3239} INFO - Sync 1 DAGs
[2024-11-03T00:54:06.883+0000] {logging_mixin.py:190} INFO - [2024-11-03T00:54:06.883+0000] {dag.py:4180} INFO - Setting next_dagrun for example_python_operator to None, run_after=None
[2024-11-03T00:54:06.898+0000] {processor.py:208} INFO - Processing /home/airflow/.local/lib/python3.12/site-packages/airflow/example_dags/example_python_operator.py took 0.064 seconds
[2024-11-03T00:54:37.074+0000] {processor.py:186} INFO - Started process (PID=892) to work on /home/airflow/.local/lib/python3.12/site-packages/airflow/example_dags/example_python_operator.py
[2024-11-03T00:54:37.075+0000] {processor.py:914} INFO - Processing file /home/airflow/.local/lib/python3.12/site-packages/airflow/example_dags/example_python_operator.py for tasks to queue
[2024-11-03T00:54:37.077+0000] {logging_mixin.py:190} INFO - [2024-11-03T00:54:37.076+0000] {dagbag.py:588} INFO - Filling up the DagBag from /home/airflow/.local/lib/python3.12/site-packages/airflow/example_dags/example_python_operator.py
[2024-11-03T00:54:37.086+0000] {processor.py:925} INFO - DAG(s) 'example_python_operator' retrieved from /home/airflow/.local/lib/python3.12/site-packages/airflow/example_dags/example_python_operator.py
[2024-11-03T00:54:37.106+0000] {logging_mixin.py:190} INFO - [2024-11-03T00:54:37.106+0000] {dag.py:3239} INFO - Sync 1 DAGs
[2024-11-03T00:54:37.119+0000] {logging_mixin.py:190} INFO - [2024-11-03T00:54:37.119+0000] {dag.py:4180} INFO - Setting next_dagrun for example_python_operator to None, run_after=None
[2024-11-03T00:54:37.135+0000] {processor.py:208} INFO - Processing /home/airflow/.local/lib/python3.12/site-packages/airflow/example_dags/example_python_operator.py took 0.066 seconds
[2024-11-03T00:55:07.409+0000] {processor.py:186} INFO - Started process (PID=955) to work on /home/airflow/.local/lib/python3.12/site-packages/airflow/example_dags/example_python_operator.py
[2024-11-03T00:55:07.410+0000] {processor.py:914} INFO - Processing file /home/airflow/.local/lib/python3.12/site-packages/airflow/example_dags/example_python_operator.py for tasks to queue
[2024-11-03T00:55:07.411+0000] {logging_mixin.py:190} INFO - [2024-11-03T00:55:07.411+0000] {dagbag.py:588} INFO - Filling up the DagBag from /home/airflow/.local/lib/python3.12/site-packages/airflow/example_dags/example_python_operator.py
[2024-11-03T00:55:07.422+0000] {processor.py:925} INFO - DAG(s) 'example_python_operator' retrieved from /home/airflow/.local/lib/python3.12/site-packages/airflow/example_dags/example_python_operator.py
[2024-11-03T00:55:07.442+0000] {logging_mixin.py:190} INFO - [2024-11-03T00:55:07.442+0000] {dag.py:3239} INFO - Sync 1 DAGs
[2024-11-03T00:55:07.454+0000] {logging_mixin.py:190} INFO - [2024-11-03T00:55:07.454+0000] {dag.py:4180} INFO - Setting next_dagrun for example_python_operator to None, run_after=None
[2024-11-03T00:55:07.469+0000] {processor.py:208} INFO - Processing /home/airflow/.local/lib/python3.12/site-packages/airflow/example_dags/example_python_operator.py took 0.065 seconds
[2024-11-03T00:55:37.762+0000] {processor.py:186} INFO - Started process (PID=1018) to work on /home/airflow/.local/lib/python3.12/site-packages/airflow/example_dags/example_python_operator.py
[2024-11-03T00:55:37.763+0000] {processor.py:914} INFO - Processing file /home/airflow/.local/lib/python3.12/site-packages/airflow/example_dags/example_python_operator.py for tasks to queue
[2024-11-03T00:55:37.765+0000] {logging_mixin.py:190} INFO - [2024-11-03T00:55:37.765+0000] {dagbag.py:588} INFO - Filling up the DagBag from /home/airflow/.local/lib/python3.12/site-packages/airflow/example_dags/example_python_operator.py
[2024-11-03T00:55:37.776+0000] {processor.py:925} INFO - DAG(s) 'example_python_operator' retrieved from /home/airflow/.local/lib/python3.12/site-packages/airflow/example_dags/example_python_operator.py
[2024-11-03T00:55:37.796+0000] {logging_mixin.py:190} INFO - [2024-11-03T00:55:37.795+0000] {dag.py:3239} INFO - Sync 1 DAGs
[2024-11-03T00:55:37.810+0000] {logging_mixin.py:190} INFO - [2024-11-03T00:55:37.810+0000] {dag.py:4180} INFO - Setting next_dagrun for example_python_operator to None, run_after=None
[2024-11-03T00:55:37.829+0000] {processor.py:208} INFO - Processing /home/airflow/.local/lib/python3.12/site-packages/airflow/example_dags/example_python_operator.py took 0.071 seconds
[2024-11-03T00:56:08.413+0000] {processor.py:186} INFO - Started process (PID=1081) to work on /home/airflow/.local/lib/python3.12/site-packages/airflow/example_dags/example_python_operator.py
[2024-11-03T00:56:08.413+0000] {processor.py:914} INFO - Processing file /home/airflow/.local/lib/python3.12/site-packages/airflow/example_dags/example_python_operator.py for tasks to queue
[2024-11-03T00:56:08.415+0000] {logging_mixin.py:190} INFO - [2024-11-03T00:56:08.415+0000] {dagbag.py:588} INFO - Filling up the DagBag from /home/airflow/.local/lib/python3.12/site-packages/airflow/example_dags/example_python_operator.py
[2024-11-03T00:56:08.424+0000] {processor.py:925} INFO - DAG(s) 'example_python_operator' retrieved from /home/airflow/.local/lib/python3.12/site-packages/airflow/example_dags/example_python_operator.py
[2024-11-03T00:56:08.443+0000] {logging_mixin.py:190} INFO - [2024-11-03T00:56:08.443+0000] {dag.py:3239} INFO - Sync 1 DAGs
[2024-11-03T00:56:08.456+0000] {logging_mixin.py:190} INFO - [2024-11-03T00:56:08.456+0000] {dag.py:4180} INFO - Setting next_dagrun for example_python_operator to None, run_after=None
[2024-11-03T00:56:08.471+0000] {processor.py:208} INFO - Processing /home/airflow/.local/lib/python3.12/site-packages/airflow/example_dags/example_python_operator.py took 0.063 seconds
[2024-11-03T00:56:38.853+0000] {processor.py:186} INFO - Started process (PID=1144) to work on /home/airflow/.local/lib/python3.12/site-packages/airflow/example_dags/example_python_operator.py
[2024-11-03T00:56:38.854+0000] {processor.py:914} INFO - Processing file /home/airflow/.local/lib/python3.12/site-packages/airflow/example_dags/example_python_operator.py for tasks to queue
[2024-11-03T00:56:38.855+0000] {logging_mixin.py:190} INFO - [2024-11-03T00:56:38.855+0000] {dagbag.py:588} INFO - Filling up the DagBag from /home/airflow/.local/lib/python3.12/site-packages/airflow/example_dags/example_python_operator.py
[2024-11-03T00:56:38.866+0000] {processor.py:925} INFO - DAG(s) 'example_python_operator' retrieved from /home/airflow/.local/lib/python3.12/site-packages/airflow/example_dags/example_python_operator.py
[2024-11-03T00:56:38.887+0000] {logging_mixin.py:190} INFO - [2024-11-03T00:56:38.886+0000] {dag.py:3239} INFO - Sync 1 DAGs
[2024-11-03T00:56:38.900+0000] {logging_mixin.py:190} INFO - [2024-11-03T00:56:38.900+0000] {dag.py:4180} INFO - Setting next_dagrun for example_python_operator to None, run_after=None
[2024-11-03T00:56:38.916+0000] {processor.py:208} INFO - Processing /home/airflow/.local/lib/python3.12/site-packages/airflow/example_dags/example_python_operator.py took 0.067 seconds
[2024-11-03T00:57:09.077+0000] {processor.py:186} INFO - Started process (PID=1207) to work on /home/airflow/.local/lib/python3.12/site-packages/airflow/example_dags/example_python_operator.py
[2024-11-03T00:57:09.078+0000] {processor.py:914} INFO - Processing file /home/airflow/.local/lib/python3.12/site-packages/airflow/example_dags/example_python_operator.py for tasks to queue
[2024-11-03T00:57:09.081+0000] {logging_mixin.py:190} INFO - [2024-11-03T00:57:09.080+0000] {dagbag.py:588} INFO - Filling up the DagBag from /home/airflow/.local/lib/python3.12/site-packages/airflow/example_dags/example_python_operator.py
[2024-11-03T00:57:09.092+0000] {processor.py:925} INFO - DAG(s) 'example_python_operator' retrieved from /home/airflow/.local/lib/python3.12/site-packages/airflow/example_dags/example_python_operator.py
[2024-11-03T00:57:09.113+0000] {logging_mixin.py:190} INFO - [2024-11-03T00:57:09.113+0000] {dag.py:3239} INFO - Sync 1 DAGs
[2024-11-03T00:57:09.125+0000] {logging_mixin.py:190} INFO - [2024-11-03T00:57:09.125+0000] {dag.py:4180} INFO - Setting next_dagrun for example_python_operator to None, run_after=None
[2024-11-03T00:57:09.142+0000] {processor.py:208} INFO - Processing /home/airflow/.local/lib/python3.12/site-packages/airflow/example_dags/example_python_operator.py took 0.070 seconds
[2024-11-03T00:57:39.442+0000] {processor.py:186} INFO - Started process (PID=1270) to work on /home/airflow/.local/lib/python3.12/site-packages/airflow/example_dags/example_python_operator.py
[2024-11-03T00:57:39.443+0000] {processor.py:914} INFO - Processing file /home/airflow/.local/lib/python3.12/site-packages/airflow/example_dags/example_python_operator.py for tasks to queue
[2024-11-03T00:57:39.444+0000] {logging_mixin.py:190} INFO - [2024-11-03T00:57:39.444+0000] {dagbag.py:588} INFO - Filling up the DagBag from /home/airflow/.local/lib/python3.12/site-packages/airflow/example_dags/example_python_operator.py
[2024-11-03T00:57:39.455+0000] {processor.py:925} INFO - DAG(s) 'example_python_operator' retrieved from /home/airflow/.local/lib/python3.12/site-packages/airflow/example_dags/example_python_operator.py
[2024-11-03T00:57:39.475+0000] {logging_mixin.py:190} INFO - [2024-11-03T00:57:39.475+0000] {dag.py:3239} INFO - Sync 1 DAGs
[2024-11-03T00:57:39.487+0000] {logging_mixin.py:190} INFO - [2024-11-03T00:57:39.487+0000] {dag.py:4180} INFO - Setting next_dagrun for example_python_operator to None, run_after=None
[2024-11-03T00:57:39.501+0000] {processor.py:208} INFO - Processing /home/airflow/.local/lib/python3.12/site-packages/airflow/example_dags/example_python_operator.py took 0.064 seconds
[2024-11-03T00:58:09.612+0000] {processor.py:186} INFO - Started process (PID=1333) to work on /home/airflow/.local/lib/python3.12/site-packages/airflow/example_dags/example_python_operator.py
[2024-11-03T00:58:09.612+0000] {processor.py:914} INFO - Processing file /home/airflow/.local/lib/python3.12/site-packages/airflow/example_dags/example_python_operator.py for tasks to queue
[2024-11-03T00:58:09.614+0000] {logging_mixin.py:190} INFO - [2024-11-03T00:58:09.614+0000] {dagbag.py:588} INFO - Filling up the DagBag from /home/airflow/.local/lib/python3.12/site-packages/airflow/example_dags/example_python_operator.py
[2024-11-03T00:58:09.623+0000] {processor.py:925} INFO - DAG(s) 'example_python_operator' retrieved from /home/airflow/.local/lib/python3.12/site-packages/airflow/example_dags/example_python_operator.py
[2024-11-03T00:58:09.644+0000] {logging_mixin.py:190} INFO - [2024-11-03T00:58:09.644+0000] {dag.py:3239} INFO - Sync 1 DAGs
[2024-11-03T00:58:09.659+0000] {logging_mixin.py:190} INFO - [2024-11-03T00:58:09.658+0000] {dag.py:4180} INFO - Setting next_dagrun for example_python_operator to None, run_after=None
[2024-11-03T00:58:09.674+0000] {processor.py:208} INFO - Processing /home/airflow/.local/lib/python3.12/site-packages/airflow/example_dags/example_python_operator.py took 0.067 seconds
[2024-11-03T00:58:40.058+0000] {processor.py:186} INFO - Started process (PID=1396) to work on /home/airflow/.local/lib/python3.12/site-packages/airflow/example_dags/example_python_operator.py
[2024-11-03T00:58:40.059+0000] {processor.py:914} INFO - Processing file /home/airflow/.local/lib/python3.12/site-packages/airflow/example_dags/example_python_operator.py for tasks to queue
[2024-11-03T00:58:40.061+0000] {logging_mixin.py:190} INFO - [2024-11-03T00:58:40.060+0000] {dagbag.py:588} INFO - Filling up the DagBag from /home/airflow/.local/lib/python3.12/site-packages/airflow/example_dags/example_python_operator.py
[2024-11-03T00:58:40.070+0000] {processor.py:925} INFO - DAG(s) 'example_python_operator' retrieved from /home/airflow/.local/lib/python3.12/site-packages/airflow/example_dags/example_python_operator.py
[2024-11-03T00:58:40.090+0000] {logging_mixin.py:190} INFO - [2024-11-03T00:58:40.089+0000] {dag.py:3239} INFO - Sync 1 DAGs
[2024-11-03T00:58:40.101+0000] {logging_mixin.py:190} INFO - [2024-11-03T00:58:40.101+0000] {dag.py:4180} INFO - Setting next_dagrun for example_python_operator to None, run_after=None
[2024-11-03T00:58:40.116+0000] {processor.py:208} INFO - Processing /home/airflow/.local/lib/python3.12/site-packages/airflow/example_dags/example_python_operator.py took 0.063 seconds
[2024-11-03T00:59:10.228+0000] {processor.py:186} INFO - Started process (PID=1459) to work on /home/airflow/.local/lib/python3.12/site-packages/airflow/example_dags/example_python_operator.py
[2024-11-03T00:59:10.229+0000] {processor.py:914} INFO - Processing file /home/airflow/.local/lib/python3.12/site-packages/airflow/example_dags/example_python_operator.py for tasks to queue
[2024-11-03T00:59:10.231+0000] {logging_mixin.py:190} INFO - [2024-11-03T00:59:10.230+0000] {dagbag.py:588} INFO - Filling up the DagBag from /home/airflow/.local/lib/python3.12/site-packages/airflow/example_dags/example_python_operator.py
[2024-11-03T00:59:10.240+0000] {processor.py:925} INFO - DAG(s) 'example_python_operator' retrieved from /home/airflow/.local/lib/python3.12/site-packages/airflow/example_dags/example_python_operator.py
[2024-11-03T00:59:10.259+0000] {logging_mixin.py:190} INFO - [2024-11-03T00:59:10.259+0000] {dag.py:3239} INFO - Sync 1 DAGs
[2024-11-03T00:59:10.271+0000] {logging_mixin.py:190} INFO - [2024-11-03T00:59:10.271+0000] {dag.py:4180} INFO - Setting next_dagrun for example_python_operator to None, run_after=None
[2024-11-03T00:59:10.286+0000] {processor.py:208} INFO - Processing /home/airflow/.local/lib/python3.12/site-packages/airflow/example_dags/example_python_operator.py took 0.062 seconds
[2024-11-03T00:59:40.772+0000] {processor.py:186} INFO - Started process (PID=1522) to work on /home/airflow/.local/lib/python3.12/site-packages/airflow/example_dags/example_python_operator.py
[2024-11-03T00:59:40.773+0000] {processor.py:914} INFO - Processing file /home/airflow/.local/lib/python3.12/site-packages/airflow/example_dags/example_python_operator.py for tasks to queue
[2024-11-03T00:59:40.774+0000] {logging_mixin.py:190} INFO - [2024-11-03T00:59:40.774+0000] {dagbag.py:588} INFO - Filling up the DagBag from /home/airflow/.local/lib/python3.12/site-packages/airflow/example_dags/example_python_operator.py
[2024-11-03T00:59:40.784+0000] {processor.py:925} INFO - DAG(s) 'example_python_operator' retrieved from /home/airflow/.local/lib/python3.12/site-packages/airflow/example_dags/example_python_operator.py
[2024-11-03T00:59:40.804+0000] {logging_mixin.py:190} INFO - [2024-11-03T00:59:40.803+0000] {dag.py:3239} INFO - Sync 1 DAGs
[2024-11-03T00:59:40.816+0000] {logging_mixin.py:190} INFO - [2024-11-03T00:59:40.815+0000] {dag.py:4180} INFO - Setting next_dagrun for example_python_operator to None, run_after=None
[2024-11-03T00:59:40.830+0000] {processor.py:208} INFO - Processing /home/airflow/.local/lib/python3.12/site-packages/airflow/example_dags/example_python_operator.py took 0.062 seconds
[2024-11-03T01:00:10.963+0000] {processor.py:186} INFO - Started process (PID=1585) to work on /home/airflow/.local/lib/python3.12/site-packages/airflow/example_dags/example_python_operator.py
[2024-11-03T01:00:10.964+0000] {processor.py:914} INFO - Processing file /home/airflow/.local/lib/python3.12/site-packages/airflow/example_dags/example_python_operator.py for tasks to queue
[2024-11-03T01:00:10.966+0000] {logging_mixin.py:190} INFO - [2024-11-03T01:00:10.966+0000] {dagbag.py:588} INFO - Filling up the DagBag from /home/airflow/.local/lib/python3.12/site-packages/airflow/example_dags/example_python_operator.py
[2024-11-03T01:00:10.975+0000] {processor.py:925} INFO - DAG(s) 'example_python_operator' retrieved from /home/airflow/.local/lib/python3.12/site-packages/airflow/example_dags/example_python_operator.py
[2024-11-03T01:00:10.995+0000] {logging_mixin.py:190} INFO - [2024-11-03T01:00:10.995+0000] {dag.py:3239} INFO - Sync 1 DAGs
[2024-11-03T01:00:11.008+0000] {logging_mixin.py:190} INFO - [2024-11-03T01:00:11.008+0000] {dag.py:4180} INFO - Setting next_dagrun for example_python_operator to None, run_after=None
[2024-11-03T01:00:11.027+0000] {processor.py:208} INFO - Processing /home/airflow/.local/lib/python3.12/site-packages/airflow/example_dags/example_python_operator.py took 0.068 seconds
[2024-11-03T01:00:41.632+0000] {processor.py:186} INFO - Started process (PID=1648) to work on /home/airflow/.local/lib/python3.12/site-packages/airflow/example_dags/example_python_operator.py
[2024-11-03T01:00:41.633+0000] {processor.py:914} INFO - Processing file /home/airflow/.local/lib/python3.12/site-packages/airflow/example_dags/example_python_operator.py for tasks to queue
[2024-11-03T01:00:41.635+0000] {logging_mixin.py:190} INFO - [2024-11-03T01:00:41.634+0000] {dagbag.py:588} INFO - Filling up the DagBag from /home/airflow/.local/lib/python3.12/site-packages/airflow/example_dags/example_python_operator.py
[2024-11-03T01:00:41.644+0000] {processor.py:925} INFO - DAG(s) 'example_python_operator' retrieved from /home/airflow/.local/lib/python3.12/site-packages/airflow/example_dags/example_python_operator.py
[2024-11-03T01:00:41.662+0000] {logging_mixin.py:190} INFO - [2024-11-03T01:00:41.662+0000] {dag.py:3239} INFO - Sync 1 DAGs
[2024-11-03T01:00:41.674+0000] {logging_mixin.py:190} INFO - [2024-11-03T01:00:41.674+0000] {dag.py:4180} INFO - Setting next_dagrun for example_python_operator to None, run_after=None
[2024-11-03T01:00:41.690+0000] {processor.py:208} INFO - Processing /home/airflow/.local/lib/python3.12/site-packages/airflow/example_dags/example_python_operator.py took 0.063 seconds
[2024-11-03T01:01:12.180+0000] {processor.py:186} INFO - Started process (PID=1711) to work on /home/airflow/.local/lib/python3.12/site-packages/airflow/example_dags/example_python_operator.py
[2024-11-03T01:01:12.180+0000] {processor.py:914} INFO - Processing file /home/airflow/.local/lib/python3.12/site-packages/airflow/example_dags/example_python_operator.py for tasks to queue
[2024-11-03T01:01:12.182+0000] {logging_mixin.py:190} INFO - [2024-11-03T01:01:12.182+0000] {dagbag.py:588} INFO - Filling up the DagBag from /home/airflow/.local/lib/python3.12/site-packages/airflow/example_dags/example_python_operator.py
[2024-11-03T01:01:12.192+0000] {processor.py:925} INFO - DAG(s) 'example_python_operator' retrieved from /home/airflow/.local/lib/python3.12/site-packages/airflow/example_dags/example_python_operator.py
[2024-11-03T01:01:12.212+0000] {logging_mixin.py:190} INFO - [2024-11-03T01:01:12.211+0000] {dag.py:3239} INFO - Sync 1 DAGs
[2024-11-03T01:01:12.223+0000] {logging_mixin.py:190} INFO - [2024-11-03T01:01:12.223+0000] {dag.py:4180} INFO - Setting next_dagrun for example_python_operator to None, run_after=None
[2024-11-03T01:01:12.238+0000] {processor.py:208} INFO - Processing /home/airflow/.local/lib/python3.12/site-packages/airflow/example_dags/example_python_operator.py took 0.063 seconds
[2024-11-03T01:01:42.700+0000] {processor.py:186} INFO - Started process (PID=1774) to work on /home/airflow/.local/lib/python3.12/site-packages/airflow/example_dags/example_python_operator.py
[2024-11-03T01:01:42.701+0000] {processor.py:914} INFO - Processing file /home/airflow/.local/lib/python3.12/site-packages/airflow/example_dags/example_python_operator.py for tasks to queue
[2024-11-03T01:01:42.703+0000] {logging_mixin.py:190} INFO - [2024-11-03T01:01:42.702+0000] {dagbag.py:588} INFO - Filling up the DagBag from /home/airflow/.local/lib/python3.12/site-packages/airflow/example_dags/example_python_operator.py
[2024-11-03T01:01:42.712+0000] {processor.py:925} INFO - DAG(s) 'example_python_operator' retrieved from /home/airflow/.local/lib/python3.12/site-packages/airflow/example_dags/example_python_operator.py
[2024-11-03T01:01:42.730+0000] {logging_mixin.py:190} INFO - [2024-11-03T01:01:42.730+0000] {dag.py:3239} INFO - Sync 1 DAGs
[2024-11-03T01:01:42.742+0000] {logging_mixin.py:190} INFO - [2024-11-03T01:01:42.742+0000] {dag.py:4180} INFO - Setting next_dagrun for example_python_operator to None, run_after=None
[2024-11-03T01:01:42.757+0000] {processor.py:208} INFO - Processing /home/airflow/.local/lib/python3.12/site-packages/airflow/example_dags/example_python_operator.py took 0.061 seconds
[2024-11-03T01:02:13.137+0000] {processor.py:186} INFO - Started process (PID=1837) to work on /home/airflow/.local/lib/python3.12/site-packages/airflow/example_dags/example_python_operator.py
[2024-11-03T01:02:13.138+0000] {processor.py:914} INFO - Processing file /home/airflow/.local/lib/python3.12/site-packages/airflow/example_dags/example_python_operator.py for tasks to queue
[2024-11-03T01:02:13.140+0000] {logging_mixin.py:190} INFO - [2024-11-03T01:02:13.139+0000] {dagbag.py:588} INFO - Filling up the DagBag from /home/airflow/.local/lib/python3.12/site-packages/airflow/example_dags/example_python_operator.py
[2024-11-03T01:02:13.150+0000] {processor.py:925} INFO - DAG(s) 'example_python_operator' retrieved from /home/airflow/.local/lib/python3.12/site-packages/airflow/example_dags/example_python_operator.py
[2024-11-03T01:02:13.170+0000] {logging_mixin.py:190} INFO - [2024-11-03T01:02:13.170+0000] {dag.py:3239} INFO - Sync 1 DAGs
[2024-11-03T01:02:13.182+0000] {logging_mixin.py:190} INFO - [2024-11-03T01:02:13.182+0000] {dag.py:4180} INFO - Setting next_dagrun for example_python_operator to None, run_after=None
[2024-11-03T01:02:13.198+0000] {processor.py:208} INFO - Processing /home/airflow/.local/lib/python3.12/site-packages/airflow/example_dags/example_python_operator.py took 0.065 seconds
[2024-11-03T01:02:43.409+0000] {processor.py:186} INFO - Started process (PID=1900) to work on /home/airflow/.local/lib/python3.12/site-packages/airflow/example_dags/example_python_operator.py
[2024-11-03T01:02:43.410+0000] {processor.py:914} INFO - Processing file /home/airflow/.local/lib/python3.12/site-packages/airflow/example_dags/example_python_operator.py for tasks to queue
[2024-11-03T01:02:43.412+0000] {logging_mixin.py:190} INFO - [2024-11-03T01:02:43.411+0000] {dagbag.py:588} INFO - Filling up the DagBag from /home/airflow/.local/lib/python3.12/site-packages/airflow/example_dags/example_python_operator.py
[2024-11-03T01:02:43.421+0000] {processor.py:925} INFO - DAG(s) 'example_python_operator' retrieved from /home/airflow/.local/lib/python3.12/site-packages/airflow/example_dags/example_python_operator.py
[2024-11-03T01:02:43.440+0000] {logging_mixin.py:190} INFO - [2024-11-03T01:02:43.440+0000] {dag.py:3239} INFO - Sync 1 DAGs
[2024-11-03T01:02:43.452+0000] {logging_mixin.py:190} INFO - [2024-11-03T01:02:43.452+0000] {dag.py:4180} INFO - Setting next_dagrun for example_python_operator to None, run_after=None
[2024-11-03T01:02:43.467+0000] {processor.py:208} INFO - Processing /home/airflow/.local/lib/python3.12/site-packages/airflow/example_dags/example_python_operator.py took 0.063 seconds
[2024-11-03T01:03:13.675+0000] {processor.py:186} INFO - Started process (PID=1963) to work on /home/airflow/.local/lib/python3.12/site-packages/airflow/example_dags/example_python_operator.py
[2024-11-03T01:03:13.675+0000] {processor.py:914} INFO - Processing file /home/airflow/.local/lib/python3.12/site-packages/airflow/example_dags/example_python_operator.py for tasks to queue
[2024-11-03T01:03:13.677+0000] {logging_mixin.py:190} INFO - [2024-11-03T01:03:13.677+0000] {dagbag.py:588} INFO - Filling up the DagBag from /home/airflow/.local/lib/python3.12/site-packages/airflow/example_dags/example_python_operator.py
[2024-11-03T01:03:13.687+0000] {processor.py:925} INFO - DAG(s) 'example_python_operator' retrieved from /home/airflow/.local/lib/python3.12/site-packages/airflow/example_dags/example_python_operator.py
[2024-11-03T01:03:13.706+0000] {logging_mixin.py:190} INFO - [2024-11-03T01:03:13.706+0000] {dag.py:3239} INFO - Sync 1 DAGs
[2024-11-03T01:03:13.718+0000] {logging_mixin.py:190} INFO - [2024-11-03T01:03:13.718+0000] {dag.py:4180} INFO - Setting next_dagrun for example_python_operator to None, run_after=None
[2024-11-03T01:03:13.737+0000] {processor.py:208} INFO - Processing /home/airflow/.local/lib/python3.12/site-packages/airflow/example_dags/example_python_operator.py took 0.066 seconds
[2024-11-03T01:03:44.256+0000] {processor.py:186} INFO - Started process (PID=2026) to work on /home/airflow/.local/lib/python3.12/site-packages/airflow/example_dags/example_python_operator.py
[2024-11-03T01:03:44.257+0000] {processor.py:914} INFO - Processing file /home/airflow/.local/lib/python3.12/site-packages/airflow/example_dags/example_python_operator.py for tasks to queue
[2024-11-03T01:03:44.259+0000] {logging_mixin.py:190} INFO - [2024-11-03T01:03:44.258+0000] {dagbag.py:588} INFO - Filling up the DagBag from /home/airflow/.local/lib/python3.12/site-packages/airflow/example_dags/example_python_operator.py
[2024-11-03T01:03:44.270+0000] {processor.py:925} INFO - DAG(s) 'example_python_operator' retrieved from /home/airflow/.local/lib/python3.12/site-packages/airflow/example_dags/example_python_operator.py
[2024-11-03T01:03:44.290+0000] {logging_mixin.py:190} INFO - [2024-11-03T01:03:44.290+0000] {dag.py:3239} INFO - Sync 1 DAGs
[2024-11-03T01:03:44.303+0000] {logging_mixin.py:190} INFO - [2024-11-03T01:03:44.303+0000] {dag.py:4180} INFO - Setting next_dagrun for example_python_operator to None, run_after=None
[2024-11-03T01:03:44.321+0000] {processor.py:208} INFO - Processing /home/airflow/.local/lib/python3.12/site-packages/airflow/example_dags/example_python_operator.py took 0.072 seconds
[2024-11-03T01:04:15.228+0000] {processor.py:186} INFO - Started process (PID=2089) to work on /home/airflow/.local/lib/python3.12/site-packages/airflow/example_dags/example_python_operator.py
[2024-11-03T01:04:15.230+0000] {processor.py:914} INFO - Processing file /home/airflow/.local/lib/python3.12/site-packages/airflow/example_dags/example_python_operator.py for tasks to queue
[2024-11-03T01:04:15.231+0000] {logging_mixin.py:190} INFO - [2024-11-03T01:04:15.231+0000] {dagbag.py:588} INFO - Filling up the DagBag from /home/airflow/.local/lib/python3.12/site-packages/airflow/example_dags/example_python_operator.py
[2024-11-03T01:04:15.242+0000] {processor.py:925} INFO - DAG(s) 'example_python_operator' retrieved from /home/airflow/.local/lib/python3.12/site-packages/airflow/example_dags/example_python_operator.py
[2024-11-03T01:04:15.263+0000] {logging_mixin.py:190} INFO - [2024-11-03T01:04:15.263+0000] {dag.py:3239} INFO - Sync 1 DAGs
[2024-11-03T01:04:15.277+0000] {logging_mixin.py:190} INFO - [2024-11-03T01:04:15.277+0000] {dag.py:4180} INFO - Setting next_dagrun for example_python_operator to None, run_after=None
[2024-11-03T01:04:15.293+0000] {processor.py:208} INFO - Processing /home/airflow/.local/lib/python3.12/site-packages/airflow/example_dags/example_python_operator.py took 0.069 seconds
[2024-11-03T01:04:45.928+0000] {processor.py:186} INFO - Started process (PID=2152) to work on /home/airflow/.local/lib/python3.12/site-packages/airflow/example_dags/example_python_operator.py
[2024-11-03T01:04:45.929+0000] {processor.py:914} INFO - Processing file /home/airflow/.local/lib/python3.12/site-packages/airflow/example_dags/example_python_operator.py for tasks to queue
[2024-11-03T01:04:45.931+0000] {logging_mixin.py:190} INFO - [2024-11-03T01:04:45.930+0000] {dagbag.py:588} INFO - Filling up the DagBag from /home/airflow/.local/lib/python3.12/site-packages/airflow/example_dags/example_python_operator.py
[2024-11-03T01:04:45.940+0000] {processor.py:925} INFO - DAG(s) 'example_python_operator' retrieved from /home/airflow/.local/lib/python3.12/site-packages/airflow/example_dags/example_python_operator.py
[2024-11-03T01:04:45.958+0000] {logging_mixin.py:190} INFO - [2024-11-03T01:04:45.958+0000] {dag.py:3239} INFO - Sync 1 DAGs
[2024-11-03T01:04:45.970+0000] {logging_mixin.py:190} INFO - [2024-11-03T01:04:45.970+0000] {dag.py:4180} INFO - Setting next_dagrun for example_python_operator to None, run_after=None
[2024-11-03T01:04:45.986+0000] {processor.py:208} INFO - Processing /home/airflow/.local/lib/python3.12/site-packages/airflow/example_dags/example_python_operator.py took 0.062 seconds
[2024-11-03T01:05:16.491+0000] {processor.py:186} INFO - Started process (PID=2215) to work on /home/airflow/.local/lib/python3.12/site-packages/airflow/example_dags/example_python_operator.py
[2024-11-03T01:05:16.492+0000] {processor.py:914} INFO - Processing file /home/airflow/.local/lib/python3.12/site-packages/airflow/example_dags/example_python_operator.py for tasks to queue
[2024-11-03T01:05:16.494+0000] {logging_mixin.py:190} INFO - [2024-11-03T01:05:16.494+0000] {dagbag.py:588} INFO - Filling up the DagBag from /home/airflow/.local/lib/python3.12/site-packages/airflow/example_dags/example_python_operator.py
[2024-11-03T01:05:16.503+0000] {processor.py:925} INFO - DAG(s) 'example_python_operator' retrieved from /home/airflow/.local/lib/python3.12/site-packages/airflow/example_dags/example_python_operator.py
[2024-11-03T01:05:16.523+0000] {logging_mixin.py:190} INFO - [2024-11-03T01:05:16.522+0000] {dag.py:3239} INFO - Sync 1 DAGs
[2024-11-03T01:05:16.535+0000] {logging_mixin.py:190} INFO - [2024-11-03T01:05:16.535+0000] {dag.py:4180} INFO - Setting next_dagrun for example_python_operator to None, run_after=None
[2024-11-03T01:05:16.551+0000] {processor.py:208} INFO - Processing /home/airflow/.local/lib/python3.12/site-packages/airflow/example_dags/example_python_operator.py took 0.064 seconds
[2024-11-03T01:05:47.038+0000] {processor.py:186} INFO - Started process (PID=2278) to work on /home/airflow/.local/lib/python3.12/site-packages/airflow/example_dags/example_python_operator.py
[2024-11-03T01:05:47.039+0000] {processor.py:914} INFO - Processing file /home/airflow/.local/lib/python3.12/site-packages/airflow/example_dags/example_python_operator.py for tasks to queue
[2024-11-03T01:05:47.041+0000] {logging_mixin.py:190} INFO - [2024-11-03T01:05:47.041+0000] {dagbag.py:588} INFO - Filling up the DagBag from /home/airflow/.local/lib/python3.12/site-packages/airflow/example_dags/example_python_operator.py
[2024-11-03T01:05:47.050+0000] {processor.py:925} INFO - DAG(s) 'example_python_operator' retrieved from /home/airflow/.local/lib/python3.12/site-packages/airflow/example_dags/example_python_operator.py
[2024-11-03T01:05:47.069+0000] {logging_mixin.py:190} INFO - [2024-11-03T01:05:47.069+0000] {dag.py:3239} INFO - Sync 1 DAGs
[2024-11-03T01:05:47.081+0000] {logging_mixin.py:190} INFO - [2024-11-03T01:05:47.081+0000] {dag.py:4180} INFO - Setting next_dagrun for example_python_operator to None, run_after=None
[2024-11-03T01:05:47.096+0000] {processor.py:208} INFO - Processing /home/airflow/.local/lib/python3.12/site-packages/airflow/example_dags/example_python_operator.py took 0.062 seconds
[2024-11-03T01:06:17.638+0000] {processor.py:186} INFO - Started process (PID=2341) to work on /home/airflow/.local/lib/python3.12/site-packages/airflow/example_dags/example_python_operator.py
[2024-11-03T01:06:17.639+0000] {processor.py:914} INFO - Processing file /home/airflow/.local/lib/python3.12/site-packages/airflow/example_dags/example_python_operator.py for tasks to queue
[2024-11-03T01:06:17.641+0000] {logging_mixin.py:190} INFO - [2024-11-03T01:06:17.640+0000] {dagbag.py:588} INFO - Filling up the DagBag from /home/airflow/.local/lib/python3.12/site-packages/airflow/example_dags/example_python_operator.py
[2024-11-03T01:06:17.650+0000] {processor.py:925} INFO - DAG(s) 'example_python_operator' retrieved from /home/airflow/.local/lib/python3.12/site-packages/airflow/example_dags/example_python_operator.py
[2024-11-03T01:06:17.669+0000] {logging_mixin.py:190} INFO - [2024-11-03T01:06:17.668+0000] {dag.py:3239} INFO - Sync 1 DAGs
[2024-11-03T01:06:17.680+0000] {logging_mixin.py:190} INFO - [2024-11-03T01:06:17.680+0000] {dag.py:4180} INFO - Setting next_dagrun for example_python_operator to None, run_after=None
[2024-11-03T01:06:17.696+0000] {processor.py:208} INFO - Processing /home/airflow/.local/lib/python3.12/site-packages/airflow/example_dags/example_python_operator.py took 0.063 seconds
