[2024-11-03T00:00:04.209+0000] {processor.py:186} INFO - Started process (PID=798) to work on /home/airflow/.local/lib/python3.12/site-packages/airflow/example_dags/example_inlet_event_extra.py
[2024-11-03T00:00:04.210+0000] {processor.py:914} INFO - Processing file /home/airflow/.local/lib/python3.12/site-packages/airflow/example_dags/example_inlet_event_extra.py for tasks to queue
[2024-11-03T00:00:04.212+0000] {logging_mixin.py:190} INFO - [2024-11-03T00:00:04.212+0000] {dagbag.py:588} INFO - Filling up the DagBag from /home/airflow/.local/lib/python3.12/site-packages/airflow/example_dags/example_inlet_event_extra.py
[2024-11-03T00:00:04.335+0000] {processor.py:925} INFO - DAG(s) 'read_dataset_event_from_classic', 'read_dataset_event' retrieved from /home/airflow/.local/lib/python3.12/site-packages/airflow/example_dags/example_inlet_event_extra.py
[2024-11-03T00:00:04.353+0000] {logging_mixin.py:190} INFO - [2024-11-03T00:00:04.352+0000] {dag.py:3239} INFO - Sync 2 DAGs
[2024-11-03T00:00:04.375+0000] {logging_mixin.py:190} INFO - [2024-11-03T00:00:04.374+0000] {dag.py:4180} INFO - Setting next_dagrun for read_dataset_event to 2024-11-02 00:00:00+00:00, run_after=2024-11-03 00:00:00+00:00
[2024-11-03T00:00:04.379+0000] {logging_mixin.py:190} INFO - [2024-11-03T00:00:04.379+0000] {dag.py:4180} INFO - Setting next_dagrun for read_dataset_event_from_classic to 2024-11-02 00:00:00+00:00, run_after=2024-11-03 00:00:00+00:00
[2024-11-03T00:00:04.393+0000] {processor.py:208} INFO - Processing /home/airflow/.local/lib/python3.12/site-packages/airflow/example_dags/example_inlet_event_extra.py took 0.188 seconds
[2024-11-03T00:00:34.750+0000] {processor.py:186} INFO - Started process (PID=861) to work on /home/airflow/.local/lib/python3.12/site-packages/airflow/example_dags/example_inlet_event_extra.py
[2024-11-03T00:00:34.751+0000] {processor.py:914} INFO - Processing file /home/airflow/.local/lib/python3.12/site-packages/airflow/example_dags/example_inlet_event_extra.py for tasks to queue
[2024-11-03T00:00:34.752+0000] {logging_mixin.py:190} INFO - [2024-11-03T00:00:34.752+0000] {dagbag.py:588} INFO - Filling up the DagBag from /home/airflow/.local/lib/python3.12/site-packages/airflow/example_dags/example_inlet_event_extra.py
[2024-11-03T00:00:34.877+0000] {processor.py:925} INFO - DAG(s) 'read_dataset_event_from_classic', 'read_dataset_event' retrieved from /home/airflow/.local/lib/python3.12/site-packages/airflow/example_dags/example_inlet_event_extra.py
[2024-11-03T00:00:34.895+0000] {logging_mixin.py:190} INFO - [2024-11-03T00:00:34.894+0000] {dag.py:3239} INFO - Sync 2 DAGs
[2024-11-03T00:00:34.916+0000] {logging_mixin.py:190} INFO - [2024-11-03T00:00:34.915+0000] {dag.py:4180} INFO - Setting next_dagrun for read_dataset_event to 2024-11-02 00:00:00+00:00, run_after=2024-11-03 00:00:00+00:00
[2024-11-03T00:00:34.920+0000] {logging_mixin.py:190} INFO - [2024-11-03T00:00:34.919+0000] {dag.py:4180} INFO - Setting next_dagrun for read_dataset_event_from_classic to 2024-11-02 00:00:00+00:00, run_after=2024-11-03 00:00:00+00:00
[2024-11-03T00:00:34.933+0000] {processor.py:208} INFO - Processing /home/airflow/.local/lib/python3.12/site-packages/airflow/example_dags/example_inlet_event_extra.py took 0.188 seconds
[2024-11-03T00:01:05.814+0000] {processor.py:186} INFO - Started process (PID=924) to work on /home/airflow/.local/lib/python3.12/site-packages/airflow/example_dags/example_inlet_event_extra.py
[2024-11-03T00:01:05.815+0000] {processor.py:914} INFO - Processing file /home/airflow/.local/lib/python3.12/site-packages/airflow/example_dags/example_inlet_event_extra.py for tasks to queue
[2024-11-03T00:01:05.817+0000] {logging_mixin.py:190} INFO - [2024-11-03T00:01:05.817+0000] {dagbag.py:588} INFO - Filling up the DagBag from /home/airflow/.local/lib/python3.12/site-packages/airflow/example_dags/example_inlet_event_extra.py
[2024-11-03T00:01:05.968+0000] {processor.py:925} INFO - DAG(s) 'read_dataset_event_from_classic', 'read_dataset_event' retrieved from /home/airflow/.local/lib/python3.12/site-packages/airflow/example_dags/example_inlet_event_extra.py
[2024-11-03T00:01:05.989+0000] {logging_mixin.py:190} INFO - [2024-11-03T00:01:05.989+0000] {dag.py:3239} INFO - Sync 2 DAGs
[2024-11-03T00:01:06.013+0000] {logging_mixin.py:190} INFO - [2024-11-03T00:01:06.013+0000] {dag.py:4180} INFO - Setting next_dagrun for read_dataset_event to 2024-11-02 00:00:00+00:00, run_after=2024-11-03 00:00:00+00:00
[2024-11-03T00:01:06.020+0000] {logging_mixin.py:190} INFO - [2024-11-03T00:01:06.020+0000] {dag.py:4180} INFO - Setting next_dagrun for read_dataset_event_from_classic to 2024-11-02 00:00:00+00:00, run_after=2024-11-03 00:00:00+00:00
[2024-11-03T00:01:06.035+0000] {processor.py:208} INFO - Processing /home/airflow/.local/lib/python3.12/site-packages/airflow/example_dags/example_inlet_event_extra.py took 0.225 seconds
[2024-11-03T00:01:36.322+0000] {processor.py:186} INFO - Started process (PID=987) to work on /home/airflow/.local/lib/python3.12/site-packages/airflow/example_dags/example_inlet_event_extra.py
[2024-11-03T00:01:36.323+0000] {processor.py:914} INFO - Processing file /home/airflow/.local/lib/python3.12/site-packages/airflow/example_dags/example_inlet_event_extra.py for tasks to queue
[2024-11-03T00:01:36.325+0000] {logging_mixin.py:190} INFO - [2024-11-03T00:01:36.325+0000] {dagbag.py:588} INFO - Filling up the DagBag from /home/airflow/.local/lib/python3.12/site-packages/airflow/example_dags/example_inlet_event_extra.py
[2024-11-03T00:01:36.451+0000] {processor.py:925} INFO - DAG(s) 'read_dataset_event_from_classic', 'read_dataset_event' retrieved from /home/airflow/.local/lib/python3.12/site-packages/airflow/example_dags/example_inlet_event_extra.py
[2024-11-03T00:01:36.470+0000] {logging_mixin.py:190} INFO - [2024-11-03T00:01:36.469+0000] {dag.py:3239} INFO - Sync 2 DAGs
[2024-11-03T00:01:36.489+0000] {logging_mixin.py:190} INFO - [2024-11-03T00:01:36.489+0000] {dag.py:4180} INFO - Setting next_dagrun for read_dataset_event to 2024-11-02 00:00:00+00:00, run_after=2024-11-03 00:00:00+00:00
[2024-11-03T00:01:36.494+0000] {logging_mixin.py:190} INFO - [2024-11-03T00:01:36.494+0000] {dag.py:4180} INFO - Setting next_dagrun for read_dataset_event_from_classic to 2024-11-02 00:00:00+00:00, run_after=2024-11-03 00:00:00+00:00
[2024-11-03T00:01:36.509+0000] {processor.py:208} INFO - Processing /home/airflow/.local/lib/python3.12/site-packages/airflow/example_dags/example_inlet_event_extra.py took 0.191 seconds
[2024-11-03T00:48:07.024+0000] {processor.py:186} INFO - Started process (PID=103) to work on /home/airflow/.local/lib/python3.12/site-packages/airflow/example_dags/example_inlet_event_extra.py
[2024-11-03T00:48:07.025+0000] {processor.py:914} INFO - Processing file /home/airflow/.local/lib/python3.12/site-packages/airflow/example_dags/example_inlet_event_extra.py for tasks to queue
[2024-11-03T00:48:07.027+0000] {logging_mixin.py:190} INFO - [2024-11-03T00:48:07.027+0000] {dagbag.py:588} INFO - Filling up the DagBag from /home/airflow/.local/lib/python3.12/site-packages/airflow/example_dags/example_inlet_event_extra.py
[2024-11-03T00:48:07.152+0000] {processor.py:925} INFO - DAG(s) 'read_dataset_event', 'read_dataset_event_from_classic' retrieved from /home/airflow/.local/lib/python3.12/site-packages/airflow/example_dags/example_inlet_event_extra.py
[2024-11-03T00:48:07.243+0000] {logging_mixin.py:190} INFO - [2024-11-03T00:48:07.243+0000] {override.py:1900} INFO - Created Permission View: can delete on DAG:read_dataset_event
[2024-11-03T00:48:07.252+0000] {logging_mixin.py:190} INFO - [2024-11-03T00:48:07.252+0000] {override.py:1900} INFO - Created Permission View: can edit on DAG:read_dataset_event
[2024-11-03T00:48:07.258+0000] {logging_mixin.py:190} INFO - [2024-11-03T00:48:07.258+0000] {override.py:1900} INFO - Created Permission View: can read on DAG:read_dataset_event
[2024-11-03T00:48:07.266+0000] {logging_mixin.py:190} INFO - [2024-11-03T00:48:07.265+0000] {override.py:1900} INFO - Created Permission View: can create on DAG Run:read_dataset_event
[2024-11-03T00:48:07.271+0000] {logging_mixin.py:190} INFO - [2024-11-03T00:48:07.271+0000] {override.py:1900} INFO - Created Permission View: can delete on DAG Run:read_dataset_event
[2024-11-03T00:48:07.277+0000] {logging_mixin.py:190} INFO - [2024-11-03T00:48:07.277+0000] {override.py:1900} INFO - Created Permission View: menu access on DAG Run:read_dataset_event
[2024-11-03T00:48:07.283+0000] {logging_mixin.py:190} INFO - [2024-11-03T00:48:07.282+0000] {override.py:1900} INFO - Created Permission View: can read on DAG Run:read_dataset_event
[2024-11-03T00:48:07.294+0000] {logging_mixin.py:190} INFO - [2024-11-03T00:48:07.293+0000] {override.py:1900} INFO - Created Permission View: can delete on DAG:read_dataset_event_from_classic
[2024-11-03T00:48:07.299+0000] {logging_mixin.py:190} INFO - [2024-11-03T00:48:07.299+0000] {override.py:1900} INFO - Created Permission View: can edit on DAG:read_dataset_event_from_classic
[2024-11-03T00:48:07.305+0000] {logging_mixin.py:190} INFO - [2024-11-03T00:48:07.305+0000] {override.py:1900} INFO - Created Permission View: can read on DAG:read_dataset_event_from_classic
[2024-11-03T00:48:07.312+0000] {logging_mixin.py:190} INFO - [2024-11-03T00:48:07.311+0000] {override.py:1900} INFO - Created Permission View: can create on DAG Run:read_dataset_event_from_classic
[2024-11-03T00:48:07.318+0000] {logging_mixin.py:190} INFO - [2024-11-03T00:48:07.317+0000] {override.py:1900} INFO - Created Permission View: can delete on DAG Run:read_dataset_event_from_classic
[2024-11-03T00:48:07.323+0000] {logging_mixin.py:190} INFO - [2024-11-03T00:48:07.323+0000] {override.py:1900} INFO - Created Permission View: menu access on DAG Run:read_dataset_event_from_classic
[2024-11-03T00:48:07.329+0000] {logging_mixin.py:190} INFO - [2024-11-03T00:48:07.329+0000] {override.py:1900} INFO - Created Permission View: can read on DAG Run:read_dataset_event_from_classic
[2024-11-03T00:48:07.330+0000] {logging_mixin.py:190} INFO - [2024-11-03T00:48:07.330+0000] {dag.py:3239} INFO - Sync 2 DAGs
[2024-11-03T00:48:07.342+0000] {logging_mixin.py:190} INFO - [2024-11-03T00:48:07.342+0000] {dag.py:3262} INFO - Creating ORM DAG for read_dataset_event
[2024-11-03T00:48:07.343+0000] {logging_mixin.py:190} INFO - [2024-11-03T00:48:07.342+0000] {dag.py:3262} INFO - Creating ORM DAG for read_dataset_event_from_classic
[2024-11-03T00:48:07.351+0000] {logging_mixin.py:190} INFO - [2024-11-03T00:48:07.351+0000] {dag.py:4180} INFO - Setting next_dagrun for read_dataset_event to 2024-11-02 00:00:00+00:00, run_after=2024-11-03 00:00:00+00:00
[2024-11-03T00:48:07.353+0000] {logging_mixin.py:190} INFO - [2024-11-03T00:48:07.353+0000] {dag.py:4180} INFO - Setting next_dagrun for read_dataset_event_from_classic to 2024-11-02 00:00:00+00:00, run_after=2024-11-03 00:00:00+00:00
[2024-11-03T00:48:07.367+0000] {processor.py:208} INFO - Processing /home/airflow/.local/lib/python3.12/site-packages/airflow/example_dags/example_inlet_event_extra.py took 0.350 seconds
[2024-11-03T00:48:38.101+0000] {processor.py:186} INFO - Started process (PID=166) to work on /home/airflow/.local/lib/python3.12/site-packages/airflow/example_dags/example_inlet_event_extra.py
[2024-11-03T00:48:38.102+0000] {processor.py:914} INFO - Processing file /home/airflow/.local/lib/python3.12/site-packages/airflow/example_dags/example_inlet_event_extra.py for tasks to queue
[2024-11-03T00:48:38.104+0000] {logging_mixin.py:190} INFO - [2024-11-03T00:48:38.104+0000] {dagbag.py:588} INFO - Filling up the DagBag from /home/airflow/.local/lib/python3.12/site-packages/airflow/example_dags/example_inlet_event_extra.py
[2024-11-03T00:48:38.227+0000] {processor.py:925} INFO - DAG(s) 'read_dataset_event', 'read_dataset_event_from_classic' retrieved from /home/airflow/.local/lib/python3.12/site-packages/airflow/example_dags/example_inlet_event_extra.py
[2024-11-03T00:48:38.247+0000] {logging_mixin.py:190} INFO - [2024-11-03T00:48:38.247+0000] {dag.py:3239} INFO - Sync 2 DAGs
[2024-11-03T00:48:38.272+0000] {logging_mixin.py:190} INFO - [2024-11-03T00:48:38.272+0000] {dag.py:4180} INFO - Setting next_dagrun for read_dataset_event to 2024-11-02 00:00:00+00:00, run_after=2024-11-03 00:00:00+00:00
[2024-11-03T00:48:38.277+0000] {logging_mixin.py:190} INFO - [2024-11-03T00:48:38.277+0000] {dag.py:4180} INFO - Setting next_dagrun for read_dataset_event_from_classic to 2024-11-02 00:00:00+00:00, run_after=2024-11-03 00:00:00+00:00
[2024-11-03T00:48:38.291+0000] {processor.py:208} INFO - Processing /home/airflow/.local/lib/python3.12/site-packages/airflow/example_dags/example_inlet_event_extra.py took 0.195 seconds
[2024-11-03T00:49:08.479+0000] {processor.py:186} INFO - Started process (PID=229) to work on /home/airflow/.local/lib/python3.12/site-packages/airflow/example_dags/example_inlet_event_extra.py
[2024-11-03T00:49:08.479+0000] {processor.py:914} INFO - Processing file /home/airflow/.local/lib/python3.12/site-packages/airflow/example_dags/example_inlet_event_extra.py for tasks to queue
[2024-11-03T00:49:08.481+0000] {logging_mixin.py:190} INFO - [2024-11-03T00:49:08.481+0000] {dagbag.py:588} INFO - Filling up the DagBag from /home/airflow/.local/lib/python3.12/site-packages/airflow/example_dags/example_inlet_event_extra.py
[2024-11-03T00:49:08.606+0000] {processor.py:925} INFO - DAG(s) 'read_dataset_event_from_classic', 'read_dataset_event' retrieved from /home/airflow/.local/lib/python3.12/site-packages/airflow/example_dags/example_inlet_event_extra.py
[2024-11-03T00:49:08.623+0000] {logging_mixin.py:190} INFO - [2024-11-03T00:49:08.623+0000] {dag.py:3239} INFO - Sync 2 DAGs
[2024-11-03T00:49:08.643+0000] {logging_mixin.py:190} INFO - [2024-11-03T00:49:08.643+0000] {dag.py:4180} INFO - Setting next_dagrun for read_dataset_event to 2024-11-02 00:00:00+00:00, run_after=2024-11-03 00:00:00+00:00
[2024-11-03T00:49:08.648+0000] {logging_mixin.py:190} INFO - [2024-11-03T00:49:08.648+0000] {dag.py:4180} INFO - Setting next_dagrun for read_dataset_event_from_classic to 2024-11-02 00:00:00+00:00, run_after=2024-11-03 00:00:00+00:00
[2024-11-03T00:49:08.664+0000] {processor.py:208} INFO - Processing /home/airflow/.local/lib/python3.12/site-packages/airflow/example_dags/example_inlet_event_extra.py took 0.190 seconds
[2024-11-03T00:49:38.836+0000] {processor.py:186} INFO - Started process (PID=292) to work on /home/airflow/.local/lib/python3.12/site-packages/airflow/example_dags/example_inlet_event_extra.py
[2024-11-03T00:49:38.836+0000] {processor.py:914} INFO - Processing file /home/airflow/.local/lib/python3.12/site-packages/airflow/example_dags/example_inlet_event_extra.py for tasks to queue
[2024-11-03T00:49:38.839+0000] {logging_mixin.py:190} INFO - [2024-11-03T00:49:38.838+0000] {dagbag.py:588} INFO - Filling up the DagBag from /home/airflow/.local/lib/python3.12/site-packages/airflow/example_dags/example_inlet_event_extra.py
[2024-11-03T00:49:38.958+0000] {processor.py:925} INFO - DAG(s) 'read_dataset_event', 'read_dataset_event_from_classic' retrieved from /home/airflow/.local/lib/python3.12/site-packages/airflow/example_dags/example_inlet_event_extra.py
[2024-11-03T00:49:38.977+0000] {logging_mixin.py:190} INFO - [2024-11-03T00:49:38.977+0000] {dag.py:3239} INFO - Sync 2 DAGs
[2024-11-03T00:49:38.999+0000] {logging_mixin.py:190} INFO - [2024-11-03T00:49:38.999+0000] {dag.py:4180} INFO - Setting next_dagrun for read_dataset_event to 2024-11-02 00:00:00+00:00, run_after=2024-11-03 00:00:00+00:00
[2024-11-03T00:49:39.004+0000] {logging_mixin.py:190} INFO - [2024-11-03T00:49:39.004+0000] {dag.py:4180} INFO - Setting next_dagrun for read_dataset_event_from_classic to 2024-11-02 00:00:00+00:00, run_after=2024-11-03 00:00:00+00:00
[2024-11-03T00:49:39.019+0000] {processor.py:208} INFO - Processing /home/airflow/.local/lib/python3.12/site-packages/airflow/example_dags/example_inlet_event_extra.py took 0.188 seconds
[2024-11-03T00:50:09.432+0000] {processor.py:186} INFO - Started process (PID=355) to work on /home/airflow/.local/lib/python3.12/site-packages/airflow/example_dags/example_inlet_event_extra.py
[2024-11-03T00:50:09.433+0000] {processor.py:914} INFO - Processing file /home/airflow/.local/lib/python3.12/site-packages/airflow/example_dags/example_inlet_event_extra.py for tasks to queue
[2024-11-03T00:50:09.435+0000] {logging_mixin.py:190} INFO - [2024-11-03T00:50:09.435+0000] {dagbag.py:588} INFO - Filling up the DagBag from /home/airflow/.local/lib/python3.12/site-packages/airflow/example_dags/example_inlet_event_extra.py
[2024-11-03T00:50:09.553+0000] {processor.py:925} INFO - DAG(s) 'read_dataset_event_from_classic', 'read_dataset_event' retrieved from /home/airflow/.local/lib/python3.12/site-packages/airflow/example_dags/example_inlet_event_extra.py
[2024-11-03T00:50:09.573+0000] {logging_mixin.py:190} INFO - [2024-11-03T00:50:09.573+0000] {dag.py:3239} INFO - Sync 2 DAGs
[2024-11-03T00:50:09.596+0000] {logging_mixin.py:190} INFO - [2024-11-03T00:50:09.596+0000] {dag.py:4180} INFO - Setting next_dagrun for read_dataset_event to 2024-11-02 00:00:00+00:00, run_after=2024-11-03 00:00:00+00:00
[2024-11-03T00:50:09.600+0000] {logging_mixin.py:190} INFO - [2024-11-03T00:50:09.600+0000] {dag.py:4180} INFO - Setting next_dagrun for read_dataset_event_from_classic to 2024-11-02 00:00:00+00:00, run_after=2024-11-03 00:00:00+00:00
[2024-11-03T00:50:09.614+0000] {processor.py:208} INFO - Processing /home/airflow/.local/lib/python3.12/site-packages/airflow/example_dags/example_inlet_event_extra.py took 0.187 seconds
[2024-11-03T00:50:39.948+0000] {processor.py:186} INFO - Started process (PID=418) to work on /home/airflow/.local/lib/python3.12/site-packages/airflow/example_dags/example_inlet_event_extra.py
[2024-11-03T00:50:39.949+0000] {processor.py:914} INFO - Processing file /home/airflow/.local/lib/python3.12/site-packages/airflow/example_dags/example_inlet_event_extra.py for tasks to queue
[2024-11-03T00:50:39.951+0000] {logging_mixin.py:190} INFO - [2024-11-03T00:50:39.951+0000] {dagbag.py:588} INFO - Filling up the DagBag from /home/airflow/.local/lib/python3.12/site-packages/airflow/example_dags/example_inlet_event_extra.py
[2024-11-03T00:50:40.068+0000] {processor.py:925} INFO - DAG(s) 'read_dataset_event', 'read_dataset_event_from_classic' retrieved from /home/airflow/.local/lib/python3.12/site-packages/airflow/example_dags/example_inlet_event_extra.py
[2024-11-03T00:50:40.091+0000] {logging_mixin.py:190} INFO - [2024-11-03T00:50:40.091+0000] {dag.py:3239} INFO - Sync 2 DAGs
[2024-11-03T00:50:40.112+0000] {logging_mixin.py:190} INFO - [2024-11-03T00:50:40.112+0000] {dag.py:4180} INFO - Setting next_dagrun for read_dataset_event to 2024-11-02 00:00:00+00:00, run_after=2024-11-03 00:00:00+00:00
[2024-11-03T00:50:40.116+0000] {logging_mixin.py:190} INFO - [2024-11-03T00:50:40.116+0000] {dag.py:4180} INFO - Setting next_dagrun for read_dataset_event_from_classic to 2024-11-02 00:00:00+00:00, run_after=2024-11-03 00:00:00+00:00
[2024-11-03T00:50:40.130+0000] {processor.py:208} INFO - Processing /home/airflow/.local/lib/python3.12/site-packages/airflow/example_dags/example_inlet_event_extra.py took 0.186 seconds
[2024-11-03T00:51:10.393+0000] {processor.py:186} INFO - Started process (PID=481) to work on /home/airflow/.local/lib/python3.12/site-packages/airflow/example_dags/example_inlet_event_extra.py
[2024-11-03T00:51:10.394+0000] {processor.py:914} INFO - Processing file /home/airflow/.local/lib/python3.12/site-packages/airflow/example_dags/example_inlet_event_extra.py for tasks to queue
[2024-11-03T00:51:10.396+0000] {logging_mixin.py:190} INFO - [2024-11-03T00:51:10.396+0000] {dagbag.py:588} INFO - Filling up the DagBag from /home/airflow/.local/lib/python3.12/site-packages/airflow/example_dags/example_inlet_event_extra.py
[2024-11-03T00:51:10.526+0000] {processor.py:925} INFO - DAG(s) 'read_dataset_event_from_classic', 'read_dataset_event' retrieved from /home/airflow/.local/lib/python3.12/site-packages/airflow/example_dags/example_inlet_event_extra.py
[2024-11-03T00:51:10.545+0000] {logging_mixin.py:190} INFO - [2024-11-03T00:51:10.545+0000] {dag.py:3239} INFO - Sync 2 DAGs
[2024-11-03T00:51:10.569+0000] {logging_mixin.py:190} INFO - [2024-11-03T00:51:10.569+0000] {dag.py:4180} INFO - Setting next_dagrun for read_dataset_event to 2024-11-02 00:00:00+00:00, run_after=2024-11-03 00:00:00+00:00
[2024-11-03T00:51:10.574+0000] {logging_mixin.py:190} INFO - [2024-11-03T00:51:10.574+0000] {dag.py:4180} INFO - Setting next_dagrun for read_dataset_event_from_classic to 2024-11-02 00:00:00+00:00, run_after=2024-11-03 00:00:00+00:00
[2024-11-03T00:51:10.587+0000] {processor.py:208} INFO - Processing /home/airflow/.local/lib/python3.12/site-packages/airflow/example_dags/example_inlet_event_extra.py took 0.199 seconds
[2024-11-03T00:51:40.881+0000] {processor.py:186} INFO - Started process (PID=544) to work on /home/airflow/.local/lib/python3.12/site-packages/airflow/example_dags/example_inlet_event_extra.py
[2024-11-03T00:51:40.881+0000] {processor.py:914} INFO - Processing file /home/airflow/.local/lib/python3.12/site-packages/airflow/example_dags/example_inlet_event_extra.py for tasks to queue
[2024-11-03T00:51:40.884+0000] {logging_mixin.py:190} INFO - [2024-11-03T00:51:40.883+0000] {dagbag.py:588} INFO - Filling up the DagBag from /home/airflow/.local/lib/python3.12/site-packages/airflow/example_dags/example_inlet_event_extra.py
[2024-11-03T00:51:41.005+0000] {processor.py:925} INFO - DAG(s) 'read_dataset_event_from_classic', 'read_dataset_event' retrieved from /home/airflow/.local/lib/python3.12/site-packages/airflow/example_dags/example_inlet_event_extra.py
[2024-11-03T00:51:41.025+0000] {logging_mixin.py:190} INFO - [2024-11-03T00:51:41.025+0000] {dag.py:3239} INFO - Sync 2 DAGs
[2024-11-03T00:51:41.046+0000] {logging_mixin.py:190} INFO - [2024-11-03T00:51:41.046+0000] {dag.py:4180} INFO - Setting next_dagrun for read_dataset_event to 2024-11-02 00:00:00+00:00, run_after=2024-11-03 00:00:00+00:00
[2024-11-03T00:51:41.052+0000] {logging_mixin.py:190} INFO - [2024-11-03T00:51:41.052+0000] {dag.py:4180} INFO - Setting next_dagrun for read_dataset_event_from_classic to 2024-11-02 00:00:00+00:00, run_after=2024-11-03 00:00:00+00:00
[2024-11-03T00:51:41.066+0000] {processor.py:208} INFO - Processing /home/airflow/.local/lib/python3.12/site-packages/airflow/example_dags/example_inlet_event_extra.py took 0.191 seconds
[2024-11-03T00:52:11.228+0000] {processor.py:186} INFO - Started process (PID=607) to work on /home/airflow/.local/lib/python3.12/site-packages/airflow/example_dags/example_inlet_event_extra.py
[2024-11-03T00:52:11.229+0000] {processor.py:914} INFO - Processing file /home/airflow/.local/lib/python3.12/site-packages/airflow/example_dags/example_inlet_event_extra.py for tasks to queue
[2024-11-03T00:52:11.231+0000] {logging_mixin.py:190} INFO - [2024-11-03T00:52:11.231+0000] {dagbag.py:588} INFO - Filling up the DagBag from /home/airflow/.local/lib/python3.12/site-packages/airflow/example_dags/example_inlet_event_extra.py
[2024-11-03T00:52:11.371+0000] {processor.py:925} INFO - DAG(s) 'read_dataset_event', 'read_dataset_event_from_classic' retrieved from /home/airflow/.local/lib/python3.12/site-packages/airflow/example_dags/example_inlet_event_extra.py
[2024-11-03T00:52:11.392+0000] {logging_mixin.py:190} INFO - [2024-11-03T00:52:11.391+0000] {dag.py:3239} INFO - Sync 2 DAGs
[2024-11-03T00:52:11.412+0000] {logging_mixin.py:190} INFO - [2024-11-03T00:52:11.412+0000] {dag.py:4180} INFO - Setting next_dagrun for read_dataset_event to 2024-11-02 00:00:00+00:00, run_after=2024-11-03 00:00:00+00:00
[2024-11-03T00:52:11.416+0000] {logging_mixin.py:190} INFO - [2024-11-03T00:52:11.416+0000] {dag.py:4180} INFO - Setting next_dagrun for read_dataset_event_from_classic to 2024-11-02 00:00:00+00:00, run_after=2024-11-03 00:00:00+00:00
[2024-11-03T00:52:11.430+0000] {processor.py:208} INFO - Processing /home/airflow/.local/lib/python3.12/site-packages/airflow/example_dags/example_inlet_event_extra.py took 0.207 seconds
[2024-11-03T00:52:41.557+0000] {processor.py:186} INFO - Started process (PID=670) to work on /home/airflow/.local/lib/python3.12/site-packages/airflow/example_dags/example_inlet_event_extra.py
[2024-11-03T00:52:41.557+0000] {processor.py:914} INFO - Processing file /home/airflow/.local/lib/python3.12/site-packages/airflow/example_dags/example_inlet_event_extra.py for tasks to queue
[2024-11-03T00:52:41.560+0000] {logging_mixin.py:190} INFO - [2024-11-03T00:52:41.559+0000] {dagbag.py:588} INFO - Filling up the DagBag from /home/airflow/.local/lib/python3.12/site-packages/airflow/example_dags/example_inlet_event_extra.py
[2024-11-03T00:52:41.678+0000] {processor.py:925} INFO - DAG(s) 'read_dataset_event', 'read_dataset_event_from_classic' retrieved from /home/airflow/.local/lib/python3.12/site-packages/airflow/example_dags/example_inlet_event_extra.py
[2024-11-03T00:52:41.697+0000] {logging_mixin.py:190} INFO - [2024-11-03T00:52:41.696+0000] {dag.py:3239} INFO - Sync 2 DAGs
[2024-11-03T00:52:41.717+0000] {logging_mixin.py:190} INFO - [2024-11-03T00:52:41.717+0000] {dag.py:4180} INFO - Setting next_dagrun for read_dataset_event to 2024-11-02 00:00:00+00:00, run_after=2024-11-03 00:00:00+00:00
[2024-11-03T00:52:41.721+0000] {logging_mixin.py:190} INFO - [2024-11-03T00:52:41.721+0000] {dag.py:4180} INFO - Setting next_dagrun for read_dataset_event_from_classic to 2024-11-02 00:00:00+00:00, run_after=2024-11-03 00:00:00+00:00
[2024-11-03T00:52:41.735+0000] {processor.py:208} INFO - Processing /home/airflow/.local/lib/python3.12/site-packages/airflow/example_dags/example_inlet_event_extra.py took 0.183 seconds
[2024-11-03T00:53:11.848+0000] {processor.py:186} INFO - Started process (PID=733) to work on /home/airflow/.local/lib/python3.12/site-packages/airflow/example_dags/example_inlet_event_extra.py
[2024-11-03T00:53:11.849+0000] {processor.py:914} INFO - Processing file /home/airflow/.local/lib/python3.12/site-packages/airflow/example_dags/example_inlet_event_extra.py for tasks to queue
[2024-11-03T00:53:11.851+0000] {logging_mixin.py:190} INFO - [2024-11-03T00:53:11.851+0000] {dagbag.py:588} INFO - Filling up the DagBag from /home/airflow/.local/lib/python3.12/site-packages/airflow/example_dags/example_inlet_event_extra.py
[2024-11-03T00:53:11.973+0000] {processor.py:925} INFO - DAG(s) 'read_dataset_event_from_classic', 'read_dataset_event' retrieved from /home/airflow/.local/lib/python3.12/site-packages/airflow/example_dags/example_inlet_event_extra.py
[2024-11-03T00:53:11.991+0000] {logging_mixin.py:190} INFO - [2024-11-03T00:53:11.990+0000] {dag.py:3239} INFO - Sync 2 DAGs
[2024-11-03T00:53:12.011+0000] {logging_mixin.py:190} INFO - [2024-11-03T00:53:12.011+0000] {dag.py:4180} INFO - Setting next_dagrun for read_dataset_event to 2024-11-02 00:00:00+00:00, run_after=2024-11-03 00:00:00+00:00
[2024-11-03T00:53:12.016+0000] {logging_mixin.py:190} INFO - [2024-11-03T00:53:12.016+0000] {dag.py:4180} INFO - Setting next_dagrun for read_dataset_event_from_classic to 2024-11-02 00:00:00+00:00, run_after=2024-11-03 00:00:00+00:00
[2024-11-03T00:53:12.029+0000] {processor.py:208} INFO - Processing /home/airflow/.local/lib/python3.12/site-packages/airflow/example_dags/example_inlet_event_extra.py took 0.185 seconds
[2024-11-03T00:53:42.342+0000] {processor.py:186} INFO - Started process (PID=796) to work on /home/airflow/.local/lib/python3.12/site-packages/airflow/example_dags/example_inlet_event_extra.py
[2024-11-03T00:53:42.343+0000] {processor.py:914} INFO - Processing file /home/airflow/.local/lib/python3.12/site-packages/airflow/example_dags/example_inlet_event_extra.py for tasks to queue
[2024-11-03T00:53:42.345+0000] {logging_mixin.py:190} INFO - [2024-11-03T00:53:42.345+0000] {dagbag.py:588} INFO - Filling up the DagBag from /home/airflow/.local/lib/python3.12/site-packages/airflow/example_dags/example_inlet_event_extra.py
[2024-11-03T00:53:42.464+0000] {processor.py:925} INFO - DAG(s) 'read_dataset_event_from_classic', 'read_dataset_event' retrieved from /home/airflow/.local/lib/python3.12/site-packages/airflow/example_dags/example_inlet_event_extra.py
[2024-11-03T00:53:42.483+0000] {logging_mixin.py:190} INFO - [2024-11-03T00:53:42.483+0000] {dag.py:3239} INFO - Sync 2 DAGs
[2024-11-03T00:53:42.504+0000] {logging_mixin.py:190} INFO - [2024-11-03T00:53:42.504+0000] {dag.py:4180} INFO - Setting next_dagrun for read_dataset_event to 2024-11-02 00:00:00+00:00, run_after=2024-11-03 00:00:00+00:00
[2024-11-03T00:53:42.508+0000] {logging_mixin.py:190} INFO - [2024-11-03T00:53:42.508+0000] {dag.py:4180} INFO - Setting next_dagrun for read_dataset_event_from_classic to 2024-11-02 00:00:00+00:00, run_after=2024-11-03 00:00:00+00:00
[2024-11-03T00:53:42.521+0000] {processor.py:208} INFO - Processing /home/airflow/.local/lib/python3.12/site-packages/airflow/example_dags/example_inlet_event_extra.py took 0.184 seconds
[2024-11-03T00:54:13.518+0000] {processor.py:186} INFO - Started process (PID=859) to work on /home/airflow/.local/lib/python3.12/site-packages/airflow/example_dags/example_inlet_event_extra.py
[2024-11-03T00:54:13.519+0000] {processor.py:914} INFO - Processing file /home/airflow/.local/lib/python3.12/site-packages/airflow/example_dags/example_inlet_event_extra.py for tasks to queue
[2024-11-03T00:54:13.521+0000] {logging_mixin.py:190} INFO - [2024-11-03T00:54:13.521+0000] {dagbag.py:588} INFO - Filling up the DagBag from /home/airflow/.local/lib/python3.12/site-packages/airflow/example_dags/example_inlet_event_extra.py
[2024-11-03T00:54:13.668+0000] {processor.py:925} INFO - DAG(s) 'read_dataset_event_from_classic', 'read_dataset_event' retrieved from /home/airflow/.local/lib/python3.12/site-packages/airflow/example_dags/example_inlet_event_extra.py
[2024-11-03T00:54:13.686+0000] {logging_mixin.py:190} INFO - [2024-11-03T00:54:13.686+0000] {dag.py:3239} INFO - Sync 2 DAGs
[2024-11-03T00:54:13.709+0000] {logging_mixin.py:190} INFO - [2024-11-03T00:54:13.708+0000] {dag.py:4180} INFO - Setting next_dagrun for read_dataset_event to 2024-11-02 00:00:00+00:00, run_after=2024-11-03 00:00:00+00:00
[2024-11-03T00:54:13.713+0000] {logging_mixin.py:190} INFO - [2024-11-03T00:54:13.713+0000] {dag.py:4180} INFO - Setting next_dagrun for read_dataset_event_from_classic to 2024-11-02 00:00:00+00:00, run_after=2024-11-03 00:00:00+00:00
[2024-11-03T00:54:13.727+0000] {processor.py:208} INFO - Processing /home/airflow/.local/lib/python3.12/site-packages/airflow/example_dags/example_inlet_event_extra.py took 0.214 seconds
[2024-11-03T00:54:43.961+0000] {processor.py:186} INFO - Started process (PID=922) to work on /home/airflow/.local/lib/python3.12/site-packages/airflow/example_dags/example_inlet_event_extra.py
[2024-11-03T00:54:43.962+0000] {processor.py:914} INFO - Processing file /home/airflow/.local/lib/python3.12/site-packages/airflow/example_dags/example_inlet_event_extra.py for tasks to queue
[2024-11-03T00:54:43.964+0000] {logging_mixin.py:190} INFO - [2024-11-03T00:54:43.963+0000] {dagbag.py:588} INFO - Filling up the DagBag from /home/airflow/.local/lib/python3.12/site-packages/airflow/example_dags/example_inlet_event_extra.py
[2024-11-03T00:54:44.087+0000] {processor.py:925} INFO - DAG(s) 'read_dataset_event_from_classic', 'read_dataset_event' retrieved from /home/airflow/.local/lib/python3.12/site-packages/airflow/example_dags/example_inlet_event_extra.py
[2024-11-03T00:54:44.106+0000] {logging_mixin.py:190} INFO - [2024-11-03T00:54:44.106+0000] {dag.py:3239} INFO - Sync 2 DAGs
[2024-11-03T00:54:44.127+0000] {logging_mixin.py:190} INFO - [2024-11-03T00:54:44.127+0000] {dag.py:4180} INFO - Setting next_dagrun for read_dataset_event to 2024-11-02 00:00:00+00:00, run_after=2024-11-03 00:00:00+00:00
[2024-11-03T00:54:44.132+0000] {logging_mixin.py:190} INFO - [2024-11-03T00:54:44.132+0000] {dag.py:4180} INFO - Setting next_dagrun for read_dataset_event_from_classic to 2024-11-02 00:00:00+00:00, run_after=2024-11-03 00:00:00+00:00
[2024-11-03T00:54:44.147+0000] {processor.py:208} INFO - Processing /home/airflow/.local/lib/python3.12/site-packages/airflow/example_dags/example_inlet_event_extra.py took 0.191 seconds
[2024-11-03T00:55:14.195+0000] {processor.py:186} INFO - Started process (PID=985) to work on /home/airflow/.local/lib/python3.12/site-packages/airflow/example_dags/example_inlet_event_extra.py
[2024-11-03T00:55:14.196+0000] {processor.py:914} INFO - Processing file /home/airflow/.local/lib/python3.12/site-packages/airflow/example_dags/example_inlet_event_extra.py for tasks to queue
[2024-11-03T00:55:14.198+0000] {logging_mixin.py:190} INFO - [2024-11-03T00:55:14.197+0000] {dagbag.py:588} INFO - Filling up the DagBag from /home/airflow/.local/lib/python3.12/site-packages/airflow/example_dags/example_inlet_event_extra.py
[2024-11-03T00:55:14.320+0000] {processor.py:925} INFO - DAG(s) 'read_dataset_event', 'read_dataset_event_from_classic' retrieved from /home/airflow/.local/lib/python3.12/site-packages/airflow/example_dags/example_inlet_event_extra.py
[2024-11-03T00:55:14.339+0000] {logging_mixin.py:190} INFO - [2024-11-03T00:55:14.339+0000] {dag.py:3239} INFO - Sync 2 DAGs
[2024-11-03T00:55:14.361+0000] {logging_mixin.py:190} INFO - [2024-11-03T00:55:14.361+0000] {dag.py:4180} INFO - Setting next_dagrun for read_dataset_event to 2024-11-02 00:00:00+00:00, run_after=2024-11-03 00:00:00+00:00
[2024-11-03T00:55:14.365+0000] {logging_mixin.py:190} INFO - [2024-11-03T00:55:14.365+0000] {dag.py:4180} INFO - Setting next_dagrun for read_dataset_event_from_classic to 2024-11-02 00:00:00+00:00, run_after=2024-11-03 00:00:00+00:00
[2024-11-03T00:55:14.380+0000] {processor.py:208} INFO - Processing /home/airflow/.local/lib/python3.12/site-packages/airflow/example_dags/example_inlet_event_extra.py took 0.189 seconds
[2024-11-03T00:55:44.597+0000] {processor.py:186} INFO - Started process (PID=1048) to work on /home/airflow/.local/lib/python3.12/site-packages/airflow/example_dags/example_inlet_event_extra.py
[2024-11-03T00:55:44.598+0000] {processor.py:914} INFO - Processing file /home/airflow/.local/lib/python3.12/site-packages/airflow/example_dags/example_inlet_event_extra.py for tasks to queue
[2024-11-03T00:55:44.601+0000] {logging_mixin.py:190} INFO - [2024-11-03T00:55:44.600+0000] {dagbag.py:588} INFO - Filling up the DagBag from /home/airflow/.local/lib/python3.12/site-packages/airflow/example_dags/example_inlet_event_extra.py
[2024-11-03T00:55:44.775+0000] {processor.py:925} INFO - DAG(s) 'read_dataset_event', 'read_dataset_event_from_classic' retrieved from /home/airflow/.local/lib/python3.12/site-packages/airflow/example_dags/example_inlet_event_extra.py
[2024-11-03T00:55:44.795+0000] {logging_mixin.py:190} INFO - [2024-11-03T00:55:44.795+0000] {dag.py:3239} INFO - Sync 2 DAGs
[2024-11-03T00:55:44.821+0000] {logging_mixin.py:190} INFO - [2024-11-03T00:55:44.821+0000] {dag.py:4180} INFO - Setting next_dagrun for read_dataset_event to 2024-11-02 00:00:00+00:00, run_after=2024-11-03 00:00:00+00:00
[2024-11-03T00:55:44.826+0000] {logging_mixin.py:190} INFO - [2024-11-03T00:55:44.826+0000] {dag.py:4180} INFO - Setting next_dagrun for read_dataset_event_from_classic to 2024-11-02 00:00:00+00:00, run_after=2024-11-03 00:00:00+00:00
[2024-11-03T00:55:44.844+0000] {processor.py:208} INFO - Processing /home/airflow/.local/lib/python3.12/site-packages/airflow/example_dags/example_inlet_event_extra.py took 0.255 seconds
[2024-11-03T00:56:15.203+0000] {processor.py:186} INFO - Started process (PID=1111) to work on /home/airflow/.local/lib/python3.12/site-packages/airflow/example_dags/example_inlet_event_extra.py
[2024-11-03T00:56:15.203+0000] {processor.py:914} INFO - Processing file /home/airflow/.local/lib/python3.12/site-packages/airflow/example_dags/example_inlet_event_extra.py for tasks to queue
[2024-11-03T00:56:15.206+0000] {logging_mixin.py:190} INFO - [2024-11-03T00:56:15.205+0000] {dagbag.py:588} INFO - Filling up the DagBag from /home/airflow/.local/lib/python3.12/site-packages/airflow/example_dags/example_inlet_event_extra.py
[2024-11-03T00:56:15.328+0000] {processor.py:925} INFO - DAG(s) 'read_dataset_event', 'read_dataset_event_from_classic' retrieved from /home/airflow/.local/lib/python3.12/site-packages/airflow/example_dags/example_inlet_event_extra.py
[2024-11-03T00:56:15.345+0000] {logging_mixin.py:190} INFO - [2024-11-03T00:56:15.345+0000] {dag.py:3239} INFO - Sync 2 DAGs
[2024-11-03T00:56:15.365+0000] {logging_mixin.py:190} INFO - [2024-11-03T00:56:15.365+0000] {dag.py:4180} INFO - Setting next_dagrun for read_dataset_event to 2024-11-02 00:00:00+00:00, run_after=2024-11-03 00:00:00+00:00
[2024-11-03T00:56:15.370+0000] {logging_mixin.py:190} INFO - [2024-11-03T00:56:15.370+0000] {dag.py:4180} INFO - Setting next_dagrun for read_dataset_event_from_classic to 2024-11-02 00:00:00+00:00, run_after=2024-11-03 00:00:00+00:00
[2024-11-03T00:56:15.385+0000] {processor.py:208} INFO - Processing /home/airflow/.local/lib/python3.12/site-packages/airflow/example_dags/example_inlet_event_extra.py took 0.187 seconds
[2024-11-03T00:56:45.577+0000] {processor.py:186} INFO - Started process (PID=1174) to work on /home/airflow/.local/lib/python3.12/site-packages/airflow/example_dags/example_inlet_event_extra.py
[2024-11-03T00:56:45.578+0000] {processor.py:914} INFO - Processing file /home/airflow/.local/lib/python3.12/site-packages/airflow/example_dags/example_inlet_event_extra.py for tasks to queue
[2024-11-03T00:56:45.580+0000] {logging_mixin.py:190} INFO - [2024-11-03T00:56:45.580+0000] {dagbag.py:588} INFO - Filling up the DagBag from /home/airflow/.local/lib/python3.12/site-packages/airflow/example_dags/example_inlet_event_extra.py
[2024-11-03T00:56:45.699+0000] {processor.py:925} INFO - DAG(s) 'read_dataset_event', 'read_dataset_event_from_classic' retrieved from /home/airflow/.local/lib/python3.12/site-packages/airflow/example_dags/example_inlet_event_extra.py
[2024-11-03T00:56:45.723+0000] {logging_mixin.py:190} INFO - [2024-11-03T00:56:45.723+0000] {dag.py:3239} INFO - Sync 2 DAGs
[2024-11-03T00:56:45.743+0000] {logging_mixin.py:190} INFO - [2024-11-03T00:56:45.743+0000] {dag.py:4180} INFO - Setting next_dagrun for read_dataset_event to 2024-11-02 00:00:00+00:00, run_after=2024-11-03 00:00:00+00:00
[2024-11-03T00:56:45.748+0000] {logging_mixin.py:190} INFO - [2024-11-03T00:56:45.748+0000] {dag.py:4180} INFO - Setting next_dagrun for read_dataset_event_from_classic to 2024-11-02 00:00:00+00:00, run_after=2024-11-03 00:00:00+00:00
[2024-11-03T00:56:45.763+0000] {processor.py:208} INFO - Processing /home/airflow/.local/lib/python3.12/site-packages/airflow/example_dags/example_inlet_event_extra.py took 0.190 seconds
[2024-11-03T00:57:15.965+0000] {processor.py:186} INFO - Started process (PID=1237) to work on /home/airflow/.local/lib/python3.12/site-packages/airflow/example_dags/example_inlet_event_extra.py
[2024-11-03T00:57:15.966+0000] {processor.py:914} INFO - Processing file /home/airflow/.local/lib/python3.12/site-packages/airflow/example_dags/example_inlet_event_extra.py for tasks to queue
[2024-11-03T00:57:15.968+0000] {logging_mixin.py:190} INFO - [2024-11-03T00:57:15.968+0000] {dagbag.py:588} INFO - Filling up the DagBag from /home/airflow/.local/lib/python3.12/site-packages/airflow/example_dags/example_inlet_event_extra.py
[2024-11-03T00:57:16.093+0000] {processor.py:925} INFO - DAG(s) 'read_dataset_event_from_classic', 'read_dataset_event' retrieved from /home/airflow/.local/lib/python3.12/site-packages/airflow/example_dags/example_inlet_event_extra.py
[2024-11-03T00:57:16.112+0000] {logging_mixin.py:190} INFO - [2024-11-03T00:57:16.112+0000] {dag.py:3239} INFO - Sync 2 DAGs
[2024-11-03T00:57:16.134+0000] {logging_mixin.py:190} INFO - [2024-11-03T00:57:16.133+0000] {dag.py:4180} INFO - Setting next_dagrun for read_dataset_event to 2024-11-02 00:00:00+00:00, run_after=2024-11-03 00:00:00+00:00
[2024-11-03T00:57:16.138+0000] {logging_mixin.py:190} INFO - [2024-11-03T00:57:16.138+0000] {dag.py:4180} INFO - Setting next_dagrun for read_dataset_event_from_classic to 2024-11-02 00:00:00+00:00, run_after=2024-11-03 00:00:00+00:00
[2024-11-03T00:57:16.152+0000] {processor.py:208} INFO - Processing /home/airflow/.local/lib/python3.12/site-packages/airflow/example_dags/example_inlet_event_extra.py took 0.191 seconds
[2024-11-03T00:57:46.191+0000] {processor.py:186} INFO - Started process (PID=1301) to work on /home/airflow/.local/lib/python3.12/site-packages/airflow/example_dags/example_inlet_event_extra.py
[2024-11-03T00:57:46.192+0000] {processor.py:914} INFO - Processing file /home/airflow/.local/lib/python3.12/site-packages/airflow/example_dags/example_inlet_event_extra.py for tasks to queue
[2024-11-03T00:57:46.194+0000] {logging_mixin.py:190} INFO - [2024-11-03T00:57:46.193+0000] {dagbag.py:588} INFO - Filling up the DagBag from /home/airflow/.local/lib/python3.12/site-packages/airflow/example_dags/example_inlet_event_extra.py
[2024-11-03T00:57:46.318+0000] {processor.py:925} INFO - DAG(s) 'read_dataset_event', 'read_dataset_event_from_classic' retrieved from /home/airflow/.local/lib/python3.12/site-packages/airflow/example_dags/example_inlet_event_extra.py
[2024-11-03T00:57:46.338+0000] {logging_mixin.py:190} INFO - [2024-11-03T00:57:46.338+0000] {dag.py:3239} INFO - Sync 2 DAGs
[2024-11-03T00:57:46.360+0000] {logging_mixin.py:190} INFO - [2024-11-03T00:57:46.360+0000] {dag.py:4180} INFO - Setting next_dagrun for read_dataset_event to 2024-11-02 00:00:00+00:00, run_after=2024-11-03 00:00:00+00:00
[2024-11-03T00:57:46.365+0000] {logging_mixin.py:190} INFO - [2024-11-03T00:57:46.365+0000] {dag.py:4180} INFO - Setting next_dagrun for read_dataset_event_from_classic to 2024-11-02 00:00:00+00:00, run_after=2024-11-03 00:00:00+00:00
[2024-11-03T00:57:46.381+0000] {processor.py:208} INFO - Processing /home/airflow/.local/lib/python3.12/site-packages/airflow/example_dags/example_inlet_event_extra.py took 0.195 seconds
[2024-11-03T00:58:16.554+0000] {processor.py:186} INFO - Started process (PID=1363) to work on /home/airflow/.local/lib/python3.12/site-packages/airflow/example_dags/example_inlet_event_extra.py
[2024-11-03T00:58:16.555+0000] {processor.py:914} INFO - Processing file /home/airflow/.local/lib/python3.12/site-packages/airflow/example_dags/example_inlet_event_extra.py for tasks to queue
[2024-11-03T00:58:16.557+0000] {logging_mixin.py:190} INFO - [2024-11-03T00:58:16.556+0000] {dagbag.py:588} INFO - Filling up the DagBag from /home/airflow/.local/lib/python3.12/site-packages/airflow/example_dags/example_inlet_event_extra.py
[2024-11-03T00:58:16.682+0000] {processor.py:925} INFO - DAG(s) 'read_dataset_event_from_classic', 'read_dataset_event' retrieved from /home/airflow/.local/lib/python3.12/site-packages/airflow/example_dags/example_inlet_event_extra.py
[2024-11-03T00:58:16.701+0000] {logging_mixin.py:190} INFO - [2024-11-03T00:58:16.700+0000] {dag.py:3239} INFO - Sync 2 DAGs
[2024-11-03T00:58:16.724+0000] {logging_mixin.py:190} INFO - [2024-11-03T00:58:16.723+0000] {dag.py:4180} INFO - Setting next_dagrun for read_dataset_event to 2024-11-02 00:00:00+00:00, run_after=2024-11-03 00:00:00+00:00
[2024-11-03T00:58:16.728+0000] {logging_mixin.py:190} INFO - [2024-11-03T00:58:16.728+0000] {dag.py:4180} INFO - Setting next_dagrun for read_dataset_event_from_classic to 2024-11-02 00:00:00+00:00, run_after=2024-11-03 00:00:00+00:00
[2024-11-03T00:58:16.742+0000] {processor.py:208} INFO - Processing /home/airflow/.local/lib/python3.12/site-packages/airflow/example_dags/example_inlet_event_extra.py took 0.194 seconds
[2024-11-03T00:58:46.862+0000] {processor.py:186} INFO - Started process (PID=1426) to work on /home/airflow/.local/lib/python3.12/site-packages/airflow/example_dags/example_inlet_event_extra.py
[2024-11-03T00:58:46.863+0000] {processor.py:914} INFO - Processing file /home/airflow/.local/lib/python3.12/site-packages/airflow/example_dags/example_inlet_event_extra.py for tasks to queue
[2024-11-03T00:58:46.866+0000] {logging_mixin.py:190} INFO - [2024-11-03T00:58:46.865+0000] {dagbag.py:588} INFO - Filling up the DagBag from /home/airflow/.local/lib/python3.12/site-packages/airflow/example_dags/example_inlet_event_extra.py
[2024-11-03T00:58:46.986+0000] {processor.py:925} INFO - DAG(s) 'read_dataset_event_from_classic', 'read_dataset_event' retrieved from /home/airflow/.local/lib/python3.12/site-packages/airflow/example_dags/example_inlet_event_extra.py
[2024-11-03T00:58:47.006+0000] {logging_mixin.py:190} INFO - [2024-11-03T00:58:47.005+0000] {dag.py:3239} INFO - Sync 2 DAGs
[2024-11-03T00:58:47.028+0000] {logging_mixin.py:190} INFO - [2024-11-03T00:58:47.027+0000] {dag.py:4180} INFO - Setting next_dagrun for read_dataset_event to 2024-11-02 00:00:00+00:00, run_after=2024-11-03 00:00:00+00:00
[2024-11-03T00:58:47.032+0000] {logging_mixin.py:190} INFO - [2024-11-03T00:58:47.032+0000] {dag.py:4180} INFO - Setting next_dagrun for read_dataset_event_from_classic to 2024-11-02 00:00:00+00:00, run_after=2024-11-03 00:00:00+00:00
[2024-11-03T00:58:47.046+0000] {processor.py:208} INFO - Processing /home/airflow/.local/lib/python3.12/site-packages/airflow/example_dags/example_inlet_event_extra.py took 0.188 seconds
[2024-11-03T00:59:17.259+0000] {processor.py:186} INFO - Started process (PID=1489) to work on /home/airflow/.local/lib/python3.12/site-packages/airflow/example_dags/example_inlet_event_extra.py
[2024-11-03T00:59:17.260+0000] {processor.py:914} INFO - Processing file /home/airflow/.local/lib/python3.12/site-packages/airflow/example_dags/example_inlet_event_extra.py for tasks to queue
[2024-11-03T00:59:17.262+0000] {logging_mixin.py:190} INFO - [2024-11-03T00:59:17.262+0000] {dagbag.py:588} INFO - Filling up the DagBag from /home/airflow/.local/lib/python3.12/site-packages/airflow/example_dags/example_inlet_event_extra.py
[2024-11-03T00:59:17.385+0000] {processor.py:925} INFO - DAG(s) 'read_dataset_event', 'read_dataset_event_from_classic' retrieved from /home/airflow/.local/lib/python3.12/site-packages/airflow/example_dags/example_inlet_event_extra.py
[2024-11-03T00:59:17.405+0000] {logging_mixin.py:190} INFO - [2024-11-03T00:59:17.405+0000] {dag.py:3239} INFO - Sync 2 DAGs
[2024-11-03T00:59:17.431+0000] {logging_mixin.py:190} INFO - [2024-11-03T00:59:17.431+0000] {dag.py:4180} INFO - Setting next_dagrun for read_dataset_event to 2024-11-02 00:00:00+00:00, run_after=2024-11-03 00:00:00+00:00
[2024-11-03T00:59:17.437+0000] {logging_mixin.py:190} INFO - [2024-11-03T00:59:17.437+0000] {dag.py:4180} INFO - Setting next_dagrun for read_dataset_event_from_classic to 2024-11-02 00:00:00+00:00, run_after=2024-11-03 00:00:00+00:00
[2024-11-03T00:59:17.453+0000] {processor.py:208} INFO - Processing /home/airflow/.local/lib/python3.12/site-packages/airflow/example_dags/example_inlet_event_extra.py took 0.198 seconds
[2024-11-03T00:59:47.539+0000] {processor.py:186} INFO - Started process (PID=1553) to work on /home/airflow/.local/lib/python3.12/site-packages/airflow/example_dags/example_inlet_event_extra.py
[2024-11-03T00:59:47.540+0000] {processor.py:914} INFO - Processing file /home/airflow/.local/lib/python3.12/site-packages/airflow/example_dags/example_inlet_event_extra.py for tasks to queue
[2024-11-03T00:59:47.542+0000] {logging_mixin.py:190} INFO - [2024-11-03T00:59:47.542+0000] {dagbag.py:588} INFO - Filling up the DagBag from /home/airflow/.local/lib/python3.12/site-packages/airflow/example_dags/example_inlet_event_extra.py
[2024-11-03T00:59:47.671+0000] {processor.py:925} INFO - DAG(s) 'read_dataset_event_from_classic', 'read_dataset_event' retrieved from /home/airflow/.local/lib/python3.12/site-packages/airflow/example_dags/example_inlet_event_extra.py
[2024-11-03T00:59:47.692+0000] {logging_mixin.py:190} INFO - [2024-11-03T00:59:47.692+0000] {dag.py:3239} INFO - Sync 2 DAGs
[2024-11-03T00:59:47.713+0000] {logging_mixin.py:190} INFO - [2024-11-03T00:59:47.713+0000] {dag.py:4180} INFO - Setting next_dagrun for read_dataset_event to 2024-11-02 00:00:00+00:00, run_after=2024-11-03 00:00:00+00:00
[2024-11-03T00:59:47.718+0000] {logging_mixin.py:190} INFO - [2024-11-03T00:59:47.717+0000] {dag.py:4180} INFO - Setting next_dagrun for read_dataset_event_from_classic to 2024-11-02 00:00:00+00:00, run_after=2024-11-03 00:00:00+00:00
[2024-11-03T00:59:47.731+0000] {processor.py:208} INFO - Processing /home/airflow/.local/lib/python3.12/site-packages/airflow/example_dags/example_inlet_event_extra.py took 0.196 seconds
[2024-11-03T01:00:18.206+0000] {processor.py:186} INFO - Started process (PID=1615) to work on /home/airflow/.local/lib/python3.12/site-packages/airflow/example_dags/example_inlet_event_extra.py
[2024-11-03T01:00:18.207+0000] {processor.py:914} INFO - Processing file /home/airflow/.local/lib/python3.12/site-packages/airflow/example_dags/example_inlet_event_extra.py for tasks to queue
[2024-11-03T01:00:18.209+0000] {logging_mixin.py:190} INFO - [2024-11-03T01:00:18.209+0000] {dagbag.py:588} INFO - Filling up the DagBag from /home/airflow/.local/lib/python3.12/site-packages/airflow/example_dags/example_inlet_event_extra.py
[2024-11-03T01:00:18.328+0000] {processor.py:925} INFO - DAG(s) 'read_dataset_event_from_classic', 'read_dataset_event' retrieved from /home/airflow/.local/lib/python3.12/site-packages/airflow/example_dags/example_inlet_event_extra.py
[2024-11-03T01:00:18.345+0000] {logging_mixin.py:190} INFO - [2024-11-03T01:00:18.345+0000] {dag.py:3239} INFO - Sync 2 DAGs
[2024-11-03T01:00:18.366+0000] {logging_mixin.py:190} INFO - [2024-11-03T01:00:18.366+0000] {dag.py:4180} INFO - Setting next_dagrun for read_dataset_event to 2024-11-02 00:00:00+00:00, run_after=2024-11-03 00:00:00+00:00
[2024-11-03T01:00:18.371+0000] {logging_mixin.py:190} INFO - [2024-11-03T01:00:18.371+0000] {dag.py:4180} INFO - Setting next_dagrun for read_dataset_event_from_classic to 2024-11-02 00:00:00+00:00, run_after=2024-11-03 00:00:00+00:00
[2024-11-03T01:00:18.384+0000] {processor.py:208} INFO - Processing /home/airflow/.local/lib/python3.12/site-packages/airflow/example_dags/example_inlet_event_extra.py took 0.182 seconds
[2024-11-03T01:00:48.758+0000] {processor.py:186} INFO - Started process (PID=1678) to work on /home/airflow/.local/lib/python3.12/site-packages/airflow/example_dags/example_inlet_event_extra.py
[2024-11-03T01:00:48.759+0000] {processor.py:914} INFO - Processing file /home/airflow/.local/lib/python3.12/site-packages/airflow/example_dags/example_inlet_event_extra.py for tasks to queue
[2024-11-03T01:00:48.761+0000] {logging_mixin.py:190} INFO - [2024-11-03T01:00:48.761+0000] {dagbag.py:588} INFO - Filling up the DagBag from /home/airflow/.local/lib/python3.12/site-packages/airflow/example_dags/example_inlet_event_extra.py
[2024-11-03T01:00:48.888+0000] {processor.py:925} INFO - DAG(s) 'read_dataset_event', 'read_dataset_event_from_classic' retrieved from /home/airflow/.local/lib/python3.12/site-packages/airflow/example_dags/example_inlet_event_extra.py
[2024-11-03T01:00:48.907+0000] {logging_mixin.py:190} INFO - [2024-11-03T01:00:48.907+0000] {dag.py:3239} INFO - Sync 2 DAGs
[2024-11-03T01:00:48.930+0000] {logging_mixin.py:190} INFO - [2024-11-03T01:00:48.930+0000] {dag.py:4180} INFO - Setting next_dagrun for read_dataset_event to 2024-11-02 00:00:00+00:00, run_after=2024-11-03 00:00:00+00:00
[2024-11-03T01:00:48.936+0000] {logging_mixin.py:190} INFO - [2024-11-03T01:00:48.936+0000] {dag.py:4180} INFO - Setting next_dagrun for read_dataset_event_from_classic to 2024-11-02 00:00:00+00:00, run_after=2024-11-03 00:00:00+00:00
[2024-11-03T01:00:49.113+0000] {processor.py:208} INFO - Processing /home/airflow/.local/lib/python3.12/site-packages/airflow/example_dags/example_inlet_event_extra.py took 0.360 seconds
[2024-11-03T01:01:19.209+0000] {processor.py:186} INFO - Started process (PID=1741) to work on /home/airflow/.local/lib/python3.12/site-packages/airflow/example_dags/example_inlet_event_extra.py
[2024-11-03T01:01:19.210+0000] {processor.py:914} INFO - Processing file /home/airflow/.local/lib/python3.12/site-packages/airflow/example_dags/example_inlet_event_extra.py for tasks to queue
[2024-11-03T01:01:19.211+0000] {logging_mixin.py:190} INFO - [2024-11-03T01:01:19.211+0000] {dagbag.py:588} INFO - Filling up the DagBag from /home/airflow/.local/lib/python3.12/site-packages/airflow/example_dags/example_inlet_event_extra.py
[2024-11-03T01:01:19.330+0000] {processor.py:925} INFO - DAG(s) 'read_dataset_event_from_classic', 'read_dataset_event' retrieved from /home/airflow/.local/lib/python3.12/site-packages/airflow/example_dags/example_inlet_event_extra.py
[2024-11-03T01:01:19.348+0000] {logging_mixin.py:190} INFO - [2024-11-03T01:01:19.348+0000] {dag.py:3239} INFO - Sync 2 DAGs
[2024-11-03T01:01:19.369+0000] {logging_mixin.py:190} INFO - [2024-11-03T01:01:19.368+0000] {dag.py:4180} INFO - Setting next_dagrun for read_dataset_event to 2024-11-02 00:00:00+00:00, run_after=2024-11-03 00:00:00+00:00
[2024-11-03T01:01:19.373+0000] {logging_mixin.py:190} INFO - [2024-11-03T01:01:19.373+0000] {dag.py:4180} INFO - Setting next_dagrun for read_dataset_event_from_classic to 2024-11-02 00:00:00+00:00, run_after=2024-11-03 00:00:00+00:00
[2024-11-03T01:01:19.387+0000] {processor.py:208} INFO - Processing /home/airflow/.local/lib/python3.12/site-packages/airflow/example_dags/example_inlet_event_extra.py took 0.183 seconds
[2024-11-03T01:01:49.580+0000] {processor.py:186} INFO - Started process (PID=1804) to work on /home/airflow/.local/lib/python3.12/site-packages/airflow/example_dags/example_inlet_event_extra.py
[2024-11-03T01:01:49.581+0000] {processor.py:914} INFO - Processing file /home/airflow/.local/lib/python3.12/site-packages/airflow/example_dags/example_inlet_event_extra.py for tasks to queue
[2024-11-03T01:01:49.584+0000] {logging_mixin.py:190} INFO - [2024-11-03T01:01:49.583+0000] {dagbag.py:588} INFO - Filling up the DagBag from /home/airflow/.local/lib/python3.12/site-packages/airflow/example_dags/example_inlet_event_extra.py
[2024-11-03T01:01:49.711+0000] {processor.py:925} INFO - DAG(s) 'read_dataset_event_from_classic', 'read_dataset_event' retrieved from /home/airflow/.local/lib/python3.12/site-packages/airflow/example_dags/example_inlet_event_extra.py
[2024-11-03T01:01:49.730+0000] {logging_mixin.py:190} INFO - [2024-11-03T01:01:49.730+0000] {dag.py:3239} INFO - Sync 2 DAGs
[2024-11-03T01:01:49.751+0000] {logging_mixin.py:190} INFO - [2024-11-03T01:01:49.751+0000] {dag.py:4180} INFO - Setting next_dagrun for read_dataset_event to 2024-11-02 00:00:00+00:00, run_after=2024-11-03 00:00:00+00:00
[2024-11-03T01:01:49.756+0000] {logging_mixin.py:190} INFO - [2024-11-03T01:01:49.755+0000] {dag.py:4180} INFO - Setting next_dagrun for read_dataset_event_from_classic to 2024-11-02 00:00:00+00:00, run_after=2024-11-03 00:00:00+00:00
[2024-11-03T01:01:49.770+0000] {processor.py:208} INFO - Processing /home/airflow/.local/lib/python3.12/site-packages/airflow/example_dags/example_inlet_event_extra.py took 0.194 seconds
[2024-11-03T01:02:19.869+0000] {processor.py:186} INFO - Started process (PID=1867) to work on /home/airflow/.local/lib/python3.12/site-packages/airflow/example_dags/example_inlet_event_extra.py
[2024-11-03T01:02:19.870+0000] {processor.py:914} INFO - Processing file /home/airflow/.local/lib/python3.12/site-packages/airflow/example_dags/example_inlet_event_extra.py for tasks to queue
[2024-11-03T01:02:19.872+0000] {logging_mixin.py:190} INFO - [2024-11-03T01:02:19.872+0000] {dagbag.py:588} INFO - Filling up the DagBag from /home/airflow/.local/lib/python3.12/site-packages/airflow/example_dags/example_inlet_event_extra.py
[2024-11-03T01:02:20.014+0000] {processor.py:925} INFO - DAG(s) 'read_dataset_event_from_classic', 'read_dataset_event' retrieved from /home/airflow/.local/lib/python3.12/site-packages/airflow/example_dags/example_inlet_event_extra.py
[2024-11-03T01:02:20.033+0000] {logging_mixin.py:190} INFO - [2024-11-03T01:02:20.033+0000] {dag.py:3239} INFO - Sync 2 DAGs
[2024-11-03T01:02:20.055+0000] {logging_mixin.py:190} INFO - [2024-11-03T01:02:20.055+0000] {dag.py:4180} INFO - Setting next_dagrun for read_dataset_event to 2024-11-02 00:00:00+00:00, run_after=2024-11-03 00:00:00+00:00
[2024-11-03T01:02:20.059+0000] {logging_mixin.py:190} INFO - [2024-11-03T01:02:20.059+0000] {dag.py:4180} INFO - Setting next_dagrun for read_dataset_event_from_classic to 2024-11-02 00:00:00+00:00, run_after=2024-11-03 00:00:00+00:00
[2024-11-03T01:02:20.073+0000] {processor.py:208} INFO - Processing /home/airflow/.local/lib/python3.12/site-packages/airflow/example_dags/example_inlet_event_extra.py took 0.208 seconds
[2024-11-03T01:02:50.145+0000] {processor.py:186} INFO - Started process (PID=1930) to work on /home/airflow/.local/lib/python3.12/site-packages/airflow/example_dags/example_inlet_event_extra.py
[2024-11-03T01:02:50.146+0000] {processor.py:914} INFO - Processing file /home/airflow/.local/lib/python3.12/site-packages/airflow/example_dags/example_inlet_event_extra.py for tasks to queue
[2024-11-03T01:02:50.148+0000] {logging_mixin.py:190} INFO - [2024-11-03T01:02:50.147+0000] {dagbag.py:588} INFO - Filling up the DagBag from /home/airflow/.local/lib/python3.12/site-packages/airflow/example_dags/example_inlet_event_extra.py
[2024-11-03T01:02:50.268+0000] {processor.py:925} INFO - DAG(s) 'read_dataset_event', 'read_dataset_event_from_classic' retrieved from /home/airflow/.local/lib/python3.12/site-packages/airflow/example_dags/example_inlet_event_extra.py
[2024-11-03T01:02:50.286+0000] {logging_mixin.py:190} INFO - [2024-11-03T01:02:50.286+0000] {dag.py:3239} INFO - Sync 2 DAGs
[2024-11-03T01:02:50.306+0000] {logging_mixin.py:190} INFO - [2024-11-03T01:02:50.306+0000] {dag.py:4180} INFO - Setting next_dagrun for read_dataset_event to 2024-11-02 00:00:00+00:00, run_after=2024-11-03 00:00:00+00:00
[2024-11-03T01:02:50.311+0000] {logging_mixin.py:190} INFO - [2024-11-03T01:02:50.311+0000] {dag.py:4180} INFO - Setting next_dagrun for read_dataset_event_from_classic to 2024-11-02 00:00:00+00:00, run_after=2024-11-03 00:00:00+00:00
[2024-11-03T01:02:50.324+0000] {processor.py:208} INFO - Processing /home/airflow/.local/lib/python3.12/site-packages/airflow/example_dags/example_inlet_event_extra.py took 0.184 seconds
[2024-11-03T01:03:20.783+0000] {processor.py:186} INFO - Started process (PID=1993) to work on /home/airflow/.local/lib/python3.12/site-packages/airflow/example_dags/example_inlet_event_extra.py
[2024-11-03T01:03:20.783+0000] {processor.py:914} INFO - Processing file /home/airflow/.local/lib/python3.12/site-packages/airflow/example_dags/example_inlet_event_extra.py for tasks to queue
[2024-11-03T01:03:20.786+0000] {logging_mixin.py:190} INFO - [2024-11-03T01:03:20.785+0000] {dagbag.py:588} INFO - Filling up the DagBag from /home/airflow/.local/lib/python3.12/site-packages/airflow/example_dags/example_inlet_event_extra.py
[2024-11-03T01:03:20.904+0000] {processor.py:925} INFO - DAG(s) 'read_dataset_event', 'read_dataset_event_from_classic' retrieved from /home/airflow/.local/lib/python3.12/site-packages/airflow/example_dags/example_inlet_event_extra.py
[2024-11-03T01:03:20.924+0000] {logging_mixin.py:190} INFO - [2024-11-03T01:03:20.924+0000] {dag.py:3239} INFO - Sync 2 DAGs
[2024-11-03T01:03:20.947+0000] {logging_mixin.py:190} INFO - [2024-11-03T01:03:20.947+0000] {dag.py:4180} INFO - Setting next_dagrun for read_dataset_event to 2024-11-02 00:00:00+00:00, run_after=2024-11-03 00:00:00+00:00
[2024-11-03T01:03:20.952+0000] {logging_mixin.py:190} INFO - [2024-11-03T01:03:20.952+0000] {dag.py:4180} INFO - Setting next_dagrun for read_dataset_event_from_classic to 2024-11-02 00:00:00+00:00, run_after=2024-11-03 00:00:00+00:00
[2024-11-03T01:03:20.966+0000] {processor.py:208} INFO - Processing /home/airflow/.local/lib/python3.12/site-packages/airflow/example_dags/example_inlet_event_extra.py took 0.188 seconds
[2024-11-03T01:03:51.603+0000] {processor.py:186} INFO - Started process (PID=2056) to work on /home/airflow/.local/lib/python3.12/site-packages/airflow/example_dags/example_inlet_event_extra.py
[2024-11-03T01:03:51.604+0000] {processor.py:914} INFO - Processing file /home/airflow/.local/lib/python3.12/site-packages/airflow/example_dags/example_inlet_event_extra.py for tasks to queue
[2024-11-03T01:03:51.607+0000] {logging_mixin.py:190} INFO - [2024-11-03T01:03:51.606+0000] {dagbag.py:588} INFO - Filling up the DagBag from /home/airflow/.local/lib/python3.12/site-packages/airflow/example_dags/example_inlet_event_extra.py
[2024-11-03T01:03:51.739+0000] {processor.py:925} INFO - DAG(s) 'read_dataset_event_from_classic', 'read_dataset_event' retrieved from /home/airflow/.local/lib/python3.12/site-packages/airflow/example_dags/example_inlet_event_extra.py
[2024-11-03T01:03:51.760+0000] {logging_mixin.py:190} INFO - [2024-11-03T01:03:51.760+0000] {dag.py:3239} INFO - Sync 2 DAGs
[2024-11-03T01:03:51.995+0000] {logging_mixin.py:190} INFO - [2024-11-03T01:03:51.995+0000] {dag.py:4180} INFO - Setting next_dagrun for read_dataset_event to 2024-11-02 00:00:00+00:00, run_after=2024-11-03 00:00:00+00:00
[2024-11-03T01:03:52.000+0000] {logging_mixin.py:190} INFO - [2024-11-03T01:03:52.000+0000] {dag.py:4180} INFO - Setting next_dagrun for read_dataset_event_from_classic to 2024-11-02 00:00:00+00:00, run_after=2024-11-03 00:00:00+00:00
[2024-11-03T01:03:52.014+0000] {processor.py:208} INFO - Processing /home/airflow/.local/lib/python3.12/site-packages/airflow/example_dags/example_inlet_event_extra.py took 0.417 seconds
[2024-11-03T01:04:22.190+0000] {processor.py:186} INFO - Started process (PID=2119) to work on /home/airflow/.local/lib/python3.12/site-packages/airflow/example_dags/example_inlet_event_extra.py
[2024-11-03T01:04:22.192+0000] {processor.py:914} INFO - Processing file /home/airflow/.local/lib/python3.12/site-packages/airflow/example_dags/example_inlet_event_extra.py for tasks to queue
[2024-11-03T01:04:22.194+0000] {logging_mixin.py:190} INFO - [2024-11-03T01:04:22.194+0000] {dagbag.py:588} INFO - Filling up the DagBag from /home/airflow/.local/lib/python3.12/site-packages/airflow/example_dags/example_inlet_event_extra.py
[2024-11-03T01:04:22.348+0000] {processor.py:925} INFO - DAG(s) 'read_dataset_event_from_classic', 'read_dataset_event' retrieved from /home/airflow/.local/lib/python3.12/site-packages/airflow/example_dags/example_inlet_event_extra.py
[2024-11-03T01:04:22.383+0000] {logging_mixin.py:190} INFO - [2024-11-03T01:04:22.383+0000] {dag.py:3239} INFO - Sync 2 DAGs
[2024-11-03T01:04:22.412+0000] {logging_mixin.py:190} INFO - [2024-11-03T01:04:22.412+0000] {dag.py:4180} INFO - Setting next_dagrun for read_dataset_event to 2024-11-02 00:00:00+00:00, run_after=2024-11-03 00:00:00+00:00
[2024-11-03T01:04:22.673+0000] {logging_mixin.py:190} INFO - [2024-11-03T01:04:22.673+0000] {dag.py:4180} INFO - Setting next_dagrun for read_dataset_event_from_classic to 2024-11-02 00:00:00+00:00, run_after=2024-11-03 00:00:00+00:00
[2024-11-03T01:04:22.690+0000] {processor.py:208} INFO - Processing /home/airflow/.local/lib/python3.12/site-packages/airflow/example_dags/example_inlet_event_extra.py took 0.506 seconds
[2024-11-03T01:04:52.920+0000] {processor.py:186} INFO - Started process (PID=2182) to work on /home/airflow/.local/lib/python3.12/site-packages/airflow/example_dags/example_inlet_event_extra.py
[2024-11-03T01:04:52.921+0000] {processor.py:914} INFO - Processing file /home/airflow/.local/lib/python3.12/site-packages/airflow/example_dags/example_inlet_event_extra.py for tasks to queue
[2024-11-03T01:04:52.923+0000] {logging_mixin.py:190} INFO - [2024-11-03T01:04:52.922+0000] {dagbag.py:588} INFO - Filling up the DagBag from /home/airflow/.local/lib/python3.12/site-packages/airflow/example_dags/example_inlet_event_extra.py
[2024-11-03T01:04:53.041+0000] {processor.py:925} INFO - DAG(s) 'read_dataset_event_from_classic', 'read_dataset_event' retrieved from /home/airflow/.local/lib/python3.12/site-packages/airflow/example_dags/example_inlet_event_extra.py
[2024-11-03T01:04:53.061+0000] {logging_mixin.py:190} INFO - [2024-11-03T01:04:53.061+0000] {dag.py:3239} INFO - Sync 2 DAGs
[2024-11-03T01:04:53.084+0000] {logging_mixin.py:190} INFO - [2024-11-03T01:04:53.084+0000] {dag.py:4180} INFO - Setting next_dagrun for read_dataset_event to 2024-11-02 00:00:00+00:00, run_after=2024-11-03 00:00:00+00:00
[2024-11-03T01:04:53.090+0000] {logging_mixin.py:190} INFO - [2024-11-03T01:04:53.090+0000] {dag.py:4180} INFO - Setting next_dagrun for read_dataset_event_from_classic to 2024-11-02 00:00:00+00:00, run_after=2024-11-03 00:00:00+00:00
[2024-11-03T01:04:53.287+0000] {processor.py:208} INFO - Processing /home/airflow/.local/lib/python3.12/site-packages/airflow/example_dags/example_inlet_event_extra.py took 0.371 seconds
[2024-11-03T01:05:23.575+0000] {processor.py:186} INFO - Started process (PID=2245) to work on /home/airflow/.local/lib/python3.12/site-packages/airflow/example_dags/example_inlet_event_extra.py
[2024-11-03T01:05:23.577+0000] {processor.py:914} INFO - Processing file /home/airflow/.local/lib/python3.12/site-packages/airflow/example_dags/example_inlet_event_extra.py for tasks to queue
[2024-11-03T01:05:23.579+0000] {logging_mixin.py:190} INFO - [2024-11-03T01:05:23.578+0000] {dagbag.py:588} INFO - Filling up the DagBag from /home/airflow/.local/lib/python3.12/site-packages/airflow/example_dags/example_inlet_event_extra.py
[2024-11-03T01:05:23.702+0000] {processor.py:925} INFO - DAG(s) 'read_dataset_event_from_classic', 'read_dataset_event' retrieved from /home/airflow/.local/lib/python3.12/site-packages/airflow/example_dags/example_inlet_event_extra.py
[2024-11-03T01:05:23.719+0000] {logging_mixin.py:190} INFO - [2024-11-03T01:05:23.719+0000] {dag.py:3239} INFO - Sync 2 DAGs
[2024-11-03T01:05:23.741+0000] {logging_mixin.py:190} INFO - [2024-11-03T01:05:23.741+0000] {dag.py:4180} INFO - Setting next_dagrun for read_dataset_event to 2024-11-02 00:00:00+00:00, run_after=2024-11-03 00:00:00+00:00
[2024-11-03T01:05:23.745+0000] {logging_mixin.py:190} INFO - [2024-11-03T01:05:23.745+0000] {dag.py:4180} INFO - Setting next_dagrun for read_dataset_event_from_classic to 2024-11-02 00:00:00+00:00, run_after=2024-11-03 00:00:00+00:00
[2024-11-03T01:05:23.760+0000] {processor.py:208} INFO - Processing /home/airflow/.local/lib/python3.12/site-packages/airflow/example_dags/example_inlet_event_extra.py took 0.190 seconds
[2024-11-03T01:05:53.950+0000] {processor.py:186} INFO - Started process (PID=2308) to work on /home/airflow/.local/lib/python3.12/site-packages/airflow/example_dags/example_inlet_event_extra.py
[2024-11-03T01:05:53.951+0000] {processor.py:914} INFO - Processing file /home/airflow/.local/lib/python3.12/site-packages/airflow/example_dags/example_inlet_event_extra.py for tasks to queue
[2024-11-03T01:05:53.954+0000] {logging_mixin.py:190} INFO - [2024-11-03T01:05:53.954+0000] {dagbag.py:588} INFO - Filling up the DagBag from /home/airflow/.local/lib/python3.12/site-packages/airflow/example_dags/example_inlet_event_extra.py
[2024-11-03T01:05:54.301+0000] {processor.py:925} INFO - DAG(s) 'read_dataset_event', 'read_dataset_event_from_classic' retrieved from /home/airflow/.local/lib/python3.12/site-packages/airflow/example_dags/example_inlet_event_extra.py
[2024-11-03T01:05:54.322+0000] {logging_mixin.py:190} INFO - [2024-11-03T01:05:54.321+0000] {dag.py:3239} INFO - Sync 2 DAGs
[2024-11-03T01:05:54.345+0000] {logging_mixin.py:190} INFO - [2024-11-03T01:05:54.345+0000] {dag.py:4180} INFO - Setting next_dagrun for read_dataset_event to 2024-11-02 00:00:00+00:00, run_after=2024-11-03 00:00:00+00:00
[2024-11-03T01:05:54.350+0000] {logging_mixin.py:190} INFO - [2024-11-03T01:05:54.350+0000] {dag.py:4180} INFO - Setting next_dagrun for read_dataset_event_from_classic to 2024-11-02 00:00:00+00:00, run_after=2024-11-03 00:00:00+00:00
[2024-11-03T01:05:54.367+0000] {processor.py:208} INFO - Processing /home/airflow/.local/lib/python3.12/site-packages/airflow/example_dags/example_inlet_event_extra.py took 0.421 seconds
[2024-11-03T01:06:24.848+0000] {processor.py:186} INFO - Started process (PID=2371) to work on /home/airflow/.local/lib/python3.12/site-packages/airflow/example_dags/example_inlet_event_extra.py
[2024-11-03T01:06:24.849+0000] {processor.py:914} INFO - Processing file /home/airflow/.local/lib/python3.12/site-packages/airflow/example_dags/example_inlet_event_extra.py for tasks to queue
[2024-11-03T01:06:24.851+0000] {logging_mixin.py:190} INFO - [2024-11-03T01:06:24.850+0000] {dagbag.py:588} INFO - Filling up the DagBag from /home/airflow/.local/lib/python3.12/site-packages/airflow/example_dags/example_inlet_event_extra.py
[2024-11-03T01:06:25.154+0000] {processor.py:925} INFO - DAG(s) 'read_dataset_event_from_classic', 'read_dataset_event' retrieved from /home/airflow/.local/lib/python3.12/site-packages/airflow/example_dags/example_inlet_event_extra.py
[2024-11-03T01:06:25.177+0000] {logging_mixin.py:190} INFO - [2024-11-03T01:06:25.176+0000] {dag.py:3239} INFO - Sync 2 DAGs
[2024-11-03T01:06:25.207+0000] {logging_mixin.py:190} INFO - [2024-11-03T01:06:25.207+0000] {dag.py:4180} INFO - Setting next_dagrun for read_dataset_event to 2024-11-02 00:00:00+00:00, run_after=2024-11-03 00:00:00+00:00
[2024-11-03T01:06:25.213+0000] {logging_mixin.py:190} INFO - [2024-11-03T01:06:25.213+0000] {dag.py:4180} INFO - Setting next_dagrun for read_dataset_event_from_classic to 2024-11-02 00:00:00+00:00, run_after=2024-11-03 00:00:00+00:00
[2024-11-03T01:06:25.227+0000] {processor.py:208} INFO - Processing /home/airflow/.local/lib/python3.12/site-packages/airflow/example_dags/example_inlet_event_extra.py took 0.384 seconds
