[2024-11-03T00:00:02.141+0000] {processor.py:186} INFO - Started process (PID=765) to work on /home/airflow/.local/lib/python3.12/site-packages/airflow/example_dags/example_skip_dag.py
[2024-11-03T00:00:02.142+0000] {processor.py:914} INFO - Processing file /home/airflow/.local/lib/python3.12/site-packages/airflow/example_dags/example_skip_dag.py for tasks to queue
[2024-11-03T00:00:02.144+0000] {logging_mixin.py:190} INFO - [2024-11-03T00:00:02.143+0000] {dagbag.py:588} INFO - Filling up the DagBag from /home/airflow/.local/lib/python3.12/site-packages/airflow/example_dags/example_skip_dag.py
[2024-11-03T00:00:02.151+0000] {processor.py:925} INFO - DAG(s) 'example_skip_dag' retrieved from /home/airflow/.local/lib/python3.12/site-packages/airflow/example_dags/example_skip_dag.py
[2024-11-03T00:00:02.169+0000] {logging_mixin.py:190} INFO - [2024-11-03T00:00:02.169+0000] {dag.py:3239} INFO - Sync 1 DAGs
[2024-11-03T00:00:02.188+0000] {logging_mixin.py:190} INFO - [2024-11-03T00:00:02.187+0000] {dag.py:4180} INFO - Setting next_dagrun for example_skip_dag to 2024-11-02 00:00:00+00:00, run_after=2024-11-03 00:00:00+00:00
[2024-11-03T00:00:02.204+0000] {processor.py:208} INFO - Processing /home/airflow/.local/lib/python3.12/site-packages/airflow/example_dags/example_skip_dag.py took 0.067 seconds
[2024-11-03T00:00:32.616+0000] {processor.py:186} INFO - Started process (PID=828) to work on /home/airflow/.local/lib/python3.12/site-packages/airflow/example_dags/example_skip_dag.py
[2024-11-03T00:00:32.617+0000] {processor.py:914} INFO - Processing file /home/airflow/.local/lib/python3.12/site-packages/airflow/example_dags/example_skip_dag.py for tasks to queue
[2024-11-03T00:00:32.620+0000] {logging_mixin.py:190} INFO - [2024-11-03T00:00:32.619+0000] {dagbag.py:588} INFO - Filling up the DagBag from /home/airflow/.local/lib/python3.12/site-packages/airflow/example_dags/example_skip_dag.py
[2024-11-03T00:00:32.627+0000] {processor.py:925} INFO - DAG(s) 'example_skip_dag' retrieved from /home/airflow/.local/lib/python3.12/site-packages/airflow/example_dags/example_skip_dag.py
[2024-11-03T00:00:32.651+0000] {logging_mixin.py:190} INFO - [2024-11-03T00:00:32.650+0000] {dag.py:3239} INFO - Sync 1 DAGs
[2024-11-03T00:00:32.675+0000] {logging_mixin.py:190} INFO - [2024-11-03T00:00:32.675+0000] {dag.py:4180} INFO - Setting next_dagrun for example_skip_dag to 2024-11-02 00:00:00+00:00, run_after=2024-11-03 00:00:00+00:00
[2024-11-03T00:00:32.692+0000] {processor.py:208} INFO - Processing /home/airflow/.local/lib/python3.12/site-packages/airflow/example_dags/example_skip_dag.py took 0.083 seconds
[2024-11-03T00:01:03.282+0000] {processor.py:186} INFO - Started process (PID=891) to work on /home/airflow/.local/lib/python3.12/site-packages/airflow/example_dags/example_skip_dag.py
[2024-11-03T00:01:03.283+0000] {processor.py:914} INFO - Processing file /home/airflow/.local/lib/python3.12/site-packages/airflow/example_dags/example_skip_dag.py for tasks to queue
[2024-11-03T00:01:03.285+0000] {logging_mixin.py:190} INFO - [2024-11-03T00:01:03.285+0000] {dagbag.py:588} INFO - Filling up the DagBag from /home/airflow/.local/lib/python3.12/site-packages/airflow/example_dags/example_skip_dag.py
[2024-11-03T00:01:03.291+0000] {processor.py:925} INFO - DAG(s) 'example_skip_dag' retrieved from /home/airflow/.local/lib/python3.12/site-packages/airflow/example_dags/example_skip_dag.py
[2024-11-03T00:01:03.309+0000] {logging_mixin.py:190} INFO - [2024-11-03T00:01:03.309+0000] {dag.py:3239} INFO - Sync 1 DAGs
[2024-11-03T00:01:03.327+0000] {logging_mixin.py:190} INFO - [2024-11-03T00:01:03.327+0000] {dag.py:4180} INFO - Setting next_dagrun for example_skip_dag to 2024-11-02 00:00:00+00:00, run_after=2024-11-03 00:00:00+00:00
[2024-11-03T00:01:03.343+0000] {processor.py:208} INFO - Processing /home/airflow/.local/lib/python3.12/site-packages/airflow/example_dags/example_skip_dag.py took 0.065 seconds
[2024-11-03T00:01:34.269+0000] {processor.py:186} INFO - Started process (PID=954) to work on /home/airflow/.local/lib/python3.12/site-packages/airflow/example_dags/example_skip_dag.py
[2024-11-03T00:01:34.269+0000] {processor.py:914} INFO - Processing file /home/airflow/.local/lib/python3.12/site-packages/airflow/example_dags/example_skip_dag.py for tasks to queue
[2024-11-03T00:01:34.271+0000] {logging_mixin.py:190} INFO - [2024-11-03T00:01:34.271+0000] {dagbag.py:588} INFO - Filling up the DagBag from /home/airflow/.local/lib/python3.12/site-packages/airflow/example_dags/example_skip_dag.py
[2024-11-03T00:01:34.277+0000] {processor.py:925} INFO - DAG(s) 'example_skip_dag' retrieved from /home/airflow/.local/lib/python3.12/site-packages/airflow/example_dags/example_skip_dag.py
[2024-11-03T00:01:34.294+0000] {logging_mixin.py:190} INFO - [2024-11-03T00:01:34.294+0000] {dag.py:3239} INFO - Sync 1 DAGs
[2024-11-03T00:01:34.312+0000] {logging_mixin.py:190} INFO - [2024-11-03T00:01:34.312+0000] {dag.py:4180} INFO - Setting next_dagrun for example_skip_dag to 2024-11-02 00:00:00+00:00, run_after=2024-11-03 00:00:00+00:00
[2024-11-03T00:01:34.328+0000] {processor.py:208} INFO - Processing /home/airflow/.local/lib/python3.12/site-packages/airflow/example_dags/example_skip_dag.py took 0.064 seconds
[2024-11-03T00:48:00.578+0000] {processor.py:186} INFO - Started process (PID=64) to work on /home/airflow/.local/lib/python3.12/site-packages/airflow/example_dags/example_skip_dag.py
[2024-11-03T00:48:00.579+0000] {processor.py:914} INFO - Processing file /home/airflow/.local/lib/python3.12/site-packages/airflow/example_dags/example_skip_dag.py for tasks to queue
[2024-11-03T00:48:00.582+0000] {logging_mixin.py:190} INFO - [2024-11-03T00:48:00.581+0000] {dagbag.py:588} INFO - Filling up the DagBag from /home/airflow/.local/lib/python3.12/site-packages/airflow/example_dags/example_skip_dag.py
[2024-11-03T00:48:00.593+0000] {processor.py:925} INFO - DAG(s) 'example_skip_dag' retrieved from /home/airflow/.local/lib/python3.12/site-packages/airflow/example_dags/example_skip_dag.py
[2024-11-03T00:48:00.750+0000] {logging_mixin.py:190} INFO - [2024-11-03T00:48:00.749+0000] {override.py:1900} INFO - Created Permission View: can delete on DAG:example_skip_dag
[2024-11-03T00:48:00.766+0000] {logging_mixin.py:190} INFO - [2024-11-03T00:48:00.766+0000] {override.py:1900} INFO - Created Permission View: can edit on DAG:example_skip_dag
[2024-11-03T00:48:00.780+0000] {logging_mixin.py:190} INFO - [2024-11-03T00:48:00.780+0000] {override.py:1900} INFO - Created Permission View: can read on DAG:example_skip_dag
[2024-11-03T00:48:00.799+0000] {logging_mixin.py:190} INFO - [2024-11-03T00:48:00.798+0000] {override.py:1900} INFO - Created Permission View: can create on DAG Run:example_skip_dag
[2024-11-03T00:48:00.813+0000] {logging_mixin.py:190} INFO - [2024-11-03T00:48:00.812+0000] {override.py:1900} INFO - Created Permission View: can delete on DAG Run:example_skip_dag
[2024-11-03T00:48:00.827+0000] {logging_mixin.py:190} INFO - [2024-11-03T00:48:00.826+0000] {override.py:1900} INFO - Created Permission View: menu access on DAG Run:example_skip_dag
[2024-11-03T00:48:00.835+0000] {logging_mixin.py:190} INFO - [2024-11-03T00:48:00.834+0000] {override.py:1900} INFO - Created Permission View: can read on DAG Run:example_skip_dag
[2024-11-03T00:48:00.835+0000] {logging_mixin.py:190} INFO - [2024-11-03T00:48:00.835+0000] {dag.py:3239} INFO - Sync 1 DAGs
[2024-11-03T00:48:00.847+0000] {logging_mixin.py:190} INFO - [2024-11-03T00:48:00.846+0000] {dag.py:3262} INFO - Creating ORM DAG for example_skip_dag
[2024-11-03T00:48:00.858+0000] {logging_mixin.py:190} INFO - [2024-11-03T00:48:00.858+0000] {dag.py:4180} INFO - Setting next_dagrun for example_skip_dag to 2024-11-02 00:00:00+00:00, run_after=2024-11-03 00:00:00+00:00
[2024-11-03T00:48:00.874+0000] {processor.py:208} INFO - Processing /home/airflow/.local/lib/python3.12/site-packages/airflow/example_dags/example_skip_dag.py took 0.302 seconds
[2024-11-03T00:48:31.218+0000] {processor.py:186} INFO - Started process (PID=127) to work on /home/airflow/.local/lib/python3.12/site-packages/airflow/example_dags/example_skip_dag.py
[2024-11-03T00:48:31.219+0000] {processor.py:914} INFO - Processing file /home/airflow/.local/lib/python3.12/site-packages/airflow/example_dags/example_skip_dag.py for tasks to queue
[2024-11-03T00:48:31.221+0000] {logging_mixin.py:190} INFO - [2024-11-03T00:48:31.221+0000] {dagbag.py:588} INFO - Filling up the DagBag from /home/airflow/.local/lib/python3.12/site-packages/airflow/example_dags/example_skip_dag.py
[2024-11-03T00:48:31.228+0000] {processor.py:925} INFO - DAG(s) 'example_skip_dag' retrieved from /home/airflow/.local/lib/python3.12/site-packages/airflow/example_dags/example_skip_dag.py
[2024-11-03T00:48:31.245+0000] {logging_mixin.py:190} INFO - [2024-11-03T00:48:31.245+0000] {dag.py:3239} INFO - Sync 1 DAGs
[2024-11-03T00:48:31.263+0000] {logging_mixin.py:190} INFO - [2024-11-03T00:48:31.263+0000] {dag.py:4180} INFO - Setting next_dagrun for example_skip_dag to 2024-11-02 00:00:00+00:00, run_after=2024-11-03 00:00:00+00:00
[2024-11-03T00:48:31.278+0000] {processor.py:208} INFO - Processing /home/airflow/.local/lib/python3.12/site-packages/airflow/example_dags/example_skip_dag.py took 0.064 seconds
[2024-11-03T00:49:01.448+0000] {processor.py:186} INFO - Started process (PID=190) to work on /home/airflow/.local/lib/python3.12/site-packages/airflow/example_dags/example_skip_dag.py
[2024-11-03T00:49:01.449+0000] {processor.py:914} INFO - Processing file /home/airflow/.local/lib/python3.12/site-packages/airflow/example_dags/example_skip_dag.py for tasks to queue
[2024-11-03T00:49:01.452+0000] {logging_mixin.py:190} INFO - [2024-11-03T00:49:01.451+0000] {dagbag.py:588} INFO - Filling up the DagBag from /home/airflow/.local/lib/python3.12/site-packages/airflow/example_dags/example_skip_dag.py
[2024-11-03T00:49:01.459+0000] {processor.py:925} INFO - DAG(s) 'example_skip_dag' retrieved from /home/airflow/.local/lib/python3.12/site-packages/airflow/example_dags/example_skip_dag.py
[2024-11-03T00:49:01.479+0000] {logging_mixin.py:190} INFO - [2024-11-03T00:49:01.479+0000] {dag.py:3239} INFO - Sync 1 DAGs
[2024-11-03T00:49:01.511+0000] {logging_mixin.py:190} INFO - [2024-11-03T00:49:01.511+0000] {dag.py:4180} INFO - Setting next_dagrun for example_skip_dag to 2024-11-02 00:00:00+00:00, run_after=2024-11-03 00:00:00+00:00
[2024-11-03T00:49:01.538+0000] {processor.py:208} INFO - Processing /home/airflow/.local/lib/python3.12/site-packages/airflow/example_dags/example_skip_dag.py took 0.096 seconds
[2024-11-03T00:49:31.879+0000] {processor.py:186} INFO - Started process (PID=253) to work on /home/airflow/.local/lib/python3.12/site-packages/airflow/example_dags/example_skip_dag.py
[2024-11-03T00:49:31.880+0000] {processor.py:914} INFO - Processing file /home/airflow/.local/lib/python3.12/site-packages/airflow/example_dags/example_skip_dag.py for tasks to queue
[2024-11-03T00:49:31.882+0000] {logging_mixin.py:190} INFO - [2024-11-03T00:49:31.882+0000] {dagbag.py:588} INFO - Filling up the DagBag from /home/airflow/.local/lib/python3.12/site-packages/airflow/example_dags/example_skip_dag.py
[2024-11-03T00:49:31.889+0000] {processor.py:925} INFO - DAG(s) 'example_skip_dag' retrieved from /home/airflow/.local/lib/python3.12/site-packages/airflow/example_dags/example_skip_dag.py
[2024-11-03T00:49:31.908+0000] {logging_mixin.py:190} INFO - [2024-11-03T00:49:31.907+0000] {dag.py:3239} INFO - Sync 1 DAGs
[2024-11-03T00:49:31.926+0000] {logging_mixin.py:190} INFO - [2024-11-03T00:49:31.926+0000] {dag.py:4180} INFO - Setting next_dagrun for example_skip_dag to 2024-11-02 00:00:00+00:00, run_after=2024-11-03 00:00:00+00:00
[2024-11-03T00:49:31.941+0000] {processor.py:208} INFO - Processing /home/airflow/.local/lib/python3.12/site-packages/airflow/example_dags/example_skip_dag.py took 0.067 seconds
[2024-11-03T00:50:02.367+0000] {processor.py:186} INFO - Started process (PID=322) to work on /home/airflow/.local/lib/python3.12/site-packages/airflow/example_dags/example_skip_dag.py
[2024-11-03T00:50:02.368+0000] {processor.py:914} INFO - Processing file /home/airflow/.local/lib/python3.12/site-packages/airflow/example_dags/example_skip_dag.py for tasks to queue
[2024-11-03T00:50:02.371+0000] {logging_mixin.py:190} INFO - [2024-11-03T00:50:02.370+0000] {dagbag.py:588} INFO - Filling up the DagBag from /home/airflow/.local/lib/python3.12/site-packages/airflow/example_dags/example_skip_dag.py
[2024-11-03T00:50:02.382+0000] {processor.py:925} INFO - DAG(s) 'example_skip_dag' retrieved from /home/airflow/.local/lib/python3.12/site-packages/airflow/example_dags/example_skip_dag.py
[2024-11-03T00:50:02.407+0000] {logging_mixin.py:190} INFO - [2024-11-03T00:50:02.407+0000] {dag.py:3239} INFO - Sync 1 DAGs
[2024-11-03T00:50:02.433+0000] {logging_mixin.py:190} INFO - [2024-11-03T00:50:02.432+0000] {dag.py:4180} INFO - Setting next_dagrun for example_skip_dag to 2024-11-02 00:00:00+00:00, run_after=2024-11-03 00:00:00+00:00
[2024-11-03T00:50:02.454+0000] {processor.py:208} INFO - Processing /home/airflow/.local/lib/python3.12/site-packages/airflow/example_dags/example_skip_dag.py took 0.092 seconds
[2024-11-03T00:50:32.861+0000] {processor.py:186} INFO - Started process (PID=385) to work on /home/airflow/.local/lib/python3.12/site-packages/airflow/example_dags/example_skip_dag.py
[2024-11-03T00:50:32.862+0000] {processor.py:914} INFO - Processing file /home/airflow/.local/lib/python3.12/site-packages/airflow/example_dags/example_skip_dag.py for tasks to queue
[2024-11-03T00:50:32.864+0000] {logging_mixin.py:190} INFO - [2024-11-03T00:50:32.864+0000] {dagbag.py:588} INFO - Filling up the DagBag from /home/airflow/.local/lib/python3.12/site-packages/airflow/example_dags/example_skip_dag.py
[2024-11-03T00:50:32.874+0000] {processor.py:925} INFO - DAG(s) 'example_skip_dag' retrieved from /home/airflow/.local/lib/python3.12/site-packages/airflow/example_dags/example_skip_dag.py
[2024-11-03T00:50:32.896+0000] {logging_mixin.py:190} INFO - [2024-11-03T00:50:32.896+0000] {dag.py:3239} INFO - Sync 1 DAGs
[2024-11-03T00:50:32.919+0000] {logging_mixin.py:190} INFO - [2024-11-03T00:50:32.919+0000] {dag.py:4180} INFO - Setting next_dagrun for example_skip_dag to 2024-11-02 00:00:00+00:00, run_after=2024-11-03 00:00:00+00:00
[2024-11-03T00:50:32.938+0000] {processor.py:208} INFO - Processing /home/airflow/.local/lib/python3.12/site-packages/airflow/example_dags/example_skip_dag.py took 0.084 seconds
[2024-11-03T00:51:03.340+0000] {processor.py:186} INFO - Started process (PID=448) to work on /home/airflow/.local/lib/python3.12/site-packages/airflow/example_dags/example_skip_dag.py
[2024-11-03T00:51:03.341+0000] {processor.py:914} INFO - Processing file /home/airflow/.local/lib/python3.12/site-packages/airflow/example_dags/example_skip_dag.py for tasks to queue
[2024-11-03T00:51:03.344+0000] {logging_mixin.py:190} INFO - [2024-11-03T00:51:03.343+0000] {dagbag.py:588} INFO - Filling up the DagBag from /home/airflow/.local/lib/python3.12/site-packages/airflow/example_dags/example_skip_dag.py
[2024-11-03T00:51:03.352+0000] {processor.py:925} INFO - DAG(s) 'example_skip_dag' retrieved from /home/airflow/.local/lib/python3.12/site-packages/airflow/example_dags/example_skip_dag.py
[2024-11-03T00:51:03.378+0000] {logging_mixin.py:190} INFO - [2024-11-03T00:51:03.377+0000] {dag.py:3239} INFO - Sync 1 DAGs
[2024-11-03T00:51:03.404+0000] {logging_mixin.py:190} INFO - [2024-11-03T00:51:03.403+0000] {dag.py:4180} INFO - Setting next_dagrun for example_skip_dag to 2024-11-02 00:00:00+00:00, run_after=2024-11-03 00:00:00+00:00
[2024-11-03T00:51:03.425+0000] {processor.py:208} INFO - Processing /home/airflow/.local/lib/python3.12/site-packages/airflow/example_dags/example_skip_dag.py took 0.091 seconds
[2024-11-03T00:51:33.779+0000] {processor.py:186} INFO - Started process (PID=511) to work on /home/airflow/.local/lib/python3.12/site-packages/airflow/example_dags/example_skip_dag.py
[2024-11-03T00:51:33.780+0000] {processor.py:914} INFO - Processing file /home/airflow/.local/lib/python3.12/site-packages/airflow/example_dags/example_skip_dag.py for tasks to queue
[2024-11-03T00:51:33.781+0000] {logging_mixin.py:190} INFO - [2024-11-03T00:51:33.781+0000] {dagbag.py:588} INFO - Filling up the DagBag from /home/airflow/.local/lib/python3.12/site-packages/airflow/example_dags/example_skip_dag.py
[2024-11-03T00:51:33.787+0000] {processor.py:925} INFO - DAG(s) 'example_skip_dag' retrieved from /home/airflow/.local/lib/python3.12/site-packages/airflow/example_dags/example_skip_dag.py
[2024-11-03T00:51:33.806+0000] {logging_mixin.py:190} INFO - [2024-11-03T00:51:33.805+0000] {dag.py:3239} INFO - Sync 1 DAGs
[2024-11-03T00:51:33.825+0000] {logging_mixin.py:190} INFO - [2024-11-03T00:51:33.825+0000] {dag.py:4180} INFO - Setting next_dagrun for example_skip_dag to 2024-11-02 00:00:00+00:00, run_after=2024-11-03 00:00:00+00:00
[2024-11-03T00:51:33.839+0000] {processor.py:208} INFO - Processing /home/airflow/.local/lib/python3.12/site-packages/airflow/example_dags/example_skip_dag.py took 0.065 seconds
[2024-11-03T00:52:04.270+0000] {processor.py:186} INFO - Started process (PID=574) to work on /home/airflow/.local/lib/python3.12/site-packages/airflow/example_dags/example_skip_dag.py
[2024-11-03T00:52:04.270+0000] {processor.py:914} INFO - Processing file /home/airflow/.local/lib/python3.12/site-packages/airflow/example_dags/example_skip_dag.py for tasks to queue
[2024-11-03T00:52:04.272+0000] {logging_mixin.py:190} INFO - [2024-11-03T00:52:04.272+0000] {dagbag.py:588} INFO - Filling up the DagBag from /home/airflow/.local/lib/python3.12/site-packages/airflow/example_dags/example_skip_dag.py
[2024-11-03T00:52:04.279+0000] {processor.py:925} INFO - DAG(s) 'example_skip_dag' retrieved from /home/airflow/.local/lib/python3.12/site-packages/airflow/example_dags/example_skip_dag.py
[2024-11-03T00:52:04.298+0000] {logging_mixin.py:190} INFO - [2024-11-03T00:52:04.298+0000] {dag.py:3239} INFO - Sync 1 DAGs
[2024-11-03T00:52:04.317+0000] {logging_mixin.py:190} INFO - [2024-11-03T00:52:04.317+0000] {dag.py:4180} INFO - Setting next_dagrun for example_skip_dag to 2024-11-02 00:00:00+00:00, run_after=2024-11-03 00:00:00+00:00
[2024-11-03T00:52:04.333+0000] {processor.py:208} INFO - Processing /home/airflow/.local/lib/python3.12/site-packages/airflow/example_dags/example_skip_dag.py took 0.068 seconds
[2024-11-03T00:52:34.649+0000] {processor.py:186} INFO - Started process (PID=637) to work on /home/airflow/.local/lib/python3.12/site-packages/airflow/example_dags/example_skip_dag.py
[2024-11-03T00:52:34.651+0000] {processor.py:914} INFO - Processing file /home/airflow/.local/lib/python3.12/site-packages/airflow/example_dags/example_skip_dag.py for tasks to queue
[2024-11-03T00:52:34.653+0000] {logging_mixin.py:190} INFO - [2024-11-03T00:52:34.652+0000] {dagbag.py:588} INFO - Filling up the DagBag from /home/airflow/.local/lib/python3.12/site-packages/airflow/example_dags/example_skip_dag.py
[2024-11-03T00:52:34.660+0000] {processor.py:925} INFO - DAG(s) 'example_skip_dag' retrieved from /home/airflow/.local/lib/python3.12/site-packages/airflow/example_dags/example_skip_dag.py
[2024-11-03T00:52:34.680+0000] {logging_mixin.py:190} INFO - [2024-11-03T00:52:34.679+0000] {dag.py:3239} INFO - Sync 1 DAGs
[2024-11-03T00:52:34.701+0000] {logging_mixin.py:190} INFO - [2024-11-03T00:52:34.700+0000] {dag.py:4180} INFO - Setting next_dagrun for example_skip_dag to 2024-11-02 00:00:00+00:00, run_after=2024-11-03 00:00:00+00:00
[2024-11-03T00:52:34.718+0000] {processor.py:208} INFO - Processing /home/airflow/.local/lib/python3.12/site-packages/airflow/example_dags/example_skip_dag.py took 0.073 seconds
[2024-11-03T00:53:05.026+0000] {processor.py:186} INFO - Started process (PID=700) to work on /home/airflow/.local/lib/python3.12/site-packages/airflow/example_dags/example_skip_dag.py
[2024-11-03T00:53:05.028+0000] {processor.py:914} INFO - Processing file /home/airflow/.local/lib/python3.12/site-packages/airflow/example_dags/example_skip_dag.py for tasks to queue
[2024-11-03T00:53:05.030+0000] {logging_mixin.py:190} INFO - [2024-11-03T00:53:05.030+0000] {dagbag.py:588} INFO - Filling up the DagBag from /home/airflow/.local/lib/python3.12/site-packages/airflow/example_dags/example_skip_dag.py
[2024-11-03T00:53:05.037+0000] {processor.py:925} INFO - DAG(s) 'example_skip_dag' retrieved from /home/airflow/.local/lib/python3.12/site-packages/airflow/example_dags/example_skip_dag.py
[2024-11-03T00:53:05.055+0000] {logging_mixin.py:190} INFO - [2024-11-03T00:53:05.055+0000] {dag.py:3239} INFO - Sync 1 DAGs
[2024-11-03T00:53:05.075+0000] {logging_mixin.py:190} INFO - [2024-11-03T00:53:05.075+0000] {dag.py:4180} INFO - Setting next_dagrun for example_skip_dag to 2024-11-02 00:00:00+00:00, run_after=2024-11-03 00:00:00+00:00
[2024-11-03T00:53:05.092+0000] {processor.py:208} INFO - Processing /home/airflow/.local/lib/python3.12/site-packages/airflow/example_dags/example_skip_dag.py took 0.070 seconds
[2024-11-03T00:53:35.207+0000] {processor.py:186} INFO - Started process (PID=763) to work on /home/airflow/.local/lib/python3.12/site-packages/airflow/example_dags/example_skip_dag.py
[2024-11-03T00:53:35.208+0000] {processor.py:914} INFO - Processing file /home/airflow/.local/lib/python3.12/site-packages/airflow/example_dags/example_skip_dag.py for tasks to queue
[2024-11-03T00:53:35.210+0000] {logging_mixin.py:190} INFO - [2024-11-03T00:53:35.210+0000] {dagbag.py:588} INFO - Filling up the DagBag from /home/airflow/.local/lib/python3.12/site-packages/airflow/example_dags/example_skip_dag.py
[2024-11-03T00:53:35.217+0000] {processor.py:925} INFO - DAG(s) 'example_skip_dag' retrieved from /home/airflow/.local/lib/python3.12/site-packages/airflow/example_dags/example_skip_dag.py
[2024-11-03T00:53:35.235+0000] {logging_mixin.py:190} INFO - [2024-11-03T00:53:35.235+0000] {dag.py:3239} INFO - Sync 1 DAGs
[2024-11-03T00:53:35.254+0000] {logging_mixin.py:190} INFO - [2024-11-03T00:53:35.254+0000] {dag.py:4180} INFO - Setting next_dagrun for example_skip_dag to 2024-11-02 00:00:00+00:00, run_after=2024-11-03 00:00:00+00:00
[2024-11-03T00:53:35.270+0000] {processor.py:208} INFO - Processing /home/airflow/.local/lib/python3.12/site-packages/airflow/example_dags/example_skip_dag.py took 0.067 seconds
[2024-11-03T00:54:05.697+0000] {processor.py:186} INFO - Started process (PID=826) to work on /home/airflow/.local/lib/python3.12/site-packages/airflow/example_dags/example_skip_dag.py
[2024-11-03T00:54:05.698+0000] {processor.py:914} INFO - Processing file /home/airflow/.local/lib/python3.12/site-packages/airflow/example_dags/example_skip_dag.py for tasks to queue
[2024-11-03T00:54:05.700+0000] {logging_mixin.py:190} INFO - [2024-11-03T00:54:05.699+0000] {dagbag.py:588} INFO - Filling up the DagBag from /home/airflow/.local/lib/python3.12/site-packages/airflow/example_dags/example_skip_dag.py
[2024-11-03T00:54:05.707+0000] {processor.py:925} INFO - DAG(s) 'example_skip_dag' retrieved from /home/airflow/.local/lib/python3.12/site-packages/airflow/example_dags/example_skip_dag.py
[2024-11-03T00:54:05.727+0000] {logging_mixin.py:190} INFO - [2024-11-03T00:54:05.727+0000] {dag.py:3239} INFO - Sync 1 DAGs
[2024-11-03T00:54:05.749+0000] {logging_mixin.py:190} INFO - [2024-11-03T00:54:05.749+0000] {dag.py:4180} INFO - Setting next_dagrun for example_skip_dag to 2024-11-02 00:00:00+00:00, run_after=2024-11-03 00:00:00+00:00
[2024-11-03T00:54:05.765+0000] {processor.py:208} INFO - Processing /home/airflow/.local/lib/python3.12/site-packages/airflow/example_dags/example_skip_dag.py took 0.074 seconds
[2024-11-03T00:54:35.845+0000] {processor.py:186} INFO - Started process (PID=889) to work on /home/airflow/.local/lib/python3.12/site-packages/airflow/example_dags/example_skip_dag.py
[2024-11-03T00:54:35.845+0000] {processor.py:914} INFO - Processing file /home/airflow/.local/lib/python3.12/site-packages/airflow/example_dags/example_skip_dag.py for tasks to queue
[2024-11-03T00:54:35.847+0000] {logging_mixin.py:190} INFO - [2024-11-03T00:54:35.847+0000] {dagbag.py:588} INFO - Filling up the DagBag from /home/airflow/.local/lib/python3.12/site-packages/airflow/example_dags/example_skip_dag.py
[2024-11-03T00:54:35.854+0000] {processor.py:925} INFO - DAG(s) 'example_skip_dag' retrieved from /home/airflow/.local/lib/python3.12/site-packages/airflow/example_dags/example_skip_dag.py
[2024-11-03T00:54:35.873+0000] {logging_mixin.py:190} INFO - [2024-11-03T00:54:35.873+0000] {dag.py:3239} INFO - Sync 1 DAGs
[2024-11-03T00:54:35.894+0000] {logging_mixin.py:190} INFO - [2024-11-03T00:54:35.894+0000] {dag.py:4180} INFO - Setting next_dagrun for example_skip_dag to 2024-11-02 00:00:00+00:00, run_after=2024-11-03 00:00:00+00:00
[2024-11-03T00:54:35.910+0000] {processor.py:208} INFO - Processing /home/airflow/.local/lib/python3.12/site-packages/airflow/example_dags/example_skip_dag.py took 0.070 seconds
[2024-11-03T00:55:06.246+0000] {processor.py:186} INFO - Started process (PID=952) to work on /home/airflow/.local/lib/python3.12/site-packages/airflow/example_dags/example_skip_dag.py
[2024-11-03T00:55:06.247+0000] {processor.py:914} INFO - Processing file /home/airflow/.local/lib/python3.12/site-packages/airflow/example_dags/example_skip_dag.py for tasks to queue
[2024-11-03T00:55:06.250+0000] {logging_mixin.py:190} INFO - [2024-11-03T00:55:06.249+0000] {dagbag.py:588} INFO - Filling up the DagBag from /home/airflow/.local/lib/python3.12/site-packages/airflow/example_dags/example_skip_dag.py
[2024-11-03T00:55:06.258+0000] {processor.py:925} INFO - DAG(s) 'example_skip_dag' retrieved from /home/airflow/.local/lib/python3.12/site-packages/airflow/example_dags/example_skip_dag.py
[2024-11-03T00:55:06.283+0000] {logging_mixin.py:190} INFO - [2024-11-03T00:55:06.283+0000] {dag.py:3239} INFO - Sync 1 DAGs
[2024-11-03T00:55:06.306+0000] {logging_mixin.py:190} INFO - [2024-11-03T00:55:06.306+0000] {dag.py:4180} INFO - Setting next_dagrun for example_skip_dag to 2024-11-02 00:00:00+00:00, run_after=2024-11-03 00:00:00+00:00
[2024-11-03T00:55:06.324+0000] {processor.py:208} INFO - Processing /home/airflow/.local/lib/python3.12/site-packages/airflow/example_dags/example_skip_dag.py took 0.085 seconds
[2024-11-03T00:55:36.631+0000] {processor.py:186} INFO - Started process (PID=1015) to work on /home/airflow/.local/lib/python3.12/site-packages/airflow/example_dags/example_skip_dag.py
[2024-11-03T00:55:36.632+0000] {processor.py:914} INFO - Processing file /home/airflow/.local/lib/python3.12/site-packages/airflow/example_dags/example_skip_dag.py for tasks to queue
[2024-11-03T00:55:36.633+0000] {logging_mixin.py:190} INFO - [2024-11-03T00:55:36.633+0000] {dagbag.py:588} INFO - Filling up the DagBag from /home/airflow/.local/lib/python3.12/site-packages/airflow/example_dags/example_skip_dag.py
[2024-11-03T00:55:36.640+0000] {processor.py:925} INFO - DAG(s) 'example_skip_dag' retrieved from /home/airflow/.local/lib/python3.12/site-packages/airflow/example_dags/example_skip_dag.py
[2024-11-03T00:55:36.658+0000] {logging_mixin.py:190} INFO - [2024-11-03T00:55:36.658+0000] {dag.py:3239} INFO - Sync 1 DAGs
[2024-11-03T00:55:36.680+0000] {logging_mixin.py:190} INFO - [2024-11-03T00:55:36.680+0000] {dag.py:4180} INFO - Setting next_dagrun for example_skip_dag to 2024-11-02 00:00:00+00:00, run_after=2024-11-03 00:00:00+00:00
[2024-11-03T00:55:36.696+0000] {processor.py:208} INFO - Processing /home/airflow/.local/lib/python3.12/site-packages/airflow/example_dags/example_skip_dag.py took 0.070 seconds
[2024-11-03T00:56:07.278+0000] {processor.py:186} INFO - Started process (PID=1078) to work on /home/airflow/.local/lib/python3.12/site-packages/airflow/example_dags/example_skip_dag.py
[2024-11-03T00:56:07.279+0000] {processor.py:914} INFO - Processing file /home/airflow/.local/lib/python3.12/site-packages/airflow/example_dags/example_skip_dag.py for tasks to queue
[2024-11-03T00:56:07.281+0000] {logging_mixin.py:190} INFO - [2024-11-03T00:56:07.281+0000] {dagbag.py:588} INFO - Filling up the DagBag from /home/airflow/.local/lib/python3.12/site-packages/airflow/example_dags/example_skip_dag.py
[2024-11-03T00:56:07.287+0000] {processor.py:925} INFO - DAG(s) 'example_skip_dag' retrieved from /home/airflow/.local/lib/python3.12/site-packages/airflow/example_dags/example_skip_dag.py
[2024-11-03T00:56:07.306+0000] {logging_mixin.py:190} INFO - [2024-11-03T00:56:07.305+0000] {dag.py:3239} INFO - Sync 1 DAGs
[2024-11-03T00:56:07.325+0000] {logging_mixin.py:190} INFO - [2024-11-03T00:56:07.325+0000] {dag.py:4180} INFO - Setting next_dagrun for example_skip_dag to 2024-11-02 00:00:00+00:00, run_after=2024-11-03 00:00:00+00:00
[2024-11-03T00:56:07.341+0000] {processor.py:208} INFO - Processing /home/airflow/.local/lib/python3.12/site-packages/airflow/example_dags/example_skip_dag.py took 0.067 seconds
[2024-11-03T00:56:37.721+0000] {processor.py:186} INFO - Started process (PID=1141) to work on /home/airflow/.local/lib/python3.12/site-packages/airflow/example_dags/example_skip_dag.py
[2024-11-03T00:56:37.722+0000] {processor.py:914} INFO - Processing file /home/airflow/.local/lib/python3.12/site-packages/airflow/example_dags/example_skip_dag.py for tasks to queue
[2024-11-03T00:56:37.723+0000] {logging_mixin.py:190} INFO - [2024-11-03T00:56:37.723+0000] {dagbag.py:588} INFO - Filling up the DagBag from /home/airflow/.local/lib/python3.12/site-packages/airflow/example_dags/example_skip_dag.py
[2024-11-03T00:56:37.730+0000] {processor.py:925} INFO - DAG(s) 'example_skip_dag' retrieved from /home/airflow/.local/lib/python3.12/site-packages/airflow/example_dags/example_skip_dag.py
[2024-11-03T00:56:37.747+0000] {logging_mixin.py:190} INFO - [2024-11-03T00:56:37.747+0000] {dag.py:3239} INFO - Sync 1 DAGs
[2024-11-03T00:56:37.766+0000] {logging_mixin.py:190} INFO - [2024-11-03T00:56:37.766+0000] {dag.py:4180} INFO - Setting next_dagrun for example_skip_dag to 2024-11-02 00:00:00+00:00, run_after=2024-11-03 00:00:00+00:00
[2024-11-03T00:56:37.781+0000] {processor.py:208} INFO - Processing /home/airflow/.local/lib/python3.12/site-packages/airflow/example_dags/example_skip_dag.py took 0.065 seconds
[2024-11-03T00:57:07.905+0000] {processor.py:186} INFO - Started process (PID=1204) to work on /home/airflow/.local/lib/python3.12/site-packages/airflow/example_dags/example_skip_dag.py
[2024-11-03T00:57:07.906+0000] {processor.py:914} INFO - Processing file /home/airflow/.local/lib/python3.12/site-packages/airflow/example_dags/example_skip_dag.py for tasks to queue
[2024-11-03T00:57:07.908+0000] {logging_mixin.py:190} INFO - [2024-11-03T00:57:07.908+0000] {dagbag.py:588} INFO - Filling up the DagBag from /home/airflow/.local/lib/python3.12/site-packages/airflow/example_dags/example_skip_dag.py
[2024-11-03T00:57:07.918+0000] {processor.py:925} INFO - DAG(s) 'example_skip_dag' retrieved from /home/airflow/.local/lib/python3.12/site-packages/airflow/example_dags/example_skip_dag.py
[2024-11-03T00:57:07.941+0000] {logging_mixin.py:190} INFO - [2024-11-03T00:57:07.941+0000] {dag.py:3239} INFO - Sync 1 DAGs
[2024-11-03T00:57:07.964+0000] {logging_mixin.py:190} INFO - [2024-11-03T00:57:07.964+0000] {dag.py:4180} INFO - Setting next_dagrun for example_skip_dag to 2024-11-02 00:00:00+00:00, run_after=2024-11-03 00:00:00+00:00
[2024-11-03T00:57:07.982+0000] {processor.py:208} INFO - Processing /home/airflow/.local/lib/python3.12/site-packages/airflow/example_dags/example_skip_dag.py took 0.083 seconds
[2024-11-03T00:57:38.314+0000] {processor.py:186} INFO - Started process (PID=1267) to work on /home/airflow/.local/lib/python3.12/site-packages/airflow/example_dags/example_skip_dag.py
[2024-11-03T00:57:38.315+0000] {processor.py:914} INFO - Processing file /home/airflow/.local/lib/python3.12/site-packages/airflow/example_dags/example_skip_dag.py for tasks to queue
[2024-11-03T00:57:38.317+0000] {logging_mixin.py:190} INFO - [2024-11-03T00:57:38.317+0000] {dagbag.py:588} INFO - Filling up the DagBag from /home/airflow/.local/lib/python3.12/site-packages/airflow/example_dags/example_skip_dag.py
[2024-11-03T00:57:38.323+0000] {processor.py:925} INFO - DAG(s) 'example_skip_dag' retrieved from /home/airflow/.local/lib/python3.12/site-packages/airflow/example_dags/example_skip_dag.py
[2024-11-03T00:57:38.341+0000] {logging_mixin.py:190} INFO - [2024-11-03T00:57:38.341+0000] {dag.py:3239} INFO - Sync 1 DAGs
[2024-11-03T00:57:38.360+0000] {logging_mixin.py:190} INFO - [2024-11-03T00:57:38.360+0000] {dag.py:4180} INFO - Setting next_dagrun for example_skip_dag to 2024-11-02 00:00:00+00:00, run_after=2024-11-03 00:00:00+00:00
[2024-11-03T00:57:38.374+0000] {processor.py:208} INFO - Processing /home/airflow/.local/lib/python3.12/site-packages/airflow/example_dags/example_skip_dag.py took 0.065 seconds
[2024-11-03T00:58:08.479+0000] {processor.py:186} INFO - Started process (PID=1330) to work on /home/airflow/.local/lib/python3.12/site-packages/airflow/example_dags/example_skip_dag.py
[2024-11-03T00:58:08.480+0000] {processor.py:914} INFO - Processing file /home/airflow/.local/lib/python3.12/site-packages/airflow/example_dags/example_skip_dag.py for tasks to queue
[2024-11-03T00:58:08.482+0000] {logging_mixin.py:190} INFO - [2024-11-03T00:58:08.482+0000] {dagbag.py:588} INFO - Filling up the DagBag from /home/airflow/.local/lib/python3.12/site-packages/airflow/example_dags/example_skip_dag.py
[2024-11-03T00:58:08.488+0000] {processor.py:925} INFO - DAG(s) 'example_skip_dag' retrieved from /home/airflow/.local/lib/python3.12/site-packages/airflow/example_dags/example_skip_dag.py
[2024-11-03T00:58:08.506+0000] {logging_mixin.py:190} INFO - [2024-11-03T00:58:08.506+0000] {dag.py:3239} INFO - Sync 1 DAGs
[2024-11-03T00:58:08.526+0000] {logging_mixin.py:190} INFO - [2024-11-03T00:58:08.525+0000] {dag.py:4180} INFO - Setting next_dagrun for example_skip_dag to 2024-11-02 00:00:00+00:00, run_after=2024-11-03 00:00:00+00:00
[2024-11-03T00:58:08.540+0000] {processor.py:208} INFO - Processing /home/airflow/.local/lib/python3.12/site-packages/airflow/example_dags/example_skip_dag.py took 0.065 seconds
[2024-11-03T00:58:38.930+0000] {processor.py:186} INFO - Started process (PID=1393) to work on /home/airflow/.local/lib/python3.12/site-packages/airflow/example_dags/example_skip_dag.py
[2024-11-03T00:58:38.930+0000] {processor.py:914} INFO - Processing file /home/airflow/.local/lib/python3.12/site-packages/airflow/example_dags/example_skip_dag.py for tasks to queue
[2024-11-03T00:58:38.932+0000] {logging_mixin.py:190} INFO - [2024-11-03T00:58:38.932+0000] {dagbag.py:588} INFO - Filling up the DagBag from /home/airflow/.local/lib/python3.12/site-packages/airflow/example_dags/example_skip_dag.py
[2024-11-03T00:58:38.938+0000] {processor.py:925} INFO - DAG(s) 'example_skip_dag' retrieved from /home/airflow/.local/lib/python3.12/site-packages/airflow/example_dags/example_skip_dag.py
[2024-11-03T00:58:38.956+0000] {logging_mixin.py:190} INFO - [2024-11-03T00:58:38.955+0000] {dag.py:3239} INFO - Sync 1 DAGs
[2024-11-03T00:58:38.975+0000] {logging_mixin.py:190} INFO - [2024-11-03T00:58:38.975+0000] {dag.py:4180} INFO - Setting next_dagrun for example_skip_dag to 2024-11-02 00:00:00+00:00, run_after=2024-11-03 00:00:00+00:00
[2024-11-03T00:58:38.989+0000] {processor.py:208} INFO - Processing /home/airflow/.local/lib/python3.12/site-packages/airflow/example_dags/example_skip_dag.py took 0.064 seconds
[2024-11-03T00:59:09.097+0000] {processor.py:186} INFO - Started process (PID=1456) to work on /home/airflow/.local/lib/python3.12/site-packages/airflow/example_dags/example_skip_dag.py
[2024-11-03T00:59:09.098+0000] {processor.py:914} INFO - Processing file /home/airflow/.local/lib/python3.12/site-packages/airflow/example_dags/example_skip_dag.py for tasks to queue
[2024-11-03T00:59:09.100+0000] {logging_mixin.py:190} INFO - [2024-11-03T00:59:09.099+0000] {dagbag.py:588} INFO - Filling up the DagBag from /home/airflow/.local/lib/python3.12/site-packages/airflow/example_dags/example_skip_dag.py
[2024-11-03T00:59:09.106+0000] {processor.py:925} INFO - DAG(s) 'example_skip_dag' retrieved from /home/airflow/.local/lib/python3.12/site-packages/airflow/example_dags/example_skip_dag.py
[2024-11-03T00:59:09.124+0000] {logging_mixin.py:190} INFO - [2024-11-03T00:59:09.123+0000] {dag.py:3239} INFO - Sync 1 DAGs
[2024-11-03T00:59:09.142+0000] {logging_mixin.py:190} INFO - [2024-11-03T00:59:09.142+0000] {dag.py:4180} INFO - Setting next_dagrun for example_skip_dag to 2024-11-02 00:00:00+00:00, run_after=2024-11-03 00:00:00+00:00
[2024-11-03T00:59:09.157+0000] {processor.py:208} INFO - Processing /home/airflow/.local/lib/python3.12/site-packages/airflow/example_dags/example_skip_dag.py took 0.064 seconds
[2024-11-03T00:59:39.633+0000] {processor.py:186} INFO - Started process (PID=1519) to work on /home/airflow/.local/lib/python3.12/site-packages/airflow/example_dags/example_skip_dag.py
[2024-11-03T00:59:39.634+0000] {processor.py:914} INFO - Processing file /home/airflow/.local/lib/python3.12/site-packages/airflow/example_dags/example_skip_dag.py for tasks to queue
[2024-11-03T00:59:39.636+0000] {logging_mixin.py:190} INFO - [2024-11-03T00:59:39.636+0000] {dagbag.py:588} INFO - Filling up the DagBag from /home/airflow/.local/lib/python3.12/site-packages/airflow/example_dags/example_skip_dag.py
[2024-11-03T00:59:39.642+0000] {processor.py:925} INFO - DAG(s) 'example_skip_dag' retrieved from /home/airflow/.local/lib/python3.12/site-packages/airflow/example_dags/example_skip_dag.py
[2024-11-03T00:59:39.659+0000] {logging_mixin.py:190} INFO - [2024-11-03T00:59:39.659+0000] {dag.py:3239} INFO - Sync 1 DAGs
[2024-11-03T00:59:39.680+0000] {logging_mixin.py:190} INFO - [2024-11-03T00:59:39.680+0000] {dag.py:4180} INFO - Setting next_dagrun for example_skip_dag to 2024-11-02 00:00:00+00:00, run_after=2024-11-03 00:00:00+00:00
[2024-11-03T00:59:39.694+0000] {processor.py:208} INFO - Processing /home/airflow/.local/lib/python3.12/site-packages/airflow/example_dags/example_skip_dag.py took 0.066 seconds
[2024-11-03T01:00:09.827+0000] {processor.py:186} INFO - Started process (PID=1582) to work on /home/airflow/.local/lib/python3.12/site-packages/airflow/example_dags/example_skip_dag.py
[2024-11-03T01:00:09.827+0000] {processor.py:914} INFO - Processing file /home/airflow/.local/lib/python3.12/site-packages/airflow/example_dags/example_skip_dag.py for tasks to queue
[2024-11-03T01:00:09.830+0000] {logging_mixin.py:190} INFO - [2024-11-03T01:00:09.829+0000] {dagbag.py:588} INFO - Filling up the DagBag from /home/airflow/.local/lib/python3.12/site-packages/airflow/example_dags/example_skip_dag.py
[2024-11-03T01:00:09.836+0000] {processor.py:925} INFO - DAG(s) 'example_skip_dag' retrieved from /home/airflow/.local/lib/python3.12/site-packages/airflow/example_dags/example_skip_dag.py
[2024-11-03T01:00:09.854+0000] {logging_mixin.py:190} INFO - [2024-11-03T01:00:09.853+0000] {dag.py:3239} INFO - Sync 1 DAGs
[2024-11-03T01:00:09.873+0000] {logging_mixin.py:190} INFO - [2024-11-03T01:00:09.873+0000] {dag.py:4180} INFO - Setting next_dagrun for example_skip_dag to 2024-11-02 00:00:00+00:00, run_after=2024-11-03 00:00:00+00:00
[2024-11-03T01:00:09.887+0000] {processor.py:208} INFO - Processing /home/airflow/.local/lib/python3.12/site-packages/airflow/example_dags/example_skip_dag.py took 0.065 seconds
[2024-11-03T01:00:40.499+0000] {processor.py:186} INFO - Started process (PID=1645) to work on /home/airflow/.local/lib/python3.12/site-packages/airflow/example_dags/example_skip_dag.py
[2024-11-03T01:00:40.500+0000] {processor.py:914} INFO - Processing file /home/airflow/.local/lib/python3.12/site-packages/airflow/example_dags/example_skip_dag.py for tasks to queue
[2024-11-03T01:00:40.501+0000] {logging_mixin.py:190} INFO - [2024-11-03T01:00:40.501+0000] {dagbag.py:588} INFO - Filling up the DagBag from /home/airflow/.local/lib/python3.12/site-packages/airflow/example_dags/example_skip_dag.py
[2024-11-03T01:00:40.508+0000] {processor.py:925} INFO - DAG(s) 'example_skip_dag' retrieved from /home/airflow/.local/lib/python3.12/site-packages/airflow/example_dags/example_skip_dag.py
[2024-11-03T01:00:40.526+0000] {logging_mixin.py:190} INFO - [2024-11-03T01:00:40.526+0000] {dag.py:3239} INFO - Sync 1 DAGs
[2024-11-03T01:00:40.549+0000] {logging_mixin.py:190} INFO - [2024-11-03T01:00:40.548+0000] {dag.py:4180} INFO - Setting next_dagrun for example_skip_dag to 2024-11-02 00:00:00+00:00, run_after=2024-11-03 00:00:00+00:00
[2024-11-03T01:00:40.565+0000] {processor.py:208} INFO - Processing /home/airflow/.local/lib/python3.12/site-packages/airflow/example_dags/example_skip_dag.py took 0.071 seconds
[2024-11-03T01:01:11.049+0000] {processor.py:186} INFO - Started process (PID=1708) to work on /home/airflow/.local/lib/python3.12/site-packages/airflow/example_dags/example_skip_dag.py
[2024-11-03T01:01:11.049+0000] {processor.py:914} INFO - Processing file /home/airflow/.local/lib/python3.12/site-packages/airflow/example_dags/example_skip_dag.py for tasks to queue
[2024-11-03T01:01:11.051+0000] {logging_mixin.py:190} INFO - [2024-11-03T01:01:11.051+0000] {dagbag.py:588} INFO - Filling up the DagBag from /home/airflow/.local/lib/python3.12/site-packages/airflow/example_dags/example_skip_dag.py
[2024-11-03T01:01:11.058+0000] {processor.py:925} INFO - DAG(s) 'example_skip_dag' retrieved from /home/airflow/.local/lib/python3.12/site-packages/airflow/example_dags/example_skip_dag.py
[2024-11-03T01:01:11.075+0000] {logging_mixin.py:190} INFO - [2024-11-03T01:01:11.075+0000] {dag.py:3239} INFO - Sync 1 DAGs
[2024-11-03T01:01:11.094+0000] {logging_mixin.py:190} INFO - [2024-11-03T01:01:11.094+0000] {dag.py:4180} INFO - Setting next_dagrun for example_skip_dag to 2024-11-02 00:00:00+00:00, run_after=2024-11-03 00:00:00+00:00
[2024-11-03T01:01:11.109+0000] {processor.py:208} INFO - Processing /home/airflow/.local/lib/python3.12/site-packages/airflow/example_dags/example_skip_dag.py took 0.064 seconds
[2024-11-03T01:01:41.571+0000] {processor.py:186} INFO - Started process (PID=1771) to work on /home/airflow/.local/lib/python3.12/site-packages/airflow/example_dags/example_skip_dag.py
[2024-11-03T01:01:41.572+0000] {processor.py:914} INFO - Processing file /home/airflow/.local/lib/python3.12/site-packages/airflow/example_dags/example_skip_dag.py for tasks to queue
[2024-11-03T01:01:41.574+0000] {logging_mixin.py:190} INFO - [2024-11-03T01:01:41.574+0000] {dagbag.py:588} INFO - Filling up the DagBag from /home/airflow/.local/lib/python3.12/site-packages/airflow/example_dags/example_skip_dag.py
[2024-11-03T01:01:41.580+0000] {processor.py:925} INFO - DAG(s) 'example_skip_dag' retrieved from /home/airflow/.local/lib/python3.12/site-packages/airflow/example_dags/example_skip_dag.py
[2024-11-03T01:01:41.598+0000] {logging_mixin.py:190} INFO - [2024-11-03T01:01:41.598+0000] {dag.py:3239} INFO - Sync 1 DAGs
[2024-11-03T01:01:41.618+0000] {logging_mixin.py:190} INFO - [2024-11-03T01:01:41.618+0000] {dag.py:4180} INFO - Setting next_dagrun for example_skip_dag to 2024-11-02 00:00:00+00:00, run_after=2024-11-03 00:00:00+00:00
[2024-11-03T01:01:41.633+0000] {processor.py:208} INFO - Processing /home/airflow/.local/lib/python3.12/site-packages/airflow/example_dags/example_skip_dag.py took 0.066 seconds
[2024-11-03T01:02:12.005+0000] {processor.py:186} INFO - Started process (PID=1834) to work on /home/airflow/.local/lib/python3.12/site-packages/airflow/example_dags/example_skip_dag.py
[2024-11-03T01:02:12.005+0000] {processor.py:914} INFO - Processing file /home/airflow/.local/lib/python3.12/site-packages/airflow/example_dags/example_skip_dag.py for tasks to queue
[2024-11-03T01:02:12.007+0000] {logging_mixin.py:190} INFO - [2024-11-03T01:02:12.007+0000] {dagbag.py:588} INFO - Filling up the DagBag from /home/airflow/.local/lib/python3.12/site-packages/airflow/example_dags/example_skip_dag.py
[2024-11-03T01:02:12.014+0000] {processor.py:925} INFO - DAG(s) 'example_skip_dag' retrieved from /home/airflow/.local/lib/python3.12/site-packages/airflow/example_dags/example_skip_dag.py
[2024-11-03T01:02:12.033+0000] {logging_mixin.py:190} INFO - [2024-11-03T01:02:12.032+0000] {dag.py:3239} INFO - Sync 1 DAGs
[2024-11-03T01:02:12.053+0000] {logging_mixin.py:190} INFO - [2024-11-03T01:02:12.053+0000] {dag.py:4180} INFO - Setting next_dagrun for example_skip_dag to 2024-11-02 00:00:00+00:00, run_after=2024-11-03 00:00:00+00:00
[2024-11-03T01:02:12.070+0000] {processor.py:208} INFO - Processing /home/airflow/.local/lib/python3.12/site-packages/airflow/example_dags/example_skip_dag.py took 0.070 seconds
[2024-11-03T01:02:42.199+0000] {processor.py:186} INFO - Started process (PID=1897) to work on /home/airflow/.local/lib/python3.12/site-packages/airflow/example_dags/example_skip_dag.py
[2024-11-03T01:02:42.200+0000] {processor.py:914} INFO - Processing file /home/airflow/.local/lib/python3.12/site-packages/airflow/example_dags/example_skip_dag.py for tasks to queue
[2024-11-03T01:02:42.202+0000] {logging_mixin.py:190} INFO - [2024-11-03T01:02:42.202+0000] {dagbag.py:588} INFO - Filling up the DagBag from /home/airflow/.local/lib/python3.12/site-packages/airflow/example_dags/example_skip_dag.py
[2024-11-03T01:02:42.209+0000] {processor.py:925} INFO - DAG(s) 'example_skip_dag' retrieved from /home/airflow/.local/lib/python3.12/site-packages/airflow/example_dags/example_skip_dag.py
[2024-11-03T01:02:42.227+0000] {logging_mixin.py:190} INFO - [2024-11-03T01:02:42.226+0000] {dag.py:3239} INFO - Sync 1 DAGs
[2024-11-03T01:02:42.246+0000] {logging_mixin.py:190} INFO - [2024-11-03T01:02:42.246+0000] {dag.py:4180} INFO - Setting next_dagrun for example_skip_dag to 2024-11-02 00:00:00+00:00, run_after=2024-11-03 00:00:00+00:00
[2024-11-03T01:02:42.260+0000] {processor.py:208} INFO - Processing /home/airflow/.local/lib/python3.12/site-packages/airflow/example_dags/example_skip_dag.py took 0.066 seconds
[2024-11-03T01:03:12.538+0000] {processor.py:186} INFO - Started process (PID=1960) to work on /home/airflow/.local/lib/python3.12/site-packages/airflow/example_dags/example_skip_dag.py
[2024-11-03T01:03:12.538+0000] {processor.py:914} INFO - Processing file /home/airflow/.local/lib/python3.12/site-packages/airflow/example_dags/example_skip_dag.py for tasks to queue
[2024-11-03T01:03:12.540+0000] {logging_mixin.py:190} INFO - [2024-11-03T01:03:12.540+0000] {dagbag.py:588} INFO - Filling up the DagBag from /home/airflow/.local/lib/python3.12/site-packages/airflow/example_dags/example_skip_dag.py
[2024-11-03T01:03:12.546+0000] {processor.py:925} INFO - DAG(s) 'example_skip_dag' retrieved from /home/airflow/.local/lib/python3.12/site-packages/airflow/example_dags/example_skip_dag.py
[2024-11-03T01:03:12.565+0000] {logging_mixin.py:190} INFO - [2024-11-03T01:03:12.565+0000] {dag.py:3239} INFO - Sync 1 DAGs
[2024-11-03T01:03:12.584+0000] {logging_mixin.py:190} INFO - [2024-11-03T01:03:12.584+0000] {dag.py:4180} INFO - Setting next_dagrun for example_skip_dag to 2024-11-02 00:00:00+00:00, run_after=2024-11-03 00:00:00+00:00
[2024-11-03T01:03:12.599+0000] {processor.py:208} INFO - Processing /home/airflow/.local/lib/python3.12/site-packages/airflow/example_dags/example_skip_dag.py took 0.066 seconds
[2024-11-03T01:03:43.110+0000] {processor.py:186} INFO - Started process (PID=2023) to work on /home/airflow/.local/lib/python3.12/site-packages/airflow/example_dags/example_skip_dag.py
[2024-11-03T01:03:43.111+0000] {processor.py:914} INFO - Processing file /home/airflow/.local/lib/python3.12/site-packages/airflow/example_dags/example_skip_dag.py for tasks to queue
[2024-11-03T01:03:43.113+0000] {logging_mixin.py:190} INFO - [2024-11-03T01:03:43.112+0000] {dagbag.py:588} INFO - Filling up the DagBag from /home/airflow/.local/lib/python3.12/site-packages/airflow/example_dags/example_skip_dag.py
[2024-11-03T01:03:43.120+0000] {processor.py:925} INFO - DAG(s) 'example_skip_dag' retrieved from /home/airflow/.local/lib/python3.12/site-packages/airflow/example_dags/example_skip_dag.py
[2024-11-03T01:03:43.139+0000] {logging_mixin.py:190} INFO - [2024-11-03T01:03:43.139+0000] {dag.py:3239} INFO - Sync 1 DAGs
[2024-11-03T01:03:43.159+0000] {logging_mixin.py:190} INFO - [2024-11-03T01:03:43.159+0000] {dag.py:4180} INFO - Setting next_dagrun for example_skip_dag to 2024-11-02 00:00:00+00:00, run_after=2024-11-03 00:00:00+00:00
[2024-11-03T01:03:43.174+0000] {processor.py:208} INFO - Processing /home/airflow/.local/lib/python3.12/site-packages/airflow/example_dags/example_skip_dag.py took 0.069 seconds
[2024-11-03T01:04:14.085+0000] {processor.py:186} INFO - Started process (PID=2086) to work on /home/airflow/.local/lib/python3.12/site-packages/airflow/example_dags/example_skip_dag.py
[2024-11-03T01:04:14.087+0000] {processor.py:914} INFO - Processing file /home/airflow/.local/lib/python3.12/site-packages/airflow/example_dags/example_skip_dag.py for tasks to queue
[2024-11-03T01:04:14.089+0000] {logging_mixin.py:190} INFO - [2024-11-03T01:04:14.089+0000] {dagbag.py:588} INFO - Filling up the DagBag from /home/airflow/.local/lib/python3.12/site-packages/airflow/example_dags/example_skip_dag.py
[2024-11-03T01:04:14.095+0000] {processor.py:925} INFO - DAG(s) 'example_skip_dag' retrieved from /home/airflow/.local/lib/python3.12/site-packages/airflow/example_dags/example_skip_dag.py
[2024-11-03T01:04:14.114+0000] {logging_mixin.py:190} INFO - [2024-11-03T01:04:14.113+0000] {dag.py:3239} INFO - Sync 1 DAGs
[2024-11-03T01:04:14.136+0000] {logging_mixin.py:190} INFO - [2024-11-03T01:04:14.136+0000] {dag.py:4180} INFO - Setting next_dagrun for example_skip_dag to 2024-11-02 00:00:00+00:00, run_after=2024-11-03 00:00:00+00:00
[2024-11-03T01:04:14.153+0000] {processor.py:208} INFO - Processing /home/airflow/.local/lib/python3.12/site-packages/airflow/example_dags/example_skip_dag.py took 0.073 seconds
[2024-11-03T01:04:44.787+0000] {processor.py:186} INFO - Started process (PID=2149) to work on /home/airflow/.local/lib/python3.12/site-packages/airflow/example_dags/example_skip_dag.py
[2024-11-03T01:04:44.788+0000] {processor.py:914} INFO - Processing file /home/airflow/.local/lib/python3.12/site-packages/airflow/example_dags/example_skip_dag.py for tasks to queue
[2024-11-03T01:04:44.790+0000] {logging_mixin.py:190} INFO - [2024-11-03T01:04:44.789+0000] {dagbag.py:588} INFO - Filling up the DagBag from /home/airflow/.local/lib/python3.12/site-packages/airflow/example_dags/example_skip_dag.py
[2024-11-03T01:04:44.796+0000] {processor.py:925} INFO - DAG(s) 'example_skip_dag' retrieved from /home/airflow/.local/lib/python3.12/site-packages/airflow/example_dags/example_skip_dag.py
[2024-11-03T01:04:44.814+0000] {logging_mixin.py:190} INFO - [2024-11-03T01:04:44.814+0000] {dag.py:3239} INFO - Sync 1 DAGs
[2024-11-03T01:04:44.834+0000] {logging_mixin.py:190} INFO - [2024-11-03T01:04:44.834+0000] {dag.py:4180} INFO - Setting next_dagrun for example_skip_dag to 2024-11-02 00:00:00+00:00, run_after=2024-11-03 00:00:00+00:00
[2024-11-03T01:04:44.850+0000] {processor.py:208} INFO - Processing /home/airflow/.local/lib/python3.12/site-packages/airflow/example_dags/example_skip_dag.py took 0.069 seconds
[2024-11-03T01:05:15.362+0000] {processor.py:186} INFO - Started process (PID=2212) to work on /home/airflow/.local/lib/python3.12/site-packages/airflow/example_dags/example_skip_dag.py
[2024-11-03T01:05:15.362+0000] {processor.py:914} INFO - Processing file /home/airflow/.local/lib/python3.12/site-packages/airflow/example_dags/example_skip_dag.py for tasks to queue
[2024-11-03T01:05:15.364+0000] {logging_mixin.py:190} INFO - [2024-11-03T01:05:15.364+0000] {dagbag.py:588} INFO - Filling up the DagBag from /home/airflow/.local/lib/python3.12/site-packages/airflow/example_dags/example_skip_dag.py
[2024-11-03T01:05:15.371+0000] {processor.py:925} INFO - DAG(s) 'example_skip_dag' retrieved from /home/airflow/.local/lib/python3.12/site-packages/airflow/example_dags/example_skip_dag.py
[2024-11-03T01:05:15.388+0000] {logging_mixin.py:190} INFO - [2024-11-03T01:05:15.388+0000] {dag.py:3239} INFO - Sync 1 DAGs
[2024-11-03T01:05:15.407+0000] {logging_mixin.py:190} INFO - [2024-11-03T01:05:15.407+0000] {dag.py:4180} INFO - Setting next_dagrun for example_skip_dag to 2024-11-02 00:00:00+00:00, run_after=2024-11-03 00:00:00+00:00
[2024-11-03T01:05:15.422+0000] {processor.py:208} INFO - Processing /home/airflow/.local/lib/python3.12/site-packages/airflow/example_dags/example_skip_dag.py took 0.065 seconds
[2024-11-03T01:05:45.905+0000] {processor.py:186} INFO - Started process (PID=2275) to work on /home/airflow/.local/lib/python3.12/site-packages/airflow/example_dags/example_skip_dag.py
[2024-11-03T01:05:45.906+0000] {processor.py:914} INFO - Processing file /home/airflow/.local/lib/python3.12/site-packages/airflow/example_dags/example_skip_dag.py for tasks to queue
[2024-11-03T01:05:45.908+0000] {logging_mixin.py:190} INFO - [2024-11-03T01:05:45.907+0000] {dagbag.py:588} INFO - Filling up the DagBag from /home/airflow/.local/lib/python3.12/site-packages/airflow/example_dags/example_skip_dag.py
[2024-11-03T01:05:45.914+0000] {processor.py:925} INFO - DAG(s) 'example_skip_dag' retrieved from /home/airflow/.local/lib/python3.12/site-packages/airflow/example_dags/example_skip_dag.py
[2024-11-03T01:05:45.932+0000] {logging_mixin.py:190} INFO - [2024-11-03T01:05:45.932+0000] {dag.py:3239} INFO - Sync 1 DAGs
[2024-11-03T01:05:45.952+0000] {logging_mixin.py:190} INFO - [2024-11-03T01:05:45.952+0000] {dag.py:4180} INFO - Setting next_dagrun for example_skip_dag to 2024-11-02 00:00:00+00:00, run_after=2024-11-03 00:00:00+00:00
[2024-11-03T01:05:45.968+0000] {processor.py:208} INFO - Processing /home/airflow/.local/lib/python3.12/site-packages/airflow/example_dags/example_skip_dag.py took 0.068 seconds
[2024-11-03T01:06:16.427+0000] {processor.py:186} INFO - Started process (PID=2338) to work on /home/airflow/.local/lib/python3.12/site-packages/airflow/example_dags/example_skip_dag.py
[2024-11-03T01:06:16.428+0000] {processor.py:914} INFO - Processing file /home/airflow/.local/lib/python3.12/site-packages/airflow/example_dags/example_skip_dag.py for tasks to queue
[2024-11-03T01:06:16.430+0000] {logging_mixin.py:190} INFO - [2024-11-03T01:06:16.430+0000] {dagbag.py:588} INFO - Filling up the DagBag from /home/airflow/.local/lib/python3.12/site-packages/airflow/example_dags/example_skip_dag.py
[2024-11-03T01:06:16.436+0000] {processor.py:925} INFO - DAG(s) 'example_skip_dag' retrieved from /home/airflow/.local/lib/python3.12/site-packages/airflow/example_dags/example_skip_dag.py
[2024-11-03T01:06:16.455+0000] {logging_mixin.py:190} INFO - [2024-11-03T01:06:16.454+0000] {dag.py:3239} INFO - Sync 1 DAGs
[2024-11-03T01:06:16.474+0000] {logging_mixin.py:190} INFO - [2024-11-03T01:06:16.474+0000] {dag.py:4180} INFO - Setting next_dagrun for example_skip_dag to 2024-11-02 00:00:00+00:00, run_after=2024-11-03 00:00:00+00:00
[2024-11-03T01:06:16.490+0000] {processor.py:208} INFO - Processing /home/airflow/.local/lib/python3.12/site-packages/airflow/example_dags/example_skip_dag.py took 0.068 seconds
[2024-11-03T01:06:47.277+0000] {processor.py:186} INFO - Started process (PID=2401) to work on /home/airflow/.local/lib/python3.12/site-packages/airflow/example_dags/example_skip_dag.py
[2024-11-03T01:06:47.278+0000] {processor.py:914} INFO - Processing file /home/airflow/.local/lib/python3.12/site-packages/airflow/example_dags/example_skip_dag.py for tasks to queue
[2024-11-03T01:06:47.280+0000] {logging_mixin.py:190} INFO - [2024-11-03T01:06:47.280+0000] {dagbag.py:588} INFO - Filling up the DagBag from /home/airflow/.local/lib/python3.12/site-packages/airflow/example_dags/example_skip_dag.py
[2024-11-03T01:06:47.288+0000] {processor.py:925} INFO - DAG(s) 'example_skip_dag' retrieved from /home/airflow/.local/lib/python3.12/site-packages/airflow/example_dags/example_skip_dag.py
[2024-11-03T01:06:47.308+0000] {logging_mixin.py:190} INFO - [2024-11-03T01:06:47.308+0000] {dag.py:3239} INFO - Sync 1 DAGs
[2024-11-03T01:06:47.329+0000] {logging_mixin.py:190} INFO - [2024-11-03T01:06:47.329+0000] {dag.py:4180} INFO - Setting next_dagrun for example_skip_dag to 2024-11-02 00:00:00+00:00, run_after=2024-11-03 00:00:00+00:00
[2024-11-03T01:06:47.344+0000] {processor.py:208} INFO - Processing /home/airflow/.local/lib/python3.12/site-packages/airflow/example_dags/example_skip_dag.py took 0.073 seconds
[2024-11-03T01:07:17.821+0000] {processor.py:186} INFO - Started process (PID=2464) to work on /home/airflow/.local/lib/python3.12/site-packages/airflow/example_dags/example_skip_dag.py
[2024-11-03T01:07:17.822+0000] {processor.py:914} INFO - Processing file /home/airflow/.local/lib/python3.12/site-packages/airflow/example_dags/example_skip_dag.py for tasks to queue
[2024-11-03T01:07:17.824+0000] {logging_mixin.py:190} INFO - [2024-11-03T01:07:17.823+0000] {dagbag.py:588} INFO - Filling up the DagBag from /home/airflow/.local/lib/python3.12/site-packages/airflow/example_dags/example_skip_dag.py
[2024-11-03T01:07:17.830+0000] {processor.py:925} INFO - DAG(s) 'example_skip_dag' retrieved from /home/airflow/.local/lib/python3.12/site-packages/airflow/example_dags/example_skip_dag.py
[2024-11-03T01:07:17.848+0000] {logging_mixin.py:190} INFO - [2024-11-03T01:07:17.848+0000] {dag.py:3239} INFO - Sync 1 DAGs
[2024-11-03T01:07:17.867+0000] {logging_mixin.py:190} INFO - [2024-11-03T01:07:17.867+0000] {dag.py:4180} INFO - Setting next_dagrun for example_skip_dag to 2024-11-02 00:00:00+00:00, run_after=2024-11-03 00:00:00+00:00
[2024-11-03T01:07:17.882+0000] {processor.py:208} INFO - Processing /home/airflow/.local/lib/python3.12/site-packages/airflow/example_dags/example_skip_dag.py took 0.065 seconds
[2024-11-03T01:07:48.109+0000] {processor.py:186} INFO - Started process (PID=2527) to work on /home/airflow/.local/lib/python3.12/site-packages/airflow/example_dags/example_skip_dag.py
[2024-11-03T01:07:48.110+0000] {processor.py:914} INFO - Processing file /home/airflow/.local/lib/python3.12/site-packages/airflow/example_dags/example_skip_dag.py for tasks to queue
[2024-11-03T01:07:48.112+0000] {logging_mixin.py:190} INFO - [2024-11-03T01:07:48.112+0000] {dagbag.py:588} INFO - Filling up the DagBag from /home/airflow/.local/lib/python3.12/site-packages/airflow/example_dags/example_skip_dag.py
[2024-11-03T01:07:48.119+0000] {processor.py:925} INFO - DAG(s) 'example_skip_dag' retrieved from /home/airflow/.local/lib/python3.12/site-packages/airflow/example_dags/example_skip_dag.py
[2024-11-03T01:07:48.138+0000] {logging_mixin.py:190} INFO - [2024-11-03T01:07:48.137+0000] {dag.py:3239} INFO - Sync 1 DAGs
[2024-11-03T01:07:48.158+0000] {logging_mixin.py:190} INFO - [2024-11-03T01:07:48.158+0000] {dag.py:4180} INFO - Setting next_dagrun for example_skip_dag to 2024-11-02 00:00:00+00:00, run_after=2024-11-03 00:00:00+00:00
[2024-11-03T01:07:48.173+0000] {processor.py:208} INFO - Processing /home/airflow/.local/lib/python3.12/site-packages/airflow/example_dags/example_skip_dag.py took 0.069 seconds
[2024-11-03T01:08:18.556+0000] {processor.py:186} INFO - Started process (PID=2590) to work on /home/airflow/.local/lib/python3.12/site-packages/airflow/example_dags/example_skip_dag.py
[2024-11-03T01:08:18.557+0000] {processor.py:914} INFO - Processing file /home/airflow/.local/lib/python3.12/site-packages/airflow/example_dags/example_skip_dag.py for tasks to queue
[2024-11-03T01:08:18.559+0000] {logging_mixin.py:190} INFO - [2024-11-03T01:08:18.559+0000] {dagbag.py:588} INFO - Filling up the DagBag from /home/airflow/.local/lib/python3.12/site-packages/airflow/example_dags/example_skip_dag.py
[2024-11-03T01:08:18.565+0000] {processor.py:925} INFO - DAG(s) 'example_skip_dag' retrieved from /home/airflow/.local/lib/python3.12/site-packages/airflow/example_dags/example_skip_dag.py
[2024-11-03T01:08:18.582+0000] {logging_mixin.py:190} INFO - [2024-11-03T01:08:18.582+0000] {dag.py:3239} INFO - Sync 1 DAGs
[2024-11-03T01:08:18.601+0000] {logging_mixin.py:190} INFO - [2024-11-03T01:08:18.601+0000] {dag.py:4180} INFO - Setting next_dagrun for example_skip_dag to 2024-11-02 00:00:00+00:00, run_after=2024-11-03 00:00:00+00:00
[2024-11-03T01:08:18.617+0000] {processor.py:208} INFO - Processing /home/airflow/.local/lib/python3.12/site-packages/airflow/example_dags/example_skip_dag.py took 0.065 seconds
[2024-11-03T01:08:49.030+0000] {processor.py:186} INFO - Started process (PID=2654) to work on /home/airflow/.local/lib/python3.12/site-packages/airflow/example_dags/example_skip_dag.py
[2024-11-03T01:08:49.031+0000] {processor.py:914} INFO - Processing file /home/airflow/.local/lib/python3.12/site-packages/airflow/example_dags/example_skip_dag.py for tasks to queue
[2024-11-03T01:08:49.033+0000] {logging_mixin.py:190} INFO - [2024-11-03T01:08:49.033+0000] {dagbag.py:588} INFO - Filling up the DagBag from /home/airflow/.local/lib/python3.12/site-packages/airflow/example_dags/example_skip_dag.py
[2024-11-03T01:08:49.039+0000] {processor.py:925} INFO - DAG(s) 'example_skip_dag' retrieved from /home/airflow/.local/lib/python3.12/site-packages/airflow/example_dags/example_skip_dag.py
[2024-11-03T01:08:49.057+0000] {logging_mixin.py:190} INFO - [2024-11-03T01:08:49.056+0000] {dag.py:3239} INFO - Sync 1 DAGs
[2024-11-03T01:08:49.076+0000] {logging_mixin.py:190} INFO - [2024-11-03T01:08:49.076+0000] {dag.py:4180} INFO - Setting next_dagrun for example_skip_dag to 2024-11-02 00:00:00+00:00, run_after=2024-11-03 00:00:00+00:00
[2024-11-03T01:08:49.090+0000] {processor.py:208} INFO - Processing /home/airflow/.local/lib/python3.12/site-packages/airflow/example_dags/example_skip_dag.py took 0.064 seconds
[2024-11-03T01:09:19.399+0000] {processor.py:186} INFO - Started process (PID=2717) to work on /home/airflow/.local/lib/python3.12/site-packages/airflow/example_dags/example_skip_dag.py
[2024-11-03T01:09:19.400+0000] {processor.py:914} INFO - Processing file /home/airflow/.local/lib/python3.12/site-packages/airflow/example_dags/example_skip_dag.py for tasks to queue
[2024-11-03T01:09:19.402+0000] {logging_mixin.py:190} INFO - [2024-11-03T01:09:19.402+0000] {dagbag.py:588} INFO - Filling up the DagBag from /home/airflow/.local/lib/python3.12/site-packages/airflow/example_dags/example_skip_dag.py
[2024-11-03T01:09:19.408+0000] {processor.py:925} INFO - DAG(s) 'example_skip_dag' retrieved from /home/airflow/.local/lib/python3.12/site-packages/airflow/example_dags/example_skip_dag.py
[2024-11-03T01:09:19.426+0000] {logging_mixin.py:190} INFO - [2024-11-03T01:09:19.426+0000] {dag.py:3239} INFO - Sync 1 DAGs
[2024-11-03T01:09:19.444+0000] {logging_mixin.py:190} INFO - [2024-11-03T01:09:19.444+0000] {dag.py:4180} INFO - Setting next_dagrun for example_skip_dag to 2024-11-02 00:00:00+00:00, run_after=2024-11-03 00:00:00+00:00
[2024-11-03T01:09:19.459+0000] {processor.py:208} INFO - Processing /home/airflow/.local/lib/python3.12/site-packages/airflow/example_dags/example_skip_dag.py took 0.063 seconds
[2024-11-03T01:09:49.918+0000] {processor.py:186} INFO - Started process (PID=2780) to work on /home/airflow/.local/lib/python3.12/site-packages/airflow/example_dags/example_skip_dag.py
[2024-11-03T01:09:49.919+0000] {processor.py:914} INFO - Processing file /home/airflow/.local/lib/python3.12/site-packages/airflow/example_dags/example_skip_dag.py for tasks to queue
[2024-11-03T01:09:49.921+0000] {logging_mixin.py:190} INFO - [2024-11-03T01:09:49.920+0000] {dagbag.py:588} INFO - Filling up the DagBag from /home/airflow/.local/lib/python3.12/site-packages/airflow/example_dags/example_skip_dag.py
[2024-11-03T01:09:49.927+0000] {processor.py:925} INFO - DAG(s) 'example_skip_dag' retrieved from /home/airflow/.local/lib/python3.12/site-packages/airflow/example_dags/example_skip_dag.py
[2024-11-03T01:09:49.944+0000] {logging_mixin.py:190} INFO - [2024-11-03T01:09:49.944+0000] {dag.py:3239} INFO - Sync 1 DAGs
[2024-11-03T01:09:49.964+0000] {logging_mixin.py:190} INFO - [2024-11-03T01:09:49.964+0000] {dag.py:4180} INFO - Setting next_dagrun for example_skip_dag to 2024-11-02 00:00:00+00:00, run_after=2024-11-03 00:00:00+00:00
[2024-11-03T01:09:49.979+0000] {processor.py:208} INFO - Processing /home/airflow/.local/lib/python3.12/site-packages/airflow/example_dags/example_skip_dag.py took 0.066 seconds
[2024-11-03T01:10:20.270+0000] {processor.py:186} INFO - Started process (PID=2843) to work on /home/airflow/.local/lib/python3.12/site-packages/airflow/example_dags/example_skip_dag.py
[2024-11-03T01:10:20.271+0000] {processor.py:914} INFO - Processing file /home/airflow/.local/lib/python3.12/site-packages/airflow/example_dags/example_skip_dag.py for tasks to queue
[2024-11-03T01:10:20.274+0000] {logging_mixin.py:190} INFO - [2024-11-03T01:10:20.274+0000] {dagbag.py:588} INFO - Filling up the DagBag from /home/airflow/.local/lib/python3.12/site-packages/airflow/example_dags/example_skip_dag.py
[2024-11-03T01:10:20.281+0000] {processor.py:925} INFO - DAG(s) 'example_skip_dag' retrieved from /home/airflow/.local/lib/python3.12/site-packages/airflow/example_dags/example_skip_dag.py
[2024-11-03T01:10:20.300+0000] {logging_mixin.py:190} INFO - [2024-11-03T01:10:20.300+0000] {dag.py:3239} INFO - Sync 1 DAGs
[2024-11-03T01:10:20.326+0000] {logging_mixin.py:190} INFO - [2024-11-03T01:10:20.326+0000] {dag.py:4180} INFO - Setting next_dagrun for example_skip_dag to 2024-11-02 00:00:00+00:00, run_after=2024-11-03 00:00:00+00:00
[2024-11-03T01:10:20.354+0000] {processor.py:208} INFO - Processing /home/airflow/.local/lib/python3.12/site-packages/airflow/example_dags/example_skip_dag.py took 0.088 seconds
[2024-11-03T01:10:50.774+0000] {processor.py:186} INFO - Started process (PID=2906) to work on /home/airflow/.local/lib/python3.12/site-packages/airflow/example_dags/example_skip_dag.py
[2024-11-03T01:10:50.775+0000] {processor.py:914} INFO - Processing file /home/airflow/.local/lib/python3.12/site-packages/airflow/example_dags/example_skip_dag.py for tasks to queue
[2024-11-03T01:10:50.777+0000] {logging_mixin.py:190} INFO - [2024-11-03T01:10:50.777+0000] {dagbag.py:588} INFO - Filling up the DagBag from /home/airflow/.local/lib/python3.12/site-packages/airflow/example_dags/example_skip_dag.py
[2024-11-03T01:10:50.783+0000] {processor.py:925} INFO - DAG(s) 'example_skip_dag' retrieved from /home/airflow/.local/lib/python3.12/site-packages/airflow/example_dags/example_skip_dag.py
[2024-11-03T01:10:50.802+0000] {logging_mixin.py:190} INFO - [2024-11-03T01:10:50.802+0000] {dag.py:3239} INFO - Sync 1 DAGs
[2024-11-03T01:10:50.820+0000] {logging_mixin.py:190} INFO - [2024-11-03T01:10:50.820+0000] {dag.py:4180} INFO - Setting next_dagrun for example_skip_dag to 2024-11-02 00:00:00+00:00, run_after=2024-11-03 00:00:00+00:00
[2024-11-03T01:10:50.835+0000] {processor.py:208} INFO - Processing /home/airflow/.local/lib/python3.12/site-packages/airflow/example_dags/example_skip_dag.py took 0.065 seconds
[2024-11-03T01:11:21.230+0000] {processor.py:186} INFO - Started process (PID=2969) to work on /home/airflow/.local/lib/python3.12/site-packages/airflow/example_dags/example_skip_dag.py
[2024-11-03T01:11:21.231+0000] {processor.py:914} INFO - Processing file /home/airflow/.local/lib/python3.12/site-packages/airflow/example_dags/example_skip_dag.py for tasks to queue
[2024-11-03T01:11:21.233+0000] {logging_mixin.py:190} INFO - [2024-11-03T01:11:21.232+0000] {dagbag.py:588} INFO - Filling up the DagBag from /home/airflow/.local/lib/python3.12/site-packages/airflow/example_dags/example_skip_dag.py
[2024-11-03T01:11:21.240+0000] {processor.py:925} INFO - DAG(s) 'example_skip_dag' retrieved from /home/airflow/.local/lib/python3.12/site-packages/airflow/example_dags/example_skip_dag.py
[2024-11-03T01:11:21.260+0000] {logging_mixin.py:190} INFO - [2024-11-03T01:11:21.260+0000] {dag.py:3239} INFO - Sync 1 DAGs
[2024-11-03T01:11:21.283+0000] {logging_mixin.py:190} INFO - [2024-11-03T01:11:21.282+0000] {dag.py:4180} INFO - Setting next_dagrun for example_skip_dag to 2024-11-02 00:00:00+00:00, run_after=2024-11-03 00:00:00+00:00
[2024-11-03T01:11:21.298+0000] {processor.py:208} INFO - Processing /home/airflow/.local/lib/python3.12/site-packages/airflow/example_dags/example_skip_dag.py took 0.074 seconds
[2024-11-03T01:11:51.871+0000] {processor.py:186} INFO - Started process (PID=3032) to work on /home/airflow/.local/lib/python3.12/site-packages/airflow/example_dags/example_skip_dag.py
[2024-11-03T01:11:51.872+0000] {processor.py:914} INFO - Processing file /home/airflow/.local/lib/python3.12/site-packages/airflow/example_dags/example_skip_dag.py for tasks to queue
[2024-11-03T01:11:51.874+0000] {logging_mixin.py:190} INFO - [2024-11-03T01:11:51.874+0000] {dagbag.py:588} INFO - Filling up the DagBag from /home/airflow/.local/lib/python3.12/site-packages/airflow/example_dags/example_skip_dag.py
[2024-11-03T01:11:51.881+0000] {processor.py:925} INFO - DAG(s) 'example_skip_dag' retrieved from /home/airflow/.local/lib/python3.12/site-packages/airflow/example_dags/example_skip_dag.py
[2024-11-03T01:11:51.900+0000] {logging_mixin.py:190} INFO - [2024-11-03T01:11:51.899+0000] {dag.py:3239} INFO - Sync 1 DAGs
[2024-11-03T01:11:51.919+0000] {logging_mixin.py:190} INFO - [2024-11-03T01:11:51.919+0000] {dag.py:4180} INFO - Setting next_dagrun for example_skip_dag to 2024-11-02 00:00:00+00:00, run_after=2024-11-03 00:00:00+00:00
[2024-11-03T01:11:52.095+0000] {processor.py:208} INFO - Processing /home/airflow/.local/lib/python3.12/site-packages/airflow/example_dags/example_skip_dag.py took 0.230 seconds
[2024-11-03T01:12:22.984+0000] {processor.py:186} INFO - Started process (PID=3095) to work on /home/airflow/.local/lib/python3.12/site-packages/airflow/example_dags/example_skip_dag.py
[2024-11-03T01:12:22.985+0000] {processor.py:914} INFO - Processing file /home/airflow/.local/lib/python3.12/site-packages/airflow/example_dags/example_skip_dag.py for tasks to queue
[2024-11-03T01:12:22.986+0000] {logging_mixin.py:190} INFO - [2024-11-03T01:12:22.986+0000] {dagbag.py:588} INFO - Filling up the DagBag from /home/airflow/.local/lib/python3.12/site-packages/airflow/example_dags/example_skip_dag.py
[2024-11-03T01:12:22.992+0000] {processor.py:925} INFO - DAG(s) 'example_skip_dag' retrieved from /home/airflow/.local/lib/python3.12/site-packages/airflow/example_dags/example_skip_dag.py
[2024-11-03T01:12:23.010+0000] {logging_mixin.py:190} INFO - [2024-11-03T01:12:23.010+0000] {dag.py:3239} INFO - Sync 1 DAGs
[2024-11-03T01:12:23.030+0000] {logging_mixin.py:190} INFO - [2024-11-03T01:12:23.029+0000] {dag.py:4180} INFO - Setting next_dagrun for example_skip_dag to 2024-11-02 00:00:00+00:00, run_after=2024-11-03 00:00:00+00:00
[2024-11-03T01:12:23.046+0000] {processor.py:208} INFO - Processing /home/airflow/.local/lib/python3.12/site-packages/airflow/example_dags/example_skip_dag.py took 0.066 seconds
[2024-11-03T01:12:53.322+0000] {processor.py:186} INFO - Started process (PID=3158) to work on /home/airflow/.local/lib/python3.12/site-packages/airflow/example_dags/example_skip_dag.py
[2024-11-03T01:12:53.323+0000] {processor.py:914} INFO - Processing file /home/airflow/.local/lib/python3.12/site-packages/airflow/example_dags/example_skip_dag.py for tasks to queue
[2024-11-03T01:12:53.325+0000] {logging_mixin.py:190} INFO - [2024-11-03T01:12:53.325+0000] {dagbag.py:588} INFO - Filling up the DagBag from /home/airflow/.local/lib/python3.12/site-packages/airflow/example_dags/example_skip_dag.py
[2024-11-03T01:12:53.332+0000] {processor.py:925} INFO - DAG(s) 'example_skip_dag' retrieved from /home/airflow/.local/lib/python3.12/site-packages/airflow/example_dags/example_skip_dag.py
[2024-11-03T01:12:53.351+0000] {logging_mixin.py:190} INFO - [2024-11-03T01:12:53.351+0000] {dag.py:3239} INFO - Sync 1 DAGs
[2024-11-03T01:12:53.370+0000] {logging_mixin.py:190} INFO - [2024-11-03T01:12:53.370+0000] {dag.py:4180} INFO - Setting next_dagrun for example_skip_dag to 2024-11-02 00:00:00+00:00, run_after=2024-11-03 00:00:00+00:00
[2024-11-03T01:12:53.387+0000] {processor.py:208} INFO - Processing /home/airflow/.local/lib/python3.12/site-packages/airflow/example_dags/example_skip_dag.py took 0.069 seconds
[2024-11-03T01:13:24.069+0000] {processor.py:186} INFO - Started process (PID=3221) to work on /home/airflow/.local/lib/python3.12/site-packages/airflow/example_dags/example_skip_dag.py
[2024-11-03T01:13:24.070+0000] {processor.py:914} INFO - Processing file /home/airflow/.local/lib/python3.12/site-packages/airflow/example_dags/example_skip_dag.py for tasks to queue
[2024-11-03T01:13:24.072+0000] {logging_mixin.py:190} INFO - [2024-11-03T01:13:24.071+0000] {dagbag.py:588} INFO - Filling up the DagBag from /home/airflow/.local/lib/python3.12/site-packages/airflow/example_dags/example_skip_dag.py
[2024-11-03T01:13:24.078+0000] {processor.py:925} INFO - DAG(s) 'example_skip_dag' retrieved from /home/airflow/.local/lib/python3.12/site-packages/airflow/example_dags/example_skip_dag.py
[2024-11-03T01:13:24.095+0000] {logging_mixin.py:190} INFO - [2024-11-03T01:13:24.095+0000] {dag.py:3239} INFO - Sync 1 DAGs
[2024-11-03T01:13:24.115+0000] {logging_mixin.py:190} INFO - [2024-11-03T01:13:24.115+0000] {dag.py:4180} INFO - Setting next_dagrun for example_skip_dag to 2024-11-02 00:00:00+00:00, run_after=2024-11-03 00:00:00+00:00
[2024-11-03T01:13:24.131+0000] {processor.py:208} INFO - Processing /home/airflow/.local/lib/python3.12/site-packages/airflow/example_dags/example_skip_dag.py took 0.066 seconds
[2024-11-03T01:13:54.315+0000] {processor.py:186} INFO - Started process (PID=3284) to work on /home/airflow/.local/lib/python3.12/site-packages/airflow/example_dags/example_skip_dag.py
[2024-11-03T01:13:54.316+0000] {processor.py:914} INFO - Processing file /home/airflow/.local/lib/python3.12/site-packages/airflow/example_dags/example_skip_dag.py for tasks to queue
[2024-11-03T01:13:54.318+0000] {logging_mixin.py:190} INFO - [2024-11-03T01:13:54.318+0000] {dagbag.py:588} INFO - Filling up the DagBag from /home/airflow/.local/lib/python3.12/site-packages/airflow/example_dags/example_skip_dag.py
[2024-11-03T01:13:54.327+0000] {processor.py:925} INFO - DAG(s) 'example_skip_dag' retrieved from /home/airflow/.local/lib/python3.12/site-packages/airflow/example_dags/example_skip_dag.py
[2024-11-03T01:13:54.573+0000] {logging_mixin.py:190} INFO - [2024-11-03T01:13:54.572+0000] {dag.py:3239} INFO - Sync 1 DAGs
[2024-11-03T01:13:54.603+0000] {logging_mixin.py:190} INFO - [2024-11-03T01:13:54.603+0000] {dag.py:4180} INFO - Setting next_dagrun for example_skip_dag to 2024-11-02 00:00:00+00:00, run_after=2024-11-03 00:00:00+00:00
[2024-11-03T01:13:54.628+0000] {processor.py:208} INFO - Processing /home/airflow/.local/lib/python3.12/site-packages/airflow/example_dags/example_skip_dag.py took 0.319 seconds
[2024-11-03T01:14:25.063+0000] {processor.py:186} INFO - Started process (PID=3347) to work on /home/airflow/.local/lib/python3.12/site-packages/airflow/example_dags/example_skip_dag.py
[2024-11-03T01:14:25.064+0000] {processor.py:914} INFO - Processing file /home/airflow/.local/lib/python3.12/site-packages/airflow/example_dags/example_skip_dag.py for tasks to queue
[2024-11-03T01:14:25.066+0000] {logging_mixin.py:190} INFO - [2024-11-03T01:14:25.065+0000] {dagbag.py:588} INFO - Filling up the DagBag from /home/airflow/.local/lib/python3.12/site-packages/airflow/example_dags/example_skip_dag.py
[2024-11-03T01:14:25.072+0000] {processor.py:925} INFO - DAG(s) 'example_skip_dag' retrieved from /home/airflow/.local/lib/python3.12/site-packages/airflow/example_dags/example_skip_dag.py
[2024-11-03T01:14:25.089+0000] {logging_mixin.py:190} INFO - [2024-11-03T01:14:25.089+0000] {dag.py:3239} INFO - Sync 1 DAGs
[2024-11-03T01:14:25.264+0000] {logging_mixin.py:190} INFO - [2024-11-03T01:14:25.264+0000] {dag.py:4180} INFO - Setting next_dagrun for example_skip_dag to 2024-11-02 00:00:00+00:00, run_after=2024-11-03 00:00:00+00:00
[2024-11-03T01:14:25.278+0000] {processor.py:208} INFO - Processing /home/airflow/.local/lib/python3.12/site-packages/airflow/example_dags/example_skip_dag.py took 0.220 seconds
[2024-11-03T01:14:56.210+0000] {processor.py:186} INFO - Started process (PID=3410) to work on /home/airflow/.local/lib/python3.12/site-packages/airflow/example_dags/example_skip_dag.py
[2024-11-03T01:14:56.211+0000] {processor.py:914} INFO - Processing file /home/airflow/.local/lib/python3.12/site-packages/airflow/example_dags/example_skip_dag.py for tasks to queue
[2024-11-03T01:14:56.213+0000] {logging_mixin.py:190} INFO - [2024-11-03T01:14:56.212+0000] {dagbag.py:588} INFO - Filling up the DagBag from /home/airflow/.local/lib/python3.12/site-packages/airflow/example_dags/example_skip_dag.py
[2024-11-03T01:14:56.218+0000] {processor.py:925} INFO - DAG(s) 'example_skip_dag' retrieved from /home/airflow/.local/lib/python3.12/site-packages/airflow/example_dags/example_skip_dag.py
[2024-11-03T01:14:56.237+0000] {logging_mixin.py:190} INFO - [2024-11-03T01:14:56.237+0000] {dag.py:3239} INFO - Sync 1 DAGs
[2024-11-03T01:14:56.257+0000] {logging_mixin.py:190} INFO - [2024-11-03T01:14:56.257+0000] {dag.py:4180} INFO - Setting next_dagrun for example_skip_dag to 2024-11-02 00:00:00+00:00, run_after=2024-11-03 00:00:00+00:00
[2024-11-03T01:14:56.273+0000] {processor.py:208} INFO - Processing /home/airflow/.local/lib/python3.12/site-packages/airflow/example_dags/example_skip_dag.py took 0.067 seconds
[2024-11-03T01:15:26.583+0000] {processor.py:186} INFO - Started process (PID=3473) to work on /home/airflow/.local/lib/python3.12/site-packages/airflow/example_dags/example_skip_dag.py
[2024-11-03T01:15:26.584+0000] {processor.py:914} INFO - Processing file /home/airflow/.local/lib/python3.12/site-packages/airflow/example_dags/example_skip_dag.py for tasks to queue
[2024-11-03T01:15:26.586+0000] {logging_mixin.py:190} INFO - [2024-11-03T01:15:26.586+0000] {dagbag.py:588} INFO - Filling up the DagBag from /home/airflow/.local/lib/python3.12/site-packages/airflow/example_dags/example_skip_dag.py
[2024-11-03T01:15:26.592+0000] {processor.py:925} INFO - DAG(s) 'example_skip_dag' retrieved from /home/airflow/.local/lib/python3.12/site-packages/airflow/example_dags/example_skip_dag.py
[2024-11-03T01:15:26.613+0000] {logging_mixin.py:190} INFO - [2024-11-03T01:15:26.613+0000] {dag.py:3239} INFO - Sync 1 DAGs
[2024-11-03T01:15:26.634+0000] {logging_mixin.py:190} INFO - [2024-11-03T01:15:26.634+0000] {dag.py:4180} INFO - Setting next_dagrun for example_skip_dag to 2024-11-02 00:00:00+00:00, run_after=2024-11-03 00:00:00+00:00
[2024-11-03T01:15:26.653+0000] {processor.py:208} INFO - Processing /home/airflow/.local/lib/python3.12/site-packages/airflow/example_dags/example_skip_dag.py took 0.075 seconds
[2024-11-03T01:15:57.098+0000] {processor.py:186} INFO - Started process (PID=3536) to work on /home/airflow/.local/lib/python3.12/site-packages/airflow/example_dags/example_skip_dag.py
[2024-11-03T01:15:57.098+0000] {processor.py:914} INFO - Processing file /home/airflow/.local/lib/python3.12/site-packages/airflow/example_dags/example_skip_dag.py for tasks to queue
[2024-11-03T01:15:57.100+0000] {logging_mixin.py:190} INFO - [2024-11-03T01:15:57.100+0000] {dagbag.py:588} INFO - Filling up the DagBag from /home/airflow/.local/lib/python3.12/site-packages/airflow/example_dags/example_skip_dag.py
[2024-11-03T01:15:57.106+0000] {processor.py:925} INFO - DAG(s) 'example_skip_dag' retrieved from /home/airflow/.local/lib/python3.12/site-packages/airflow/example_dags/example_skip_dag.py
[2024-11-03T01:15:57.124+0000] {logging_mixin.py:190} INFO - [2024-11-03T01:15:57.124+0000] {dag.py:3239} INFO - Sync 1 DAGs
[2024-11-03T01:15:57.144+0000] {logging_mixin.py:190} INFO - [2024-11-03T01:15:57.143+0000] {dag.py:4180} INFO - Setting next_dagrun for example_skip_dag to 2024-11-02 00:00:00+00:00, run_after=2024-11-03 00:00:00+00:00
[2024-11-03T01:15:57.160+0000] {processor.py:208} INFO - Processing /home/airflow/.local/lib/python3.12/site-packages/airflow/example_dags/example_skip_dag.py took 0.068 seconds
[2024-11-03T01:16:27.494+0000] {processor.py:186} INFO - Started process (PID=3599) to work on /home/airflow/.local/lib/python3.12/site-packages/airflow/example_dags/example_skip_dag.py
[2024-11-03T01:16:27.494+0000] {processor.py:914} INFO - Processing file /home/airflow/.local/lib/python3.12/site-packages/airflow/example_dags/example_skip_dag.py for tasks to queue
[2024-11-03T01:16:27.496+0000] {logging_mixin.py:190} INFO - [2024-11-03T01:16:27.496+0000] {dagbag.py:588} INFO - Filling up the DagBag from /home/airflow/.local/lib/python3.12/site-packages/airflow/example_dags/example_skip_dag.py
[2024-11-03T01:16:27.502+0000] {processor.py:925} INFO - DAG(s) 'example_skip_dag' retrieved from /home/airflow/.local/lib/python3.12/site-packages/airflow/example_dags/example_skip_dag.py
[2024-11-03T01:16:27.520+0000] {logging_mixin.py:190} INFO - [2024-11-03T01:16:27.520+0000] {dag.py:3239} INFO - Sync 1 DAGs
[2024-11-03T01:16:27.538+0000] {logging_mixin.py:190} INFO - [2024-11-03T01:16:27.538+0000] {dag.py:4180} INFO - Setting next_dagrun for example_skip_dag to 2024-11-02 00:00:00+00:00, run_after=2024-11-03 00:00:00+00:00
[2024-11-03T01:16:27.553+0000] {processor.py:208} INFO - Processing /home/airflow/.local/lib/python3.12/site-packages/airflow/example_dags/example_skip_dag.py took 0.063 seconds
[2024-11-03T01:16:57.808+0000] {processor.py:186} INFO - Started process (PID=3662) to work on /home/airflow/.local/lib/python3.12/site-packages/airflow/example_dags/example_skip_dag.py
[2024-11-03T01:16:57.809+0000] {processor.py:914} INFO - Processing file /home/airflow/.local/lib/python3.12/site-packages/airflow/example_dags/example_skip_dag.py for tasks to queue
[2024-11-03T01:16:57.811+0000] {logging_mixin.py:190} INFO - [2024-11-03T01:16:57.811+0000] {dagbag.py:588} INFO - Filling up the DagBag from /home/airflow/.local/lib/python3.12/site-packages/airflow/example_dags/example_skip_dag.py
[2024-11-03T01:16:57.817+0000] {processor.py:925} INFO - DAG(s) 'example_skip_dag' retrieved from /home/airflow/.local/lib/python3.12/site-packages/airflow/example_dags/example_skip_dag.py
[2024-11-03T01:16:57.834+0000] {logging_mixin.py:190} INFO - [2024-11-03T01:16:57.834+0000] {dag.py:3239} INFO - Sync 1 DAGs
[2024-11-03T01:16:57.853+0000] {logging_mixin.py:190} INFO - [2024-11-03T01:16:57.853+0000] {dag.py:4180} INFO - Setting next_dagrun for example_skip_dag to 2024-11-02 00:00:00+00:00, run_after=2024-11-03 00:00:00+00:00
[2024-11-03T01:16:57.869+0000] {processor.py:208} INFO - Processing /home/airflow/.local/lib/python3.12/site-packages/airflow/example_dags/example_skip_dag.py took 0.065 seconds
[2024-11-03T01:17:27.956+0000] {processor.py:186} INFO - Started process (PID=3725) to work on /home/airflow/.local/lib/python3.12/site-packages/airflow/example_dags/example_skip_dag.py
[2024-11-03T01:17:27.956+0000] {processor.py:914} INFO - Processing file /home/airflow/.local/lib/python3.12/site-packages/airflow/example_dags/example_skip_dag.py for tasks to queue
[2024-11-03T01:17:27.958+0000] {logging_mixin.py:190} INFO - [2024-11-03T01:17:27.958+0000] {dagbag.py:588} INFO - Filling up the DagBag from /home/airflow/.local/lib/python3.12/site-packages/airflow/example_dags/example_skip_dag.py
[2024-11-03T01:17:27.965+0000] {processor.py:925} INFO - DAG(s) 'example_skip_dag' retrieved from /home/airflow/.local/lib/python3.12/site-packages/airflow/example_dags/example_skip_dag.py
[2024-11-03T01:17:27.983+0000] {logging_mixin.py:190} INFO - [2024-11-03T01:17:27.983+0000] {dag.py:3239} INFO - Sync 1 DAGs
[2024-11-03T01:17:28.002+0000] {logging_mixin.py:190} INFO - [2024-11-03T01:17:28.001+0000] {dag.py:4180} INFO - Setting next_dagrun for example_skip_dag to 2024-11-02 00:00:00+00:00, run_after=2024-11-03 00:00:00+00:00
[2024-11-03T01:17:28.017+0000] {processor.py:208} INFO - Processing /home/airflow/.local/lib/python3.12/site-packages/airflow/example_dags/example_skip_dag.py took 0.065 seconds
[2024-11-03T01:17:58.250+0000] {processor.py:186} INFO - Started process (PID=3788) to work on /home/airflow/.local/lib/python3.12/site-packages/airflow/example_dags/example_skip_dag.py
[2024-11-03T01:17:58.251+0000] {processor.py:914} INFO - Processing file /home/airflow/.local/lib/python3.12/site-packages/airflow/example_dags/example_skip_dag.py for tasks to queue
[2024-11-03T01:17:58.253+0000] {logging_mixin.py:190} INFO - [2024-11-03T01:17:58.252+0000] {dagbag.py:588} INFO - Filling up the DagBag from /home/airflow/.local/lib/python3.12/site-packages/airflow/example_dags/example_skip_dag.py
[2024-11-03T01:17:58.259+0000] {processor.py:925} INFO - DAG(s) 'example_skip_dag' retrieved from /home/airflow/.local/lib/python3.12/site-packages/airflow/example_dags/example_skip_dag.py
[2024-11-03T01:17:58.277+0000] {logging_mixin.py:190} INFO - [2024-11-03T01:17:58.276+0000] {dag.py:3239} INFO - Sync 1 DAGs
[2024-11-03T01:17:58.295+0000] {logging_mixin.py:190} INFO - [2024-11-03T01:17:58.295+0000] {dag.py:4180} INFO - Setting next_dagrun for example_skip_dag to 2024-11-02 00:00:00+00:00, run_after=2024-11-03 00:00:00+00:00
[2024-11-03T01:17:58.313+0000] {processor.py:208} INFO - Processing /home/airflow/.local/lib/python3.12/site-packages/airflow/example_dags/example_skip_dag.py took 0.068 seconds
[2024-11-03T01:18:28.450+0000] {processor.py:186} INFO - Started process (PID=3852) to work on /home/airflow/.local/lib/python3.12/site-packages/airflow/example_dags/example_skip_dag.py
[2024-11-03T01:18:28.451+0000] {processor.py:914} INFO - Processing file /home/airflow/.local/lib/python3.12/site-packages/airflow/example_dags/example_skip_dag.py for tasks to queue
[2024-11-03T01:18:28.453+0000] {logging_mixin.py:190} INFO - [2024-11-03T01:18:28.452+0000] {dagbag.py:588} INFO - Filling up the DagBag from /home/airflow/.local/lib/python3.12/site-packages/airflow/example_dags/example_skip_dag.py
[2024-11-03T01:18:28.459+0000] {processor.py:925} INFO - DAG(s) 'example_skip_dag' retrieved from /home/airflow/.local/lib/python3.12/site-packages/airflow/example_dags/example_skip_dag.py
[2024-11-03T01:18:28.477+0000] {logging_mixin.py:190} INFO - [2024-11-03T01:18:28.476+0000] {dag.py:3239} INFO - Sync 1 DAGs
[2024-11-03T01:18:28.495+0000] {logging_mixin.py:190} INFO - [2024-11-03T01:18:28.495+0000] {dag.py:4180} INFO - Setting next_dagrun for example_skip_dag to 2024-11-02 00:00:00+00:00, run_after=2024-11-03 00:00:00+00:00
[2024-11-03T01:18:28.510+0000] {processor.py:208} INFO - Processing /home/airflow/.local/lib/python3.12/site-packages/airflow/example_dags/example_skip_dag.py took 0.065 seconds
[2024-11-03T01:18:58.665+0000] {processor.py:186} INFO - Started process (PID=3915) to work on /home/airflow/.local/lib/python3.12/site-packages/airflow/example_dags/example_skip_dag.py
[2024-11-03T01:18:58.666+0000] {processor.py:914} INFO - Processing file /home/airflow/.local/lib/python3.12/site-packages/airflow/example_dags/example_skip_dag.py for tasks to queue
[2024-11-03T01:18:58.668+0000] {logging_mixin.py:190} INFO - [2024-11-03T01:18:58.668+0000] {dagbag.py:588} INFO - Filling up the DagBag from /home/airflow/.local/lib/python3.12/site-packages/airflow/example_dags/example_skip_dag.py
[2024-11-03T01:18:58.675+0000] {processor.py:925} INFO - DAG(s) 'example_skip_dag' retrieved from /home/airflow/.local/lib/python3.12/site-packages/airflow/example_dags/example_skip_dag.py
[2024-11-03T01:18:58.693+0000] {logging_mixin.py:190} INFO - [2024-11-03T01:18:58.693+0000] {dag.py:3239} INFO - Sync 1 DAGs
[2024-11-03T01:18:58.712+0000] {logging_mixin.py:190} INFO - [2024-11-03T01:18:58.712+0000] {dag.py:4180} INFO - Setting next_dagrun for example_skip_dag to 2024-11-02 00:00:00+00:00, run_after=2024-11-03 00:00:00+00:00
[2024-11-03T01:18:58.728+0000] {processor.py:208} INFO - Processing /home/airflow/.local/lib/python3.12/site-packages/airflow/example_dags/example_skip_dag.py took 0.067 seconds
[2024-11-03T01:19:29.303+0000] {processor.py:186} INFO - Started process (PID=3978) to work on /home/airflow/.local/lib/python3.12/site-packages/airflow/example_dags/example_skip_dag.py
[2024-11-03T01:19:29.304+0000] {processor.py:914} INFO - Processing file /home/airflow/.local/lib/python3.12/site-packages/airflow/example_dags/example_skip_dag.py for tasks to queue
[2024-11-03T01:19:29.305+0000] {logging_mixin.py:190} INFO - [2024-11-03T01:19:29.305+0000] {dagbag.py:588} INFO - Filling up the DagBag from /home/airflow/.local/lib/python3.12/site-packages/airflow/example_dags/example_skip_dag.py
[2024-11-03T01:19:29.311+0000] {processor.py:925} INFO - DAG(s) 'example_skip_dag' retrieved from /home/airflow/.local/lib/python3.12/site-packages/airflow/example_dags/example_skip_dag.py
[2024-11-03T01:19:29.329+0000] {logging_mixin.py:190} INFO - [2024-11-03T01:19:29.329+0000] {dag.py:3239} INFO - Sync 1 DAGs
[2024-11-03T01:19:29.347+0000] {logging_mixin.py:190} INFO - [2024-11-03T01:19:29.347+0000] {dag.py:4180} INFO - Setting next_dagrun for example_skip_dag to 2024-11-02 00:00:00+00:00, run_after=2024-11-03 00:00:00+00:00
[2024-11-03T01:19:29.362+0000] {processor.py:208} INFO - Processing /home/airflow/.local/lib/python3.12/site-packages/airflow/example_dags/example_skip_dag.py took 0.063 seconds
[2024-11-03T01:19:59.630+0000] {processor.py:186} INFO - Started process (PID=4041) to work on /home/airflow/.local/lib/python3.12/site-packages/airflow/example_dags/example_skip_dag.py
[2024-11-03T01:19:59.631+0000] {processor.py:914} INFO - Processing file /home/airflow/.local/lib/python3.12/site-packages/airflow/example_dags/example_skip_dag.py for tasks to queue
[2024-11-03T01:19:59.632+0000] {logging_mixin.py:190} INFO - [2024-11-03T01:19:59.632+0000] {dagbag.py:588} INFO - Filling up the DagBag from /home/airflow/.local/lib/python3.12/site-packages/airflow/example_dags/example_skip_dag.py
[2024-11-03T01:19:59.638+0000] {processor.py:925} INFO - DAG(s) 'example_skip_dag' retrieved from /home/airflow/.local/lib/python3.12/site-packages/airflow/example_dags/example_skip_dag.py
[2024-11-03T01:19:59.655+0000] {logging_mixin.py:190} INFO - [2024-11-03T01:19:59.655+0000] {dag.py:3239} INFO - Sync 1 DAGs
[2024-11-03T01:19:59.674+0000] {logging_mixin.py:190} INFO - [2024-11-03T01:19:59.674+0000] {dag.py:4180} INFO - Setting next_dagrun for example_skip_dag to 2024-11-02 00:00:00+00:00, run_after=2024-11-03 00:00:00+00:00
[2024-11-03T01:19:59.689+0000] {processor.py:208} INFO - Processing /home/airflow/.local/lib/python3.12/site-packages/airflow/example_dags/example_skip_dag.py took 0.063 seconds
[2024-11-03T01:20:30.006+0000] {processor.py:186} INFO - Started process (PID=4104) to work on /home/airflow/.local/lib/python3.12/site-packages/airflow/example_dags/example_skip_dag.py
[2024-11-03T01:20:30.006+0000] {processor.py:914} INFO - Processing file /home/airflow/.local/lib/python3.12/site-packages/airflow/example_dags/example_skip_dag.py for tasks to queue
[2024-11-03T01:20:30.008+0000] {logging_mixin.py:190} INFO - [2024-11-03T01:20:30.008+0000] {dagbag.py:588} INFO - Filling up the DagBag from /home/airflow/.local/lib/python3.12/site-packages/airflow/example_dags/example_skip_dag.py
[2024-11-03T01:20:30.014+0000] {processor.py:925} INFO - DAG(s) 'example_skip_dag' retrieved from /home/airflow/.local/lib/python3.12/site-packages/airflow/example_dags/example_skip_dag.py
[2024-11-03T01:20:30.032+0000] {logging_mixin.py:190} INFO - [2024-11-03T01:20:30.032+0000] {dag.py:3239} INFO - Sync 1 DAGs
[2024-11-03T01:20:30.051+0000] {logging_mixin.py:190} INFO - [2024-11-03T01:20:30.050+0000] {dag.py:4180} INFO - Setting next_dagrun for example_skip_dag to 2024-11-02 00:00:00+00:00, run_after=2024-11-03 00:00:00+00:00
[2024-11-03T01:20:30.066+0000] {processor.py:208} INFO - Processing /home/airflow/.local/lib/python3.12/site-packages/airflow/example_dags/example_skip_dag.py took 0.064 seconds
[2024-11-03T01:21:00.182+0000] {processor.py:186} INFO - Started process (PID=4167) to work on /home/airflow/.local/lib/python3.12/site-packages/airflow/example_dags/example_skip_dag.py
[2024-11-03T01:21:00.182+0000] {processor.py:914} INFO - Processing file /home/airflow/.local/lib/python3.12/site-packages/airflow/example_dags/example_skip_dag.py for tasks to queue
[2024-11-03T01:21:00.184+0000] {logging_mixin.py:190} INFO - [2024-11-03T01:21:00.184+0000] {dagbag.py:588} INFO - Filling up the DagBag from /home/airflow/.local/lib/python3.12/site-packages/airflow/example_dags/example_skip_dag.py
[2024-11-03T01:21:00.190+0000] {processor.py:925} INFO - DAG(s) 'example_skip_dag' retrieved from /home/airflow/.local/lib/python3.12/site-packages/airflow/example_dags/example_skip_dag.py
[2024-11-03T01:21:00.207+0000] {logging_mixin.py:190} INFO - [2024-11-03T01:21:00.207+0000] {dag.py:3239} INFO - Sync 1 DAGs
[2024-11-03T01:21:00.227+0000] {logging_mixin.py:190} INFO - [2024-11-03T01:21:00.227+0000] {dag.py:4180} INFO - Setting next_dagrun for example_skip_dag to 2024-11-02 00:00:00+00:00, run_after=2024-11-03 00:00:00+00:00
[2024-11-03T01:21:00.243+0000] {processor.py:208} INFO - Processing /home/airflow/.local/lib/python3.12/site-packages/airflow/example_dags/example_skip_dag.py took 0.066 seconds
[2024-11-03T01:21:30.472+0000] {processor.py:186} INFO - Started process (PID=4230) to work on /home/airflow/.local/lib/python3.12/site-packages/airflow/example_dags/example_skip_dag.py
[2024-11-03T01:21:30.473+0000] {processor.py:914} INFO - Processing file /home/airflow/.local/lib/python3.12/site-packages/airflow/example_dags/example_skip_dag.py for tasks to queue
[2024-11-03T01:21:30.475+0000] {logging_mixin.py:190} INFO - [2024-11-03T01:21:30.475+0000] {dagbag.py:588} INFO - Filling up the DagBag from /home/airflow/.local/lib/python3.12/site-packages/airflow/example_dags/example_skip_dag.py
[2024-11-03T01:21:30.481+0000] {processor.py:925} INFO - DAG(s) 'example_skip_dag' retrieved from /home/airflow/.local/lib/python3.12/site-packages/airflow/example_dags/example_skip_dag.py
[2024-11-03T01:21:30.499+0000] {logging_mixin.py:190} INFO - [2024-11-03T01:21:30.499+0000] {dag.py:3239} INFO - Sync 1 DAGs
[2024-11-03T01:21:30.518+0000] {logging_mixin.py:190} INFO - [2024-11-03T01:21:30.517+0000] {dag.py:4180} INFO - Setting next_dagrun for example_skip_dag to 2024-11-02 00:00:00+00:00, run_after=2024-11-03 00:00:00+00:00
[2024-11-03T01:21:30.534+0000] {processor.py:208} INFO - Processing /home/airflow/.local/lib/python3.12/site-packages/airflow/example_dags/example_skip_dag.py took 0.066 seconds
[2024-11-03T01:22:00.886+0000] {processor.py:186} INFO - Started process (PID=4293) to work on /home/airflow/.local/lib/python3.12/site-packages/airflow/example_dags/example_skip_dag.py
[2024-11-03T01:22:00.887+0000] {processor.py:914} INFO - Processing file /home/airflow/.local/lib/python3.12/site-packages/airflow/example_dags/example_skip_dag.py for tasks to queue
[2024-11-03T01:22:00.889+0000] {logging_mixin.py:190} INFO - [2024-11-03T01:22:00.888+0000] {dagbag.py:588} INFO - Filling up the DagBag from /home/airflow/.local/lib/python3.12/site-packages/airflow/example_dags/example_skip_dag.py
[2024-11-03T01:22:00.894+0000] {processor.py:925} INFO - DAG(s) 'example_skip_dag' retrieved from /home/airflow/.local/lib/python3.12/site-packages/airflow/example_dags/example_skip_dag.py
[2024-11-03T01:22:00.912+0000] {logging_mixin.py:190} INFO - [2024-11-03T01:22:00.912+0000] {dag.py:3239} INFO - Sync 1 DAGs
[2024-11-03T01:22:00.932+0000] {logging_mixin.py:190} INFO - [2024-11-03T01:22:00.931+0000] {dag.py:4180} INFO - Setting next_dagrun for example_skip_dag to 2024-11-02 00:00:00+00:00, run_after=2024-11-03 00:00:00+00:00
[2024-11-03T01:22:00.946+0000] {processor.py:208} INFO - Processing /home/airflow/.local/lib/python3.12/site-packages/airflow/example_dags/example_skip_dag.py took 0.064 seconds
[2024-11-03T01:22:31.165+0000] {processor.py:186} INFO - Started process (PID=4356) to work on /home/airflow/.local/lib/python3.12/site-packages/airflow/example_dags/example_skip_dag.py
[2024-11-03T01:22:31.165+0000] {processor.py:914} INFO - Processing file /home/airflow/.local/lib/python3.12/site-packages/airflow/example_dags/example_skip_dag.py for tasks to queue
[2024-11-03T01:22:31.167+0000] {logging_mixin.py:190} INFO - [2024-11-03T01:22:31.167+0000] {dagbag.py:588} INFO - Filling up the DagBag from /home/airflow/.local/lib/python3.12/site-packages/airflow/example_dags/example_skip_dag.py
[2024-11-03T01:22:31.173+0000] {processor.py:925} INFO - DAG(s) 'example_skip_dag' retrieved from /home/airflow/.local/lib/python3.12/site-packages/airflow/example_dags/example_skip_dag.py
[2024-11-03T01:22:31.190+0000] {logging_mixin.py:190} INFO - [2024-11-03T01:22:31.190+0000] {dag.py:3239} INFO - Sync 1 DAGs
[2024-11-03T01:22:31.209+0000] {logging_mixin.py:190} INFO - [2024-11-03T01:22:31.208+0000] {dag.py:4180} INFO - Setting next_dagrun for example_skip_dag to 2024-11-02 00:00:00+00:00, run_after=2024-11-03 00:00:00+00:00
[2024-11-03T01:22:31.225+0000] {processor.py:208} INFO - Processing /home/airflow/.local/lib/python3.12/site-packages/airflow/example_dags/example_skip_dag.py took 0.064 seconds
[2024-11-03T01:23:01.498+0000] {processor.py:186} INFO - Started process (PID=4419) to work on /home/airflow/.local/lib/python3.12/site-packages/airflow/example_dags/example_skip_dag.py
[2024-11-03T01:23:01.499+0000] {processor.py:914} INFO - Processing file /home/airflow/.local/lib/python3.12/site-packages/airflow/example_dags/example_skip_dag.py for tasks to queue
[2024-11-03T01:23:01.500+0000] {logging_mixin.py:190} INFO - [2024-11-03T01:23:01.500+0000] {dagbag.py:588} INFO - Filling up the DagBag from /home/airflow/.local/lib/python3.12/site-packages/airflow/example_dags/example_skip_dag.py
[2024-11-03T01:23:01.506+0000] {processor.py:925} INFO - DAG(s) 'example_skip_dag' retrieved from /home/airflow/.local/lib/python3.12/site-packages/airflow/example_dags/example_skip_dag.py
[2024-11-03T01:23:01.525+0000] {logging_mixin.py:190} INFO - [2024-11-03T01:23:01.525+0000] {dag.py:3239} INFO - Sync 1 DAGs
[2024-11-03T01:23:01.545+0000] {logging_mixin.py:190} INFO - [2024-11-03T01:23:01.545+0000] {dag.py:4180} INFO - Setting next_dagrun for example_skip_dag to 2024-11-02 00:00:00+00:00, run_after=2024-11-03 00:00:00+00:00
[2024-11-03T01:23:01.560+0000] {processor.py:208} INFO - Processing /home/airflow/.local/lib/python3.12/site-packages/airflow/example_dags/example_skip_dag.py took 0.066 seconds
