[2024-11-03T00:00:04.018+0000] {processor.py:186} INFO - Started process (PID=794) to work on /home/airflow/.local/lib/python3.12/site-packages/airflow/example_dags/example_bash_operator.py
[2024-11-03T00:00:04.019+0000] {processor.py:914} INFO - Processing file /home/airflow/.local/lib/python3.12/site-packages/airflow/example_dags/example_bash_operator.py for tasks to queue
[2024-11-03T00:00:04.021+0000] {logging_mixin.py:190} INFO - [2024-11-03T00:00:04.021+0000] {dagbag.py:588} INFO - Filling up the DagBag from /home/airflow/.local/lib/python3.12/site-packages/airflow/example_dags/example_bash_operator.py
[2024-11-03T00:00:04.032+0000] {processor.py:925} INFO - DAG(s) 'example_bash_operator' retrieved from /home/airflow/.local/lib/python3.12/site-packages/airflow/example_dags/example_bash_operator.py
[2024-11-03T00:00:04.056+0000] {logging_mixin.py:190} INFO - [2024-11-03T00:00:04.055+0000] {dag.py:3239} INFO - Sync 1 DAGs
[2024-11-03T00:00:04.076+0000] {logging_mixin.py:190} INFO - [2024-11-03T00:00:04.076+0000] {dag.py:4180} INFO - Setting next_dagrun for example_bash_operator to 2024-11-02 00:00:00+00:00, run_after=2024-11-03 00:00:00+00:00
[2024-11-03T00:00:04.094+0000] {processor.py:208} INFO - Processing /home/airflow/.local/lib/python3.12/site-packages/airflow/example_dags/example_bash_operator.py took 0.080 seconds
[2024-11-03T00:00:34.454+0000] {processor.py:186} INFO - Started process (PID=857) to work on /home/airflow/.local/lib/python3.12/site-packages/airflow/example_dags/example_bash_operator.py
[2024-11-03T00:00:34.455+0000] {processor.py:914} INFO - Processing file /home/airflow/.local/lib/python3.12/site-packages/airflow/example_dags/example_bash_operator.py for tasks to queue
[2024-11-03T00:00:34.457+0000] {logging_mixin.py:190} INFO - [2024-11-03T00:00:34.457+0000] {dagbag.py:588} INFO - Filling up the DagBag from /home/airflow/.local/lib/python3.12/site-packages/airflow/example_dags/example_bash_operator.py
[2024-11-03T00:00:34.467+0000] {processor.py:925} INFO - DAG(s) 'example_bash_operator' retrieved from /home/airflow/.local/lib/python3.12/site-packages/airflow/example_dags/example_bash_operator.py
[2024-11-03T00:00:34.490+0000] {logging_mixin.py:190} INFO - [2024-11-03T00:00:34.490+0000] {dag.py:3239} INFO - Sync 1 DAGs
[2024-11-03T00:00:34.510+0000] {logging_mixin.py:190} INFO - [2024-11-03T00:00:34.509+0000] {dag.py:4180} INFO - Setting next_dagrun for example_bash_operator to 2024-11-02 00:00:00+00:00, run_after=2024-11-03 00:00:00+00:00
[2024-11-03T00:00:34.525+0000] {processor.py:208} INFO - Processing /home/airflow/.local/lib/python3.12/site-packages/airflow/example_dags/example_bash_operator.py took 0.076 seconds
[2024-11-03T00:01:05.600+0000] {processor.py:186} INFO - Started process (PID=920) to work on /home/airflow/.local/lib/python3.12/site-packages/airflow/example_dags/example_bash_operator.py
[2024-11-03T00:01:05.601+0000] {processor.py:914} INFO - Processing file /home/airflow/.local/lib/python3.12/site-packages/airflow/example_dags/example_bash_operator.py for tasks to queue
[2024-11-03T00:01:05.603+0000] {logging_mixin.py:190} INFO - [2024-11-03T00:01:05.602+0000] {dagbag.py:588} INFO - Filling up the DagBag from /home/airflow/.local/lib/python3.12/site-packages/airflow/example_dags/example_bash_operator.py
[2024-11-03T00:01:05.614+0000] {processor.py:925} INFO - DAG(s) 'example_bash_operator' retrieved from /home/airflow/.local/lib/python3.12/site-packages/airflow/example_dags/example_bash_operator.py
[2024-11-03T00:01:05.639+0000] {logging_mixin.py:190} INFO - [2024-11-03T00:01:05.639+0000] {dag.py:3239} INFO - Sync 1 DAGs
[2024-11-03T00:01:05.661+0000] {logging_mixin.py:190} INFO - [2024-11-03T00:01:05.661+0000] {dag.py:4180} INFO - Setting next_dagrun for example_bash_operator to 2024-11-02 00:00:00+00:00, run_after=2024-11-03 00:00:00+00:00
[2024-11-03T00:01:05.678+0000] {processor.py:208} INFO - Processing /home/airflow/.local/lib/python3.12/site-packages/airflow/example_dags/example_bash_operator.py took 0.082 seconds
[2024-11-03T00:01:36.125+0000] {processor.py:186} INFO - Started process (PID=983) to work on /home/airflow/.local/lib/python3.12/site-packages/airflow/example_dags/example_bash_operator.py
[2024-11-03T00:01:36.126+0000] {processor.py:914} INFO - Processing file /home/airflow/.local/lib/python3.12/site-packages/airflow/example_dags/example_bash_operator.py for tasks to queue
[2024-11-03T00:01:36.128+0000] {logging_mixin.py:190} INFO - [2024-11-03T00:01:36.128+0000] {dagbag.py:588} INFO - Filling up the DagBag from /home/airflow/.local/lib/python3.12/site-packages/airflow/example_dags/example_bash_operator.py
[2024-11-03T00:01:36.142+0000] {processor.py:925} INFO - DAG(s) 'example_bash_operator' retrieved from /home/airflow/.local/lib/python3.12/site-packages/airflow/example_dags/example_bash_operator.py
[2024-11-03T00:01:36.166+0000] {logging_mixin.py:190} INFO - [2024-11-03T00:01:36.166+0000] {dag.py:3239} INFO - Sync 1 DAGs
[2024-11-03T00:01:36.187+0000] {logging_mixin.py:190} INFO - [2024-11-03T00:01:36.187+0000] {dag.py:4180} INFO - Setting next_dagrun for example_bash_operator to 2024-11-02 00:00:00+00:00, run_after=2024-11-03 00:00:00+00:00
[2024-11-03T00:01:36.203+0000] {processor.py:208} INFO - Processing /home/airflow/.local/lib/python3.12/site-packages/airflow/example_dags/example_bash_operator.py took 0.082 seconds
[2024-11-03T00:48:06.543+0000] {processor.py:186} INFO - Started process (PID=99) to work on /home/airflow/.local/lib/python3.12/site-packages/airflow/example_dags/example_bash_operator.py
[2024-11-03T00:48:06.544+0000] {processor.py:914} INFO - Processing file /home/airflow/.local/lib/python3.12/site-packages/airflow/example_dags/example_bash_operator.py for tasks to queue
[2024-11-03T00:48:06.546+0000] {logging_mixin.py:190} INFO - [2024-11-03T00:48:06.546+0000] {dagbag.py:588} INFO - Filling up the DagBag from /home/airflow/.local/lib/python3.12/site-packages/airflow/example_dags/example_bash_operator.py
[2024-11-03T00:48:06.558+0000] {processor.py:925} INFO - DAG(s) 'example_bash_operator' retrieved from /home/airflow/.local/lib/python3.12/site-packages/airflow/example_dags/example_bash_operator.py
[2024-11-03T00:48:06.660+0000] {logging_mixin.py:190} INFO - [2024-11-03T00:48:06.659+0000] {override.py:1900} INFO - Created Permission View: can delete on DAG:example_bash_operator
[2024-11-03T00:48:06.669+0000] {logging_mixin.py:190} INFO - [2024-11-03T00:48:06.669+0000] {override.py:1900} INFO - Created Permission View: can edit on DAG:example_bash_operator
[2024-11-03T00:48:06.675+0000] {logging_mixin.py:190} INFO - [2024-11-03T00:48:06.675+0000] {override.py:1900} INFO - Created Permission View: can read on DAG:example_bash_operator
[2024-11-03T00:48:06.683+0000] {logging_mixin.py:190} INFO - [2024-11-03T00:48:06.682+0000] {override.py:1900} INFO - Created Permission View: can create on DAG Run:example_bash_operator
[2024-11-03T00:48:06.689+0000] {logging_mixin.py:190} INFO - [2024-11-03T00:48:06.689+0000] {override.py:1900} INFO - Created Permission View: can delete on DAG Run:example_bash_operator
[2024-11-03T00:48:06.695+0000] {logging_mixin.py:190} INFO - [2024-11-03T00:48:06.694+0000] {override.py:1900} INFO - Created Permission View: menu access on DAG Run:example_bash_operator
[2024-11-03T00:48:06.700+0000] {logging_mixin.py:190} INFO - [2024-11-03T00:48:06.700+0000] {override.py:1900} INFO - Created Permission View: can read on DAG Run:example_bash_operator
[2024-11-03T00:48:06.701+0000] {logging_mixin.py:190} INFO - [2024-11-03T00:48:06.701+0000] {dag.py:3239} INFO - Sync 1 DAGs
[2024-11-03T00:48:06.713+0000] {logging_mixin.py:190} INFO - [2024-11-03T00:48:06.713+0000] {dag.py:3262} INFO - Creating ORM DAG for example_bash_operator
[2024-11-03T00:48:06.723+0000] {logging_mixin.py:190} INFO - [2024-11-03T00:48:06.723+0000] {dag.py:4180} INFO - Setting next_dagrun for example_bash_operator to 2024-11-02 00:00:00+00:00, run_after=2024-11-03 00:00:00+00:00
[2024-11-03T00:48:06.739+0000] {processor.py:208} INFO - Processing /home/airflow/.local/lib/python3.12/site-packages/airflow/example_dags/example_bash_operator.py took 0.201 seconds
[2024-11-03T00:48:36.893+0000] {processor.py:186} INFO - Started process (PID=162) to work on /home/airflow/.local/lib/python3.12/site-packages/airflow/example_dags/example_bash_operator.py
[2024-11-03T00:48:36.893+0000] {processor.py:914} INFO - Processing file /home/airflow/.local/lib/python3.12/site-packages/airflow/example_dags/example_bash_operator.py for tasks to queue
[2024-11-03T00:48:36.895+0000] {logging_mixin.py:190} INFO - [2024-11-03T00:48:36.895+0000] {dagbag.py:588} INFO - Filling up the DagBag from /home/airflow/.local/lib/python3.12/site-packages/airflow/example_dags/example_bash_operator.py
[2024-11-03T00:48:36.907+0000] {processor.py:925} INFO - DAG(s) 'example_bash_operator' retrieved from /home/airflow/.local/lib/python3.12/site-packages/airflow/example_dags/example_bash_operator.py
[2024-11-03T00:48:36.930+0000] {logging_mixin.py:190} INFO - [2024-11-03T00:48:36.930+0000] {dag.py:3239} INFO - Sync 1 DAGs
[2024-11-03T00:48:36.950+0000] {logging_mixin.py:190} INFO - [2024-11-03T00:48:36.950+0000] {dag.py:4180} INFO - Setting next_dagrun for example_bash_operator to 2024-11-02 00:00:00+00:00, run_after=2024-11-03 00:00:00+00:00
[2024-11-03T00:48:36.966+0000] {processor.py:208} INFO - Processing /home/airflow/.local/lib/python3.12/site-packages/airflow/example_dags/example_bash_operator.py took 0.078 seconds
[2024-11-03T00:49:07.359+0000] {processor.py:186} INFO - Started process (PID=225) to work on /home/airflow/.local/lib/python3.12/site-packages/airflow/example_dags/example_bash_operator.py
[2024-11-03T00:49:07.360+0000] {processor.py:914} INFO - Processing file /home/airflow/.local/lib/python3.12/site-packages/airflow/example_dags/example_bash_operator.py for tasks to queue
[2024-11-03T00:49:07.362+0000] {logging_mixin.py:190} INFO - [2024-11-03T00:49:07.361+0000] {dagbag.py:588} INFO - Filling up the DagBag from /home/airflow/.local/lib/python3.12/site-packages/airflow/example_dags/example_bash_operator.py
[2024-11-03T00:49:07.373+0000] {processor.py:925} INFO - DAG(s) 'example_bash_operator' retrieved from /home/airflow/.local/lib/python3.12/site-packages/airflow/example_dags/example_bash_operator.py
[2024-11-03T00:49:07.397+0000] {logging_mixin.py:190} INFO - [2024-11-03T00:49:07.396+0000] {dag.py:3239} INFO - Sync 1 DAGs
[2024-11-03T00:49:07.418+0000] {logging_mixin.py:190} INFO - [2024-11-03T00:49:07.417+0000] {dag.py:4180} INFO - Setting next_dagrun for example_bash_operator to 2024-11-02 00:00:00+00:00, run_after=2024-11-03 00:00:00+00:00
[2024-11-03T00:49:07.433+0000] {processor.py:208} INFO - Processing /home/airflow/.local/lib/python3.12/site-packages/airflow/example_dags/example_bash_operator.py took 0.079 seconds
[2024-11-03T00:49:37.629+0000] {processor.py:186} INFO - Started process (PID=288) to work on /home/airflow/.local/lib/python3.12/site-packages/airflow/example_dags/example_bash_operator.py
[2024-11-03T00:49:37.630+0000] {processor.py:914} INFO - Processing file /home/airflow/.local/lib/python3.12/site-packages/airflow/example_dags/example_bash_operator.py for tasks to queue
[2024-11-03T00:49:37.632+0000] {logging_mixin.py:190} INFO - [2024-11-03T00:49:37.632+0000] {dagbag.py:588} INFO - Filling up the DagBag from /home/airflow/.local/lib/python3.12/site-packages/airflow/example_dags/example_bash_operator.py
[2024-11-03T00:49:37.644+0000] {processor.py:925} INFO - DAG(s) 'example_bash_operator' retrieved from /home/airflow/.local/lib/python3.12/site-packages/airflow/example_dags/example_bash_operator.py
[2024-11-03T00:49:37.667+0000] {logging_mixin.py:190} INFO - [2024-11-03T00:49:37.667+0000] {dag.py:3239} INFO - Sync 1 DAGs
[2024-11-03T00:49:37.688+0000] {logging_mixin.py:190} INFO - [2024-11-03T00:49:37.687+0000] {dag.py:4180} INFO - Setting next_dagrun for example_bash_operator to 2024-11-02 00:00:00+00:00, run_after=2024-11-03 00:00:00+00:00
[2024-11-03T00:49:37.703+0000] {processor.py:208} INFO - Processing /home/airflow/.local/lib/python3.12/site-packages/airflow/example_dags/example_bash_operator.py took 0.078 seconds
[2024-11-03T00:50:08.221+0000] {processor.py:186} INFO - Started process (PID=351) to work on /home/airflow/.local/lib/python3.12/site-packages/airflow/example_dags/example_bash_operator.py
[2024-11-03T00:50:08.222+0000] {processor.py:914} INFO - Processing file /home/airflow/.local/lib/python3.12/site-packages/airflow/example_dags/example_bash_operator.py for tasks to queue
[2024-11-03T00:50:08.224+0000] {logging_mixin.py:190} INFO - [2024-11-03T00:50:08.224+0000] {dagbag.py:588} INFO - Filling up the DagBag from /home/airflow/.local/lib/python3.12/site-packages/airflow/example_dags/example_bash_operator.py
[2024-11-03T00:50:08.236+0000] {processor.py:925} INFO - DAG(s) 'example_bash_operator' retrieved from /home/airflow/.local/lib/python3.12/site-packages/airflow/example_dags/example_bash_operator.py
[2024-11-03T00:50:08.261+0000] {logging_mixin.py:190} INFO - [2024-11-03T00:50:08.261+0000] {dag.py:3239} INFO - Sync 1 DAGs
[2024-11-03T00:50:08.282+0000] {logging_mixin.py:190} INFO - [2024-11-03T00:50:08.282+0000] {dag.py:4180} INFO - Setting next_dagrun for example_bash_operator to 2024-11-02 00:00:00+00:00, run_after=2024-11-03 00:00:00+00:00
[2024-11-03T00:50:08.301+0000] {processor.py:208} INFO - Processing /home/airflow/.local/lib/python3.12/site-packages/airflow/example_dags/example_bash_operator.py took 0.085 seconds
[2024-11-03T00:50:38.748+0000] {processor.py:186} INFO - Started process (PID=414) to work on /home/airflow/.local/lib/python3.12/site-packages/airflow/example_dags/example_bash_operator.py
[2024-11-03T00:50:38.748+0000] {processor.py:914} INFO - Processing file /home/airflow/.local/lib/python3.12/site-packages/airflow/example_dags/example_bash_operator.py for tasks to queue
[2024-11-03T00:50:38.750+0000] {logging_mixin.py:190} INFO - [2024-11-03T00:50:38.750+0000] {dagbag.py:588} INFO - Filling up the DagBag from /home/airflow/.local/lib/python3.12/site-packages/airflow/example_dags/example_bash_operator.py
[2024-11-03T00:50:38.761+0000] {processor.py:925} INFO - DAG(s) 'example_bash_operator' retrieved from /home/airflow/.local/lib/python3.12/site-packages/airflow/example_dags/example_bash_operator.py
[2024-11-03T00:50:38.785+0000] {logging_mixin.py:190} INFO - [2024-11-03T00:50:38.785+0000] {dag.py:3239} INFO - Sync 1 DAGs
[2024-11-03T00:50:38.805+0000] {logging_mixin.py:190} INFO - [2024-11-03T00:50:38.805+0000] {dag.py:4180} INFO - Setting next_dagrun for example_bash_operator to 2024-11-02 00:00:00+00:00, run_after=2024-11-03 00:00:00+00:00
[2024-11-03T00:50:38.821+0000] {processor.py:208} INFO - Processing /home/airflow/.local/lib/python3.12/site-packages/airflow/example_dags/example_bash_operator.py took 0.079 seconds
[2024-11-03T00:51:09.151+0000] {processor.py:186} INFO - Started process (PID=477) to work on /home/airflow/.local/lib/python3.12/site-packages/airflow/example_dags/example_bash_operator.py
[2024-11-03T00:51:09.152+0000] {processor.py:914} INFO - Processing file /home/airflow/.local/lib/python3.12/site-packages/airflow/example_dags/example_bash_operator.py for tasks to queue
[2024-11-03T00:51:09.154+0000] {logging_mixin.py:190} INFO - [2024-11-03T00:51:09.154+0000] {dagbag.py:588} INFO - Filling up the DagBag from /home/airflow/.local/lib/python3.12/site-packages/airflow/example_dags/example_bash_operator.py
[2024-11-03T00:51:09.166+0000] {processor.py:925} INFO - DAG(s) 'example_bash_operator' retrieved from /home/airflow/.local/lib/python3.12/site-packages/airflow/example_dags/example_bash_operator.py
[2024-11-03T00:51:09.193+0000] {logging_mixin.py:190} INFO - [2024-11-03T00:51:09.193+0000] {dag.py:3239} INFO - Sync 1 DAGs
[2024-11-03T00:51:09.220+0000] {logging_mixin.py:190} INFO - [2024-11-03T00:51:09.220+0000] {dag.py:4180} INFO - Setting next_dagrun for example_bash_operator to 2024-11-02 00:00:00+00:00, run_after=2024-11-03 00:00:00+00:00
[2024-11-03T00:51:09.238+0000] {processor.py:208} INFO - Processing /home/airflow/.local/lib/python3.12/site-packages/airflow/example_dags/example_bash_operator.py took 0.093 seconds
[2024-11-03T00:51:39.691+0000] {processor.py:186} INFO - Started process (PID=540) to work on /home/airflow/.local/lib/python3.12/site-packages/airflow/example_dags/example_bash_operator.py
[2024-11-03T00:51:39.692+0000] {processor.py:914} INFO - Processing file /home/airflow/.local/lib/python3.12/site-packages/airflow/example_dags/example_bash_operator.py for tasks to queue
[2024-11-03T00:51:39.694+0000] {logging_mixin.py:190} INFO - [2024-11-03T00:51:39.693+0000] {dagbag.py:588} INFO - Filling up the DagBag from /home/airflow/.local/lib/python3.12/site-packages/airflow/example_dags/example_bash_operator.py
[2024-11-03T00:51:39.704+0000] {processor.py:925} INFO - DAG(s) 'example_bash_operator' retrieved from /home/airflow/.local/lib/python3.12/site-packages/airflow/example_dags/example_bash_operator.py
[2024-11-03T00:51:39.727+0000] {logging_mixin.py:190} INFO - [2024-11-03T00:51:39.727+0000] {dag.py:3239} INFO - Sync 1 DAGs
[2024-11-03T00:51:39.748+0000] {logging_mixin.py:190} INFO - [2024-11-03T00:51:39.747+0000] {dag.py:4180} INFO - Setting next_dagrun for example_bash_operator to 2024-11-02 00:00:00+00:00, run_after=2024-11-03 00:00:00+00:00
[2024-11-03T00:51:39.764+0000] {processor.py:208} INFO - Processing /home/airflow/.local/lib/python3.12/site-packages/airflow/example_dags/example_bash_operator.py took 0.077 seconds
[2024-11-03T00:52:09.999+0000] {processor.py:186} INFO - Started process (PID=603) to work on /home/airflow/.local/lib/python3.12/site-packages/airflow/example_dags/example_bash_operator.py
[2024-11-03T00:52:10.000+0000] {processor.py:914} INFO - Processing file /home/airflow/.local/lib/python3.12/site-packages/airflow/example_dags/example_bash_operator.py for tasks to queue
[2024-11-03T00:52:10.002+0000] {logging_mixin.py:190} INFO - [2024-11-03T00:52:10.002+0000] {dagbag.py:588} INFO - Filling up the DagBag from /home/airflow/.local/lib/python3.12/site-packages/airflow/example_dags/example_bash_operator.py
[2024-11-03T00:52:10.013+0000] {processor.py:925} INFO - DAG(s) 'example_bash_operator' retrieved from /home/airflow/.local/lib/python3.12/site-packages/airflow/example_dags/example_bash_operator.py
[2024-11-03T00:52:10.042+0000] {logging_mixin.py:190} INFO - [2024-11-03T00:52:10.042+0000] {dag.py:3239} INFO - Sync 1 DAGs
[2024-11-03T00:52:10.068+0000] {logging_mixin.py:190} INFO - [2024-11-03T00:52:10.068+0000] {dag.py:4180} INFO - Setting next_dagrun for example_bash_operator to 2024-11-02 00:00:00+00:00, run_after=2024-11-03 00:00:00+00:00
[2024-11-03T00:52:10.085+0000] {processor.py:208} INFO - Processing /home/airflow/.local/lib/python3.12/site-packages/airflow/example_dags/example_bash_operator.py took 0.093 seconds
[2024-11-03T00:52:40.351+0000] {processor.py:186} INFO - Started process (PID=666) to work on /home/airflow/.local/lib/python3.12/site-packages/airflow/example_dags/example_bash_operator.py
[2024-11-03T00:52:40.352+0000] {processor.py:914} INFO - Processing file /home/airflow/.local/lib/python3.12/site-packages/airflow/example_dags/example_bash_operator.py for tasks to queue
[2024-11-03T00:52:40.354+0000] {logging_mixin.py:190} INFO - [2024-11-03T00:52:40.353+0000] {dagbag.py:588} INFO - Filling up the DagBag from /home/airflow/.local/lib/python3.12/site-packages/airflow/example_dags/example_bash_operator.py
[2024-11-03T00:52:40.364+0000] {processor.py:925} INFO - DAG(s) 'example_bash_operator' retrieved from /home/airflow/.local/lib/python3.12/site-packages/airflow/example_dags/example_bash_operator.py
[2024-11-03T00:52:40.387+0000] {logging_mixin.py:190} INFO - [2024-11-03T00:52:40.387+0000] {dag.py:3239} INFO - Sync 1 DAGs
[2024-11-03T00:52:40.407+0000] {logging_mixin.py:190} INFO - [2024-11-03T00:52:40.407+0000] {dag.py:4180} INFO - Setting next_dagrun for example_bash_operator to 2024-11-02 00:00:00+00:00, run_after=2024-11-03 00:00:00+00:00
[2024-11-03T00:52:40.421+0000] {processor.py:208} INFO - Processing /home/airflow/.local/lib/python3.12/site-packages/airflow/example_dags/example_bash_operator.py took 0.075 seconds
[2024-11-03T00:53:10.648+0000] {processor.py:186} INFO - Started process (PID=729) to work on /home/airflow/.local/lib/python3.12/site-packages/airflow/example_dags/example_bash_operator.py
[2024-11-03T00:53:10.649+0000] {processor.py:914} INFO - Processing file /home/airflow/.local/lib/python3.12/site-packages/airflow/example_dags/example_bash_operator.py for tasks to queue
[2024-11-03T00:53:10.651+0000] {logging_mixin.py:190} INFO - [2024-11-03T00:53:10.651+0000] {dagbag.py:588} INFO - Filling up the DagBag from /home/airflow/.local/lib/python3.12/site-packages/airflow/example_dags/example_bash_operator.py
[2024-11-03T00:53:10.662+0000] {processor.py:925} INFO - DAG(s) 'example_bash_operator' retrieved from /home/airflow/.local/lib/python3.12/site-packages/airflow/example_dags/example_bash_operator.py
[2024-11-03T00:53:10.686+0000] {logging_mixin.py:190} INFO - [2024-11-03T00:53:10.685+0000] {dag.py:3239} INFO - Sync 1 DAGs
[2024-11-03T00:53:10.706+0000] {logging_mixin.py:190} INFO - [2024-11-03T00:53:10.705+0000] {dag.py:4180} INFO - Setting next_dagrun for example_bash_operator to 2024-11-02 00:00:00+00:00, run_after=2024-11-03 00:00:00+00:00
[2024-11-03T00:53:10.722+0000] {processor.py:208} INFO - Processing /home/airflow/.local/lib/python3.12/site-packages/airflow/example_dags/example_bash_operator.py took 0.079 seconds
[2024-11-03T00:53:41.122+0000] {processor.py:186} INFO - Started process (PID=792) to work on /home/airflow/.local/lib/python3.12/site-packages/airflow/example_dags/example_bash_operator.py
[2024-11-03T00:53:41.122+0000] {processor.py:914} INFO - Processing file /home/airflow/.local/lib/python3.12/site-packages/airflow/example_dags/example_bash_operator.py for tasks to queue
[2024-11-03T00:53:41.124+0000] {logging_mixin.py:190} INFO - [2024-11-03T00:53:41.124+0000] {dagbag.py:588} INFO - Filling up the DagBag from /home/airflow/.local/lib/python3.12/site-packages/airflow/example_dags/example_bash_operator.py
[2024-11-03T00:53:41.135+0000] {processor.py:925} INFO - DAG(s) 'example_bash_operator' retrieved from /home/airflow/.local/lib/python3.12/site-packages/airflow/example_dags/example_bash_operator.py
[2024-11-03T00:53:41.160+0000] {logging_mixin.py:190} INFO - [2024-11-03T00:53:41.159+0000] {dag.py:3239} INFO - Sync 1 DAGs
[2024-11-03T00:53:41.182+0000] {logging_mixin.py:190} INFO - [2024-11-03T00:53:41.182+0000] {dag.py:4180} INFO - Setting next_dagrun for example_bash_operator to 2024-11-02 00:00:00+00:00, run_after=2024-11-03 00:00:00+00:00
[2024-11-03T00:53:41.198+0000] {processor.py:208} INFO - Processing /home/airflow/.local/lib/python3.12/site-packages/airflow/example_dags/example_bash_operator.py took 0.081 seconds
[2024-11-03T00:54:11.304+0000] {processor.py:186} INFO - Started process (PID=855) to work on /home/airflow/.local/lib/python3.12/site-packages/airflow/example_dags/example_bash_operator.py
[2024-11-03T00:54:11.305+0000] {processor.py:914} INFO - Processing file /home/airflow/.local/lib/python3.12/site-packages/airflow/example_dags/example_bash_operator.py for tasks to queue
[2024-11-03T00:54:11.306+0000] {logging_mixin.py:190} INFO - [2024-11-03T00:54:11.306+0000] {dagbag.py:588} INFO - Filling up the DagBag from /home/airflow/.local/lib/python3.12/site-packages/airflow/example_dags/example_bash_operator.py
[2024-11-03T00:54:11.318+0000] {processor.py:925} INFO - DAG(s) 'example_bash_operator' retrieved from /home/airflow/.local/lib/python3.12/site-packages/airflow/example_dags/example_bash_operator.py
[2024-11-03T00:54:11.352+0000] {logging_mixin.py:190} INFO - [2024-11-03T00:54:11.352+0000] {dag.py:3239} INFO - Sync 1 DAGs
[2024-11-03T00:54:11.385+0000] {logging_mixin.py:190} INFO - [2024-11-03T00:54:11.385+0000] {dag.py:4180} INFO - Setting next_dagrun for example_bash_operator to 2024-11-02 00:00:00+00:00, run_after=2024-11-03 00:00:00+00:00
[2024-11-03T00:54:11.410+0000] {processor.py:208} INFO - Processing /home/airflow/.local/lib/python3.12/site-packages/airflow/example_dags/example_bash_operator.py took 0.111 seconds
[2024-11-03T00:54:41.701+0000] {processor.py:186} INFO - Started process (PID=918) to work on /home/airflow/.local/lib/python3.12/site-packages/airflow/example_dags/example_bash_operator.py
[2024-11-03T00:54:41.701+0000] {processor.py:914} INFO - Processing file /home/airflow/.local/lib/python3.12/site-packages/airflow/example_dags/example_bash_operator.py for tasks to queue
[2024-11-03T00:54:41.703+0000] {logging_mixin.py:190} INFO - [2024-11-03T00:54:41.703+0000] {dagbag.py:588} INFO - Filling up the DagBag from /home/airflow/.local/lib/python3.12/site-packages/airflow/example_dags/example_bash_operator.py
[2024-11-03T00:54:41.715+0000] {processor.py:925} INFO - DAG(s) 'example_bash_operator' retrieved from /home/airflow/.local/lib/python3.12/site-packages/airflow/example_dags/example_bash_operator.py
[2024-11-03T00:54:41.739+0000] {logging_mixin.py:190} INFO - [2024-11-03T00:54:41.739+0000] {dag.py:3239} INFO - Sync 1 DAGs
[2024-11-03T00:54:41.760+0000] {logging_mixin.py:190} INFO - [2024-11-03T00:54:41.760+0000] {dag.py:4180} INFO - Setting next_dagrun for example_bash_operator to 2024-11-02 00:00:00+00:00, run_after=2024-11-03 00:00:00+00:00
[2024-11-03T00:54:41.777+0000] {processor.py:208} INFO - Processing /home/airflow/.local/lib/python3.12/site-packages/airflow/example_dags/example_bash_operator.py took 0.081 seconds
[2024-11-03T00:55:12.018+0000] {processor.py:186} INFO - Started process (PID=981) to work on /home/airflow/.local/lib/python3.12/site-packages/airflow/example_dags/example_bash_operator.py
[2024-11-03T00:55:12.018+0000] {processor.py:914} INFO - Processing file /home/airflow/.local/lib/python3.12/site-packages/airflow/example_dags/example_bash_operator.py for tasks to queue
[2024-11-03T00:55:12.020+0000] {logging_mixin.py:190} INFO - [2024-11-03T00:55:12.020+0000] {dagbag.py:588} INFO - Filling up the DagBag from /home/airflow/.local/lib/python3.12/site-packages/airflow/example_dags/example_bash_operator.py
[2024-11-03T00:55:12.031+0000] {processor.py:925} INFO - DAG(s) 'example_bash_operator' retrieved from /home/airflow/.local/lib/python3.12/site-packages/airflow/example_dags/example_bash_operator.py
[2024-11-03T00:55:12.054+0000] {logging_mixin.py:190} INFO - [2024-11-03T00:55:12.054+0000] {dag.py:3239} INFO - Sync 1 DAGs
[2024-11-03T00:55:12.076+0000] {logging_mixin.py:190} INFO - [2024-11-03T00:55:12.076+0000] {dag.py:4180} INFO - Setting next_dagrun for example_bash_operator to 2024-11-02 00:00:00+00:00, run_after=2024-11-03 00:00:00+00:00
[2024-11-03T00:55:12.093+0000] {processor.py:208} INFO - Processing /home/airflow/.local/lib/python3.12/site-packages/airflow/example_dags/example_bash_operator.py took 0.080 seconds
[2024-11-03T00:55:42.464+0000] {processor.py:186} INFO - Started process (PID=1044) to work on /home/airflow/.local/lib/python3.12/site-packages/airflow/example_dags/example_bash_operator.py
[2024-11-03T00:55:42.465+0000] {processor.py:914} INFO - Processing file /home/airflow/.local/lib/python3.12/site-packages/airflow/example_dags/example_bash_operator.py for tasks to queue
[2024-11-03T00:55:42.467+0000] {logging_mixin.py:190} INFO - [2024-11-03T00:55:42.466+0000] {dagbag.py:588} INFO - Filling up the DagBag from /home/airflow/.local/lib/python3.12/site-packages/airflow/example_dags/example_bash_operator.py
[2024-11-03T00:55:42.477+0000] {processor.py:925} INFO - DAG(s) 'example_bash_operator' retrieved from /home/airflow/.local/lib/python3.12/site-packages/airflow/example_dags/example_bash_operator.py
[2024-11-03T00:55:42.501+0000] {logging_mixin.py:190} INFO - [2024-11-03T00:55:42.500+0000] {dag.py:3239} INFO - Sync 1 DAGs
[2024-11-03T00:55:42.521+0000] {logging_mixin.py:190} INFO - [2024-11-03T00:55:42.521+0000] {dag.py:4180} INFO - Setting next_dagrun for example_bash_operator to 2024-11-02 00:00:00+00:00, run_after=2024-11-03 00:00:00+00:00
[2024-11-03T00:55:42.538+0000] {processor.py:208} INFO - Processing /home/airflow/.local/lib/python3.12/site-packages/airflow/example_dags/example_bash_operator.py took 0.080 seconds
[2024-11-03T00:56:13.081+0000] {processor.py:186} INFO - Started process (PID=1107) to work on /home/airflow/.local/lib/python3.12/site-packages/airflow/example_dags/example_bash_operator.py
[2024-11-03T00:56:13.082+0000] {processor.py:914} INFO - Processing file /home/airflow/.local/lib/python3.12/site-packages/airflow/example_dags/example_bash_operator.py for tasks to queue
[2024-11-03T00:56:13.084+0000] {logging_mixin.py:190} INFO - [2024-11-03T00:56:13.084+0000] {dagbag.py:588} INFO - Filling up the DagBag from /home/airflow/.local/lib/python3.12/site-packages/airflow/example_dags/example_bash_operator.py
[2024-11-03T00:56:13.094+0000] {processor.py:925} INFO - DAG(s) 'example_bash_operator' retrieved from /home/airflow/.local/lib/python3.12/site-packages/airflow/example_dags/example_bash_operator.py
[2024-11-03T00:56:13.117+0000] {logging_mixin.py:190} INFO - [2024-11-03T00:56:13.117+0000] {dag.py:3239} INFO - Sync 1 DAGs
[2024-11-03T00:56:13.138+0000] {logging_mixin.py:190} INFO - [2024-11-03T00:56:13.138+0000] {dag.py:4180} INFO - Setting next_dagrun for example_bash_operator to 2024-11-02 00:00:00+00:00, run_after=2024-11-03 00:00:00+00:00
[2024-11-03T00:56:13.154+0000] {processor.py:208} INFO - Processing /home/airflow/.local/lib/python3.12/site-packages/airflow/example_dags/example_bash_operator.py took 0.078 seconds
[2024-11-03T00:56:43.404+0000] {processor.py:186} INFO - Started process (PID=1170) to work on /home/airflow/.local/lib/python3.12/site-packages/airflow/example_dags/example_bash_operator.py
[2024-11-03T00:56:43.405+0000] {processor.py:914} INFO - Processing file /home/airflow/.local/lib/python3.12/site-packages/airflow/example_dags/example_bash_operator.py for tasks to queue
[2024-11-03T00:56:43.407+0000] {logging_mixin.py:190} INFO - [2024-11-03T00:56:43.407+0000] {dagbag.py:588} INFO - Filling up the DagBag from /home/airflow/.local/lib/python3.12/site-packages/airflow/example_dags/example_bash_operator.py
[2024-11-03T00:56:43.418+0000] {processor.py:925} INFO - DAG(s) 'example_bash_operator' retrieved from /home/airflow/.local/lib/python3.12/site-packages/airflow/example_dags/example_bash_operator.py
[2024-11-03T00:56:43.450+0000] {logging_mixin.py:190} INFO - [2024-11-03T00:56:43.449+0000] {dag.py:3239} INFO - Sync 1 DAGs
[2024-11-03T00:56:43.479+0000] {logging_mixin.py:190} INFO - [2024-11-03T00:56:43.478+0000] {dag.py:4180} INFO - Setting next_dagrun for example_bash_operator to 2024-11-02 00:00:00+00:00, run_after=2024-11-03 00:00:00+00:00
[2024-11-03T00:56:43.502+0000] {processor.py:208} INFO - Processing /home/airflow/.local/lib/python3.12/site-packages/airflow/example_dags/example_bash_operator.py took 0.102 seconds
[2024-11-03T00:57:13.744+0000] {processor.py:186} INFO - Started process (PID=1233) to work on /home/airflow/.local/lib/python3.12/site-packages/airflow/example_dags/example_bash_operator.py
[2024-11-03T00:57:13.745+0000] {processor.py:914} INFO - Processing file /home/airflow/.local/lib/python3.12/site-packages/airflow/example_dags/example_bash_operator.py for tasks to queue
[2024-11-03T00:57:13.747+0000] {logging_mixin.py:190} INFO - [2024-11-03T00:57:13.746+0000] {dagbag.py:588} INFO - Filling up the DagBag from /home/airflow/.local/lib/python3.12/site-packages/airflow/example_dags/example_bash_operator.py
[2024-11-03T00:57:13.758+0000] {processor.py:925} INFO - DAG(s) 'example_bash_operator' retrieved from /home/airflow/.local/lib/python3.12/site-packages/airflow/example_dags/example_bash_operator.py
[2024-11-03T00:57:13.784+0000] {logging_mixin.py:190} INFO - [2024-11-03T00:57:13.784+0000] {dag.py:3239} INFO - Sync 1 DAGs
[2024-11-03T00:57:13.806+0000] {logging_mixin.py:190} INFO - [2024-11-03T00:57:13.806+0000] {dag.py:4180} INFO - Setting next_dagrun for example_bash_operator to 2024-11-02 00:00:00+00:00, run_after=2024-11-03 00:00:00+00:00
[2024-11-03T00:57:13.822+0000] {processor.py:208} INFO - Processing /home/airflow/.local/lib/python3.12/site-packages/airflow/example_dags/example_bash_operator.py took 0.083 seconds
[2024-11-03T00:57:44.052+0000] {processor.py:186} INFO - Started process (PID=1296) to work on /home/airflow/.local/lib/python3.12/site-packages/airflow/example_dags/example_bash_operator.py
[2024-11-03T00:57:44.053+0000] {processor.py:914} INFO - Processing file /home/airflow/.local/lib/python3.12/site-packages/airflow/example_dags/example_bash_operator.py for tasks to queue
[2024-11-03T00:57:44.055+0000] {logging_mixin.py:190} INFO - [2024-11-03T00:57:44.055+0000] {dagbag.py:588} INFO - Filling up the DagBag from /home/airflow/.local/lib/python3.12/site-packages/airflow/example_dags/example_bash_operator.py
[2024-11-03T00:57:44.066+0000] {processor.py:925} INFO - DAG(s) 'example_bash_operator' retrieved from /home/airflow/.local/lib/python3.12/site-packages/airflow/example_dags/example_bash_operator.py
[2024-11-03T00:57:44.091+0000] {logging_mixin.py:190} INFO - [2024-11-03T00:57:44.091+0000] {dag.py:3239} INFO - Sync 1 DAGs
[2024-11-03T00:57:44.114+0000] {logging_mixin.py:190} INFO - [2024-11-03T00:57:44.113+0000] {dag.py:4180} INFO - Setting next_dagrun for example_bash_operator to 2024-11-02 00:00:00+00:00, run_after=2024-11-03 00:00:00+00:00
[2024-11-03T00:57:44.129+0000] {processor.py:208} INFO - Processing /home/airflow/.local/lib/python3.12/site-packages/airflow/example_dags/example_bash_operator.py took 0.082 seconds
[2024-11-03T00:58:14.325+0000] {processor.py:186} INFO - Started process (PID=1359) to work on /home/airflow/.local/lib/python3.12/site-packages/airflow/example_dags/example_bash_operator.py
[2024-11-03T00:58:14.326+0000] {processor.py:914} INFO - Processing file /home/airflow/.local/lib/python3.12/site-packages/airflow/example_dags/example_bash_operator.py for tasks to queue
[2024-11-03T00:58:14.329+0000] {logging_mixin.py:190} INFO - [2024-11-03T00:58:14.328+0000] {dagbag.py:588} INFO - Filling up the DagBag from /home/airflow/.local/lib/python3.12/site-packages/airflow/example_dags/example_bash_operator.py
[2024-11-03T00:58:14.341+0000] {processor.py:925} INFO - DAG(s) 'example_bash_operator' retrieved from /home/airflow/.local/lib/python3.12/site-packages/airflow/example_dags/example_bash_operator.py
[2024-11-03T00:58:14.367+0000] {logging_mixin.py:190} INFO - [2024-11-03T00:58:14.367+0000] {dag.py:3239} INFO - Sync 1 DAGs
[2024-11-03T00:58:14.389+0000] {logging_mixin.py:190} INFO - [2024-11-03T00:58:14.388+0000] {dag.py:4180} INFO - Setting next_dagrun for example_bash_operator to 2024-11-02 00:00:00+00:00, run_after=2024-11-03 00:00:00+00:00
[2024-11-03T00:58:14.406+0000] {processor.py:208} INFO - Processing /home/airflow/.local/lib/python3.12/site-packages/airflow/example_dags/example_bash_operator.py took 0.086 seconds
[2024-11-03T00:58:44.614+0000] {processor.py:186} INFO - Started process (PID=1422) to work on /home/airflow/.local/lib/python3.12/site-packages/airflow/example_dags/example_bash_operator.py
[2024-11-03T00:58:44.614+0000] {processor.py:914} INFO - Processing file /home/airflow/.local/lib/python3.12/site-packages/airflow/example_dags/example_bash_operator.py for tasks to queue
[2024-11-03T00:58:44.617+0000] {logging_mixin.py:190} INFO - [2024-11-03T00:58:44.616+0000] {dagbag.py:588} INFO - Filling up the DagBag from /home/airflow/.local/lib/python3.12/site-packages/airflow/example_dags/example_bash_operator.py
[2024-11-03T00:58:44.628+0000] {processor.py:925} INFO - DAG(s) 'example_bash_operator' retrieved from /home/airflow/.local/lib/python3.12/site-packages/airflow/example_dags/example_bash_operator.py
[2024-11-03T00:58:44.652+0000] {logging_mixin.py:190} INFO - [2024-11-03T00:58:44.652+0000] {dag.py:3239} INFO - Sync 1 DAGs
[2024-11-03T00:58:44.673+0000] {logging_mixin.py:190} INFO - [2024-11-03T00:58:44.673+0000] {dag.py:4180} INFO - Setting next_dagrun for example_bash_operator to 2024-11-02 00:00:00+00:00, run_after=2024-11-03 00:00:00+00:00
[2024-11-03T00:58:44.689+0000] {processor.py:208} INFO - Processing /home/airflow/.local/lib/python3.12/site-packages/airflow/example_dags/example_bash_operator.py took 0.080 seconds
[2024-11-03T00:59:15.043+0000] {processor.py:186} INFO - Started process (PID=1485) to work on /home/airflow/.local/lib/python3.12/site-packages/airflow/example_dags/example_bash_operator.py
[2024-11-03T00:59:15.044+0000] {processor.py:914} INFO - Processing file /home/airflow/.local/lib/python3.12/site-packages/airflow/example_dags/example_bash_operator.py for tasks to queue
[2024-11-03T00:59:15.046+0000] {logging_mixin.py:190} INFO - [2024-11-03T00:59:15.046+0000] {dagbag.py:588} INFO - Filling up the DagBag from /home/airflow/.local/lib/python3.12/site-packages/airflow/example_dags/example_bash_operator.py
[2024-11-03T00:59:15.057+0000] {processor.py:925} INFO - DAG(s) 'example_bash_operator' retrieved from /home/airflow/.local/lib/python3.12/site-packages/airflow/example_dags/example_bash_operator.py
[2024-11-03T00:59:15.081+0000] {logging_mixin.py:190} INFO - [2024-11-03T00:59:15.081+0000] {dag.py:3239} INFO - Sync 1 DAGs
[2024-11-03T00:59:15.101+0000] {logging_mixin.py:190} INFO - [2024-11-03T00:59:15.101+0000] {dag.py:4180} INFO - Setting next_dagrun for example_bash_operator to 2024-11-02 00:00:00+00:00, run_after=2024-11-03 00:00:00+00:00
[2024-11-03T00:59:15.116+0000] {processor.py:208} INFO - Processing /home/airflow/.local/lib/python3.12/site-packages/airflow/example_dags/example_bash_operator.py took 0.077 seconds
[2024-11-03T00:59:45.170+0000] {processor.py:186} INFO - Started process (PID=1548) to work on /home/airflow/.local/lib/python3.12/site-packages/airflow/example_dags/example_bash_operator.py
[2024-11-03T00:59:45.171+0000] {processor.py:914} INFO - Processing file /home/airflow/.local/lib/python3.12/site-packages/airflow/example_dags/example_bash_operator.py for tasks to queue
[2024-11-03T00:59:45.173+0000] {logging_mixin.py:190} INFO - [2024-11-03T00:59:45.173+0000] {dagbag.py:588} INFO - Filling up the DagBag from /home/airflow/.local/lib/python3.12/site-packages/airflow/example_dags/example_bash_operator.py
[2024-11-03T00:59:45.183+0000] {processor.py:925} INFO - DAG(s) 'example_bash_operator' retrieved from /home/airflow/.local/lib/python3.12/site-packages/airflow/example_dags/example_bash_operator.py
[2024-11-03T00:59:45.207+0000] {logging_mixin.py:190} INFO - [2024-11-03T00:59:45.206+0000] {dag.py:3239} INFO - Sync 1 DAGs
[2024-11-03T00:59:45.228+0000] {logging_mixin.py:190} INFO - [2024-11-03T00:59:45.227+0000] {dag.py:4180} INFO - Setting next_dagrun for example_bash_operator to 2024-11-02 00:00:00+00:00, run_after=2024-11-03 00:00:00+00:00
[2024-11-03T00:59:45.243+0000] {processor.py:208} INFO - Processing /home/airflow/.local/lib/python3.12/site-packages/airflow/example_dags/example_bash_operator.py took 0.077 seconds
[2024-11-03T01:00:16.012+0000] {processor.py:186} INFO - Started process (PID=1611) to work on /home/airflow/.local/lib/python3.12/site-packages/airflow/example_dags/example_bash_operator.py
[2024-11-03T01:00:16.013+0000] {processor.py:914} INFO - Processing file /home/airflow/.local/lib/python3.12/site-packages/airflow/example_dags/example_bash_operator.py for tasks to queue
[2024-11-03T01:00:16.014+0000] {logging_mixin.py:190} INFO - [2024-11-03T01:00:16.014+0000] {dagbag.py:588} INFO - Filling up the DagBag from /home/airflow/.local/lib/python3.12/site-packages/airflow/example_dags/example_bash_operator.py
[2024-11-03T01:00:16.025+0000] {processor.py:925} INFO - DAG(s) 'example_bash_operator' retrieved from /home/airflow/.local/lib/python3.12/site-packages/airflow/example_dags/example_bash_operator.py
[2024-11-03T01:00:16.046+0000] {logging_mixin.py:190} INFO - [2024-11-03T01:00:16.046+0000] {dag.py:3239} INFO - Sync 1 DAGs
[2024-11-03T01:00:16.067+0000] {logging_mixin.py:190} INFO - [2024-11-03T01:00:16.067+0000] {dag.py:4180} INFO - Setting next_dagrun for example_bash_operator to 2024-11-02 00:00:00+00:00, run_after=2024-11-03 00:00:00+00:00
[2024-11-03T01:00:16.083+0000] {processor.py:208} INFO - Processing /home/airflow/.local/lib/python3.12/site-packages/airflow/example_dags/example_bash_operator.py took 0.076 seconds
[2024-11-03T01:00:46.546+0000] {processor.py:186} INFO - Started process (PID=1674) to work on /home/airflow/.local/lib/python3.12/site-packages/airflow/example_dags/example_bash_operator.py
[2024-11-03T01:00:46.548+0000] {processor.py:914} INFO - Processing file /home/airflow/.local/lib/python3.12/site-packages/airflow/example_dags/example_bash_operator.py for tasks to queue
[2024-11-03T01:00:46.550+0000] {logging_mixin.py:190} INFO - [2024-11-03T01:00:46.550+0000] {dagbag.py:588} INFO - Filling up the DagBag from /home/airflow/.local/lib/python3.12/site-packages/airflow/example_dags/example_bash_operator.py
[2024-11-03T01:00:46.562+0000] {processor.py:925} INFO - DAG(s) 'example_bash_operator' retrieved from /home/airflow/.local/lib/python3.12/site-packages/airflow/example_dags/example_bash_operator.py
[2024-11-03T01:00:46.589+0000] {logging_mixin.py:190} INFO - [2024-11-03T01:00:46.589+0000] {dag.py:3239} INFO - Sync 1 DAGs
[2024-11-03T01:00:46.612+0000] {logging_mixin.py:190} INFO - [2024-11-03T01:00:46.612+0000] {dag.py:4180} INFO - Setting next_dagrun for example_bash_operator to 2024-11-02 00:00:00+00:00, run_after=2024-11-03 00:00:00+00:00
[2024-11-03T01:00:46.630+0000] {processor.py:208} INFO - Processing /home/airflow/.local/lib/python3.12/site-packages/airflow/example_dags/example_bash_operator.py took 0.088 seconds
[2024-11-03T01:01:17.091+0000] {processor.py:186} INFO - Started process (PID=1737) to work on /home/airflow/.local/lib/python3.12/site-packages/airflow/example_dags/example_bash_operator.py
[2024-11-03T01:01:17.091+0000] {processor.py:914} INFO - Processing file /home/airflow/.local/lib/python3.12/site-packages/airflow/example_dags/example_bash_operator.py for tasks to queue
[2024-11-03T01:01:17.093+0000] {logging_mixin.py:190} INFO - [2024-11-03T01:01:17.093+0000] {dagbag.py:588} INFO - Filling up the DagBag from /home/airflow/.local/lib/python3.12/site-packages/airflow/example_dags/example_bash_operator.py
[2024-11-03T01:01:17.103+0000] {processor.py:925} INFO - DAG(s) 'example_bash_operator' retrieved from /home/airflow/.local/lib/python3.12/site-packages/airflow/example_dags/example_bash_operator.py
[2024-11-03T01:01:17.126+0000] {logging_mixin.py:190} INFO - [2024-11-03T01:01:17.126+0000] {dag.py:3239} INFO - Sync 1 DAGs
[2024-11-03T01:01:17.147+0000] {logging_mixin.py:190} INFO - [2024-11-03T01:01:17.147+0000] {dag.py:4180} INFO - Setting next_dagrun for example_bash_operator to 2024-11-02 00:00:00+00:00, run_after=2024-11-03 00:00:00+00:00
[2024-11-03T01:01:17.163+0000] {processor.py:208} INFO - Processing /home/airflow/.local/lib/python3.12/site-packages/airflow/example_dags/example_bash_operator.py took 0.077 seconds
[2024-11-03T01:01:47.388+0000] {processor.py:186} INFO - Started process (PID=1800) to work on /home/airflow/.local/lib/python3.12/site-packages/airflow/example_dags/example_bash_operator.py
[2024-11-03T01:01:47.389+0000] {processor.py:914} INFO - Processing file /home/airflow/.local/lib/python3.12/site-packages/airflow/example_dags/example_bash_operator.py for tasks to queue
[2024-11-03T01:01:47.391+0000] {logging_mixin.py:190} INFO - [2024-11-03T01:01:47.391+0000] {dagbag.py:588} INFO - Filling up the DagBag from /home/airflow/.local/lib/python3.12/site-packages/airflow/example_dags/example_bash_operator.py
[2024-11-03T01:01:47.402+0000] {processor.py:925} INFO - DAG(s) 'example_bash_operator' retrieved from /home/airflow/.local/lib/python3.12/site-packages/airflow/example_dags/example_bash_operator.py
[2024-11-03T01:01:47.425+0000] {logging_mixin.py:190} INFO - [2024-11-03T01:01:47.425+0000] {dag.py:3239} INFO - Sync 1 DAGs
[2024-11-03T01:01:47.447+0000] {logging_mixin.py:190} INFO - [2024-11-03T01:01:47.447+0000] {dag.py:4180} INFO - Setting next_dagrun for example_bash_operator to 2024-11-02 00:00:00+00:00, run_after=2024-11-03 00:00:00+00:00
[2024-11-03T01:01:47.464+0000] {processor.py:208} INFO - Processing /home/airflow/.local/lib/python3.12/site-packages/airflow/example_dags/example_bash_operator.py took 0.081 seconds
[2024-11-03T01:02:17.566+0000] {processor.py:186} INFO - Started process (PID=1863) to work on /home/airflow/.local/lib/python3.12/site-packages/airflow/example_dags/example_bash_operator.py
[2024-11-03T01:02:17.567+0000] {processor.py:914} INFO - Processing file /home/airflow/.local/lib/python3.12/site-packages/airflow/example_dags/example_bash_operator.py for tasks to queue
[2024-11-03T01:02:17.568+0000] {logging_mixin.py:190} INFO - [2024-11-03T01:02:17.568+0000] {dagbag.py:588} INFO - Filling up the DagBag from /home/airflow/.local/lib/python3.12/site-packages/airflow/example_dags/example_bash_operator.py
[2024-11-03T01:02:17.579+0000] {processor.py:925} INFO - DAG(s) 'example_bash_operator' retrieved from /home/airflow/.local/lib/python3.12/site-packages/airflow/example_dags/example_bash_operator.py
[2024-11-03T01:02:17.604+0000] {logging_mixin.py:190} INFO - [2024-11-03T01:02:17.603+0000] {dag.py:3239} INFO - Sync 1 DAGs
[2024-11-03T01:02:17.625+0000] {logging_mixin.py:190} INFO - [2024-11-03T01:02:17.625+0000] {dag.py:4180} INFO - Setting next_dagrun for example_bash_operator to 2024-11-02 00:00:00+00:00, run_after=2024-11-03 00:00:00+00:00
[2024-11-03T01:02:17.643+0000] {processor.py:208} INFO - Processing /home/airflow/.local/lib/python3.12/site-packages/airflow/example_dags/example_bash_operator.py took 0.082 seconds
[2024-11-03T01:02:47.906+0000] {processor.py:186} INFO - Started process (PID=1926) to work on /home/airflow/.local/lib/python3.12/site-packages/airflow/example_dags/example_bash_operator.py
[2024-11-03T01:02:47.907+0000] {processor.py:914} INFO - Processing file /home/airflow/.local/lib/python3.12/site-packages/airflow/example_dags/example_bash_operator.py for tasks to queue
[2024-11-03T01:02:47.909+0000] {logging_mixin.py:190} INFO - [2024-11-03T01:02:47.908+0000] {dagbag.py:588} INFO - Filling up the DagBag from /home/airflow/.local/lib/python3.12/site-packages/airflow/example_dags/example_bash_operator.py
[2024-11-03T01:02:47.919+0000] {processor.py:925} INFO - DAG(s) 'example_bash_operator' retrieved from /home/airflow/.local/lib/python3.12/site-packages/airflow/example_dags/example_bash_operator.py
[2024-11-03T01:02:47.942+0000] {logging_mixin.py:190} INFO - [2024-11-03T01:02:47.942+0000] {dag.py:3239} INFO - Sync 1 DAGs
[2024-11-03T01:02:47.962+0000] {logging_mixin.py:190} INFO - [2024-11-03T01:02:47.962+0000] {dag.py:4180} INFO - Setting next_dagrun for example_bash_operator to 2024-11-02 00:00:00+00:00, run_after=2024-11-03 00:00:00+00:00
[2024-11-03T01:02:47.978+0000] {processor.py:208} INFO - Processing /home/airflow/.local/lib/python3.12/site-packages/airflow/example_dags/example_bash_operator.py took 0.077 seconds
[2024-11-03T01:03:18.567+0000] {processor.py:186} INFO - Started process (PID=1989) to work on /home/airflow/.local/lib/python3.12/site-packages/airflow/example_dags/example_bash_operator.py
[2024-11-03T01:03:18.568+0000] {processor.py:914} INFO - Processing file /home/airflow/.local/lib/python3.12/site-packages/airflow/example_dags/example_bash_operator.py for tasks to queue
[2024-11-03T01:03:18.570+0000] {logging_mixin.py:190} INFO - [2024-11-03T01:03:18.569+0000] {dagbag.py:588} INFO - Filling up the DagBag from /home/airflow/.local/lib/python3.12/site-packages/airflow/example_dags/example_bash_operator.py
[2024-11-03T01:03:18.580+0000] {processor.py:925} INFO - DAG(s) 'example_bash_operator' retrieved from /home/airflow/.local/lib/python3.12/site-packages/airflow/example_dags/example_bash_operator.py
[2024-11-03T01:03:18.605+0000] {logging_mixin.py:190} INFO - [2024-11-03T01:03:18.605+0000] {dag.py:3239} INFO - Sync 1 DAGs
[2024-11-03T01:03:18.625+0000] {logging_mixin.py:190} INFO - [2024-11-03T01:03:18.625+0000] {dag.py:4180} INFO - Setting next_dagrun for example_bash_operator to 2024-11-02 00:00:00+00:00, run_after=2024-11-03 00:00:00+00:00
[2024-11-03T01:03:18.641+0000] {processor.py:208} INFO - Processing /home/airflow/.local/lib/python3.12/site-packages/airflow/example_dags/example_bash_operator.py took 0.078 seconds
[2024-11-03T01:03:49.296+0000] {processor.py:186} INFO - Started process (PID=2052) to work on /home/airflow/.local/lib/python3.12/site-packages/airflow/example_dags/example_bash_operator.py
[2024-11-03T01:03:49.297+0000] {processor.py:914} INFO - Processing file /home/airflow/.local/lib/python3.12/site-packages/airflow/example_dags/example_bash_operator.py for tasks to queue
[2024-11-03T01:03:49.299+0000] {logging_mixin.py:190} INFO - [2024-11-03T01:03:49.299+0000] {dagbag.py:588} INFO - Filling up the DagBag from /home/airflow/.local/lib/python3.12/site-packages/airflow/example_dags/example_bash_operator.py
[2024-11-03T01:03:49.312+0000] {processor.py:925} INFO - DAG(s) 'example_bash_operator' retrieved from /home/airflow/.local/lib/python3.12/site-packages/airflow/example_dags/example_bash_operator.py
[2024-11-03T01:03:49.347+0000] {logging_mixin.py:190} INFO - [2024-11-03T01:03:49.347+0000] {dag.py:3239} INFO - Sync 1 DAGs
[2024-11-03T01:03:49.377+0000] {logging_mixin.py:190} INFO - [2024-11-03T01:03:49.377+0000] {dag.py:4180} INFO - Setting next_dagrun for example_bash_operator to 2024-11-02 00:00:00+00:00, run_after=2024-11-03 00:00:00+00:00
[2024-11-03T01:03:49.403+0000] {processor.py:208} INFO - Processing /home/airflow/.local/lib/python3.12/site-packages/airflow/example_dags/example_bash_operator.py took 0.113 seconds
[2024-11-03T01:04:19.895+0000] {processor.py:186} INFO - Started process (PID=2115) to work on /home/airflow/.local/lib/python3.12/site-packages/airflow/example_dags/example_bash_operator.py
[2024-11-03T01:04:19.896+0000] {processor.py:914} INFO - Processing file /home/airflow/.local/lib/python3.12/site-packages/airflow/example_dags/example_bash_operator.py for tasks to queue
[2024-11-03T01:04:19.897+0000] {logging_mixin.py:190} INFO - [2024-11-03T01:04:19.897+0000] {dagbag.py:588} INFO - Filling up the DagBag from /home/airflow/.local/lib/python3.12/site-packages/airflow/example_dags/example_bash_operator.py
[2024-11-03T01:04:19.908+0000] {processor.py:925} INFO - DAG(s) 'example_bash_operator' retrieved from /home/airflow/.local/lib/python3.12/site-packages/airflow/example_dags/example_bash_operator.py
[2024-11-03T01:04:19.931+0000] {logging_mixin.py:190} INFO - [2024-11-03T01:04:19.931+0000] {dag.py:3239} INFO - Sync 1 DAGs
[2024-11-03T01:04:19.953+0000] {logging_mixin.py:190} INFO - [2024-11-03T01:04:19.952+0000] {dag.py:4180} INFO - Setting next_dagrun for example_bash_operator to 2024-11-02 00:00:00+00:00, run_after=2024-11-03 00:00:00+00:00
[2024-11-03T01:04:19.968+0000] {processor.py:208} INFO - Processing /home/airflow/.local/lib/python3.12/site-packages/airflow/example_dags/example_bash_operator.py took 0.077 seconds
[2024-11-03T01:04:50.593+0000] {processor.py:186} INFO - Started process (PID=2178) to work on /home/airflow/.local/lib/python3.12/site-packages/airflow/example_dags/example_bash_operator.py
[2024-11-03T01:04:50.594+0000] {processor.py:914} INFO - Processing file /home/airflow/.local/lib/python3.12/site-packages/airflow/example_dags/example_bash_operator.py for tasks to queue
[2024-11-03T01:04:50.596+0000] {logging_mixin.py:190} INFO - [2024-11-03T01:04:50.596+0000] {dagbag.py:588} INFO - Filling up the DagBag from /home/airflow/.local/lib/python3.12/site-packages/airflow/example_dags/example_bash_operator.py
[2024-11-03T01:04:50.608+0000] {processor.py:925} INFO - DAG(s) 'example_bash_operator' retrieved from /home/airflow/.local/lib/python3.12/site-packages/airflow/example_dags/example_bash_operator.py
[2024-11-03T01:04:50.635+0000] {logging_mixin.py:190} INFO - [2024-11-03T01:04:50.634+0000] {dag.py:3239} INFO - Sync 1 DAGs
[2024-11-03T01:04:50.660+0000] {logging_mixin.py:190} INFO - [2024-11-03T01:04:50.660+0000] {dag.py:4180} INFO - Setting next_dagrun for example_bash_operator to 2024-11-02 00:00:00+00:00, run_after=2024-11-03 00:00:00+00:00
[2024-11-03T01:04:50.681+0000] {processor.py:208} INFO - Processing /home/airflow/.local/lib/python3.12/site-packages/airflow/example_dags/example_bash_operator.py took 0.092 seconds
[2024-11-03T01:05:21.304+0000] {processor.py:186} INFO - Started process (PID=2241) to work on /home/airflow/.local/lib/python3.12/site-packages/airflow/example_dags/example_bash_operator.py
[2024-11-03T01:05:21.306+0000] {processor.py:914} INFO - Processing file /home/airflow/.local/lib/python3.12/site-packages/airflow/example_dags/example_bash_operator.py for tasks to queue
[2024-11-03T01:05:21.308+0000] {logging_mixin.py:190} INFO - [2024-11-03T01:05:21.307+0000] {dagbag.py:588} INFO - Filling up the DagBag from /home/airflow/.local/lib/python3.12/site-packages/airflow/example_dags/example_bash_operator.py
[2024-11-03T01:05:21.321+0000] {processor.py:925} INFO - DAG(s) 'example_bash_operator' retrieved from /home/airflow/.local/lib/python3.12/site-packages/airflow/example_dags/example_bash_operator.py
[2024-11-03T01:05:21.350+0000] {logging_mixin.py:190} INFO - [2024-11-03T01:05:21.349+0000] {dag.py:3239} INFO - Sync 1 DAGs
[2024-11-03T01:05:21.376+0000] {logging_mixin.py:190} INFO - [2024-11-03T01:05:21.376+0000] {dag.py:4180} INFO - Setting next_dagrun for example_bash_operator to 2024-11-02 00:00:00+00:00, run_after=2024-11-03 00:00:00+00:00
[2024-11-03T01:05:21.395+0000] {processor.py:208} INFO - Processing /home/airflow/.local/lib/python3.12/site-packages/airflow/example_dags/example_bash_operator.py took 0.096 seconds
[2024-11-03T01:05:51.633+0000] {processor.py:186} INFO - Started process (PID=2303) to work on /home/airflow/.local/lib/python3.12/site-packages/airflow/example_dags/example_bash_operator.py
[2024-11-03T01:05:51.633+0000] {processor.py:914} INFO - Processing file /home/airflow/.local/lib/python3.12/site-packages/airflow/example_dags/example_bash_operator.py for tasks to queue
[2024-11-03T01:05:51.635+0000] {logging_mixin.py:190} INFO - [2024-11-03T01:05:51.635+0000] {dagbag.py:588} INFO - Filling up the DagBag from /home/airflow/.local/lib/python3.12/site-packages/airflow/example_dags/example_bash_operator.py
[2024-11-03T01:05:51.649+0000] {processor.py:925} INFO - DAG(s) 'example_bash_operator' retrieved from /home/airflow/.local/lib/python3.12/site-packages/airflow/example_dags/example_bash_operator.py
[2024-11-03T01:05:51.676+0000] {logging_mixin.py:190} INFO - [2024-11-03T01:05:51.675+0000] {dag.py:3239} INFO - Sync 1 DAGs
[2024-11-03T01:05:51.698+0000] {logging_mixin.py:190} INFO - [2024-11-03T01:05:51.698+0000] {dag.py:4180} INFO - Setting next_dagrun for example_bash_operator to 2024-11-02 00:00:00+00:00, run_after=2024-11-03 00:00:00+00:00
[2024-11-03T01:05:51.716+0000] {processor.py:208} INFO - Processing /home/airflow/.local/lib/python3.12/site-packages/airflow/example_dags/example_bash_operator.py took 0.088 seconds
[2024-11-03T01:06:22.516+0000] {processor.py:186} INFO - Started process (PID=2367) to work on /home/airflow/.local/lib/python3.12/site-packages/airflow/example_dags/example_bash_operator.py
[2024-11-03T01:06:22.517+0000] {processor.py:914} INFO - Processing file /home/airflow/.local/lib/python3.12/site-packages/airflow/example_dags/example_bash_operator.py for tasks to queue
[2024-11-03T01:06:22.519+0000] {logging_mixin.py:190} INFO - [2024-11-03T01:06:22.519+0000] {dagbag.py:588} INFO - Filling up the DagBag from /home/airflow/.local/lib/python3.12/site-packages/airflow/example_dags/example_bash_operator.py
[2024-11-03T01:06:22.530+0000] {processor.py:925} INFO - DAG(s) 'example_bash_operator' retrieved from /home/airflow/.local/lib/python3.12/site-packages/airflow/example_dags/example_bash_operator.py
[2024-11-03T01:06:22.559+0000] {logging_mixin.py:190} INFO - [2024-11-03T01:06:22.559+0000] {dag.py:3239} INFO - Sync 1 DAGs
[2024-11-03T01:06:22.588+0000] {logging_mixin.py:190} INFO - [2024-11-03T01:06:22.587+0000] {dag.py:4180} INFO - Setting next_dagrun for example_bash_operator to 2024-11-02 00:00:00+00:00, run_after=2024-11-03 00:00:00+00:00
[2024-11-03T01:06:22.607+0000] {processor.py:208} INFO - Processing /home/airflow/.local/lib/python3.12/site-packages/airflow/example_dags/example_bash_operator.py took 0.096 seconds
