[2024-11-03T00:00:04.920+0000] {processor.py:186} INFO - Started process (PID=810) to work on /home/airflow/.local/lib/python3.12/site-packages/airflow/example_dags/example_branch_python_dop_operator_3.py
[2024-11-03T00:00:04.921+0000] {processor.py:914} INFO - Processing file /home/airflow/.local/lib/python3.12/site-packages/airflow/example_dags/example_branch_python_dop_operator_3.py for tasks to queue
[2024-11-03T00:00:04.923+0000] {logging_mixin.py:190} INFO - [2024-11-03T00:00:04.923+0000] {dagbag.py:588} INFO - Filling up the DagBag from /home/airflow/.local/lib/python3.12/site-packages/airflow/example_dags/example_branch_python_dop_operator_3.py
[2024-11-03T00:00:04.931+0000] {processor.py:925} INFO - DAG(s) 'example_branch_dop_operator_v3' retrieved from /home/airflow/.local/lib/python3.12/site-packages/airflow/example_dags/example_branch_python_dop_operator_3.py
[2024-11-03T00:00:04.947+0000] {logging_mixin.py:190} INFO - [2024-11-03T00:00:04.947+0000] {dag.py:3239} INFO - Sync 1 DAGs
[2024-11-03T00:00:04.972+0000] {logging_mixin.py:190} INFO - [2024-11-03T00:00:04.971+0000] {dag.py:4180} INFO - Setting next_dagrun for example_branch_dop_operator_v3 to 2024-11-02 23:59:00+00:00, run_after=2024-11-03 00:00:00+00:00
[2024-11-03T00:00:04.988+0000] {processor.py:208} INFO - Processing /home/airflow/.local/lib/python3.12/site-packages/airflow/example_dags/example_branch_python_dop_operator_3.py took 0.072 seconds
[2024-11-03T00:00:35.673+0000] {processor.py:186} INFO - Started process (PID=873) to work on /home/airflow/.local/lib/python3.12/site-packages/airflow/example_dags/example_branch_python_dop_operator_3.py
[2024-11-03T00:00:35.674+0000] {processor.py:914} INFO - Processing file /home/airflow/.local/lib/python3.12/site-packages/airflow/example_dags/example_branch_python_dop_operator_3.py for tasks to queue
[2024-11-03T00:00:35.675+0000] {logging_mixin.py:190} INFO - [2024-11-03T00:00:35.675+0000] {dagbag.py:588} INFO - Filling up the DagBag from /home/airflow/.local/lib/python3.12/site-packages/airflow/example_dags/example_branch_python_dop_operator_3.py
[2024-11-03T00:00:35.683+0000] {processor.py:925} INFO - DAG(s) 'example_branch_dop_operator_v3' retrieved from /home/airflow/.local/lib/python3.12/site-packages/airflow/example_dags/example_branch_python_dop_operator_3.py
[2024-11-03T00:00:35.701+0000] {logging_mixin.py:190} INFO - [2024-11-03T00:00:35.701+0000] {dag.py:3239} INFO - Sync 1 DAGs
[2024-11-03T00:00:35.725+0000] {logging_mixin.py:190} INFO - [2024-11-03T00:00:35.725+0000] {dag.py:4180} INFO - Setting next_dagrun for example_branch_dop_operator_v3 to 2024-11-02 23:59:00+00:00, run_after=2024-11-03 00:00:00+00:00
[2024-11-03T00:00:35.741+0000] {processor.py:208} INFO - Processing /home/airflow/.local/lib/python3.12/site-packages/airflow/example_dags/example_branch_python_dop_operator_3.py took 0.074 seconds
[2024-11-03T00:01:06.657+0000] {processor.py:186} INFO - Started process (PID=936) to work on /home/airflow/.local/lib/python3.12/site-packages/airflow/example_dags/example_branch_python_dop_operator_3.py
[2024-11-03T00:01:06.658+0000] {processor.py:914} INFO - Processing file /home/airflow/.local/lib/python3.12/site-packages/airflow/example_dags/example_branch_python_dop_operator_3.py for tasks to queue
[2024-11-03T00:01:06.660+0000] {logging_mixin.py:190} INFO - [2024-11-03T00:01:06.660+0000] {dagbag.py:588} INFO - Filling up the DagBag from /home/airflow/.local/lib/python3.12/site-packages/airflow/example_dags/example_branch_python_dop_operator_3.py
[2024-11-03T00:01:06.669+0000] {processor.py:925} INFO - DAG(s) 'example_branch_dop_operator_v3' retrieved from /home/airflow/.local/lib/python3.12/site-packages/airflow/example_dags/example_branch_python_dop_operator_3.py
[2024-11-03T00:01:06.686+0000] {logging_mixin.py:190} INFO - [2024-11-03T00:01:06.686+0000] {dag.py:3239} INFO - Sync 1 DAGs
[2024-11-03T00:01:06.709+0000] {logging_mixin.py:190} INFO - [2024-11-03T00:01:06.709+0000] {dag.py:4180} INFO - Setting next_dagrun for example_branch_dop_operator_v3 to 2024-11-03 00:00:00+00:00, run_after=2024-11-03 00:01:00+00:00
[2024-11-03T00:01:06.726+0000] {processor.py:208} INFO - Processing /home/airflow/.local/lib/python3.12/site-packages/airflow/example_dags/example_branch_python_dop_operator_3.py took 0.073 seconds
[2024-11-03T00:01:37.020+0000] {processor.py:186} INFO - Started process (PID=999) to work on /home/airflow/.local/lib/python3.12/site-packages/airflow/example_dags/example_branch_python_dop_operator_3.py
[2024-11-03T00:01:37.021+0000] {processor.py:914} INFO - Processing file /home/airflow/.local/lib/python3.12/site-packages/airflow/example_dags/example_branch_python_dop_operator_3.py for tasks to queue
[2024-11-03T00:01:37.023+0000] {logging_mixin.py:190} INFO - [2024-11-03T00:01:37.022+0000] {dagbag.py:588} INFO - Filling up the DagBag from /home/airflow/.local/lib/python3.12/site-packages/airflow/example_dags/example_branch_python_dop_operator_3.py
[2024-11-03T00:01:37.031+0000] {processor.py:925} INFO - DAG(s) 'example_branch_dop_operator_v3' retrieved from /home/airflow/.local/lib/python3.12/site-packages/airflow/example_dags/example_branch_python_dop_operator_3.py
[2024-11-03T00:01:37.048+0000] {logging_mixin.py:190} INFO - [2024-11-03T00:01:37.048+0000] {dag.py:3239} INFO - Sync 1 DAGs
[2024-11-03T00:01:37.071+0000] {logging_mixin.py:190} INFO - [2024-11-03T00:01:37.071+0000] {dag.py:4180} INFO - Setting next_dagrun for example_branch_dop_operator_v3 to 2024-11-03 00:00:00+00:00, run_after=2024-11-03 00:01:00+00:00
[2024-11-03T00:01:37.087+0000] {processor.py:208} INFO - Processing /home/airflow/.local/lib/python3.12/site-packages/airflow/example_dags/example_branch_python_dop_operator_3.py took 0.073 seconds
[2024-11-03T00:48:08.574+0000] {processor.py:186} INFO - Started process (PID=115) to work on /home/airflow/.local/lib/python3.12/site-packages/airflow/example_dags/example_branch_python_dop_operator_3.py
[2024-11-03T00:48:08.575+0000] {processor.py:914} INFO - Processing file /home/airflow/.local/lib/python3.12/site-packages/airflow/example_dags/example_branch_python_dop_operator_3.py for tasks to queue
[2024-11-03T00:48:08.577+0000] {logging_mixin.py:190} INFO - [2024-11-03T00:48:08.577+0000] {dagbag.py:588} INFO - Filling up the DagBag from /home/airflow/.local/lib/python3.12/site-packages/airflow/example_dags/example_branch_python_dop_operator_3.py
[2024-11-03T00:48:08.586+0000] {processor.py:925} INFO - DAG(s) 'example_branch_dop_operator_v3' retrieved from /home/airflow/.local/lib/python3.12/site-packages/airflow/example_dags/example_branch_python_dop_operator_3.py
[2024-11-03T00:48:08.675+0000] {logging_mixin.py:190} INFO - [2024-11-03T00:48:08.674+0000] {override.py:1900} INFO - Created Permission View: can delete on DAG:example_branch_dop_operator_v3
[2024-11-03T00:48:08.684+0000] {logging_mixin.py:190} INFO - [2024-11-03T00:48:08.683+0000] {override.py:1900} INFO - Created Permission View: can edit on DAG:example_branch_dop_operator_v3
[2024-11-03T00:48:08.689+0000] {logging_mixin.py:190} INFO - [2024-11-03T00:48:08.689+0000] {override.py:1900} INFO - Created Permission View: can read on DAG:example_branch_dop_operator_v3
[2024-11-03T00:48:08.696+0000] {logging_mixin.py:190} INFO - [2024-11-03T00:48:08.696+0000] {override.py:1900} INFO - Created Permission View: can create on DAG Run:example_branch_dop_operator_v3
[2024-11-03T00:48:08.702+0000] {logging_mixin.py:190} INFO - [2024-11-03T00:48:08.702+0000] {override.py:1900} INFO - Created Permission View: can delete on DAG Run:example_branch_dop_operator_v3
[2024-11-03T00:48:08.708+0000] {logging_mixin.py:190} INFO - [2024-11-03T00:48:08.707+0000] {override.py:1900} INFO - Created Permission View: menu access on DAG Run:example_branch_dop_operator_v3
[2024-11-03T00:48:08.713+0000] {logging_mixin.py:190} INFO - [2024-11-03T00:48:08.713+0000] {override.py:1900} INFO - Created Permission View: can read on DAG Run:example_branch_dop_operator_v3
[2024-11-03T00:48:08.714+0000] {logging_mixin.py:190} INFO - [2024-11-03T00:48:08.714+0000] {dag.py:3239} INFO - Sync 1 DAGs
[2024-11-03T00:48:08.724+0000] {logging_mixin.py:190} INFO - [2024-11-03T00:48:08.724+0000] {dag.py:3262} INFO - Creating ORM DAG for example_branch_dop_operator_v3
[2024-11-03T00:48:08.734+0000] {logging_mixin.py:190} INFO - [2024-11-03T00:48:08.734+0000] {dag.py:4180} INFO - Setting next_dagrun for example_branch_dop_operator_v3 to 2024-11-03 00:47:00+00:00, run_after=2024-11-03 00:48:00+00:00
[2024-11-03T00:48:08.747+0000] {processor.py:208} INFO - Processing /home/airflow/.local/lib/python3.12/site-packages/airflow/example_dags/example_branch_python_dop_operator_3.py took 0.177 seconds
[2024-11-03T00:48:38.891+0000] {processor.py:186} INFO - Started process (PID=178) to work on /home/airflow/.local/lib/python3.12/site-packages/airflow/example_dags/example_branch_python_dop_operator_3.py
[2024-11-03T00:48:38.892+0000] {processor.py:914} INFO - Processing file /home/airflow/.local/lib/python3.12/site-packages/airflow/example_dags/example_branch_python_dop_operator_3.py for tasks to queue
[2024-11-03T00:48:38.894+0000] {logging_mixin.py:190} INFO - [2024-11-03T00:48:38.893+0000] {dagbag.py:588} INFO - Filling up the DagBag from /home/airflow/.local/lib/python3.12/site-packages/airflow/example_dags/example_branch_python_dop_operator_3.py
[2024-11-03T00:48:38.902+0000] {processor.py:925} INFO - DAG(s) 'example_branch_dop_operator_v3' retrieved from /home/airflow/.local/lib/python3.12/site-packages/airflow/example_dags/example_branch_python_dop_operator_3.py
[2024-11-03T00:48:38.919+0000] {logging_mixin.py:190} INFO - [2024-11-03T00:48:38.919+0000] {dag.py:3239} INFO - Sync 1 DAGs
[2024-11-03T00:48:38.942+0000] {logging_mixin.py:190} INFO - [2024-11-03T00:48:38.942+0000] {dag.py:4180} INFO - Setting next_dagrun for example_branch_dop_operator_v3 to 2024-11-03 00:47:00+00:00, run_after=2024-11-03 00:48:00+00:00
[2024-11-03T00:48:38.957+0000] {processor.py:208} INFO - Processing /home/airflow/.local/lib/python3.12/site-packages/airflow/example_dags/example_branch_python_dop_operator_3.py took 0.071 seconds
[2024-11-03T00:49:09.265+0000] {processor.py:186} INFO - Started process (PID=241) to work on /home/airflow/.local/lib/python3.12/site-packages/airflow/example_dags/example_branch_python_dop_operator_3.py
[2024-11-03T00:49:09.266+0000] {processor.py:914} INFO - Processing file /home/airflow/.local/lib/python3.12/site-packages/airflow/example_dags/example_branch_python_dop_operator_3.py for tasks to queue
[2024-11-03T00:49:09.268+0000] {logging_mixin.py:190} INFO - [2024-11-03T00:49:09.268+0000] {dagbag.py:588} INFO - Filling up the DagBag from /home/airflow/.local/lib/python3.12/site-packages/airflow/example_dags/example_branch_python_dop_operator_3.py
[2024-11-03T00:49:09.276+0000] {processor.py:925} INFO - DAG(s) 'example_branch_dop_operator_v3' retrieved from /home/airflow/.local/lib/python3.12/site-packages/airflow/example_dags/example_branch_python_dop_operator_3.py
[2024-11-03T00:49:09.293+0000] {logging_mixin.py:190} INFO - [2024-11-03T00:49:09.293+0000] {dag.py:3239} INFO - Sync 1 DAGs
[2024-11-03T00:49:09.315+0000] {logging_mixin.py:190} INFO - [2024-11-03T00:49:09.315+0000] {dag.py:4180} INFO - Setting next_dagrun for example_branch_dop_operator_v3 to 2024-11-03 00:48:00+00:00, run_after=2024-11-03 00:49:00+00:00
[2024-11-03T00:49:09.330+0000] {processor.py:208} INFO - Processing /home/airflow/.local/lib/python3.12/site-packages/airflow/example_dags/example_branch_python_dop_operator_3.py took 0.069 seconds
[2024-11-03T00:49:39.633+0000] {processor.py:186} INFO - Started process (PID=304) to work on /home/airflow/.local/lib/python3.12/site-packages/airflow/example_dags/example_branch_python_dop_operator_3.py
[2024-11-03T00:49:39.634+0000] {processor.py:914} INFO - Processing file /home/airflow/.local/lib/python3.12/site-packages/airflow/example_dags/example_branch_python_dop_operator_3.py for tasks to queue
[2024-11-03T00:49:39.636+0000] {logging_mixin.py:190} INFO - [2024-11-03T00:49:39.635+0000] {dagbag.py:588} INFO - Filling up the DagBag from /home/airflow/.local/lib/python3.12/site-packages/airflow/example_dags/example_branch_python_dop_operator_3.py
[2024-11-03T00:49:39.643+0000] {processor.py:925} INFO - DAG(s) 'example_branch_dop_operator_v3' retrieved from /home/airflow/.local/lib/python3.12/site-packages/airflow/example_dags/example_branch_python_dop_operator_3.py
[2024-11-03T00:49:39.660+0000] {logging_mixin.py:190} INFO - [2024-11-03T00:49:39.659+0000] {dag.py:3239} INFO - Sync 1 DAGs
[2024-11-03T00:49:39.682+0000] {logging_mixin.py:190} INFO - [2024-11-03T00:49:39.682+0000] {dag.py:4180} INFO - Setting next_dagrun for example_branch_dop_operator_v3 to 2024-11-03 00:48:00+00:00, run_after=2024-11-03 00:49:00+00:00
[2024-11-03T00:49:39.701+0000] {processor.py:208} INFO - Processing /home/airflow/.local/lib/python3.12/site-packages/airflow/example_dags/example_branch_python_dop_operator_3.py took 0.073 seconds
[2024-11-03T00:50:10.272+0000] {processor.py:186} INFO - Started process (PID=367) to work on /home/airflow/.local/lib/python3.12/site-packages/airflow/example_dags/example_branch_python_dop_operator_3.py
[2024-11-03T00:50:10.273+0000] {processor.py:914} INFO - Processing file /home/airflow/.local/lib/python3.12/site-packages/airflow/example_dags/example_branch_python_dop_operator_3.py for tasks to queue
[2024-11-03T00:50:10.276+0000] {logging_mixin.py:190} INFO - [2024-11-03T00:50:10.276+0000] {dagbag.py:588} INFO - Filling up the DagBag from /home/airflow/.local/lib/python3.12/site-packages/airflow/example_dags/example_branch_python_dop_operator_3.py
[2024-11-03T00:50:10.285+0000] {processor.py:925} INFO - DAG(s) 'example_branch_dop_operator_v3' retrieved from /home/airflow/.local/lib/python3.12/site-packages/airflow/example_dags/example_branch_python_dop_operator_3.py
[2024-11-03T00:50:10.304+0000] {logging_mixin.py:190} INFO - [2024-11-03T00:50:10.303+0000] {dag.py:3239} INFO - Sync 1 DAGs
[2024-11-03T00:50:10.329+0000] {logging_mixin.py:190} INFO - [2024-11-03T00:50:10.329+0000] {dag.py:4180} INFO - Setting next_dagrun for example_branch_dop_operator_v3 to 2024-11-03 00:49:00+00:00, run_after=2024-11-03 00:50:00+00:00
[2024-11-03T00:50:10.347+0000] {processor.py:208} INFO - Processing /home/airflow/.local/lib/python3.12/site-packages/airflow/example_dags/example_branch_python_dop_operator_3.py took 0.081 seconds
[2024-11-03T00:50:40.816+0000] {processor.py:186} INFO - Started process (PID=430) to work on /home/airflow/.local/lib/python3.12/site-packages/airflow/example_dags/example_branch_python_dop_operator_3.py
[2024-11-03T00:50:40.817+0000] {processor.py:914} INFO - Processing file /home/airflow/.local/lib/python3.12/site-packages/airflow/example_dags/example_branch_python_dop_operator_3.py for tasks to queue
[2024-11-03T00:50:40.818+0000] {logging_mixin.py:190} INFO - [2024-11-03T00:50:40.818+0000] {dagbag.py:588} INFO - Filling up the DagBag from /home/airflow/.local/lib/python3.12/site-packages/airflow/example_dags/example_branch_python_dop_operator_3.py
[2024-11-03T00:50:40.826+0000] {processor.py:925} INFO - DAG(s) 'example_branch_dop_operator_v3' retrieved from /home/airflow/.local/lib/python3.12/site-packages/airflow/example_dags/example_branch_python_dop_operator_3.py
[2024-11-03T00:50:40.841+0000] {logging_mixin.py:190} INFO - [2024-11-03T00:50:40.841+0000] {dag.py:3239} INFO - Sync 1 DAGs
[2024-11-03T00:50:40.862+0000] {logging_mixin.py:190} INFO - [2024-11-03T00:50:40.862+0000] {dag.py:4180} INFO - Setting next_dagrun for example_branch_dop_operator_v3 to 2024-11-03 00:49:00+00:00, run_after=2024-11-03 00:50:00+00:00
[2024-11-03T00:50:40.880+0000] {processor.py:208} INFO - Processing /home/airflow/.local/lib/python3.12/site-packages/airflow/example_dags/example_branch_python_dop_operator_3.py took 0.068 seconds
[2024-11-03T00:51:11.153+0000] {processor.py:186} INFO - Started process (PID=493) to work on /home/airflow/.local/lib/python3.12/site-packages/airflow/example_dags/example_branch_python_dop_operator_3.py
[2024-11-03T00:51:11.153+0000] {processor.py:914} INFO - Processing file /home/airflow/.local/lib/python3.12/site-packages/airflow/example_dags/example_branch_python_dop_operator_3.py for tasks to queue
[2024-11-03T00:51:11.155+0000] {logging_mixin.py:190} INFO - [2024-11-03T00:51:11.155+0000] {dagbag.py:588} INFO - Filling up the DagBag from /home/airflow/.local/lib/python3.12/site-packages/airflow/example_dags/example_branch_python_dop_operator_3.py
[2024-11-03T00:51:11.163+0000] {processor.py:925} INFO - DAG(s) 'example_branch_dop_operator_v3' retrieved from /home/airflow/.local/lib/python3.12/site-packages/airflow/example_dags/example_branch_python_dop_operator_3.py
[2024-11-03T00:51:11.180+0000] {logging_mixin.py:190} INFO - [2024-11-03T00:51:11.180+0000] {dag.py:3239} INFO - Sync 1 DAGs
[2024-11-03T00:51:11.203+0000] {logging_mixin.py:190} INFO - [2024-11-03T00:51:11.202+0000] {dag.py:4180} INFO - Setting next_dagrun for example_branch_dop_operator_v3 to 2024-11-03 00:50:00+00:00, run_after=2024-11-03 00:51:00+00:00
[2024-11-03T00:51:11.218+0000] {processor.py:208} INFO - Processing /home/airflow/.local/lib/python3.12/site-packages/airflow/example_dags/example_branch_python_dop_operator_3.py took 0.070 seconds
[2024-11-03T00:51:41.695+0000] {processor.py:186} INFO - Started process (PID=556) to work on /home/airflow/.local/lib/python3.12/site-packages/airflow/example_dags/example_branch_python_dop_operator_3.py
[2024-11-03T00:51:41.696+0000] {processor.py:914} INFO - Processing file /home/airflow/.local/lib/python3.12/site-packages/airflow/example_dags/example_branch_python_dop_operator_3.py for tasks to queue
[2024-11-03T00:51:41.698+0000] {logging_mixin.py:190} INFO - [2024-11-03T00:51:41.698+0000] {dagbag.py:588} INFO - Filling up the DagBag from /home/airflow/.local/lib/python3.12/site-packages/airflow/example_dags/example_branch_python_dop_operator_3.py
[2024-11-03T00:51:41.707+0000] {processor.py:925} INFO - DAG(s) 'example_branch_dop_operator_v3' retrieved from /home/airflow/.local/lib/python3.12/site-packages/airflow/example_dags/example_branch_python_dop_operator_3.py
[2024-11-03T00:51:41.726+0000] {logging_mixin.py:190} INFO - [2024-11-03T00:51:41.726+0000] {dag.py:3239} INFO - Sync 1 DAGs
[2024-11-03T00:51:41.755+0000] {logging_mixin.py:190} INFO - [2024-11-03T00:51:41.755+0000] {dag.py:4180} INFO - Setting next_dagrun for example_branch_dop_operator_v3 to 2024-11-03 00:50:00+00:00, run_after=2024-11-03 00:51:00+00:00
[2024-11-03T00:51:41.773+0000] {processor.py:208} INFO - Processing /home/airflow/.local/lib/python3.12/site-packages/airflow/example_dags/example_branch_python_dop_operator_3.py took 0.083 seconds
[2024-11-03T00:52:11.996+0000] {processor.py:186} INFO - Started process (PID=619) to work on /home/airflow/.local/lib/python3.12/site-packages/airflow/example_dags/example_branch_python_dop_operator_3.py
[2024-11-03T00:52:11.997+0000] {processor.py:914} INFO - Processing file /home/airflow/.local/lib/python3.12/site-packages/airflow/example_dags/example_branch_python_dop_operator_3.py for tasks to queue
[2024-11-03T00:52:11.999+0000] {logging_mixin.py:190} INFO - [2024-11-03T00:52:11.999+0000] {dagbag.py:588} INFO - Filling up the DagBag from /home/airflow/.local/lib/python3.12/site-packages/airflow/example_dags/example_branch_python_dop_operator_3.py
[2024-11-03T00:52:12.008+0000] {processor.py:925} INFO - DAG(s) 'example_branch_dop_operator_v3' retrieved from /home/airflow/.local/lib/python3.12/site-packages/airflow/example_dags/example_branch_python_dop_operator_3.py
[2024-11-03T00:52:12.025+0000] {logging_mixin.py:190} INFO - [2024-11-03T00:52:12.025+0000] {dag.py:3239} INFO - Sync 1 DAGs
[2024-11-03T00:52:12.051+0000] {logging_mixin.py:190} INFO - [2024-11-03T00:52:12.050+0000] {dag.py:4180} INFO - Setting next_dagrun for example_branch_dop_operator_v3 to 2024-11-03 00:51:00+00:00, run_after=2024-11-03 00:52:00+00:00
[2024-11-03T00:52:12.069+0000] {processor.py:208} INFO - Processing /home/airflow/.local/lib/python3.12/site-packages/airflow/example_dags/example_branch_python_dop_operator_3.py took 0.078 seconds
[2024-11-03T00:52:42.355+0000] {processor.py:186} INFO - Started process (PID=682) to work on /home/airflow/.local/lib/python3.12/site-packages/airflow/example_dags/example_branch_python_dop_operator_3.py
[2024-11-03T00:52:42.356+0000] {processor.py:914} INFO - Processing file /home/airflow/.local/lib/python3.12/site-packages/airflow/example_dags/example_branch_python_dop_operator_3.py for tasks to queue
[2024-11-03T00:52:42.359+0000] {logging_mixin.py:190} INFO - [2024-11-03T00:52:42.358+0000] {dagbag.py:588} INFO - Filling up the DagBag from /home/airflow/.local/lib/python3.12/site-packages/airflow/example_dags/example_branch_python_dop_operator_3.py
[2024-11-03T00:52:42.371+0000] {processor.py:925} INFO - DAG(s) 'example_branch_dop_operator_v3' retrieved from /home/airflow/.local/lib/python3.12/site-packages/airflow/example_dags/example_branch_python_dop_operator_3.py
[2024-11-03T00:52:42.391+0000] {logging_mixin.py:190} INFO - [2024-11-03T00:52:42.391+0000] {dag.py:3239} INFO - Sync 1 DAGs
[2024-11-03T00:52:42.418+0000] {logging_mixin.py:190} INFO - [2024-11-03T00:52:42.417+0000] {dag.py:4180} INFO - Setting next_dagrun for example_branch_dop_operator_v3 to 2024-11-03 00:51:00+00:00, run_after=2024-11-03 00:52:00+00:00
[2024-11-03T00:52:42.438+0000] {processor.py:208} INFO - Processing /home/airflow/.local/lib/python3.12/site-packages/airflow/example_dags/example_branch_python_dop_operator_3.py took 0.089 seconds
[2024-11-03T00:53:12.625+0000] {processor.py:186} INFO - Started process (PID=745) to work on /home/airflow/.local/lib/python3.12/site-packages/airflow/example_dags/example_branch_python_dop_operator_3.py
[2024-11-03T00:53:12.626+0000] {processor.py:914} INFO - Processing file /home/airflow/.local/lib/python3.12/site-packages/airflow/example_dags/example_branch_python_dop_operator_3.py for tasks to queue
[2024-11-03T00:53:12.628+0000] {logging_mixin.py:190} INFO - [2024-11-03T00:53:12.628+0000] {dagbag.py:588} INFO - Filling up the DagBag from /home/airflow/.local/lib/python3.12/site-packages/airflow/example_dags/example_branch_python_dop_operator_3.py
[2024-11-03T00:53:12.636+0000] {processor.py:925} INFO - DAG(s) 'example_branch_dop_operator_v3' retrieved from /home/airflow/.local/lib/python3.12/site-packages/airflow/example_dags/example_branch_python_dop_operator_3.py
[2024-11-03T00:53:12.654+0000] {logging_mixin.py:190} INFO - [2024-11-03T00:53:12.654+0000] {dag.py:3239} INFO - Sync 1 DAGs
[2024-11-03T00:53:12.676+0000] {logging_mixin.py:190} INFO - [2024-11-03T00:53:12.676+0000] {dag.py:4180} INFO - Setting next_dagrun for example_branch_dop_operator_v3 to 2024-11-03 00:52:00+00:00, run_after=2024-11-03 00:53:00+00:00
[2024-11-03T00:53:12.692+0000] {processor.py:208} INFO - Processing /home/airflow/.local/lib/python3.12/site-packages/airflow/example_dags/example_branch_python_dop_operator_3.py took 0.072 seconds
[2024-11-03T00:53:43.070+0000] {processor.py:186} INFO - Started process (PID=808) to work on /home/airflow/.local/lib/python3.12/site-packages/airflow/example_dags/example_branch_python_dop_operator_3.py
[2024-11-03T00:53:43.071+0000] {processor.py:914} INFO - Processing file /home/airflow/.local/lib/python3.12/site-packages/airflow/example_dags/example_branch_python_dop_operator_3.py for tasks to queue
[2024-11-03T00:53:43.073+0000] {logging_mixin.py:190} INFO - [2024-11-03T00:53:43.072+0000] {dagbag.py:588} INFO - Filling up the DagBag from /home/airflow/.local/lib/python3.12/site-packages/airflow/example_dags/example_branch_python_dop_operator_3.py
[2024-11-03T00:53:43.082+0000] {processor.py:925} INFO - DAG(s) 'example_branch_dop_operator_v3' retrieved from /home/airflow/.local/lib/python3.12/site-packages/airflow/example_dags/example_branch_python_dop_operator_3.py
[2024-11-03T00:53:43.100+0000] {logging_mixin.py:190} INFO - [2024-11-03T00:53:43.099+0000] {dag.py:3239} INFO - Sync 1 DAGs
[2024-11-03T00:53:43.124+0000] {logging_mixin.py:190} INFO - [2024-11-03T00:53:43.124+0000] {dag.py:4180} INFO - Setting next_dagrun for example_branch_dop_operator_v3 to 2024-11-03 00:52:00+00:00, run_after=2024-11-03 00:53:00+00:00
[2024-11-03T00:53:43.140+0000] {processor.py:208} INFO - Processing /home/airflow/.local/lib/python3.12/site-packages/airflow/example_dags/example_branch_python_dop_operator_3.py took 0.075 seconds
[2024-11-03T00:54:14.271+0000] {processor.py:186} INFO - Started process (PID=871) to work on /home/airflow/.local/lib/python3.12/site-packages/airflow/example_dags/example_branch_python_dop_operator_3.py
[2024-11-03T00:54:14.272+0000] {processor.py:914} INFO - Processing file /home/airflow/.local/lib/python3.12/site-packages/airflow/example_dags/example_branch_python_dop_operator_3.py for tasks to queue
[2024-11-03T00:54:14.274+0000] {logging_mixin.py:190} INFO - [2024-11-03T00:54:14.273+0000] {dagbag.py:588} INFO - Filling up the DagBag from /home/airflow/.local/lib/python3.12/site-packages/airflow/example_dags/example_branch_python_dop_operator_3.py
[2024-11-03T00:54:14.283+0000] {processor.py:925} INFO - DAG(s) 'example_branch_dop_operator_v3' retrieved from /home/airflow/.local/lib/python3.12/site-packages/airflow/example_dags/example_branch_python_dop_operator_3.py
[2024-11-03T00:54:14.300+0000] {logging_mixin.py:190} INFO - [2024-11-03T00:54:14.300+0000] {dag.py:3239} INFO - Sync 1 DAGs
[2024-11-03T00:54:14.324+0000] {logging_mixin.py:190} INFO - [2024-11-03T00:54:14.324+0000] {dag.py:4180} INFO - Setting next_dagrun for example_branch_dop_operator_v3 to 2024-11-03 00:53:00+00:00, run_after=2024-11-03 00:54:00+00:00
[2024-11-03T00:54:14.341+0000] {processor.py:208} INFO - Processing /home/airflow/.local/lib/python3.12/site-packages/airflow/example_dags/example_branch_python_dop_operator_3.py took 0.074 seconds
[2024-11-03T00:54:44.668+0000] {processor.py:186} INFO - Started process (PID=934) to work on /home/airflow/.local/lib/python3.12/site-packages/airflow/example_dags/example_branch_python_dop_operator_3.py
[2024-11-03T00:54:44.668+0000] {processor.py:914} INFO - Processing file /home/airflow/.local/lib/python3.12/site-packages/airflow/example_dags/example_branch_python_dop_operator_3.py for tasks to queue
[2024-11-03T00:54:44.671+0000] {logging_mixin.py:190} INFO - [2024-11-03T00:54:44.670+0000] {dagbag.py:588} INFO - Filling up the DagBag from /home/airflow/.local/lib/python3.12/site-packages/airflow/example_dags/example_branch_python_dop_operator_3.py
[2024-11-03T00:54:44.679+0000] {processor.py:925} INFO - DAG(s) 'example_branch_dop_operator_v3' retrieved from /home/airflow/.local/lib/python3.12/site-packages/airflow/example_dags/example_branch_python_dop_operator_3.py
[2024-11-03T00:54:44.697+0000] {logging_mixin.py:190} INFO - [2024-11-03T00:54:44.697+0000] {dag.py:3239} INFO - Sync 1 DAGs
[2024-11-03T00:54:44.721+0000] {logging_mixin.py:190} INFO - [2024-11-03T00:54:44.721+0000] {dag.py:4180} INFO - Setting next_dagrun for example_branch_dop_operator_v3 to 2024-11-03 00:53:00+00:00, run_after=2024-11-03 00:54:00+00:00
[2024-11-03T00:54:44.739+0000] {processor.py:208} INFO - Processing /home/airflow/.local/lib/python3.12/site-packages/airflow/example_dags/example_branch_python_dop_operator_3.py took 0.076 seconds
[2024-11-03T00:55:15.012+0000] {processor.py:186} INFO - Started process (PID=997) to work on /home/airflow/.local/lib/python3.12/site-packages/airflow/example_dags/example_branch_python_dop_operator_3.py
[2024-11-03T00:55:15.013+0000] {processor.py:914} INFO - Processing file /home/airflow/.local/lib/python3.12/site-packages/airflow/example_dags/example_branch_python_dop_operator_3.py for tasks to queue
[2024-11-03T00:55:15.015+0000] {logging_mixin.py:190} INFO - [2024-11-03T00:55:15.015+0000] {dagbag.py:588} INFO - Filling up the DagBag from /home/airflow/.local/lib/python3.12/site-packages/airflow/example_dags/example_branch_python_dop_operator_3.py
[2024-11-03T00:55:15.024+0000] {processor.py:925} INFO - DAG(s) 'example_branch_dop_operator_v3' retrieved from /home/airflow/.local/lib/python3.12/site-packages/airflow/example_dags/example_branch_python_dop_operator_3.py
[2024-11-03T00:55:15.041+0000] {logging_mixin.py:190} INFO - [2024-11-03T00:55:15.041+0000] {dag.py:3239} INFO - Sync 1 DAGs
[2024-11-03T00:55:15.062+0000] {logging_mixin.py:190} INFO - [2024-11-03T00:55:15.062+0000] {dag.py:4180} INFO - Setting next_dagrun for example_branch_dop_operator_v3 to 2024-11-03 00:54:00+00:00, run_after=2024-11-03 00:55:00+00:00
[2024-11-03T00:55:15.077+0000] {processor.py:208} INFO - Processing /home/airflow/.local/lib/python3.12/site-packages/airflow/example_dags/example_branch_python_dop_operator_3.py took 0.070 seconds
[2024-11-03T00:55:45.671+0000] {processor.py:186} INFO - Started process (PID=1060) to work on /home/airflow/.local/lib/python3.12/site-packages/airflow/example_dags/example_branch_python_dop_operator_3.py
[2024-11-03T00:55:45.672+0000] {processor.py:914} INFO - Processing file /home/airflow/.local/lib/python3.12/site-packages/airflow/example_dags/example_branch_python_dop_operator_3.py for tasks to queue
[2024-11-03T00:55:45.674+0000] {logging_mixin.py:190} INFO - [2024-11-03T00:55:45.674+0000] {dagbag.py:588} INFO - Filling up the DagBag from /home/airflow/.local/lib/python3.12/site-packages/airflow/example_dags/example_branch_python_dop_operator_3.py
[2024-11-03T00:55:45.683+0000] {processor.py:925} INFO - DAG(s) 'example_branch_dop_operator_v3' retrieved from /home/airflow/.local/lib/python3.12/site-packages/airflow/example_dags/example_branch_python_dop_operator_3.py
[2024-11-03T00:55:45.705+0000] {logging_mixin.py:190} INFO - [2024-11-03T00:55:45.704+0000] {dag.py:3239} INFO - Sync 1 DAGs
[2024-11-03T00:55:45.734+0000] {logging_mixin.py:190} INFO - [2024-11-03T00:55:45.733+0000] {dag.py:4180} INFO - Setting next_dagrun for example_branch_dop_operator_v3 to 2024-11-03 00:54:00+00:00, run_after=2024-11-03 00:55:00+00:00
[2024-11-03T00:55:45.749+0000] {processor.py:208} INFO - Processing /home/airflow/.local/lib/python3.12/site-packages/airflow/example_dags/example_branch_python_dop_operator_3.py took 0.083 seconds
[2024-11-03T00:56:16.100+0000] {processor.py:186} INFO - Started process (PID=1123) to work on /home/airflow/.local/lib/python3.12/site-packages/airflow/example_dags/example_branch_python_dop_operator_3.py
[2024-11-03T00:56:16.100+0000] {processor.py:914} INFO - Processing file /home/airflow/.local/lib/python3.12/site-packages/airflow/example_dags/example_branch_python_dop_operator_3.py for tasks to queue
[2024-11-03T00:56:16.102+0000] {logging_mixin.py:190} INFO - [2024-11-03T00:56:16.102+0000] {dagbag.py:588} INFO - Filling up the DagBag from /home/airflow/.local/lib/python3.12/site-packages/airflow/example_dags/example_branch_python_dop_operator_3.py
[2024-11-03T00:56:16.110+0000] {processor.py:925} INFO - DAG(s) 'example_branch_dop_operator_v3' retrieved from /home/airflow/.local/lib/python3.12/site-packages/airflow/example_dags/example_branch_python_dop_operator_3.py
[2024-11-03T00:56:16.127+0000] {logging_mixin.py:190} INFO - [2024-11-03T00:56:16.126+0000] {dag.py:3239} INFO - Sync 1 DAGs
[2024-11-03T00:56:16.147+0000] {logging_mixin.py:190} INFO - [2024-11-03T00:56:16.147+0000] {dag.py:4180} INFO - Setting next_dagrun for example_branch_dop_operator_v3 to 2024-11-03 00:55:00+00:00, run_after=2024-11-03 00:56:00+00:00
[2024-11-03T00:56:16.163+0000] {processor.py:208} INFO - Processing /home/airflow/.local/lib/python3.12/site-packages/airflow/example_dags/example_branch_python_dop_operator_3.py took 0.068 seconds
[2024-11-03T00:56:46.284+0000] {processor.py:186} INFO - Started process (PID=1186) to work on /home/airflow/.local/lib/python3.12/site-packages/airflow/example_dags/example_branch_python_dop_operator_3.py
[2024-11-03T00:56:46.285+0000] {processor.py:914} INFO - Processing file /home/airflow/.local/lib/python3.12/site-packages/airflow/example_dags/example_branch_python_dop_operator_3.py for tasks to queue
[2024-11-03T00:56:46.287+0000] {logging_mixin.py:190} INFO - [2024-11-03T00:56:46.286+0000] {dagbag.py:588} INFO - Filling up the DagBag from /home/airflow/.local/lib/python3.12/site-packages/airflow/example_dags/example_branch_python_dop_operator_3.py
[2024-11-03T00:56:46.296+0000] {processor.py:925} INFO - DAG(s) 'example_branch_dop_operator_v3' retrieved from /home/airflow/.local/lib/python3.12/site-packages/airflow/example_dags/example_branch_python_dop_operator_3.py
[2024-11-03T00:56:46.317+0000] {logging_mixin.py:190} INFO - [2024-11-03T00:56:46.316+0000] {dag.py:3239} INFO - Sync 1 DAGs
[2024-11-03T00:56:46.342+0000] {logging_mixin.py:190} INFO - [2024-11-03T00:56:46.342+0000] {dag.py:4180} INFO - Setting next_dagrun for example_branch_dop_operator_v3 to 2024-11-03 00:55:00+00:00, run_after=2024-11-03 00:56:00+00:00
[2024-11-03T00:56:46.363+0000] {processor.py:208} INFO - Processing /home/airflow/.local/lib/python3.12/site-packages/airflow/example_dags/example_branch_python_dop_operator_3.py took 0.085 seconds
[2024-11-03T00:57:16.777+0000] {processor.py:186} INFO - Started process (PID=1249) to work on /home/airflow/.local/lib/python3.12/site-packages/airflow/example_dags/example_branch_python_dop_operator_3.py
[2024-11-03T00:57:16.778+0000] {processor.py:914} INFO - Processing file /home/airflow/.local/lib/python3.12/site-packages/airflow/example_dags/example_branch_python_dop_operator_3.py for tasks to queue
[2024-11-03T00:57:16.780+0000] {logging_mixin.py:190} INFO - [2024-11-03T00:57:16.780+0000] {dagbag.py:588} INFO - Filling up the DagBag from /home/airflow/.local/lib/python3.12/site-packages/airflow/example_dags/example_branch_python_dop_operator_3.py
[2024-11-03T00:57:16.788+0000] {processor.py:925} INFO - DAG(s) 'example_branch_dop_operator_v3' retrieved from /home/airflow/.local/lib/python3.12/site-packages/airflow/example_dags/example_branch_python_dop_operator_3.py
[2024-11-03T00:57:16.804+0000] {logging_mixin.py:190} INFO - [2024-11-03T00:57:16.804+0000] {dag.py:3239} INFO - Sync 1 DAGs
[2024-11-03T00:57:16.826+0000] {logging_mixin.py:190} INFO - [2024-11-03T00:57:16.826+0000] {dag.py:4180} INFO - Setting next_dagrun for example_branch_dop_operator_v3 to 2024-11-03 00:56:00+00:00, run_after=2024-11-03 00:57:00+00:00
[2024-11-03T00:57:16.843+0000] {processor.py:208} INFO - Processing /home/airflow/.local/lib/python3.12/site-packages/airflow/example_dags/example_branch_python_dop_operator_3.py took 0.070 seconds
[2024-11-03T00:57:46.905+0000] {processor.py:186} INFO - Started process (PID=1312) to work on /home/airflow/.local/lib/python3.12/site-packages/airflow/example_dags/example_branch_python_dop_operator_3.py
[2024-11-03T00:57:46.906+0000] {processor.py:914} INFO - Processing file /home/airflow/.local/lib/python3.12/site-packages/airflow/example_dags/example_branch_python_dop_operator_3.py for tasks to queue
[2024-11-03T00:57:46.908+0000] {logging_mixin.py:190} INFO - [2024-11-03T00:57:46.907+0000] {dagbag.py:588} INFO - Filling up the DagBag from /home/airflow/.local/lib/python3.12/site-packages/airflow/example_dags/example_branch_python_dop_operator_3.py
[2024-11-03T00:57:46.916+0000] {processor.py:925} INFO - DAG(s) 'example_branch_dop_operator_v3' retrieved from /home/airflow/.local/lib/python3.12/site-packages/airflow/example_dags/example_branch_python_dop_operator_3.py
[2024-11-03T00:57:46.932+0000] {logging_mixin.py:190} INFO - [2024-11-03T00:57:46.932+0000] {dag.py:3239} INFO - Sync 1 DAGs
[2024-11-03T00:57:46.956+0000] {logging_mixin.py:190} INFO - [2024-11-03T00:57:46.956+0000] {dag.py:4180} INFO - Setting next_dagrun for example_branch_dop_operator_v3 to 2024-11-03 00:56:00+00:00, run_after=2024-11-03 00:57:00+00:00
[2024-11-03T00:57:46.973+0000] {processor.py:208} INFO - Processing /home/airflow/.local/lib/python3.12/site-packages/airflow/example_dags/example_branch_python_dop_operator_3.py took 0.072 seconds
[2024-11-03T00:58:17.344+0000] {processor.py:186} INFO - Started process (PID=1375) to work on /home/airflow/.local/lib/python3.12/site-packages/airflow/example_dags/example_branch_python_dop_operator_3.py
[2024-11-03T00:58:17.345+0000] {processor.py:914} INFO - Processing file /home/airflow/.local/lib/python3.12/site-packages/airflow/example_dags/example_branch_python_dop_operator_3.py for tasks to queue
[2024-11-03T00:58:17.347+0000] {logging_mixin.py:190} INFO - [2024-11-03T00:58:17.347+0000] {dagbag.py:588} INFO - Filling up the DagBag from /home/airflow/.local/lib/python3.12/site-packages/airflow/example_dags/example_branch_python_dop_operator_3.py
[2024-11-03T00:58:17.355+0000] {processor.py:925} INFO - DAG(s) 'example_branch_dop_operator_v3' retrieved from /home/airflow/.local/lib/python3.12/site-packages/airflow/example_dags/example_branch_python_dop_operator_3.py
[2024-11-03T00:58:17.371+0000] {logging_mixin.py:190} INFO - [2024-11-03T00:58:17.371+0000] {dag.py:3239} INFO - Sync 1 DAGs
[2024-11-03T00:58:17.393+0000] {logging_mixin.py:190} INFO - [2024-11-03T00:58:17.393+0000] {dag.py:4180} INFO - Setting next_dagrun for example_branch_dop_operator_v3 to 2024-11-03 00:57:00+00:00, run_after=2024-11-03 00:58:00+00:00
[2024-11-03T00:58:17.411+0000] {processor.py:208} INFO - Processing /home/airflow/.local/lib/python3.12/site-packages/airflow/example_dags/example_branch_python_dop_operator_3.py took 0.070 seconds
[2024-11-03T00:58:47.562+0000] {processor.py:186} INFO - Started process (PID=1438) to work on /home/airflow/.local/lib/python3.12/site-packages/airflow/example_dags/example_branch_python_dop_operator_3.py
[2024-11-03T00:58:47.563+0000] {processor.py:914} INFO - Processing file /home/airflow/.local/lib/python3.12/site-packages/airflow/example_dags/example_branch_python_dop_operator_3.py for tasks to queue
[2024-11-03T00:58:47.565+0000] {logging_mixin.py:190} INFO - [2024-11-03T00:58:47.564+0000] {dagbag.py:588} INFO - Filling up the DagBag from /home/airflow/.local/lib/python3.12/site-packages/airflow/example_dags/example_branch_python_dop_operator_3.py
[2024-11-03T00:58:47.574+0000] {processor.py:925} INFO - DAG(s) 'example_branch_dop_operator_v3' retrieved from /home/airflow/.local/lib/python3.12/site-packages/airflow/example_dags/example_branch_python_dop_operator_3.py
[2024-11-03T00:58:47.592+0000] {logging_mixin.py:190} INFO - [2024-11-03T00:58:47.592+0000] {dag.py:3239} INFO - Sync 1 DAGs
[2024-11-03T00:58:47.616+0000] {logging_mixin.py:190} INFO - [2024-11-03T00:58:47.616+0000] {dag.py:4180} INFO - Setting next_dagrun for example_branch_dop_operator_v3 to 2024-11-03 00:57:00+00:00, run_after=2024-11-03 00:58:00+00:00
[2024-11-03T00:58:47.634+0000] {processor.py:208} INFO - Processing /home/airflow/.local/lib/python3.12/site-packages/airflow/example_dags/example_branch_python_dop_operator_3.py took 0.077 seconds
[2024-11-03T00:59:18.107+0000] {processor.py:186} INFO - Started process (PID=1501) to work on /home/airflow/.local/lib/python3.12/site-packages/airflow/example_dags/example_branch_python_dop_operator_3.py
[2024-11-03T00:59:18.108+0000] {processor.py:914} INFO - Processing file /home/airflow/.local/lib/python3.12/site-packages/airflow/example_dags/example_branch_python_dop_operator_3.py for tasks to queue
[2024-11-03T00:59:18.110+0000] {logging_mixin.py:190} INFO - [2024-11-03T00:59:18.110+0000] {dagbag.py:588} INFO - Filling up the DagBag from /home/airflow/.local/lib/python3.12/site-packages/airflow/example_dags/example_branch_python_dop_operator_3.py
[2024-11-03T00:59:18.118+0000] {processor.py:925} INFO - DAG(s) 'example_branch_dop_operator_v3' retrieved from /home/airflow/.local/lib/python3.12/site-packages/airflow/example_dags/example_branch_python_dop_operator_3.py
[2024-11-03T00:59:18.134+0000] {logging_mixin.py:190} INFO - [2024-11-03T00:59:18.134+0000] {dag.py:3239} INFO - Sync 1 DAGs
[2024-11-03T00:59:18.156+0000] {logging_mixin.py:190} INFO - [2024-11-03T00:59:18.155+0000] {dag.py:4180} INFO - Setting next_dagrun for example_branch_dop_operator_v3 to 2024-11-03 00:58:00+00:00, run_after=2024-11-03 00:59:00+00:00
[2024-11-03T00:59:18.171+0000] {processor.py:208} INFO - Processing /home/airflow/.local/lib/python3.12/site-packages/airflow/example_dags/example_branch_python_dop_operator_3.py took 0.068 seconds
[2024-11-03T00:59:48.300+0000] {processor.py:186} INFO - Started process (PID=1564) to work on /home/airflow/.local/lib/python3.12/site-packages/airflow/example_dags/example_branch_python_dop_operator_3.py
[2024-11-03T00:59:48.301+0000] {processor.py:914} INFO - Processing file /home/airflow/.local/lib/python3.12/site-packages/airflow/example_dags/example_branch_python_dop_operator_3.py for tasks to queue
[2024-11-03T00:59:48.303+0000] {logging_mixin.py:190} INFO - [2024-11-03T00:59:48.303+0000] {dagbag.py:588} INFO - Filling up the DagBag from /home/airflow/.local/lib/python3.12/site-packages/airflow/example_dags/example_branch_python_dop_operator_3.py
[2024-11-03T00:59:48.311+0000] {processor.py:925} INFO - DAG(s) 'example_branch_dop_operator_v3' retrieved from /home/airflow/.local/lib/python3.12/site-packages/airflow/example_dags/example_branch_python_dop_operator_3.py
[2024-11-03T00:59:48.327+0000] {logging_mixin.py:190} INFO - [2024-11-03T00:59:48.327+0000] {dag.py:3239} INFO - Sync 1 DAGs
[2024-11-03T00:59:48.349+0000] {logging_mixin.py:190} INFO - [2024-11-03T00:59:48.348+0000] {dag.py:4180} INFO - Setting next_dagrun for example_branch_dop_operator_v3 to 2024-11-03 00:58:00+00:00, run_after=2024-11-03 00:59:00+00:00
[2024-11-03T00:59:48.363+0000] {processor.py:208} INFO - Processing /home/airflow/.local/lib/python3.12/site-packages/airflow/example_dags/example_branch_python_dop_operator_3.py took 0.067 seconds
[2024-11-03T01:00:18.972+0000] {processor.py:186} INFO - Started process (PID=1627) to work on /home/airflow/.local/lib/python3.12/site-packages/airflow/example_dags/example_branch_python_dop_operator_3.py
[2024-11-03T01:00:18.973+0000] {processor.py:914} INFO - Processing file /home/airflow/.local/lib/python3.12/site-packages/airflow/example_dags/example_branch_python_dop_operator_3.py for tasks to queue
[2024-11-03T01:00:18.975+0000] {logging_mixin.py:190} INFO - [2024-11-03T01:00:18.975+0000] {dagbag.py:588} INFO - Filling up the DagBag from /home/airflow/.local/lib/python3.12/site-packages/airflow/example_dags/example_branch_python_dop_operator_3.py
[2024-11-03T01:00:18.983+0000] {processor.py:925} INFO - DAG(s) 'example_branch_dop_operator_v3' retrieved from /home/airflow/.local/lib/python3.12/site-packages/airflow/example_dags/example_branch_python_dop_operator_3.py
[2024-11-03T01:00:18.999+0000] {logging_mixin.py:190} INFO - [2024-11-03T01:00:18.999+0000] {dag.py:3239} INFO - Sync 1 DAGs
[2024-11-03T01:00:19.021+0000] {logging_mixin.py:190} INFO - [2024-11-03T01:00:19.021+0000] {dag.py:4180} INFO - Setting next_dagrun for example_branch_dop_operator_v3 to 2024-11-03 00:59:00+00:00, run_after=2024-11-03 01:00:00+00:00
[2024-11-03T01:00:19.036+0000] {processor.py:208} INFO - Processing /home/airflow/.local/lib/python3.12/site-packages/airflow/example_dags/example_branch_python_dop_operator_3.py took 0.068 seconds
[2024-11-03T01:00:49.464+0000] {processor.py:186} INFO - Started process (PID=1690) to work on /home/airflow/.local/lib/python3.12/site-packages/airflow/example_dags/example_branch_python_dop_operator_3.py
[2024-11-03T01:00:49.465+0000] {processor.py:914} INFO - Processing file /home/airflow/.local/lib/python3.12/site-packages/airflow/example_dags/example_branch_python_dop_operator_3.py for tasks to queue
[2024-11-03T01:00:49.467+0000] {logging_mixin.py:190} INFO - [2024-11-03T01:00:49.467+0000] {dagbag.py:588} INFO - Filling up the DagBag from /home/airflow/.local/lib/python3.12/site-packages/airflow/example_dags/example_branch_python_dop_operator_3.py
[2024-11-03T01:00:49.476+0000] {processor.py:925} INFO - DAG(s) 'example_branch_dop_operator_v3' retrieved from /home/airflow/.local/lib/python3.12/site-packages/airflow/example_dags/example_branch_python_dop_operator_3.py
[2024-11-03T01:00:49.494+0000] {logging_mixin.py:190} INFO - [2024-11-03T01:00:49.494+0000] {dag.py:3239} INFO - Sync 1 DAGs
[2024-11-03T01:00:49.517+0000] {logging_mixin.py:190} INFO - [2024-11-03T01:00:49.517+0000] {dag.py:4180} INFO - Setting next_dagrun for example_branch_dop_operator_v3 to 2024-11-03 00:59:00+00:00, run_after=2024-11-03 01:00:00+00:00
[2024-11-03T01:00:49.534+0000] {processor.py:208} INFO - Processing /home/airflow/.local/lib/python3.12/site-packages/airflow/example_dags/example_branch_python_dop_operator_3.py took 0.075 seconds
[2024-11-03T01:01:19.965+0000] {processor.py:186} INFO - Started process (PID=1753) to work on /home/airflow/.local/lib/python3.12/site-packages/airflow/example_dags/example_branch_python_dop_operator_3.py
[2024-11-03T01:01:19.966+0000] {processor.py:914} INFO - Processing file /home/airflow/.local/lib/python3.12/site-packages/airflow/example_dags/example_branch_python_dop_operator_3.py for tasks to queue
[2024-11-03T01:01:19.968+0000] {logging_mixin.py:190} INFO - [2024-11-03T01:01:19.968+0000] {dagbag.py:588} INFO - Filling up the DagBag from /home/airflow/.local/lib/python3.12/site-packages/airflow/example_dags/example_branch_python_dop_operator_3.py
[2024-11-03T01:01:19.976+0000] {processor.py:925} INFO - DAG(s) 'example_branch_dop_operator_v3' retrieved from /home/airflow/.local/lib/python3.12/site-packages/airflow/example_dags/example_branch_python_dop_operator_3.py
[2024-11-03T01:01:19.993+0000] {logging_mixin.py:190} INFO - [2024-11-03T01:01:19.993+0000] {dag.py:3239} INFO - Sync 1 DAGs
[2024-11-03T01:01:20.016+0000] {logging_mixin.py:190} INFO - [2024-11-03T01:01:20.016+0000] {dag.py:4180} INFO - Setting next_dagrun for example_branch_dop_operator_v3 to 2024-11-03 01:00:00+00:00, run_after=2024-11-03 01:01:00+00:00
[2024-11-03T01:01:20.032+0000] {processor.py:208} INFO - Processing /home/airflow/.local/lib/python3.12/site-packages/airflow/example_dags/example_branch_python_dop_operator_3.py took 0.071 seconds
[2024-11-03T01:01:50.449+0000] {processor.py:186} INFO - Started process (PID=1816) to work on /home/airflow/.local/lib/python3.12/site-packages/airflow/example_dags/example_branch_python_dop_operator_3.py
[2024-11-03T01:01:50.450+0000] {processor.py:914} INFO - Processing file /home/airflow/.local/lib/python3.12/site-packages/airflow/example_dags/example_branch_python_dop_operator_3.py for tasks to queue
[2024-11-03T01:01:50.452+0000] {logging_mixin.py:190} INFO - [2024-11-03T01:01:50.452+0000] {dagbag.py:588} INFO - Filling up the DagBag from /home/airflow/.local/lib/python3.12/site-packages/airflow/example_dags/example_branch_python_dop_operator_3.py
[2024-11-03T01:01:50.460+0000] {processor.py:925} INFO - DAG(s) 'example_branch_dop_operator_v3' retrieved from /home/airflow/.local/lib/python3.12/site-packages/airflow/example_dags/example_branch_python_dop_operator_3.py
[2024-11-03T01:01:50.475+0000] {logging_mixin.py:190} INFO - [2024-11-03T01:01:50.475+0000] {dag.py:3239} INFO - Sync 1 DAGs
[2024-11-03T01:01:50.498+0000] {logging_mixin.py:190} INFO - [2024-11-03T01:01:50.498+0000] {dag.py:4180} INFO - Setting next_dagrun for example_branch_dop_operator_v3 to 2024-11-03 01:00:00+00:00, run_after=2024-11-03 01:01:00+00:00
[2024-11-03T01:01:50.513+0000] {processor.py:208} INFO - Processing /home/airflow/.local/lib/python3.12/site-packages/airflow/example_dags/example_branch_python_dop_operator_3.py took 0.069 seconds
[2024-11-03T01:02:20.591+0000] {processor.py:186} INFO - Started process (PID=1879) to work on /home/airflow/.local/lib/python3.12/site-packages/airflow/example_dags/example_branch_python_dop_operator_3.py
[2024-11-03T01:02:20.592+0000] {processor.py:914} INFO - Processing file /home/airflow/.local/lib/python3.12/site-packages/airflow/example_dags/example_branch_python_dop_operator_3.py for tasks to queue
[2024-11-03T01:02:20.594+0000] {logging_mixin.py:190} INFO - [2024-11-03T01:02:20.593+0000] {dagbag.py:588} INFO - Filling up the DagBag from /home/airflow/.local/lib/python3.12/site-packages/airflow/example_dags/example_branch_python_dop_operator_3.py
[2024-11-03T01:02:20.602+0000] {processor.py:925} INFO - DAG(s) 'example_branch_dop_operator_v3' retrieved from /home/airflow/.local/lib/python3.12/site-packages/airflow/example_dags/example_branch_python_dop_operator_3.py
[2024-11-03T01:02:20.619+0000] {logging_mixin.py:190} INFO - [2024-11-03T01:02:20.619+0000] {dag.py:3239} INFO - Sync 1 DAGs
[2024-11-03T01:02:20.644+0000] {logging_mixin.py:190} INFO - [2024-11-03T01:02:20.644+0000] {dag.py:4180} INFO - Setting next_dagrun for example_branch_dop_operator_v3 to 2024-11-03 01:01:00+00:00, run_after=2024-11-03 01:02:00+00:00
[2024-11-03T01:02:20.661+0000] {processor.py:208} INFO - Processing /home/airflow/.local/lib/python3.12/site-packages/airflow/example_dags/example_branch_python_dop_operator_3.py took 0.075 seconds
[2024-11-03T01:02:50.914+0000] {processor.py:186} INFO - Started process (PID=1942) to work on /home/airflow/.local/lib/python3.12/site-packages/airflow/example_dags/example_branch_python_dop_operator_3.py
[2024-11-03T01:02:50.914+0000] {processor.py:914} INFO - Processing file /home/airflow/.local/lib/python3.12/site-packages/airflow/example_dags/example_branch_python_dop_operator_3.py for tasks to queue
[2024-11-03T01:02:50.916+0000] {logging_mixin.py:190} INFO - [2024-11-03T01:02:50.916+0000] {dagbag.py:588} INFO - Filling up the DagBag from /home/airflow/.local/lib/python3.12/site-packages/airflow/example_dags/example_branch_python_dop_operator_3.py
[2024-11-03T01:02:50.924+0000] {processor.py:925} INFO - DAG(s) 'example_branch_dop_operator_v3' retrieved from /home/airflow/.local/lib/python3.12/site-packages/airflow/example_dags/example_branch_python_dop_operator_3.py
[2024-11-03T01:02:50.941+0000] {logging_mixin.py:190} INFO - [2024-11-03T01:02:50.941+0000] {dag.py:3239} INFO - Sync 1 DAGs
[2024-11-03T01:02:50.962+0000] {logging_mixin.py:190} INFO - [2024-11-03T01:02:50.962+0000] {dag.py:4180} INFO - Setting next_dagrun for example_branch_dop_operator_v3 to 2024-11-03 01:01:00+00:00, run_after=2024-11-03 01:02:00+00:00
[2024-11-03T01:02:50.978+0000] {processor.py:208} INFO - Processing /home/airflow/.local/lib/python3.12/site-packages/airflow/example_dags/example_branch_python_dop_operator_3.py took 0.069 seconds
[2024-11-03T01:03:21.568+0000] {processor.py:186} INFO - Started process (PID=2005) to work on /home/airflow/.local/lib/python3.12/site-packages/airflow/example_dags/example_branch_python_dop_operator_3.py
[2024-11-03T01:03:21.569+0000] {processor.py:914} INFO - Processing file /home/airflow/.local/lib/python3.12/site-packages/airflow/example_dags/example_branch_python_dop_operator_3.py for tasks to queue
[2024-11-03T01:03:21.571+0000] {logging_mixin.py:190} INFO - [2024-11-03T01:03:21.571+0000] {dagbag.py:588} INFO - Filling up the DagBag from /home/airflow/.local/lib/python3.12/site-packages/airflow/example_dags/example_branch_python_dop_operator_3.py
[2024-11-03T01:03:21.579+0000] {processor.py:925} INFO - DAG(s) 'example_branch_dop_operator_v3' retrieved from /home/airflow/.local/lib/python3.12/site-packages/airflow/example_dags/example_branch_python_dop_operator_3.py
[2024-11-03T01:03:21.596+0000] {logging_mixin.py:190} INFO - [2024-11-03T01:03:21.596+0000] {dag.py:3239} INFO - Sync 1 DAGs
[2024-11-03T01:03:21.619+0000] {logging_mixin.py:190} INFO - [2024-11-03T01:03:21.619+0000] {dag.py:4180} INFO - Setting next_dagrun for example_branch_dop_operator_v3 to 2024-11-03 01:02:00+00:00, run_after=2024-11-03 01:03:00+00:00
[2024-11-03T01:03:21.637+0000] {processor.py:208} INFO - Processing /home/airflow/.local/lib/python3.12/site-packages/airflow/example_dags/example_branch_python_dop_operator_3.py took 0.073 seconds
[2024-11-03T01:03:52.546+0000] {processor.py:186} INFO - Started process (PID=2068) to work on /home/airflow/.local/lib/python3.12/site-packages/airflow/example_dags/example_branch_python_dop_operator_3.py
[2024-11-03T01:03:52.547+0000] {processor.py:914} INFO - Processing file /home/airflow/.local/lib/python3.12/site-packages/airflow/example_dags/example_branch_python_dop_operator_3.py for tasks to queue
[2024-11-03T01:03:52.549+0000] {logging_mixin.py:190} INFO - [2024-11-03T01:03:52.549+0000] {dagbag.py:588} INFO - Filling up the DagBag from /home/airflow/.local/lib/python3.12/site-packages/airflow/example_dags/example_branch_python_dop_operator_3.py
[2024-11-03T01:03:52.560+0000] {processor.py:925} INFO - DAG(s) 'example_branch_dop_operator_v3' retrieved from /home/airflow/.local/lib/python3.12/site-packages/airflow/example_dags/example_branch_python_dop_operator_3.py
[2024-11-03T01:03:52.580+0000] {logging_mixin.py:190} INFO - [2024-11-03T01:03:52.579+0000] {dag.py:3239} INFO - Sync 1 DAGs
[2024-11-03T01:03:52.605+0000] {logging_mixin.py:190} INFO - [2024-11-03T01:03:52.605+0000] {dag.py:4180} INFO - Setting next_dagrun for example_branch_dop_operator_v3 to 2024-11-03 01:02:00+00:00, run_after=2024-11-03 01:03:00+00:00
[2024-11-03T01:03:52.626+0000] {processor.py:208} INFO - Processing /home/airflow/.local/lib/python3.12/site-packages/airflow/example_dags/example_branch_python_dop_operator_3.py took 0.086 seconds
[2024-11-03T01:04:23.278+0000] {processor.py:186} INFO - Started process (PID=2131) to work on /home/airflow/.local/lib/python3.12/site-packages/airflow/example_dags/example_branch_python_dop_operator_3.py
[2024-11-03T01:04:23.279+0000] {processor.py:914} INFO - Processing file /home/airflow/.local/lib/python3.12/site-packages/airflow/example_dags/example_branch_python_dop_operator_3.py for tasks to queue
[2024-11-03T01:04:23.281+0000] {logging_mixin.py:190} INFO - [2024-11-03T01:04:23.280+0000] {dagbag.py:588} INFO - Filling up the DagBag from /home/airflow/.local/lib/python3.12/site-packages/airflow/example_dags/example_branch_python_dop_operator_3.py
[2024-11-03T01:04:23.289+0000] {processor.py:925} INFO - DAG(s) 'example_branch_dop_operator_v3' retrieved from /home/airflow/.local/lib/python3.12/site-packages/airflow/example_dags/example_branch_python_dop_operator_3.py
[2024-11-03T01:04:23.307+0000] {logging_mixin.py:190} INFO - [2024-11-03T01:04:23.306+0000] {dag.py:3239} INFO - Sync 1 DAGs
[2024-11-03T01:04:23.329+0000] {logging_mixin.py:190} INFO - [2024-11-03T01:04:23.329+0000] {dag.py:4180} INFO - Setting next_dagrun for example_branch_dop_operator_v3 to 2024-11-03 01:03:00+00:00, run_after=2024-11-03 01:04:00+00:00
[2024-11-03T01:04:23.346+0000] {processor.py:208} INFO - Processing /home/airflow/.local/lib/python3.12/site-packages/airflow/example_dags/example_branch_python_dop_operator_3.py took 0.074 seconds
[2024-11-03T01:04:53.710+0000] {processor.py:186} INFO - Started process (PID=2194) to work on /home/airflow/.local/lib/python3.12/site-packages/airflow/example_dags/example_branch_python_dop_operator_3.py
[2024-11-03T01:04:53.711+0000] {processor.py:914} INFO - Processing file /home/airflow/.local/lib/python3.12/site-packages/airflow/example_dags/example_branch_python_dop_operator_3.py for tasks to queue
[2024-11-03T01:04:53.713+0000] {logging_mixin.py:190} INFO - [2024-11-03T01:04:53.713+0000] {dagbag.py:588} INFO - Filling up the DagBag from /home/airflow/.local/lib/python3.12/site-packages/airflow/example_dags/example_branch_python_dop_operator_3.py
[2024-11-03T01:04:53.721+0000] {processor.py:925} INFO - DAG(s) 'example_branch_dop_operator_v3' retrieved from /home/airflow/.local/lib/python3.12/site-packages/airflow/example_dags/example_branch_python_dop_operator_3.py
[2024-11-03T01:04:53.739+0000] {logging_mixin.py:190} INFO - [2024-11-03T01:04:53.739+0000] {dag.py:3239} INFO - Sync 1 DAGs
[2024-11-03T01:04:53.765+0000] {logging_mixin.py:190} INFO - [2024-11-03T01:04:53.764+0000] {dag.py:4180} INFO - Setting next_dagrun for example_branch_dop_operator_v3 to 2024-11-03 01:03:00+00:00, run_after=2024-11-03 01:04:00+00:00
[2024-11-03T01:04:53.784+0000] {processor.py:208} INFO - Processing /home/airflow/.local/lib/python3.12/site-packages/airflow/example_dags/example_branch_python_dop_operator_3.py took 0.078 seconds
[2024-11-03T01:05:24.382+0000] {processor.py:186} INFO - Started process (PID=2257) to work on /home/airflow/.local/lib/python3.12/site-packages/airflow/example_dags/example_branch_python_dop_operator_3.py
[2024-11-03T01:05:24.383+0000] {processor.py:914} INFO - Processing file /home/airflow/.local/lib/python3.12/site-packages/airflow/example_dags/example_branch_python_dop_operator_3.py for tasks to queue
[2024-11-03T01:05:24.385+0000] {logging_mixin.py:190} INFO - [2024-11-03T01:05:24.385+0000] {dagbag.py:588} INFO - Filling up the DagBag from /home/airflow/.local/lib/python3.12/site-packages/airflow/example_dags/example_branch_python_dop_operator_3.py
[2024-11-03T01:05:24.394+0000] {processor.py:925} INFO - DAG(s) 'example_branch_dop_operator_v3' retrieved from /home/airflow/.local/lib/python3.12/site-packages/airflow/example_dags/example_branch_python_dop_operator_3.py
[2024-11-03T01:05:24.412+0000] {logging_mixin.py:190} INFO - [2024-11-03T01:05:24.412+0000] {dag.py:3239} INFO - Sync 1 DAGs
[2024-11-03T01:05:24.434+0000] {logging_mixin.py:190} INFO - [2024-11-03T01:05:24.434+0000] {dag.py:4180} INFO - Setting next_dagrun for example_branch_dop_operator_v3 to 2024-11-03 01:04:00+00:00, run_after=2024-11-03 01:05:00+00:00
[2024-11-03T01:05:24.453+0000] {processor.py:208} INFO - Processing /home/airflow/.local/lib/python3.12/site-packages/airflow/example_dags/example_branch_python_dop_operator_3.py took 0.077 seconds
[2024-11-03T01:05:54.800+0000] {processor.py:186} INFO - Started process (PID=2320) to work on /home/airflow/.local/lib/python3.12/site-packages/airflow/example_dags/example_branch_python_dop_operator_3.py
[2024-11-03T01:05:54.800+0000] {processor.py:914} INFO - Processing file /home/airflow/.local/lib/python3.12/site-packages/airflow/example_dags/example_branch_python_dop_operator_3.py for tasks to queue
[2024-11-03T01:05:54.802+0000] {logging_mixin.py:190} INFO - [2024-11-03T01:05:54.802+0000] {dagbag.py:588} INFO - Filling up the DagBag from /home/airflow/.local/lib/python3.12/site-packages/airflow/example_dags/example_branch_python_dop_operator_3.py
[2024-11-03T01:05:54.811+0000] {processor.py:925} INFO - DAG(s) 'example_branch_dop_operator_v3' retrieved from /home/airflow/.local/lib/python3.12/site-packages/airflow/example_dags/example_branch_python_dop_operator_3.py
[2024-11-03T01:05:54.829+0000] {logging_mixin.py:190} INFO - [2024-11-03T01:05:54.829+0000] {dag.py:3239} INFO - Sync 1 DAGs
[2024-11-03T01:05:54.854+0000] {logging_mixin.py:190} INFO - [2024-11-03T01:05:54.853+0000] {dag.py:4180} INFO - Setting next_dagrun for example_branch_dop_operator_v3 to 2024-11-03 01:04:00+00:00, run_after=2024-11-03 01:05:00+00:00
[2024-11-03T01:05:54.872+0000] {processor.py:208} INFO - Processing /home/airflow/.local/lib/python3.12/site-packages/airflow/example_dags/example_branch_python_dop_operator_3.py took 0.077 seconds
[2024-11-03T01:06:25.665+0000] {processor.py:186} INFO - Started process (PID=2383) to work on /home/airflow/.local/lib/python3.12/site-packages/airflow/example_dags/example_branch_python_dop_operator_3.py
[2024-11-03T01:06:25.666+0000] {processor.py:914} INFO - Processing file /home/airflow/.local/lib/python3.12/site-packages/airflow/example_dags/example_branch_python_dop_operator_3.py for tasks to queue
[2024-11-03T01:06:25.668+0000] {logging_mixin.py:190} INFO - [2024-11-03T01:06:25.667+0000] {dagbag.py:588} INFO - Filling up the DagBag from /home/airflow/.local/lib/python3.12/site-packages/airflow/example_dags/example_branch_python_dop_operator_3.py
[2024-11-03T01:06:25.678+0000] {processor.py:925} INFO - DAG(s) 'example_branch_dop_operator_v3' retrieved from /home/airflow/.local/lib/python3.12/site-packages/airflow/example_dags/example_branch_python_dop_operator_3.py
[2024-11-03T01:06:25.696+0000] {logging_mixin.py:190} INFO - [2024-11-03T01:06:25.695+0000] {dag.py:3239} INFO - Sync 1 DAGs
[2024-11-03T01:06:25.724+0000] {logging_mixin.py:190} INFO - [2024-11-03T01:06:25.724+0000] {dag.py:4180} INFO - Setting next_dagrun for example_branch_dop_operator_v3 to 2024-11-03 01:05:00+00:00, run_after=2024-11-03 01:06:00+00:00
[2024-11-03T01:06:25.742+0000] {processor.py:208} INFO - Processing /home/airflow/.local/lib/python3.12/site-packages/airflow/example_dags/example_branch_python_dop_operator_3.py took 0.082 seconds
