[2024-11-03T00:00:01.934+0000] {processor.py:186} INFO - Started process (PID=761) to work on /home/airflow/.local/lib/python3.12/site-packages/airflow/example_dags/example_params_trigger_ui.py
[2024-11-03T00:00:01.935+0000] {processor.py:914} INFO - Processing file /home/airflow/.local/lib/python3.12/site-packages/airflow/example_dags/example_params_trigger_ui.py for tasks to queue
[2024-11-03T00:00:01.937+0000] {logging_mixin.py:190} INFO - [2024-11-03T00:00:01.937+0000] {dagbag.py:588} INFO - Filling up the DagBag from /home/airflow/.local/lib/python3.12/site-packages/airflow/example_dags/example_params_trigger_ui.py
[2024-11-03T00:00:01.946+0000] {processor.py:925} INFO - DAG(s) 'example_params_trigger_ui' retrieved from /home/airflow/.local/lib/python3.12/site-packages/airflow/example_dags/example_params_trigger_ui.py
[2024-11-03T00:00:01.985+0000] {logging_mixin.py:190} INFO - [2024-11-03T00:00:01.985+0000] {dag.py:3239} INFO - Sync 1 DAGs
[2024-11-03T00:00:01.999+0000] {logging_mixin.py:190} INFO - [2024-11-03T00:00:01.999+0000] {dag.py:4180} INFO - Setting next_dagrun for example_params_trigger_ui to None, run_after=None
[2024-11-03T00:00:02.016+0000] {processor.py:208} INFO - Processing /home/airflow/.local/lib/python3.12/site-packages/airflow/example_dags/example_params_trigger_ui.py took 0.087 seconds
[2024-11-03T00:00:32.400+0000] {processor.py:186} INFO - Started process (PID=824) to work on /home/airflow/.local/lib/python3.12/site-packages/airflow/example_dags/example_params_trigger_ui.py
[2024-11-03T00:00:32.401+0000] {processor.py:914} INFO - Processing file /home/airflow/.local/lib/python3.12/site-packages/airflow/example_dags/example_params_trigger_ui.py for tasks to queue
[2024-11-03T00:00:32.403+0000] {logging_mixin.py:190} INFO - [2024-11-03T00:00:32.402+0000] {dagbag.py:588} INFO - Filling up the DagBag from /home/airflow/.local/lib/python3.12/site-packages/airflow/example_dags/example_params_trigger_ui.py
[2024-11-03T00:00:32.412+0000] {processor.py:925} INFO - DAG(s) 'example_params_trigger_ui' retrieved from /home/airflow/.local/lib/python3.12/site-packages/airflow/example_dags/example_params_trigger_ui.py
[2024-11-03T00:00:32.453+0000] {logging_mixin.py:190} INFO - [2024-11-03T00:00:32.453+0000] {dag.py:3239} INFO - Sync 1 DAGs
[2024-11-03T00:00:32.465+0000] {logging_mixin.py:190} INFO - [2024-11-03T00:00:32.465+0000] {dag.py:4180} INFO - Setting next_dagrun for example_params_trigger_ui to None, run_after=None
[2024-11-03T00:00:32.480+0000] {processor.py:208} INFO - Processing /home/airflow/.local/lib/python3.12/site-packages/airflow/example_dags/example_params_trigger_ui.py took 0.084 seconds
[2024-11-03T00:01:03.087+0000] {processor.py:186} INFO - Started process (PID=887) to work on /home/airflow/.local/lib/python3.12/site-packages/airflow/example_dags/example_params_trigger_ui.py
[2024-11-03T00:01:03.087+0000] {processor.py:914} INFO - Processing file /home/airflow/.local/lib/python3.12/site-packages/airflow/example_dags/example_params_trigger_ui.py for tasks to queue
[2024-11-03T00:01:03.089+0000] {logging_mixin.py:190} INFO - [2024-11-03T00:01:03.089+0000] {dagbag.py:588} INFO - Filling up the DagBag from /home/airflow/.local/lib/python3.12/site-packages/airflow/example_dags/example_params_trigger_ui.py
[2024-11-03T00:01:03.099+0000] {processor.py:925} INFO - DAG(s) 'example_params_trigger_ui' retrieved from /home/airflow/.local/lib/python3.12/site-packages/airflow/example_dags/example_params_trigger_ui.py
[2024-11-03T00:01:03.136+0000] {logging_mixin.py:190} INFO - [2024-11-03T00:01:03.136+0000] {dag.py:3239} INFO - Sync 1 DAGs
[2024-11-03T00:01:03.148+0000] {logging_mixin.py:190} INFO - [2024-11-03T00:01:03.147+0000] {dag.py:4180} INFO - Setting next_dagrun for example_params_trigger_ui to None, run_after=None
[2024-11-03T00:01:03.163+0000] {processor.py:208} INFO - Processing /home/airflow/.local/lib/python3.12/site-packages/airflow/example_dags/example_params_trigger_ui.py took 0.081 seconds
[2024-11-03T00:01:34.077+0000] {processor.py:186} INFO - Started process (PID=950) to work on /home/airflow/.local/lib/python3.12/site-packages/airflow/example_dags/example_params_trigger_ui.py
[2024-11-03T00:01:34.077+0000] {processor.py:914} INFO - Processing file /home/airflow/.local/lib/python3.12/site-packages/airflow/example_dags/example_params_trigger_ui.py for tasks to queue
[2024-11-03T00:01:34.079+0000] {logging_mixin.py:190} INFO - [2024-11-03T00:01:34.079+0000] {dagbag.py:588} INFO - Filling up the DagBag from /home/airflow/.local/lib/python3.12/site-packages/airflow/example_dags/example_params_trigger_ui.py
[2024-11-03T00:01:34.088+0000] {processor.py:925} INFO - DAG(s) 'example_params_trigger_ui' retrieved from /home/airflow/.local/lib/python3.12/site-packages/airflow/example_dags/example_params_trigger_ui.py
[2024-11-03T00:01:34.125+0000] {logging_mixin.py:190} INFO - [2024-11-03T00:01:34.125+0000] {dag.py:3239} INFO - Sync 1 DAGs
[2024-11-03T00:01:34.137+0000] {logging_mixin.py:190} INFO - [2024-11-03T00:01:34.136+0000] {dag.py:4180} INFO - Setting next_dagrun for example_params_trigger_ui to None, run_after=None
[2024-11-03T00:01:34.152+0000] {processor.py:208} INFO - Processing /home/airflow/.local/lib/python3.12/site-packages/airflow/example_dags/example_params_trigger_ui.py took 0.080 seconds
[2024-11-03T00:47:58.940+0000] {processor.py:186} INFO - Started process (PID=60) to work on /home/airflow/.local/lib/python3.12/site-packages/airflow/example_dags/example_params_trigger_ui.py
[2024-11-03T00:47:58.941+0000] {processor.py:914} INFO - Processing file /home/airflow/.local/lib/python3.12/site-packages/airflow/example_dags/example_params_trigger_ui.py for tasks to queue
[2024-11-03T00:47:58.943+0000] {logging_mixin.py:190} INFO - [2024-11-03T00:47:58.943+0000] {dagbag.py:588} INFO - Filling up the DagBag from /home/airflow/.local/lib/python3.12/site-packages/airflow/example_dags/example_params_trigger_ui.py
[2024-11-03T00:47:58.960+0000] {processor.py:925} INFO - DAG(s) 'example_params_trigger_ui' retrieved from /home/airflow/.local/lib/python3.12/site-packages/airflow/example_dags/example_params_trigger_ui.py
[2024-11-03T00:47:59.358+0000] {logging_mixin.py:190} INFO - [2024-11-03T00:47:59.357+0000] {override.py:1900} INFO - Created Permission View: can delete on DAG:example_params_trigger_ui
[2024-11-03T00:47:59.370+0000] {logging_mixin.py:190} INFO - [2024-11-03T00:47:59.370+0000] {override.py:1900} INFO - Created Permission View: can edit on DAG:example_params_trigger_ui
[2024-11-03T00:47:59.392+0000] {logging_mixin.py:190} INFO - [2024-11-03T00:47:59.392+0000] {override.py:1900} INFO - Created Permission View: can read on DAG:example_params_trigger_ui
[2024-11-03T00:47:59.605+0000] {logging_mixin.py:190} INFO - [2024-11-03T00:47:59.605+0000] {override.py:1900} INFO - Created Permission View: can create on DAG Run:example_params_trigger_ui
[2024-11-03T00:47:59.652+0000] {logging_mixin.py:190} INFO - [2024-11-03T00:47:59.652+0000] {override.py:1900} INFO - Created Permission View: can delete on DAG Run:example_params_trigger_ui
[2024-11-03T00:47:59.707+0000] {logging_mixin.py:190} INFO - [2024-11-03T00:47:59.706+0000] {override.py:1900} INFO - Created Permission View: menu access on DAG Run:example_params_trigger_ui
[2024-11-03T00:47:59.749+0000] {logging_mixin.py:190} INFO - [2024-11-03T00:47:59.748+0000] {override.py:1900} INFO - Created Permission View: can read on DAG Run:example_params_trigger_ui
[2024-11-03T00:47:59.749+0000] {logging_mixin.py:190} INFO - [2024-11-03T00:47:59.749+0000] {dag.py:3239} INFO - Sync 1 DAGs
[2024-11-03T00:47:59.761+0000] {logging_mixin.py:190} INFO - [2024-11-03T00:47:59.760+0000] {dag.py:3262} INFO - Creating ORM DAG for example_params_trigger_ui
[2024-11-03T00:47:59.762+0000] {logging_mixin.py:190} INFO - [2024-11-03T00:47:59.761+0000] {dag.py:4180} INFO - Setting next_dagrun for example_params_trigger_ui to None, run_after=None
[2024-11-03T00:47:59.827+0000] {processor.py:208} INFO - Processing /home/airflow/.local/lib/python3.12/site-packages/airflow/example_dags/example_params_trigger_ui.py took 0.892 seconds
[2024-11-03T00:48:30.093+0000] {processor.py:186} INFO - Started process (PID=123) to work on /home/airflow/.local/lib/python3.12/site-packages/airflow/example_dags/example_params_trigger_ui.py
[2024-11-03T00:48:30.094+0000] {processor.py:914} INFO - Processing file /home/airflow/.local/lib/python3.12/site-packages/airflow/example_dags/example_params_trigger_ui.py for tasks to queue
[2024-11-03T00:48:30.096+0000] {logging_mixin.py:190} INFO - [2024-11-03T00:48:30.095+0000] {dagbag.py:588} INFO - Filling up the DagBag from /home/airflow/.local/lib/python3.12/site-packages/airflow/example_dags/example_params_trigger_ui.py
[2024-11-03T00:48:30.104+0000] {processor.py:925} INFO - DAG(s) 'example_params_trigger_ui' retrieved from /home/airflow/.local/lib/python3.12/site-packages/airflow/example_dags/example_params_trigger_ui.py
[2024-11-03T00:48:30.142+0000] {logging_mixin.py:190} INFO - [2024-11-03T00:48:30.141+0000] {dag.py:3239} INFO - Sync 1 DAGs
[2024-11-03T00:48:30.154+0000] {logging_mixin.py:190} INFO - [2024-11-03T00:48:30.154+0000] {dag.py:4180} INFO - Setting next_dagrun for example_params_trigger_ui to None, run_after=None
[2024-11-03T00:48:30.169+0000] {processor.py:208} INFO - Processing /home/airflow/.local/lib/python3.12/site-packages/airflow/example_dags/example_params_trigger_ui.py took 0.080 seconds
[2024-11-03T00:49:00.301+0000] {processor.py:186} INFO - Started process (PID=186) to work on /home/airflow/.local/lib/python3.12/site-packages/airflow/example_dags/example_params_trigger_ui.py
[2024-11-03T00:49:00.302+0000] {processor.py:914} INFO - Processing file /home/airflow/.local/lib/python3.12/site-packages/airflow/example_dags/example_params_trigger_ui.py for tasks to queue
[2024-11-03T00:49:00.304+0000] {logging_mixin.py:190} INFO - [2024-11-03T00:49:00.303+0000] {dagbag.py:588} INFO - Filling up the DagBag from /home/airflow/.local/lib/python3.12/site-packages/airflow/example_dags/example_params_trigger_ui.py
[2024-11-03T00:49:00.313+0000] {processor.py:925} INFO - DAG(s) 'example_params_trigger_ui' retrieved from /home/airflow/.local/lib/python3.12/site-packages/airflow/example_dags/example_params_trigger_ui.py
[2024-11-03T00:49:00.349+0000] {logging_mixin.py:190} INFO - [2024-11-03T00:49:00.348+0000] {dag.py:3239} INFO - Sync 1 DAGs
[2024-11-03T00:49:00.360+0000] {logging_mixin.py:190} INFO - [2024-11-03T00:49:00.360+0000] {dag.py:4180} INFO - Setting next_dagrun for example_params_trigger_ui to None, run_after=None
[2024-11-03T00:49:00.375+0000] {processor.py:208} INFO - Processing /home/airflow/.local/lib/python3.12/site-packages/airflow/example_dags/example_params_trigger_ui.py took 0.078 seconds
[2024-11-03T00:49:30.681+0000] {processor.py:186} INFO - Started process (PID=249) to work on /home/airflow/.local/lib/python3.12/site-packages/airflow/example_dags/example_params_trigger_ui.py
[2024-11-03T00:49:30.682+0000] {processor.py:914} INFO - Processing file /home/airflow/.local/lib/python3.12/site-packages/airflow/example_dags/example_params_trigger_ui.py for tasks to queue
[2024-11-03T00:49:30.684+0000] {logging_mixin.py:190} INFO - [2024-11-03T00:49:30.683+0000] {dagbag.py:588} INFO - Filling up the DagBag from /home/airflow/.local/lib/python3.12/site-packages/airflow/example_dags/example_params_trigger_ui.py
[2024-11-03T00:49:30.693+0000] {processor.py:925} INFO - DAG(s) 'example_params_trigger_ui' retrieved from /home/airflow/.local/lib/python3.12/site-packages/airflow/example_dags/example_params_trigger_ui.py
[2024-11-03T00:49:30.729+0000] {logging_mixin.py:190} INFO - [2024-11-03T00:49:30.729+0000] {dag.py:3239} INFO - Sync 1 DAGs
[2024-11-03T00:49:30.742+0000] {logging_mixin.py:190} INFO - [2024-11-03T00:49:30.741+0000] {dag.py:4180} INFO - Setting next_dagrun for example_params_trigger_ui to None, run_after=None
[2024-11-03T00:49:30.757+0000] {processor.py:208} INFO - Processing /home/airflow/.local/lib/python3.12/site-packages/airflow/example_dags/example_params_trigger_ui.py took 0.081 seconds
[2024-11-03T00:50:01.090+0000] {processor.py:186} INFO - Started process (PID=312) to work on /home/airflow/.local/lib/python3.12/site-packages/airflow/example_dags/example_params_trigger_ui.py
[2024-11-03T00:50:01.091+0000] {processor.py:914} INFO - Processing file /home/airflow/.local/lib/python3.12/site-packages/airflow/example_dags/example_params_trigger_ui.py for tasks to queue
[2024-11-03T00:50:01.094+0000] {logging_mixin.py:190} INFO - [2024-11-03T00:50:01.093+0000] {dagbag.py:588} INFO - Filling up the DagBag from /home/airflow/.local/lib/python3.12/site-packages/airflow/example_dags/example_params_trigger_ui.py
[2024-11-03T00:50:01.107+0000] {processor.py:925} INFO - DAG(s) 'example_params_trigger_ui' retrieved from /home/airflow/.local/lib/python3.12/site-packages/airflow/example_dags/example_params_trigger_ui.py
[2024-11-03T00:50:01.151+0000] {logging_mixin.py:190} INFO - [2024-11-03T00:50:01.151+0000] {dag.py:3239} INFO - Sync 1 DAGs
[2024-11-03T00:50:01.164+0000] {logging_mixin.py:190} INFO - [2024-11-03T00:50:01.164+0000] {dag.py:4180} INFO - Setting next_dagrun for example_params_trigger_ui to None, run_after=None
[2024-11-03T00:50:01.183+0000] {processor.py:208} INFO - Processing /home/airflow/.local/lib/python3.12/site-packages/airflow/example_dags/example_params_trigger_ui.py took 0.100 seconds
[2024-11-03T00:50:31.659+0000] {processor.py:186} INFO - Started process (PID=375) to work on /home/airflow/.local/lib/python3.12/site-packages/airflow/example_dags/example_params_trigger_ui.py
[2024-11-03T00:50:31.660+0000] {processor.py:914} INFO - Processing file /home/airflow/.local/lib/python3.12/site-packages/airflow/example_dags/example_params_trigger_ui.py for tasks to queue
[2024-11-03T00:50:31.662+0000] {logging_mixin.py:190} INFO - [2024-11-03T00:50:31.661+0000] {dagbag.py:588} INFO - Filling up the DagBag from /home/airflow/.local/lib/python3.12/site-packages/airflow/example_dags/example_params_trigger_ui.py
[2024-11-03T00:50:31.670+0000] {processor.py:925} INFO - DAG(s) 'example_params_trigger_ui' retrieved from /home/airflow/.local/lib/python3.12/site-packages/airflow/example_dags/example_params_trigger_ui.py
[2024-11-03T00:50:31.707+0000] {logging_mixin.py:190} INFO - [2024-11-03T00:50:31.707+0000] {dag.py:3239} INFO - Sync 1 DAGs
[2024-11-03T00:50:31.719+0000] {logging_mixin.py:190} INFO - [2024-11-03T00:50:31.719+0000] {dag.py:4180} INFO - Setting next_dagrun for example_params_trigger_ui to None, run_after=None
[2024-11-03T00:50:31.734+0000] {processor.py:208} INFO - Processing /home/airflow/.local/lib/python3.12/site-packages/airflow/example_dags/example_params_trigger_ui.py took 0.079 seconds
[2024-11-03T00:51:02.183+0000] {processor.py:186} INFO - Started process (PID=438) to work on /home/airflow/.local/lib/python3.12/site-packages/airflow/example_dags/example_params_trigger_ui.py
[2024-11-03T00:51:02.184+0000] {processor.py:914} INFO - Processing file /home/airflow/.local/lib/python3.12/site-packages/airflow/example_dags/example_params_trigger_ui.py for tasks to queue
[2024-11-03T00:51:02.186+0000] {logging_mixin.py:190} INFO - [2024-11-03T00:51:02.186+0000] {dagbag.py:588} INFO - Filling up the DagBag from /home/airflow/.local/lib/python3.12/site-packages/airflow/example_dags/example_params_trigger_ui.py
[2024-11-03T00:51:02.196+0000] {processor.py:925} INFO - DAG(s) 'example_params_trigger_ui' retrieved from /home/airflow/.local/lib/python3.12/site-packages/airflow/example_dags/example_params_trigger_ui.py
[2024-11-03T00:51:02.233+0000] {logging_mixin.py:190} INFO - [2024-11-03T00:51:02.233+0000] {dag.py:3239} INFO - Sync 1 DAGs
[2024-11-03T00:51:02.246+0000] {logging_mixin.py:190} INFO - [2024-11-03T00:51:02.246+0000] {dag.py:4180} INFO - Setting next_dagrun for example_params_trigger_ui to None, run_after=None
[2024-11-03T00:51:02.263+0000] {processor.py:208} INFO - Processing /home/airflow/.local/lib/python3.12/site-packages/airflow/example_dags/example_params_trigger_ui.py took 0.084 seconds
[2024-11-03T00:51:32.577+0000] {processor.py:186} INFO - Started process (PID=507) to work on /home/airflow/.local/lib/python3.12/site-packages/airflow/example_dags/example_params_trigger_ui.py
[2024-11-03T00:51:32.578+0000] {processor.py:914} INFO - Processing file /home/airflow/.local/lib/python3.12/site-packages/airflow/example_dags/example_params_trigger_ui.py for tasks to queue
[2024-11-03T00:51:32.581+0000] {logging_mixin.py:190} INFO - [2024-11-03T00:51:32.580+0000] {dagbag.py:588} INFO - Filling up the DagBag from /home/airflow/.local/lib/python3.12/site-packages/airflow/example_dags/example_params_trigger_ui.py
[2024-11-03T00:51:32.591+0000] {processor.py:925} INFO - DAG(s) 'example_params_trigger_ui' retrieved from /home/airflow/.local/lib/python3.12/site-packages/airflow/example_dags/example_params_trigger_ui.py
[2024-11-03T00:51:32.629+0000] {logging_mixin.py:190} INFO - [2024-11-03T00:51:32.628+0000] {dag.py:3239} INFO - Sync 1 DAGs
[2024-11-03T00:51:32.640+0000] {logging_mixin.py:190} INFO - [2024-11-03T00:51:32.640+0000] {dag.py:4180} INFO - Setting next_dagrun for example_params_trigger_ui to None, run_after=None
[2024-11-03T00:51:32.655+0000] {processor.py:208} INFO - Processing /home/airflow/.local/lib/python3.12/site-packages/airflow/example_dags/example_params_trigger_ui.py took 0.082 seconds
[2024-11-03T00:52:03.073+0000] {processor.py:186} INFO - Started process (PID=570) to work on /home/airflow/.local/lib/python3.12/site-packages/airflow/example_dags/example_params_trigger_ui.py
[2024-11-03T00:52:03.074+0000] {processor.py:914} INFO - Processing file /home/airflow/.local/lib/python3.12/site-packages/airflow/example_dags/example_params_trigger_ui.py for tasks to queue
[2024-11-03T00:52:03.076+0000] {logging_mixin.py:190} INFO - [2024-11-03T00:52:03.075+0000] {dagbag.py:588} INFO - Filling up the DagBag from /home/airflow/.local/lib/python3.12/site-packages/airflow/example_dags/example_params_trigger_ui.py
[2024-11-03T00:52:03.084+0000] {processor.py:925} INFO - DAG(s) 'example_params_trigger_ui' retrieved from /home/airflow/.local/lib/python3.12/site-packages/airflow/example_dags/example_params_trigger_ui.py
[2024-11-03T00:52:03.122+0000] {logging_mixin.py:190} INFO - [2024-11-03T00:52:03.121+0000] {dag.py:3239} INFO - Sync 1 DAGs
[2024-11-03T00:52:03.135+0000] {logging_mixin.py:190} INFO - [2024-11-03T00:52:03.134+0000] {dag.py:4180} INFO - Setting next_dagrun for example_params_trigger_ui to None, run_after=None
[2024-11-03T00:52:03.150+0000] {processor.py:208} INFO - Processing /home/airflow/.local/lib/python3.12/site-packages/airflow/example_dags/example_params_trigger_ui.py took 0.081 seconds
[2024-11-03T00:52:33.420+0000] {processor.py:186} INFO - Started process (PID=633) to work on /home/airflow/.local/lib/python3.12/site-packages/airflow/example_dags/example_params_trigger_ui.py
[2024-11-03T00:52:33.421+0000] {processor.py:914} INFO - Processing file /home/airflow/.local/lib/python3.12/site-packages/airflow/example_dags/example_params_trigger_ui.py for tasks to queue
[2024-11-03T00:52:33.423+0000] {logging_mixin.py:190} INFO - [2024-11-03T00:52:33.423+0000] {dagbag.py:588} INFO - Filling up the DagBag from /home/airflow/.local/lib/python3.12/site-packages/airflow/example_dags/example_params_trigger_ui.py
[2024-11-03T00:52:33.438+0000] {processor.py:925} INFO - DAG(s) 'example_params_trigger_ui' retrieved from /home/airflow/.local/lib/python3.12/site-packages/airflow/example_dags/example_params_trigger_ui.py
[2024-11-03T00:52:33.491+0000] {logging_mixin.py:190} INFO - [2024-11-03T00:52:33.491+0000] {dag.py:3239} INFO - Sync 1 DAGs
[2024-11-03T00:52:33.506+0000] {logging_mixin.py:190} INFO - [2024-11-03T00:52:33.505+0000] {dag.py:4180} INFO - Setting next_dagrun for example_params_trigger_ui to None, run_after=None
[2024-11-03T00:52:33.523+0000] {processor.py:208} INFO - Processing /home/airflow/.local/lib/python3.12/site-packages/airflow/example_dags/example_params_trigger_ui.py took 0.108 seconds
[2024-11-03T00:53:03.816+0000] {processor.py:186} INFO - Started process (PID=696) to work on /home/airflow/.local/lib/python3.12/site-packages/airflow/example_dags/example_params_trigger_ui.py
[2024-11-03T00:53:03.818+0000] {processor.py:914} INFO - Processing file /home/airflow/.local/lib/python3.12/site-packages/airflow/example_dags/example_params_trigger_ui.py for tasks to queue
[2024-11-03T00:53:03.820+0000] {logging_mixin.py:190} INFO - [2024-11-03T00:53:03.819+0000] {dagbag.py:588} INFO - Filling up the DagBag from /home/airflow/.local/lib/python3.12/site-packages/airflow/example_dags/example_params_trigger_ui.py
[2024-11-03T00:53:03.829+0000] {processor.py:925} INFO - DAG(s) 'example_params_trigger_ui' retrieved from /home/airflow/.local/lib/python3.12/site-packages/airflow/example_dags/example_params_trigger_ui.py
[2024-11-03T00:53:03.868+0000] {logging_mixin.py:190} INFO - [2024-11-03T00:53:03.868+0000] {dag.py:3239} INFO - Sync 1 DAGs
[2024-11-03T00:53:03.883+0000] {logging_mixin.py:190} INFO - [2024-11-03T00:53:03.882+0000] {dag.py:4180} INFO - Setting next_dagrun for example_params_trigger_ui to None, run_after=None
[2024-11-03T00:53:03.899+0000] {processor.py:208} INFO - Processing /home/airflow/.local/lib/python3.12/site-packages/airflow/example_dags/example_params_trigger_ui.py took 0.088 seconds
[2024-11-03T00:53:34.000+0000] {processor.py:186} INFO - Started process (PID=759) to work on /home/airflow/.local/lib/python3.12/site-packages/airflow/example_dags/example_params_trigger_ui.py
[2024-11-03T00:53:34.001+0000] {processor.py:914} INFO - Processing file /home/airflow/.local/lib/python3.12/site-packages/airflow/example_dags/example_params_trigger_ui.py for tasks to queue
[2024-11-03T00:53:34.003+0000] {logging_mixin.py:190} INFO - [2024-11-03T00:53:34.002+0000] {dagbag.py:588} INFO - Filling up the DagBag from /home/airflow/.local/lib/python3.12/site-packages/airflow/example_dags/example_params_trigger_ui.py
[2024-11-03T00:53:34.012+0000] {processor.py:925} INFO - DAG(s) 'example_params_trigger_ui' retrieved from /home/airflow/.local/lib/python3.12/site-packages/airflow/example_dags/example_params_trigger_ui.py
[2024-11-03T00:53:34.051+0000] {logging_mixin.py:190} INFO - [2024-11-03T00:53:34.051+0000] {dag.py:3239} INFO - Sync 1 DAGs
[2024-11-03T00:53:34.065+0000] {logging_mixin.py:190} INFO - [2024-11-03T00:53:34.065+0000] {dag.py:4180} INFO - Setting next_dagrun for example_params_trigger_ui to None, run_after=None
[2024-11-03T00:53:34.082+0000] {processor.py:208} INFO - Processing /home/airflow/.local/lib/python3.12/site-packages/airflow/example_dags/example_params_trigger_ui.py took 0.086 seconds
[2024-11-03T00:54:04.484+0000] {processor.py:186} INFO - Started process (PID=822) to work on /home/airflow/.local/lib/python3.12/site-packages/airflow/example_dags/example_params_trigger_ui.py
[2024-11-03T00:54:04.485+0000] {processor.py:914} INFO - Processing file /home/airflow/.local/lib/python3.12/site-packages/airflow/example_dags/example_params_trigger_ui.py for tasks to queue
[2024-11-03T00:54:04.487+0000] {logging_mixin.py:190} INFO - [2024-11-03T00:54:04.487+0000] {dagbag.py:588} INFO - Filling up the DagBag from /home/airflow/.local/lib/python3.12/site-packages/airflow/example_dags/example_params_trigger_ui.py
[2024-11-03T00:54:04.497+0000] {processor.py:925} INFO - DAG(s) 'example_params_trigger_ui' retrieved from /home/airflow/.local/lib/python3.12/site-packages/airflow/example_dags/example_params_trigger_ui.py
[2024-11-03T00:54:04.535+0000] {logging_mixin.py:190} INFO - [2024-11-03T00:54:04.534+0000] {dag.py:3239} INFO - Sync 1 DAGs
[2024-11-03T00:54:04.548+0000] {logging_mixin.py:190} INFO - [2024-11-03T00:54:04.547+0000] {dag.py:4180} INFO - Setting next_dagrun for example_params_trigger_ui to None, run_after=None
[2024-11-03T00:54:04.564+0000] {processor.py:208} INFO - Processing /home/airflow/.local/lib/python3.12/site-packages/airflow/example_dags/example_params_trigger_ui.py took 0.085 seconds
[2024-11-03T00:54:34.637+0000] {processor.py:186} INFO - Started process (PID=885) to work on /home/airflow/.local/lib/python3.12/site-packages/airflow/example_dags/example_params_trigger_ui.py
[2024-11-03T00:54:34.638+0000] {processor.py:914} INFO - Processing file /home/airflow/.local/lib/python3.12/site-packages/airflow/example_dags/example_params_trigger_ui.py for tasks to queue
[2024-11-03T00:54:34.639+0000] {logging_mixin.py:190} INFO - [2024-11-03T00:54:34.639+0000] {dagbag.py:588} INFO - Filling up the DagBag from /home/airflow/.local/lib/python3.12/site-packages/airflow/example_dags/example_params_trigger_ui.py
[2024-11-03T00:54:34.649+0000] {processor.py:925} INFO - DAG(s) 'example_params_trigger_ui' retrieved from /home/airflow/.local/lib/python3.12/site-packages/airflow/example_dags/example_params_trigger_ui.py
[2024-11-03T00:54:34.688+0000] {logging_mixin.py:190} INFO - [2024-11-03T00:54:34.688+0000] {dag.py:3239} INFO - Sync 1 DAGs
[2024-11-03T00:54:34.700+0000] {logging_mixin.py:190} INFO - [2024-11-03T00:54:34.700+0000] {dag.py:4180} INFO - Setting next_dagrun for example_params_trigger_ui to None, run_after=None
[2024-11-03T00:54:34.716+0000] {processor.py:208} INFO - Processing /home/airflow/.local/lib/python3.12/site-packages/airflow/example_dags/example_params_trigger_ui.py took 0.084 seconds
[2024-11-03T00:55:05.082+0000] {processor.py:186} INFO - Started process (PID=948) to work on /home/airflow/.local/lib/python3.12/site-packages/airflow/example_dags/example_params_trigger_ui.py
[2024-11-03T00:55:05.082+0000] {processor.py:914} INFO - Processing file /home/airflow/.local/lib/python3.12/site-packages/airflow/example_dags/example_params_trigger_ui.py for tasks to queue
[2024-11-03T00:55:05.085+0000] {logging_mixin.py:190} INFO - [2024-11-03T00:55:05.084+0000] {dagbag.py:588} INFO - Filling up the DagBag from /home/airflow/.local/lib/python3.12/site-packages/airflow/example_dags/example_params_trigger_ui.py
[2024-11-03T00:55:05.094+0000] {processor.py:925} INFO - DAG(s) 'example_params_trigger_ui' retrieved from /home/airflow/.local/lib/python3.12/site-packages/airflow/example_dags/example_params_trigger_ui.py
[2024-11-03T00:55:05.132+0000] {logging_mixin.py:190} INFO - [2024-11-03T00:55:05.132+0000] {dag.py:3239} INFO - Sync 1 DAGs
[2024-11-03T00:55:05.145+0000] {logging_mixin.py:190} INFO - [2024-11-03T00:55:05.145+0000] {dag.py:4180} INFO - Setting next_dagrun for example_params_trigger_ui to None, run_after=None
[2024-11-03T00:55:05.161+0000] {processor.py:208} INFO - Processing /home/airflow/.local/lib/python3.12/site-packages/airflow/example_dags/example_params_trigger_ui.py took 0.084 seconds
[2024-11-03T00:55:35.420+0000] {processor.py:186} INFO - Started process (PID=1011) to work on /home/airflow/.local/lib/python3.12/site-packages/airflow/example_dags/example_params_trigger_ui.py
[2024-11-03T00:55:35.421+0000] {processor.py:914} INFO - Processing file /home/airflow/.local/lib/python3.12/site-packages/airflow/example_dags/example_params_trigger_ui.py for tasks to queue
[2024-11-03T00:55:35.423+0000] {logging_mixin.py:190} INFO - [2024-11-03T00:55:35.423+0000] {dagbag.py:588} INFO - Filling up the DagBag from /home/airflow/.local/lib/python3.12/site-packages/airflow/example_dags/example_params_trigger_ui.py
[2024-11-03T00:55:35.432+0000] {processor.py:925} INFO - DAG(s) 'example_params_trigger_ui' retrieved from /home/airflow/.local/lib/python3.12/site-packages/airflow/example_dags/example_params_trigger_ui.py
[2024-11-03T00:55:35.470+0000] {logging_mixin.py:190} INFO - [2024-11-03T00:55:35.470+0000] {dag.py:3239} INFO - Sync 1 DAGs
[2024-11-03T00:55:35.483+0000] {logging_mixin.py:190} INFO - [2024-11-03T00:55:35.483+0000] {dag.py:4180} INFO - Setting next_dagrun for example_params_trigger_ui to None, run_after=None
[2024-11-03T00:55:35.503+0000] {processor.py:208} INFO - Processing /home/airflow/.local/lib/python3.12/site-packages/airflow/example_dags/example_params_trigger_ui.py took 0.087 seconds
[2024-11-03T00:56:06.069+0000] {processor.py:186} INFO - Started process (PID=1074) to work on /home/airflow/.local/lib/python3.12/site-packages/airflow/example_dags/example_params_trigger_ui.py
[2024-11-03T00:56:06.069+0000] {processor.py:914} INFO - Processing file /home/airflow/.local/lib/python3.12/site-packages/airflow/example_dags/example_params_trigger_ui.py for tasks to queue
[2024-11-03T00:56:06.071+0000] {logging_mixin.py:190} INFO - [2024-11-03T00:56:06.071+0000] {dagbag.py:588} INFO - Filling up the DagBag from /home/airflow/.local/lib/python3.12/site-packages/airflow/example_dags/example_params_trigger_ui.py
[2024-11-03T00:56:06.082+0000] {processor.py:925} INFO - DAG(s) 'example_params_trigger_ui' retrieved from /home/airflow/.local/lib/python3.12/site-packages/airflow/example_dags/example_params_trigger_ui.py
[2024-11-03T00:56:06.122+0000] {logging_mixin.py:190} INFO - [2024-11-03T00:56:06.121+0000] {dag.py:3239} INFO - Sync 1 DAGs
[2024-11-03T00:56:06.137+0000] {logging_mixin.py:190} INFO - [2024-11-03T00:56:06.136+0000] {dag.py:4180} INFO - Setting next_dagrun for example_params_trigger_ui to None, run_after=None
[2024-11-03T00:56:06.155+0000] {processor.py:208} INFO - Processing /home/airflow/.local/lib/python3.12/site-packages/airflow/example_dags/example_params_trigger_ui.py took 0.091 seconds
[2024-11-03T00:56:36.514+0000] {processor.py:186} INFO - Started process (PID=1137) to work on /home/airflow/.local/lib/python3.12/site-packages/airflow/example_dags/example_params_trigger_ui.py
[2024-11-03T00:56:36.515+0000] {processor.py:914} INFO - Processing file /home/airflow/.local/lib/python3.12/site-packages/airflow/example_dags/example_params_trigger_ui.py for tasks to queue
[2024-11-03T00:56:36.517+0000] {logging_mixin.py:190} INFO - [2024-11-03T00:56:36.517+0000] {dagbag.py:588} INFO - Filling up the DagBag from /home/airflow/.local/lib/python3.12/site-packages/airflow/example_dags/example_params_trigger_ui.py
[2024-11-03T00:56:36.527+0000] {processor.py:925} INFO - DAG(s) 'example_params_trigger_ui' retrieved from /home/airflow/.local/lib/python3.12/site-packages/airflow/example_dags/example_params_trigger_ui.py
[2024-11-03T00:56:36.569+0000] {logging_mixin.py:190} INFO - [2024-11-03T00:56:36.569+0000] {dag.py:3239} INFO - Sync 1 DAGs
[2024-11-03T00:56:36.581+0000] {logging_mixin.py:190} INFO - [2024-11-03T00:56:36.580+0000] {dag.py:4180} INFO - Setting next_dagrun for example_params_trigger_ui to None, run_after=None
[2024-11-03T00:56:36.597+0000] {processor.py:208} INFO - Processing /home/airflow/.local/lib/python3.12/site-packages/airflow/example_dags/example_params_trigger_ui.py took 0.088 seconds
[2024-11-03T00:57:06.699+0000] {processor.py:186} INFO - Started process (PID=1200) to work on /home/airflow/.local/lib/python3.12/site-packages/airflow/example_dags/example_params_trigger_ui.py
[2024-11-03T00:57:06.700+0000] {processor.py:914} INFO - Processing file /home/airflow/.local/lib/python3.12/site-packages/airflow/example_dags/example_params_trigger_ui.py for tasks to queue
[2024-11-03T00:57:06.702+0000] {logging_mixin.py:190} INFO - [2024-11-03T00:57:06.702+0000] {dagbag.py:588} INFO - Filling up the DagBag from /home/airflow/.local/lib/python3.12/site-packages/airflow/example_dags/example_params_trigger_ui.py
[2024-11-03T00:57:06.711+0000] {processor.py:925} INFO - DAG(s) 'example_params_trigger_ui' retrieved from /home/airflow/.local/lib/python3.12/site-packages/airflow/example_dags/example_params_trigger_ui.py
[2024-11-03T00:57:06.749+0000] {logging_mixin.py:190} INFO - [2024-11-03T00:57:06.748+0000] {dag.py:3239} INFO - Sync 1 DAGs
[2024-11-03T00:57:06.760+0000] {logging_mixin.py:190} INFO - [2024-11-03T00:57:06.760+0000] {dag.py:4180} INFO - Setting next_dagrun for example_params_trigger_ui to None, run_after=None
[2024-11-03T00:57:06.777+0000] {processor.py:208} INFO - Processing /home/airflow/.local/lib/python3.12/site-packages/airflow/example_dags/example_params_trigger_ui.py took 0.082 seconds
[2024-11-03T00:57:37.180+0000] {processor.py:186} INFO - Started process (PID=1263) to work on /home/airflow/.local/lib/python3.12/site-packages/airflow/example_dags/example_params_trigger_ui.py
[2024-11-03T00:57:37.181+0000] {processor.py:914} INFO - Processing file /home/airflow/.local/lib/python3.12/site-packages/airflow/example_dags/example_params_trigger_ui.py for tasks to queue
[2024-11-03T00:57:37.183+0000] {logging_mixin.py:190} INFO - [2024-11-03T00:57:37.183+0000] {dagbag.py:588} INFO - Filling up the DagBag from /home/airflow/.local/lib/python3.12/site-packages/airflow/example_dags/example_params_trigger_ui.py
[2024-11-03T00:57:37.191+0000] {processor.py:925} INFO - DAG(s) 'example_params_trigger_ui' retrieved from /home/airflow/.local/lib/python3.12/site-packages/airflow/example_dags/example_params_trigger_ui.py
[2024-11-03T00:57:37.228+0000] {logging_mixin.py:190} INFO - [2024-11-03T00:57:37.228+0000] {dag.py:3239} INFO - Sync 1 DAGs
[2024-11-03T00:57:37.239+0000] {logging_mixin.py:190} INFO - [2024-11-03T00:57:37.239+0000] {dag.py:4180} INFO - Setting next_dagrun for example_params_trigger_ui to None, run_after=None
[2024-11-03T00:57:37.254+0000] {processor.py:208} INFO - Processing /home/airflow/.local/lib/python3.12/site-packages/airflow/example_dags/example_params_trigger_ui.py took 0.078 seconds
[2024-11-03T00:58:07.338+0000] {processor.py:186} INFO - Started process (PID=1326) to work on /home/airflow/.local/lib/python3.12/site-packages/airflow/example_dags/example_params_trigger_ui.py
[2024-11-03T00:58:07.339+0000] {processor.py:914} INFO - Processing file /home/airflow/.local/lib/python3.12/site-packages/airflow/example_dags/example_params_trigger_ui.py for tasks to queue
[2024-11-03T00:58:07.341+0000] {logging_mixin.py:190} INFO - [2024-11-03T00:58:07.341+0000] {dagbag.py:588} INFO - Filling up the DagBag from /home/airflow/.local/lib/python3.12/site-packages/airflow/example_dags/example_params_trigger_ui.py
[2024-11-03T00:58:07.350+0000] {processor.py:925} INFO - DAG(s) 'example_params_trigger_ui' retrieved from /home/airflow/.local/lib/python3.12/site-packages/airflow/example_dags/example_params_trigger_ui.py
[2024-11-03T00:58:07.389+0000] {logging_mixin.py:190} INFO - [2024-11-03T00:58:07.389+0000] {dag.py:3239} INFO - Sync 1 DAGs
[2024-11-03T00:58:07.402+0000] {logging_mixin.py:190} INFO - [2024-11-03T00:58:07.401+0000] {dag.py:4180} INFO - Setting next_dagrun for example_params_trigger_ui to None, run_after=None
[2024-11-03T00:58:07.417+0000] {processor.py:208} INFO - Processing /home/airflow/.local/lib/python3.12/site-packages/airflow/example_dags/example_params_trigger_ui.py took 0.084 seconds
[2024-11-03T00:58:37.733+0000] {processor.py:186} INFO - Started process (PID=1389) to work on /home/airflow/.local/lib/python3.12/site-packages/airflow/example_dags/example_params_trigger_ui.py
[2024-11-03T00:58:37.734+0000] {processor.py:914} INFO - Processing file /home/airflow/.local/lib/python3.12/site-packages/airflow/example_dags/example_params_trigger_ui.py for tasks to queue
[2024-11-03T00:58:37.736+0000] {logging_mixin.py:190} INFO - [2024-11-03T00:58:37.736+0000] {dagbag.py:588} INFO - Filling up the DagBag from /home/airflow/.local/lib/python3.12/site-packages/airflow/example_dags/example_params_trigger_ui.py
[2024-11-03T00:58:37.744+0000] {processor.py:925} INFO - DAG(s) 'example_params_trigger_ui' retrieved from /home/airflow/.local/lib/python3.12/site-packages/airflow/example_dags/example_params_trigger_ui.py
[2024-11-03T00:58:37.781+0000] {logging_mixin.py:190} INFO - [2024-11-03T00:58:37.781+0000] {dag.py:3239} INFO - Sync 1 DAGs
[2024-11-03T00:58:37.793+0000] {logging_mixin.py:190} INFO - [2024-11-03T00:58:37.793+0000] {dag.py:4180} INFO - Setting next_dagrun for example_params_trigger_ui to None, run_after=None
[2024-11-03T00:58:37.808+0000] {processor.py:208} INFO - Processing /home/airflow/.local/lib/python3.12/site-packages/airflow/example_dags/example_params_trigger_ui.py took 0.079 seconds
[2024-11-03T00:59:07.972+0000] {processor.py:186} INFO - Started process (PID=1452) to work on /home/airflow/.local/lib/python3.12/site-packages/airflow/example_dags/example_params_trigger_ui.py
[2024-11-03T00:59:07.973+0000] {processor.py:914} INFO - Processing file /home/airflow/.local/lib/python3.12/site-packages/airflow/example_dags/example_params_trigger_ui.py for tasks to queue
[2024-11-03T00:59:07.974+0000] {logging_mixin.py:190} INFO - [2024-11-03T00:59:07.974+0000] {dagbag.py:588} INFO - Filling up the DagBag from /home/airflow/.local/lib/python3.12/site-packages/airflow/example_dags/example_params_trigger_ui.py
[2024-11-03T00:59:07.983+0000] {processor.py:925} INFO - DAG(s) 'example_params_trigger_ui' retrieved from /home/airflow/.local/lib/python3.12/site-packages/airflow/example_dags/example_params_trigger_ui.py
[2024-11-03T00:59:08.020+0000] {logging_mixin.py:190} INFO - [2024-11-03T00:59:08.020+0000] {dag.py:3239} INFO - Sync 1 DAGs
[2024-11-03T00:59:08.033+0000] {logging_mixin.py:190} INFO - [2024-11-03T00:59:08.032+0000] {dag.py:4180} INFO - Setting next_dagrun for example_params_trigger_ui to None, run_after=None
[2024-11-03T00:59:08.048+0000] {processor.py:208} INFO - Processing /home/airflow/.local/lib/python3.12/site-packages/airflow/example_dags/example_params_trigger_ui.py took 0.081 seconds
[2024-11-03T00:59:38.507+0000] {processor.py:186} INFO - Started process (PID=1515) to work on /home/airflow/.local/lib/python3.12/site-packages/airflow/example_dags/example_params_trigger_ui.py
[2024-11-03T00:59:38.508+0000] {processor.py:914} INFO - Processing file /home/airflow/.local/lib/python3.12/site-packages/airflow/example_dags/example_params_trigger_ui.py for tasks to queue
[2024-11-03T00:59:38.510+0000] {logging_mixin.py:190} INFO - [2024-11-03T00:59:38.510+0000] {dagbag.py:588} INFO - Filling up the DagBag from /home/airflow/.local/lib/python3.12/site-packages/airflow/example_dags/example_params_trigger_ui.py
[2024-11-03T00:59:38.519+0000] {processor.py:925} INFO - DAG(s) 'example_params_trigger_ui' retrieved from /home/airflow/.local/lib/python3.12/site-packages/airflow/example_dags/example_params_trigger_ui.py
[2024-11-03T00:59:38.556+0000] {logging_mixin.py:190} INFO - [2024-11-03T00:59:38.556+0000] {dag.py:3239} INFO - Sync 1 DAGs
[2024-11-03T00:59:38.569+0000] {logging_mixin.py:190} INFO - [2024-11-03T00:59:38.569+0000] {dag.py:4180} INFO - Setting next_dagrun for example_params_trigger_ui to None, run_after=None
[2024-11-03T00:59:38.584+0000] {processor.py:208} INFO - Processing /home/airflow/.local/lib/python3.12/site-packages/airflow/example_dags/example_params_trigger_ui.py took 0.081 seconds
[2024-11-03T01:00:08.698+0000] {processor.py:186} INFO - Started process (PID=1578) to work on /home/airflow/.local/lib/python3.12/site-packages/airflow/example_dags/example_params_trigger_ui.py
[2024-11-03T01:00:08.699+0000] {processor.py:914} INFO - Processing file /home/airflow/.local/lib/python3.12/site-packages/airflow/example_dags/example_params_trigger_ui.py for tasks to queue
[2024-11-03T01:00:08.701+0000] {logging_mixin.py:190} INFO - [2024-11-03T01:00:08.701+0000] {dagbag.py:588} INFO - Filling up the DagBag from /home/airflow/.local/lib/python3.12/site-packages/airflow/example_dags/example_params_trigger_ui.py
[2024-11-03T01:00:08.710+0000] {processor.py:925} INFO - DAG(s) 'example_params_trigger_ui' retrieved from /home/airflow/.local/lib/python3.12/site-packages/airflow/example_dags/example_params_trigger_ui.py
[2024-11-03T01:00:08.747+0000] {logging_mixin.py:190} INFO - [2024-11-03T01:00:08.747+0000] {dag.py:3239} INFO - Sync 1 DAGs
[2024-11-03T01:00:08.761+0000] {logging_mixin.py:190} INFO - [2024-11-03T01:00:08.761+0000] {dag.py:4180} INFO - Setting next_dagrun for example_params_trigger_ui to None, run_after=None
[2024-11-03T01:00:08.777+0000] {processor.py:208} INFO - Processing /home/airflow/.local/lib/python3.12/site-packages/airflow/example_dags/example_params_trigger_ui.py took 0.083 seconds
[2024-11-03T01:00:39.369+0000] {processor.py:186} INFO - Started process (PID=1641) to work on /home/airflow/.local/lib/python3.12/site-packages/airflow/example_dags/example_params_trigger_ui.py
[2024-11-03T01:00:39.370+0000] {processor.py:914} INFO - Processing file /home/airflow/.local/lib/python3.12/site-packages/airflow/example_dags/example_params_trigger_ui.py for tasks to queue
[2024-11-03T01:00:39.372+0000] {logging_mixin.py:190} INFO - [2024-11-03T01:00:39.372+0000] {dagbag.py:588} INFO - Filling up the DagBag from /home/airflow/.local/lib/python3.12/site-packages/airflow/example_dags/example_params_trigger_ui.py
[2024-11-03T01:00:39.381+0000] {processor.py:925} INFO - DAG(s) 'example_params_trigger_ui' retrieved from /home/airflow/.local/lib/python3.12/site-packages/airflow/example_dags/example_params_trigger_ui.py
[2024-11-03T01:00:39.420+0000] {logging_mixin.py:190} INFO - [2024-11-03T01:00:39.420+0000] {dag.py:3239} INFO - Sync 1 DAGs
[2024-11-03T01:00:39.433+0000] {logging_mixin.py:190} INFO - [2024-11-03T01:00:39.433+0000] {dag.py:4180} INFO - Setting next_dagrun for example_params_trigger_ui to None, run_after=None
[2024-11-03T01:00:39.453+0000] {processor.py:208} INFO - Processing /home/airflow/.local/lib/python3.12/site-packages/airflow/example_dags/example_params_trigger_ui.py took 0.088 seconds
[2024-11-03T01:01:09.854+0000] {processor.py:186} INFO - Started process (PID=1704) to work on /home/airflow/.local/lib/python3.12/site-packages/airflow/example_dags/example_params_trigger_ui.py
[2024-11-03T01:01:09.855+0000] {processor.py:914} INFO - Processing file /home/airflow/.local/lib/python3.12/site-packages/airflow/example_dags/example_params_trigger_ui.py for tasks to queue
[2024-11-03T01:01:09.857+0000] {logging_mixin.py:190} INFO - [2024-11-03T01:01:09.856+0000] {dagbag.py:588} INFO - Filling up the DagBag from /home/airflow/.local/lib/python3.12/site-packages/airflow/example_dags/example_params_trigger_ui.py
[2024-11-03T01:01:09.866+0000] {processor.py:925} INFO - DAG(s) 'example_params_trigger_ui' retrieved from /home/airflow/.local/lib/python3.12/site-packages/airflow/example_dags/example_params_trigger_ui.py
[2024-11-03T01:01:09.901+0000] {logging_mixin.py:190} INFO - [2024-11-03T01:01:09.901+0000] {dag.py:3239} INFO - Sync 1 DAGs
[2024-11-03T01:01:09.912+0000] {logging_mixin.py:190} INFO - [2024-11-03T01:01:09.912+0000] {dag.py:4180} INFO - Setting next_dagrun for example_params_trigger_ui to None, run_after=None
[2024-11-03T01:01:09.927+0000] {processor.py:208} INFO - Processing /home/airflow/.local/lib/python3.12/site-packages/airflow/example_dags/example_params_trigger_ui.py took 0.078 seconds
[2024-11-03T01:01:40.372+0000] {processor.py:186} INFO - Started process (PID=1767) to work on /home/airflow/.local/lib/python3.12/site-packages/airflow/example_dags/example_params_trigger_ui.py
[2024-11-03T01:01:40.373+0000] {processor.py:914} INFO - Processing file /home/airflow/.local/lib/python3.12/site-packages/airflow/example_dags/example_params_trigger_ui.py for tasks to queue
[2024-11-03T01:01:40.375+0000] {logging_mixin.py:190} INFO - [2024-11-03T01:01:40.375+0000] {dagbag.py:588} INFO - Filling up the DagBag from /home/airflow/.local/lib/python3.12/site-packages/airflow/example_dags/example_params_trigger_ui.py
[2024-11-03T01:01:40.384+0000] {processor.py:925} INFO - DAG(s) 'example_params_trigger_ui' retrieved from /home/airflow/.local/lib/python3.12/site-packages/airflow/example_dags/example_params_trigger_ui.py
[2024-11-03T01:01:40.420+0000] {logging_mixin.py:190} INFO - [2024-11-03T01:01:40.420+0000] {dag.py:3239} INFO - Sync 1 DAGs
[2024-11-03T01:01:40.432+0000] {logging_mixin.py:190} INFO - [2024-11-03T01:01:40.431+0000] {dag.py:4180} INFO - Setting next_dagrun for example_params_trigger_ui to None, run_after=None
[2024-11-03T01:01:40.448+0000] {processor.py:208} INFO - Processing /home/airflow/.local/lib/python3.12/site-packages/airflow/example_dags/example_params_trigger_ui.py took 0.080 seconds
[2024-11-03T01:02:10.802+0000] {processor.py:186} INFO - Started process (PID=1830) to work on /home/airflow/.local/lib/python3.12/site-packages/airflow/example_dags/example_params_trigger_ui.py
[2024-11-03T01:02:10.803+0000] {processor.py:914} INFO - Processing file /home/airflow/.local/lib/python3.12/site-packages/airflow/example_dags/example_params_trigger_ui.py for tasks to queue
[2024-11-03T01:02:10.805+0000] {logging_mixin.py:190} INFO - [2024-11-03T01:02:10.805+0000] {dagbag.py:588} INFO - Filling up the DagBag from /home/airflow/.local/lib/python3.12/site-packages/airflow/example_dags/example_params_trigger_ui.py
[2024-11-03T01:02:10.813+0000] {processor.py:925} INFO - DAG(s) 'example_params_trigger_ui' retrieved from /home/airflow/.local/lib/python3.12/site-packages/airflow/example_dags/example_params_trigger_ui.py
[2024-11-03T01:02:10.849+0000] {logging_mixin.py:190} INFO - [2024-11-03T01:02:10.849+0000] {dag.py:3239} INFO - Sync 1 DAGs
[2024-11-03T01:02:10.861+0000] {logging_mixin.py:190} INFO - [2024-11-03T01:02:10.861+0000] {dag.py:4180} INFO - Setting next_dagrun for example_params_trigger_ui to None, run_after=None
[2024-11-03T01:02:10.878+0000] {processor.py:208} INFO - Processing /home/airflow/.local/lib/python3.12/site-packages/airflow/example_dags/example_params_trigger_ui.py took 0.080 seconds
[2024-11-03T01:02:41.001+0000] {processor.py:186} INFO - Started process (PID=1893) to work on /home/airflow/.local/lib/python3.12/site-packages/airflow/example_dags/example_params_trigger_ui.py
[2024-11-03T01:02:41.001+0000] {processor.py:914} INFO - Processing file /home/airflow/.local/lib/python3.12/site-packages/airflow/example_dags/example_params_trigger_ui.py for tasks to queue
[2024-11-03T01:02:41.003+0000] {logging_mixin.py:190} INFO - [2024-11-03T01:02:41.003+0000] {dagbag.py:588} INFO - Filling up the DagBag from /home/airflow/.local/lib/python3.12/site-packages/airflow/example_dags/example_params_trigger_ui.py
[2024-11-03T01:02:41.013+0000] {processor.py:925} INFO - DAG(s) 'example_params_trigger_ui' retrieved from /home/airflow/.local/lib/python3.12/site-packages/airflow/example_dags/example_params_trigger_ui.py
[2024-11-03T01:02:41.050+0000] {logging_mixin.py:190} INFO - [2024-11-03T01:02:41.049+0000] {dag.py:3239} INFO - Sync 1 DAGs
[2024-11-03T01:02:41.061+0000] {logging_mixin.py:190} INFO - [2024-11-03T01:02:41.061+0000] {dag.py:4180} INFO - Setting next_dagrun for example_params_trigger_ui to None, run_after=None
[2024-11-03T01:02:41.077+0000] {processor.py:208} INFO - Processing /home/airflow/.local/lib/python3.12/site-packages/airflow/example_dags/example_params_trigger_ui.py took 0.081 seconds
[2024-11-03T01:03:11.398+0000] {processor.py:186} INFO - Started process (PID=1956) to work on /home/airflow/.local/lib/python3.12/site-packages/airflow/example_dags/example_params_trigger_ui.py
[2024-11-03T01:03:11.399+0000] {processor.py:914} INFO - Processing file /home/airflow/.local/lib/python3.12/site-packages/airflow/example_dags/example_params_trigger_ui.py for tasks to queue
[2024-11-03T01:03:11.402+0000] {logging_mixin.py:190} INFO - [2024-11-03T01:03:11.401+0000] {dagbag.py:588} INFO - Filling up the DagBag from /home/airflow/.local/lib/python3.12/site-packages/airflow/example_dags/example_params_trigger_ui.py
[2024-11-03T01:03:11.415+0000] {processor.py:925} INFO - DAG(s) 'example_params_trigger_ui' retrieved from /home/airflow/.local/lib/python3.12/site-packages/airflow/example_dags/example_params_trigger_ui.py
[2024-11-03T01:03:11.482+0000] {logging_mixin.py:190} INFO - [2024-11-03T01:03:11.482+0000] {dag.py:3239} INFO - Sync 1 DAGs
[2024-11-03T01:03:11.507+0000] {logging_mixin.py:190} INFO - [2024-11-03T01:03:11.507+0000] {dag.py:4180} INFO - Setting next_dagrun for example_params_trigger_ui to None, run_after=None
[2024-11-03T01:03:11.533+0000] {processor.py:208} INFO - Processing /home/airflow/.local/lib/python3.12/site-packages/airflow/example_dags/example_params_trigger_ui.py took 0.140 seconds
[2024-11-03T01:03:41.980+0000] {processor.py:186} INFO - Started process (PID=2019) to work on /home/airflow/.local/lib/python3.12/site-packages/airflow/example_dags/example_params_trigger_ui.py
[2024-11-03T01:03:41.981+0000] {processor.py:914} INFO - Processing file /home/airflow/.local/lib/python3.12/site-packages/airflow/example_dags/example_params_trigger_ui.py for tasks to queue
[2024-11-03T01:03:41.984+0000] {logging_mixin.py:190} INFO - [2024-11-03T01:03:41.983+0000] {dagbag.py:588} INFO - Filling up the DagBag from /home/airflow/.local/lib/python3.12/site-packages/airflow/example_dags/example_params_trigger_ui.py
[2024-11-03T01:03:41.994+0000] {processor.py:925} INFO - DAG(s) 'example_params_trigger_ui' retrieved from /home/airflow/.local/lib/python3.12/site-packages/airflow/example_dags/example_params_trigger_ui.py
[2024-11-03T01:03:42.035+0000] {logging_mixin.py:190} INFO - [2024-11-03T01:03:42.035+0000] {dag.py:3239} INFO - Sync 1 DAGs
[2024-11-03T01:03:42.047+0000] {logging_mixin.py:190} INFO - [2024-11-03T01:03:42.047+0000] {dag.py:4180} INFO - Setting next_dagrun for example_params_trigger_ui to None, run_after=None
[2024-11-03T01:03:42.065+0000] {processor.py:208} INFO - Processing /home/airflow/.local/lib/python3.12/site-packages/airflow/example_dags/example_params_trigger_ui.py took 0.089 seconds
[2024-11-03T01:04:12.965+0000] {processor.py:186} INFO - Started process (PID=2082) to work on /home/airflow/.local/lib/python3.12/site-packages/airflow/example_dags/example_params_trigger_ui.py
[2024-11-03T01:04:12.967+0000] {processor.py:914} INFO - Processing file /home/airflow/.local/lib/python3.12/site-packages/airflow/example_dags/example_params_trigger_ui.py for tasks to queue
[2024-11-03T01:04:12.970+0000] {logging_mixin.py:190} INFO - [2024-11-03T01:04:12.969+0000] {dagbag.py:588} INFO - Filling up the DagBag from /home/airflow/.local/lib/python3.12/site-packages/airflow/example_dags/example_params_trigger_ui.py
[2024-11-03T01:04:12.988+0000] {processor.py:925} INFO - DAG(s) 'example_params_trigger_ui' retrieved from /home/airflow/.local/lib/python3.12/site-packages/airflow/example_dags/example_params_trigger_ui.py
[2024-11-03T01:04:13.030+0000] {logging_mixin.py:190} INFO - [2024-11-03T01:04:13.029+0000] {dag.py:3239} INFO - Sync 1 DAGs
[2024-11-03T01:04:13.042+0000] {logging_mixin.py:190} INFO - [2024-11-03T01:04:13.042+0000] {dag.py:4180} INFO - Setting next_dagrun for example_params_trigger_ui to None, run_after=None
[2024-11-03T01:04:13.060+0000] {processor.py:208} INFO - Processing /home/airflow/.local/lib/python3.12/site-packages/airflow/example_dags/example_params_trigger_ui.py took 0.103 seconds
[2024-11-03T01:04:43.654+0000] {processor.py:186} INFO - Started process (PID=2145) to work on /home/airflow/.local/lib/python3.12/site-packages/airflow/example_dags/example_params_trigger_ui.py
[2024-11-03T01:04:43.655+0000] {processor.py:914} INFO - Processing file /home/airflow/.local/lib/python3.12/site-packages/airflow/example_dags/example_params_trigger_ui.py for tasks to queue
[2024-11-03T01:04:43.657+0000] {logging_mixin.py:190} INFO - [2024-11-03T01:04:43.657+0000] {dagbag.py:588} INFO - Filling up the DagBag from /home/airflow/.local/lib/python3.12/site-packages/airflow/example_dags/example_params_trigger_ui.py
[2024-11-03T01:04:43.666+0000] {processor.py:925} INFO - DAG(s) 'example_params_trigger_ui' retrieved from /home/airflow/.local/lib/python3.12/site-packages/airflow/example_dags/example_params_trigger_ui.py
[2024-11-03T01:04:43.705+0000] {logging_mixin.py:190} INFO - [2024-11-03T01:04:43.704+0000] {dag.py:3239} INFO - Sync 1 DAGs
[2024-11-03T01:04:43.718+0000] {logging_mixin.py:190} INFO - [2024-11-03T01:04:43.718+0000] {dag.py:4180} INFO - Setting next_dagrun for example_params_trigger_ui to None, run_after=None
[2024-11-03T01:04:43.735+0000] {processor.py:208} INFO - Processing /home/airflow/.local/lib/python3.12/site-packages/airflow/example_dags/example_params_trigger_ui.py took 0.085 seconds
[2024-11-03T01:05:14.157+0000] {processor.py:186} INFO - Started process (PID=2208) to work on /home/airflow/.local/lib/python3.12/site-packages/airflow/example_dags/example_params_trigger_ui.py
[2024-11-03T01:05:14.159+0000] {processor.py:914} INFO - Processing file /home/airflow/.local/lib/python3.12/site-packages/airflow/example_dags/example_params_trigger_ui.py for tasks to queue
[2024-11-03T01:05:14.160+0000] {logging_mixin.py:190} INFO - [2024-11-03T01:05:14.160+0000] {dagbag.py:588} INFO - Filling up the DagBag from /home/airflow/.local/lib/python3.12/site-packages/airflow/example_dags/example_params_trigger_ui.py
[2024-11-03T01:05:14.170+0000] {processor.py:925} INFO - DAG(s) 'example_params_trigger_ui' retrieved from /home/airflow/.local/lib/python3.12/site-packages/airflow/example_dags/example_params_trigger_ui.py
[2024-11-03T01:05:14.209+0000] {logging_mixin.py:190} INFO - [2024-11-03T01:05:14.209+0000] {dag.py:3239} INFO - Sync 1 DAGs
[2024-11-03T01:05:14.222+0000] {logging_mixin.py:190} INFO - [2024-11-03T01:05:14.221+0000] {dag.py:4180} INFO - Setting next_dagrun for example_params_trigger_ui to None, run_after=None
[2024-11-03T01:05:14.239+0000] {processor.py:208} INFO - Processing /home/airflow/.local/lib/python3.12/site-packages/airflow/example_dags/example_params_trigger_ui.py took 0.087 seconds
[2024-11-03T01:05:44.779+0000] {processor.py:186} INFO - Started process (PID=2271) to work on /home/airflow/.local/lib/python3.12/site-packages/airflow/example_dags/example_params_trigger_ui.py
[2024-11-03T01:05:44.779+0000] {processor.py:914} INFO - Processing file /home/airflow/.local/lib/python3.12/site-packages/airflow/example_dags/example_params_trigger_ui.py for tasks to queue
[2024-11-03T01:05:44.781+0000] {logging_mixin.py:190} INFO - [2024-11-03T01:05:44.781+0000] {dagbag.py:588} INFO - Filling up the DagBag from /home/airflow/.local/lib/python3.12/site-packages/airflow/example_dags/example_params_trigger_ui.py
[2024-11-03T01:05:44.790+0000] {processor.py:925} INFO - DAG(s) 'example_params_trigger_ui' retrieved from /home/airflow/.local/lib/python3.12/site-packages/airflow/example_dags/example_params_trigger_ui.py
[2024-11-03T01:05:44.827+0000] {logging_mixin.py:190} INFO - [2024-11-03T01:05:44.826+0000] {dag.py:3239} INFO - Sync 1 DAGs
[2024-11-03T01:05:44.840+0000] {logging_mixin.py:190} INFO - [2024-11-03T01:05:44.840+0000] {dag.py:4180} INFO - Setting next_dagrun for example_params_trigger_ui to None, run_after=None
[2024-11-03T01:05:44.856+0000] {processor.py:208} INFO - Processing /home/airflow/.local/lib/python3.12/site-packages/airflow/example_dags/example_params_trigger_ui.py took 0.082 seconds
[2024-11-03T01:06:15.227+0000] {processor.py:186} INFO - Started process (PID=2334) to work on /home/airflow/.local/lib/python3.12/site-packages/airflow/example_dags/example_params_trigger_ui.py
[2024-11-03T01:06:15.228+0000] {processor.py:914} INFO - Processing file /home/airflow/.local/lib/python3.12/site-packages/airflow/example_dags/example_params_trigger_ui.py for tasks to queue
[2024-11-03T01:06:15.230+0000] {logging_mixin.py:190} INFO - [2024-11-03T01:06:15.229+0000] {dagbag.py:588} INFO - Filling up the DagBag from /home/airflow/.local/lib/python3.12/site-packages/airflow/example_dags/example_params_trigger_ui.py
[2024-11-03T01:06:15.239+0000] {processor.py:925} INFO - DAG(s) 'example_params_trigger_ui' retrieved from /home/airflow/.local/lib/python3.12/site-packages/airflow/example_dags/example_params_trigger_ui.py
[2024-11-03T01:06:15.276+0000] {logging_mixin.py:190} INFO - [2024-11-03T01:06:15.276+0000] {dag.py:3239} INFO - Sync 1 DAGs
[2024-11-03T01:06:15.288+0000] {logging_mixin.py:190} INFO - [2024-11-03T01:06:15.288+0000] {dag.py:4180} INFO - Setting next_dagrun for example_params_trigger_ui to None, run_after=None
[2024-11-03T01:06:15.303+0000] {processor.py:208} INFO - Processing /home/airflow/.local/lib/python3.12/site-packages/airflow/example_dags/example_params_trigger_ui.py took 0.081 seconds
