[2024-11-03T00:00:02.689+0000] {processor.py:186} INFO - Started process (PID=773) to work on /home/airflow/.local/lib/python3.12/site-packages/airflow/example_dags/example_latest_only_with_trigger.py
[2024-11-03T00:00:02.690+0000] {processor.py:914} INFO - Processing file /home/airflow/.local/lib/python3.12/site-packages/airflow/example_dags/example_latest_only_with_trigger.py for tasks to queue
[2024-11-03T00:00:02.692+0000] {logging_mixin.py:190} INFO - [2024-11-03T00:00:02.692+0000] {dagbag.py:588} INFO - Filling up the DagBag from /home/airflow/.local/lib/python3.12/site-packages/airflow/example_dags/example_latest_only_with_trigger.py
[2024-11-03T00:00:02.701+0000] {processor.py:925} INFO - DAG(s) 'latest_only_with_trigger' retrieved from /home/airflow/.local/lib/python3.12/site-packages/airflow/example_dags/example_latest_only_with_trigger.py
[2024-11-03T00:00:02.721+0000] {logging_mixin.py:190} INFO - [2024-11-03T00:00:02.721+0000] {dag.py:3239} INFO - Sync 1 DAGs
[2024-11-03T00:00:02.743+0000] {logging_mixin.py:190} INFO - [2024-11-03T00:00:02.743+0000] {dag.py:4180} INFO - Setting next_dagrun for latest_only_with_trigger to 2024-11-02 20:00:00+00:00, run_after=2024-11-03 00:00:00+00:00
[2024-11-03T00:00:02.766+0000] {processor.py:208} INFO - Processing /home/airflow/.local/lib/python3.12/site-packages/airflow/example_dags/example_latest_only_with_trigger.py took 0.082 seconds
[2024-11-03T00:00:33.187+0000] {processor.py:186} INFO - Started process (PID=836) to work on /home/airflow/.local/lib/python3.12/site-packages/airflow/example_dags/example_latest_only_with_trigger.py
[2024-11-03T00:00:33.187+0000] {processor.py:914} INFO - Processing file /home/airflow/.local/lib/python3.12/site-packages/airflow/example_dags/example_latest_only_with_trigger.py for tasks to queue
[2024-11-03T00:00:33.189+0000] {logging_mixin.py:190} INFO - [2024-11-03T00:00:33.189+0000] {dagbag.py:588} INFO - Filling up the DagBag from /home/airflow/.local/lib/python3.12/site-packages/airflow/example_dags/example_latest_only_with_trigger.py
[2024-11-03T00:00:33.195+0000] {processor.py:925} INFO - DAG(s) 'latest_only_with_trigger' retrieved from /home/airflow/.local/lib/python3.12/site-packages/airflow/example_dags/example_latest_only_with_trigger.py
[2024-11-03T00:00:33.214+0000] {logging_mixin.py:190} INFO - [2024-11-03T00:00:33.213+0000] {dag.py:3239} INFO - Sync 1 DAGs
[2024-11-03T00:00:33.232+0000] {logging_mixin.py:190} INFO - [2024-11-03T00:00:33.232+0000] {dag.py:4180} INFO - Setting next_dagrun for latest_only_with_trigger to 2024-11-02 20:00:00+00:00, run_after=2024-11-03 00:00:00+00:00
[2024-11-03T00:00:33.247+0000] {processor.py:208} INFO - Processing /home/airflow/.local/lib/python3.12/site-packages/airflow/example_dags/example_latest_only_with_trigger.py took 0.065 seconds
[2024-11-03T00:01:03.929+0000] {processor.py:186} INFO - Started process (PID=899) to work on /home/airflow/.local/lib/python3.12/site-packages/airflow/example_dags/example_latest_only_with_trigger.py
[2024-11-03T00:01:03.930+0000] {processor.py:914} INFO - Processing file /home/airflow/.local/lib/python3.12/site-packages/airflow/example_dags/example_latest_only_with_trigger.py for tasks to queue
[2024-11-03T00:01:03.932+0000] {logging_mixin.py:190} INFO - [2024-11-03T00:01:03.932+0000] {dagbag.py:588} INFO - Filling up the DagBag from /home/airflow/.local/lib/python3.12/site-packages/airflow/example_dags/example_latest_only_with_trigger.py
[2024-11-03T00:01:03.938+0000] {processor.py:925} INFO - DAG(s) 'latest_only_with_trigger' retrieved from /home/airflow/.local/lib/python3.12/site-packages/airflow/example_dags/example_latest_only_with_trigger.py
[2024-11-03T00:01:03.955+0000] {logging_mixin.py:190} INFO - [2024-11-03T00:01:03.955+0000] {dag.py:3239} INFO - Sync 1 DAGs
[2024-11-03T00:01:03.974+0000] {logging_mixin.py:190} INFO - [2024-11-03T00:01:03.974+0000] {dag.py:4180} INFO - Setting next_dagrun for latest_only_with_trigger to 2024-11-02 20:00:00+00:00, run_after=2024-11-03 00:00:00+00:00
[2024-11-03T00:01:03.989+0000] {processor.py:208} INFO - Processing /home/airflow/.local/lib/python3.12/site-packages/airflow/example_dags/example_latest_only_with_trigger.py took 0.065 seconds
[2024-11-03T00:01:34.803+0000] {processor.py:186} INFO - Started process (PID=962) to work on /home/airflow/.local/lib/python3.12/site-packages/airflow/example_dags/example_latest_only_with_trigger.py
[2024-11-03T00:01:34.804+0000] {processor.py:914} INFO - Processing file /home/airflow/.local/lib/python3.12/site-packages/airflow/example_dags/example_latest_only_with_trigger.py for tasks to queue
[2024-11-03T00:01:34.807+0000] {logging_mixin.py:190} INFO - [2024-11-03T00:01:34.807+0000] {dagbag.py:588} INFO - Filling up the DagBag from /home/airflow/.local/lib/python3.12/site-packages/airflow/example_dags/example_latest_only_with_trigger.py
[2024-11-03T00:01:34.815+0000] {processor.py:925} INFO - DAG(s) 'latest_only_with_trigger' retrieved from /home/airflow/.local/lib/python3.12/site-packages/airflow/example_dags/example_latest_only_with_trigger.py
[2024-11-03T00:01:34.833+0000] {logging_mixin.py:190} INFO - [2024-11-03T00:01:34.833+0000] {dag.py:3239} INFO - Sync 1 DAGs
[2024-11-03T00:01:34.853+0000] {logging_mixin.py:190} INFO - [2024-11-03T00:01:34.853+0000] {dag.py:4180} INFO - Setting next_dagrun for latest_only_with_trigger to 2024-11-02 20:00:00+00:00, run_after=2024-11-03 00:00:00+00:00
[2024-11-03T00:01:34.868+0000] {processor.py:208} INFO - Processing /home/airflow/.local/lib/python3.12/site-packages/airflow/example_dags/example_latest_only_with_trigger.py took 0.071 seconds
[2024-11-03T00:48:02.739+0000] {processor.py:186} INFO - Started process (PID=78) to work on /home/airflow/.local/lib/python3.12/site-packages/airflow/example_dags/example_latest_only_with_trigger.py
[2024-11-03T00:48:02.741+0000] {processor.py:914} INFO - Processing file /home/airflow/.local/lib/python3.12/site-packages/airflow/example_dags/example_latest_only_with_trigger.py for tasks to queue
[2024-11-03T00:48:02.743+0000] {logging_mixin.py:190} INFO - [2024-11-03T00:48:02.743+0000] {dagbag.py:588} INFO - Filling up the DagBag from /home/airflow/.local/lib/python3.12/site-packages/airflow/example_dags/example_latest_only_with_trigger.py
[2024-11-03T00:48:02.750+0000] {processor.py:925} INFO - DAG(s) 'latest_only_with_trigger' retrieved from /home/airflow/.local/lib/python3.12/site-packages/airflow/example_dags/example_latest_only_with_trigger.py
[2024-11-03T00:48:02.888+0000] {logging_mixin.py:190} INFO - [2024-11-03T00:48:02.887+0000] {override.py:1900} INFO - Created Permission View: can delete on DAG:latest_only_with_trigger
[2024-11-03T00:48:02.915+0000] {logging_mixin.py:190} INFO - [2024-11-03T00:48:02.915+0000] {override.py:1900} INFO - Created Permission View: can edit on DAG:latest_only_with_trigger
[2024-11-03T00:48:02.986+0000] {logging_mixin.py:190} INFO - [2024-11-03T00:48:02.985+0000] {override.py:1900} INFO - Created Permission View: can read on DAG:latest_only_with_trigger
[2024-11-03T00:48:03.050+0000] {logging_mixin.py:190} INFO - [2024-11-03T00:48:03.049+0000] {override.py:1900} INFO - Created Permission View: can create on DAG Run:latest_only_with_trigger
[2024-11-03T00:48:03.099+0000] {logging_mixin.py:190} INFO - [2024-11-03T00:48:03.098+0000] {override.py:1900} INFO - Created Permission View: can delete on DAG Run:latest_only_with_trigger
[2024-11-03T00:48:03.143+0000] {logging_mixin.py:190} INFO - [2024-11-03T00:48:03.142+0000] {override.py:1900} INFO - Created Permission View: menu access on DAG Run:latest_only_with_trigger
[2024-11-03T00:48:03.183+0000] {logging_mixin.py:190} INFO - [2024-11-03T00:48:03.182+0000] {override.py:1900} INFO - Created Permission View: can read on DAG Run:latest_only_with_trigger
[2024-11-03T00:48:03.184+0000] {logging_mixin.py:190} INFO - [2024-11-03T00:48:03.184+0000] {dag.py:3239} INFO - Sync 1 DAGs
[2024-11-03T00:48:03.204+0000] {logging_mixin.py:190} INFO - [2024-11-03T00:48:03.204+0000] {dag.py:3262} INFO - Creating ORM DAG for latest_only_with_trigger
[2024-11-03T00:48:03.218+0000] {logging_mixin.py:190} INFO - [2024-11-03T00:48:03.218+0000] {dag.py:4180} INFO - Setting next_dagrun for latest_only_with_trigger to 2024-11-02 20:00:00+00:00, run_after=2024-11-03 00:00:00+00:00
[2024-11-03T00:48:03.271+0000] {processor.py:208} INFO - Processing /home/airflow/.local/lib/python3.12/site-packages/airflow/example_dags/example_latest_only_with_trigger.py took 0.536 seconds
[2024-11-03T00:48:33.640+0000] {processor.py:186} INFO - Started process (PID=141) to work on /home/airflow/.local/lib/python3.12/site-packages/airflow/example_dags/example_latest_only_with_trigger.py
[2024-11-03T00:48:33.640+0000] {processor.py:914} INFO - Processing file /home/airflow/.local/lib/python3.12/site-packages/airflow/example_dags/example_latest_only_with_trigger.py for tasks to queue
[2024-11-03T00:48:33.642+0000] {logging_mixin.py:190} INFO - [2024-11-03T00:48:33.642+0000] {dagbag.py:588} INFO - Filling up the DagBag from /home/airflow/.local/lib/python3.12/site-packages/airflow/example_dags/example_latest_only_with_trigger.py
[2024-11-03T00:48:33.648+0000] {processor.py:925} INFO - DAG(s) 'latest_only_with_trigger' retrieved from /home/airflow/.local/lib/python3.12/site-packages/airflow/example_dags/example_latest_only_with_trigger.py
[2024-11-03T00:48:33.668+0000] {logging_mixin.py:190} INFO - [2024-11-03T00:48:33.667+0000] {dag.py:3239} INFO - Sync 1 DAGs
[2024-11-03T00:48:33.689+0000] {logging_mixin.py:190} INFO - [2024-11-03T00:48:33.688+0000] {dag.py:4180} INFO - Setting next_dagrun for latest_only_with_trigger to 2024-11-02 20:00:00+00:00, run_after=2024-11-03 00:00:00+00:00
[2024-11-03T00:48:33.703+0000] {processor.py:208} INFO - Processing /home/airflow/.local/lib/python3.12/site-packages/airflow/example_dags/example_latest_only_with_trigger.py took 0.068 seconds
[2024-11-03T00:49:03.922+0000] {processor.py:186} INFO - Started process (PID=204) to work on /home/airflow/.local/lib/python3.12/site-packages/airflow/example_dags/example_latest_only_with_trigger.py
[2024-11-03T00:49:03.923+0000] {processor.py:914} INFO - Processing file /home/airflow/.local/lib/python3.12/site-packages/airflow/example_dags/example_latest_only_with_trigger.py for tasks to queue
[2024-11-03T00:49:03.925+0000] {logging_mixin.py:190} INFO - [2024-11-03T00:49:03.925+0000] {dagbag.py:588} INFO - Filling up the DagBag from /home/airflow/.local/lib/python3.12/site-packages/airflow/example_dags/example_latest_only_with_trigger.py
[2024-11-03T00:49:03.931+0000] {processor.py:925} INFO - DAG(s) 'latest_only_with_trigger' retrieved from /home/airflow/.local/lib/python3.12/site-packages/airflow/example_dags/example_latest_only_with_trigger.py
[2024-11-03T00:49:03.949+0000] {logging_mixin.py:190} INFO - [2024-11-03T00:49:03.949+0000] {dag.py:3239} INFO - Sync 1 DAGs
[2024-11-03T00:49:03.969+0000] {logging_mixin.py:190} INFO - [2024-11-03T00:49:03.969+0000] {dag.py:4180} INFO - Setting next_dagrun for latest_only_with_trigger to 2024-11-02 20:00:00+00:00, run_after=2024-11-03 00:00:00+00:00
[2024-11-03T00:49:03.986+0000] {processor.py:208} INFO - Processing /home/airflow/.local/lib/python3.12/site-packages/airflow/example_dags/example_latest_only_with_trigger.py took 0.069 seconds
[2024-11-03T00:49:34.384+0000] {processor.py:186} INFO - Started process (PID=267) to work on /home/airflow/.local/lib/python3.12/site-packages/airflow/example_dags/example_latest_only_with_trigger.py
[2024-11-03T00:49:34.385+0000] {processor.py:914} INFO - Processing file /home/airflow/.local/lib/python3.12/site-packages/airflow/example_dags/example_latest_only_with_trigger.py for tasks to queue
[2024-11-03T00:49:34.387+0000] {logging_mixin.py:190} INFO - [2024-11-03T00:49:34.386+0000] {dagbag.py:588} INFO - Filling up the DagBag from /home/airflow/.local/lib/python3.12/site-packages/airflow/example_dags/example_latest_only_with_trigger.py
[2024-11-03T00:49:34.393+0000] {processor.py:925} INFO - DAG(s) 'latest_only_with_trigger' retrieved from /home/airflow/.local/lib/python3.12/site-packages/airflow/example_dags/example_latest_only_with_trigger.py
[2024-11-03T00:49:34.410+0000] {logging_mixin.py:190} INFO - [2024-11-03T00:49:34.409+0000] {dag.py:3239} INFO - Sync 1 DAGs
[2024-11-03T00:49:34.429+0000] {logging_mixin.py:190} INFO - [2024-11-03T00:49:34.429+0000] {dag.py:4180} INFO - Setting next_dagrun for latest_only_with_trigger to 2024-11-02 20:00:00+00:00, run_after=2024-11-03 00:00:00+00:00
[2024-11-03T00:49:34.444+0000] {processor.py:208} INFO - Processing /home/airflow/.local/lib/python3.12/site-packages/airflow/example_dags/example_latest_only_with_trigger.py took 0.065 seconds
[2024-11-03T00:50:04.846+0000] {processor.py:186} INFO - Started process (PID=330) to work on /home/airflow/.local/lib/python3.12/site-packages/airflow/example_dags/example_latest_only_with_trigger.py
[2024-11-03T00:50:04.847+0000] {processor.py:914} INFO - Processing file /home/airflow/.local/lib/python3.12/site-packages/airflow/example_dags/example_latest_only_with_trigger.py for tasks to queue
[2024-11-03T00:50:04.848+0000] {logging_mixin.py:190} INFO - [2024-11-03T00:50:04.848+0000] {dagbag.py:588} INFO - Filling up the DagBag from /home/airflow/.local/lib/python3.12/site-packages/airflow/example_dags/example_latest_only_with_trigger.py
[2024-11-03T00:50:04.854+0000] {processor.py:925} INFO - DAG(s) 'latest_only_with_trigger' retrieved from /home/airflow/.local/lib/python3.12/site-packages/airflow/example_dags/example_latest_only_with_trigger.py
[2024-11-03T00:50:04.873+0000] {logging_mixin.py:190} INFO - [2024-11-03T00:50:04.872+0000] {dag.py:3239} INFO - Sync 1 DAGs
[2024-11-03T00:50:04.892+0000] {logging_mixin.py:190} INFO - [2024-11-03T00:50:04.892+0000] {dag.py:4180} INFO - Setting next_dagrun for latest_only_with_trigger to 2024-11-02 20:00:00+00:00, run_after=2024-11-03 00:00:00+00:00
[2024-11-03T00:50:04.907+0000] {processor.py:208} INFO - Processing /home/airflow/.local/lib/python3.12/site-packages/airflow/example_dags/example_latest_only_with_trigger.py took 0.066 seconds
[2024-11-03T00:50:35.385+0000] {processor.py:186} INFO - Started process (PID=393) to work on /home/airflow/.local/lib/python3.12/site-packages/airflow/example_dags/example_latest_only_with_trigger.py
[2024-11-03T00:50:35.386+0000] {processor.py:914} INFO - Processing file /home/airflow/.local/lib/python3.12/site-packages/airflow/example_dags/example_latest_only_with_trigger.py for tasks to queue
[2024-11-03T00:50:35.388+0000] {logging_mixin.py:190} INFO - [2024-11-03T00:50:35.388+0000] {dagbag.py:588} INFO - Filling up the DagBag from /home/airflow/.local/lib/python3.12/site-packages/airflow/example_dags/example_latest_only_with_trigger.py
[2024-11-03T00:50:35.394+0000] {processor.py:925} INFO - DAG(s) 'latest_only_with_trigger' retrieved from /home/airflow/.local/lib/python3.12/site-packages/airflow/example_dags/example_latest_only_with_trigger.py
[2024-11-03T00:50:35.423+0000] {logging_mixin.py:190} INFO - [2024-11-03T00:50:35.422+0000] {dag.py:3239} INFO - Sync 1 DAGs
[2024-11-03T00:50:35.449+0000] {logging_mixin.py:190} INFO - [2024-11-03T00:50:35.449+0000] {dag.py:4180} INFO - Setting next_dagrun for latest_only_with_trigger to 2024-11-02 20:00:00+00:00, run_after=2024-11-03 00:00:00+00:00
[2024-11-03T00:50:35.465+0000] {processor.py:208} INFO - Processing /home/airflow/.local/lib/python3.12/site-packages/airflow/example_dags/example_latest_only_with_trigger.py took 0.085 seconds
[2024-11-03T00:51:05.844+0000] {processor.py:186} INFO - Started process (PID=456) to work on /home/airflow/.local/lib/python3.12/site-packages/airflow/example_dags/example_latest_only_with_trigger.py
[2024-11-03T00:51:05.845+0000] {processor.py:914} INFO - Processing file /home/airflow/.local/lib/python3.12/site-packages/airflow/example_dags/example_latest_only_with_trigger.py for tasks to queue
[2024-11-03T00:51:05.847+0000] {logging_mixin.py:190} INFO - [2024-11-03T00:51:05.847+0000] {dagbag.py:588} INFO - Filling up the DagBag from /home/airflow/.local/lib/python3.12/site-packages/airflow/example_dags/example_latest_only_with_trigger.py
[2024-11-03T00:51:05.853+0000] {processor.py:925} INFO - DAG(s) 'latest_only_with_trigger' retrieved from /home/airflow/.local/lib/python3.12/site-packages/airflow/example_dags/example_latest_only_with_trigger.py
[2024-11-03T00:51:05.870+0000] {logging_mixin.py:190} INFO - [2024-11-03T00:51:05.870+0000] {dag.py:3239} INFO - Sync 1 DAGs
[2024-11-03T00:51:05.894+0000] {logging_mixin.py:190} INFO - [2024-11-03T00:51:05.893+0000] {dag.py:4180} INFO - Setting next_dagrun for latest_only_with_trigger to 2024-11-02 20:00:00+00:00, run_after=2024-11-03 00:00:00+00:00
[2024-11-03T00:51:05.910+0000] {processor.py:208} INFO - Processing /home/airflow/.local/lib/python3.12/site-packages/airflow/example_dags/example_latest_only_with_trigger.py took 0.070 seconds
[2024-11-03T00:51:36.286+0000] {processor.py:186} INFO - Started process (PID=519) to work on /home/airflow/.local/lib/python3.12/site-packages/airflow/example_dags/example_latest_only_with_trigger.py
[2024-11-03T00:51:36.287+0000] {processor.py:914} INFO - Processing file /home/airflow/.local/lib/python3.12/site-packages/airflow/example_dags/example_latest_only_with_trigger.py for tasks to queue
[2024-11-03T00:51:36.289+0000] {logging_mixin.py:190} INFO - [2024-11-03T00:51:36.288+0000] {dagbag.py:588} INFO - Filling up the DagBag from /home/airflow/.local/lib/python3.12/site-packages/airflow/example_dags/example_latest_only_with_trigger.py
[2024-11-03T00:51:36.295+0000] {processor.py:925} INFO - DAG(s) 'latest_only_with_trigger' retrieved from /home/airflow/.local/lib/python3.12/site-packages/airflow/example_dags/example_latest_only_with_trigger.py
[2024-11-03T00:51:36.314+0000] {logging_mixin.py:190} INFO - [2024-11-03T00:51:36.314+0000] {dag.py:3239} INFO - Sync 1 DAGs
[2024-11-03T00:51:36.336+0000] {logging_mixin.py:190} INFO - [2024-11-03T00:51:36.335+0000] {dag.py:4180} INFO - Setting next_dagrun for latest_only_with_trigger to 2024-11-02 20:00:00+00:00, run_after=2024-11-03 00:00:00+00:00
[2024-11-03T00:51:36.352+0000] {processor.py:208} INFO - Processing /home/airflow/.local/lib/python3.12/site-packages/airflow/example_dags/example_latest_only_with_trigger.py took 0.070 seconds
[2024-11-03T00:52:06.776+0000] {processor.py:186} INFO - Started process (PID=582) to work on /home/airflow/.local/lib/python3.12/site-packages/airflow/example_dags/example_latest_only_with_trigger.py
[2024-11-03T00:52:06.777+0000] {processor.py:914} INFO - Processing file /home/airflow/.local/lib/python3.12/site-packages/airflow/example_dags/example_latest_only_with_trigger.py for tasks to queue
[2024-11-03T00:52:06.779+0000] {logging_mixin.py:190} INFO - [2024-11-03T00:52:06.778+0000] {dagbag.py:588} INFO - Filling up the DagBag from /home/airflow/.local/lib/python3.12/site-packages/airflow/example_dags/example_latest_only_with_trigger.py
[2024-11-03T00:52:06.784+0000] {processor.py:925} INFO - DAG(s) 'latest_only_with_trigger' retrieved from /home/airflow/.local/lib/python3.12/site-packages/airflow/example_dags/example_latest_only_with_trigger.py
[2024-11-03T00:52:06.801+0000] {logging_mixin.py:190} INFO - [2024-11-03T00:52:06.801+0000] {dag.py:3239} INFO - Sync 1 DAGs
[2024-11-03T00:52:06.822+0000] {logging_mixin.py:190} INFO - [2024-11-03T00:52:06.822+0000] {dag.py:4180} INFO - Setting next_dagrun for latest_only_with_trigger to 2024-11-02 20:00:00+00:00, run_after=2024-11-03 00:00:00+00:00
[2024-11-03T00:52:06.837+0000] {processor.py:208} INFO - Processing /home/airflow/.local/lib/python3.12/site-packages/airflow/example_dags/example_latest_only_with_trigger.py took 0.066 seconds
[2024-11-03T00:52:37.145+0000] {processor.py:186} INFO - Started process (PID=645) to work on /home/airflow/.local/lib/python3.12/site-packages/airflow/example_dags/example_latest_only_with_trigger.py
[2024-11-03T00:52:37.146+0000] {processor.py:914} INFO - Processing file /home/airflow/.local/lib/python3.12/site-packages/airflow/example_dags/example_latest_only_with_trigger.py for tasks to queue
[2024-11-03T00:52:37.148+0000] {logging_mixin.py:190} INFO - [2024-11-03T00:52:37.148+0000] {dagbag.py:588} INFO - Filling up the DagBag from /home/airflow/.local/lib/python3.12/site-packages/airflow/example_dags/example_latest_only_with_trigger.py
[2024-11-03T00:52:37.154+0000] {processor.py:925} INFO - DAG(s) 'latest_only_with_trigger' retrieved from /home/airflow/.local/lib/python3.12/site-packages/airflow/example_dags/example_latest_only_with_trigger.py
[2024-11-03T00:52:37.173+0000] {logging_mixin.py:190} INFO - [2024-11-03T00:52:37.173+0000] {dag.py:3239} INFO - Sync 1 DAGs
[2024-11-03T00:52:37.194+0000] {logging_mixin.py:190} INFO - [2024-11-03T00:52:37.194+0000] {dag.py:4180} INFO - Setting next_dagrun for latest_only_with_trigger to 2024-11-02 20:00:00+00:00, run_after=2024-11-03 00:00:00+00:00
[2024-11-03T00:52:37.211+0000] {processor.py:208} INFO - Processing /home/airflow/.local/lib/python3.12/site-packages/airflow/example_dags/example_latest_only_with_trigger.py took 0.070 seconds
[2024-11-03T00:53:07.475+0000] {processor.py:186} INFO - Started process (PID=708) to work on /home/airflow/.local/lib/python3.12/site-packages/airflow/example_dags/example_latest_only_with_trigger.py
[2024-11-03T00:53:07.476+0000] {processor.py:914} INFO - Processing file /home/airflow/.local/lib/python3.12/site-packages/airflow/example_dags/example_latest_only_with_trigger.py for tasks to queue
[2024-11-03T00:53:07.478+0000] {logging_mixin.py:190} INFO - [2024-11-03T00:53:07.478+0000] {dagbag.py:588} INFO - Filling up the DagBag from /home/airflow/.local/lib/python3.12/site-packages/airflow/example_dags/example_latest_only_with_trigger.py
[2024-11-03T00:53:07.484+0000] {processor.py:925} INFO - DAG(s) 'latest_only_with_trigger' retrieved from /home/airflow/.local/lib/python3.12/site-packages/airflow/example_dags/example_latest_only_with_trigger.py
[2024-11-03T00:53:07.504+0000] {logging_mixin.py:190} INFO - [2024-11-03T00:53:07.503+0000] {dag.py:3239} INFO - Sync 1 DAGs
[2024-11-03T00:53:07.524+0000] {logging_mixin.py:190} INFO - [2024-11-03T00:53:07.524+0000] {dag.py:4180} INFO - Setting next_dagrun for latest_only_with_trigger to 2024-11-02 20:00:00+00:00, run_after=2024-11-03 00:00:00+00:00
[2024-11-03T00:53:07.542+0000] {processor.py:208} INFO - Processing /home/airflow/.local/lib/python3.12/site-packages/airflow/example_dags/example_latest_only_with_trigger.py took 0.071 seconds
[2024-11-03T00:53:37.730+0000] {processor.py:186} INFO - Started process (PID=771) to work on /home/airflow/.local/lib/python3.12/site-packages/airflow/example_dags/example_latest_only_with_trigger.py
[2024-11-03T00:53:37.731+0000] {processor.py:914} INFO - Processing file /home/airflow/.local/lib/python3.12/site-packages/airflow/example_dags/example_latest_only_with_trigger.py for tasks to queue
[2024-11-03T00:53:37.732+0000] {logging_mixin.py:190} INFO - [2024-11-03T00:53:37.732+0000] {dagbag.py:588} INFO - Filling up the DagBag from /home/airflow/.local/lib/python3.12/site-packages/airflow/example_dags/example_latest_only_with_trigger.py
[2024-11-03T00:53:37.738+0000] {processor.py:925} INFO - DAG(s) 'latest_only_with_trigger' retrieved from /home/airflow/.local/lib/python3.12/site-packages/airflow/example_dags/example_latest_only_with_trigger.py
[2024-11-03T00:53:37.757+0000] {logging_mixin.py:190} INFO - [2024-11-03T00:53:37.757+0000] {dag.py:3239} INFO - Sync 1 DAGs
[2024-11-03T00:53:37.780+0000] {logging_mixin.py:190} INFO - [2024-11-03T00:53:37.780+0000] {dag.py:4180} INFO - Setting next_dagrun for latest_only_with_trigger to 2024-11-02 20:00:00+00:00, run_after=2024-11-03 00:00:00+00:00
[2024-11-03T00:53:37.796+0000] {processor.py:208} INFO - Processing /home/airflow/.local/lib/python3.12/site-packages/airflow/example_dags/example_latest_only_with_trigger.py took 0.072 seconds
[2024-11-03T00:54:08.134+0000] {processor.py:186} INFO - Started process (PID=834) to work on /home/airflow/.local/lib/python3.12/site-packages/airflow/example_dags/example_latest_only_with_trigger.py
[2024-11-03T00:54:08.135+0000] {processor.py:914} INFO - Processing file /home/airflow/.local/lib/python3.12/site-packages/airflow/example_dags/example_latest_only_with_trigger.py for tasks to queue
[2024-11-03T00:54:08.137+0000] {logging_mixin.py:190} INFO - [2024-11-03T00:54:08.137+0000] {dagbag.py:588} INFO - Filling up the DagBag from /home/airflow/.local/lib/python3.12/site-packages/airflow/example_dags/example_latest_only_with_trigger.py
[2024-11-03T00:54:08.143+0000] {processor.py:925} INFO - DAG(s) 'latest_only_with_trigger' retrieved from /home/airflow/.local/lib/python3.12/site-packages/airflow/example_dags/example_latest_only_with_trigger.py
[2024-11-03T00:54:08.161+0000] {logging_mixin.py:190} INFO - [2024-11-03T00:54:08.161+0000] {dag.py:3239} INFO - Sync 1 DAGs
[2024-11-03T00:54:08.181+0000] {logging_mixin.py:190} INFO - [2024-11-03T00:54:08.181+0000] {dag.py:4180} INFO - Setting next_dagrun for latest_only_with_trigger to 2024-11-02 20:00:00+00:00, run_after=2024-11-03 00:00:00+00:00
[2024-11-03T00:54:08.197+0000] {processor.py:208} INFO - Processing /home/airflow/.local/lib/python3.12/site-packages/airflow/example_dags/example_latest_only_with_trigger.py took 0.068 seconds
[2024-11-03T00:54:38.285+0000] {processor.py:186} INFO - Started process (PID=897) to work on /home/airflow/.local/lib/python3.12/site-packages/airflow/example_dags/example_latest_only_with_trigger.py
[2024-11-03T00:54:38.286+0000] {processor.py:914} INFO - Processing file /home/airflow/.local/lib/python3.12/site-packages/airflow/example_dags/example_latest_only_with_trigger.py for tasks to queue
[2024-11-03T00:54:38.288+0000] {logging_mixin.py:190} INFO - [2024-11-03T00:54:38.287+0000] {dagbag.py:588} INFO - Filling up the DagBag from /home/airflow/.local/lib/python3.12/site-packages/airflow/example_dags/example_latest_only_with_trigger.py
[2024-11-03T00:54:38.294+0000] {processor.py:925} INFO - DAG(s) 'latest_only_with_trigger' retrieved from /home/airflow/.local/lib/python3.12/site-packages/airflow/example_dags/example_latest_only_with_trigger.py
[2024-11-03T00:54:38.311+0000] {logging_mixin.py:190} INFO - [2024-11-03T00:54:38.311+0000] {dag.py:3239} INFO - Sync 1 DAGs
[2024-11-03T00:54:38.331+0000] {logging_mixin.py:190} INFO - [2024-11-03T00:54:38.331+0000] {dag.py:4180} INFO - Setting next_dagrun for latest_only_with_trigger to 2024-11-02 20:00:00+00:00, run_after=2024-11-03 00:00:00+00:00
[2024-11-03T00:54:38.347+0000] {processor.py:208} INFO - Processing /home/airflow/.local/lib/python3.12/site-packages/airflow/example_dags/example_latest_only_with_trigger.py took 0.067 seconds
[2024-11-03T00:55:08.701+0000] {processor.py:186} INFO - Started process (PID=960) to work on /home/airflow/.local/lib/python3.12/site-packages/airflow/example_dags/example_latest_only_with_trigger.py
[2024-11-03T00:55:08.702+0000] {processor.py:914} INFO - Processing file /home/airflow/.local/lib/python3.12/site-packages/airflow/example_dags/example_latest_only_with_trigger.py for tasks to queue
[2024-11-03T00:55:08.704+0000] {logging_mixin.py:190} INFO - [2024-11-03T00:55:08.704+0000] {dagbag.py:588} INFO - Filling up the DagBag from /home/airflow/.local/lib/python3.12/site-packages/airflow/example_dags/example_latest_only_with_trigger.py
[2024-11-03T00:55:08.711+0000] {processor.py:925} INFO - DAG(s) 'latest_only_with_trigger' retrieved from /home/airflow/.local/lib/python3.12/site-packages/airflow/example_dags/example_latest_only_with_trigger.py
[2024-11-03T00:55:08.729+0000] {logging_mixin.py:190} INFO - [2024-11-03T00:55:08.728+0000] {dag.py:3239} INFO - Sync 1 DAGs
[2024-11-03T00:55:08.749+0000] {logging_mixin.py:190} INFO - [2024-11-03T00:55:08.749+0000] {dag.py:4180} INFO - Setting next_dagrun for latest_only_with_trigger to 2024-11-02 20:00:00+00:00, run_after=2024-11-03 00:00:00+00:00
[2024-11-03T00:55:08.764+0000] {processor.py:208} INFO - Processing /home/airflow/.local/lib/python3.12/site-packages/airflow/example_dags/example_latest_only_with_trigger.py took 0.068 seconds
[2024-11-03T00:55:39.074+0000] {processor.py:186} INFO - Started process (PID=1023) to work on /home/airflow/.local/lib/python3.12/site-packages/airflow/example_dags/example_latest_only_with_trigger.py
[2024-11-03T00:55:39.075+0000] {processor.py:914} INFO - Processing file /home/airflow/.local/lib/python3.12/site-packages/airflow/example_dags/example_latest_only_with_trigger.py for tasks to queue
[2024-11-03T00:55:39.077+0000] {logging_mixin.py:190} INFO - [2024-11-03T00:55:39.077+0000] {dagbag.py:588} INFO - Filling up the DagBag from /home/airflow/.local/lib/python3.12/site-packages/airflow/example_dags/example_latest_only_with_trigger.py
[2024-11-03T00:55:39.084+0000] {processor.py:925} INFO - DAG(s) 'latest_only_with_trigger' retrieved from /home/airflow/.local/lib/python3.12/site-packages/airflow/example_dags/example_latest_only_with_trigger.py
[2024-11-03T00:55:39.104+0000] {logging_mixin.py:190} INFO - [2024-11-03T00:55:39.103+0000] {dag.py:3239} INFO - Sync 1 DAGs
[2024-11-03T00:55:39.125+0000] {logging_mixin.py:190} INFO - [2024-11-03T00:55:39.124+0000] {dag.py:4180} INFO - Setting next_dagrun for latest_only_with_trigger to 2024-11-02 20:00:00+00:00, run_after=2024-11-03 00:00:00+00:00
[2024-11-03T00:55:39.142+0000] {processor.py:208} INFO - Processing /home/airflow/.local/lib/python3.12/site-packages/airflow/example_dags/example_latest_only_with_trigger.py took 0.072 seconds
[2024-11-03T00:56:09.705+0000] {processor.py:186} INFO - Started process (PID=1086) to work on /home/airflow/.local/lib/python3.12/site-packages/airflow/example_dags/example_latest_only_with_trigger.py
[2024-11-03T00:56:09.706+0000] {processor.py:914} INFO - Processing file /home/airflow/.local/lib/python3.12/site-packages/airflow/example_dags/example_latest_only_with_trigger.py for tasks to queue
[2024-11-03T00:56:09.708+0000] {logging_mixin.py:190} INFO - [2024-11-03T00:56:09.708+0000] {dagbag.py:588} INFO - Filling up the DagBag from /home/airflow/.local/lib/python3.12/site-packages/airflow/example_dags/example_latest_only_with_trigger.py
[2024-11-03T00:56:09.714+0000] {processor.py:925} INFO - DAG(s) 'latest_only_with_trigger' retrieved from /home/airflow/.local/lib/python3.12/site-packages/airflow/example_dags/example_latest_only_with_trigger.py
[2024-11-03T00:56:09.731+0000] {logging_mixin.py:190} INFO - [2024-11-03T00:56:09.731+0000] {dag.py:3239} INFO - Sync 1 DAGs
[2024-11-03T00:56:09.752+0000] {logging_mixin.py:190} INFO - [2024-11-03T00:56:09.752+0000] {dag.py:4180} INFO - Setting next_dagrun for latest_only_with_trigger to 2024-11-02 20:00:00+00:00, run_after=2024-11-03 00:00:00+00:00
[2024-11-03T00:56:09.768+0000] {processor.py:208} INFO - Processing /home/airflow/.local/lib/python3.12/site-packages/airflow/example_dags/example_latest_only_with_trigger.py took 0.067 seconds
[2024-11-03T00:56:40.153+0000] {processor.py:186} INFO - Started process (PID=1149) to work on /home/airflow/.local/lib/python3.12/site-packages/airflow/example_dags/example_latest_only_with_trigger.py
[2024-11-03T00:56:40.154+0000] {processor.py:914} INFO - Processing file /home/airflow/.local/lib/python3.12/site-packages/airflow/example_dags/example_latest_only_with_trigger.py for tasks to queue
[2024-11-03T00:56:40.156+0000] {logging_mixin.py:190} INFO - [2024-11-03T00:56:40.155+0000] {dagbag.py:588} INFO - Filling up the DagBag from /home/airflow/.local/lib/python3.12/site-packages/airflow/example_dags/example_latest_only_with_trigger.py
[2024-11-03T00:56:40.162+0000] {processor.py:925} INFO - DAG(s) 'latest_only_with_trigger' retrieved from /home/airflow/.local/lib/python3.12/site-packages/airflow/example_dags/example_latest_only_with_trigger.py
[2024-11-03T00:56:40.180+0000] {logging_mixin.py:190} INFO - [2024-11-03T00:56:40.180+0000] {dag.py:3239} INFO - Sync 1 DAGs
[2024-11-03T00:56:40.202+0000] {logging_mixin.py:190} INFO - [2024-11-03T00:56:40.202+0000] {dag.py:4180} INFO - Setting next_dagrun for latest_only_with_trigger to 2024-11-02 20:00:00+00:00, run_after=2024-11-03 00:00:00+00:00
[2024-11-03T00:56:40.218+0000] {processor.py:208} INFO - Processing /home/airflow/.local/lib/python3.12/site-packages/airflow/example_dags/example_latest_only_with_trigger.py took 0.069 seconds
[2024-11-03T00:57:10.291+0000] {processor.py:186} INFO - Started process (PID=1212) to work on /home/airflow/.local/lib/python3.12/site-packages/airflow/example_dags/example_latest_only_with_trigger.py
[2024-11-03T00:57:10.291+0000] {processor.py:914} INFO - Processing file /home/airflow/.local/lib/python3.12/site-packages/airflow/example_dags/example_latest_only_with_trigger.py for tasks to queue
[2024-11-03T00:57:10.293+0000] {logging_mixin.py:190} INFO - [2024-11-03T00:57:10.293+0000] {dagbag.py:588} INFO - Filling up the DagBag from /home/airflow/.local/lib/python3.12/site-packages/airflow/example_dags/example_latest_only_with_trigger.py
[2024-11-03T00:57:10.299+0000] {processor.py:925} INFO - DAG(s) 'latest_only_with_trigger' retrieved from /home/airflow/.local/lib/python3.12/site-packages/airflow/example_dags/example_latest_only_with_trigger.py
[2024-11-03T00:57:10.317+0000] {logging_mixin.py:190} INFO - [2024-11-03T00:57:10.317+0000] {dag.py:3239} INFO - Sync 1 DAGs
[2024-11-03T00:57:10.339+0000] {logging_mixin.py:190} INFO - [2024-11-03T00:57:10.339+0000] {dag.py:4180} INFO - Setting next_dagrun for latest_only_with_trigger to 2024-11-02 20:00:00+00:00, run_after=2024-11-03 00:00:00+00:00
[2024-11-03T00:57:10.356+0000] {processor.py:208} INFO - Processing /home/airflow/.local/lib/python3.12/site-packages/airflow/example_dags/example_latest_only_with_trigger.py took 0.070 seconds
[2024-11-03T00:57:40.728+0000] {processor.py:186} INFO - Started process (PID=1275) to work on /home/airflow/.local/lib/python3.12/site-packages/airflow/example_dags/example_latest_only_with_trigger.py
[2024-11-03T00:57:40.729+0000] {processor.py:914} INFO - Processing file /home/airflow/.local/lib/python3.12/site-packages/airflow/example_dags/example_latest_only_with_trigger.py for tasks to queue
[2024-11-03T00:57:40.730+0000] {logging_mixin.py:190} INFO - [2024-11-03T00:57:40.730+0000] {dagbag.py:588} INFO - Filling up the DagBag from /home/airflow/.local/lib/python3.12/site-packages/airflow/example_dags/example_latest_only_with_trigger.py
[2024-11-03T00:57:40.736+0000] {processor.py:925} INFO - DAG(s) 'latest_only_with_trigger' retrieved from /home/airflow/.local/lib/python3.12/site-packages/airflow/example_dags/example_latest_only_with_trigger.py
[2024-11-03T00:57:40.754+0000] {logging_mixin.py:190} INFO - [2024-11-03T00:57:40.754+0000] {dag.py:3239} INFO - Sync 1 DAGs
[2024-11-03T00:57:40.773+0000] {logging_mixin.py:190} INFO - [2024-11-03T00:57:40.773+0000] {dag.py:4180} INFO - Setting next_dagrun for latest_only_with_trigger to 2024-11-02 20:00:00+00:00, run_after=2024-11-03 00:00:00+00:00
[2024-11-03T00:57:40.788+0000] {processor.py:208} INFO - Processing /home/airflow/.local/lib/python3.12/site-packages/airflow/example_dags/example_latest_only_with_trigger.py took 0.065 seconds
[2024-11-03T00:58:10.837+0000] {processor.py:186} INFO - Started process (PID=1338) to work on /home/airflow/.local/lib/python3.12/site-packages/airflow/example_dags/example_latest_only_with_trigger.py
[2024-11-03T00:58:10.838+0000] {processor.py:914} INFO - Processing file /home/airflow/.local/lib/python3.12/site-packages/airflow/example_dags/example_latest_only_with_trigger.py for tasks to queue
[2024-11-03T00:58:10.840+0000] {logging_mixin.py:190} INFO - [2024-11-03T00:58:10.840+0000] {dagbag.py:588} INFO - Filling up the DagBag from /home/airflow/.local/lib/python3.12/site-packages/airflow/example_dags/example_latest_only_with_trigger.py
[2024-11-03T00:58:10.846+0000] {processor.py:925} INFO - DAG(s) 'latest_only_with_trigger' retrieved from /home/airflow/.local/lib/python3.12/site-packages/airflow/example_dags/example_latest_only_with_trigger.py
[2024-11-03T00:58:10.865+0000] {logging_mixin.py:190} INFO - [2024-11-03T00:58:10.865+0000] {dag.py:3239} INFO - Sync 1 DAGs
[2024-11-03T00:58:10.886+0000] {logging_mixin.py:190} INFO - [2024-11-03T00:58:10.886+0000] {dag.py:4180} INFO - Setting next_dagrun for latest_only_with_trigger to 2024-11-02 20:00:00+00:00, run_after=2024-11-03 00:00:00+00:00
[2024-11-03T00:58:10.902+0000] {processor.py:208} INFO - Processing /home/airflow/.local/lib/python3.12/site-packages/airflow/example_dags/example_latest_only_with_trigger.py took 0.069 seconds
[2024-11-03T00:58:41.361+0000] {processor.py:186} INFO - Started process (PID=1401) to work on /home/airflow/.local/lib/python3.12/site-packages/airflow/example_dags/example_latest_only_with_trigger.py
[2024-11-03T00:58:41.363+0000] {processor.py:914} INFO - Processing file /home/airflow/.local/lib/python3.12/site-packages/airflow/example_dags/example_latest_only_with_trigger.py for tasks to queue
[2024-11-03T00:58:41.365+0000] {logging_mixin.py:190} INFO - [2024-11-03T00:58:41.364+0000] {dagbag.py:588} INFO - Filling up the DagBag from /home/airflow/.local/lib/python3.12/site-packages/airflow/example_dags/example_latest_only_with_trigger.py
[2024-11-03T00:58:41.371+0000] {processor.py:925} INFO - DAG(s) 'latest_only_with_trigger' retrieved from /home/airflow/.local/lib/python3.12/site-packages/airflow/example_dags/example_latest_only_with_trigger.py
[2024-11-03T00:58:41.390+0000] {logging_mixin.py:190} INFO - [2024-11-03T00:58:41.390+0000] {dag.py:3239} INFO - Sync 1 DAGs
[2024-11-03T00:58:41.411+0000] {logging_mixin.py:190} INFO - [2024-11-03T00:58:41.411+0000] {dag.py:4180} INFO - Setting next_dagrun for latest_only_with_trigger to 2024-11-02 20:00:00+00:00, run_after=2024-11-03 00:00:00+00:00
[2024-11-03T00:58:41.429+0000] {processor.py:208} INFO - Processing /home/airflow/.local/lib/python3.12/site-packages/airflow/example_dags/example_latest_only_with_trigger.py took 0.072 seconds
[2024-11-03T00:59:11.552+0000] {processor.py:186} INFO - Started process (PID=1464) to work on /home/airflow/.local/lib/python3.12/site-packages/airflow/example_dags/example_latest_only_with_trigger.py
[2024-11-03T00:59:11.553+0000] {processor.py:914} INFO - Processing file /home/airflow/.local/lib/python3.12/site-packages/airflow/example_dags/example_latest_only_with_trigger.py for tasks to queue
[2024-11-03T00:59:11.555+0000] {logging_mixin.py:190} INFO - [2024-11-03T00:59:11.555+0000] {dagbag.py:588} INFO - Filling up the DagBag from /home/airflow/.local/lib/python3.12/site-packages/airflow/example_dags/example_latest_only_with_trigger.py
[2024-11-03T00:59:11.561+0000] {processor.py:925} INFO - DAG(s) 'latest_only_with_trigger' retrieved from /home/airflow/.local/lib/python3.12/site-packages/airflow/example_dags/example_latest_only_with_trigger.py
[2024-11-03T00:59:11.581+0000] {logging_mixin.py:190} INFO - [2024-11-03T00:59:11.581+0000] {dag.py:3239} INFO - Sync 1 DAGs
[2024-11-03T00:59:11.600+0000] {logging_mixin.py:190} INFO - [2024-11-03T00:59:11.600+0000] {dag.py:4180} INFO - Setting next_dagrun for latest_only_with_trigger to 2024-11-02 20:00:00+00:00, run_after=2024-11-03 00:00:00+00:00
[2024-11-03T00:59:11.617+0000] {processor.py:208} INFO - Processing /home/airflow/.local/lib/python3.12/site-packages/airflow/example_dags/example_latest_only_with_trigger.py took 0.069 seconds
[2024-11-03T00:59:42.056+0000] {processor.py:186} INFO - Started process (PID=1527) to work on /home/airflow/.local/lib/python3.12/site-packages/airflow/example_dags/example_latest_only_with_trigger.py
[2024-11-03T00:59:42.057+0000] {processor.py:914} INFO - Processing file /home/airflow/.local/lib/python3.12/site-packages/airflow/example_dags/example_latest_only_with_trigger.py for tasks to queue
[2024-11-03T00:59:42.059+0000] {logging_mixin.py:190} INFO - [2024-11-03T00:59:42.058+0000] {dagbag.py:588} INFO - Filling up the DagBag from /home/airflow/.local/lib/python3.12/site-packages/airflow/example_dags/example_latest_only_with_trigger.py
[2024-11-03T00:59:42.065+0000] {processor.py:925} INFO - DAG(s) 'latest_only_with_trigger' retrieved from /home/airflow/.local/lib/python3.12/site-packages/airflow/example_dags/example_latest_only_with_trigger.py
[2024-11-03T00:59:42.082+0000] {logging_mixin.py:190} INFO - [2024-11-03T00:59:42.082+0000] {dag.py:3239} INFO - Sync 1 DAGs
[2024-11-03T00:59:42.102+0000] {logging_mixin.py:190} INFO - [2024-11-03T00:59:42.101+0000] {dag.py:4180} INFO - Setting next_dagrun for latest_only_with_trigger to 2024-11-02 20:00:00+00:00, run_after=2024-11-03 00:00:00+00:00
[2024-11-03T00:59:42.117+0000] {processor.py:208} INFO - Processing /home/airflow/.local/lib/python3.12/site-packages/airflow/example_dags/example_latest_only_with_trigger.py took 0.066 seconds
[2024-11-03T01:00:12.190+0000] {processor.py:186} INFO - Started process (PID=1590) to work on /home/airflow/.local/lib/python3.12/site-packages/airflow/example_dags/example_latest_only_with_trigger.py
[2024-11-03T01:00:12.191+0000] {processor.py:914} INFO - Processing file /home/airflow/.local/lib/python3.12/site-packages/airflow/example_dags/example_latest_only_with_trigger.py for tasks to queue
[2024-11-03T01:00:12.193+0000] {logging_mixin.py:190} INFO - [2024-11-03T01:00:12.193+0000] {dagbag.py:588} INFO - Filling up the DagBag from /home/airflow/.local/lib/python3.12/site-packages/airflow/example_dags/example_latest_only_with_trigger.py
[2024-11-03T01:00:12.199+0000] {processor.py:925} INFO - DAG(s) 'latest_only_with_trigger' retrieved from /home/airflow/.local/lib/python3.12/site-packages/airflow/example_dags/example_latest_only_with_trigger.py
[2024-11-03T01:00:12.217+0000] {logging_mixin.py:190} INFO - [2024-11-03T01:00:12.216+0000] {dag.py:3239} INFO - Sync 1 DAGs
[2024-11-03T01:00:12.237+0000] {logging_mixin.py:190} INFO - [2024-11-03T01:00:12.237+0000] {dag.py:4180} INFO - Setting next_dagrun for latest_only_with_trigger to 2024-11-02 20:00:00+00:00, run_after=2024-11-03 00:00:00+00:00
[2024-11-03T01:00:12.252+0000] {processor.py:208} INFO - Processing /home/airflow/.local/lib/python3.12/site-packages/airflow/example_dags/example_latest_only_with_trigger.py took 0.067 seconds
[2024-11-03T01:00:42.956+0000] {processor.py:186} INFO - Started process (PID=1653) to work on /home/airflow/.local/lib/python3.12/site-packages/airflow/example_dags/example_latest_only_with_trigger.py
[2024-11-03T01:00:42.957+0000] {processor.py:914} INFO - Processing file /home/airflow/.local/lib/python3.12/site-packages/airflow/example_dags/example_latest_only_with_trigger.py for tasks to queue
[2024-11-03T01:00:42.959+0000] {logging_mixin.py:190} INFO - [2024-11-03T01:00:42.959+0000] {dagbag.py:588} INFO - Filling up the DagBag from /home/airflow/.local/lib/python3.12/site-packages/airflow/example_dags/example_latest_only_with_trigger.py
[2024-11-03T01:00:42.966+0000] {processor.py:925} INFO - DAG(s) 'latest_only_with_trigger' retrieved from /home/airflow/.local/lib/python3.12/site-packages/airflow/example_dags/example_latest_only_with_trigger.py
[2024-11-03T01:00:42.996+0000] {logging_mixin.py:190} INFO - [2024-11-03T01:00:42.995+0000] {dag.py:3239} INFO - Sync 1 DAGs
[2024-11-03T01:00:43.021+0000] {logging_mixin.py:190} INFO - [2024-11-03T01:00:43.021+0000] {dag.py:4180} INFO - Setting next_dagrun for latest_only_with_trigger to 2024-11-02 20:00:00+00:00, run_after=2024-11-03 00:00:00+00:00
[2024-11-03T01:00:43.040+0000] {processor.py:208} INFO - Processing /home/airflow/.local/lib/python3.12/site-packages/airflow/example_dags/example_latest_only_with_trigger.py took 0.089 seconds
[2024-11-03T01:01:13.473+0000] {processor.py:186} INFO - Started process (PID=1716) to work on /home/airflow/.local/lib/python3.12/site-packages/airflow/example_dags/example_latest_only_with_trigger.py
[2024-11-03T01:01:13.473+0000] {processor.py:914} INFO - Processing file /home/airflow/.local/lib/python3.12/site-packages/airflow/example_dags/example_latest_only_with_trigger.py for tasks to queue
[2024-11-03T01:01:13.475+0000] {logging_mixin.py:190} INFO - [2024-11-03T01:01:13.475+0000] {dagbag.py:588} INFO - Filling up the DagBag from /home/airflow/.local/lib/python3.12/site-packages/airflow/example_dags/example_latest_only_with_trigger.py
[2024-11-03T01:01:13.481+0000] {processor.py:925} INFO - DAG(s) 'latest_only_with_trigger' retrieved from /home/airflow/.local/lib/python3.12/site-packages/airflow/example_dags/example_latest_only_with_trigger.py
[2024-11-03T01:01:13.499+0000] {logging_mixin.py:190} INFO - [2024-11-03T01:01:13.499+0000] {dag.py:3239} INFO - Sync 1 DAGs
[2024-11-03T01:01:13.521+0000] {logging_mixin.py:190} INFO - [2024-11-03T01:01:13.520+0000] {dag.py:4180} INFO - Setting next_dagrun for latest_only_with_trigger to 2024-11-02 20:00:00+00:00, run_after=2024-11-03 00:00:00+00:00
[2024-11-03T01:01:13.536+0000] {processor.py:208} INFO - Processing /home/airflow/.local/lib/python3.12/site-packages/airflow/example_dags/example_latest_only_with_trigger.py took 0.068 seconds
[2024-11-03T01:01:44.033+0000] {processor.py:186} INFO - Started process (PID=1779) to work on /home/airflow/.local/lib/python3.12/site-packages/airflow/example_dags/example_latest_only_with_trigger.py
[2024-11-03T01:01:44.034+0000] {processor.py:914} INFO - Processing file /home/airflow/.local/lib/python3.12/site-packages/airflow/example_dags/example_latest_only_with_trigger.py for tasks to queue
[2024-11-03T01:01:44.036+0000] {logging_mixin.py:190} INFO - [2024-11-03T01:01:44.036+0000] {dagbag.py:588} INFO - Filling up the DagBag from /home/airflow/.local/lib/python3.12/site-packages/airflow/example_dags/example_latest_only_with_trigger.py
[2024-11-03T01:01:44.044+0000] {processor.py:925} INFO - DAG(s) 'latest_only_with_trigger' retrieved from /home/airflow/.local/lib/python3.12/site-packages/airflow/example_dags/example_latest_only_with_trigger.py
[2024-11-03T01:01:44.065+0000] {logging_mixin.py:190} INFO - [2024-11-03T01:01:44.065+0000] {dag.py:3239} INFO - Sync 1 DAGs
[2024-11-03T01:01:44.086+0000] {logging_mixin.py:190} INFO - [2024-11-03T01:01:44.085+0000] {dag.py:4180} INFO - Setting next_dagrun for latest_only_with_trigger to 2024-11-02 20:00:00+00:00, run_after=2024-11-03 00:00:00+00:00
[2024-11-03T01:01:44.102+0000] {processor.py:208} INFO - Processing /home/airflow/.local/lib/python3.12/site-packages/airflow/example_dags/example_latest_only_with_trigger.py took 0.074 seconds
[2024-11-03T01:02:14.426+0000] {processor.py:186} INFO - Started process (PID=1842) to work on /home/airflow/.local/lib/python3.12/site-packages/airflow/example_dags/example_latest_only_with_trigger.py
[2024-11-03T01:02:14.427+0000] {processor.py:914} INFO - Processing file /home/airflow/.local/lib/python3.12/site-packages/airflow/example_dags/example_latest_only_with_trigger.py for tasks to queue
[2024-11-03T01:02:14.429+0000] {logging_mixin.py:190} INFO - [2024-11-03T01:02:14.429+0000] {dagbag.py:588} INFO - Filling up the DagBag from /home/airflow/.local/lib/python3.12/site-packages/airflow/example_dags/example_latest_only_with_trigger.py
[2024-11-03T01:02:14.435+0000] {processor.py:925} INFO - DAG(s) 'latest_only_with_trigger' retrieved from /home/airflow/.local/lib/python3.12/site-packages/airflow/example_dags/example_latest_only_with_trigger.py
[2024-11-03T01:02:14.452+0000] {logging_mixin.py:190} INFO - [2024-11-03T01:02:14.452+0000] {dag.py:3239} INFO - Sync 1 DAGs
[2024-11-03T01:02:14.471+0000] {logging_mixin.py:190} INFO - [2024-11-03T01:02:14.471+0000] {dag.py:4180} INFO - Setting next_dagrun for latest_only_with_trigger to 2024-11-02 20:00:00+00:00, run_after=2024-11-03 00:00:00+00:00
[2024-11-03T01:02:14.486+0000] {processor.py:208} INFO - Processing /home/airflow/.local/lib/python3.12/site-packages/airflow/example_dags/example_latest_only_with_trigger.py took 0.065 seconds
[2024-11-03T01:02:44.698+0000] {processor.py:186} INFO - Started process (PID=1905) to work on /home/airflow/.local/lib/python3.12/site-packages/airflow/example_dags/example_latest_only_with_trigger.py
[2024-11-03T01:02:44.699+0000] {processor.py:914} INFO - Processing file /home/airflow/.local/lib/python3.12/site-packages/airflow/example_dags/example_latest_only_with_trigger.py for tasks to queue
[2024-11-03T01:02:44.701+0000] {logging_mixin.py:190} INFO - [2024-11-03T01:02:44.700+0000] {dagbag.py:588} INFO - Filling up the DagBag from /home/airflow/.local/lib/python3.12/site-packages/airflow/example_dags/example_latest_only_with_trigger.py
[2024-11-03T01:02:44.706+0000] {processor.py:925} INFO - DAG(s) 'latest_only_with_trigger' retrieved from /home/airflow/.local/lib/python3.12/site-packages/airflow/example_dags/example_latest_only_with_trigger.py
[2024-11-03T01:02:44.725+0000] {logging_mixin.py:190} INFO - [2024-11-03T01:02:44.725+0000] {dag.py:3239} INFO - Sync 1 DAGs
[2024-11-03T01:02:44.745+0000] {logging_mixin.py:190} INFO - [2024-11-03T01:02:44.744+0000] {dag.py:4180} INFO - Setting next_dagrun for latest_only_with_trigger to 2024-11-02 20:00:00+00:00, run_after=2024-11-03 00:00:00+00:00
[2024-11-03T01:02:44.759+0000] {processor.py:208} INFO - Processing /home/airflow/.local/lib/python3.12/site-packages/airflow/example_dags/example_latest_only_with_trigger.py took 0.066 seconds
[2024-11-03T01:03:14.973+0000] {processor.py:186} INFO - Started process (PID=1968) to work on /home/airflow/.local/lib/python3.12/site-packages/airflow/example_dags/example_latest_only_with_trigger.py
[2024-11-03T01:03:14.974+0000] {processor.py:914} INFO - Processing file /home/airflow/.local/lib/python3.12/site-packages/airflow/example_dags/example_latest_only_with_trigger.py for tasks to queue
[2024-11-03T01:03:14.976+0000] {logging_mixin.py:190} INFO - [2024-11-03T01:03:14.976+0000] {dagbag.py:588} INFO - Filling up the DagBag from /home/airflow/.local/lib/python3.12/site-packages/airflow/example_dags/example_latest_only_with_trigger.py
[2024-11-03T01:03:14.983+0000] {processor.py:925} INFO - DAG(s) 'latest_only_with_trigger' retrieved from /home/airflow/.local/lib/python3.12/site-packages/airflow/example_dags/example_latest_only_with_trigger.py
[2024-11-03T01:03:15.001+0000] {logging_mixin.py:190} INFO - [2024-11-03T01:03:15.001+0000] {dag.py:3239} INFO - Sync 1 DAGs
[2024-11-03T01:03:15.021+0000] {logging_mixin.py:190} INFO - [2024-11-03T01:03:15.021+0000] {dag.py:4180} INFO - Setting next_dagrun for latest_only_with_trigger to 2024-11-02 20:00:00+00:00, run_after=2024-11-03 00:00:00+00:00
[2024-11-03T01:03:15.038+0000] {processor.py:208} INFO - Processing /home/airflow/.local/lib/python3.12/site-packages/airflow/example_dags/example_latest_only_with_trigger.py took 0.070 seconds
[2024-11-03T01:03:45.560+0000] {processor.py:186} INFO - Started process (PID=2031) to work on /home/airflow/.local/lib/python3.12/site-packages/airflow/example_dags/example_latest_only_with_trigger.py
[2024-11-03T01:03:45.561+0000] {processor.py:914} INFO - Processing file /home/airflow/.local/lib/python3.12/site-packages/airflow/example_dags/example_latest_only_with_trigger.py for tasks to queue
[2024-11-03T01:03:45.563+0000] {logging_mixin.py:190} INFO - [2024-11-03T01:03:45.562+0000] {dagbag.py:588} INFO - Filling up the DagBag from /home/airflow/.local/lib/python3.12/site-packages/airflow/example_dags/example_latest_only_with_trigger.py
[2024-11-03T01:03:45.569+0000] {processor.py:925} INFO - DAG(s) 'latest_only_with_trigger' retrieved from /home/airflow/.local/lib/python3.12/site-packages/airflow/example_dags/example_latest_only_with_trigger.py
[2024-11-03T01:03:45.589+0000] {logging_mixin.py:190} INFO - [2024-11-03T01:03:45.589+0000] {dag.py:3239} INFO - Sync 1 DAGs
[2024-11-03T01:03:45.612+0000] {logging_mixin.py:190} INFO - [2024-11-03T01:03:45.612+0000] {dag.py:4180} INFO - Setting next_dagrun for latest_only_with_trigger to 2024-11-02 20:00:00+00:00, run_after=2024-11-03 00:00:00+00:00
[2024-11-03T01:03:45.632+0000] {processor.py:208} INFO - Processing /home/airflow/.local/lib/python3.12/site-packages/airflow/example_dags/example_latest_only_with_trigger.py took 0.077 seconds
[2024-11-03T01:04:16.561+0000] {processor.py:186} INFO - Started process (PID=2094) to work on /home/airflow/.local/lib/python3.12/site-packages/airflow/example_dags/example_latest_only_with_trigger.py
[2024-11-03T01:04:16.562+0000] {processor.py:914} INFO - Processing file /home/airflow/.local/lib/python3.12/site-packages/airflow/example_dags/example_latest_only_with_trigger.py for tasks to queue
[2024-11-03T01:04:16.564+0000] {logging_mixin.py:190} INFO - [2024-11-03T01:04:16.564+0000] {dagbag.py:588} INFO - Filling up the DagBag from /home/airflow/.local/lib/python3.12/site-packages/airflow/example_dags/example_latest_only_with_trigger.py
[2024-11-03T01:04:16.571+0000] {processor.py:925} INFO - DAG(s) 'latest_only_with_trigger' retrieved from /home/airflow/.local/lib/python3.12/site-packages/airflow/example_dags/example_latest_only_with_trigger.py
[2024-11-03T01:04:16.592+0000] {logging_mixin.py:190} INFO - [2024-11-03T01:04:16.592+0000] {dag.py:3239} INFO - Sync 1 DAGs
[2024-11-03T01:04:16.616+0000] {logging_mixin.py:190} INFO - [2024-11-03T01:04:16.616+0000] {dag.py:4180} INFO - Setting next_dagrun for latest_only_with_trigger to 2024-11-02 20:00:00+00:00, run_after=2024-11-03 00:00:00+00:00
[2024-11-03T01:04:16.636+0000] {processor.py:208} INFO - Processing /home/airflow/.local/lib/python3.12/site-packages/airflow/example_dags/example_latest_only_with_trigger.py took 0.081 seconds
[2024-11-03T01:04:47.227+0000] {processor.py:186} INFO - Started process (PID=2157) to work on /home/airflow/.local/lib/python3.12/site-packages/airflow/example_dags/example_latest_only_with_trigger.py
[2024-11-03T01:04:47.228+0000] {processor.py:914} INFO - Processing file /home/airflow/.local/lib/python3.12/site-packages/airflow/example_dags/example_latest_only_with_trigger.py for tasks to queue
[2024-11-03T01:04:47.230+0000] {logging_mixin.py:190} INFO - [2024-11-03T01:04:47.230+0000] {dagbag.py:588} INFO - Filling up the DagBag from /home/airflow/.local/lib/python3.12/site-packages/airflow/example_dags/example_latest_only_with_trigger.py
[2024-11-03T01:04:47.237+0000] {processor.py:925} INFO - DAG(s) 'latest_only_with_trigger' retrieved from /home/airflow/.local/lib/python3.12/site-packages/airflow/example_dags/example_latest_only_with_trigger.py
[2024-11-03T01:04:47.257+0000] {logging_mixin.py:190} INFO - [2024-11-03T01:04:47.256+0000] {dag.py:3239} INFO - Sync 1 DAGs
[2024-11-03T01:04:47.279+0000] {logging_mixin.py:190} INFO - [2024-11-03T01:04:47.279+0000] {dag.py:4180} INFO - Setting next_dagrun for latest_only_with_trigger to 2024-11-02 20:00:00+00:00, run_after=2024-11-03 00:00:00+00:00
[2024-11-03T01:04:47.296+0000] {processor.py:208} INFO - Processing /home/airflow/.local/lib/python3.12/site-packages/airflow/example_dags/example_latest_only_with_trigger.py took 0.074 seconds
[2024-11-03T01:05:17.788+0000] {processor.py:186} INFO - Started process (PID=2220) to work on /home/airflow/.local/lib/python3.12/site-packages/airflow/example_dags/example_latest_only_with_trigger.py
[2024-11-03T01:05:17.789+0000] {processor.py:914} INFO - Processing file /home/airflow/.local/lib/python3.12/site-packages/airflow/example_dags/example_latest_only_with_trigger.py for tasks to queue
[2024-11-03T01:05:17.791+0000] {logging_mixin.py:190} INFO - [2024-11-03T01:05:17.791+0000] {dagbag.py:588} INFO - Filling up the DagBag from /home/airflow/.local/lib/python3.12/site-packages/airflow/example_dags/example_latest_only_with_trigger.py
[2024-11-03T01:05:17.796+0000] {processor.py:925} INFO - DAG(s) 'latest_only_with_trigger' retrieved from /home/airflow/.local/lib/python3.12/site-packages/airflow/example_dags/example_latest_only_with_trigger.py
[2024-11-03T01:05:17.814+0000] {logging_mixin.py:190} INFO - [2024-11-03T01:05:17.814+0000] {dag.py:3239} INFO - Sync 1 DAGs
[2024-11-03T01:05:17.837+0000] {logging_mixin.py:190} INFO - [2024-11-03T01:05:17.836+0000] {dag.py:4180} INFO - Setting next_dagrun for latest_only_with_trigger to 2024-11-02 20:00:00+00:00, run_after=2024-11-03 00:00:00+00:00
[2024-11-03T01:05:17.853+0000] {processor.py:208} INFO - Processing /home/airflow/.local/lib/python3.12/site-packages/airflow/example_dags/example_latest_only_with_trigger.py took 0.070 seconds
[2024-11-03T01:05:48.330+0000] {processor.py:186} INFO - Started process (PID=2283) to work on /home/airflow/.local/lib/python3.12/site-packages/airflow/example_dags/example_latest_only_with_trigger.py
[2024-11-03T01:05:48.331+0000] {processor.py:914} INFO - Processing file /home/airflow/.local/lib/python3.12/site-packages/airflow/example_dags/example_latest_only_with_trigger.py for tasks to queue
[2024-11-03T01:05:48.333+0000] {logging_mixin.py:190} INFO - [2024-11-03T01:05:48.332+0000] {dagbag.py:588} INFO - Filling up the DagBag from /home/airflow/.local/lib/python3.12/site-packages/airflow/example_dags/example_latest_only_with_trigger.py
[2024-11-03T01:05:48.339+0000] {processor.py:925} INFO - DAG(s) 'latest_only_with_trigger' retrieved from /home/airflow/.local/lib/python3.12/site-packages/airflow/example_dags/example_latest_only_with_trigger.py
[2024-11-03T01:05:48.356+0000] {logging_mixin.py:190} INFO - [2024-11-03T01:05:48.356+0000] {dag.py:3239} INFO - Sync 1 DAGs
[2024-11-03T01:05:48.376+0000] {logging_mixin.py:190} INFO - [2024-11-03T01:05:48.375+0000] {dag.py:4180} INFO - Setting next_dagrun for latest_only_with_trigger to 2024-11-02 20:00:00+00:00, run_after=2024-11-03 00:00:00+00:00
[2024-11-03T01:05:48.392+0000] {processor.py:208} INFO - Processing /home/airflow/.local/lib/python3.12/site-packages/airflow/example_dags/example_latest_only_with_trigger.py took 0.066 seconds
[2024-11-03T01:06:18.927+0000] {processor.py:186} INFO - Started process (PID=2346) to work on /home/airflow/.local/lib/python3.12/site-packages/airflow/example_dags/example_latest_only_with_trigger.py
[2024-11-03T01:06:18.928+0000] {processor.py:914} INFO - Processing file /home/airflow/.local/lib/python3.12/site-packages/airflow/example_dags/example_latest_only_with_trigger.py for tasks to queue
[2024-11-03T01:06:18.930+0000] {logging_mixin.py:190} INFO - [2024-11-03T01:06:18.930+0000] {dagbag.py:588} INFO - Filling up the DagBag from /home/airflow/.local/lib/python3.12/site-packages/airflow/example_dags/example_latest_only_with_trigger.py
[2024-11-03T01:06:18.936+0000] {processor.py:925} INFO - DAG(s) 'latest_only_with_trigger' retrieved from /home/airflow/.local/lib/python3.12/site-packages/airflow/example_dags/example_latest_only_with_trigger.py
[2024-11-03T01:06:18.955+0000] {logging_mixin.py:190} INFO - [2024-11-03T01:06:18.954+0000] {dag.py:3239} INFO - Sync 1 DAGs
[2024-11-03T01:06:18.976+0000] {logging_mixin.py:190} INFO - [2024-11-03T01:06:18.976+0000] {dag.py:4180} INFO - Setting next_dagrun for latest_only_with_trigger to 2024-11-02 20:00:00+00:00, run_after=2024-11-03 00:00:00+00:00
[2024-11-03T01:06:18.992+0000] {processor.py:208} INFO - Processing /home/airflow/.local/lib/python3.12/site-packages/airflow/example_dags/example_latest_only_with_trigger.py took 0.070 seconds
