[2024-11-03T00:00:04.642+0000] {processor.py:186} INFO - Started process (PID=804) to work on /home/airflow/.local/lib/python3.12/site-packages/airflow/example_dags/example_complex.py
[2024-11-03T00:00:04.642+0000] {processor.py:914} INFO - Processing file /home/airflow/.local/lib/python3.12/site-packages/airflow/example_dags/example_complex.py for tasks to queue
[2024-11-03T00:00:04.644+0000] {logging_mixin.py:190} INFO - [2024-11-03T00:00:04.644+0000] {dagbag.py:588} INFO - Filling up the DagBag from /home/airflow/.local/lib/python3.12/site-packages/airflow/example_dags/example_complex.py
[2024-11-03T00:00:04.654+0000] {processor.py:925} INFO - DAG(s) 'example_complex' retrieved from /home/airflow/.local/lib/python3.12/site-packages/airflow/example_dags/example_complex.py
[2024-11-03T00:00:04.681+0000] {logging_mixin.py:190} INFO - [2024-11-03T00:00:04.681+0000] {dag.py:3239} INFO - Sync 1 DAGs
[2024-11-03T00:00:04.693+0000] {logging_mixin.py:190} INFO - [2024-11-03T00:00:04.693+0000] {dag.py:4180} INFO - Setting next_dagrun for example_complex to None, run_after=None
[2024-11-03T00:00:04.708+0000] {processor.py:208} INFO - Processing /home/airflow/.local/lib/python3.12/site-packages/airflow/example_dags/example_complex.py took 0.071 seconds
[2024-11-03T00:00:35.156+0000] {processor.py:186} INFO - Started process (PID=867) to work on /home/airflow/.local/lib/python3.12/site-packages/airflow/example_dags/example_complex.py
[2024-11-03T00:00:35.157+0000] {processor.py:914} INFO - Processing file /home/airflow/.local/lib/python3.12/site-packages/airflow/example_dags/example_complex.py for tasks to queue
[2024-11-03T00:00:35.159+0000] {logging_mixin.py:190} INFO - [2024-11-03T00:00:35.158+0000] {dagbag.py:588} INFO - Filling up the DagBag from /home/airflow/.local/lib/python3.12/site-packages/airflow/example_dags/example_complex.py
[2024-11-03T00:00:35.168+0000] {processor.py:925} INFO - DAG(s) 'example_complex' retrieved from /home/airflow/.local/lib/python3.12/site-packages/airflow/example_dags/example_complex.py
[2024-11-03T00:00:35.197+0000] {logging_mixin.py:190} INFO - [2024-11-03T00:00:35.197+0000] {dag.py:3239} INFO - Sync 1 DAGs
[2024-11-03T00:00:35.214+0000] {logging_mixin.py:190} INFO - [2024-11-03T00:00:35.214+0000] {dag.py:4180} INFO - Setting next_dagrun for example_complex to None, run_after=None
[2024-11-03T00:00:35.241+0000] {processor.py:208} INFO - Processing /home/airflow/.local/lib/python3.12/site-packages/airflow/example_dags/example_complex.py took 0.091 seconds
[2024-11-03T00:01:06.370+0000] {processor.py:186} INFO - Started process (PID=930) to work on /home/airflow/.local/lib/python3.12/site-packages/airflow/example_dags/example_complex.py
[2024-11-03T00:01:06.371+0000] {processor.py:914} INFO - Processing file /home/airflow/.local/lib/python3.12/site-packages/airflow/example_dags/example_complex.py for tasks to queue
[2024-11-03T00:01:06.373+0000] {logging_mixin.py:190} INFO - [2024-11-03T00:01:06.372+0000] {dagbag.py:588} INFO - Filling up the DagBag from /home/airflow/.local/lib/python3.12/site-packages/airflow/example_dags/example_complex.py
[2024-11-03T00:01:06.383+0000] {processor.py:925} INFO - DAG(s) 'example_complex' retrieved from /home/airflow/.local/lib/python3.12/site-packages/airflow/example_dags/example_complex.py
[2024-11-03T00:01:06.410+0000] {logging_mixin.py:190} INFO - [2024-11-03T00:01:06.410+0000] {dag.py:3239} INFO - Sync 1 DAGs
[2024-11-03T00:01:06.423+0000] {logging_mixin.py:190} INFO - [2024-11-03T00:01:06.422+0000] {dag.py:4180} INFO - Setting next_dagrun for example_complex to None, run_after=None
[2024-11-03T00:01:06.438+0000] {processor.py:208} INFO - Processing /home/airflow/.local/lib/python3.12/site-packages/airflow/example_dags/example_complex.py took 0.073 seconds
[2024-11-03T00:01:36.662+0000] {processor.py:186} INFO - Started process (PID=993) to work on /home/airflow/.local/lib/python3.12/site-packages/airflow/example_dags/example_complex.py
[2024-11-03T00:01:36.663+0000] {processor.py:914} INFO - Processing file /home/airflow/.local/lib/python3.12/site-packages/airflow/example_dags/example_complex.py for tasks to queue
[2024-11-03T00:01:36.666+0000] {logging_mixin.py:190} INFO - [2024-11-03T00:01:36.665+0000] {dagbag.py:588} INFO - Filling up the DagBag from /home/airflow/.local/lib/python3.12/site-packages/airflow/example_dags/example_complex.py
[2024-11-03T00:01:36.676+0000] {processor.py:925} INFO - DAG(s) 'example_complex' retrieved from /home/airflow/.local/lib/python3.12/site-packages/airflow/example_dags/example_complex.py
[2024-11-03T00:01:36.705+0000] {logging_mixin.py:190} INFO - [2024-11-03T00:01:36.705+0000] {dag.py:3239} INFO - Sync 1 DAGs
[2024-11-03T00:01:36.717+0000] {logging_mixin.py:190} INFO - [2024-11-03T00:01:36.717+0000] {dag.py:4180} INFO - Setting next_dagrun for example_complex to None, run_after=None
[2024-11-03T00:01:36.735+0000] {processor.py:208} INFO - Processing /home/airflow/.local/lib/python3.12/site-packages/airflow/example_dags/example_complex.py took 0.078 seconds
[2024-11-03T00:48:07.872+0000] {processor.py:186} INFO - Started process (PID=109) to work on /home/airflow/.local/lib/python3.12/site-packages/airflow/example_dags/example_complex.py
[2024-11-03T00:48:07.873+0000] {processor.py:914} INFO - Processing file /home/airflow/.local/lib/python3.12/site-packages/airflow/example_dags/example_complex.py for tasks to queue
[2024-11-03T00:48:07.875+0000] {logging_mixin.py:190} INFO - [2024-11-03T00:48:07.875+0000] {dagbag.py:588} INFO - Filling up the DagBag from /home/airflow/.local/lib/python3.12/site-packages/airflow/example_dags/example_complex.py
[2024-11-03T00:48:07.887+0000] {processor.py:925} INFO - DAG(s) 'example_complex' retrieved from /home/airflow/.local/lib/python3.12/site-packages/airflow/example_dags/example_complex.py
[2024-11-03T00:48:07.995+0000] {logging_mixin.py:190} INFO - [2024-11-03T00:48:07.994+0000] {override.py:1900} INFO - Created Permission View: can delete on DAG:example_complex
[2024-11-03T00:48:08.003+0000] {logging_mixin.py:190} INFO - [2024-11-03T00:48:08.003+0000] {override.py:1900} INFO - Created Permission View: can edit on DAG:example_complex
[2024-11-03T00:48:08.008+0000] {logging_mixin.py:190} INFO - [2024-11-03T00:48:08.008+0000] {override.py:1900} INFO - Created Permission View: can read on DAG:example_complex
[2024-11-03T00:48:08.017+0000] {logging_mixin.py:190} INFO - [2024-11-03T00:48:08.016+0000] {override.py:1900} INFO - Created Permission View: can create on DAG Run:example_complex
[2024-11-03T00:48:08.022+0000] {logging_mixin.py:190} INFO - [2024-11-03T00:48:08.022+0000] {override.py:1900} INFO - Created Permission View: can delete on DAG Run:example_complex
[2024-11-03T00:48:08.029+0000] {logging_mixin.py:190} INFO - [2024-11-03T00:48:08.028+0000] {override.py:1900} INFO - Created Permission View: menu access on DAG Run:example_complex
[2024-11-03T00:48:08.034+0000] {logging_mixin.py:190} INFO - [2024-11-03T00:48:08.034+0000] {override.py:1900} INFO - Created Permission View: can read on DAG Run:example_complex
[2024-11-03T00:48:08.035+0000] {logging_mixin.py:190} INFO - [2024-11-03T00:48:08.035+0000] {dag.py:3239} INFO - Sync 1 DAGs
[2024-11-03T00:48:08.046+0000] {logging_mixin.py:190} INFO - [2024-11-03T00:48:08.046+0000] {dag.py:3262} INFO - Creating ORM DAG for example_complex
[2024-11-03T00:48:08.046+0000] {logging_mixin.py:190} INFO - [2024-11-03T00:48:08.046+0000] {dag.py:4180} INFO - Setting next_dagrun for example_complex to None, run_after=None
[2024-11-03T00:48:08.063+0000] {processor.py:208} INFO - Processing /home/airflow/.local/lib/python3.12/site-packages/airflow/example_dags/example_complex.py took 0.196 seconds
[2024-11-03T00:48:38.549+0000] {processor.py:186} INFO - Started process (PID=172) to work on /home/airflow/.local/lib/python3.12/site-packages/airflow/example_dags/example_complex.py
[2024-11-03T00:48:38.550+0000] {processor.py:914} INFO - Processing file /home/airflow/.local/lib/python3.12/site-packages/airflow/example_dags/example_complex.py for tasks to queue
[2024-11-03T00:48:38.552+0000] {logging_mixin.py:190} INFO - [2024-11-03T00:48:38.551+0000] {dagbag.py:588} INFO - Filling up the DagBag from /home/airflow/.local/lib/python3.12/site-packages/airflow/example_dags/example_complex.py
[2024-11-03T00:48:38.561+0000] {processor.py:925} INFO - DAG(s) 'example_complex' retrieved from /home/airflow/.local/lib/python3.12/site-packages/airflow/example_dags/example_complex.py
[2024-11-03T00:48:38.589+0000] {logging_mixin.py:190} INFO - [2024-11-03T00:48:38.589+0000] {dag.py:3239} INFO - Sync 1 DAGs
[2024-11-03T00:48:38.601+0000] {logging_mixin.py:190} INFO - [2024-11-03T00:48:38.601+0000] {dag.py:4180} INFO - Setting next_dagrun for example_complex to None, run_after=None
[2024-11-03T00:48:38.618+0000] {processor.py:208} INFO - Processing /home/airflow/.local/lib/python3.12/site-packages/airflow/example_dags/example_complex.py took 0.074 seconds
[2024-11-03T00:49:08.915+0000] {processor.py:186} INFO - Started process (PID=235) to work on /home/airflow/.local/lib/python3.12/site-packages/airflow/example_dags/example_complex.py
[2024-11-03T00:49:08.916+0000] {processor.py:914} INFO - Processing file /home/airflow/.local/lib/python3.12/site-packages/airflow/example_dags/example_complex.py for tasks to queue
[2024-11-03T00:49:08.918+0000] {logging_mixin.py:190} INFO - [2024-11-03T00:49:08.918+0000] {dagbag.py:588} INFO - Filling up the DagBag from /home/airflow/.local/lib/python3.12/site-packages/airflow/example_dags/example_complex.py
[2024-11-03T00:49:08.928+0000] {processor.py:925} INFO - DAG(s) 'example_complex' retrieved from /home/airflow/.local/lib/python3.12/site-packages/airflow/example_dags/example_complex.py
[2024-11-03T00:49:08.954+0000] {logging_mixin.py:190} INFO - [2024-11-03T00:49:08.954+0000] {dag.py:3239} INFO - Sync 1 DAGs
[2024-11-03T00:49:08.967+0000] {logging_mixin.py:190} INFO - [2024-11-03T00:49:08.967+0000] {dag.py:4180} INFO - Setting next_dagrun for example_complex to None, run_after=None
[2024-11-03T00:49:08.985+0000] {processor.py:208} INFO - Processing /home/airflow/.local/lib/python3.12/site-packages/airflow/example_dags/example_complex.py took 0.075 seconds
[2024-11-03T00:49:39.270+0000] {processor.py:186} INFO - Started process (PID=298) to work on /home/airflow/.local/lib/python3.12/site-packages/airflow/example_dags/example_complex.py
[2024-11-03T00:49:39.271+0000] {processor.py:914} INFO - Processing file /home/airflow/.local/lib/python3.12/site-packages/airflow/example_dags/example_complex.py for tasks to queue
[2024-11-03T00:49:39.273+0000] {logging_mixin.py:190} INFO - [2024-11-03T00:49:39.272+0000] {dagbag.py:588} INFO - Filling up the DagBag from /home/airflow/.local/lib/python3.12/site-packages/airflow/example_dags/example_complex.py
[2024-11-03T00:49:39.282+0000] {processor.py:925} INFO - DAG(s) 'example_complex' retrieved from /home/airflow/.local/lib/python3.12/site-packages/airflow/example_dags/example_complex.py
[2024-11-03T00:49:39.312+0000] {logging_mixin.py:190} INFO - [2024-11-03T00:49:39.312+0000] {dag.py:3239} INFO - Sync 1 DAGs
[2024-11-03T00:49:39.324+0000] {logging_mixin.py:190} INFO - [2024-11-03T00:49:39.324+0000] {dag.py:4180} INFO - Setting next_dagrun for example_complex to None, run_after=None
[2024-11-03T00:49:39.344+0000] {processor.py:208} INFO - Processing /home/airflow/.local/lib/python3.12/site-packages/airflow/example_dags/example_complex.py took 0.078 seconds
[2024-11-03T00:50:09.869+0000] {processor.py:186} INFO - Started process (PID=361) to work on /home/airflow/.local/lib/python3.12/site-packages/airflow/example_dags/example_complex.py
[2024-11-03T00:50:09.870+0000] {processor.py:914} INFO - Processing file /home/airflow/.local/lib/python3.12/site-packages/airflow/example_dags/example_complex.py for tasks to queue
[2024-11-03T00:50:09.873+0000] {logging_mixin.py:190} INFO - [2024-11-03T00:50:09.873+0000] {dagbag.py:588} INFO - Filling up the DagBag from /home/airflow/.local/lib/python3.12/site-packages/airflow/example_dags/example_complex.py
[2024-11-03T00:50:09.885+0000] {processor.py:925} INFO - DAG(s) 'example_complex' retrieved from /home/airflow/.local/lib/python3.12/site-packages/airflow/example_dags/example_complex.py
[2024-11-03T00:50:09.916+0000] {logging_mixin.py:190} INFO - [2024-11-03T00:50:09.916+0000] {dag.py:3239} INFO - Sync 1 DAGs
[2024-11-03T00:50:09.932+0000] {logging_mixin.py:190} INFO - [2024-11-03T00:50:09.932+0000] {dag.py:4180} INFO - Setting next_dagrun for example_complex to None, run_after=None
[2024-11-03T00:50:09.955+0000] {processor.py:208} INFO - Processing /home/airflow/.local/lib/python3.12/site-packages/airflow/example_dags/example_complex.py took 0.091 seconds
[2024-11-03T00:50:40.376+0000] {processor.py:186} INFO - Started process (PID=424) to work on /home/airflow/.local/lib/python3.12/site-packages/airflow/example_dags/example_complex.py
[2024-11-03T00:50:40.377+0000] {processor.py:914} INFO - Processing file /home/airflow/.local/lib/python3.12/site-packages/airflow/example_dags/example_complex.py for tasks to queue
[2024-11-03T00:50:40.379+0000] {logging_mixin.py:190} INFO - [2024-11-03T00:50:40.379+0000] {dagbag.py:588} INFO - Filling up the DagBag from /home/airflow/.local/lib/python3.12/site-packages/airflow/example_dags/example_complex.py
[2024-11-03T00:50:40.389+0000] {processor.py:925} INFO - DAG(s) 'example_complex' retrieved from /home/airflow/.local/lib/python3.12/site-packages/airflow/example_dags/example_complex.py
[2024-11-03T00:50:40.417+0000] {logging_mixin.py:190} INFO - [2024-11-03T00:50:40.417+0000] {dag.py:3239} INFO - Sync 1 DAGs
[2024-11-03T00:50:40.430+0000] {logging_mixin.py:190} INFO - [2024-11-03T00:50:40.430+0000] {dag.py:4180} INFO - Setting next_dagrun for example_complex to None, run_after=None
[2024-11-03T00:50:40.447+0000] {processor.py:208} INFO - Processing /home/airflow/.local/lib/python3.12/site-packages/airflow/example_dags/example_complex.py took 0.075 seconds
[2024-11-03T00:51:10.858+0000] {processor.py:186} INFO - Started process (PID=487) to work on /home/airflow/.local/lib/python3.12/site-packages/airflow/example_dags/example_complex.py
[2024-11-03T00:51:10.859+0000] {processor.py:914} INFO - Processing file /home/airflow/.local/lib/python3.12/site-packages/airflow/example_dags/example_complex.py for tasks to queue
[2024-11-03T00:51:10.861+0000] {logging_mixin.py:190} INFO - [2024-11-03T00:51:10.860+0000] {dagbag.py:588} INFO - Filling up the DagBag from /home/airflow/.local/lib/python3.12/site-packages/airflow/example_dags/example_complex.py
[2024-11-03T00:51:10.871+0000] {processor.py:925} INFO - DAG(s) 'example_complex' retrieved from /home/airflow/.local/lib/python3.12/site-packages/airflow/example_dags/example_complex.py
[2024-11-03T00:51:10.903+0000] {logging_mixin.py:190} INFO - [2024-11-03T00:51:10.903+0000] {dag.py:3239} INFO - Sync 1 DAGs
[2024-11-03T00:51:10.917+0000] {logging_mixin.py:190} INFO - [2024-11-03T00:51:10.916+0000] {dag.py:4180} INFO - Setting next_dagrun for example_complex to None, run_after=None
[2024-11-03T00:51:10.934+0000] {processor.py:208} INFO - Processing /home/airflow/.local/lib/python3.12/site-packages/airflow/example_dags/example_complex.py took 0.082 seconds
[2024-11-03T00:51:41.333+0000] {processor.py:186} INFO - Started process (PID=550) to work on /home/airflow/.local/lib/python3.12/site-packages/airflow/example_dags/example_complex.py
[2024-11-03T00:51:41.334+0000] {processor.py:914} INFO - Processing file /home/airflow/.local/lib/python3.12/site-packages/airflow/example_dags/example_complex.py for tasks to queue
[2024-11-03T00:51:41.336+0000] {logging_mixin.py:190} INFO - [2024-11-03T00:51:41.335+0000] {dagbag.py:588} INFO - Filling up the DagBag from /home/airflow/.local/lib/python3.12/site-packages/airflow/example_dags/example_complex.py
[2024-11-03T00:51:41.346+0000] {processor.py:925} INFO - DAG(s) 'example_complex' retrieved from /home/airflow/.local/lib/python3.12/site-packages/airflow/example_dags/example_complex.py
[2024-11-03T00:51:41.377+0000] {logging_mixin.py:190} INFO - [2024-11-03T00:51:41.377+0000] {dag.py:3239} INFO - Sync 1 DAGs
[2024-11-03T00:51:41.392+0000] {logging_mixin.py:190} INFO - [2024-11-03T00:51:41.392+0000] {dag.py:4180} INFO - Setting next_dagrun for example_complex to None, run_after=None
[2024-11-03T00:51:41.412+0000] {processor.py:208} INFO - Processing /home/airflow/.local/lib/python3.12/site-packages/airflow/example_dags/example_complex.py took 0.084 seconds
[2024-11-03T00:52:11.680+0000] {processor.py:186} INFO - Started process (PID=613) to work on /home/airflow/.local/lib/python3.12/site-packages/airflow/example_dags/example_complex.py
[2024-11-03T00:52:11.681+0000] {processor.py:914} INFO - Processing file /home/airflow/.local/lib/python3.12/site-packages/airflow/example_dags/example_complex.py for tasks to queue
[2024-11-03T00:52:11.683+0000] {logging_mixin.py:190} INFO - [2024-11-03T00:52:11.682+0000] {dagbag.py:588} INFO - Filling up the DagBag from /home/airflow/.local/lib/python3.12/site-packages/airflow/example_dags/example_complex.py
[2024-11-03T00:52:11.692+0000] {processor.py:925} INFO - DAG(s) 'example_complex' retrieved from /home/airflow/.local/lib/python3.12/site-packages/airflow/example_dags/example_complex.py
[2024-11-03T00:52:11.721+0000] {logging_mixin.py:190} INFO - [2024-11-03T00:52:11.721+0000] {dag.py:3239} INFO - Sync 1 DAGs
[2024-11-03T00:52:11.734+0000] {logging_mixin.py:190} INFO - [2024-11-03T00:52:11.734+0000] {dag.py:4180} INFO - Setting next_dagrun for example_complex to None, run_after=None
[2024-11-03T00:52:11.752+0000] {processor.py:208} INFO - Processing /home/airflow/.local/lib/python3.12/site-packages/airflow/example_dags/example_complex.py took 0.076 seconds
[2024-11-03T00:52:41.987+0000] {processor.py:186} INFO - Started process (PID=676) to work on /home/airflow/.local/lib/python3.12/site-packages/airflow/example_dags/example_complex.py
[2024-11-03T00:52:41.988+0000] {processor.py:914} INFO - Processing file /home/airflow/.local/lib/python3.12/site-packages/airflow/example_dags/example_complex.py for tasks to queue
[2024-11-03T00:52:41.990+0000] {logging_mixin.py:190} INFO - [2024-11-03T00:52:41.990+0000] {dagbag.py:588} INFO - Filling up the DagBag from /home/airflow/.local/lib/python3.12/site-packages/airflow/example_dags/example_complex.py
[2024-11-03T00:52:42.001+0000] {processor.py:925} INFO - DAG(s) 'example_complex' retrieved from /home/airflow/.local/lib/python3.12/site-packages/airflow/example_dags/example_complex.py
[2024-11-03T00:52:42.029+0000] {logging_mixin.py:190} INFO - [2024-11-03T00:52:42.029+0000] {dag.py:3239} INFO - Sync 1 DAGs
[2024-11-03T00:52:42.043+0000] {logging_mixin.py:190} INFO - [2024-11-03T00:52:42.042+0000] {dag.py:4180} INFO - Setting next_dagrun for example_complex to None, run_after=None
[2024-11-03T00:52:42.059+0000] {processor.py:208} INFO - Processing /home/airflow/.local/lib/python3.12/site-packages/airflow/example_dags/example_complex.py took 0.077 seconds
[2024-11-03T00:53:12.283+0000] {processor.py:186} INFO - Started process (PID=739) to work on /home/airflow/.local/lib/python3.12/site-packages/airflow/example_dags/example_complex.py
[2024-11-03T00:53:12.284+0000] {processor.py:914} INFO - Processing file /home/airflow/.local/lib/python3.12/site-packages/airflow/example_dags/example_complex.py for tasks to queue
[2024-11-03T00:53:12.286+0000] {logging_mixin.py:190} INFO - [2024-11-03T00:53:12.286+0000] {dagbag.py:588} INFO - Filling up the DagBag from /home/airflow/.local/lib/python3.12/site-packages/airflow/example_dags/example_complex.py
[2024-11-03T00:53:12.296+0000] {processor.py:925} INFO - DAG(s) 'example_complex' retrieved from /home/airflow/.local/lib/python3.12/site-packages/airflow/example_dags/example_complex.py
[2024-11-03T00:53:12.325+0000] {logging_mixin.py:190} INFO - [2024-11-03T00:53:12.325+0000] {dag.py:3239} INFO - Sync 1 DAGs
[2024-11-03T00:53:12.338+0000] {logging_mixin.py:190} INFO - [2024-11-03T00:53:12.338+0000] {dag.py:4180} INFO - Setting next_dagrun for example_complex to None, run_after=None
[2024-11-03T00:53:12.356+0000] {processor.py:208} INFO - Processing /home/airflow/.local/lib/python3.12/site-packages/airflow/example_dags/example_complex.py took 0.078 seconds
[2024-11-03T00:53:42.784+0000] {processor.py:186} INFO - Started process (PID=802) to work on /home/airflow/.local/lib/python3.12/site-packages/airflow/example_dags/example_complex.py
[2024-11-03T00:53:42.785+0000] {processor.py:914} INFO - Processing file /home/airflow/.local/lib/python3.12/site-packages/airflow/example_dags/example_complex.py for tasks to queue
[2024-11-03T00:53:42.787+0000] {logging_mixin.py:190} INFO - [2024-11-03T00:53:42.787+0000] {dagbag.py:588} INFO - Filling up the DagBag from /home/airflow/.local/lib/python3.12/site-packages/airflow/example_dags/example_complex.py
[2024-11-03T00:53:42.799+0000] {processor.py:925} INFO - DAG(s) 'example_complex' retrieved from /home/airflow/.local/lib/python3.12/site-packages/airflow/example_dags/example_complex.py
[2024-11-03T00:53:42.827+0000] {logging_mixin.py:190} INFO - [2024-11-03T00:53:42.827+0000] {dag.py:3239} INFO - Sync 1 DAGs
[2024-11-03T00:53:42.839+0000] {logging_mixin.py:190} INFO - [2024-11-03T00:53:42.839+0000] {dag.py:4180} INFO - Setting next_dagrun for example_complex to None, run_after=None
[2024-11-03T00:53:42.857+0000] {processor.py:208} INFO - Processing /home/airflow/.local/lib/python3.12/site-packages/airflow/example_dags/example_complex.py took 0.078 seconds
[2024-11-03T00:54:13.977+0000] {processor.py:186} INFO - Started process (PID=865) to work on /home/airflow/.local/lib/python3.12/site-packages/airflow/example_dags/example_complex.py
[2024-11-03T00:54:13.978+0000] {processor.py:914} INFO - Processing file /home/airflow/.local/lib/python3.12/site-packages/airflow/example_dags/example_complex.py for tasks to queue
[2024-11-03T00:54:13.980+0000] {logging_mixin.py:190} INFO - [2024-11-03T00:54:13.979+0000] {dagbag.py:588} INFO - Filling up the DagBag from /home/airflow/.local/lib/python3.12/site-packages/airflow/example_dags/example_complex.py
[2024-11-03T00:54:13.990+0000] {processor.py:925} INFO - DAG(s) 'example_complex' retrieved from /home/airflow/.local/lib/python3.12/site-packages/airflow/example_dags/example_complex.py
[2024-11-03T00:54:14.025+0000] {logging_mixin.py:190} INFO - [2024-11-03T00:54:14.025+0000] {dag.py:3239} INFO - Sync 1 DAGs
[2024-11-03T00:54:14.039+0000] {logging_mixin.py:190} INFO - [2024-11-03T00:54:14.039+0000] {dag.py:4180} INFO - Setting next_dagrun for example_complex to None, run_after=None
[2024-11-03T00:54:14.058+0000] {processor.py:208} INFO - Processing /home/airflow/.local/lib/python3.12/site-packages/airflow/example_dags/example_complex.py took 0.086 seconds
[2024-11-03T00:54:44.366+0000] {processor.py:186} INFO - Started process (PID=928) to work on /home/airflow/.local/lib/python3.12/site-packages/airflow/example_dags/example_complex.py
[2024-11-03T00:54:44.367+0000] {processor.py:914} INFO - Processing file /home/airflow/.local/lib/python3.12/site-packages/airflow/example_dags/example_complex.py for tasks to queue
[2024-11-03T00:54:44.369+0000] {logging_mixin.py:190} INFO - [2024-11-03T00:54:44.368+0000] {dagbag.py:588} INFO - Filling up the DagBag from /home/airflow/.local/lib/python3.12/site-packages/airflow/example_dags/example_complex.py
[2024-11-03T00:54:44.380+0000] {processor.py:925} INFO - DAG(s) 'example_complex' retrieved from /home/airflow/.local/lib/python3.12/site-packages/airflow/example_dags/example_complex.py
[2024-11-03T00:54:44.409+0000] {logging_mixin.py:190} INFO - [2024-11-03T00:54:44.408+0000] {dag.py:3239} INFO - Sync 1 DAGs
[2024-11-03T00:54:44.422+0000] {logging_mixin.py:190} INFO - [2024-11-03T00:54:44.421+0000] {dag.py:4180} INFO - Setting next_dagrun for example_complex to None, run_after=None
[2024-11-03T00:54:44.438+0000] {processor.py:208} INFO - Processing /home/airflow/.local/lib/python3.12/site-packages/airflow/example_dags/example_complex.py took 0.077 seconds
[2024-11-03T00:55:14.610+0000] {processor.py:186} INFO - Started process (PID=991) to work on /home/airflow/.local/lib/python3.12/site-packages/airflow/example_dags/example_complex.py
[2024-11-03T00:55:14.610+0000] {processor.py:914} INFO - Processing file /home/airflow/.local/lib/python3.12/site-packages/airflow/example_dags/example_complex.py for tasks to queue
[2024-11-03T00:55:14.612+0000] {logging_mixin.py:190} INFO - [2024-11-03T00:55:14.612+0000] {dagbag.py:588} INFO - Filling up the DagBag from /home/airflow/.local/lib/python3.12/site-packages/airflow/example_dags/example_complex.py
[2024-11-03T00:55:14.623+0000] {processor.py:925} INFO - DAG(s) 'example_complex' retrieved from /home/airflow/.local/lib/python3.12/site-packages/airflow/example_dags/example_complex.py
[2024-11-03T00:55:14.651+0000] {logging_mixin.py:190} INFO - [2024-11-03T00:55:14.650+0000] {dag.py:3239} INFO - Sync 1 DAGs
[2024-11-03T00:55:14.663+0000] {logging_mixin.py:190} INFO - [2024-11-03T00:55:14.663+0000] {dag.py:4180} INFO - Setting next_dagrun for example_complex to None, run_after=None
[2024-11-03T00:55:14.680+0000] {processor.py:208} INFO - Processing /home/airflow/.local/lib/python3.12/site-packages/airflow/example_dags/example_complex.py took 0.075 seconds
[2024-11-03T00:55:45.133+0000] {processor.py:186} INFO - Started process (PID=1054) to work on /home/airflow/.local/lib/python3.12/site-packages/airflow/example_dags/example_complex.py
[2024-11-03T00:55:45.134+0000] {processor.py:914} INFO - Processing file /home/airflow/.local/lib/python3.12/site-packages/airflow/example_dags/example_complex.py for tasks to queue
[2024-11-03T00:55:45.139+0000] {logging_mixin.py:190} INFO - [2024-11-03T00:55:45.138+0000] {dagbag.py:588} INFO - Filling up the DagBag from /home/airflow/.local/lib/python3.12/site-packages/airflow/example_dags/example_complex.py
[2024-11-03T00:55:45.156+0000] {processor.py:925} INFO - DAG(s) 'example_complex' retrieved from /home/airflow/.local/lib/python3.12/site-packages/airflow/example_dags/example_complex.py
[2024-11-03T00:55:45.190+0000] {logging_mixin.py:190} INFO - [2024-11-03T00:55:45.189+0000] {dag.py:3239} INFO - Sync 1 DAGs
[2024-11-03T00:55:45.204+0000] {logging_mixin.py:190} INFO - [2024-11-03T00:55:45.204+0000] {dag.py:4180} INFO - Setting next_dagrun for example_complex to None, run_after=None
[2024-11-03T00:55:45.223+0000] {processor.py:208} INFO - Processing /home/airflow/.local/lib/python3.12/site-packages/airflow/example_dags/example_complex.py took 0.096 seconds
[2024-11-03T00:56:15.604+0000] {processor.py:186} INFO - Started process (PID=1117) to work on /home/airflow/.local/lib/python3.12/site-packages/airflow/example_dags/example_complex.py
[2024-11-03T00:56:15.605+0000] {processor.py:914} INFO - Processing file /home/airflow/.local/lib/python3.12/site-packages/airflow/example_dags/example_complex.py for tasks to queue
[2024-11-03T00:56:15.607+0000] {logging_mixin.py:190} INFO - [2024-11-03T00:56:15.607+0000] {dagbag.py:588} INFO - Filling up the DagBag from /home/airflow/.local/lib/python3.12/site-packages/airflow/example_dags/example_complex.py
[2024-11-03T00:56:15.617+0000] {processor.py:925} INFO - DAG(s) 'example_complex' retrieved from /home/airflow/.local/lib/python3.12/site-packages/airflow/example_dags/example_complex.py
[2024-11-03T00:56:15.645+0000] {logging_mixin.py:190} INFO - [2024-11-03T00:56:15.644+0000] {dag.py:3239} INFO - Sync 1 DAGs
[2024-11-03T00:56:15.663+0000] {logging_mixin.py:190} INFO - [2024-11-03T00:56:15.663+0000] {dag.py:4180} INFO - Setting next_dagrun for example_complex to None, run_after=None
[2024-11-03T00:56:15.679+0000] {processor.py:208} INFO - Processing /home/airflow/.local/lib/python3.12/site-packages/airflow/example_dags/example_complex.py took 0.080 seconds
[2024-11-03T00:56:45.902+0000] {processor.py:186} INFO - Started process (PID=1180) to work on /home/airflow/.local/lib/python3.12/site-packages/airflow/example_dags/example_complex.py
[2024-11-03T00:56:45.903+0000] {processor.py:914} INFO - Processing file /home/airflow/.local/lib/python3.12/site-packages/airflow/example_dags/example_complex.py for tasks to queue
[2024-11-03T00:56:45.905+0000] {logging_mixin.py:190} INFO - [2024-11-03T00:56:45.904+0000] {dagbag.py:588} INFO - Filling up the DagBag from /home/airflow/.local/lib/python3.12/site-packages/airflow/example_dags/example_complex.py
[2024-11-03T00:56:45.915+0000] {processor.py:925} INFO - DAG(s) 'example_complex' retrieved from /home/airflow/.local/lib/python3.12/site-packages/airflow/example_dags/example_complex.py
[2024-11-03T00:56:45.944+0000] {logging_mixin.py:190} INFO - [2024-11-03T00:56:45.944+0000] {dag.py:3239} INFO - Sync 1 DAGs
[2024-11-03T00:56:45.956+0000] {logging_mixin.py:190} INFO - [2024-11-03T00:56:45.956+0000] {dag.py:4180} INFO - Setting next_dagrun for example_complex to None, run_after=None
[2024-11-03T00:56:45.971+0000] {processor.py:208} INFO - Processing /home/airflow/.local/lib/python3.12/site-packages/airflow/example_dags/example_complex.py took 0.074 seconds
[2024-11-03T00:57:16.396+0000] {processor.py:186} INFO - Started process (PID=1243) to work on /home/airflow/.local/lib/python3.12/site-packages/airflow/example_dags/example_complex.py
[2024-11-03T00:57:16.397+0000] {processor.py:914} INFO - Processing file /home/airflow/.local/lib/python3.12/site-packages/airflow/example_dags/example_complex.py for tasks to queue
[2024-11-03T00:57:16.399+0000] {logging_mixin.py:190} INFO - [2024-11-03T00:57:16.399+0000] {dagbag.py:588} INFO - Filling up the DagBag from /home/airflow/.local/lib/python3.12/site-packages/airflow/example_dags/example_complex.py
[2024-11-03T00:57:16.411+0000] {processor.py:925} INFO - DAG(s) 'example_complex' retrieved from /home/airflow/.local/lib/python3.12/site-packages/airflow/example_dags/example_complex.py
[2024-11-03T00:57:16.441+0000] {logging_mixin.py:190} INFO - [2024-11-03T00:57:16.441+0000] {dag.py:3239} INFO - Sync 1 DAGs
[2024-11-03T00:57:16.454+0000] {logging_mixin.py:190} INFO - [2024-11-03T00:57:16.454+0000] {dag.py:4180} INFO - Setting next_dagrun for example_complex to None, run_after=None
[2024-11-03T00:57:16.471+0000] {processor.py:208} INFO - Processing /home/airflow/.local/lib/python3.12/site-packages/airflow/example_dags/example_complex.py took 0.081 seconds
[2024-11-03T00:57:46.506+0000] {processor.py:186} INFO - Started process (PID=1305) to work on /home/airflow/.local/lib/python3.12/site-packages/airflow/example_dags/example_complex.py
[2024-11-03T00:57:46.507+0000] {processor.py:914} INFO - Processing file /home/airflow/.local/lib/python3.12/site-packages/airflow/example_dags/example_complex.py for tasks to queue
[2024-11-03T00:57:46.509+0000] {logging_mixin.py:190} INFO - [2024-11-03T00:57:46.509+0000] {dagbag.py:588} INFO - Filling up the DagBag from /home/airflow/.local/lib/python3.12/site-packages/airflow/example_dags/example_complex.py
[2024-11-03T00:57:46.519+0000] {processor.py:925} INFO - DAG(s) 'example_complex' retrieved from /home/airflow/.local/lib/python3.12/site-packages/airflow/example_dags/example_complex.py
[2024-11-03T00:57:46.547+0000] {logging_mixin.py:190} INFO - [2024-11-03T00:57:46.547+0000] {dag.py:3239} INFO - Sync 1 DAGs
[2024-11-03T00:57:46.559+0000] {logging_mixin.py:190} INFO - [2024-11-03T00:57:46.558+0000] {dag.py:4180} INFO - Setting next_dagrun for example_complex to None, run_after=None
[2024-11-03T00:57:46.575+0000] {processor.py:208} INFO - Processing /home/airflow/.local/lib/python3.12/site-packages/airflow/example_dags/example_complex.py took 0.074 seconds
[2024-11-03T00:58:16.970+0000] {processor.py:186} INFO - Started process (PID=1369) to work on /home/airflow/.local/lib/python3.12/site-packages/airflow/example_dags/example_complex.py
[2024-11-03T00:58:16.971+0000] {processor.py:914} INFO - Processing file /home/airflow/.local/lib/python3.12/site-packages/airflow/example_dags/example_complex.py for tasks to queue
[2024-11-03T00:58:16.973+0000] {logging_mixin.py:190} INFO - [2024-11-03T00:58:16.972+0000] {dagbag.py:588} INFO - Filling up the DagBag from /home/airflow/.local/lib/python3.12/site-packages/airflow/example_dags/example_complex.py
[2024-11-03T00:58:16.982+0000] {processor.py:925} INFO - DAG(s) 'example_complex' retrieved from /home/airflow/.local/lib/python3.12/site-packages/airflow/example_dags/example_complex.py
[2024-11-03T00:58:17.010+0000] {logging_mixin.py:190} INFO - [2024-11-03T00:58:17.010+0000] {dag.py:3239} INFO - Sync 1 DAGs
[2024-11-03T00:58:17.023+0000] {logging_mixin.py:190} INFO - [2024-11-03T00:58:17.023+0000] {dag.py:4180} INFO - Setting next_dagrun for example_complex to None, run_after=None
[2024-11-03T00:58:17.038+0000] {processor.py:208} INFO - Processing /home/airflow/.local/lib/python3.12/site-packages/airflow/example_dags/example_complex.py took 0.073 seconds
[2024-11-03T00:58:47.262+0000] {processor.py:186} INFO - Started process (PID=1432) to work on /home/airflow/.local/lib/python3.12/site-packages/airflow/example_dags/example_complex.py
[2024-11-03T00:58:47.263+0000] {processor.py:914} INFO - Processing file /home/airflow/.local/lib/python3.12/site-packages/airflow/example_dags/example_complex.py for tasks to queue
[2024-11-03T00:58:47.265+0000] {logging_mixin.py:190} INFO - [2024-11-03T00:58:47.265+0000] {dagbag.py:588} INFO - Filling up the DagBag from /home/airflow/.local/lib/python3.12/site-packages/airflow/example_dags/example_complex.py
[2024-11-03T00:58:47.276+0000] {processor.py:925} INFO - DAG(s) 'example_complex' retrieved from /home/airflow/.local/lib/python3.12/site-packages/airflow/example_dags/example_complex.py
[2024-11-03T00:58:47.304+0000] {logging_mixin.py:190} INFO - [2024-11-03T00:58:47.304+0000] {dag.py:3239} INFO - Sync 1 DAGs
[2024-11-03T00:58:47.316+0000] {logging_mixin.py:190} INFO - [2024-11-03T00:58:47.316+0000] {dag.py:4180} INFO - Setting next_dagrun for example_complex to None, run_after=None
[2024-11-03T00:58:47.332+0000] {processor.py:208} INFO - Processing /home/airflow/.local/lib/python3.12/site-packages/airflow/example_dags/example_complex.py took 0.074 seconds
[2024-11-03T00:59:17.666+0000] {processor.py:186} INFO - Started process (PID=1495) to work on /home/airflow/.local/lib/python3.12/site-packages/airflow/example_dags/example_complex.py
[2024-11-03T00:59:17.666+0000] {processor.py:914} INFO - Processing file /home/airflow/.local/lib/python3.12/site-packages/airflow/example_dags/example_complex.py for tasks to queue
[2024-11-03T00:59:17.669+0000] {logging_mixin.py:190} INFO - [2024-11-03T00:59:17.668+0000] {dagbag.py:588} INFO - Filling up the DagBag from /home/airflow/.local/lib/python3.12/site-packages/airflow/example_dags/example_complex.py
[2024-11-03T00:59:17.679+0000] {processor.py:925} INFO - DAG(s) 'example_complex' retrieved from /home/airflow/.local/lib/python3.12/site-packages/airflow/example_dags/example_complex.py
[2024-11-03T00:59:17.707+0000] {logging_mixin.py:190} INFO - [2024-11-03T00:59:17.706+0000] {dag.py:3239} INFO - Sync 1 DAGs
[2024-11-03T00:59:17.718+0000] {logging_mixin.py:190} INFO - [2024-11-03T00:59:17.718+0000] {dag.py:4180} INFO - Setting next_dagrun for example_complex to None, run_after=None
[2024-11-03T00:59:17.733+0000] {processor.py:208} INFO - Processing /home/airflow/.local/lib/python3.12/site-packages/airflow/example_dags/example_complex.py took 0.072 seconds
[2024-11-03T00:59:47.856+0000] {processor.py:186} INFO - Started process (PID=1558) to work on /home/airflow/.local/lib/python3.12/site-packages/airflow/example_dags/example_complex.py
[2024-11-03T00:59:47.856+0000] {processor.py:914} INFO - Processing file /home/airflow/.local/lib/python3.12/site-packages/airflow/example_dags/example_complex.py for tasks to queue
[2024-11-03T00:59:47.858+0000] {logging_mixin.py:190} INFO - [2024-11-03T00:59:47.858+0000] {dagbag.py:588} INFO - Filling up the DagBag from /home/airflow/.local/lib/python3.12/site-packages/airflow/example_dags/example_complex.py
[2024-11-03T00:59:47.867+0000] {processor.py:925} INFO - DAG(s) 'example_complex' retrieved from /home/airflow/.local/lib/python3.12/site-packages/airflow/example_dags/example_complex.py
[2024-11-03T00:59:47.894+0000] {logging_mixin.py:190} INFO - [2024-11-03T00:59:47.894+0000] {dag.py:3239} INFO - Sync 1 DAGs
[2024-11-03T00:59:47.906+0000] {logging_mixin.py:190} INFO - [2024-11-03T00:59:47.905+0000] {dag.py:4180} INFO - Setting next_dagrun for example_complex to None, run_after=None
[2024-11-03T00:59:47.921+0000] {processor.py:208} INFO - Processing /home/airflow/.local/lib/python3.12/site-packages/airflow/example_dags/example_complex.py took 0.069 seconds
[2024-11-03T01:00:18.601+0000] {processor.py:186} INFO - Started process (PID=1621) to work on /home/airflow/.local/lib/python3.12/site-packages/airflow/example_dags/example_complex.py
[2024-11-03T01:00:18.602+0000] {processor.py:914} INFO - Processing file /home/airflow/.local/lib/python3.12/site-packages/airflow/example_dags/example_complex.py for tasks to queue
[2024-11-03T01:00:18.604+0000] {logging_mixin.py:190} INFO - [2024-11-03T01:00:18.603+0000] {dagbag.py:588} INFO - Filling up the DagBag from /home/airflow/.local/lib/python3.12/site-packages/airflow/example_dags/example_complex.py
[2024-11-03T01:00:18.614+0000] {processor.py:925} INFO - DAG(s) 'example_complex' retrieved from /home/airflow/.local/lib/python3.12/site-packages/airflow/example_dags/example_complex.py
[2024-11-03T01:00:18.646+0000] {logging_mixin.py:190} INFO - [2024-11-03T01:00:18.646+0000] {dag.py:3239} INFO - Sync 1 DAGs
[2024-11-03T01:00:18.658+0000] {logging_mixin.py:190} INFO - [2024-11-03T01:00:18.658+0000] {dag.py:4180} INFO - Setting next_dagrun for example_complex to None, run_after=None
[2024-11-03T01:00:18.674+0000] {processor.py:208} INFO - Processing /home/airflow/.local/lib/python3.12/site-packages/airflow/example_dags/example_complex.py took 0.078 seconds
[2024-11-03T01:00:49.176+0000] {processor.py:186} INFO - Started process (PID=1684) to work on /home/airflow/.local/lib/python3.12/site-packages/airflow/example_dags/example_complex.py
[2024-11-03T01:00:49.177+0000] {processor.py:914} INFO - Processing file /home/airflow/.local/lib/python3.12/site-packages/airflow/example_dags/example_complex.py for tasks to queue
[2024-11-03T01:00:49.180+0000] {logging_mixin.py:190} INFO - [2024-11-03T01:00:49.179+0000] {dagbag.py:588} INFO - Filling up the DagBag from /home/airflow/.local/lib/python3.12/site-packages/airflow/example_dags/example_complex.py
[2024-11-03T01:00:49.190+0000] {processor.py:925} INFO - DAG(s) 'example_complex' retrieved from /home/airflow/.local/lib/python3.12/site-packages/airflow/example_dags/example_complex.py
[2024-11-03T01:00:49.218+0000] {logging_mixin.py:190} INFO - [2024-11-03T01:00:49.218+0000] {dag.py:3239} INFO - Sync 1 DAGs
[2024-11-03T01:00:49.230+0000] {logging_mixin.py:190} INFO - [2024-11-03T01:00:49.230+0000] {dag.py:4180} INFO - Setting next_dagrun for example_complex to None, run_after=None
[2024-11-03T01:00:49.247+0000] {processor.py:208} INFO - Processing /home/airflow/.local/lib/python3.12/site-packages/airflow/example_dags/example_complex.py took 0.075 seconds
[2024-11-03T01:01:19.604+0000] {processor.py:186} INFO - Started process (PID=1747) to work on /home/airflow/.local/lib/python3.12/site-packages/airflow/example_dags/example_complex.py
[2024-11-03T01:01:19.605+0000] {processor.py:914} INFO - Processing file /home/airflow/.local/lib/python3.12/site-packages/airflow/example_dags/example_complex.py for tasks to queue
[2024-11-03T01:01:19.607+0000] {logging_mixin.py:190} INFO - [2024-11-03T01:01:19.607+0000] {dagbag.py:588} INFO - Filling up the DagBag from /home/airflow/.local/lib/python3.12/site-packages/airflow/example_dags/example_complex.py
[2024-11-03T01:01:19.616+0000] {processor.py:925} INFO - DAG(s) 'example_complex' retrieved from /home/airflow/.local/lib/python3.12/site-packages/airflow/example_dags/example_complex.py
[2024-11-03T01:01:19.644+0000] {logging_mixin.py:190} INFO - [2024-11-03T01:01:19.643+0000] {dag.py:3239} INFO - Sync 1 DAGs
[2024-11-03T01:01:19.655+0000] {logging_mixin.py:190} INFO - [2024-11-03T01:01:19.655+0000] {dag.py:4180} INFO - Setting next_dagrun for example_complex to None, run_after=None
[2024-11-03T01:01:19.670+0000] {processor.py:208} INFO - Processing /home/airflow/.local/lib/python3.12/site-packages/airflow/example_dags/example_complex.py took 0.070 seconds
[2024-11-03T01:01:49.988+0000] {processor.py:186} INFO - Started process (PID=1810) to work on /home/airflow/.local/lib/python3.12/site-packages/airflow/example_dags/example_complex.py
[2024-11-03T01:01:49.988+0000] {processor.py:914} INFO - Processing file /home/airflow/.local/lib/python3.12/site-packages/airflow/example_dags/example_complex.py for tasks to queue
[2024-11-03T01:01:49.991+0000] {logging_mixin.py:190} INFO - [2024-11-03T01:01:49.990+0000] {dagbag.py:588} INFO - Filling up the DagBag from /home/airflow/.local/lib/python3.12/site-packages/airflow/example_dags/example_complex.py
[2024-11-03T01:01:50.001+0000] {processor.py:925} INFO - DAG(s) 'example_complex' retrieved from /home/airflow/.local/lib/python3.12/site-packages/airflow/example_dags/example_complex.py
[2024-11-03T01:01:50.030+0000] {logging_mixin.py:190} INFO - [2024-11-03T01:01:50.030+0000] {dag.py:3239} INFO - Sync 1 DAGs
[2024-11-03T01:01:50.043+0000] {logging_mixin.py:190} INFO - [2024-11-03T01:01:50.043+0000] {dag.py:4180} INFO - Setting next_dagrun for example_complex to None, run_after=None
[2024-11-03T01:01:50.059+0000] {processor.py:208} INFO - Processing /home/airflow/.local/lib/python3.12/site-packages/airflow/example_dags/example_complex.py took 0.076 seconds
[2024-11-03T01:02:20.293+0000] {processor.py:186} INFO - Started process (PID=1873) to work on /home/airflow/.local/lib/python3.12/site-packages/airflow/example_dags/example_complex.py
[2024-11-03T01:02:20.293+0000] {processor.py:914} INFO - Processing file /home/airflow/.local/lib/python3.12/site-packages/airflow/example_dags/example_complex.py for tasks to queue
[2024-11-03T01:02:20.295+0000] {logging_mixin.py:190} INFO - [2024-11-03T01:02:20.295+0000] {dagbag.py:588} INFO - Filling up the DagBag from /home/airflow/.local/lib/python3.12/site-packages/airflow/example_dags/example_complex.py
[2024-11-03T01:02:20.306+0000] {processor.py:925} INFO - DAG(s) 'example_complex' retrieved from /home/airflow/.local/lib/python3.12/site-packages/airflow/example_dags/example_complex.py
[2024-11-03T01:02:20.334+0000] {logging_mixin.py:190} INFO - [2024-11-03T01:02:20.334+0000] {dag.py:3239} INFO - Sync 1 DAGs
[2024-11-03T01:02:20.348+0000] {logging_mixin.py:190} INFO - [2024-11-03T01:02:20.348+0000] {dag.py:4180} INFO - Setting next_dagrun for example_complex to None, run_after=None
[2024-11-03T01:02:20.364+0000] {processor.py:208} INFO - Processing /home/airflow/.local/lib/python3.12/site-packages/airflow/example_dags/example_complex.py took 0.076 seconds
[2024-11-03T01:02:50.544+0000] {processor.py:186} INFO - Started process (PID=1936) to work on /home/airflow/.local/lib/python3.12/site-packages/airflow/example_dags/example_complex.py
[2024-11-03T01:02:50.545+0000] {processor.py:914} INFO - Processing file /home/airflow/.local/lib/python3.12/site-packages/airflow/example_dags/example_complex.py for tasks to queue
[2024-11-03T01:02:50.547+0000] {logging_mixin.py:190} INFO - [2024-11-03T01:02:50.547+0000] {dagbag.py:588} INFO - Filling up the DagBag from /home/airflow/.local/lib/python3.12/site-packages/airflow/example_dags/example_complex.py
[2024-11-03T01:02:50.558+0000] {processor.py:925} INFO - DAG(s) 'example_complex' retrieved from /home/airflow/.local/lib/python3.12/site-packages/airflow/example_dags/example_complex.py
[2024-11-03T01:02:50.585+0000] {logging_mixin.py:190} INFO - [2024-11-03T01:02:50.585+0000] {dag.py:3239} INFO - Sync 1 DAGs
[2024-11-03T01:02:50.598+0000] {logging_mixin.py:190} INFO - [2024-11-03T01:02:50.598+0000] {dag.py:4180} INFO - Setting next_dagrun for example_complex to None, run_after=None
[2024-11-03T01:02:50.614+0000] {processor.py:208} INFO - Processing /home/airflow/.local/lib/python3.12/site-packages/airflow/example_dags/example_complex.py took 0.075 seconds
[2024-11-03T01:03:21.185+0000] {processor.py:186} INFO - Started process (PID=1999) to work on /home/airflow/.local/lib/python3.12/site-packages/airflow/example_dags/example_complex.py
[2024-11-03T01:03:21.186+0000] {processor.py:914} INFO - Processing file /home/airflow/.local/lib/python3.12/site-packages/airflow/example_dags/example_complex.py for tasks to queue
[2024-11-03T01:03:21.188+0000] {logging_mixin.py:190} INFO - [2024-11-03T01:03:21.188+0000] {dagbag.py:588} INFO - Filling up the DagBag from /home/airflow/.local/lib/python3.12/site-packages/airflow/example_dags/example_complex.py
[2024-11-03T01:03:21.198+0000] {processor.py:925} INFO - DAG(s) 'example_complex' retrieved from /home/airflow/.local/lib/python3.12/site-packages/airflow/example_dags/example_complex.py
[2024-11-03T01:03:21.227+0000] {logging_mixin.py:190} INFO - [2024-11-03T01:03:21.227+0000] {dag.py:3239} INFO - Sync 1 DAGs
[2024-11-03T01:03:21.240+0000] {logging_mixin.py:190} INFO - [2024-11-03T01:03:21.239+0000] {dag.py:4180} INFO - Setting next_dagrun for example_complex to None, run_after=None
[2024-11-03T01:03:21.256+0000] {processor.py:208} INFO - Processing /home/airflow/.local/lib/python3.12/site-packages/airflow/example_dags/example_complex.py took 0.076 seconds
[2024-11-03T01:03:52.076+0000] {processor.py:186} INFO - Started process (PID=2062) to work on /home/airflow/.local/lib/python3.12/site-packages/airflow/example_dags/example_complex.py
[2024-11-03T01:03:52.077+0000] {processor.py:914} INFO - Processing file /home/airflow/.local/lib/python3.12/site-packages/airflow/example_dags/example_complex.py for tasks to queue
[2024-11-03T01:03:52.079+0000] {logging_mixin.py:190} INFO - [2024-11-03T01:03:52.078+0000] {dagbag.py:588} INFO - Filling up the DagBag from /home/airflow/.local/lib/python3.12/site-packages/airflow/example_dags/example_complex.py
[2024-11-03T01:03:52.089+0000] {processor.py:925} INFO - DAG(s) 'example_complex' retrieved from /home/airflow/.local/lib/python3.12/site-packages/airflow/example_dags/example_complex.py
[2024-11-03T01:03:52.122+0000] {logging_mixin.py:190} INFO - [2024-11-03T01:03:52.121+0000] {dag.py:3239} INFO - Sync 1 DAGs
[2024-11-03T01:03:52.134+0000] {logging_mixin.py:190} INFO - [2024-11-03T01:03:52.134+0000] {dag.py:4180} INFO - Setting next_dagrun for example_complex to None, run_after=None
[2024-11-03T01:03:52.152+0000] {processor.py:208} INFO - Processing /home/airflow/.local/lib/python3.12/site-packages/airflow/example_dags/example_complex.py took 0.082 seconds
[2024-11-03T01:04:22.869+0000] {processor.py:186} INFO - Started process (PID=2125) to work on /home/airflow/.local/lib/python3.12/site-packages/airflow/example_dags/example_complex.py
[2024-11-03T01:04:22.870+0000] {processor.py:914} INFO - Processing file /home/airflow/.local/lib/python3.12/site-packages/airflow/example_dags/example_complex.py for tasks to queue
[2024-11-03T01:04:22.872+0000] {logging_mixin.py:190} INFO - [2024-11-03T01:04:22.872+0000] {dagbag.py:588} INFO - Filling up the DagBag from /home/airflow/.local/lib/python3.12/site-packages/airflow/example_dags/example_complex.py
[2024-11-03T01:04:22.886+0000] {processor.py:925} INFO - DAG(s) 'example_complex' retrieved from /home/airflow/.local/lib/python3.12/site-packages/airflow/example_dags/example_complex.py
[2024-11-03T01:04:22.916+0000] {logging_mixin.py:190} INFO - [2024-11-03T01:04:22.915+0000] {dag.py:3239} INFO - Sync 1 DAGs
[2024-11-03T01:04:22.931+0000] {logging_mixin.py:190} INFO - [2024-11-03T01:04:22.930+0000] {dag.py:4180} INFO - Setting next_dagrun for example_complex to None, run_after=None
[2024-11-03T01:04:22.951+0000] {processor.py:208} INFO - Processing /home/airflow/.local/lib/python3.12/site-packages/airflow/example_dags/example_complex.py took 0.087 seconds
[2024-11-03T01:04:53.436+0000] {processor.py:186} INFO - Started process (PID=2188) to work on /home/airflow/.local/lib/python3.12/site-packages/airflow/example_dags/example_complex.py
[2024-11-03T01:04:53.437+0000] {processor.py:914} INFO - Processing file /home/airflow/.local/lib/python3.12/site-packages/airflow/example_dags/example_complex.py for tasks to queue
[2024-11-03T01:04:53.439+0000] {logging_mixin.py:190} INFO - [2024-11-03T01:04:53.438+0000] {dagbag.py:588} INFO - Filling up the DagBag from /home/airflow/.local/lib/python3.12/site-packages/airflow/example_dags/example_complex.py
[2024-11-03T01:04:53.448+0000] {processor.py:925} INFO - DAG(s) 'example_complex' retrieved from /home/airflow/.local/lib/python3.12/site-packages/airflow/example_dags/example_complex.py
[2024-11-03T01:04:53.475+0000] {logging_mixin.py:190} INFO - [2024-11-03T01:04:53.474+0000] {dag.py:3239} INFO - Sync 1 DAGs
[2024-11-03T01:04:53.486+0000] {logging_mixin.py:190} INFO - [2024-11-03T01:04:53.486+0000] {dag.py:4180} INFO - Setting next_dagrun for example_complex to None, run_after=None
[2024-11-03T01:04:53.503+0000] {processor.py:208} INFO - Processing /home/airflow/.local/lib/python3.12/site-packages/airflow/example_dags/example_complex.py took 0.071 seconds
[2024-11-03T01:05:24.031+0000] {processor.py:186} INFO - Started process (PID=2251) to work on /home/airflow/.local/lib/python3.12/site-packages/airflow/example_dags/example_complex.py
[2024-11-03T01:05:24.032+0000] {processor.py:914} INFO - Processing file /home/airflow/.local/lib/python3.12/site-packages/airflow/example_dags/example_complex.py for tasks to queue
[2024-11-03T01:05:24.037+0000] {logging_mixin.py:190} INFO - [2024-11-03T01:05:24.037+0000] {dagbag.py:588} INFO - Filling up the DagBag from /home/airflow/.local/lib/python3.12/site-packages/airflow/example_dags/example_complex.py
[2024-11-03T01:05:24.055+0000] {processor.py:925} INFO - DAG(s) 'example_complex' retrieved from /home/airflow/.local/lib/python3.12/site-packages/airflow/example_dags/example_complex.py
[2024-11-03T01:05:24.098+0000] {logging_mixin.py:190} INFO - [2024-11-03T01:05:24.097+0000] {dag.py:3239} INFO - Sync 1 DAGs
[2024-11-03T01:05:24.117+0000] {logging_mixin.py:190} INFO - [2024-11-03T01:05:24.117+0000] {dag.py:4180} INFO - Setting next_dagrun for example_complex to None, run_after=None
[2024-11-03T01:05:24.136+0000] {processor.py:208} INFO - Processing /home/airflow/.local/lib/python3.12/site-packages/airflow/example_dags/example_complex.py took 0.111 seconds
[2024-11-03T01:05:54.458+0000] {processor.py:186} INFO - Started process (PID=2314) to work on /home/airflow/.local/lib/python3.12/site-packages/airflow/example_dags/example_complex.py
[2024-11-03T01:05:54.459+0000] {processor.py:914} INFO - Processing file /home/airflow/.local/lib/python3.12/site-packages/airflow/example_dags/example_complex.py for tasks to queue
[2024-11-03T01:05:54.461+0000] {logging_mixin.py:190} INFO - [2024-11-03T01:05:54.461+0000] {dagbag.py:588} INFO - Filling up the DagBag from /home/airflow/.local/lib/python3.12/site-packages/airflow/example_dags/example_complex.py
[2024-11-03T01:05:54.472+0000] {processor.py:925} INFO - DAG(s) 'example_complex' retrieved from /home/airflow/.local/lib/python3.12/site-packages/airflow/example_dags/example_complex.py
[2024-11-03T01:05:54.501+0000] {logging_mixin.py:190} INFO - [2024-11-03T01:05:54.500+0000] {dag.py:3239} INFO - Sync 1 DAGs
[2024-11-03T01:05:54.515+0000] {logging_mixin.py:190} INFO - [2024-11-03T01:05:54.515+0000] {dag.py:4180} INFO - Setting next_dagrun for example_complex to None, run_after=None
[2024-11-03T01:05:54.532+0000] {processor.py:208} INFO - Processing /home/airflow/.local/lib/python3.12/site-packages/airflow/example_dags/example_complex.py took 0.078 seconds
[2024-11-03T01:06:25.312+0000] {processor.py:186} INFO - Started process (PID=2377) to work on /home/airflow/.local/lib/python3.12/site-packages/airflow/example_dags/example_complex.py
[2024-11-03T01:06:25.313+0000] {processor.py:914} INFO - Processing file /home/airflow/.local/lib/python3.12/site-packages/airflow/example_dags/example_complex.py for tasks to queue
[2024-11-03T01:06:25.316+0000] {logging_mixin.py:190} INFO - [2024-11-03T01:06:25.315+0000] {dagbag.py:588} INFO - Filling up the DagBag from /home/airflow/.local/lib/python3.12/site-packages/airflow/example_dags/example_complex.py
[2024-11-03T01:06:25.327+0000] {processor.py:925} INFO - DAG(s) 'example_complex' retrieved from /home/airflow/.local/lib/python3.12/site-packages/airflow/example_dags/example_complex.py
[2024-11-03T01:06:25.365+0000] {logging_mixin.py:190} INFO - [2024-11-03T01:06:25.365+0000] {dag.py:3239} INFO - Sync 1 DAGs
[2024-11-03T01:06:25.381+0000] {logging_mixin.py:190} INFO - [2024-11-03T01:06:25.381+0000] {dag.py:4180} INFO - Setting next_dagrun for example_complex to None, run_after=None
[2024-11-03T01:06:25.402+0000] {processor.py:208} INFO - Processing /home/airflow/.local/lib/python3.12/site-packages/airflow/example_dags/example_complex.py took 0.097 seconds
