[2024-11-03T00:00:03.428+0000] {processor.py:186} INFO - Started process (PID=785) to work on /home/airflow/.local/lib/python3.12/site-packages/airflow/example_dags/example_task_group.py
[2024-11-03T00:00:03.429+0000] {processor.py:914} INFO - Processing file /home/airflow/.local/lib/python3.12/site-packages/airflow/example_dags/example_task_group.py for tasks to queue
[2024-11-03T00:00:03.431+0000] {logging_mixin.py:190} INFO - [2024-11-03T00:00:03.431+0000] {dagbag.py:588} INFO - Filling up the DagBag from /home/airflow/.local/lib/python3.12/site-packages/airflow/example_dags/example_task_group.py
[2024-11-03T00:00:03.438+0000] {processor.py:925} INFO - DAG(s) 'example_task_group' retrieved from /home/airflow/.local/lib/python3.12/site-packages/airflow/example_dags/example_task_group.py
[2024-11-03T00:00:03.456+0000] {logging_mixin.py:190} INFO - [2024-11-03T00:00:03.456+0000] {dag.py:3239} INFO - Sync 1 DAGs
[2024-11-03T00:00:03.468+0000] {logging_mixin.py:190} INFO - [2024-11-03T00:00:03.468+0000] {dag.py:4180} INFO - Setting next_dagrun for example_task_group to None, run_after=None
[2024-11-03T00:00:03.483+0000] {processor.py:208} INFO - Processing /home/airflow/.local/lib/python3.12/site-packages/airflow/example_dags/example_task_group.py took 0.060 seconds
[2024-11-03T00:00:33.860+0000] {processor.py:186} INFO - Started process (PID=848) to work on /home/airflow/.local/lib/python3.12/site-packages/airflow/example_dags/example_task_group.py
[2024-11-03T00:00:33.861+0000] {processor.py:914} INFO - Processing file /home/airflow/.local/lib/python3.12/site-packages/airflow/example_dags/example_task_group.py for tasks to queue
[2024-11-03T00:00:33.863+0000] {logging_mixin.py:190} INFO - [2024-11-03T00:00:33.863+0000] {dagbag.py:588} INFO - Filling up the DagBag from /home/airflow/.local/lib/python3.12/site-packages/airflow/example_dags/example_task_group.py
[2024-11-03T00:00:33.870+0000] {processor.py:925} INFO - DAG(s) 'example_task_group' retrieved from /home/airflow/.local/lib/python3.12/site-packages/airflow/example_dags/example_task_group.py
[2024-11-03T00:00:33.894+0000] {logging_mixin.py:190} INFO - [2024-11-03T00:00:33.894+0000] {dag.py:3239} INFO - Sync 1 DAGs
[2024-11-03T00:00:33.907+0000] {logging_mixin.py:190} INFO - [2024-11-03T00:00:33.906+0000] {dag.py:4180} INFO - Setting next_dagrun for example_task_group to None, run_after=None
[2024-11-03T00:00:33.922+0000] {processor.py:208} INFO - Processing /home/airflow/.local/lib/python3.12/site-packages/airflow/example_dags/example_task_group.py took 0.067 seconds
[2024-11-03T00:01:04.971+0000] {processor.py:186} INFO - Started process (PID=912) to work on /home/airflow/.local/lib/python3.12/site-packages/airflow/example_dags/example_task_group.py
[2024-11-03T00:01:04.972+0000] {processor.py:914} INFO - Processing file /home/airflow/.local/lib/python3.12/site-packages/airflow/example_dags/example_task_group.py for tasks to queue
[2024-11-03T00:01:04.974+0000] {logging_mixin.py:190} INFO - [2024-11-03T00:01:04.973+0000] {dagbag.py:588} INFO - Filling up the DagBag from /home/airflow/.local/lib/python3.12/site-packages/airflow/example_dags/example_task_group.py
[2024-11-03T00:01:04.981+0000] {processor.py:925} INFO - DAG(s) 'example_task_group' retrieved from /home/airflow/.local/lib/python3.12/site-packages/airflow/example_dags/example_task_group.py
[2024-11-03T00:01:04.999+0000] {logging_mixin.py:190} INFO - [2024-11-03T00:01:04.998+0000] {dag.py:3239} INFO - Sync 1 DAGs
[2024-11-03T00:01:05.012+0000] {logging_mixin.py:190} INFO - [2024-11-03T00:01:05.011+0000] {dag.py:4180} INFO - Setting next_dagrun for example_task_group to None, run_after=None
[2024-11-03T00:01:05.027+0000] {processor.py:208} INFO - Processing /home/airflow/.local/lib/python3.12/site-packages/airflow/example_dags/example_task_group.py took 0.060 seconds
[2024-11-03T00:01:35.666+0000] {processor.py:186} INFO - Started process (PID=975) to work on /home/airflow/.local/lib/python3.12/site-packages/airflow/example_dags/example_task_group.py
[2024-11-03T00:01:35.667+0000] {processor.py:914} INFO - Processing file /home/airflow/.local/lib/python3.12/site-packages/airflow/example_dags/example_task_group.py for tasks to queue
[2024-11-03T00:01:35.669+0000] {logging_mixin.py:190} INFO - [2024-11-03T00:01:35.668+0000] {dagbag.py:588} INFO - Filling up the DagBag from /home/airflow/.local/lib/python3.12/site-packages/airflow/example_dags/example_task_group.py
[2024-11-03T00:01:35.675+0000] {processor.py:925} INFO - DAG(s) 'example_task_group' retrieved from /home/airflow/.local/lib/python3.12/site-packages/airflow/example_dags/example_task_group.py
[2024-11-03T00:01:35.694+0000] {logging_mixin.py:190} INFO - [2024-11-03T00:01:35.694+0000] {dag.py:3239} INFO - Sync 1 DAGs
[2024-11-03T00:01:35.708+0000] {logging_mixin.py:190} INFO - [2024-11-03T00:01:35.708+0000] {dag.py:4180} INFO - Setting next_dagrun for example_task_group to None, run_after=None
[2024-11-03T00:01:35.724+0000] {processor.py:208} INFO - Processing /home/airflow/.local/lib/python3.12/site-packages/airflow/example_dags/example_task_group.py took 0.063 seconds
[2024-11-03T00:48:05.371+0000] {processor.py:186} INFO - Started process (PID=91) to work on /home/airflow/.local/lib/python3.12/site-packages/airflow/example_dags/example_task_group.py
[2024-11-03T00:48:05.372+0000] {processor.py:914} INFO - Processing file /home/airflow/.local/lib/python3.12/site-packages/airflow/example_dags/example_task_group.py for tasks to queue
[2024-11-03T00:48:05.377+0000] {logging_mixin.py:190} INFO - [2024-11-03T00:48:05.377+0000] {dagbag.py:588} INFO - Filling up the DagBag from /home/airflow/.local/lib/python3.12/site-packages/airflow/example_dags/example_task_group.py
[2024-11-03T00:48:05.388+0000] {processor.py:925} INFO - DAG(s) 'example_task_group' retrieved from /home/airflow/.local/lib/python3.12/site-packages/airflow/example_dags/example_task_group.py
[2024-11-03T00:48:05.492+0000] {logging_mixin.py:190} INFO - [2024-11-03T00:48:05.491+0000] {override.py:1900} INFO - Created Permission View: can delete on DAG:example_task_group
[2024-11-03T00:48:05.501+0000] {logging_mixin.py:190} INFO - [2024-11-03T00:48:05.501+0000] {override.py:1900} INFO - Created Permission View: can edit on DAG:example_task_group
[2024-11-03T00:48:05.509+0000] {logging_mixin.py:190} INFO - [2024-11-03T00:48:05.508+0000] {override.py:1900} INFO - Created Permission View: can read on DAG:example_task_group
[2024-11-03T00:48:05.534+0000] {logging_mixin.py:190} INFO - [2024-11-03T00:48:05.534+0000] {override.py:1900} INFO - Created Permission View: can create on DAG Run:example_task_group
[2024-11-03T00:48:05.543+0000] {logging_mixin.py:190} INFO - [2024-11-03T00:48:05.542+0000] {override.py:1900} INFO - Created Permission View: can delete on DAG Run:example_task_group
[2024-11-03T00:48:05.551+0000] {logging_mixin.py:190} INFO - [2024-11-03T00:48:05.550+0000] {override.py:1900} INFO - Created Permission View: menu access on DAG Run:example_task_group
[2024-11-03T00:48:05.558+0000] {logging_mixin.py:190} INFO - [2024-11-03T00:48:05.558+0000] {override.py:1900} INFO - Created Permission View: can read on DAG Run:example_task_group
[2024-11-03T00:48:05.559+0000] {logging_mixin.py:190} INFO - [2024-11-03T00:48:05.559+0000] {dag.py:3239} INFO - Sync 1 DAGs
[2024-11-03T00:48:05.574+0000] {logging_mixin.py:190} INFO - [2024-11-03T00:48:05.574+0000] {dag.py:3262} INFO - Creating ORM DAG for example_task_group
[2024-11-03T00:48:05.575+0000] {logging_mixin.py:190} INFO - [2024-11-03T00:48:05.575+0000] {dag.py:4180} INFO - Setting next_dagrun for example_task_group to None, run_after=None
[2024-11-03T00:48:05.592+0000] {processor.py:208} INFO - Processing /home/airflow/.local/lib/python3.12/site-packages/airflow/example_dags/example_task_group.py took 0.227 seconds
[2024-11-03T00:48:36.310+0000] {processor.py:186} INFO - Started process (PID=154) to work on /home/airflow/.local/lib/python3.12/site-packages/airflow/example_dags/example_task_group.py
[2024-11-03T00:48:36.311+0000] {processor.py:914} INFO - Processing file /home/airflow/.local/lib/python3.12/site-packages/airflow/example_dags/example_task_group.py for tasks to queue
[2024-11-03T00:48:36.313+0000] {logging_mixin.py:190} INFO - [2024-11-03T00:48:36.312+0000] {dagbag.py:588} INFO - Filling up the DagBag from /home/airflow/.local/lib/python3.12/site-packages/airflow/example_dags/example_task_group.py
[2024-11-03T00:48:36.319+0000] {processor.py:925} INFO - DAG(s) 'example_task_group' retrieved from /home/airflow/.local/lib/python3.12/site-packages/airflow/example_dags/example_task_group.py
[2024-11-03T00:48:36.337+0000] {logging_mixin.py:190} INFO - [2024-11-03T00:48:36.337+0000] {dag.py:3239} INFO - Sync 1 DAGs
[2024-11-03T00:48:36.350+0000] {logging_mixin.py:190} INFO - [2024-11-03T00:48:36.350+0000] {dag.py:4180} INFO - Setting next_dagrun for example_task_group to None, run_after=None
[2024-11-03T00:48:36.365+0000] {processor.py:208} INFO - Processing /home/airflow/.local/lib/python3.12/site-packages/airflow/example_dags/example_task_group.py took 0.060 seconds
[2024-11-03T00:49:06.603+0000] {processor.py:186} INFO - Started process (PID=217) to work on /home/airflow/.local/lib/python3.12/site-packages/airflow/example_dags/example_task_group.py
[2024-11-03T00:49:06.604+0000] {processor.py:914} INFO - Processing file /home/airflow/.local/lib/python3.12/site-packages/airflow/example_dags/example_task_group.py for tasks to queue
[2024-11-03T00:49:06.606+0000] {logging_mixin.py:190} INFO - [2024-11-03T00:49:06.606+0000] {dagbag.py:588} INFO - Filling up the DagBag from /home/airflow/.local/lib/python3.12/site-packages/airflow/example_dags/example_task_group.py
[2024-11-03T00:49:06.613+0000] {processor.py:925} INFO - DAG(s) 'example_task_group' retrieved from /home/airflow/.local/lib/python3.12/site-packages/airflow/example_dags/example_task_group.py
[2024-11-03T00:49:06.633+0000] {logging_mixin.py:190} INFO - [2024-11-03T00:49:06.633+0000] {dag.py:3239} INFO - Sync 1 DAGs
[2024-11-03T00:49:06.647+0000] {logging_mixin.py:190} INFO - [2024-11-03T00:49:06.646+0000] {dag.py:4180} INFO - Setting next_dagrun for example_task_group to None, run_after=None
[2024-11-03T00:49:06.664+0000] {processor.py:208} INFO - Processing /home/airflow/.local/lib/python3.12/site-packages/airflow/example_dags/example_task_group.py took 0.065 seconds
[2024-11-03T00:49:37.040+0000] {processor.py:186} INFO - Started process (PID=280) to work on /home/airflow/.local/lib/python3.12/site-packages/airflow/example_dags/example_task_group.py
[2024-11-03T00:49:37.041+0000] {processor.py:914} INFO - Processing file /home/airflow/.local/lib/python3.12/site-packages/airflow/example_dags/example_task_group.py for tasks to queue
[2024-11-03T00:49:37.043+0000] {logging_mixin.py:190} INFO - [2024-11-03T00:49:37.043+0000] {dagbag.py:588} INFO - Filling up the DagBag from /home/airflow/.local/lib/python3.12/site-packages/airflow/example_dags/example_task_group.py
[2024-11-03T00:49:37.049+0000] {processor.py:925} INFO - DAG(s) 'example_task_group' retrieved from /home/airflow/.local/lib/python3.12/site-packages/airflow/example_dags/example_task_group.py
[2024-11-03T00:49:37.069+0000] {logging_mixin.py:190} INFO - [2024-11-03T00:49:37.069+0000] {dag.py:3239} INFO - Sync 1 DAGs
[2024-11-03T00:49:37.082+0000] {logging_mixin.py:190} INFO - [2024-11-03T00:49:37.081+0000] {dag.py:4180} INFO - Setting next_dagrun for example_task_group to None, run_after=None
[2024-11-03T00:49:37.097+0000] {processor.py:208} INFO - Processing /home/airflow/.local/lib/python3.12/site-packages/airflow/example_dags/example_task_group.py took 0.062 seconds
[2024-11-03T00:50:07.602+0000] {processor.py:186} INFO - Started process (PID=343) to work on /home/airflow/.local/lib/python3.12/site-packages/airflow/example_dags/example_task_group.py
[2024-11-03T00:50:07.603+0000] {processor.py:914} INFO - Processing file /home/airflow/.local/lib/python3.12/site-packages/airflow/example_dags/example_task_group.py for tasks to queue
[2024-11-03T00:50:07.605+0000] {logging_mixin.py:190} INFO - [2024-11-03T00:50:07.605+0000] {dagbag.py:588} INFO - Filling up the DagBag from /home/airflow/.local/lib/python3.12/site-packages/airflow/example_dags/example_task_group.py
[2024-11-03T00:50:07.612+0000] {processor.py:925} INFO - DAG(s) 'example_task_group' retrieved from /home/airflow/.local/lib/python3.12/site-packages/airflow/example_dags/example_task_group.py
[2024-11-03T00:50:07.634+0000] {logging_mixin.py:190} INFO - [2024-11-03T00:50:07.634+0000] {dag.py:3239} INFO - Sync 1 DAGs
[2024-11-03T00:50:07.647+0000] {logging_mixin.py:190} INFO - [2024-11-03T00:50:07.647+0000] {dag.py:4180} INFO - Setting next_dagrun for example_task_group to None, run_after=None
[2024-11-03T00:50:07.665+0000] {processor.py:208} INFO - Processing /home/airflow/.local/lib/python3.12/site-packages/airflow/example_dags/example_task_group.py took 0.069 seconds
[2024-11-03T00:50:38.145+0000] {processor.py:186} INFO - Started process (PID=406) to work on /home/airflow/.local/lib/python3.12/site-packages/airflow/example_dags/example_task_group.py
[2024-11-03T00:50:38.146+0000] {processor.py:914} INFO - Processing file /home/airflow/.local/lib/python3.12/site-packages/airflow/example_dags/example_task_group.py for tasks to queue
[2024-11-03T00:50:38.148+0000] {logging_mixin.py:190} INFO - [2024-11-03T00:50:38.148+0000] {dagbag.py:588} INFO - Filling up the DagBag from /home/airflow/.local/lib/python3.12/site-packages/airflow/example_dags/example_task_group.py
[2024-11-03T00:50:38.156+0000] {processor.py:925} INFO - DAG(s) 'example_task_group' retrieved from /home/airflow/.local/lib/python3.12/site-packages/airflow/example_dags/example_task_group.py
[2024-11-03T00:50:38.175+0000] {logging_mixin.py:190} INFO - [2024-11-03T00:50:38.175+0000] {dag.py:3239} INFO - Sync 1 DAGs
[2024-11-03T00:50:38.188+0000] {logging_mixin.py:190} INFO - [2024-11-03T00:50:38.188+0000] {dag.py:4180} INFO - Setting next_dagrun for example_task_group to None, run_after=None
[2024-11-03T00:50:38.205+0000] {processor.py:208} INFO - Processing /home/airflow/.local/lib/python3.12/site-packages/airflow/example_dags/example_task_group.py took 0.064 seconds
[2024-11-03T00:51:08.507+0000] {processor.py:186} INFO - Started process (PID=469) to work on /home/airflow/.local/lib/python3.12/site-packages/airflow/example_dags/example_task_group.py
[2024-11-03T00:51:08.508+0000] {processor.py:914} INFO - Processing file /home/airflow/.local/lib/python3.12/site-packages/airflow/example_dags/example_task_group.py for tasks to queue
[2024-11-03T00:51:08.511+0000] {logging_mixin.py:190} INFO - [2024-11-03T00:51:08.511+0000] {dagbag.py:588} INFO - Filling up the DagBag from /home/airflow/.local/lib/python3.12/site-packages/airflow/example_dags/example_task_group.py
[2024-11-03T00:51:08.519+0000] {processor.py:925} INFO - DAG(s) 'example_task_group' retrieved from /home/airflow/.local/lib/python3.12/site-packages/airflow/example_dags/example_task_group.py
[2024-11-03T00:51:08.545+0000] {logging_mixin.py:190} INFO - [2024-11-03T00:51:08.545+0000] {dag.py:3239} INFO - Sync 1 DAGs
[2024-11-03T00:51:08.562+0000] {logging_mixin.py:190} INFO - [2024-11-03T00:51:08.562+0000] {dag.py:4180} INFO - Setting next_dagrun for example_task_group to None, run_after=None
[2024-11-03T00:51:08.583+0000] {processor.py:208} INFO - Processing /home/airflow/.local/lib/python3.12/site-packages/airflow/example_dags/example_task_group.py took 0.083 seconds
[2024-11-03T00:51:38.951+0000] {processor.py:186} INFO - Started process (PID=532) to work on /home/airflow/.local/lib/python3.12/site-packages/airflow/example_dags/example_task_group.py
[2024-11-03T00:51:38.952+0000] {processor.py:914} INFO - Processing file /home/airflow/.local/lib/python3.12/site-packages/airflow/example_dags/example_task_group.py for tasks to queue
[2024-11-03T00:51:38.954+0000] {logging_mixin.py:190} INFO - [2024-11-03T00:51:38.954+0000] {dagbag.py:588} INFO - Filling up the DagBag from /home/airflow/.local/lib/python3.12/site-packages/airflow/example_dags/example_task_group.py
[2024-11-03T00:51:38.962+0000] {processor.py:925} INFO - DAG(s) 'example_task_group' retrieved from /home/airflow/.local/lib/python3.12/site-packages/airflow/example_dags/example_task_group.py
[2024-11-03T00:51:38.980+0000] {logging_mixin.py:190} INFO - [2024-11-03T00:51:38.980+0000] {dag.py:3239} INFO - Sync 1 DAGs
[2024-11-03T00:51:38.993+0000] {logging_mixin.py:190} INFO - [2024-11-03T00:51:38.992+0000] {dag.py:4180} INFO - Setting next_dagrun for example_task_group to None, run_after=None
[2024-11-03T00:51:39.010+0000] {processor.py:208} INFO - Processing /home/airflow/.local/lib/python3.12/site-packages/airflow/example_dags/example_task_group.py took 0.063 seconds
[2024-11-03T00:52:09.409+0000] {processor.py:186} INFO - Started process (PID=595) to work on /home/airflow/.local/lib/python3.12/site-packages/airflow/example_dags/example_task_group.py
[2024-11-03T00:52:09.410+0000] {processor.py:914} INFO - Processing file /home/airflow/.local/lib/python3.12/site-packages/airflow/example_dags/example_task_group.py for tasks to queue
[2024-11-03T00:52:09.412+0000] {logging_mixin.py:190} INFO - [2024-11-03T00:52:09.411+0000] {dagbag.py:588} INFO - Filling up the DagBag from /home/airflow/.local/lib/python3.12/site-packages/airflow/example_dags/example_task_group.py
[2024-11-03T00:52:09.419+0000] {processor.py:925} INFO - DAG(s) 'example_task_group' retrieved from /home/airflow/.local/lib/python3.12/site-packages/airflow/example_dags/example_task_group.py
[2024-11-03T00:52:09.438+0000] {logging_mixin.py:190} INFO - [2024-11-03T00:52:09.438+0000] {dag.py:3239} INFO - Sync 1 DAGs
[2024-11-03T00:52:09.451+0000] {logging_mixin.py:190} INFO - [2024-11-03T00:52:09.451+0000] {dag.py:4180} INFO - Setting next_dagrun for example_task_group to None, run_after=None
[2024-11-03T00:52:09.468+0000] {processor.py:208} INFO - Processing /home/airflow/.local/lib/python3.12/site-packages/airflow/example_dags/example_task_group.py took 0.064 seconds
[2024-11-03T00:52:39.785+0000] {processor.py:186} INFO - Started process (PID=658) to work on /home/airflow/.local/lib/python3.12/site-packages/airflow/example_dags/example_task_group.py
[2024-11-03T00:52:39.785+0000] {processor.py:914} INFO - Processing file /home/airflow/.local/lib/python3.12/site-packages/airflow/example_dags/example_task_group.py for tasks to queue
[2024-11-03T00:52:39.787+0000] {logging_mixin.py:190} INFO - [2024-11-03T00:52:39.787+0000] {dagbag.py:588} INFO - Filling up the DagBag from /home/airflow/.local/lib/python3.12/site-packages/airflow/example_dags/example_task_group.py
[2024-11-03T00:52:39.794+0000] {processor.py:925} INFO - DAG(s) 'example_task_group' retrieved from /home/airflow/.local/lib/python3.12/site-packages/airflow/example_dags/example_task_group.py
[2024-11-03T00:52:39.813+0000] {logging_mixin.py:190} INFO - [2024-11-03T00:52:39.812+0000] {dag.py:3239} INFO - Sync 1 DAGs
[2024-11-03T00:52:39.825+0000] {logging_mixin.py:190} INFO - [2024-11-03T00:52:39.824+0000] {dag.py:4180} INFO - Setting next_dagrun for example_task_group to None, run_after=None
[2024-11-03T00:52:39.841+0000] {processor.py:208} INFO - Processing /home/airflow/.local/lib/python3.12/site-packages/airflow/example_dags/example_task_group.py took 0.061 seconds
[2024-11-03T00:53:10.147+0000] {processor.py:186} INFO - Started process (PID=721) to work on /home/airflow/.local/lib/python3.12/site-packages/airflow/example_dags/example_task_group.py
[2024-11-03T00:53:10.148+0000] {processor.py:914} INFO - Processing file /home/airflow/.local/lib/python3.12/site-packages/airflow/example_dags/example_task_group.py for tasks to queue
[2024-11-03T00:53:10.150+0000] {logging_mixin.py:190} INFO - [2024-11-03T00:53:10.149+0000] {dagbag.py:588} INFO - Filling up the DagBag from /home/airflow/.local/lib/python3.12/site-packages/airflow/example_dags/example_task_group.py
[2024-11-03T00:53:10.157+0000] {processor.py:925} INFO - DAG(s) 'example_task_group' retrieved from /home/airflow/.local/lib/python3.12/site-packages/airflow/example_dags/example_task_group.py
[2024-11-03T00:53:10.176+0000] {logging_mixin.py:190} INFO - [2024-11-03T00:53:10.176+0000] {dag.py:3239} INFO - Sync 1 DAGs
[2024-11-03T00:53:10.188+0000] {logging_mixin.py:190} INFO - [2024-11-03T00:53:10.188+0000] {dag.py:4180} INFO - Setting next_dagrun for example_task_group to None, run_after=None
[2024-11-03T00:53:10.205+0000] {processor.py:208} INFO - Processing /home/airflow/.local/lib/python3.12/site-packages/airflow/example_dags/example_task_group.py took 0.063 seconds
[2024-11-03T00:53:40.316+0000] {processor.py:186} INFO - Started process (PID=783) to work on /home/airflow/.local/lib/python3.12/site-packages/airflow/example_dags/example_task_group.py
[2024-11-03T00:53:40.317+0000] {processor.py:914} INFO - Processing file /home/airflow/.local/lib/python3.12/site-packages/airflow/example_dags/example_task_group.py for tasks to queue
[2024-11-03T00:53:40.319+0000] {logging_mixin.py:190} INFO - [2024-11-03T00:53:40.319+0000] {dagbag.py:588} INFO - Filling up the DagBag from /home/airflow/.local/lib/python3.12/site-packages/airflow/example_dags/example_task_group.py
[2024-11-03T00:53:40.326+0000] {processor.py:925} INFO - DAG(s) 'example_task_group' retrieved from /home/airflow/.local/lib/python3.12/site-packages/airflow/example_dags/example_task_group.py
[2024-11-03T00:53:40.344+0000] {logging_mixin.py:190} INFO - [2024-11-03T00:53:40.343+0000] {dag.py:3239} INFO - Sync 1 DAGs
[2024-11-03T00:53:40.357+0000] {logging_mixin.py:190} INFO - [2024-11-03T00:53:40.357+0000] {dag.py:4180} INFO - Setting next_dagrun for example_task_group to None, run_after=None
[2024-11-03T00:53:40.372+0000] {processor.py:208} INFO - Processing /home/airflow/.local/lib/python3.12/site-packages/airflow/example_dags/example_task_group.py took 0.060 seconds
[2024-11-03T00:54:10.790+0000] {processor.py:186} INFO - Started process (PID=847) to work on /home/airflow/.local/lib/python3.12/site-packages/airflow/example_dags/example_task_group.py
[2024-11-03T00:54:10.791+0000] {processor.py:914} INFO - Processing file /home/airflow/.local/lib/python3.12/site-packages/airflow/example_dags/example_task_group.py for tasks to queue
[2024-11-03T00:54:10.793+0000] {logging_mixin.py:190} INFO - [2024-11-03T00:54:10.793+0000] {dagbag.py:588} INFO - Filling up the DagBag from /home/airflow/.local/lib/python3.12/site-packages/airflow/example_dags/example_task_group.py
[2024-11-03T00:54:10.801+0000] {processor.py:925} INFO - DAG(s) 'example_task_group' retrieved from /home/airflow/.local/lib/python3.12/site-packages/airflow/example_dags/example_task_group.py
[2024-11-03T00:54:10.820+0000] {logging_mixin.py:190} INFO - [2024-11-03T00:54:10.819+0000] {dag.py:3239} INFO - Sync 1 DAGs
[2024-11-03T00:54:10.832+0000] {logging_mixin.py:190} INFO - [2024-11-03T00:54:10.832+0000] {dag.py:4180} INFO - Setting next_dagrun for example_task_group to None, run_after=None
[2024-11-03T00:54:10.847+0000] {processor.py:208} INFO - Processing /home/airflow/.local/lib/python3.12/site-packages/airflow/example_dags/example_task_group.py took 0.061 seconds
[2024-11-03T00:54:40.941+0000] {processor.py:186} INFO - Started process (PID=909) to work on /home/airflow/.local/lib/python3.12/site-packages/airflow/example_dags/example_task_group.py
[2024-11-03T00:54:40.941+0000] {processor.py:914} INFO - Processing file /home/airflow/.local/lib/python3.12/site-packages/airflow/example_dags/example_task_group.py for tasks to queue
[2024-11-03T00:54:40.943+0000] {logging_mixin.py:190} INFO - [2024-11-03T00:54:40.943+0000] {dagbag.py:588} INFO - Filling up the DagBag from /home/airflow/.local/lib/python3.12/site-packages/airflow/example_dags/example_task_group.py
[2024-11-03T00:54:40.950+0000] {processor.py:925} INFO - DAG(s) 'example_task_group' retrieved from /home/airflow/.local/lib/python3.12/site-packages/airflow/example_dags/example_task_group.py
[2024-11-03T00:54:40.970+0000] {logging_mixin.py:190} INFO - [2024-11-03T00:54:40.970+0000] {dag.py:3239} INFO - Sync 1 DAGs
[2024-11-03T00:54:40.982+0000] {logging_mixin.py:190} INFO - [2024-11-03T00:54:40.981+0000] {dag.py:4180} INFO - Setting next_dagrun for example_task_group to None, run_after=None
[2024-11-03T00:54:40.999+0000] {processor.py:208} INFO - Processing /home/airflow/.local/lib/python3.12/site-packages/airflow/example_dags/example_task_group.py took 0.063 seconds
[2024-11-03T00:55:11.285+0000] {processor.py:186} INFO - Started process (PID=972) to work on /home/airflow/.local/lib/python3.12/site-packages/airflow/example_dags/example_task_group.py
[2024-11-03T00:55:11.285+0000] {processor.py:914} INFO - Processing file /home/airflow/.local/lib/python3.12/site-packages/airflow/example_dags/example_task_group.py for tasks to queue
[2024-11-03T00:55:11.287+0000] {logging_mixin.py:190} INFO - [2024-11-03T00:55:11.287+0000] {dagbag.py:588} INFO - Filling up the DagBag from /home/airflow/.local/lib/python3.12/site-packages/airflow/example_dags/example_task_group.py
[2024-11-03T00:55:11.294+0000] {processor.py:925} INFO - DAG(s) 'example_task_group' retrieved from /home/airflow/.local/lib/python3.12/site-packages/airflow/example_dags/example_task_group.py
[2024-11-03T00:55:11.311+0000] {logging_mixin.py:190} INFO - [2024-11-03T00:55:11.311+0000] {dag.py:3239} INFO - Sync 1 DAGs
[2024-11-03T00:55:11.323+0000] {logging_mixin.py:190} INFO - [2024-11-03T00:55:11.323+0000] {dag.py:4180} INFO - Setting next_dagrun for example_task_group to None, run_after=None
[2024-11-03T00:55:11.339+0000] {processor.py:208} INFO - Processing /home/airflow/.local/lib/python3.12/site-packages/airflow/example_dags/example_task_group.py took 0.059 seconds
[2024-11-03T00:55:41.753+0000] {processor.py:186} INFO - Started process (PID=1036) to work on /home/airflow/.local/lib/python3.12/site-packages/airflow/example_dags/example_task_group.py
[2024-11-03T00:55:41.754+0000] {processor.py:914} INFO - Processing file /home/airflow/.local/lib/python3.12/site-packages/airflow/example_dags/example_task_group.py for tasks to queue
[2024-11-03T00:55:41.755+0000] {logging_mixin.py:190} INFO - [2024-11-03T00:55:41.755+0000] {dagbag.py:588} INFO - Filling up the DagBag from /home/airflow/.local/lib/python3.12/site-packages/airflow/example_dags/example_task_group.py
[2024-11-03T00:55:41.763+0000] {processor.py:925} INFO - DAG(s) 'example_task_group' retrieved from /home/airflow/.local/lib/python3.12/site-packages/airflow/example_dags/example_task_group.py
[2024-11-03T00:55:41.782+0000] {logging_mixin.py:190} INFO - [2024-11-03T00:55:41.782+0000] {dag.py:3239} INFO - Sync 1 DAGs
[2024-11-03T00:55:41.794+0000] {logging_mixin.py:190} INFO - [2024-11-03T00:55:41.794+0000] {dag.py:4180} INFO - Setting next_dagrun for example_task_group to None, run_after=None
[2024-11-03T00:55:41.811+0000] {processor.py:208} INFO - Processing /home/airflow/.local/lib/python3.12/site-packages/airflow/example_dags/example_task_group.py took 0.063 seconds
[2024-11-03T00:56:12.370+0000] {processor.py:186} INFO - Started process (PID=1099) to work on /home/airflow/.local/lib/python3.12/site-packages/airflow/example_dags/example_task_group.py
[2024-11-03T00:56:12.371+0000] {processor.py:914} INFO - Processing file /home/airflow/.local/lib/python3.12/site-packages/airflow/example_dags/example_task_group.py for tasks to queue
[2024-11-03T00:56:12.372+0000] {logging_mixin.py:190} INFO - [2024-11-03T00:56:12.372+0000] {dagbag.py:588} INFO - Filling up the DagBag from /home/airflow/.local/lib/python3.12/site-packages/airflow/example_dags/example_task_group.py
[2024-11-03T00:56:12.380+0000] {processor.py:925} INFO - DAG(s) 'example_task_group' retrieved from /home/airflow/.local/lib/python3.12/site-packages/airflow/example_dags/example_task_group.py
[2024-11-03T00:56:12.398+0000] {logging_mixin.py:190} INFO - [2024-11-03T00:56:12.398+0000] {dag.py:3239} INFO - Sync 1 DAGs
[2024-11-03T00:56:12.411+0000] {logging_mixin.py:190} INFO - [2024-11-03T00:56:12.411+0000] {dag.py:4180} INFO - Setting next_dagrun for example_task_group to None, run_after=None
[2024-11-03T00:56:12.428+0000] {processor.py:208} INFO - Processing /home/airflow/.local/lib/python3.12/site-packages/airflow/example_dags/example_task_group.py took 0.062 seconds
[2024-11-03T00:56:42.818+0000] {processor.py:186} INFO - Started process (PID=1162) to work on /home/airflow/.local/lib/python3.12/site-packages/airflow/example_dags/example_task_group.py
[2024-11-03T00:56:42.818+0000] {processor.py:914} INFO - Processing file /home/airflow/.local/lib/python3.12/site-packages/airflow/example_dags/example_task_group.py for tasks to queue
[2024-11-03T00:56:42.820+0000] {logging_mixin.py:190} INFO - [2024-11-03T00:56:42.820+0000] {dagbag.py:588} INFO - Filling up the DagBag from /home/airflow/.local/lib/python3.12/site-packages/airflow/example_dags/example_task_group.py
[2024-11-03T00:56:42.827+0000] {processor.py:925} INFO - DAG(s) 'example_task_group' retrieved from /home/airflow/.local/lib/python3.12/site-packages/airflow/example_dags/example_task_group.py
[2024-11-03T00:56:42.847+0000] {logging_mixin.py:190} INFO - [2024-11-03T00:56:42.846+0000] {dag.py:3239} INFO - Sync 1 DAGs
[2024-11-03T00:56:42.860+0000] {logging_mixin.py:190} INFO - [2024-11-03T00:56:42.859+0000] {dag.py:4180} INFO - Setting next_dagrun for example_task_group to None, run_after=None
[2024-11-03T00:56:42.876+0000] {processor.py:208} INFO - Processing /home/airflow/.local/lib/python3.12/site-packages/airflow/example_dags/example_task_group.py took 0.063 seconds
[2024-11-03T00:57:13.100+0000] {processor.py:186} INFO - Started process (PID=1225) to work on /home/airflow/.local/lib/python3.12/site-packages/airflow/example_dags/example_task_group.py
[2024-11-03T00:57:13.101+0000] {processor.py:914} INFO - Processing file /home/airflow/.local/lib/python3.12/site-packages/airflow/example_dags/example_task_group.py for tasks to queue
[2024-11-03T00:57:13.103+0000] {logging_mixin.py:190} INFO - [2024-11-03T00:57:13.102+0000] {dagbag.py:588} INFO - Filling up the DagBag from /home/airflow/.local/lib/python3.12/site-packages/airflow/example_dags/example_task_group.py
[2024-11-03T00:57:13.109+0000] {processor.py:925} INFO - DAG(s) 'example_task_group' retrieved from /home/airflow/.local/lib/python3.12/site-packages/airflow/example_dags/example_task_group.py
[2024-11-03T00:57:13.128+0000] {logging_mixin.py:190} INFO - [2024-11-03T00:57:13.127+0000] {dag.py:3239} INFO - Sync 1 DAGs
[2024-11-03T00:57:13.140+0000] {logging_mixin.py:190} INFO - [2024-11-03T00:57:13.139+0000] {dag.py:4180} INFO - Setting next_dagrun for example_task_group to None, run_after=None
[2024-11-03T00:57:13.156+0000] {processor.py:208} INFO - Processing /home/airflow/.local/lib/python3.12/site-packages/airflow/example_dags/example_task_group.py took 0.061 seconds
[2024-11-03T00:57:43.385+0000] {processor.py:186} INFO - Started process (PID=1288) to work on /home/airflow/.local/lib/python3.12/site-packages/airflow/example_dags/example_task_group.py
[2024-11-03T00:57:43.386+0000] {processor.py:914} INFO - Processing file /home/airflow/.local/lib/python3.12/site-packages/airflow/example_dags/example_task_group.py for tasks to queue
[2024-11-03T00:57:43.388+0000] {logging_mixin.py:190} INFO - [2024-11-03T00:57:43.387+0000] {dagbag.py:588} INFO - Filling up the DagBag from /home/airflow/.local/lib/python3.12/site-packages/airflow/example_dags/example_task_group.py
[2024-11-03T00:57:43.394+0000] {processor.py:925} INFO - DAG(s) 'example_task_group' retrieved from /home/airflow/.local/lib/python3.12/site-packages/airflow/example_dags/example_task_group.py
[2024-11-03T00:57:43.413+0000] {logging_mixin.py:190} INFO - [2024-11-03T00:57:43.412+0000] {dag.py:3239} INFO - Sync 1 DAGs
[2024-11-03T00:57:43.425+0000] {logging_mixin.py:190} INFO - [2024-11-03T00:57:43.424+0000] {dag.py:4180} INFO - Setting next_dagrun for example_task_group to None, run_after=None
[2024-11-03T00:57:43.440+0000] {processor.py:208} INFO - Processing /home/airflow/.local/lib/python3.12/site-packages/airflow/example_dags/example_task_group.py took 0.060 seconds
[2024-11-03T00:58:13.493+0000] {processor.py:186} INFO - Started process (PID=1350) to work on /home/airflow/.local/lib/python3.12/site-packages/airflow/example_dags/example_task_group.py
[2024-11-03T00:58:13.493+0000] {processor.py:914} INFO - Processing file /home/airflow/.local/lib/python3.12/site-packages/airflow/example_dags/example_task_group.py for tasks to queue
[2024-11-03T00:58:13.495+0000] {logging_mixin.py:190} INFO - [2024-11-03T00:58:13.495+0000] {dagbag.py:588} INFO - Filling up the DagBag from /home/airflow/.local/lib/python3.12/site-packages/airflow/example_dags/example_task_group.py
[2024-11-03T00:58:13.503+0000] {processor.py:925} INFO - DAG(s) 'example_task_group' retrieved from /home/airflow/.local/lib/python3.12/site-packages/airflow/example_dags/example_task_group.py
[2024-11-03T00:58:13.523+0000] {logging_mixin.py:190} INFO - [2024-11-03T00:58:13.523+0000] {dag.py:3239} INFO - Sync 1 DAGs
[2024-11-03T00:58:13.538+0000] {logging_mixin.py:190} INFO - [2024-11-03T00:58:13.538+0000] {dag.py:4180} INFO - Setting next_dagrun for example_task_group to None, run_after=None
[2024-11-03T00:58:13.563+0000] {processor.py:208} INFO - Processing /home/airflow/.local/lib/python3.12/site-packages/airflow/example_dags/example_task_group.py took 0.076 seconds
[2024-11-03T00:58:44.011+0000] {processor.py:186} INFO - Started process (PID=1414) to work on /home/airflow/.local/lib/python3.12/site-packages/airflow/example_dags/example_task_group.py
[2024-11-03T00:58:44.011+0000] {processor.py:914} INFO - Processing file /home/airflow/.local/lib/python3.12/site-packages/airflow/example_dags/example_task_group.py for tasks to queue
[2024-11-03T00:58:44.014+0000] {logging_mixin.py:190} INFO - [2024-11-03T00:58:44.013+0000] {dagbag.py:588} INFO - Filling up the DagBag from /home/airflow/.local/lib/python3.12/site-packages/airflow/example_dags/example_task_group.py
[2024-11-03T00:58:44.020+0000] {processor.py:925} INFO - DAG(s) 'example_task_group' retrieved from /home/airflow/.local/lib/python3.12/site-packages/airflow/example_dags/example_task_group.py
[2024-11-03T00:58:44.039+0000] {logging_mixin.py:190} INFO - [2024-11-03T00:58:44.038+0000] {dag.py:3239} INFO - Sync 1 DAGs
[2024-11-03T00:58:44.051+0000] {logging_mixin.py:190} INFO - [2024-11-03T00:58:44.051+0000] {dag.py:4180} INFO - Setting next_dagrun for example_task_group to None, run_after=None
[2024-11-03T00:58:44.066+0000] {processor.py:208} INFO - Processing /home/airflow/.local/lib/python3.12/site-packages/airflow/example_dags/example_task_group.py took 0.060 seconds
[2024-11-03T00:59:14.465+0000] {processor.py:186} INFO - Started process (PID=1477) to work on /home/airflow/.local/lib/python3.12/site-packages/airflow/example_dags/example_task_group.py
[2024-11-03T00:59:14.465+0000] {processor.py:914} INFO - Processing file /home/airflow/.local/lib/python3.12/site-packages/airflow/example_dags/example_task_group.py for tasks to queue
[2024-11-03T00:59:14.467+0000] {logging_mixin.py:190} INFO - [2024-11-03T00:59:14.467+0000] {dagbag.py:588} INFO - Filling up the DagBag from /home/airflow/.local/lib/python3.12/site-packages/airflow/example_dags/example_task_group.py
[2024-11-03T00:59:14.474+0000] {processor.py:925} INFO - DAG(s) 'example_task_group' retrieved from /home/airflow/.local/lib/python3.12/site-packages/airflow/example_dags/example_task_group.py
[2024-11-03T00:59:14.492+0000] {logging_mixin.py:190} INFO - [2024-11-03T00:59:14.492+0000] {dag.py:3239} INFO - Sync 1 DAGs
[2024-11-03T00:59:14.505+0000] {logging_mixin.py:190} INFO - [2024-11-03T00:59:14.505+0000] {dag.py:4180} INFO - Setting next_dagrun for example_task_group to None, run_after=None
[2024-11-03T00:59:14.520+0000] {processor.py:208} INFO - Processing /home/airflow/.local/lib/python3.12/site-packages/airflow/example_dags/example_task_group.py took 0.060 seconds
[2024-11-03T00:59:44.612+0000] {processor.py:186} INFO - Started process (PID=1539) to work on /home/airflow/.local/lib/python3.12/site-packages/airflow/example_dags/example_task_group.py
[2024-11-03T00:59:44.613+0000] {processor.py:914} INFO - Processing file /home/airflow/.local/lib/python3.12/site-packages/airflow/example_dags/example_task_group.py for tasks to queue
[2024-11-03T00:59:44.615+0000] {logging_mixin.py:190} INFO - [2024-11-03T00:59:44.614+0000] {dagbag.py:588} INFO - Filling up the DagBag from /home/airflow/.local/lib/python3.12/site-packages/airflow/example_dags/example_task_group.py
[2024-11-03T00:59:44.622+0000] {processor.py:925} INFO - DAG(s) 'example_task_group' retrieved from /home/airflow/.local/lib/python3.12/site-packages/airflow/example_dags/example_task_group.py
[2024-11-03T00:59:44.641+0000] {logging_mixin.py:190} INFO - [2024-11-03T00:59:44.641+0000] {dag.py:3239} INFO - Sync 1 DAGs
[2024-11-03T00:59:44.653+0000] {logging_mixin.py:190} INFO - [2024-11-03T00:59:44.653+0000] {dag.py:4180} INFO - Setting next_dagrun for example_task_group to None, run_after=None
[2024-11-03T00:59:44.667+0000] {processor.py:208} INFO - Processing /home/airflow/.local/lib/python3.12/site-packages/airflow/example_dags/example_task_group.py took 0.060 seconds
[2024-11-03T01:00:15.307+0000] {processor.py:186} INFO - Started process (PID=1603) to work on /home/airflow/.local/lib/python3.12/site-packages/airflow/example_dags/example_task_group.py
[2024-11-03T01:00:15.308+0000] {processor.py:914} INFO - Processing file /home/airflow/.local/lib/python3.12/site-packages/airflow/example_dags/example_task_group.py for tasks to queue
[2024-11-03T01:00:15.310+0000] {logging_mixin.py:190} INFO - [2024-11-03T01:00:15.309+0000] {dagbag.py:588} INFO - Filling up the DagBag from /home/airflow/.local/lib/python3.12/site-packages/airflow/example_dags/example_task_group.py
[2024-11-03T01:00:15.317+0000] {processor.py:925} INFO - DAG(s) 'example_task_group' retrieved from /home/airflow/.local/lib/python3.12/site-packages/airflow/example_dags/example_task_group.py
[2024-11-03T01:00:15.335+0000] {logging_mixin.py:190} INFO - [2024-11-03T01:00:15.335+0000] {dag.py:3239} INFO - Sync 1 DAGs
[2024-11-03T01:00:15.349+0000] {logging_mixin.py:190} INFO - [2024-11-03T01:00:15.348+0000] {dag.py:4180} INFO - Setting next_dagrun for example_task_group to None, run_after=None
[2024-11-03T01:00:15.364+0000] {processor.py:208} INFO - Processing /home/airflow/.local/lib/python3.12/site-packages/airflow/example_dags/example_task_group.py took 0.062 seconds
[2024-11-03T01:00:45.632+0000] {processor.py:186} INFO - Started process (PID=1666) to work on /home/airflow/.local/lib/python3.12/site-packages/airflow/example_dags/example_task_group.py
[2024-11-03T01:00:45.633+0000] {processor.py:914} INFO - Processing file /home/airflow/.local/lib/python3.12/site-packages/airflow/example_dags/example_task_group.py for tasks to queue
[2024-11-03T01:00:45.635+0000] {logging_mixin.py:190} INFO - [2024-11-03T01:00:45.634+0000] {dagbag.py:588} INFO - Filling up the DagBag from /home/airflow/.local/lib/python3.12/site-packages/airflow/example_dags/example_task_group.py
[2024-11-03T01:00:45.642+0000] {processor.py:925} INFO - DAG(s) 'example_task_group' retrieved from /home/airflow/.local/lib/python3.12/site-packages/airflow/example_dags/example_task_group.py
[2024-11-03T01:00:45.661+0000] {logging_mixin.py:190} INFO - [2024-11-03T01:00:45.661+0000] {dag.py:3239} INFO - Sync 1 DAGs
[2024-11-03T01:00:45.675+0000] {logging_mixin.py:190} INFO - [2024-11-03T01:00:45.675+0000] {dag.py:4180} INFO - Setting next_dagrun for example_task_group to None, run_after=None
[2024-11-03T01:00:45.692+0000] {processor.py:208} INFO - Processing /home/airflow/.local/lib/python3.12/site-packages/airflow/example_dags/example_task_group.py took 0.065 seconds
[2024-11-03T01:01:16.113+0000] {processor.py:186} INFO - Started process (PID=1729) to work on /home/airflow/.local/lib/python3.12/site-packages/airflow/example_dags/example_task_group.py
[2024-11-03T01:01:16.114+0000] {processor.py:914} INFO - Processing file /home/airflow/.local/lib/python3.12/site-packages/airflow/example_dags/example_task_group.py for tasks to queue
[2024-11-03T01:01:16.116+0000] {logging_mixin.py:190} INFO - [2024-11-03T01:01:16.115+0000] {dagbag.py:588} INFO - Filling up the DagBag from /home/airflow/.local/lib/python3.12/site-packages/airflow/example_dags/example_task_group.py
[2024-11-03T01:01:16.123+0000] {processor.py:925} INFO - DAG(s) 'example_task_group' retrieved from /home/airflow/.local/lib/python3.12/site-packages/airflow/example_dags/example_task_group.py
[2024-11-03T01:01:16.141+0000] {logging_mixin.py:190} INFO - [2024-11-03T01:01:16.141+0000] {dag.py:3239} INFO - Sync 1 DAGs
[2024-11-03T01:01:16.153+0000] {logging_mixin.py:190} INFO - [2024-11-03T01:01:16.153+0000] {dag.py:4180} INFO - Setting next_dagrun for example_task_group to None, run_after=None
[2024-11-03T01:01:16.169+0000] {processor.py:208} INFO - Processing /home/airflow/.local/lib/python3.12/site-packages/airflow/example_dags/example_task_group.py took 0.061 seconds
[2024-11-03T01:01:46.684+0000] {processor.py:186} INFO - Started process (PID=1792) to work on /home/airflow/.local/lib/python3.12/site-packages/airflow/example_dags/example_task_group.py
[2024-11-03T01:01:46.684+0000] {processor.py:914} INFO - Processing file /home/airflow/.local/lib/python3.12/site-packages/airflow/example_dags/example_task_group.py for tasks to queue
[2024-11-03T01:01:46.686+0000] {logging_mixin.py:190} INFO - [2024-11-03T01:01:46.686+0000] {dagbag.py:588} INFO - Filling up the DagBag from /home/airflow/.local/lib/python3.12/site-packages/airflow/example_dags/example_task_group.py
[2024-11-03T01:01:46.693+0000] {processor.py:925} INFO - DAG(s) 'example_task_group' retrieved from /home/airflow/.local/lib/python3.12/site-packages/airflow/example_dags/example_task_group.py
[2024-11-03T01:01:46.712+0000] {logging_mixin.py:190} INFO - [2024-11-03T01:01:46.711+0000] {dag.py:3239} INFO - Sync 1 DAGs
[2024-11-03T01:01:46.723+0000] {logging_mixin.py:190} INFO - [2024-11-03T01:01:46.723+0000] {dag.py:4180} INFO - Setting next_dagrun for example_task_group to None, run_after=None
[2024-11-03T01:01:46.739+0000] {processor.py:208} INFO - Processing /home/airflow/.local/lib/python3.12/site-packages/airflow/example_dags/example_task_group.py took 0.060 seconds
[2024-11-03T01:02:17.066+0000] {processor.py:186} INFO - Started process (PID=1855) to work on /home/airflow/.local/lib/python3.12/site-packages/airflow/example_dags/example_task_group.py
[2024-11-03T01:02:17.067+0000] {processor.py:914} INFO - Processing file /home/airflow/.local/lib/python3.12/site-packages/airflow/example_dags/example_task_group.py for tasks to queue
[2024-11-03T01:02:17.069+0000] {logging_mixin.py:190} INFO - [2024-11-03T01:02:17.069+0000] {dagbag.py:588} INFO - Filling up the DagBag from /home/airflow/.local/lib/python3.12/site-packages/airflow/example_dags/example_task_group.py
[2024-11-03T01:02:17.076+0000] {processor.py:925} INFO - DAG(s) 'example_task_group' retrieved from /home/airflow/.local/lib/python3.12/site-packages/airflow/example_dags/example_task_group.py
[2024-11-03T01:02:17.094+0000] {logging_mixin.py:190} INFO - [2024-11-03T01:02:17.094+0000] {dag.py:3239} INFO - Sync 1 DAGs
[2024-11-03T01:02:17.107+0000] {logging_mixin.py:190} INFO - [2024-11-03T01:02:17.106+0000] {dag.py:4180} INFO - Setting next_dagrun for example_task_group to None, run_after=None
[2024-11-03T01:02:17.123+0000] {processor.py:208} INFO - Processing /home/airflow/.local/lib/python3.12/site-packages/airflow/example_dags/example_task_group.py took 0.061 seconds
[2024-11-03T01:02:47.336+0000] {processor.py:186} INFO - Started process (PID=1918) to work on /home/airflow/.local/lib/python3.12/site-packages/airflow/example_dags/example_task_group.py
[2024-11-03T01:02:47.337+0000] {processor.py:914} INFO - Processing file /home/airflow/.local/lib/python3.12/site-packages/airflow/example_dags/example_task_group.py for tasks to queue
[2024-11-03T01:02:47.339+0000] {logging_mixin.py:190} INFO - [2024-11-03T01:02:47.338+0000] {dagbag.py:588} INFO - Filling up the DagBag from /home/airflow/.local/lib/python3.12/site-packages/airflow/example_dags/example_task_group.py
[2024-11-03T01:02:47.345+0000] {processor.py:925} INFO - DAG(s) 'example_task_group' retrieved from /home/airflow/.local/lib/python3.12/site-packages/airflow/example_dags/example_task_group.py
[2024-11-03T01:02:47.364+0000] {logging_mixin.py:190} INFO - [2024-11-03T01:02:47.364+0000] {dag.py:3239} INFO - Sync 1 DAGs
[2024-11-03T01:02:47.376+0000] {logging_mixin.py:190} INFO - [2024-11-03T01:02:47.376+0000] {dag.py:4180} INFO - Setting next_dagrun for example_task_group to None, run_after=None
[2024-11-03T01:02:47.391+0000] {processor.py:208} INFO - Processing /home/airflow/.local/lib/python3.12/site-packages/airflow/example_dags/example_task_group.py took 0.059 seconds
[2024-11-03T01:03:17.851+0000] {processor.py:186} INFO - Started process (PID=1981) to work on /home/airflow/.local/lib/python3.12/site-packages/airflow/example_dags/example_task_group.py
[2024-11-03T01:03:17.852+0000] {processor.py:914} INFO - Processing file /home/airflow/.local/lib/python3.12/site-packages/airflow/example_dags/example_task_group.py for tasks to queue
[2024-11-03T01:03:17.854+0000] {logging_mixin.py:190} INFO - [2024-11-03T01:03:17.854+0000] {dagbag.py:588} INFO - Filling up the DagBag from /home/airflow/.local/lib/python3.12/site-packages/airflow/example_dags/example_task_group.py
[2024-11-03T01:03:17.861+0000] {processor.py:925} INFO - DAG(s) 'example_task_group' retrieved from /home/airflow/.local/lib/python3.12/site-packages/airflow/example_dags/example_task_group.py
[2024-11-03T01:03:17.881+0000] {logging_mixin.py:190} INFO - [2024-11-03T01:03:17.880+0000] {dag.py:3239} INFO - Sync 1 DAGs
[2024-11-03T01:03:17.894+0000] {logging_mixin.py:190} INFO - [2024-11-03T01:03:17.893+0000] {dag.py:4180} INFO - Setting next_dagrun for example_task_group to None, run_after=None
[2024-11-03T01:03:17.910+0000] {processor.py:208} INFO - Processing /home/airflow/.local/lib/python3.12/site-packages/airflow/example_dags/example_task_group.py took 0.064 seconds
[2024-11-03T01:03:48.432+0000] {processor.py:186} INFO - Started process (PID=2044) to work on /home/airflow/.local/lib/python3.12/site-packages/airflow/example_dags/example_task_group.py
[2024-11-03T01:03:48.433+0000] {processor.py:914} INFO - Processing file /home/airflow/.local/lib/python3.12/site-packages/airflow/example_dags/example_task_group.py for tasks to queue
[2024-11-03T01:03:48.435+0000] {logging_mixin.py:190} INFO - [2024-11-03T01:03:48.435+0000] {dagbag.py:588} INFO - Filling up the DagBag from /home/airflow/.local/lib/python3.12/site-packages/airflow/example_dags/example_task_group.py
[2024-11-03T01:03:48.441+0000] {processor.py:925} INFO - DAG(s) 'example_task_group' retrieved from /home/airflow/.local/lib/python3.12/site-packages/airflow/example_dags/example_task_group.py
[2024-11-03T01:03:48.460+0000] {logging_mixin.py:190} INFO - [2024-11-03T01:03:48.459+0000] {dag.py:3239} INFO - Sync 1 DAGs
[2024-11-03T01:03:48.471+0000] {logging_mixin.py:190} INFO - [2024-11-03T01:03:48.471+0000] {dag.py:4180} INFO - Setting next_dagrun for example_task_group to None, run_after=None
[2024-11-03T01:03:48.487+0000] {processor.py:208} INFO - Processing /home/airflow/.local/lib/python3.12/site-packages/airflow/example_dags/example_task_group.py took 0.060 seconds
[2024-11-03T01:04:19.322+0000] {processor.py:186} INFO - Started process (PID=2107) to work on /home/airflow/.local/lib/python3.12/site-packages/airflow/example_dags/example_task_group.py
[2024-11-03T01:04:19.323+0000] {processor.py:914} INFO - Processing file /home/airflow/.local/lib/python3.12/site-packages/airflow/example_dags/example_task_group.py for tasks to queue
[2024-11-03T01:04:19.325+0000] {logging_mixin.py:190} INFO - [2024-11-03T01:04:19.324+0000] {dagbag.py:588} INFO - Filling up the DagBag from /home/airflow/.local/lib/python3.12/site-packages/airflow/example_dags/example_task_group.py
[2024-11-03T01:04:19.331+0000] {processor.py:925} INFO - DAG(s) 'example_task_group' retrieved from /home/airflow/.local/lib/python3.12/site-packages/airflow/example_dags/example_task_group.py
[2024-11-03T01:04:19.350+0000] {logging_mixin.py:190} INFO - [2024-11-03T01:04:19.350+0000] {dag.py:3239} INFO - Sync 1 DAGs
[2024-11-03T01:04:19.362+0000] {logging_mixin.py:190} INFO - [2024-11-03T01:04:19.362+0000] {dag.py:4180} INFO - Setting next_dagrun for example_task_group to None, run_after=None
[2024-11-03T01:04:19.378+0000] {processor.py:208} INFO - Processing /home/airflow/.local/lib/python3.12/site-packages/airflow/example_dags/example_task_group.py took 0.061 seconds
[2024-11-03T01:04:49.885+0000] {processor.py:186} INFO - Started process (PID=2170) to work on /home/airflow/.local/lib/python3.12/site-packages/airflow/example_dags/example_task_group.py
[2024-11-03T01:04:49.886+0000] {processor.py:914} INFO - Processing file /home/airflow/.local/lib/python3.12/site-packages/airflow/example_dags/example_task_group.py for tasks to queue
[2024-11-03T01:04:49.888+0000] {logging_mixin.py:190} INFO - [2024-11-03T01:04:49.887+0000] {dagbag.py:588} INFO - Filling up the DagBag from /home/airflow/.local/lib/python3.12/site-packages/airflow/example_dags/example_task_group.py
[2024-11-03T01:04:49.894+0000] {processor.py:925} INFO - DAG(s) 'example_task_group' retrieved from /home/airflow/.local/lib/python3.12/site-packages/airflow/example_dags/example_task_group.py
[2024-11-03T01:04:49.912+0000] {logging_mixin.py:190} INFO - [2024-11-03T01:04:49.912+0000] {dag.py:3239} INFO - Sync 1 DAGs
[2024-11-03T01:04:49.925+0000] {logging_mixin.py:190} INFO - [2024-11-03T01:04:49.925+0000] {dag.py:4180} INFO - Setting next_dagrun for example_task_group to None, run_after=None
[2024-11-03T01:04:49.940+0000] {processor.py:208} INFO - Processing /home/airflow/.local/lib/python3.12/site-packages/airflow/example_dags/example_task_group.py took 0.059 seconds
[2024-11-03T01:05:20.556+0000] {processor.py:186} INFO - Started process (PID=2233) to work on /home/airflow/.local/lib/python3.12/site-packages/airflow/example_dags/example_task_group.py
[2024-11-03T01:05:20.557+0000] {processor.py:914} INFO - Processing file /home/airflow/.local/lib/python3.12/site-packages/airflow/example_dags/example_task_group.py for tasks to queue
[2024-11-03T01:05:20.559+0000] {logging_mixin.py:190} INFO - [2024-11-03T01:05:20.559+0000] {dagbag.py:588} INFO - Filling up the DagBag from /home/airflow/.local/lib/python3.12/site-packages/airflow/example_dags/example_task_group.py
[2024-11-03T01:05:20.568+0000] {processor.py:925} INFO - DAG(s) 'example_task_group' retrieved from /home/airflow/.local/lib/python3.12/site-packages/airflow/example_dags/example_task_group.py
[2024-11-03T01:05:20.589+0000] {logging_mixin.py:190} INFO - [2024-11-03T01:05:20.588+0000] {dag.py:3239} INFO - Sync 1 DAGs
[2024-11-03T01:05:20.604+0000] {logging_mixin.py:190} INFO - [2024-11-03T01:05:20.604+0000] {dag.py:4180} INFO - Setting next_dagrun for example_task_group to None, run_after=None
[2024-11-03T01:05:20.627+0000] {processor.py:208} INFO - Processing /home/airflow/.local/lib/python3.12/site-packages/airflow/example_dags/example_task_group.py took 0.077 seconds
[2024-11-03T01:05:51.144+0000] {processor.py:186} INFO - Started process (PID=2296) to work on /home/airflow/.local/lib/python3.12/site-packages/airflow/example_dags/example_task_group.py
[2024-11-03T01:05:51.145+0000] {processor.py:914} INFO - Processing file /home/airflow/.local/lib/python3.12/site-packages/airflow/example_dags/example_task_group.py for tasks to queue
[2024-11-03T01:05:51.147+0000] {logging_mixin.py:190} INFO - [2024-11-03T01:05:51.147+0000] {dagbag.py:588} INFO - Filling up the DagBag from /home/airflow/.local/lib/python3.12/site-packages/airflow/example_dags/example_task_group.py
[2024-11-03T01:05:51.153+0000] {processor.py:925} INFO - DAG(s) 'example_task_group' retrieved from /home/airflow/.local/lib/python3.12/site-packages/airflow/example_dags/example_task_group.py
[2024-11-03T01:05:51.172+0000] {logging_mixin.py:190} INFO - [2024-11-03T01:05:51.172+0000] {dag.py:3239} INFO - Sync 1 DAGs
[2024-11-03T01:05:51.184+0000] {logging_mixin.py:190} INFO - [2024-11-03T01:05:51.184+0000] {dag.py:4180} INFO - Setting next_dagrun for example_task_group to None, run_after=None
[2024-11-03T01:05:51.202+0000] {processor.py:208} INFO - Processing /home/airflow/.local/lib/python3.12/site-packages/airflow/example_dags/example_task_group.py took 0.062 seconds
[2024-11-03T01:06:21.795+0000] {processor.py:186} INFO - Started process (PID=2359) to work on /home/airflow/.local/lib/python3.12/site-packages/airflow/example_dags/example_task_group.py
[2024-11-03T01:06:21.796+0000] {processor.py:914} INFO - Processing file /home/airflow/.local/lib/python3.12/site-packages/airflow/example_dags/example_task_group.py for tasks to queue
[2024-11-03T01:06:21.798+0000] {logging_mixin.py:190} INFO - [2024-11-03T01:06:21.797+0000] {dagbag.py:588} INFO - Filling up the DagBag from /home/airflow/.local/lib/python3.12/site-packages/airflow/example_dags/example_task_group.py
[2024-11-03T01:06:21.805+0000] {processor.py:925} INFO - DAG(s) 'example_task_group' retrieved from /home/airflow/.local/lib/python3.12/site-packages/airflow/example_dags/example_task_group.py
[2024-11-03T01:06:21.825+0000] {logging_mixin.py:190} INFO - [2024-11-03T01:06:21.825+0000] {dag.py:3239} INFO - Sync 1 DAGs
[2024-11-03T01:06:21.838+0000] {logging_mixin.py:190} INFO - [2024-11-03T01:06:21.838+0000] {dag.py:4180} INFO - Setting next_dagrun for example_task_group to None, run_after=None
[2024-11-03T01:06:21.860+0000] {processor.py:208} INFO - Processing /home/airflow/.local/lib/python3.12/site-packages/airflow/example_dags/example_task_group.py took 0.070 seconds
[2024-11-03T01:06:52.597+0000] {processor.py:186} INFO - Started process (PID=2422) to work on /home/airflow/.local/lib/python3.12/site-packages/airflow/example_dags/example_task_group.py
[2024-11-03T01:06:52.598+0000] {processor.py:914} INFO - Processing file /home/airflow/.local/lib/python3.12/site-packages/airflow/example_dags/example_task_group.py for tasks to queue
[2024-11-03T01:06:52.599+0000] {logging_mixin.py:190} INFO - [2024-11-03T01:06:52.599+0000] {dagbag.py:588} INFO - Filling up the DagBag from /home/airflow/.local/lib/python3.12/site-packages/airflow/example_dags/example_task_group.py
[2024-11-03T01:06:52.606+0000] {processor.py:925} INFO - DAG(s) 'example_task_group' retrieved from /home/airflow/.local/lib/python3.12/site-packages/airflow/example_dags/example_task_group.py
[2024-11-03T01:06:52.625+0000] {logging_mixin.py:190} INFO - [2024-11-03T01:06:52.625+0000] {dag.py:3239} INFO - Sync 1 DAGs
[2024-11-03T01:06:52.637+0000] {logging_mixin.py:190} INFO - [2024-11-03T01:06:52.637+0000] {dag.py:4180} INFO - Setting next_dagrun for example_task_group to None, run_after=None
[2024-11-03T01:06:52.653+0000] {processor.py:208} INFO - Processing /home/airflow/.local/lib/python3.12/site-packages/airflow/example_dags/example_task_group.py took 0.061 seconds
[2024-11-03T01:07:23.103+0000] {processor.py:186} INFO - Started process (PID=2485) to work on /home/airflow/.local/lib/python3.12/site-packages/airflow/example_dags/example_task_group.py
[2024-11-03T01:07:23.104+0000] {processor.py:914} INFO - Processing file /home/airflow/.local/lib/python3.12/site-packages/airflow/example_dags/example_task_group.py for tasks to queue
[2024-11-03T01:07:23.105+0000] {logging_mixin.py:190} INFO - [2024-11-03T01:07:23.105+0000] {dagbag.py:588} INFO - Filling up the DagBag from /home/airflow/.local/lib/python3.12/site-packages/airflow/example_dags/example_task_group.py
[2024-11-03T01:07:23.113+0000] {processor.py:925} INFO - DAG(s) 'example_task_group' retrieved from /home/airflow/.local/lib/python3.12/site-packages/airflow/example_dags/example_task_group.py
[2024-11-03T01:07:23.131+0000] {logging_mixin.py:190} INFO - [2024-11-03T01:07:23.131+0000] {dag.py:3239} INFO - Sync 1 DAGs
[2024-11-03T01:07:23.144+0000] {logging_mixin.py:190} INFO - [2024-11-03T01:07:23.144+0000] {dag.py:4180} INFO - Setting next_dagrun for example_task_group to None, run_after=None
[2024-11-03T01:07:23.159+0000] {processor.py:208} INFO - Processing /home/airflow/.local/lib/python3.12/site-packages/airflow/example_dags/example_task_group.py took 0.061 seconds
[2024-11-03T01:07:53.336+0000] {processor.py:186} INFO - Started process (PID=2547) to work on /home/airflow/.local/lib/python3.12/site-packages/airflow/example_dags/example_task_group.py
[2024-11-03T01:07:53.337+0000] {processor.py:914} INFO - Processing file /home/airflow/.local/lib/python3.12/site-packages/airflow/example_dags/example_task_group.py for tasks to queue
[2024-11-03T01:07:53.339+0000] {logging_mixin.py:190} INFO - [2024-11-03T01:07:53.339+0000] {dagbag.py:588} INFO - Filling up the DagBag from /home/airflow/.local/lib/python3.12/site-packages/airflow/example_dags/example_task_group.py
[2024-11-03T01:07:53.346+0000] {processor.py:925} INFO - DAG(s) 'example_task_group' retrieved from /home/airflow/.local/lib/python3.12/site-packages/airflow/example_dags/example_task_group.py
[2024-11-03T01:07:53.362+0000] {logging_mixin.py:190} INFO - [2024-11-03T01:07:53.362+0000] {dag.py:3239} INFO - Sync 1 DAGs
[2024-11-03T01:07:53.374+0000] {logging_mixin.py:190} INFO - [2024-11-03T01:07:53.373+0000] {dag.py:4180} INFO - Setting next_dagrun for example_task_group to None, run_after=None
[2024-11-03T01:07:53.389+0000] {processor.py:208} INFO - Processing /home/airflow/.local/lib/python3.12/site-packages/airflow/example_dags/example_task_group.py took 0.057 seconds
[2024-11-03T01:08:23.548+0000] {processor.py:186} INFO - Started process (PID=2610) to work on /home/airflow/.local/lib/python3.12/site-packages/airflow/example_dags/example_task_group.py
[2024-11-03T01:08:23.548+0000] {processor.py:914} INFO - Processing file /home/airflow/.local/lib/python3.12/site-packages/airflow/example_dags/example_task_group.py for tasks to queue
[2024-11-03T01:08:23.550+0000] {logging_mixin.py:190} INFO - [2024-11-03T01:08:23.550+0000] {dagbag.py:588} INFO - Filling up the DagBag from /home/airflow/.local/lib/python3.12/site-packages/airflow/example_dags/example_task_group.py
[2024-11-03T01:08:23.557+0000] {processor.py:925} INFO - DAG(s) 'example_task_group' retrieved from /home/airflow/.local/lib/python3.12/site-packages/airflow/example_dags/example_task_group.py
[2024-11-03T01:08:23.573+0000] {logging_mixin.py:190} INFO - [2024-11-03T01:08:23.573+0000] {dag.py:3239} INFO - Sync 1 DAGs
[2024-11-03T01:08:23.585+0000] {logging_mixin.py:190} INFO - [2024-11-03T01:08:23.585+0000] {dag.py:4180} INFO - Setting next_dagrun for example_task_group to None, run_after=None
[2024-11-03T01:08:23.599+0000] {processor.py:208} INFO - Processing /home/airflow/.local/lib/python3.12/site-packages/airflow/example_dags/example_task_group.py took 0.056 seconds
[2024-11-03T01:08:54.009+0000] {processor.py:186} INFO - Started process (PID=2674) to work on /home/airflow/.local/lib/python3.12/site-packages/airflow/example_dags/example_task_group.py
[2024-11-03T01:08:54.009+0000] {processor.py:914} INFO - Processing file /home/airflow/.local/lib/python3.12/site-packages/airflow/example_dags/example_task_group.py for tasks to queue
[2024-11-03T01:08:54.011+0000] {logging_mixin.py:190} INFO - [2024-11-03T01:08:54.011+0000] {dagbag.py:588} INFO - Filling up the DagBag from /home/airflow/.local/lib/python3.12/site-packages/airflow/example_dags/example_task_group.py
[2024-11-03T01:08:54.017+0000] {processor.py:925} INFO - DAG(s) 'example_task_group' retrieved from /home/airflow/.local/lib/python3.12/site-packages/airflow/example_dags/example_task_group.py
[2024-11-03T01:08:54.035+0000] {logging_mixin.py:190} INFO - [2024-11-03T01:08:54.035+0000] {dag.py:3239} INFO - Sync 1 DAGs
[2024-11-03T01:08:54.046+0000] {logging_mixin.py:190} INFO - [2024-11-03T01:08:54.046+0000] {dag.py:4180} INFO - Setting next_dagrun for example_task_group to None, run_after=None
[2024-11-03T01:08:54.062+0000] {processor.py:208} INFO - Processing /home/airflow/.local/lib/python3.12/site-packages/airflow/example_dags/example_task_group.py took 0.058 seconds
[2024-11-03T01:09:24.445+0000] {processor.py:186} INFO - Started process (PID=2737) to work on /home/airflow/.local/lib/python3.12/site-packages/airflow/example_dags/example_task_group.py
[2024-11-03T01:09:24.446+0000] {processor.py:914} INFO - Processing file /home/airflow/.local/lib/python3.12/site-packages/airflow/example_dags/example_task_group.py for tasks to queue
[2024-11-03T01:09:24.449+0000] {logging_mixin.py:190} INFO - [2024-11-03T01:09:24.448+0000] {dagbag.py:588} INFO - Filling up the DagBag from /home/airflow/.local/lib/python3.12/site-packages/airflow/example_dags/example_task_group.py
[2024-11-03T01:09:24.456+0000] {processor.py:925} INFO - DAG(s) 'example_task_group' retrieved from /home/airflow/.local/lib/python3.12/site-packages/airflow/example_dags/example_task_group.py
[2024-11-03T01:09:24.476+0000] {logging_mixin.py:190} INFO - [2024-11-03T01:09:24.476+0000] {dag.py:3239} INFO - Sync 1 DAGs
[2024-11-03T01:09:24.488+0000] {logging_mixin.py:190} INFO - [2024-11-03T01:09:24.488+0000] {dag.py:4180} INFO - Setting next_dagrun for example_task_group to None, run_after=None
[2024-11-03T01:09:24.505+0000] {processor.py:208} INFO - Processing /home/airflow/.local/lib/python3.12/site-packages/airflow/example_dags/example_task_group.py took 0.065 seconds
[2024-11-03T01:09:54.966+0000] {processor.py:186} INFO - Started process (PID=2800) to work on /home/airflow/.local/lib/python3.12/site-packages/airflow/example_dags/example_task_group.py
[2024-11-03T01:09:54.967+0000] {processor.py:914} INFO - Processing file /home/airflow/.local/lib/python3.12/site-packages/airflow/example_dags/example_task_group.py for tasks to queue
[2024-11-03T01:09:54.970+0000] {logging_mixin.py:190} INFO - [2024-11-03T01:09:54.970+0000] {dagbag.py:588} INFO - Filling up the DagBag from /home/airflow/.local/lib/python3.12/site-packages/airflow/example_dags/example_task_group.py
[2024-11-03T01:09:54.978+0000] {processor.py:925} INFO - DAG(s) 'example_task_group' retrieved from /home/airflow/.local/lib/python3.12/site-packages/airflow/example_dags/example_task_group.py
[2024-11-03T01:09:54.998+0000] {logging_mixin.py:190} INFO - [2024-11-03T01:09:54.997+0000] {dag.py:3239} INFO - Sync 1 DAGs
[2024-11-03T01:09:55.010+0000] {logging_mixin.py:190} INFO - [2024-11-03T01:09:55.009+0000] {dag.py:4180} INFO - Setting next_dagrun for example_task_group to None, run_after=None
[2024-11-03T01:09:55.025+0000] {processor.py:208} INFO - Processing /home/airflow/.local/lib/python3.12/site-packages/airflow/example_dags/example_task_group.py took 0.065 seconds
[2024-11-03T01:10:25.384+0000] {processor.py:186} INFO - Started process (PID=2863) to work on /home/airflow/.local/lib/python3.12/site-packages/airflow/example_dags/example_task_group.py
[2024-11-03T01:10:25.385+0000] {processor.py:914} INFO - Processing file /home/airflow/.local/lib/python3.12/site-packages/airflow/example_dags/example_task_group.py for tasks to queue
[2024-11-03T01:10:25.388+0000] {logging_mixin.py:190} INFO - [2024-11-03T01:10:25.388+0000] {dagbag.py:588} INFO - Filling up the DagBag from /home/airflow/.local/lib/python3.12/site-packages/airflow/example_dags/example_task_group.py
[2024-11-03T01:10:25.395+0000] {processor.py:925} INFO - DAG(s) 'example_task_group' retrieved from /home/airflow/.local/lib/python3.12/site-packages/airflow/example_dags/example_task_group.py
[2024-11-03T01:10:25.415+0000] {logging_mixin.py:190} INFO - [2024-11-03T01:10:25.414+0000] {dag.py:3239} INFO - Sync 1 DAGs
[2024-11-03T01:10:25.427+0000] {logging_mixin.py:190} INFO - [2024-11-03T01:10:25.427+0000] {dag.py:4180} INFO - Setting next_dagrun for example_task_group to None, run_after=None
[2024-11-03T01:10:25.443+0000] {processor.py:208} INFO - Processing /home/airflow/.local/lib/python3.12/site-packages/airflow/example_dags/example_task_group.py took 0.065 seconds
[2024-11-03T01:10:55.883+0000] {processor.py:186} INFO - Started process (PID=2926) to work on /home/airflow/.local/lib/python3.12/site-packages/airflow/example_dags/example_task_group.py
[2024-11-03T01:10:55.883+0000] {processor.py:914} INFO - Processing file /home/airflow/.local/lib/python3.12/site-packages/airflow/example_dags/example_task_group.py for tasks to queue
[2024-11-03T01:10:55.886+0000] {logging_mixin.py:190} INFO - [2024-11-03T01:10:55.886+0000] {dagbag.py:588} INFO - Filling up the DagBag from /home/airflow/.local/lib/python3.12/site-packages/airflow/example_dags/example_task_group.py
[2024-11-03T01:10:55.892+0000] {processor.py:925} INFO - DAG(s) 'example_task_group' retrieved from /home/airflow/.local/lib/python3.12/site-packages/airflow/example_dags/example_task_group.py
[2024-11-03T01:10:55.911+0000] {logging_mixin.py:190} INFO - [2024-11-03T01:10:55.911+0000] {dag.py:3239} INFO - Sync 1 DAGs
[2024-11-03T01:10:55.923+0000] {logging_mixin.py:190} INFO - [2024-11-03T01:10:55.923+0000] {dag.py:4180} INFO - Setting next_dagrun for example_task_group to None, run_after=None
[2024-11-03T01:10:55.940+0000] {processor.py:208} INFO - Processing /home/airflow/.local/lib/python3.12/site-packages/airflow/example_dags/example_task_group.py took 0.062 seconds
[2024-11-03T01:11:26.149+0000] {processor.py:186} INFO - Started process (PID=2988) to work on /home/airflow/.local/lib/python3.12/site-packages/airflow/example_dags/example_task_group.py
[2024-11-03T01:11:26.149+0000] {processor.py:914} INFO - Processing file /home/airflow/.local/lib/python3.12/site-packages/airflow/example_dags/example_task_group.py for tasks to queue
[2024-11-03T01:11:26.152+0000] {logging_mixin.py:190} INFO - [2024-11-03T01:11:26.152+0000] {dagbag.py:588} INFO - Filling up the DagBag from /home/airflow/.local/lib/python3.12/site-packages/airflow/example_dags/example_task_group.py
[2024-11-03T01:11:26.160+0000] {processor.py:925} INFO - DAG(s) 'example_task_group' retrieved from /home/airflow/.local/lib/python3.12/site-packages/airflow/example_dags/example_task_group.py
[2024-11-03T01:11:26.177+0000] {logging_mixin.py:190} INFO - [2024-11-03T01:11:26.177+0000] {dag.py:3239} INFO - Sync 1 DAGs
[2024-11-03T01:11:26.188+0000] {logging_mixin.py:190} INFO - [2024-11-03T01:11:26.188+0000] {dag.py:4180} INFO - Setting next_dagrun for example_task_group to None, run_after=None
[2024-11-03T01:11:26.203+0000] {processor.py:208} INFO - Processing /home/airflow/.local/lib/python3.12/site-packages/airflow/example_dags/example_task_group.py took 0.060 seconds
[2024-11-03T01:11:56.446+0000] {processor.py:186} INFO - Started process (PID=3051) to work on /home/airflow/.local/lib/python3.12/site-packages/airflow/example_dags/example_task_group.py
[2024-11-03T01:11:56.447+0000] {processor.py:914} INFO - Processing file /home/airflow/.local/lib/python3.12/site-packages/airflow/example_dags/example_task_group.py for tasks to queue
[2024-11-03T01:11:56.449+0000] {logging_mixin.py:190} INFO - [2024-11-03T01:11:56.449+0000] {dagbag.py:588} INFO - Filling up the DagBag from /home/airflow/.local/lib/python3.12/site-packages/airflow/example_dags/example_task_group.py
[2024-11-03T01:11:56.456+0000] {processor.py:925} INFO - DAG(s) 'example_task_group' retrieved from /home/airflow/.local/lib/python3.12/site-packages/airflow/example_dags/example_task_group.py
[2024-11-03T01:11:56.479+0000] {logging_mixin.py:190} INFO - [2024-11-03T01:11:56.479+0000] {dag.py:3239} INFO - Sync 1 DAGs
[2024-11-03T01:11:56.494+0000] {logging_mixin.py:190} INFO - [2024-11-03T01:11:56.494+0000] {dag.py:4180} INFO - Setting next_dagrun for example_task_group to None, run_after=None
[2024-11-03T01:11:56.512+0000] {processor.py:208} INFO - Processing /home/airflow/.local/lib/python3.12/site-packages/airflow/example_dags/example_task_group.py took 0.070 seconds
[2024-11-03T01:12:27.299+0000] {processor.py:186} INFO - Started process (PID=3114) to work on /home/airflow/.local/lib/python3.12/site-packages/airflow/example_dags/example_task_group.py
[2024-11-03T01:12:27.300+0000] {processor.py:914} INFO - Processing file /home/airflow/.local/lib/python3.12/site-packages/airflow/example_dags/example_task_group.py for tasks to queue
[2024-11-03T01:12:27.303+0000] {logging_mixin.py:190} INFO - [2024-11-03T01:12:27.303+0000] {dagbag.py:588} INFO - Filling up the DagBag from /home/airflow/.local/lib/python3.12/site-packages/airflow/example_dags/example_task_group.py
[2024-11-03T01:12:27.312+0000] {processor.py:925} INFO - DAG(s) 'example_task_group' retrieved from /home/airflow/.local/lib/python3.12/site-packages/airflow/example_dags/example_task_group.py
[2024-11-03T01:12:27.331+0000] {logging_mixin.py:190} INFO - [2024-11-03T01:12:27.331+0000] {dag.py:3239} INFO - Sync 1 DAGs
[2024-11-03T01:12:27.344+0000] {logging_mixin.py:190} INFO - [2024-11-03T01:12:27.344+0000] {dag.py:4180} INFO - Setting next_dagrun for example_task_group to None, run_after=None
[2024-11-03T01:12:27.546+0000] {processor.py:208} INFO - Processing /home/airflow/.local/lib/python3.12/site-packages/airflow/example_dags/example_task_group.py took 0.251 seconds
[2024-11-03T01:12:57.885+0000] {processor.py:186} INFO - Started process (PID=3177) to work on /home/airflow/.local/lib/python3.12/site-packages/airflow/example_dags/example_task_group.py
[2024-11-03T01:12:57.886+0000] {processor.py:914} INFO - Processing file /home/airflow/.local/lib/python3.12/site-packages/airflow/example_dags/example_task_group.py for tasks to queue
[2024-11-03T01:12:57.888+0000] {logging_mixin.py:190} INFO - [2024-11-03T01:12:57.887+0000] {dagbag.py:588} INFO - Filling up the DagBag from /home/airflow/.local/lib/python3.12/site-packages/airflow/example_dags/example_task_group.py
[2024-11-03T01:12:57.895+0000] {processor.py:925} INFO - DAG(s) 'example_task_group' retrieved from /home/airflow/.local/lib/python3.12/site-packages/airflow/example_dags/example_task_group.py
[2024-11-03T01:12:57.914+0000] {logging_mixin.py:190} INFO - [2024-11-03T01:12:57.914+0000] {dag.py:3239} INFO - Sync 1 DAGs
[2024-11-03T01:12:57.926+0000] {logging_mixin.py:190} INFO - [2024-11-03T01:12:57.926+0000] {dag.py:4180} INFO - Setting next_dagrun for example_task_group to None, run_after=None
[2024-11-03T01:12:57.942+0000] {processor.py:208} INFO - Processing /home/airflow/.local/lib/python3.12/site-packages/airflow/example_dags/example_task_group.py took 0.062 seconds
[2024-11-03T01:13:28.430+0000] {processor.py:186} INFO - Started process (PID=3241) to work on /home/airflow/.local/lib/python3.12/site-packages/airflow/example_dags/example_task_group.py
[2024-11-03T01:13:28.431+0000] {processor.py:914} INFO - Processing file /home/airflow/.local/lib/python3.12/site-packages/airflow/example_dags/example_task_group.py for tasks to queue
[2024-11-03T01:13:28.433+0000] {logging_mixin.py:190} INFO - [2024-11-03T01:13:28.433+0000] {dagbag.py:588} INFO - Filling up the DagBag from /home/airflow/.local/lib/python3.12/site-packages/airflow/example_dags/example_task_group.py
[2024-11-03T01:13:28.440+0000] {processor.py:925} INFO - DAG(s) 'example_task_group' retrieved from /home/airflow/.local/lib/python3.12/site-packages/airflow/example_dags/example_task_group.py
[2024-11-03T01:13:28.461+0000] {logging_mixin.py:190} INFO - [2024-11-03T01:13:28.461+0000] {dag.py:3239} INFO - Sync 1 DAGs
[2024-11-03T01:13:28.473+0000] {logging_mixin.py:190} INFO - [2024-11-03T01:13:28.473+0000] {dag.py:4180} INFO - Setting next_dagrun for example_task_group to None, run_after=None
[2024-11-03T01:13:28.489+0000] {processor.py:208} INFO - Processing /home/airflow/.local/lib/python3.12/site-packages/airflow/example_dags/example_task_group.py took 0.064 seconds
[2024-11-03T01:13:58.643+0000] {processor.py:186} INFO - Started process (PID=3304) to work on /home/airflow/.local/lib/python3.12/site-packages/airflow/example_dags/example_task_group.py
[2024-11-03T01:13:58.643+0000] {processor.py:914} INFO - Processing file /home/airflow/.local/lib/python3.12/site-packages/airflow/example_dags/example_task_group.py for tasks to queue
[2024-11-03T01:13:58.646+0000] {logging_mixin.py:190} INFO - [2024-11-03T01:13:58.645+0000] {dagbag.py:588} INFO - Filling up the DagBag from /home/airflow/.local/lib/python3.12/site-packages/airflow/example_dags/example_task_group.py
[2024-11-03T01:13:58.652+0000] {processor.py:925} INFO - DAG(s) 'example_task_group' retrieved from /home/airflow/.local/lib/python3.12/site-packages/airflow/example_dags/example_task_group.py
[2024-11-03T01:13:58.671+0000] {logging_mixin.py:190} INFO - [2024-11-03T01:13:58.671+0000] {dag.py:3239} INFO - Sync 1 DAGs
[2024-11-03T01:13:58.688+0000] {logging_mixin.py:190} INFO - [2024-11-03T01:13:58.688+0000] {dag.py:4180} INFO - Setting next_dagrun for example_task_group to None, run_after=None
[2024-11-03T01:13:58.709+0000] {processor.py:208} INFO - Processing /home/airflow/.local/lib/python3.12/site-packages/airflow/example_dags/example_task_group.py took 0.072 seconds
[2024-11-03T01:14:29.459+0000] {processor.py:186} INFO - Started process (PID=3366) to work on /home/airflow/.local/lib/python3.12/site-packages/airflow/example_dags/example_task_group.py
[2024-11-03T01:14:29.460+0000] {processor.py:914} INFO - Processing file /home/airflow/.local/lib/python3.12/site-packages/airflow/example_dags/example_task_group.py for tasks to queue
[2024-11-03T01:14:29.462+0000] {logging_mixin.py:190} INFO - [2024-11-03T01:14:29.462+0000] {dagbag.py:588} INFO - Filling up the DagBag from /home/airflow/.local/lib/python3.12/site-packages/airflow/example_dags/example_task_group.py
[2024-11-03T01:14:29.469+0000] {processor.py:925} INFO - DAG(s) 'example_task_group' retrieved from /home/airflow/.local/lib/python3.12/site-packages/airflow/example_dags/example_task_group.py
[2024-11-03T01:14:29.654+0000] {logging_mixin.py:190} INFO - [2024-11-03T01:14:29.654+0000] {dag.py:3239} INFO - Sync 1 DAGs
[2024-11-03T01:14:29.666+0000] {logging_mixin.py:190} INFO - [2024-11-03T01:14:29.665+0000] {dag.py:4180} INFO - Setting next_dagrun for example_task_group to None, run_after=None
[2024-11-03T01:14:29.681+0000] {processor.py:208} INFO - Processing /home/airflow/.local/lib/python3.12/site-packages/airflow/example_dags/example_task_group.py took 0.227 seconds
[2024-11-03T01:15:00.237+0000] {processor.py:186} INFO - Started process (PID=3429) to work on /home/airflow/.local/lib/python3.12/site-packages/airflow/example_dags/example_task_group.py
[2024-11-03T01:15:00.238+0000] {processor.py:914} INFO - Processing file /home/airflow/.local/lib/python3.12/site-packages/airflow/example_dags/example_task_group.py for tasks to queue
[2024-11-03T01:15:00.240+0000] {logging_mixin.py:190} INFO - [2024-11-03T01:15:00.240+0000] {dagbag.py:588} INFO - Filling up the DagBag from /home/airflow/.local/lib/python3.12/site-packages/airflow/example_dags/example_task_group.py
[2024-11-03T01:15:00.247+0000] {processor.py:925} INFO - DAG(s) 'example_task_group' retrieved from /home/airflow/.local/lib/python3.12/site-packages/airflow/example_dags/example_task_group.py
[2024-11-03T01:15:00.267+0000] {logging_mixin.py:190} INFO - [2024-11-03T01:15:00.267+0000] {dag.py:3239} INFO - Sync 1 DAGs
[2024-11-03T01:15:00.282+0000] {logging_mixin.py:190} INFO - [2024-11-03T01:15:00.282+0000] {dag.py:4180} INFO - Setting next_dagrun for example_task_group to None, run_after=None
[2024-11-03T01:15:00.299+0000] {processor.py:208} INFO - Processing /home/airflow/.local/lib/python3.12/site-packages/airflow/example_dags/example_task_group.py took 0.067 seconds
[2024-11-03T01:15:30.837+0000] {processor.py:186} INFO - Started process (PID=3492) to work on /home/airflow/.local/lib/python3.12/site-packages/airflow/example_dags/example_task_group.py
[2024-11-03T01:15:30.838+0000] {processor.py:914} INFO - Processing file /home/airflow/.local/lib/python3.12/site-packages/airflow/example_dags/example_task_group.py for tasks to queue
[2024-11-03T01:15:30.840+0000] {logging_mixin.py:190} INFO - [2024-11-03T01:15:30.840+0000] {dagbag.py:588} INFO - Filling up the DagBag from /home/airflow/.local/lib/python3.12/site-packages/airflow/example_dags/example_task_group.py
[2024-11-03T01:15:30.847+0000] {processor.py:925} INFO - DAG(s) 'example_task_group' retrieved from /home/airflow/.local/lib/python3.12/site-packages/airflow/example_dags/example_task_group.py
[2024-11-03T01:15:30.867+0000] {logging_mixin.py:190} INFO - [2024-11-03T01:15:30.867+0000] {dag.py:3239} INFO - Sync 1 DAGs
[2024-11-03T01:15:30.881+0000] {logging_mixin.py:190} INFO - [2024-11-03T01:15:30.880+0000] {dag.py:4180} INFO - Setting next_dagrun for example_task_group to None, run_after=None
[2024-11-03T01:15:30.898+0000] {processor.py:208} INFO - Processing /home/airflow/.local/lib/python3.12/site-packages/airflow/example_dags/example_task_group.py took 0.066 seconds
[2024-11-03T01:16:01.343+0000] {processor.py:186} INFO - Started process (PID=3555) to work on /home/airflow/.local/lib/python3.12/site-packages/airflow/example_dags/example_task_group.py
[2024-11-03T01:16:01.344+0000] {processor.py:914} INFO - Processing file /home/airflow/.local/lib/python3.12/site-packages/airflow/example_dags/example_task_group.py for tasks to queue
[2024-11-03T01:16:01.347+0000] {logging_mixin.py:190} INFO - [2024-11-03T01:16:01.346+0000] {dagbag.py:588} INFO - Filling up the DagBag from /home/airflow/.local/lib/python3.12/site-packages/airflow/example_dags/example_task_group.py
[2024-11-03T01:16:01.353+0000] {processor.py:925} INFO - DAG(s) 'example_task_group' retrieved from /home/airflow/.local/lib/python3.12/site-packages/airflow/example_dags/example_task_group.py
[2024-11-03T01:16:01.373+0000] {logging_mixin.py:190} INFO - [2024-11-03T01:16:01.373+0000] {dag.py:3239} INFO - Sync 1 DAGs
[2024-11-03T01:16:01.385+0000] {logging_mixin.py:190} INFO - [2024-11-03T01:16:01.385+0000] {dag.py:4180} INFO - Setting next_dagrun for example_task_group to None, run_after=None
[2024-11-03T01:16:01.401+0000] {processor.py:208} INFO - Processing /home/airflow/.local/lib/python3.12/site-packages/airflow/example_dags/example_task_group.py took 0.062 seconds
[2024-11-03T01:16:31.622+0000] {processor.py:186} INFO - Started process (PID=3618) to work on /home/airflow/.local/lib/python3.12/site-packages/airflow/example_dags/example_task_group.py
[2024-11-03T01:16:31.623+0000] {processor.py:914} INFO - Processing file /home/airflow/.local/lib/python3.12/site-packages/airflow/example_dags/example_task_group.py for tasks to queue
[2024-11-03T01:16:31.625+0000] {logging_mixin.py:190} INFO - [2024-11-03T01:16:31.625+0000] {dagbag.py:588} INFO - Filling up the DagBag from /home/airflow/.local/lib/python3.12/site-packages/airflow/example_dags/example_task_group.py
[2024-11-03T01:16:31.632+0000] {processor.py:925} INFO - DAG(s) 'example_task_group' retrieved from /home/airflow/.local/lib/python3.12/site-packages/airflow/example_dags/example_task_group.py
[2024-11-03T01:16:31.650+0000] {logging_mixin.py:190} INFO - [2024-11-03T01:16:31.650+0000] {dag.py:3239} INFO - Sync 1 DAGs
[2024-11-03T01:16:31.662+0000] {logging_mixin.py:190} INFO - [2024-11-03T01:16:31.662+0000] {dag.py:4180} INFO - Setting next_dagrun for example_task_group to None, run_after=None
[2024-11-03T01:16:31.676+0000] {processor.py:208} INFO - Processing /home/airflow/.local/lib/python3.12/site-packages/airflow/example_dags/example_task_group.py took 0.059 seconds
[2024-11-03T01:17:01.881+0000] {processor.py:186} INFO - Started process (PID=3681) to work on /home/airflow/.local/lib/python3.12/site-packages/airflow/example_dags/example_task_group.py
[2024-11-03T01:17:01.882+0000] {processor.py:914} INFO - Processing file /home/airflow/.local/lib/python3.12/site-packages/airflow/example_dags/example_task_group.py for tasks to queue
[2024-11-03T01:17:01.884+0000] {logging_mixin.py:190} INFO - [2024-11-03T01:17:01.884+0000] {dagbag.py:588} INFO - Filling up the DagBag from /home/airflow/.local/lib/python3.12/site-packages/airflow/example_dags/example_task_group.py
[2024-11-03T01:17:01.891+0000] {processor.py:925} INFO - DAG(s) 'example_task_group' retrieved from /home/airflow/.local/lib/python3.12/site-packages/airflow/example_dags/example_task_group.py
[2024-11-03T01:17:01.910+0000] {logging_mixin.py:190} INFO - [2024-11-03T01:17:01.910+0000] {dag.py:3239} INFO - Sync 1 DAGs
[2024-11-03T01:17:01.922+0000] {logging_mixin.py:190} INFO - [2024-11-03T01:17:01.922+0000] {dag.py:4180} INFO - Setting next_dagrun for example_task_group to None, run_after=None
[2024-11-03T01:17:01.937+0000] {processor.py:208} INFO - Processing /home/airflow/.local/lib/python3.12/site-packages/airflow/example_dags/example_task_group.py took 0.061 seconds
[2024-11-03T01:17:32.000+0000] {processor.py:186} INFO - Started process (PID=3743) to work on /home/airflow/.local/lib/python3.12/site-packages/airflow/example_dags/example_task_group.py
[2024-11-03T01:17:32.001+0000] {processor.py:914} INFO - Processing file /home/airflow/.local/lib/python3.12/site-packages/airflow/example_dags/example_task_group.py for tasks to queue
[2024-11-03T01:17:32.004+0000] {logging_mixin.py:190} INFO - [2024-11-03T01:17:32.003+0000] {dagbag.py:588} INFO - Filling up the DagBag from /home/airflow/.local/lib/python3.12/site-packages/airflow/example_dags/example_task_group.py
[2024-11-03T01:17:32.010+0000] {processor.py:925} INFO - DAG(s) 'example_task_group' retrieved from /home/airflow/.local/lib/python3.12/site-packages/airflow/example_dags/example_task_group.py
[2024-11-03T01:17:32.028+0000] {logging_mixin.py:190} INFO - [2024-11-03T01:17:32.028+0000] {dag.py:3239} INFO - Sync 1 DAGs
[2024-11-03T01:17:32.041+0000] {logging_mixin.py:190} INFO - [2024-11-03T01:17:32.040+0000] {dag.py:4180} INFO - Setting next_dagrun for example_task_group to None, run_after=None
[2024-11-03T01:17:32.055+0000] {processor.py:208} INFO - Processing /home/airflow/.local/lib/python3.12/site-packages/airflow/example_dags/example_task_group.py took 0.060 seconds
[2024-11-03T01:18:02.161+0000] {processor.py:186} INFO - Started process (PID=3806) to work on /home/airflow/.local/lib/python3.12/site-packages/airflow/example_dags/example_task_group.py
[2024-11-03T01:18:02.162+0000] {processor.py:914} INFO - Processing file /home/airflow/.local/lib/python3.12/site-packages/airflow/example_dags/example_task_group.py for tasks to queue
[2024-11-03T01:18:02.164+0000] {logging_mixin.py:190} INFO - [2024-11-03T01:18:02.163+0000] {dagbag.py:588} INFO - Filling up the DagBag from /home/airflow/.local/lib/python3.12/site-packages/airflow/example_dags/example_task_group.py
[2024-11-03T01:18:02.170+0000] {processor.py:925} INFO - DAG(s) 'example_task_group' retrieved from /home/airflow/.local/lib/python3.12/site-packages/airflow/example_dags/example_task_group.py
[2024-11-03T01:18:02.189+0000] {logging_mixin.py:190} INFO - [2024-11-03T01:18:02.188+0000] {dag.py:3239} INFO - Sync 1 DAGs
[2024-11-03T01:18:02.200+0000] {logging_mixin.py:190} INFO - [2024-11-03T01:18:02.200+0000] {dag.py:4180} INFO - Setting next_dagrun for example_task_group to None, run_after=None
[2024-11-03T01:18:02.213+0000] {processor.py:208} INFO - Processing /home/airflow/.local/lib/python3.12/site-packages/airflow/example_dags/example_task_group.py took 0.056 seconds
[2024-11-03T01:18:32.434+0000] {processor.py:186} INFO - Started process (PID=3870) to work on /home/airflow/.local/lib/python3.12/site-packages/airflow/example_dags/example_task_group.py
[2024-11-03T01:18:32.434+0000] {processor.py:914} INFO - Processing file /home/airflow/.local/lib/python3.12/site-packages/airflow/example_dags/example_task_group.py for tasks to queue
[2024-11-03T01:18:32.436+0000] {logging_mixin.py:190} INFO - [2024-11-03T01:18:32.436+0000] {dagbag.py:588} INFO - Filling up the DagBag from /home/airflow/.local/lib/python3.12/site-packages/airflow/example_dags/example_task_group.py
[2024-11-03T01:18:32.443+0000] {processor.py:925} INFO - DAG(s) 'example_task_group' retrieved from /home/airflow/.local/lib/python3.12/site-packages/airflow/example_dags/example_task_group.py
[2024-11-03T01:18:32.459+0000] {logging_mixin.py:190} INFO - [2024-11-03T01:18:32.459+0000] {dag.py:3239} INFO - Sync 1 DAGs
[2024-11-03T01:18:32.470+0000] {logging_mixin.py:190} INFO - [2024-11-03T01:18:32.470+0000] {dag.py:4180} INFO - Setting next_dagrun for example_task_group to None, run_after=None
[2024-11-03T01:18:32.486+0000] {processor.py:208} INFO - Processing /home/airflow/.local/lib/python3.12/site-packages/airflow/example_dags/example_task_group.py took 0.056 seconds
[2024-11-03T01:19:02.629+0000] {processor.py:186} INFO - Started process (PID=3933) to work on /home/airflow/.local/lib/python3.12/site-packages/airflow/example_dags/example_task_group.py
[2024-11-03T01:19:02.629+0000] {processor.py:914} INFO - Processing file /home/airflow/.local/lib/python3.12/site-packages/airflow/example_dags/example_task_group.py for tasks to queue
[2024-11-03T01:19:02.631+0000] {logging_mixin.py:190} INFO - [2024-11-03T01:19:02.631+0000] {dagbag.py:588} INFO - Filling up the DagBag from /home/airflow/.local/lib/python3.12/site-packages/airflow/example_dags/example_task_group.py
[2024-11-03T01:19:02.638+0000] {processor.py:925} INFO - DAG(s) 'example_task_group' retrieved from /home/airflow/.local/lib/python3.12/site-packages/airflow/example_dags/example_task_group.py
[2024-11-03T01:19:02.656+0000] {logging_mixin.py:190} INFO - [2024-11-03T01:19:02.656+0000] {dag.py:3239} INFO - Sync 1 DAGs
[2024-11-03T01:19:02.669+0000] {logging_mixin.py:190} INFO - [2024-11-03T01:19:02.668+0000] {dag.py:4180} INFO - Setting next_dagrun for example_task_group to None, run_after=None
[2024-11-03T01:19:02.684+0000] {processor.py:208} INFO - Processing /home/airflow/.local/lib/python3.12/site-packages/airflow/example_dags/example_task_group.py took 0.059 seconds
[2024-11-03T01:19:33.280+0000] {processor.py:186} INFO - Started process (PID=3997) to work on /home/airflow/.local/lib/python3.12/site-packages/airflow/example_dags/example_task_group.py
[2024-11-03T01:19:33.281+0000] {processor.py:914} INFO - Processing file /home/airflow/.local/lib/python3.12/site-packages/airflow/example_dags/example_task_group.py for tasks to queue
[2024-11-03T01:19:33.283+0000] {logging_mixin.py:190} INFO - [2024-11-03T01:19:33.283+0000] {dagbag.py:588} INFO - Filling up the DagBag from /home/airflow/.local/lib/python3.12/site-packages/airflow/example_dags/example_task_group.py
[2024-11-03T01:19:33.290+0000] {processor.py:925} INFO - DAG(s) 'example_task_group' retrieved from /home/airflow/.local/lib/python3.12/site-packages/airflow/example_dags/example_task_group.py
[2024-11-03T01:19:33.308+0000] {logging_mixin.py:190} INFO - [2024-11-03T01:19:33.308+0000] {dag.py:3239} INFO - Sync 1 DAGs
[2024-11-03T01:19:33.324+0000] {logging_mixin.py:190} INFO - [2024-11-03T01:19:33.324+0000] {dag.py:4180} INFO - Setting next_dagrun for example_task_group to None, run_after=None
[2024-11-03T01:19:33.341+0000] {processor.py:208} INFO - Processing /home/airflow/.local/lib/python3.12/site-packages/airflow/example_dags/example_task_group.py took 0.067 seconds
[2024-11-03T01:20:03.804+0000] {processor.py:186} INFO - Started process (PID=4060) to work on /home/airflow/.local/lib/python3.12/site-packages/airflow/example_dags/example_task_group.py
[2024-11-03T01:20:03.804+0000] {processor.py:914} INFO - Processing file /home/airflow/.local/lib/python3.12/site-packages/airflow/example_dags/example_task_group.py for tasks to queue
[2024-11-03T01:20:03.807+0000] {logging_mixin.py:190} INFO - [2024-11-03T01:20:03.806+0000] {dagbag.py:588} INFO - Filling up the DagBag from /home/airflow/.local/lib/python3.12/site-packages/airflow/example_dags/example_task_group.py
[2024-11-03T01:20:03.813+0000] {processor.py:925} INFO - DAG(s) 'example_task_group' retrieved from /home/airflow/.local/lib/python3.12/site-packages/airflow/example_dags/example_task_group.py
[2024-11-03T01:20:03.831+0000] {logging_mixin.py:190} INFO - [2024-11-03T01:20:03.831+0000] {dag.py:3239} INFO - Sync 1 DAGs
[2024-11-03T01:20:03.843+0000] {logging_mixin.py:190} INFO - [2024-11-03T01:20:03.843+0000] {dag.py:4180} INFO - Setting next_dagrun for example_task_group to None, run_after=None
[2024-11-03T01:20:03.858+0000] {processor.py:208} INFO - Processing /home/airflow/.local/lib/python3.12/site-packages/airflow/example_dags/example_task_group.py took 0.059 seconds
[2024-11-03T01:20:34.041+0000] {processor.py:186} INFO - Started process (PID=4123) to work on /home/airflow/.local/lib/python3.12/site-packages/airflow/example_dags/example_task_group.py
[2024-11-03T01:20:34.042+0000] {processor.py:914} INFO - Processing file /home/airflow/.local/lib/python3.12/site-packages/airflow/example_dags/example_task_group.py for tasks to queue
[2024-11-03T01:20:34.044+0000] {logging_mixin.py:190} INFO - [2024-11-03T01:20:34.044+0000] {dagbag.py:588} INFO - Filling up the DagBag from /home/airflow/.local/lib/python3.12/site-packages/airflow/example_dags/example_task_group.py
[2024-11-03T01:20:34.051+0000] {processor.py:925} INFO - DAG(s) 'example_task_group' retrieved from /home/airflow/.local/lib/python3.12/site-packages/airflow/example_dags/example_task_group.py
[2024-11-03T01:20:34.070+0000] {logging_mixin.py:190} INFO - [2024-11-03T01:20:34.070+0000] {dag.py:3239} INFO - Sync 1 DAGs
[2024-11-03T01:20:34.082+0000] {logging_mixin.py:190} INFO - [2024-11-03T01:20:34.082+0000] {dag.py:4180} INFO - Setting next_dagrun for example_task_group to None, run_after=None
[2024-11-03T01:20:34.097+0000] {processor.py:208} INFO - Processing /home/airflow/.local/lib/python3.12/site-packages/airflow/example_dags/example_task_group.py took 0.060 seconds
[2024-11-03T01:21:04.196+0000] {processor.py:186} INFO - Started process (PID=4186) to work on /home/airflow/.local/lib/python3.12/site-packages/airflow/example_dags/example_task_group.py
[2024-11-03T01:21:04.197+0000] {processor.py:914} INFO - Processing file /home/airflow/.local/lib/python3.12/site-packages/airflow/example_dags/example_task_group.py for tasks to queue
[2024-11-03T01:21:04.199+0000] {logging_mixin.py:190} INFO - [2024-11-03T01:21:04.199+0000] {dagbag.py:588} INFO - Filling up the DagBag from /home/airflow/.local/lib/python3.12/site-packages/airflow/example_dags/example_task_group.py
[2024-11-03T01:21:04.205+0000] {processor.py:925} INFO - DAG(s) 'example_task_group' retrieved from /home/airflow/.local/lib/python3.12/site-packages/airflow/example_dags/example_task_group.py
[2024-11-03T01:21:04.223+0000] {logging_mixin.py:190} INFO - [2024-11-03T01:21:04.223+0000] {dag.py:3239} INFO - Sync 1 DAGs
[2024-11-03T01:21:04.235+0000] {logging_mixin.py:190} INFO - [2024-11-03T01:21:04.235+0000] {dag.py:4180} INFO - Setting next_dagrun for example_task_group to None, run_after=None
[2024-11-03T01:21:04.251+0000] {processor.py:208} INFO - Processing /home/airflow/.local/lib/python3.12/site-packages/airflow/example_dags/example_task_group.py took 0.059 seconds
[2024-11-03T01:21:34.611+0000] {processor.py:186} INFO - Started process (PID=4255) to work on /home/airflow/.local/lib/python3.12/site-packages/airflow/example_dags/example_task_group.py
[2024-11-03T01:21:34.612+0000] {processor.py:914} INFO - Processing file /home/airflow/.local/lib/python3.12/site-packages/airflow/example_dags/example_task_group.py for tasks to queue
[2024-11-03T01:21:34.615+0000] {logging_mixin.py:190} INFO - [2024-11-03T01:21:34.614+0000] {dagbag.py:588} INFO - Filling up the DagBag from /home/airflow/.local/lib/python3.12/site-packages/airflow/example_dags/example_task_group.py
[2024-11-03T01:21:34.621+0000] {processor.py:925} INFO - DAG(s) 'example_task_group' retrieved from /home/airflow/.local/lib/python3.12/site-packages/airflow/example_dags/example_task_group.py
[2024-11-03T01:21:34.641+0000] {logging_mixin.py:190} INFO - [2024-11-03T01:21:34.640+0000] {dag.py:3239} INFO - Sync 1 DAGs
[2024-11-03T01:21:34.658+0000] {logging_mixin.py:190} INFO - [2024-11-03T01:21:34.658+0000] {dag.py:4180} INFO - Setting next_dagrun for example_task_group to None, run_after=None
[2024-11-03T01:21:34.678+0000] {processor.py:208} INFO - Processing /home/airflow/.local/lib/python3.12/site-packages/airflow/example_dags/example_task_group.py took 0.072 seconds
[2024-11-03T01:22:04.764+0000] {processor.py:186} INFO - Started process (PID=4317) to work on /home/airflow/.local/lib/python3.12/site-packages/airflow/example_dags/example_task_group.py
[2024-11-03T01:22:04.765+0000] {processor.py:914} INFO - Processing file /home/airflow/.local/lib/python3.12/site-packages/airflow/example_dags/example_task_group.py for tasks to queue
[2024-11-03T01:22:04.768+0000] {logging_mixin.py:190} INFO - [2024-11-03T01:22:04.767+0000] {dagbag.py:588} INFO - Filling up the DagBag from /home/airflow/.local/lib/python3.12/site-packages/airflow/example_dags/example_task_group.py
[2024-11-03T01:22:04.777+0000] {processor.py:925} INFO - DAG(s) 'example_task_group' retrieved from /home/airflow/.local/lib/python3.12/site-packages/airflow/example_dags/example_task_group.py
[2024-11-03T01:22:04.799+0000] {logging_mixin.py:190} INFO - [2024-11-03T01:22:04.799+0000] {dag.py:3239} INFO - Sync 1 DAGs
[2024-11-03T01:22:04.814+0000] {logging_mixin.py:190} INFO - [2024-11-03T01:22:04.813+0000] {dag.py:4180} INFO - Setting next_dagrun for example_task_group to None, run_after=None
[2024-11-03T01:22:04.833+0000] {processor.py:208} INFO - Processing /home/airflow/.local/lib/python3.12/site-packages/airflow/example_dags/example_task_group.py took 0.076 seconds
[2024-11-03T01:22:35.111+0000] {processor.py:186} INFO - Started process (PID=4380) to work on /home/airflow/.local/lib/python3.12/site-packages/airflow/example_dags/example_task_group.py
[2024-11-03T01:22:35.111+0000] {processor.py:914} INFO - Processing file /home/airflow/.local/lib/python3.12/site-packages/airflow/example_dags/example_task_group.py for tasks to queue
[2024-11-03T01:22:35.114+0000] {logging_mixin.py:190} INFO - [2024-11-03T01:22:35.113+0000] {dagbag.py:588} INFO - Filling up the DagBag from /home/airflow/.local/lib/python3.12/site-packages/airflow/example_dags/example_task_group.py
[2024-11-03T01:22:35.120+0000] {processor.py:925} INFO - DAG(s) 'example_task_group' retrieved from /home/airflow/.local/lib/python3.12/site-packages/airflow/example_dags/example_task_group.py
[2024-11-03T01:22:35.137+0000] {logging_mixin.py:190} INFO - [2024-11-03T01:22:35.137+0000] {dag.py:3239} INFO - Sync 1 DAGs
[2024-11-03T01:22:35.148+0000] {logging_mixin.py:190} INFO - [2024-11-03T01:22:35.148+0000] {dag.py:4180} INFO - Setting next_dagrun for example_task_group to None, run_after=None
[2024-11-03T01:22:35.162+0000] {processor.py:208} INFO - Processing /home/airflow/.local/lib/python3.12/site-packages/airflow/example_dags/example_task_group.py took 0.057 seconds
[2024-11-03T01:23:05.402+0000] {processor.py:186} INFO - Started process (PID=4443) to work on /home/airflow/.local/lib/python3.12/site-packages/airflow/example_dags/example_task_group.py
[2024-11-03T01:23:05.402+0000] {processor.py:914} INFO - Processing file /home/airflow/.local/lib/python3.12/site-packages/airflow/example_dags/example_task_group.py for tasks to queue
[2024-11-03T01:23:05.405+0000] {logging_mixin.py:190} INFO - [2024-11-03T01:23:05.404+0000] {dagbag.py:588} INFO - Filling up the DagBag from /home/airflow/.local/lib/python3.12/site-packages/airflow/example_dags/example_task_group.py
[2024-11-03T01:23:05.411+0000] {processor.py:925} INFO - DAG(s) 'example_task_group' retrieved from /home/airflow/.local/lib/python3.12/site-packages/airflow/example_dags/example_task_group.py
[2024-11-03T01:23:05.428+0000] {logging_mixin.py:190} INFO - [2024-11-03T01:23:05.428+0000] {dag.py:3239} INFO - Sync 1 DAGs
[2024-11-03T01:23:05.440+0000] {logging_mixin.py:190} INFO - [2024-11-03T01:23:05.439+0000] {dag.py:4180} INFO - Setting next_dagrun for example_task_group to None, run_after=None
[2024-11-03T01:23:05.454+0000] {processor.py:208} INFO - Processing /home/airflow/.local/lib/python3.12/site-packages/airflow/example_dags/example_task_group.py took 0.058 seconds
