[2024-11-03T00:00:02.912+0000] {processor.py:186} INFO - Started process (PID=775) to work on /home/airflow/.local/lib/python3.12/site-packages/airflow/example_dags/example_dataset_alias_with_no_taskflow.py
[2024-11-03T00:00:02.913+0000] {processor.py:914} INFO - Processing file /home/airflow/.local/lib/python3.12/site-packages/airflow/example_dags/example_dataset_alias_with_no_taskflow.py for tasks to queue
[2024-11-03T00:00:02.915+0000] {logging_mixin.py:190} INFO - [2024-11-03T00:00:02.915+0000] {dagbag.py:588} INFO - Filling up the DagBag from /home/airflow/.local/lib/python3.12/site-packages/airflow/example_dags/example_dataset_alias_with_no_taskflow.py
[2024-11-03T00:00:03.060+0000] {processor.py:925} INFO - DAG(s) 'dataset_alias_example_alias_producer_with_no_taskflow', 'dataset_s3_bucket_producer_with_no_taskflow', 'dataset_s3_bucket_consumer_with_no_taskflow', 'dataset_alias_example_alias_consumer_with_no_taskflow' retrieved from /home/airflow/.local/lib/python3.12/site-packages/airflow/example_dags/example_dataset_alias_with_no_taskflow.py
[2024-11-03T00:00:03.078+0000] {logging_mixin.py:190} INFO - [2024-11-03T00:00:03.078+0000] {dag.py:3239} INFO - Sync 4 DAGs
[2024-11-03T00:00:03.100+0000] {logging_mixin.py:190} INFO - [2024-11-03T00:00:03.100+0000] {dag.py:4180} INFO - Setting next_dagrun for dataset_alias_example_alias_consumer_with_no_taskflow to None, run_after=None
[2024-11-03T00:00:03.102+0000] {logging_mixin.py:190} INFO - [2024-11-03T00:00:03.102+0000] {dag.py:4180} INFO - Setting next_dagrun for dataset_alias_example_alias_producer_with_no_taskflow to None, run_after=None
[2024-11-03T00:00:03.104+0000] {logging_mixin.py:190} INFO - [2024-11-03T00:00:03.104+0000] {dag.py:4180} INFO - Setting next_dagrun for dataset_s3_bucket_consumer_with_no_taskflow to None, run_after=None
[2024-11-03T00:00:03.105+0000] {logging_mixin.py:190} INFO - [2024-11-03T00:00:03.105+0000] {dag.py:4180} INFO - Setting next_dagrun for dataset_s3_bucket_producer_with_no_taskflow to None, run_after=None
[2024-11-03T00:00:03.123+0000] {processor.py:208} INFO - Processing /home/airflow/.local/lib/python3.12/site-packages/airflow/example_dags/example_dataset_alias_with_no_taskflow.py took 0.216 seconds
[2024-11-03T00:00:33.365+0000] {processor.py:186} INFO - Started process (PID=838) to work on /home/airflow/.local/lib/python3.12/site-packages/airflow/example_dags/example_dataset_alias_with_no_taskflow.py
[2024-11-03T00:00:33.365+0000] {processor.py:914} INFO - Processing file /home/airflow/.local/lib/python3.12/site-packages/airflow/example_dags/example_dataset_alias_with_no_taskflow.py for tasks to queue
[2024-11-03T00:00:33.367+0000] {logging_mixin.py:190} INFO - [2024-11-03T00:00:33.367+0000] {dagbag.py:588} INFO - Filling up the DagBag from /home/airflow/.local/lib/python3.12/site-packages/airflow/example_dags/example_dataset_alias_with_no_taskflow.py
[2024-11-03T00:00:33.497+0000] {processor.py:925} INFO - DAG(s) 'dataset_alias_example_alias_producer_with_no_taskflow', 'dataset_alias_example_alias_consumer_with_no_taskflow', 'dataset_s3_bucket_producer_with_no_taskflow', 'dataset_s3_bucket_consumer_with_no_taskflow' retrieved from /home/airflow/.local/lib/python3.12/site-packages/airflow/example_dags/example_dataset_alias_with_no_taskflow.py
[2024-11-03T00:00:33.515+0000] {logging_mixin.py:190} INFO - [2024-11-03T00:00:33.515+0000] {dag.py:3239} INFO - Sync 4 DAGs
[2024-11-03T00:00:33.536+0000] {logging_mixin.py:190} INFO - [2024-11-03T00:00:33.536+0000] {dag.py:4180} INFO - Setting next_dagrun for dataset_alias_example_alias_consumer_with_no_taskflow to None, run_after=None
[2024-11-03T00:00:33.539+0000] {logging_mixin.py:190} INFO - [2024-11-03T00:00:33.539+0000] {dag.py:4180} INFO - Setting next_dagrun for dataset_alias_example_alias_producer_with_no_taskflow to None, run_after=None
[2024-11-03T00:00:33.540+0000] {logging_mixin.py:190} INFO - [2024-11-03T00:00:33.540+0000] {dag.py:4180} INFO - Setting next_dagrun for dataset_s3_bucket_consumer_with_no_taskflow to None, run_after=None
[2024-11-03T00:00:33.541+0000] {logging_mixin.py:190} INFO - [2024-11-03T00:00:33.541+0000] {dag.py:4180} INFO - Setting next_dagrun for dataset_s3_bucket_producer_with_no_taskflow to None, run_after=None
[2024-11-03T00:00:33.559+0000] {processor.py:208} INFO - Processing /home/airflow/.local/lib/python3.12/site-packages/airflow/example_dags/example_dataset_alias_with_no_taskflow.py took 0.199 seconds
[2024-11-03T00:01:04.208+0000] {processor.py:186} INFO - Started process (PID=903) to work on /home/airflow/.local/lib/python3.12/site-packages/airflow/example_dags/example_dataset_alias_with_no_taskflow.py
[2024-11-03T00:01:04.209+0000] {processor.py:914} INFO - Processing file /home/airflow/.local/lib/python3.12/site-packages/airflow/example_dags/example_dataset_alias_with_no_taskflow.py for tasks to queue
[2024-11-03T00:01:04.211+0000] {logging_mixin.py:190} INFO - [2024-11-03T00:01:04.210+0000] {dagbag.py:588} INFO - Filling up the DagBag from /home/airflow/.local/lib/python3.12/site-packages/airflow/example_dags/example_dataset_alias_with_no_taskflow.py
[2024-11-03T00:01:04.339+0000] {processor.py:925} INFO - DAG(s) 'dataset_s3_bucket_consumer_with_no_taskflow', 'dataset_s3_bucket_producer_with_no_taskflow', 'dataset_alias_example_alias_producer_with_no_taskflow', 'dataset_alias_example_alias_consumer_with_no_taskflow' retrieved from /home/airflow/.local/lib/python3.12/site-packages/airflow/example_dags/example_dataset_alias_with_no_taskflow.py
[2024-11-03T00:01:04.356+0000] {logging_mixin.py:190} INFO - [2024-11-03T00:01:04.355+0000] {dag.py:3239} INFO - Sync 4 DAGs
[2024-11-03T00:01:04.375+0000] {logging_mixin.py:190} INFO - [2024-11-03T00:01:04.375+0000] {dag.py:4180} INFO - Setting next_dagrun for dataset_alias_example_alias_consumer_with_no_taskflow to None, run_after=None
[2024-11-03T00:01:04.377+0000] {logging_mixin.py:190} INFO - [2024-11-03T00:01:04.377+0000] {dag.py:4180} INFO - Setting next_dagrun for dataset_alias_example_alias_producer_with_no_taskflow to None, run_after=None
[2024-11-03T00:01:04.378+0000] {logging_mixin.py:190} INFO - [2024-11-03T00:01:04.378+0000] {dag.py:4180} INFO - Setting next_dagrun for dataset_s3_bucket_consumer_with_no_taskflow to None, run_after=None
[2024-11-03T00:01:04.379+0000] {logging_mixin.py:190} INFO - [2024-11-03T00:01:04.379+0000] {dag.py:4180} INFO - Setting next_dagrun for dataset_s3_bucket_producer_with_no_taskflow to None, run_after=None
[2024-11-03T00:01:04.397+0000] {processor.py:208} INFO - Processing /home/airflow/.local/lib/python3.12/site-packages/airflow/example_dags/example_dataset_alias_with_no_taskflow.py took 0.194 seconds
[2024-11-03T00:01:34.989+0000] {processor.py:186} INFO - Started process (PID=964) to work on /home/airflow/.local/lib/python3.12/site-packages/airflow/example_dags/example_dataset_alias_with_no_taskflow.py
[2024-11-03T00:01:34.990+0000] {processor.py:914} INFO - Processing file /home/airflow/.local/lib/python3.12/site-packages/airflow/example_dags/example_dataset_alias_with_no_taskflow.py for tasks to queue
[2024-11-03T00:01:34.992+0000] {logging_mixin.py:190} INFO - [2024-11-03T00:01:34.992+0000] {dagbag.py:588} INFO - Filling up the DagBag from /home/airflow/.local/lib/python3.12/site-packages/airflow/example_dags/example_dataset_alias_with_no_taskflow.py
[2024-11-03T00:01:35.129+0000] {processor.py:925} INFO - DAG(s) 'dataset_alias_example_alias_producer_with_no_taskflow', 'dataset_s3_bucket_consumer_with_no_taskflow', 'dataset_alias_example_alias_consumer_with_no_taskflow', 'dataset_s3_bucket_producer_with_no_taskflow' retrieved from /home/airflow/.local/lib/python3.12/site-packages/airflow/example_dags/example_dataset_alias_with_no_taskflow.py
[2024-11-03T00:01:35.147+0000] {logging_mixin.py:190} INFO - [2024-11-03T00:01:35.147+0000] {dag.py:3239} INFO - Sync 4 DAGs
[2024-11-03T00:01:35.168+0000] {logging_mixin.py:190} INFO - [2024-11-03T00:01:35.168+0000] {dag.py:4180} INFO - Setting next_dagrun for dataset_alias_example_alias_consumer_with_no_taskflow to None, run_after=None
[2024-11-03T00:01:35.170+0000] {logging_mixin.py:190} INFO - [2024-11-03T00:01:35.170+0000] {dag.py:4180} INFO - Setting next_dagrun for dataset_alias_example_alias_producer_with_no_taskflow to None, run_after=None
[2024-11-03T00:01:35.172+0000] {logging_mixin.py:190} INFO - [2024-11-03T00:01:35.171+0000] {dag.py:4180} INFO - Setting next_dagrun for dataset_s3_bucket_consumer_with_no_taskflow to None, run_after=None
[2024-11-03T00:01:35.172+0000] {logging_mixin.py:190} INFO - [2024-11-03T00:01:35.172+0000] {dag.py:4180} INFO - Setting next_dagrun for dataset_s3_bucket_producer_with_no_taskflow to None, run_after=None
[2024-11-03T00:01:35.190+0000] {processor.py:208} INFO - Processing /home/airflow/.local/lib/python3.12/site-packages/airflow/example_dags/example_dataset_alias_with_no_taskflow.py took 0.206 seconds
[2024-11-03T00:48:03.317+0000] {processor.py:186} INFO - Started process (PID=80) to work on /home/airflow/.local/lib/python3.12/site-packages/airflow/example_dags/example_dataset_alias_with_no_taskflow.py
[2024-11-03T00:48:03.318+0000] {processor.py:914} INFO - Processing file /home/airflow/.local/lib/python3.12/site-packages/airflow/example_dags/example_dataset_alias_with_no_taskflow.py for tasks to queue
[2024-11-03T00:48:03.321+0000] {logging_mixin.py:190} INFO - [2024-11-03T00:48:03.321+0000] {dagbag.py:588} INFO - Filling up the DagBag from /home/airflow/.local/lib/python3.12/site-packages/airflow/example_dags/example_dataset_alias_with_no_taskflow.py
[2024-11-03T00:48:03.476+0000] {processor.py:925} INFO - DAG(s) 'dataset_s3_bucket_producer_with_no_taskflow', 'dataset_alias_example_alias_producer_with_no_taskflow', 'dataset_s3_bucket_consumer_with_no_taskflow', 'dataset_alias_example_alias_consumer_with_no_taskflow' retrieved from /home/airflow/.local/lib/python3.12/site-packages/airflow/example_dags/example_dataset_alias_with_no_taskflow.py
[2024-11-03T00:48:03.577+0000] {logging_mixin.py:190} INFO - [2024-11-03T00:48:03.576+0000] {override.py:1900} INFO - Created Permission View: can delete on DAG:dataset_s3_bucket_producer_with_no_taskflow
[2024-11-03T00:48:03.589+0000] {logging_mixin.py:190} INFO - [2024-11-03T00:48:03.589+0000] {override.py:1900} INFO - Created Permission View: can edit on DAG:dataset_s3_bucket_producer_with_no_taskflow
[2024-11-03T00:48:03.603+0000] {logging_mixin.py:190} INFO - [2024-11-03T00:48:03.602+0000] {override.py:1900} INFO - Created Permission View: can read on DAG:dataset_s3_bucket_producer_with_no_taskflow
[2024-11-03T00:48:03.696+0000] {logging_mixin.py:190} INFO - [2024-11-03T00:48:03.695+0000] {override.py:1900} INFO - Created Permission View: can create on DAG Run:dataset_s3_bucket_producer_with_no_taskflow
[2024-11-03T00:48:03.713+0000] {logging_mixin.py:190} INFO - [2024-11-03T00:48:03.714+0000] {override.py:1900} INFO - Created Permission View: can delete on DAG Run:dataset_s3_bucket_producer_with_no_taskflow
[2024-11-03T00:48:03.747+0000] {logging_mixin.py:190} INFO - [2024-11-03T00:48:03.747+0000] {override.py:1900} INFO - Created Permission View: menu access on DAG Run:dataset_s3_bucket_producer_with_no_taskflow
[2024-11-03T00:48:03.780+0000] {logging_mixin.py:190} INFO - [2024-11-03T00:48:03.780+0000] {override.py:1900} INFO - Created Permission View: can read on DAG Run:dataset_s3_bucket_producer_with_no_taskflow
[2024-11-03T00:48:03.854+0000] {logging_mixin.py:190} INFO - [2024-11-03T00:48:03.853+0000] {override.py:1900} INFO - Created Permission View: can delete on DAG:dataset_alias_example_alias_producer_with_no_taskflow
[2024-11-03T00:48:03.909+0000] {logging_mixin.py:190} INFO - [2024-11-03T00:48:03.909+0000] {override.py:1900} INFO - Created Permission View: can edit on DAG:dataset_alias_example_alias_producer_with_no_taskflow
[2024-11-03T00:48:03.963+0000] {logging_mixin.py:190} INFO - [2024-11-03T00:48:03.962+0000] {override.py:1900} INFO - Created Permission View: can read on DAG:dataset_alias_example_alias_producer_with_no_taskflow
[2024-11-03T00:48:03.975+0000] {logging_mixin.py:190} INFO - [2024-11-03T00:48:03.975+0000] {override.py:1900} INFO - Created Permission View: can create on DAG Run:dataset_alias_example_alias_producer_with_no_taskflow
[2024-11-03T00:48:03.981+0000] {logging_mixin.py:190} INFO - [2024-11-03T00:48:03.981+0000] {override.py:1900} INFO - Created Permission View: can delete on DAG Run:dataset_alias_example_alias_producer_with_no_taskflow
[2024-11-03T00:48:03.989+0000] {logging_mixin.py:190} INFO - [2024-11-03T00:48:03.988+0000] {override.py:1900} INFO - Created Permission View: menu access on DAG Run:dataset_alias_example_alias_producer_with_no_taskflow
[2024-11-03T00:48:03.995+0000] {logging_mixin.py:190} INFO - [2024-11-03T00:48:03.995+0000] {override.py:1900} INFO - Created Permission View: can read on DAG Run:dataset_alias_example_alias_producer_with_no_taskflow
[2024-11-03T00:48:04.006+0000] {logging_mixin.py:190} INFO - [2024-11-03T00:48:04.006+0000] {override.py:1900} INFO - Created Permission View: can delete on DAG:dataset_s3_bucket_consumer_with_no_taskflow
[2024-11-03T00:48:04.012+0000] {logging_mixin.py:190} INFO - [2024-11-03T00:48:04.012+0000] {override.py:1900} INFO - Created Permission View: can edit on DAG:dataset_s3_bucket_consumer_with_no_taskflow
[2024-11-03T00:48:04.018+0000] {logging_mixin.py:190} INFO - [2024-11-03T00:48:04.018+0000] {override.py:1900} INFO - Created Permission View: can read on DAG:dataset_s3_bucket_consumer_with_no_taskflow
[2024-11-03T00:48:04.026+0000] {logging_mixin.py:190} INFO - [2024-11-03T00:48:04.026+0000] {override.py:1900} INFO - Created Permission View: can create on DAG Run:dataset_s3_bucket_consumer_with_no_taskflow
[2024-11-03T00:48:04.035+0000] {logging_mixin.py:190} INFO - [2024-11-03T00:48:04.034+0000] {override.py:1900} INFO - Created Permission View: can delete on DAG Run:dataset_s3_bucket_consumer_with_no_taskflow
[2024-11-03T00:48:04.042+0000] {logging_mixin.py:190} INFO - [2024-11-03T00:48:04.042+0000] {override.py:1900} INFO - Created Permission View: menu access on DAG Run:dataset_s3_bucket_consumer_with_no_taskflow
[2024-11-03T00:48:04.051+0000] {logging_mixin.py:190} INFO - [2024-11-03T00:48:04.051+0000] {override.py:1900} INFO - Created Permission View: can read on DAG Run:dataset_s3_bucket_consumer_with_no_taskflow
[2024-11-03T00:48:04.068+0000] {logging_mixin.py:190} INFO - [2024-11-03T00:48:04.067+0000] {override.py:1900} INFO - Created Permission View: can delete on DAG:dataset_alias_example_alias_consumer_with_no_taskflow
[2024-11-03T00:48:04.090+0000] {logging_mixin.py:190} INFO - [2024-11-03T00:48:04.089+0000] {override.py:1900} INFO - Created Permission View: can edit on DAG:dataset_alias_example_alias_consumer_with_no_taskflow
[2024-11-03T00:48:04.097+0000] {logging_mixin.py:190} INFO - [2024-11-03T00:48:04.097+0000] {override.py:1900} INFO - Created Permission View: can read on DAG:dataset_alias_example_alias_consumer_with_no_taskflow
[2024-11-03T00:48:04.104+0000] {logging_mixin.py:190} INFO - [2024-11-03T00:48:04.104+0000] {override.py:1900} INFO - Created Permission View: can create on DAG Run:dataset_alias_example_alias_consumer_with_no_taskflow
[2024-11-03T00:48:04.111+0000] {logging_mixin.py:190} INFO - [2024-11-03T00:48:04.111+0000] {override.py:1900} INFO - Created Permission View: can delete on DAG Run:dataset_alias_example_alias_consumer_with_no_taskflow
[2024-11-03T00:48:04.121+0000] {logging_mixin.py:190} INFO - [2024-11-03T00:48:04.121+0000] {override.py:1900} INFO - Created Permission View: menu access on DAG Run:dataset_alias_example_alias_consumer_with_no_taskflow
[2024-11-03T00:48:04.127+0000] {logging_mixin.py:190} INFO - [2024-11-03T00:48:04.127+0000] {override.py:1900} INFO - Created Permission View: can read on DAG Run:dataset_alias_example_alias_consumer_with_no_taskflow
[2024-11-03T00:48:04.128+0000] {logging_mixin.py:190} INFO - [2024-11-03T00:48:04.128+0000] {dag.py:3239} INFO - Sync 4 DAGs
[2024-11-03T00:48:04.139+0000] {logging_mixin.py:190} INFO - [2024-11-03T00:48:04.139+0000] {dag.py:3262} INFO - Creating ORM DAG for dataset_alias_example_alias_consumer_with_no_taskflow
[2024-11-03T00:48:04.140+0000] {logging_mixin.py:190} INFO - [2024-11-03T00:48:04.140+0000] {dag.py:3262} INFO - Creating ORM DAG for dataset_alias_example_alias_producer_with_no_taskflow
[2024-11-03T00:48:04.141+0000] {logging_mixin.py:190} INFO - [2024-11-03T00:48:04.141+0000] {dag.py:3262} INFO - Creating ORM DAG for dataset_s3_bucket_consumer_with_no_taskflow
[2024-11-03T00:48:04.141+0000] {logging_mixin.py:190} INFO - [2024-11-03T00:48:04.141+0000] {dag.py:3262} INFO - Creating ORM DAG for dataset_s3_bucket_producer_with_no_taskflow
[2024-11-03T00:48:04.151+0000] {logging_mixin.py:190} INFO - [2024-11-03T00:48:04.150+0000] {dag.py:4180} INFO - Setting next_dagrun for dataset_alias_example_alias_consumer_with_no_taskflow to None, run_after=None
[2024-11-03T00:48:04.152+0000] {logging_mixin.py:190} INFO - [2024-11-03T00:48:04.152+0000] {dag.py:4180} INFO - Setting next_dagrun for dataset_alias_example_alias_producer_with_no_taskflow to None, run_after=None
[2024-11-03T00:48:04.153+0000] {logging_mixin.py:190} INFO - [2024-11-03T00:48:04.153+0000] {dag.py:4180} INFO - Setting next_dagrun for dataset_s3_bucket_consumer_with_no_taskflow to None, run_after=None
[2024-11-03T00:48:04.155+0000] {logging_mixin.py:190} INFO - [2024-11-03T00:48:04.154+0000] {dag.py:4180} INFO - Setting next_dagrun for dataset_s3_bucket_producer_with_no_taskflow to None, run_after=None
[2024-11-03T00:48:04.190+0000] {processor.py:208} INFO - Processing /home/airflow/.local/lib/python3.12/site-packages/airflow/example_dags/example_dataset_alias_with_no_taskflow.py took 0.883 seconds
[2024-11-03T00:48:34.754+0000] {processor.py:186} INFO - Started process (PID=143) to work on /home/airflow/.local/lib/python3.12/site-packages/airflow/example_dags/example_dataset_alias_with_no_taskflow.py
[2024-11-03T00:48:34.755+0000] {processor.py:914} INFO - Processing file /home/airflow/.local/lib/python3.12/site-packages/airflow/example_dags/example_dataset_alias_with_no_taskflow.py for tasks to queue
[2024-11-03T00:48:34.759+0000] {logging_mixin.py:190} INFO - [2024-11-03T00:48:34.759+0000] {dagbag.py:588} INFO - Filling up the DagBag from /home/airflow/.local/lib/python3.12/site-packages/airflow/example_dags/example_dataset_alias_with_no_taskflow.py
[2024-11-03T00:48:34.904+0000] {processor.py:925} INFO - DAG(s) 'dataset_alias_example_alias_consumer_with_no_taskflow', 'dataset_s3_bucket_consumer_with_no_taskflow', 'dataset_s3_bucket_producer_with_no_taskflow', 'dataset_alias_example_alias_producer_with_no_taskflow' retrieved from /home/airflow/.local/lib/python3.12/site-packages/airflow/example_dags/example_dataset_alias_with_no_taskflow.py
[2024-11-03T00:48:34.922+0000] {logging_mixin.py:190} INFO - [2024-11-03T00:48:34.922+0000] {dag.py:3239} INFO - Sync 4 DAGs
[2024-11-03T00:48:34.942+0000] {logging_mixin.py:190} INFO - [2024-11-03T00:48:34.942+0000] {dag.py:4180} INFO - Setting next_dagrun for dataset_alias_example_alias_consumer_with_no_taskflow to None, run_after=None
[2024-11-03T00:48:34.946+0000] {logging_mixin.py:190} INFO - [2024-11-03T00:48:34.946+0000] {dag.py:4180} INFO - Setting next_dagrun for dataset_alias_example_alias_producer_with_no_taskflow to None, run_after=None
[2024-11-03T00:48:34.947+0000] {logging_mixin.py:190} INFO - [2024-11-03T00:48:34.947+0000] {dag.py:4180} INFO - Setting next_dagrun for dataset_s3_bucket_consumer_with_no_taskflow to None, run_after=None
[2024-11-03T00:48:34.948+0000] {logging_mixin.py:190} INFO - [2024-11-03T00:48:34.948+0000] {dag.py:4180} INFO - Setting next_dagrun for dataset_s3_bucket_producer_with_no_taskflow to None, run_after=None
[2024-11-03T00:48:34.966+0000] {processor.py:208} INFO - Processing /home/airflow/.local/lib/python3.12/site-packages/airflow/example_dags/example_dataset_alias_with_no_taskflow.py took 0.220 seconds
[2024-11-03T00:49:05.027+0000] {processor.py:186} INFO - Started process (PID=206) to work on /home/airflow/.local/lib/python3.12/site-packages/airflow/example_dags/example_dataset_alias_with_no_taskflow.py
[2024-11-03T00:49:05.027+0000] {processor.py:914} INFO - Processing file /home/airflow/.local/lib/python3.12/site-packages/airflow/example_dags/example_dataset_alias_with_no_taskflow.py for tasks to queue
[2024-11-03T00:49:05.029+0000] {logging_mixin.py:190} INFO - [2024-11-03T00:49:05.029+0000] {dagbag.py:588} INFO - Filling up the DagBag from /home/airflow/.local/lib/python3.12/site-packages/airflow/example_dags/example_dataset_alias_with_no_taskflow.py
[2024-11-03T00:49:05.168+0000] {processor.py:925} INFO - DAG(s) 'dataset_alias_example_alias_producer_with_no_taskflow', 'dataset_s3_bucket_consumer_with_no_taskflow', 'dataset_s3_bucket_producer_with_no_taskflow', 'dataset_alias_example_alias_consumer_with_no_taskflow' retrieved from /home/airflow/.local/lib/python3.12/site-packages/airflow/example_dags/example_dataset_alias_with_no_taskflow.py
[2024-11-03T00:49:05.189+0000] {logging_mixin.py:190} INFO - [2024-11-03T00:49:05.189+0000] {dag.py:3239} INFO - Sync 4 DAGs
[2024-11-03T00:49:05.216+0000] {logging_mixin.py:190} INFO - [2024-11-03T00:49:05.216+0000] {dag.py:4180} INFO - Setting next_dagrun for dataset_alias_example_alias_consumer_with_no_taskflow to None, run_after=None
[2024-11-03T00:49:05.219+0000] {logging_mixin.py:190} INFO - [2024-11-03T00:49:05.218+0000] {dag.py:4180} INFO - Setting next_dagrun for dataset_alias_example_alias_producer_with_no_taskflow to None, run_after=None
[2024-11-03T00:49:05.220+0000] {logging_mixin.py:190} INFO - [2024-11-03T00:49:05.220+0000] {dag.py:4180} INFO - Setting next_dagrun for dataset_s3_bucket_consumer_with_no_taskflow to None, run_after=None
[2024-11-03T00:49:05.221+0000] {logging_mixin.py:190} INFO - [2024-11-03T00:49:05.221+0000] {dag.py:4180} INFO - Setting next_dagrun for dataset_s3_bucket_producer_with_no_taskflow to None, run_after=None
[2024-11-03T00:49:05.239+0000] {processor.py:208} INFO - Processing /home/airflow/.local/lib/python3.12/site-packages/airflow/example_dags/example_dataset_alias_with_no_taskflow.py took 0.217 seconds
[2024-11-03T00:49:35.485+0000] {processor.py:186} INFO - Started process (PID=269) to work on /home/airflow/.local/lib/python3.12/site-packages/airflow/example_dags/example_dataset_alias_with_no_taskflow.py
[2024-11-03T00:49:35.485+0000] {processor.py:914} INFO - Processing file /home/airflow/.local/lib/python3.12/site-packages/airflow/example_dags/example_dataset_alias_with_no_taskflow.py for tasks to queue
[2024-11-03T00:49:35.487+0000] {logging_mixin.py:190} INFO - [2024-11-03T00:49:35.487+0000] {dagbag.py:588} INFO - Filling up the DagBag from /home/airflow/.local/lib/python3.12/site-packages/airflow/example_dags/example_dataset_alias_with_no_taskflow.py
[2024-11-03T00:49:35.629+0000] {processor.py:925} INFO - DAG(s) 'dataset_s3_bucket_consumer_with_no_taskflow', 'dataset_s3_bucket_producer_with_no_taskflow', 'dataset_alias_example_alias_producer_with_no_taskflow', 'dataset_alias_example_alias_consumer_with_no_taskflow' retrieved from /home/airflow/.local/lib/python3.12/site-packages/airflow/example_dags/example_dataset_alias_with_no_taskflow.py
[2024-11-03T00:49:35.649+0000] {logging_mixin.py:190} INFO - [2024-11-03T00:49:35.649+0000] {dag.py:3239} INFO - Sync 4 DAGs
[2024-11-03T00:49:35.669+0000] {logging_mixin.py:190} INFO - [2024-11-03T00:49:35.669+0000] {dag.py:4180} INFO - Setting next_dagrun for dataset_alias_example_alias_consumer_with_no_taskflow to None, run_after=None
[2024-11-03T00:49:35.671+0000] {logging_mixin.py:190} INFO - [2024-11-03T00:49:35.671+0000] {dag.py:4180} INFO - Setting next_dagrun for dataset_alias_example_alias_producer_with_no_taskflow to None, run_after=None
[2024-11-03T00:49:35.673+0000] {logging_mixin.py:190} INFO - [2024-11-03T00:49:35.673+0000] {dag.py:4180} INFO - Setting next_dagrun for dataset_s3_bucket_consumer_with_no_taskflow to None, run_after=None
[2024-11-03T00:49:35.674+0000] {logging_mixin.py:190} INFO - [2024-11-03T00:49:35.674+0000] {dag.py:4180} INFO - Setting next_dagrun for dataset_s3_bucket_producer_with_no_taskflow to None, run_after=None
[2024-11-03T00:49:35.693+0000] {processor.py:208} INFO - Processing /home/airflow/.local/lib/python3.12/site-packages/airflow/example_dags/example_dataset_alias_with_no_taskflow.py took 0.213 seconds
[2024-11-03T00:50:05.950+0000] {processor.py:186} INFO - Started process (PID=332) to work on /home/airflow/.local/lib/python3.12/site-packages/airflow/example_dags/example_dataset_alias_with_no_taskflow.py
[2024-11-03T00:50:05.951+0000] {processor.py:914} INFO - Processing file /home/airflow/.local/lib/python3.12/site-packages/airflow/example_dags/example_dataset_alias_with_no_taskflow.py for tasks to queue
[2024-11-03T00:50:05.953+0000] {logging_mixin.py:190} INFO - [2024-11-03T00:50:05.953+0000] {dagbag.py:588} INFO - Filling up the DagBag from /home/airflow/.local/lib/python3.12/site-packages/airflow/example_dags/example_dataset_alias_with_no_taskflow.py
[2024-11-03T00:50:06.122+0000] {processor.py:925} INFO - DAG(s) 'dataset_alias_example_alias_consumer_with_no_taskflow', 'dataset_s3_bucket_producer_with_no_taskflow', 'dataset_s3_bucket_consumer_with_no_taskflow', 'dataset_alias_example_alias_producer_with_no_taskflow' retrieved from /home/airflow/.local/lib/python3.12/site-packages/airflow/example_dags/example_dataset_alias_with_no_taskflow.py
[2024-11-03T00:50:06.158+0000] {logging_mixin.py:190} INFO - [2024-11-03T00:50:06.158+0000] {dag.py:3239} INFO - Sync 4 DAGs
[2024-11-03T00:50:06.185+0000] {logging_mixin.py:190} INFO - [2024-11-03T00:50:06.185+0000] {dag.py:4180} INFO - Setting next_dagrun for dataset_alias_example_alias_consumer_with_no_taskflow to None, run_after=None
[2024-11-03T00:50:06.189+0000] {logging_mixin.py:190} INFO - [2024-11-03T00:50:06.189+0000] {dag.py:4180} INFO - Setting next_dagrun for dataset_alias_example_alias_producer_with_no_taskflow to None, run_after=None
[2024-11-03T00:50:06.192+0000] {logging_mixin.py:190} INFO - [2024-11-03T00:50:06.191+0000] {dag.py:4180} INFO - Setting next_dagrun for dataset_s3_bucket_consumer_with_no_taskflow to None, run_after=None
[2024-11-03T00:50:06.193+0000] {logging_mixin.py:190} INFO - [2024-11-03T00:50:06.193+0000] {dag.py:4180} INFO - Setting next_dagrun for dataset_s3_bucket_producer_with_no_taskflow to None, run_after=None
[2024-11-03T00:50:06.216+0000] {processor.py:208} INFO - Processing /home/airflow/.local/lib/python3.12/site-packages/airflow/example_dags/example_dataset_alias_with_no_taskflow.py took 0.271 seconds
[2024-11-03T00:50:36.516+0000] {processor.py:186} INFO - Started process (PID=395) to work on /home/airflow/.local/lib/python3.12/site-packages/airflow/example_dags/example_dataset_alias_with_no_taskflow.py
[2024-11-03T00:50:36.517+0000] {processor.py:914} INFO - Processing file /home/airflow/.local/lib/python3.12/site-packages/airflow/example_dags/example_dataset_alias_with_no_taskflow.py for tasks to queue
[2024-11-03T00:50:36.520+0000] {logging_mixin.py:190} INFO - [2024-11-03T00:50:36.520+0000] {dagbag.py:588} INFO - Filling up the DagBag from /home/airflow/.local/lib/python3.12/site-packages/airflow/example_dags/example_dataset_alias_with_no_taskflow.py
[2024-11-03T00:50:36.687+0000] {processor.py:925} INFO - DAG(s) 'dataset_s3_bucket_producer_with_no_taskflow', 'dataset_alias_example_alias_producer_with_no_taskflow', 'dataset_alias_example_alias_consumer_with_no_taskflow', 'dataset_s3_bucket_consumer_with_no_taskflow' retrieved from /home/airflow/.local/lib/python3.12/site-packages/airflow/example_dags/example_dataset_alias_with_no_taskflow.py
[2024-11-03T00:50:36.712+0000] {logging_mixin.py:190} INFO - [2024-11-03T00:50:36.711+0000] {dag.py:3239} INFO - Sync 4 DAGs
[2024-11-03T00:50:36.737+0000] {logging_mixin.py:190} INFO - [2024-11-03T00:50:36.737+0000] {dag.py:4180} INFO - Setting next_dagrun for dataset_alias_example_alias_consumer_with_no_taskflow to None, run_after=None
[2024-11-03T00:50:36.740+0000] {logging_mixin.py:190} INFO - [2024-11-03T00:50:36.740+0000] {dag.py:4180} INFO - Setting next_dagrun for dataset_alias_example_alias_producer_with_no_taskflow to None, run_after=None
[2024-11-03T00:50:36.743+0000] {logging_mixin.py:190} INFO - [2024-11-03T00:50:36.742+0000] {dag.py:4180} INFO - Setting next_dagrun for dataset_s3_bucket_consumer_with_no_taskflow to None, run_after=None
[2024-11-03T00:50:36.744+0000] {logging_mixin.py:190} INFO - [2024-11-03T00:50:36.744+0000] {dag.py:4180} INFO - Setting next_dagrun for dataset_s3_bucket_producer_with_no_taskflow to None, run_after=None
[2024-11-03T00:50:36.768+0000] {processor.py:208} INFO - Processing /home/airflow/.local/lib/python3.12/site-packages/airflow/example_dags/example_dataset_alias_with_no_taskflow.py took 0.259 seconds
[2024-11-03T00:51:06.951+0000] {processor.py:186} INFO - Started process (PID=458) to work on /home/airflow/.local/lib/python3.12/site-packages/airflow/example_dags/example_dataset_alias_with_no_taskflow.py
[2024-11-03T00:51:06.952+0000] {processor.py:914} INFO - Processing file /home/airflow/.local/lib/python3.12/site-packages/airflow/example_dags/example_dataset_alias_with_no_taskflow.py for tasks to queue
[2024-11-03T00:51:06.954+0000] {logging_mixin.py:190} INFO - [2024-11-03T00:51:06.954+0000] {dagbag.py:588} INFO - Filling up the DagBag from /home/airflow/.local/lib/python3.12/site-packages/airflow/example_dags/example_dataset_alias_with_no_taskflow.py
[2024-11-03T00:51:07.091+0000] {processor.py:925} INFO - DAG(s) 'dataset_s3_bucket_consumer_with_no_taskflow', 'dataset_s3_bucket_producer_with_no_taskflow', 'dataset_alias_example_alias_consumer_with_no_taskflow', 'dataset_alias_example_alias_producer_with_no_taskflow' retrieved from /home/airflow/.local/lib/python3.12/site-packages/airflow/example_dags/example_dataset_alias_with_no_taskflow.py
[2024-11-03T00:51:07.109+0000] {logging_mixin.py:190} INFO - [2024-11-03T00:51:07.109+0000] {dag.py:3239} INFO - Sync 4 DAGs
[2024-11-03T00:51:07.131+0000] {logging_mixin.py:190} INFO - [2024-11-03T00:51:07.130+0000] {dag.py:4180} INFO - Setting next_dagrun for dataset_alias_example_alias_consumer_with_no_taskflow to None, run_after=None
[2024-11-03T00:51:07.133+0000] {logging_mixin.py:190} INFO - [2024-11-03T00:51:07.133+0000] {dag.py:4180} INFO - Setting next_dagrun for dataset_alias_example_alias_producer_with_no_taskflow to None, run_after=None
[2024-11-03T00:51:07.134+0000] {logging_mixin.py:190} INFO - [2024-11-03T00:51:07.134+0000] {dag.py:4180} INFO - Setting next_dagrun for dataset_s3_bucket_consumer_with_no_taskflow to None, run_after=None
[2024-11-03T00:51:07.135+0000] {logging_mixin.py:190} INFO - [2024-11-03T00:51:07.135+0000] {dag.py:4180} INFO - Setting next_dagrun for dataset_s3_bucket_producer_with_no_taskflow to None, run_after=None
[2024-11-03T00:51:07.153+0000] {processor.py:208} INFO - Processing /home/airflow/.local/lib/python3.12/site-packages/airflow/example_dags/example_dataset_alias_with_no_taskflow.py took 0.207 seconds
[2024-11-03T00:51:37.392+0000] {processor.py:186} INFO - Started process (PID=521) to work on /home/airflow/.local/lib/python3.12/site-packages/airflow/example_dags/example_dataset_alias_with_no_taskflow.py
[2024-11-03T00:51:37.393+0000] {processor.py:914} INFO - Processing file /home/airflow/.local/lib/python3.12/site-packages/airflow/example_dags/example_dataset_alias_with_no_taskflow.py for tasks to queue
[2024-11-03T00:51:37.395+0000] {logging_mixin.py:190} INFO - [2024-11-03T00:51:37.395+0000] {dagbag.py:588} INFO - Filling up the DagBag from /home/airflow/.local/lib/python3.12/site-packages/airflow/example_dags/example_dataset_alias_with_no_taskflow.py
[2024-11-03T00:51:37.540+0000] {processor.py:925} INFO - DAG(s) 'dataset_s3_bucket_consumer_with_no_taskflow', 'dataset_s3_bucket_producer_with_no_taskflow', 'dataset_alias_example_alias_consumer_with_no_taskflow', 'dataset_alias_example_alias_producer_with_no_taskflow' retrieved from /home/airflow/.local/lib/python3.12/site-packages/airflow/example_dags/example_dataset_alias_with_no_taskflow.py
[2024-11-03T00:51:37.561+0000] {logging_mixin.py:190} INFO - [2024-11-03T00:51:37.560+0000] {dag.py:3239} INFO - Sync 4 DAGs
[2024-11-03T00:51:37.581+0000] {logging_mixin.py:190} INFO - [2024-11-03T00:51:37.581+0000] {dag.py:4180} INFO - Setting next_dagrun for dataset_alias_example_alias_consumer_with_no_taskflow to None, run_after=None
[2024-11-03T00:51:37.584+0000] {logging_mixin.py:190} INFO - [2024-11-03T00:51:37.584+0000] {dag.py:4180} INFO - Setting next_dagrun for dataset_alias_example_alias_producer_with_no_taskflow to None, run_after=None
[2024-11-03T00:51:37.586+0000] {logging_mixin.py:190} INFO - [2024-11-03T00:51:37.585+0000] {dag.py:4180} INFO - Setting next_dagrun for dataset_s3_bucket_consumer_with_no_taskflow to None, run_after=None
[2024-11-03T00:51:37.588+0000] {logging_mixin.py:190} INFO - [2024-11-03T00:51:37.587+0000] {dag.py:4180} INFO - Setting next_dagrun for dataset_s3_bucket_producer_with_no_taskflow to None, run_after=None
[2024-11-03T00:51:37.607+0000] {processor.py:208} INFO - Processing /home/airflow/.local/lib/python3.12/site-packages/airflow/example_dags/example_dataset_alias_with_no_taskflow.py took 0.220 seconds
[2024-11-03T00:52:07.878+0000] {processor.py:186} INFO - Started process (PID=584) to work on /home/airflow/.local/lib/python3.12/site-packages/airflow/example_dags/example_dataset_alias_with_no_taskflow.py
[2024-11-03T00:52:07.879+0000] {processor.py:914} INFO - Processing file /home/airflow/.local/lib/python3.12/site-packages/airflow/example_dags/example_dataset_alias_with_no_taskflow.py for tasks to queue
[2024-11-03T00:52:07.881+0000] {logging_mixin.py:190} INFO - [2024-11-03T00:52:07.880+0000] {dagbag.py:588} INFO - Filling up the DagBag from /home/airflow/.local/lib/python3.12/site-packages/airflow/example_dags/example_dataset_alias_with_no_taskflow.py
[2024-11-03T00:52:08.016+0000] {processor.py:925} INFO - DAG(s) 'dataset_alias_example_alias_consumer_with_no_taskflow', 'dataset_s3_bucket_producer_with_no_taskflow', 'dataset_alias_example_alias_producer_with_no_taskflow', 'dataset_s3_bucket_consumer_with_no_taskflow' retrieved from /home/airflow/.local/lib/python3.12/site-packages/airflow/example_dags/example_dataset_alias_with_no_taskflow.py
[2024-11-03T00:52:08.034+0000] {logging_mixin.py:190} INFO - [2024-11-03T00:52:08.034+0000] {dag.py:3239} INFO - Sync 4 DAGs
[2024-11-03T00:52:08.054+0000] {logging_mixin.py:190} INFO - [2024-11-03T00:52:08.054+0000] {dag.py:4180} INFO - Setting next_dagrun for dataset_alias_example_alias_consumer_with_no_taskflow to None, run_after=None
[2024-11-03T00:52:08.056+0000] {logging_mixin.py:190} INFO - [2024-11-03T00:52:08.056+0000] {dag.py:4180} INFO - Setting next_dagrun for dataset_alias_example_alias_producer_with_no_taskflow to None, run_after=None
[2024-11-03T00:52:08.057+0000] {logging_mixin.py:190} INFO - [2024-11-03T00:52:08.057+0000] {dag.py:4180} INFO - Setting next_dagrun for dataset_s3_bucket_consumer_with_no_taskflow to None, run_after=None
[2024-11-03T00:52:08.058+0000] {logging_mixin.py:190} INFO - [2024-11-03T00:52:08.058+0000] {dag.py:4180} INFO - Setting next_dagrun for dataset_s3_bucket_producer_with_no_taskflow to None, run_after=None
[2024-11-03T00:52:08.076+0000] {processor.py:208} INFO - Processing /home/airflow/.local/lib/python3.12/site-packages/airflow/example_dags/example_dataset_alias_with_no_taskflow.py took 0.202 seconds
[2024-11-03T00:52:38.252+0000] {processor.py:186} INFO - Started process (PID=647) to work on /home/airflow/.local/lib/python3.12/site-packages/airflow/example_dags/example_dataset_alias_with_no_taskflow.py
[2024-11-03T00:52:38.253+0000] {processor.py:914} INFO - Processing file /home/airflow/.local/lib/python3.12/site-packages/airflow/example_dags/example_dataset_alias_with_no_taskflow.py for tasks to queue
[2024-11-03T00:52:38.255+0000] {logging_mixin.py:190} INFO - [2024-11-03T00:52:38.254+0000] {dagbag.py:588} INFO - Filling up the DagBag from /home/airflow/.local/lib/python3.12/site-packages/airflow/example_dags/example_dataset_alias_with_no_taskflow.py
[2024-11-03T00:52:38.382+0000] {processor.py:925} INFO - DAG(s) 'dataset_alias_example_alias_producer_with_no_taskflow', 'dataset_s3_bucket_producer_with_no_taskflow', 'dataset_s3_bucket_consumer_with_no_taskflow', 'dataset_alias_example_alias_consumer_with_no_taskflow' retrieved from /home/airflow/.local/lib/python3.12/site-packages/airflow/example_dags/example_dataset_alias_with_no_taskflow.py
[2024-11-03T00:52:38.400+0000] {logging_mixin.py:190} INFO - [2024-11-03T00:52:38.399+0000] {dag.py:3239} INFO - Sync 4 DAGs
[2024-11-03T00:52:38.420+0000] {logging_mixin.py:190} INFO - [2024-11-03T00:52:38.420+0000] {dag.py:4180} INFO - Setting next_dagrun for dataset_alias_example_alias_consumer_with_no_taskflow to None, run_after=None
[2024-11-03T00:52:38.423+0000] {logging_mixin.py:190} INFO - [2024-11-03T00:52:38.423+0000] {dag.py:4180} INFO - Setting next_dagrun for dataset_alias_example_alias_producer_with_no_taskflow to None, run_after=None
[2024-11-03T00:52:38.424+0000] {logging_mixin.py:190} INFO - [2024-11-03T00:52:38.424+0000] {dag.py:4180} INFO - Setting next_dagrun for dataset_s3_bucket_consumer_with_no_taskflow to None, run_after=None
[2024-11-03T00:52:38.425+0000] {logging_mixin.py:190} INFO - [2024-11-03T00:52:38.425+0000] {dag.py:4180} INFO - Setting next_dagrun for dataset_s3_bucket_producer_with_no_taskflow to None, run_after=None
[2024-11-03T00:52:38.442+0000] {processor.py:208} INFO - Processing /home/airflow/.local/lib/python3.12/site-packages/airflow/example_dags/example_dataset_alias_with_no_taskflow.py took 0.195 seconds
[2024-11-03T00:53:08.584+0000] {processor.py:186} INFO - Started process (PID=710) to work on /home/airflow/.local/lib/python3.12/site-packages/airflow/example_dags/example_dataset_alias_with_no_taskflow.py
[2024-11-03T00:53:08.586+0000] {processor.py:914} INFO - Processing file /home/airflow/.local/lib/python3.12/site-packages/airflow/example_dags/example_dataset_alias_with_no_taskflow.py for tasks to queue
[2024-11-03T00:53:08.587+0000] {logging_mixin.py:190} INFO - [2024-11-03T00:53:08.587+0000] {dagbag.py:588} INFO - Filling up the DagBag from /home/airflow/.local/lib/python3.12/site-packages/airflow/example_dags/example_dataset_alias_with_no_taskflow.py
[2024-11-03T00:53:08.720+0000] {processor.py:925} INFO - DAG(s) 'dataset_s3_bucket_consumer_with_no_taskflow', 'dataset_alias_example_alias_producer_with_no_taskflow', 'dataset_s3_bucket_producer_with_no_taskflow', 'dataset_alias_example_alias_consumer_with_no_taskflow' retrieved from /home/airflow/.local/lib/python3.12/site-packages/airflow/example_dags/example_dataset_alias_with_no_taskflow.py
[2024-11-03T00:53:08.739+0000] {logging_mixin.py:190} INFO - [2024-11-03T00:53:08.738+0000] {dag.py:3239} INFO - Sync 4 DAGs
[2024-11-03T00:53:08.760+0000] {logging_mixin.py:190} INFO - [2024-11-03T00:53:08.760+0000] {dag.py:4180} INFO - Setting next_dagrun for dataset_alias_example_alias_consumer_with_no_taskflow to None, run_after=None
[2024-11-03T00:53:08.763+0000] {logging_mixin.py:190} INFO - [2024-11-03T00:53:08.763+0000] {dag.py:4180} INFO - Setting next_dagrun for dataset_alias_example_alias_producer_with_no_taskflow to None, run_after=None
[2024-11-03T00:53:08.764+0000] {logging_mixin.py:190} INFO - [2024-11-03T00:53:08.764+0000] {dag.py:4180} INFO - Setting next_dagrun for dataset_s3_bucket_consumer_with_no_taskflow to None, run_after=None
[2024-11-03T00:53:08.765+0000] {logging_mixin.py:190} INFO - [2024-11-03T00:53:08.765+0000] {dag.py:4180} INFO - Setting next_dagrun for dataset_s3_bucket_producer_with_no_taskflow to None, run_after=None
[2024-11-03T00:53:08.784+0000] {processor.py:208} INFO - Processing /home/airflow/.local/lib/python3.12/site-packages/airflow/example_dags/example_dataset_alias_with_no_taskflow.py took 0.204 seconds
[2024-11-03T00:53:38.838+0000] {processor.py:186} INFO - Started process (PID=773) to work on /home/airflow/.local/lib/python3.12/site-packages/airflow/example_dags/example_dataset_alias_with_no_taskflow.py
[2024-11-03T00:53:38.839+0000] {processor.py:914} INFO - Processing file /home/airflow/.local/lib/python3.12/site-packages/airflow/example_dags/example_dataset_alias_with_no_taskflow.py for tasks to queue
[2024-11-03T00:53:38.841+0000] {logging_mixin.py:190} INFO - [2024-11-03T00:53:38.840+0000] {dagbag.py:588} INFO - Filling up the DagBag from /home/airflow/.local/lib/python3.12/site-packages/airflow/example_dags/example_dataset_alias_with_no_taskflow.py
[2024-11-03T00:53:38.985+0000] {processor.py:925} INFO - DAG(s) 'dataset_alias_example_alias_consumer_with_no_taskflow', 'dataset_s3_bucket_consumer_with_no_taskflow', 'dataset_s3_bucket_producer_with_no_taskflow', 'dataset_alias_example_alias_producer_with_no_taskflow' retrieved from /home/airflow/.local/lib/python3.12/site-packages/airflow/example_dags/example_dataset_alias_with_no_taskflow.py
[2024-11-03T00:53:39.003+0000] {logging_mixin.py:190} INFO - [2024-11-03T00:53:39.003+0000] {dag.py:3239} INFO - Sync 4 DAGs
[2024-11-03T00:53:39.022+0000] {logging_mixin.py:190} INFO - [2024-11-03T00:53:39.022+0000] {dag.py:4180} INFO - Setting next_dagrun for dataset_alias_example_alias_consumer_with_no_taskflow to None, run_after=None
[2024-11-03T00:53:39.025+0000] {logging_mixin.py:190} INFO - [2024-11-03T00:53:39.025+0000] {dag.py:4180} INFO - Setting next_dagrun for dataset_alias_example_alias_producer_with_no_taskflow to None, run_after=None
[2024-11-03T00:53:39.027+0000] {logging_mixin.py:190} INFO - [2024-11-03T00:53:39.026+0000] {dag.py:4180} INFO - Setting next_dagrun for dataset_s3_bucket_consumer_with_no_taskflow to None, run_after=None
[2024-11-03T00:53:39.028+0000] {logging_mixin.py:190} INFO - [2024-11-03T00:53:39.028+0000] {dag.py:4180} INFO - Setting next_dagrun for dataset_s3_bucket_producer_with_no_taskflow to None, run_after=None
[2024-11-03T00:53:39.046+0000] {processor.py:208} INFO - Processing /home/airflow/.local/lib/python3.12/site-packages/airflow/example_dags/example_dataset_alias_with_no_taskflow.py took 0.213 seconds
[2024-11-03T00:54:09.238+0000] {processor.py:186} INFO - Started process (PID=836) to work on /home/airflow/.local/lib/python3.12/site-packages/airflow/example_dags/example_dataset_alias_with_no_taskflow.py
[2024-11-03T00:54:09.239+0000] {processor.py:914} INFO - Processing file /home/airflow/.local/lib/python3.12/site-packages/airflow/example_dags/example_dataset_alias_with_no_taskflow.py for tasks to queue
[2024-11-03T00:54:09.241+0000] {logging_mixin.py:190} INFO - [2024-11-03T00:54:09.241+0000] {dagbag.py:588} INFO - Filling up the DagBag from /home/airflow/.local/lib/python3.12/site-packages/airflow/example_dags/example_dataset_alias_with_no_taskflow.py
[2024-11-03T00:54:09.374+0000] {processor.py:925} INFO - DAG(s) 'dataset_s3_bucket_producer_with_no_taskflow', 'dataset_s3_bucket_consumer_with_no_taskflow', 'dataset_alias_example_alias_producer_with_no_taskflow', 'dataset_alias_example_alias_consumer_with_no_taskflow' retrieved from /home/airflow/.local/lib/python3.12/site-packages/airflow/example_dags/example_dataset_alias_with_no_taskflow.py
[2024-11-03T00:54:09.394+0000] {logging_mixin.py:190} INFO - [2024-11-03T00:54:09.393+0000] {dag.py:3239} INFO - Sync 4 DAGs
[2024-11-03T00:54:09.413+0000] {logging_mixin.py:190} INFO - [2024-11-03T00:54:09.413+0000] {dag.py:4180} INFO - Setting next_dagrun for dataset_alias_example_alias_consumer_with_no_taskflow to None, run_after=None
[2024-11-03T00:54:09.416+0000] {logging_mixin.py:190} INFO - [2024-11-03T00:54:09.415+0000] {dag.py:4180} INFO - Setting next_dagrun for dataset_alias_example_alias_producer_with_no_taskflow to None, run_after=None
[2024-11-03T00:54:09.417+0000] {logging_mixin.py:190} INFO - [2024-11-03T00:54:09.417+0000] {dag.py:4180} INFO - Setting next_dagrun for dataset_s3_bucket_consumer_with_no_taskflow to None, run_after=None
[2024-11-03T00:54:09.418+0000] {logging_mixin.py:190} INFO - [2024-11-03T00:54:09.418+0000] {dag.py:4180} INFO - Setting next_dagrun for dataset_s3_bucket_producer_with_no_taskflow to None, run_after=None
[2024-11-03T00:54:09.436+0000] {processor.py:208} INFO - Processing /home/airflow/.local/lib/python3.12/site-packages/airflow/example_dags/example_dataset_alias_with_no_taskflow.py took 0.202 seconds
[2024-11-03T00:54:39.479+0000] {processor.py:186} INFO - Started process (PID=899) to work on /home/airflow/.local/lib/python3.12/site-packages/airflow/example_dags/example_dataset_alias_with_no_taskflow.py
[2024-11-03T00:54:39.479+0000] {processor.py:914} INFO - Processing file /home/airflow/.local/lib/python3.12/site-packages/airflow/example_dags/example_dataset_alias_with_no_taskflow.py for tasks to queue
[2024-11-03T00:54:39.481+0000] {logging_mixin.py:190} INFO - [2024-11-03T00:54:39.481+0000] {dagbag.py:588} INFO - Filling up the DagBag from /home/airflow/.local/lib/python3.12/site-packages/airflow/example_dags/example_dataset_alias_with_no_taskflow.py
[2024-11-03T00:54:39.617+0000] {processor.py:925} INFO - DAG(s) 'dataset_s3_bucket_consumer_with_no_taskflow', 'dataset_alias_example_alias_producer_with_no_taskflow', 'dataset_s3_bucket_producer_with_no_taskflow', 'dataset_alias_example_alias_consumer_with_no_taskflow' retrieved from /home/airflow/.local/lib/python3.12/site-packages/airflow/example_dags/example_dataset_alias_with_no_taskflow.py
[2024-11-03T00:54:39.636+0000] {logging_mixin.py:190} INFO - [2024-11-03T00:54:39.636+0000] {dag.py:3239} INFO - Sync 4 DAGs
[2024-11-03T00:54:39.658+0000] {logging_mixin.py:190} INFO - [2024-11-03T00:54:39.658+0000] {dag.py:4180} INFO - Setting next_dagrun for dataset_alias_example_alias_consumer_with_no_taskflow to None, run_after=None
[2024-11-03T00:54:39.661+0000] {logging_mixin.py:190} INFO - [2024-11-03T00:54:39.661+0000] {dag.py:4180} INFO - Setting next_dagrun for dataset_alias_example_alias_producer_with_no_taskflow to None, run_after=None
[2024-11-03T00:54:39.663+0000] {logging_mixin.py:190} INFO - [2024-11-03T00:54:39.662+0000] {dag.py:4180} INFO - Setting next_dagrun for dataset_s3_bucket_consumer_with_no_taskflow to None, run_after=None
[2024-11-03T00:54:39.664+0000] {logging_mixin.py:190} INFO - [2024-11-03T00:54:39.664+0000] {dag.py:4180} INFO - Setting next_dagrun for dataset_s3_bucket_producer_with_no_taskflow to None, run_after=None
[2024-11-03T00:54:39.681+0000] {processor.py:208} INFO - Processing /home/airflow/.local/lib/python3.12/site-packages/airflow/example_dags/example_dataset_alias_with_no_taskflow.py took 0.208 seconds
[2024-11-03T00:55:09.805+0000] {processor.py:186} INFO - Started process (PID=962) to work on /home/airflow/.local/lib/python3.12/site-packages/airflow/example_dags/example_dataset_alias_with_no_taskflow.py
[2024-11-03T00:55:09.806+0000] {processor.py:914} INFO - Processing file /home/airflow/.local/lib/python3.12/site-packages/airflow/example_dags/example_dataset_alias_with_no_taskflow.py for tasks to queue
[2024-11-03T00:55:09.808+0000] {logging_mixin.py:190} INFO - [2024-11-03T00:55:09.807+0000] {dagbag.py:588} INFO - Filling up the DagBag from /home/airflow/.local/lib/python3.12/site-packages/airflow/example_dags/example_dataset_alias_with_no_taskflow.py
[2024-11-03T00:55:09.945+0000] {processor.py:925} INFO - DAG(s) 'dataset_s3_bucket_producer_with_no_taskflow', 'dataset_alias_example_alias_producer_with_no_taskflow', 'dataset_alias_example_alias_consumer_with_no_taskflow', 'dataset_s3_bucket_consumer_with_no_taskflow' retrieved from /home/airflow/.local/lib/python3.12/site-packages/airflow/example_dags/example_dataset_alias_with_no_taskflow.py
[2024-11-03T00:55:09.964+0000] {logging_mixin.py:190} INFO - [2024-11-03T00:55:09.963+0000] {dag.py:3239} INFO - Sync 4 DAGs
[2024-11-03T00:55:09.985+0000] {logging_mixin.py:190} INFO - [2024-11-03T00:55:09.985+0000] {dag.py:4180} INFO - Setting next_dagrun for dataset_alias_example_alias_consumer_with_no_taskflow to None, run_after=None
[2024-11-03T00:55:09.988+0000] {logging_mixin.py:190} INFO - [2024-11-03T00:55:09.988+0000] {dag.py:4180} INFO - Setting next_dagrun for dataset_alias_example_alias_producer_with_no_taskflow to None, run_after=None
[2024-11-03T00:55:09.989+0000] {logging_mixin.py:190} INFO - [2024-11-03T00:55:09.989+0000] {dag.py:4180} INFO - Setting next_dagrun for dataset_s3_bucket_consumer_with_no_taskflow to None, run_after=None
[2024-11-03T00:55:09.990+0000] {logging_mixin.py:190} INFO - [2024-11-03T00:55:09.990+0000] {dag.py:4180} INFO - Setting next_dagrun for dataset_s3_bucket_producer_with_no_taskflow to None, run_after=None
[2024-11-03T00:55:10.007+0000] {processor.py:208} INFO - Processing /home/airflow/.local/lib/python3.12/site-packages/airflow/example_dags/example_dataset_alias_with_no_taskflow.py took 0.207 seconds
[2024-11-03T00:55:40.184+0000] {processor.py:186} INFO - Started process (PID=1025) to work on /home/airflow/.local/lib/python3.12/site-packages/airflow/example_dags/example_dataset_alias_with_no_taskflow.py
[2024-11-03T00:55:40.185+0000] {processor.py:914} INFO - Processing file /home/airflow/.local/lib/python3.12/site-packages/airflow/example_dags/example_dataset_alias_with_no_taskflow.py for tasks to queue
[2024-11-03T00:55:40.187+0000] {logging_mixin.py:190} INFO - [2024-11-03T00:55:40.187+0000] {dagbag.py:588} INFO - Filling up the DagBag from /home/airflow/.local/lib/python3.12/site-packages/airflow/example_dags/example_dataset_alias_with_no_taskflow.py
[2024-11-03T00:55:40.317+0000] {processor.py:925} INFO - DAG(s) 'dataset_alias_example_alias_producer_with_no_taskflow', 'dataset_s3_bucket_producer_with_no_taskflow', 'dataset_s3_bucket_consumer_with_no_taskflow', 'dataset_alias_example_alias_consumer_with_no_taskflow' retrieved from /home/airflow/.local/lib/python3.12/site-packages/airflow/example_dags/example_dataset_alias_with_no_taskflow.py
[2024-11-03T00:55:40.335+0000] {logging_mixin.py:190} INFO - [2024-11-03T00:55:40.335+0000] {dag.py:3239} INFO - Sync 4 DAGs
[2024-11-03T00:55:40.355+0000] {logging_mixin.py:190} INFO - [2024-11-03T00:55:40.355+0000] {dag.py:4180} INFO - Setting next_dagrun for dataset_alias_example_alias_consumer_with_no_taskflow to None, run_after=None
[2024-11-03T00:55:40.359+0000] {logging_mixin.py:190} INFO - [2024-11-03T00:55:40.358+0000] {dag.py:4180} INFO - Setting next_dagrun for dataset_alias_example_alias_producer_with_no_taskflow to None, run_after=None
[2024-11-03T00:55:40.360+0000] {logging_mixin.py:190} INFO - [2024-11-03T00:55:40.360+0000] {dag.py:4180} INFO - Setting next_dagrun for dataset_s3_bucket_consumer_with_no_taskflow to None, run_after=None
[2024-11-03T00:55:40.361+0000] {logging_mixin.py:190} INFO - [2024-11-03T00:55:40.361+0000] {dag.py:4180} INFO - Setting next_dagrun for dataset_s3_bucket_producer_with_no_taskflow to None, run_after=None
[2024-11-03T00:55:40.379+0000] {processor.py:208} INFO - Processing /home/airflow/.local/lib/python3.12/site-packages/airflow/example_dags/example_dataset_alias_with_no_taskflow.py took 0.199 seconds
[2024-11-03T00:56:10.810+0000] {processor.py:186} INFO - Started process (PID=1088) to work on /home/airflow/.local/lib/python3.12/site-packages/airflow/example_dags/example_dataset_alias_with_no_taskflow.py
[2024-11-03T00:56:10.811+0000] {processor.py:914} INFO - Processing file /home/airflow/.local/lib/python3.12/site-packages/airflow/example_dags/example_dataset_alias_with_no_taskflow.py for tasks to queue
[2024-11-03T00:56:10.814+0000] {logging_mixin.py:190} INFO - [2024-11-03T00:56:10.814+0000] {dagbag.py:588} INFO - Filling up the DagBag from /home/airflow/.local/lib/python3.12/site-packages/airflow/example_dags/example_dataset_alias_with_no_taskflow.py
[2024-11-03T00:56:10.959+0000] {processor.py:925} INFO - DAG(s) 'dataset_alias_example_alias_producer_with_no_taskflow', 'dataset_alias_example_alias_consumer_with_no_taskflow', 'dataset_s3_bucket_producer_with_no_taskflow', 'dataset_s3_bucket_consumer_with_no_taskflow' retrieved from /home/airflow/.local/lib/python3.12/site-packages/airflow/example_dags/example_dataset_alias_with_no_taskflow.py
[2024-11-03T00:56:10.978+0000] {logging_mixin.py:190} INFO - [2024-11-03T00:56:10.977+0000] {dag.py:3239} INFO - Sync 4 DAGs
[2024-11-03T00:56:10.997+0000] {logging_mixin.py:190} INFO - [2024-11-03T00:56:10.997+0000] {dag.py:4180} INFO - Setting next_dagrun for dataset_alias_example_alias_consumer_with_no_taskflow to None, run_after=None
[2024-11-03T00:56:11.000+0000] {logging_mixin.py:190} INFO - [2024-11-03T00:56:10.999+0000] {dag.py:4180} INFO - Setting next_dagrun for dataset_alias_example_alias_producer_with_no_taskflow to None, run_after=None
[2024-11-03T00:56:11.001+0000] {logging_mixin.py:190} INFO - [2024-11-03T00:56:11.001+0000] {dag.py:4180} INFO - Setting next_dagrun for dataset_s3_bucket_consumer_with_no_taskflow to None, run_after=None
[2024-11-03T00:56:11.002+0000] {logging_mixin.py:190} INFO - [2024-11-03T00:56:11.002+0000] {dag.py:4180} INFO - Setting next_dagrun for dataset_s3_bucket_producer_with_no_taskflow to None, run_after=None
[2024-11-03T00:56:11.019+0000] {processor.py:208} INFO - Processing /home/airflow/.local/lib/python3.12/site-packages/airflow/example_dags/example_dataset_alias_with_no_taskflow.py took 0.214 seconds
[2024-11-03T00:56:41.258+0000] {processor.py:186} INFO - Started process (PID=1151) to work on /home/airflow/.local/lib/python3.12/site-packages/airflow/example_dags/example_dataset_alias_with_no_taskflow.py
[2024-11-03T00:56:41.259+0000] {processor.py:914} INFO - Processing file /home/airflow/.local/lib/python3.12/site-packages/airflow/example_dags/example_dataset_alias_with_no_taskflow.py for tasks to queue
[2024-11-03T00:56:41.261+0000] {logging_mixin.py:190} INFO - [2024-11-03T00:56:41.260+0000] {dagbag.py:588} INFO - Filling up the DagBag from /home/airflow/.local/lib/python3.12/site-packages/airflow/example_dags/example_dataset_alias_with_no_taskflow.py
[2024-11-03T00:56:41.395+0000] {processor.py:925} INFO - DAG(s) 'dataset_alias_example_alias_consumer_with_no_taskflow', 'dataset_s3_bucket_consumer_with_no_taskflow', 'dataset_alias_example_alias_producer_with_no_taskflow', 'dataset_s3_bucket_producer_with_no_taskflow' retrieved from /home/airflow/.local/lib/python3.12/site-packages/airflow/example_dags/example_dataset_alias_with_no_taskflow.py
[2024-11-03T00:56:41.415+0000] {logging_mixin.py:190} INFO - [2024-11-03T00:56:41.415+0000] {dag.py:3239} INFO - Sync 4 DAGs
[2024-11-03T00:56:41.434+0000] {logging_mixin.py:190} INFO - [2024-11-03T00:56:41.434+0000] {dag.py:4180} INFO - Setting next_dagrun for dataset_alias_example_alias_consumer_with_no_taskflow to None, run_after=None
[2024-11-03T00:56:41.437+0000] {logging_mixin.py:190} INFO - [2024-11-03T00:56:41.437+0000] {dag.py:4180} INFO - Setting next_dagrun for dataset_alias_example_alias_producer_with_no_taskflow to None, run_after=None
[2024-11-03T00:56:41.438+0000] {logging_mixin.py:190} INFO - [2024-11-03T00:56:41.438+0000] {dag.py:4180} INFO - Setting next_dagrun for dataset_s3_bucket_consumer_with_no_taskflow to None, run_after=None
[2024-11-03T00:56:41.439+0000] {logging_mixin.py:190} INFO - [2024-11-03T00:56:41.439+0000] {dag.py:4180} INFO - Setting next_dagrun for dataset_s3_bucket_producer_with_no_taskflow to None, run_after=None
[2024-11-03T00:56:41.457+0000] {processor.py:208} INFO - Processing /home/airflow/.local/lib/python3.12/site-packages/airflow/example_dags/example_dataset_alias_with_no_taskflow.py took 0.204 seconds
[2024-11-03T00:57:11.582+0000] {processor.py:186} INFO - Started process (PID=1216) to work on /home/airflow/.local/lib/python3.12/site-packages/airflow/example_dags/example_dataset_alias_with_no_taskflow.py
[2024-11-03T00:57:11.583+0000] {processor.py:914} INFO - Processing file /home/airflow/.local/lib/python3.12/site-packages/airflow/example_dags/example_dataset_alias_with_no_taskflow.py for tasks to queue
[2024-11-03T00:57:11.585+0000] {logging_mixin.py:190} INFO - [2024-11-03T00:57:11.585+0000] {dagbag.py:588} INFO - Filling up the DagBag from /home/airflow/.local/lib/python3.12/site-packages/airflow/example_dags/example_dataset_alias_with_no_taskflow.py
[2024-11-03T00:57:11.719+0000] {processor.py:925} INFO - DAG(s) 'dataset_s3_bucket_producer_with_no_taskflow', 'dataset_alias_example_alias_producer_with_no_taskflow', 'dataset_alias_example_alias_consumer_with_no_taskflow', 'dataset_s3_bucket_consumer_with_no_taskflow' retrieved from /home/airflow/.local/lib/python3.12/site-packages/airflow/example_dags/example_dataset_alias_with_no_taskflow.py
[2024-11-03T00:57:11.737+0000] {logging_mixin.py:190} INFO - [2024-11-03T00:57:11.736+0000] {dag.py:3239} INFO - Sync 4 DAGs
[2024-11-03T00:57:11.757+0000] {logging_mixin.py:190} INFO - [2024-11-03T00:57:11.756+0000] {dag.py:4180} INFO - Setting next_dagrun for dataset_alias_example_alias_consumer_with_no_taskflow to None, run_after=None
[2024-11-03T00:57:11.759+0000] {logging_mixin.py:190} INFO - [2024-11-03T00:57:11.759+0000] {dag.py:4180} INFO - Setting next_dagrun for dataset_alias_example_alias_producer_with_no_taskflow to None, run_after=None
[2024-11-03T00:57:11.760+0000] {logging_mixin.py:190} INFO - [2024-11-03T00:57:11.760+0000] {dag.py:4180} INFO - Setting next_dagrun for dataset_s3_bucket_consumer_with_no_taskflow to None, run_after=None
[2024-11-03T00:57:11.761+0000] {logging_mixin.py:190} INFO - [2024-11-03T00:57:11.761+0000] {dag.py:4180} INFO - Setting next_dagrun for dataset_s3_bucket_producer_with_no_taskflow to None, run_after=None
[2024-11-03T00:57:11.779+0000] {processor.py:208} INFO - Processing /home/airflow/.local/lib/python3.12/site-packages/airflow/example_dags/example_dataset_alias_with_no_taskflow.py took 0.201 seconds
[2024-11-03T00:57:41.830+0000] {processor.py:186} INFO - Started process (PID=1277) to work on /home/airflow/.local/lib/python3.12/site-packages/airflow/example_dags/example_dataset_alias_with_no_taskflow.py
[2024-11-03T00:57:41.831+0000] {processor.py:914} INFO - Processing file /home/airflow/.local/lib/python3.12/site-packages/airflow/example_dags/example_dataset_alias_with_no_taskflow.py for tasks to queue
[2024-11-03T00:57:41.833+0000] {logging_mixin.py:190} INFO - [2024-11-03T00:57:41.833+0000] {dagbag.py:588} INFO - Filling up the DagBag from /home/airflow/.local/lib/python3.12/site-packages/airflow/example_dags/example_dataset_alias_with_no_taskflow.py
[2024-11-03T00:57:41.978+0000] {processor.py:925} INFO - DAG(s) 'dataset_alias_example_alias_consumer_with_no_taskflow', 'dataset_alias_example_alias_producer_with_no_taskflow', 'dataset_s3_bucket_producer_with_no_taskflow', 'dataset_s3_bucket_consumer_with_no_taskflow' retrieved from /home/airflow/.local/lib/python3.12/site-packages/airflow/example_dags/example_dataset_alias_with_no_taskflow.py
[2024-11-03T00:57:41.999+0000] {logging_mixin.py:190} INFO - [2024-11-03T00:57:41.998+0000] {dag.py:3239} INFO - Sync 4 DAGs
[2024-11-03T00:57:42.020+0000] {logging_mixin.py:190} INFO - [2024-11-03T00:57:42.020+0000] {dag.py:4180} INFO - Setting next_dagrun for dataset_alias_example_alias_consumer_with_no_taskflow to None, run_after=None
[2024-11-03T00:57:42.023+0000] {logging_mixin.py:190} INFO - [2024-11-03T00:57:42.022+0000] {dag.py:4180} INFO - Setting next_dagrun for dataset_alias_example_alias_producer_with_no_taskflow to None, run_after=None
[2024-11-03T00:57:42.024+0000] {logging_mixin.py:190} INFO - [2024-11-03T00:57:42.024+0000] {dag.py:4180} INFO - Setting next_dagrun for dataset_s3_bucket_consumer_with_no_taskflow to None, run_after=None
[2024-11-03T00:57:42.025+0000] {logging_mixin.py:190} INFO - [2024-11-03T00:57:42.025+0000] {dag.py:4180} INFO - Setting next_dagrun for dataset_s3_bucket_producer_with_no_taskflow to None, run_after=None
[2024-11-03T00:57:42.045+0000] {processor.py:208} INFO - Processing /home/airflow/.local/lib/python3.12/site-packages/airflow/example_dags/example_dataset_alias_with_no_taskflow.py took 0.220 seconds
[2024-11-03T00:58:12.117+0000] {processor.py:186} INFO - Started process (PID=1342) to work on /home/airflow/.local/lib/python3.12/site-packages/airflow/example_dags/example_dataset_alias_with_no_taskflow.py
[2024-11-03T00:58:12.117+0000] {processor.py:914} INFO - Processing file /home/airflow/.local/lib/python3.12/site-packages/airflow/example_dags/example_dataset_alias_with_no_taskflow.py for tasks to queue
[2024-11-03T00:58:12.119+0000] {logging_mixin.py:190} INFO - [2024-11-03T00:58:12.119+0000] {dagbag.py:588} INFO - Filling up the DagBag from /home/airflow/.local/lib/python3.12/site-packages/airflow/example_dags/example_dataset_alias_with_no_taskflow.py
[2024-11-03T00:58:12.254+0000] {processor.py:925} INFO - DAG(s) 'dataset_s3_bucket_consumer_with_no_taskflow', 'dataset_alias_example_alias_producer_with_no_taskflow', 'dataset_s3_bucket_producer_with_no_taskflow', 'dataset_alias_example_alias_consumer_with_no_taskflow' retrieved from /home/airflow/.local/lib/python3.12/site-packages/airflow/example_dags/example_dataset_alias_with_no_taskflow.py
[2024-11-03T00:58:12.272+0000] {logging_mixin.py:190} INFO - [2024-11-03T00:58:12.272+0000] {dag.py:3239} INFO - Sync 4 DAGs
[2024-11-03T00:58:12.293+0000] {logging_mixin.py:190} INFO - [2024-11-03T00:58:12.293+0000] {dag.py:4180} INFO - Setting next_dagrun for dataset_alias_example_alias_consumer_with_no_taskflow to None, run_after=None
[2024-11-03T00:58:12.295+0000] {logging_mixin.py:190} INFO - [2024-11-03T00:58:12.295+0000] {dag.py:4180} INFO - Setting next_dagrun for dataset_alias_example_alias_producer_with_no_taskflow to None, run_after=None
[2024-11-03T00:58:12.297+0000] {logging_mixin.py:190} INFO - [2024-11-03T00:58:12.296+0000] {dag.py:4180} INFO - Setting next_dagrun for dataset_s3_bucket_consumer_with_no_taskflow to None, run_after=None
[2024-11-03T00:58:12.298+0000] {logging_mixin.py:190} INFO - [2024-11-03T00:58:12.298+0000] {dag.py:4180} INFO - Setting next_dagrun for dataset_s3_bucket_producer_with_no_taskflow to None, run_after=None
[2024-11-03T00:58:12.316+0000] {processor.py:208} INFO - Processing /home/airflow/.local/lib/python3.12/site-packages/airflow/example_dags/example_dataset_alias_with_no_taskflow.py took 0.204 seconds
[2024-11-03T00:58:42.473+0000] {processor.py:186} INFO - Started process (PID=1403) to work on /home/airflow/.local/lib/python3.12/site-packages/airflow/example_dags/example_dataset_alias_with_no_taskflow.py
[2024-11-03T00:58:42.474+0000] {processor.py:914} INFO - Processing file /home/airflow/.local/lib/python3.12/site-packages/airflow/example_dags/example_dataset_alias_with_no_taskflow.py for tasks to queue
[2024-11-03T00:58:42.475+0000] {logging_mixin.py:190} INFO - [2024-11-03T00:58:42.475+0000] {dagbag.py:588} INFO - Filling up the DagBag from /home/airflow/.local/lib/python3.12/site-packages/airflow/example_dags/example_dataset_alias_with_no_taskflow.py
[2024-11-03T00:58:42.610+0000] {processor.py:925} INFO - DAG(s) 'dataset_s3_bucket_producer_with_no_taskflow', 'dataset_s3_bucket_consumer_with_no_taskflow', 'dataset_alias_example_alias_consumer_with_no_taskflow', 'dataset_alias_example_alias_producer_with_no_taskflow' retrieved from /home/airflow/.local/lib/python3.12/site-packages/airflow/example_dags/example_dataset_alias_with_no_taskflow.py
[2024-11-03T00:58:42.630+0000] {logging_mixin.py:190} INFO - [2024-11-03T00:58:42.630+0000] {dag.py:3239} INFO - Sync 4 DAGs
[2024-11-03T00:58:42.649+0000] {logging_mixin.py:190} INFO - [2024-11-03T00:58:42.649+0000] {dag.py:4180} INFO - Setting next_dagrun for dataset_alias_example_alias_consumer_with_no_taskflow to None, run_after=None
[2024-11-03T00:58:42.651+0000] {logging_mixin.py:190} INFO - [2024-11-03T00:58:42.651+0000] {dag.py:4180} INFO - Setting next_dagrun for dataset_alias_example_alias_producer_with_no_taskflow to None, run_after=None
[2024-11-03T00:58:42.652+0000] {logging_mixin.py:190} INFO - [2024-11-03T00:58:42.652+0000] {dag.py:4180} INFO - Setting next_dagrun for dataset_s3_bucket_consumer_with_no_taskflow to None, run_after=None
[2024-11-03T00:58:42.653+0000] {logging_mixin.py:190} INFO - [2024-11-03T00:58:42.653+0000] {dag.py:4180} INFO - Setting next_dagrun for dataset_s3_bucket_producer_with_no_taskflow to None, run_after=None
[2024-11-03T00:58:42.670+0000] {processor.py:208} INFO - Processing /home/airflow/.local/lib/python3.12/site-packages/airflow/example_dags/example_dataset_alias_with_no_taskflow.py took 0.203 seconds
[2024-11-03T00:59:12.775+0000] {processor.py:186} INFO - Started process (PID=1468) to work on /home/airflow/.local/lib/python3.12/site-packages/airflow/example_dags/example_dataset_alias_with_no_taskflow.py
[2024-11-03T00:59:12.776+0000] {processor.py:914} INFO - Processing file /home/airflow/.local/lib/python3.12/site-packages/airflow/example_dags/example_dataset_alias_with_no_taskflow.py for tasks to queue
[2024-11-03T00:59:12.777+0000] {logging_mixin.py:190} INFO - [2024-11-03T00:59:12.777+0000] {dagbag.py:588} INFO - Filling up the DagBag from /home/airflow/.local/lib/python3.12/site-packages/airflow/example_dags/example_dataset_alias_with_no_taskflow.py
[2024-11-03T00:59:12.905+0000] {processor.py:925} INFO - DAG(s) 'dataset_s3_bucket_producer_with_no_taskflow', 'dataset_s3_bucket_consumer_with_no_taskflow', 'dataset_alias_example_alias_consumer_with_no_taskflow', 'dataset_alias_example_alias_producer_with_no_taskflow' retrieved from /home/airflow/.local/lib/python3.12/site-packages/airflow/example_dags/example_dataset_alias_with_no_taskflow.py
[2024-11-03T00:59:12.923+0000] {logging_mixin.py:190} INFO - [2024-11-03T00:59:12.923+0000] {dag.py:3239} INFO - Sync 4 DAGs
[2024-11-03T00:59:12.943+0000] {logging_mixin.py:190} INFO - [2024-11-03T00:59:12.943+0000] {dag.py:4180} INFO - Setting next_dagrun for dataset_alias_example_alias_consumer_with_no_taskflow to None, run_after=None
[2024-11-03T00:59:12.946+0000] {logging_mixin.py:190} INFO - [2024-11-03T00:59:12.946+0000] {dag.py:4180} INFO - Setting next_dagrun for dataset_alias_example_alias_producer_with_no_taskflow to None, run_after=None
[2024-11-03T00:59:12.947+0000] {logging_mixin.py:190} INFO - [2024-11-03T00:59:12.947+0000] {dag.py:4180} INFO - Setting next_dagrun for dataset_s3_bucket_consumer_with_no_taskflow to None, run_after=None
[2024-11-03T00:59:12.948+0000] {logging_mixin.py:190} INFO - [2024-11-03T00:59:12.948+0000] {dag.py:4180} INFO - Setting next_dagrun for dataset_s3_bucket_producer_with_no_taskflow to None, run_after=None
[2024-11-03T00:59:12.964+0000] {processor.py:208} INFO - Processing /home/airflow/.local/lib/python3.12/site-packages/airflow/example_dags/example_dataset_alias_with_no_taskflow.py took 0.194 seconds
[2024-11-03T00:59:43.157+0000] {processor.py:186} INFO - Started process (PID=1529) to work on /home/airflow/.local/lib/python3.12/site-packages/airflow/example_dags/example_dataset_alias_with_no_taskflow.py
[2024-11-03T00:59:43.158+0000] {processor.py:914} INFO - Processing file /home/airflow/.local/lib/python3.12/site-packages/airflow/example_dags/example_dataset_alias_with_no_taskflow.py for tasks to queue
[2024-11-03T00:59:43.160+0000] {logging_mixin.py:190} INFO - [2024-11-03T00:59:43.159+0000] {dagbag.py:588} INFO - Filling up the DagBag from /home/airflow/.local/lib/python3.12/site-packages/airflow/example_dags/example_dataset_alias_with_no_taskflow.py
[2024-11-03T00:59:43.296+0000] {processor.py:925} INFO - DAG(s) 'dataset_alias_example_alias_consumer_with_no_taskflow', 'dataset_s3_bucket_producer_with_no_taskflow', 'dataset_s3_bucket_consumer_with_no_taskflow', 'dataset_alias_example_alias_producer_with_no_taskflow' retrieved from /home/airflow/.local/lib/python3.12/site-packages/airflow/example_dags/example_dataset_alias_with_no_taskflow.py
[2024-11-03T00:59:43.314+0000] {logging_mixin.py:190} INFO - [2024-11-03T00:59:43.314+0000] {dag.py:3239} INFO - Sync 4 DAGs
[2024-11-03T00:59:43.336+0000] {logging_mixin.py:190} INFO - [2024-11-03T00:59:43.336+0000] {dag.py:4180} INFO - Setting next_dagrun for dataset_alias_example_alias_consumer_with_no_taskflow to None, run_after=None
[2024-11-03T00:59:43.339+0000] {logging_mixin.py:190} INFO - [2024-11-03T00:59:43.339+0000] {dag.py:4180} INFO - Setting next_dagrun for dataset_alias_example_alias_producer_with_no_taskflow to None, run_after=None
[2024-11-03T00:59:43.340+0000] {logging_mixin.py:190} INFO - [2024-11-03T00:59:43.340+0000] {dag.py:4180} INFO - Setting next_dagrun for dataset_s3_bucket_consumer_with_no_taskflow to None, run_after=None
[2024-11-03T00:59:43.341+0000] {logging_mixin.py:190} INFO - [2024-11-03T00:59:43.341+0000] {dag.py:4180} INFO - Setting next_dagrun for dataset_s3_bucket_producer_with_no_taskflow to None, run_after=None
[2024-11-03T00:59:43.359+0000] {processor.py:208} INFO - Processing /home/airflow/.local/lib/python3.12/site-packages/airflow/example_dags/example_dataset_alias_with_no_taskflow.py took 0.206 seconds
[2024-11-03T01:00:13.482+0000] {processor.py:186} INFO - Started process (PID=1594) to work on /home/airflow/.local/lib/python3.12/site-packages/airflow/example_dags/example_dataset_alias_with_no_taskflow.py
[2024-11-03T01:00:13.483+0000] {processor.py:914} INFO - Processing file /home/airflow/.local/lib/python3.12/site-packages/airflow/example_dags/example_dataset_alias_with_no_taskflow.py for tasks to queue
[2024-11-03T01:00:13.485+0000] {logging_mixin.py:190} INFO - [2024-11-03T01:00:13.485+0000] {dagbag.py:588} INFO - Filling up the DagBag from /home/airflow/.local/lib/python3.12/site-packages/airflow/example_dags/example_dataset_alias_with_no_taskflow.py
[2024-11-03T01:00:13.616+0000] {processor.py:925} INFO - DAG(s) 'dataset_s3_bucket_producer_with_no_taskflow', 'dataset_s3_bucket_consumer_with_no_taskflow', 'dataset_alias_example_alias_producer_with_no_taskflow', 'dataset_alias_example_alias_consumer_with_no_taskflow' retrieved from /home/airflow/.local/lib/python3.12/site-packages/airflow/example_dags/example_dataset_alias_with_no_taskflow.py
[2024-11-03T01:00:13.638+0000] {logging_mixin.py:190} INFO - [2024-11-03T01:00:13.638+0000] {dag.py:3239} INFO - Sync 4 DAGs
[2024-11-03T01:00:13.663+0000] {logging_mixin.py:190} INFO - [2024-11-03T01:00:13.663+0000] {dag.py:4180} INFO - Setting next_dagrun for dataset_alias_example_alias_consumer_with_no_taskflow to None, run_after=None
[2024-11-03T01:00:13.847+0000] {logging_mixin.py:190} INFO - [2024-11-03T01:00:13.846+0000] {dag.py:4180} INFO - Setting next_dagrun for dataset_alias_example_alias_producer_with_no_taskflow to None, run_after=None
[2024-11-03T01:00:13.848+0000] {logging_mixin.py:190} INFO - [2024-11-03T01:00:13.848+0000] {dag.py:4180} INFO - Setting next_dagrun for dataset_s3_bucket_consumer_with_no_taskflow to None, run_after=None
[2024-11-03T01:00:13.850+0000] {logging_mixin.py:190} INFO - [2024-11-03T01:00:13.850+0000] {dag.py:4180} INFO - Setting next_dagrun for dataset_s3_bucket_producer_with_no_taskflow to None, run_after=None
[2024-11-03T01:00:13.872+0000] {processor.py:208} INFO - Processing /home/airflow/.local/lib/python3.12/site-packages/airflow/example_dags/example_dataset_alias_with_no_taskflow.py took 0.395 seconds
[2024-11-03T01:00:44.081+0000] {processor.py:186} INFO - Started process (PID=1655) to work on /home/airflow/.local/lib/python3.12/site-packages/airflow/example_dags/example_dataset_alias_with_no_taskflow.py
[2024-11-03T01:00:44.082+0000] {processor.py:914} INFO - Processing file /home/airflow/.local/lib/python3.12/site-packages/airflow/example_dags/example_dataset_alias_with_no_taskflow.py for tasks to queue
[2024-11-03T01:00:44.083+0000] {logging_mixin.py:190} INFO - [2024-11-03T01:00:44.083+0000] {dagbag.py:588} INFO - Filling up the DagBag from /home/airflow/.local/lib/python3.12/site-packages/airflow/example_dags/example_dataset_alias_with_no_taskflow.py
[2024-11-03T01:00:44.220+0000] {processor.py:925} INFO - DAG(s) 'dataset_s3_bucket_producer_with_no_taskflow', 'dataset_alias_example_alias_consumer_with_no_taskflow', 'dataset_alias_example_alias_producer_with_no_taskflow', 'dataset_s3_bucket_consumer_with_no_taskflow' retrieved from /home/airflow/.local/lib/python3.12/site-packages/airflow/example_dags/example_dataset_alias_with_no_taskflow.py
[2024-11-03T01:00:44.238+0000] {logging_mixin.py:190} INFO - [2024-11-03T01:00:44.237+0000] {dag.py:3239} INFO - Sync 4 DAGs
[2024-11-03T01:00:44.258+0000] {logging_mixin.py:190} INFO - [2024-11-03T01:00:44.258+0000] {dag.py:4180} INFO - Setting next_dagrun for dataset_alias_example_alias_consumer_with_no_taskflow to None, run_after=None
[2024-11-03T01:00:44.260+0000] {logging_mixin.py:190} INFO - [2024-11-03T01:00:44.260+0000] {dag.py:4180} INFO - Setting next_dagrun for dataset_alias_example_alias_producer_with_no_taskflow to None, run_after=None
[2024-11-03T01:00:44.262+0000] {logging_mixin.py:190} INFO - [2024-11-03T01:00:44.261+0000] {dag.py:4180} INFO - Setting next_dagrun for dataset_s3_bucket_consumer_with_no_taskflow to None, run_after=None
[2024-11-03T01:00:44.263+0000] {logging_mixin.py:190} INFO - [2024-11-03T01:00:44.263+0000] {dag.py:4180} INFO - Setting next_dagrun for dataset_s3_bucket_producer_with_no_taskflow to None, run_after=None
[2024-11-03T01:00:44.283+0000] {processor.py:208} INFO - Processing /home/airflow/.local/lib/python3.12/site-packages/airflow/example_dags/example_dataset_alias_with_no_taskflow.py took 0.208 seconds
[2024-11-03T01:01:14.577+0000] {processor.py:186} INFO - Started process (PID=1718) to work on /home/airflow/.local/lib/python3.12/site-packages/airflow/example_dags/example_dataset_alias_with_no_taskflow.py
[2024-11-03T01:01:14.577+0000] {processor.py:914} INFO - Processing file /home/airflow/.local/lib/python3.12/site-packages/airflow/example_dags/example_dataset_alias_with_no_taskflow.py for tasks to queue
[2024-11-03T01:01:14.579+0000] {logging_mixin.py:190} INFO - [2024-11-03T01:01:14.579+0000] {dagbag.py:588} INFO - Filling up the DagBag from /home/airflow/.local/lib/python3.12/site-packages/airflow/example_dags/example_dataset_alias_with_no_taskflow.py
[2024-11-03T01:01:14.710+0000] {processor.py:925} INFO - DAG(s) 'dataset_s3_bucket_producer_with_no_taskflow', 'dataset_s3_bucket_consumer_with_no_taskflow', 'dataset_alias_example_alias_producer_with_no_taskflow', 'dataset_alias_example_alias_consumer_with_no_taskflow' retrieved from /home/airflow/.local/lib/python3.12/site-packages/airflow/example_dags/example_dataset_alias_with_no_taskflow.py
[2024-11-03T01:01:14.730+0000] {logging_mixin.py:190} INFO - [2024-11-03T01:01:14.729+0000] {dag.py:3239} INFO - Sync 4 DAGs
[2024-11-03T01:01:14.750+0000] {logging_mixin.py:190} INFO - [2024-11-03T01:01:14.749+0000] {dag.py:4180} INFO - Setting next_dagrun for dataset_alias_example_alias_consumer_with_no_taskflow to None, run_after=None
[2024-11-03T01:01:14.752+0000] {logging_mixin.py:190} INFO - [2024-11-03T01:01:14.752+0000] {dag.py:4180} INFO - Setting next_dagrun for dataset_alias_example_alias_producer_with_no_taskflow to None, run_after=None
[2024-11-03T01:01:14.753+0000] {logging_mixin.py:190} INFO - [2024-11-03T01:01:14.753+0000] {dag.py:4180} INFO - Setting next_dagrun for dataset_s3_bucket_consumer_with_no_taskflow to None, run_after=None
[2024-11-03T01:01:14.754+0000] {logging_mixin.py:190} INFO - [2024-11-03T01:01:14.754+0000] {dag.py:4180} INFO - Setting next_dagrun for dataset_s3_bucket_producer_with_no_taskflow to None, run_after=None
[2024-11-03T01:01:14.771+0000] {processor.py:208} INFO - Processing /home/airflow/.local/lib/python3.12/site-packages/airflow/example_dags/example_dataset_alias_with_no_taskflow.py took 0.199 seconds
[2024-11-03T01:01:45.143+0000] {processor.py:186} INFO - Started process (PID=1781) to work on /home/airflow/.local/lib/python3.12/site-packages/airflow/example_dags/example_dataset_alias_with_no_taskflow.py
[2024-11-03T01:01:45.143+0000] {processor.py:914} INFO - Processing file /home/airflow/.local/lib/python3.12/site-packages/airflow/example_dags/example_dataset_alias_with_no_taskflow.py for tasks to queue
[2024-11-03T01:01:45.145+0000] {logging_mixin.py:190} INFO - [2024-11-03T01:01:45.145+0000] {dagbag.py:588} INFO - Filling up the DagBag from /home/airflow/.local/lib/python3.12/site-packages/airflow/example_dags/example_dataset_alias_with_no_taskflow.py
[2024-11-03T01:01:45.277+0000] {processor.py:925} INFO - DAG(s) 'dataset_s3_bucket_consumer_with_no_taskflow', 'dataset_alias_example_alias_producer_with_no_taskflow', 'dataset_s3_bucket_producer_with_no_taskflow', 'dataset_alias_example_alias_consumer_with_no_taskflow' retrieved from /home/airflow/.local/lib/python3.12/site-packages/airflow/example_dags/example_dataset_alias_with_no_taskflow.py
[2024-11-03T01:01:45.295+0000] {logging_mixin.py:190} INFO - [2024-11-03T01:01:45.295+0000] {dag.py:3239} INFO - Sync 4 DAGs
[2024-11-03T01:01:45.315+0000] {logging_mixin.py:190} INFO - [2024-11-03T01:01:45.314+0000] {dag.py:4180} INFO - Setting next_dagrun for dataset_alias_example_alias_consumer_with_no_taskflow to None, run_after=None
[2024-11-03T01:01:45.317+0000] {logging_mixin.py:190} INFO - [2024-11-03T01:01:45.317+0000] {dag.py:4180} INFO - Setting next_dagrun for dataset_alias_example_alias_producer_with_no_taskflow to None, run_after=None
[2024-11-03T01:01:45.318+0000] {logging_mixin.py:190} INFO - [2024-11-03T01:01:45.318+0000] {dag.py:4180} INFO - Setting next_dagrun for dataset_s3_bucket_consumer_with_no_taskflow to None, run_after=None
[2024-11-03T01:01:45.319+0000] {logging_mixin.py:190} INFO - [2024-11-03T01:01:45.319+0000] {dag.py:4180} INFO - Setting next_dagrun for dataset_s3_bucket_producer_with_no_taskflow to None, run_after=None
[2024-11-03T01:01:45.337+0000] {processor.py:208} INFO - Processing /home/airflow/.local/lib/python3.12/site-packages/airflow/example_dags/example_dataset_alias_with_no_taskflow.py took 0.199 seconds
[2024-11-03T01:02:15.526+0000] {processor.py:186} INFO - Started process (PID=1844) to work on /home/airflow/.local/lib/python3.12/site-packages/airflow/example_dags/example_dataset_alias_with_no_taskflow.py
[2024-11-03T01:02:15.527+0000] {processor.py:914} INFO - Processing file /home/airflow/.local/lib/python3.12/site-packages/airflow/example_dags/example_dataset_alias_with_no_taskflow.py for tasks to queue
[2024-11-03T01:02:15.529+0000] {logging_mixin.py:190} INFO - [2024-11-03T01:02:15.529+0000] {dagbag.py:588} INFO - Filling up the DagBag from /home/airflow/.local/lib/python3.12/site-packages/airflow/example_dags/example_dataset_alias_with_no_taskflow.py
[2024-11-03T01:02:15.656+0000] {processor.py:925} INFO - DAG(s) 'dataset_s3_bucket_producer_with_no_taskflow', 'dataset_alias_example_alias_consumer_with_no_taskflow', 'dataset_alias_example_alias_producer_with_no_taskflow', 'dataset_s3_bucket_consumer_with_no_taskflow' retrieved from /home/airflow/.local/lib/python3.12/site-packages/airflow/example_dags/example_dataset_alias_with_no_taskflow.py
[2024-11-03T01:02:15.675+0000] {logging_mixin.py:190} INFO - [2024-11-03T01:02:15.674+0000] {dag.py:3239} INFO - Sync 4 DAGs
[2024-11-03T01:02:15.694+0000] {logging_mixin.py:190} INFO - [2024-11-03T01:02:15.694+0000] {dag.py:4180} INFO - Setting next_dagrun for dataset_alias_example_alias_consumer_with_no_taskflow to None, run_after=None
[2024-11-03T01:02:15.697+0000] {logging_mixin.py:190} INFO - [2024-11-03T01:02:15.696+0000] {dag.py:4180} INFO - Setting next_dagrun for dataset_alias_example_alias_producer_with_no_taskflow to None, run_after=None
[2024-11-03T01:02:15.698+0000] {logging_mixin.py:190} INFO - [2024-11-03T01:02:15.698+0000] {dag.py:4180} INFO - Setting next_dagrun for dataset_s3_bucket_consumer_with_no_taskflow to None, run_after=None
[2024-11-03T01:02:15.699+0000] {logging_mixin.py:190} INFO - [2024-11-03T01:02:15.699+0000] {dag.py:4180} INFO - Setting next_dagrun for dataset_s3_bucket_producer_with_no_taskflow to None, run_after=None
[2024-11-03T01:02:15.716+0000] {processor.py:208} INFO - Processing /home/airflow/.local/lib/python3.12/site-packages/airflow/example_dags/example_dataset_alias_with_no_taskflow.py took 0.194 seconds
[2024-11-03T01:02:45.798+0000] {processor.py:186} INFO - Started process (PID=1907) to work on /home/airflow/.local/lib/python3.12/site-packages/airflow/example_dags/example_dataset_alias_with_no_taskflow.py
[2024-11-03T01:02:45.798+0000] {processor.py:914} INFO - Processing file /home/airflow/.local/lib/python3.12/site-packages/airflow/example_dags/example_dataset_alias_with_no_taskflow.py for tasks to queue
[2024-11-03T01:02:45.800+0000] {logging_mixin.py:190} INFO - [2024-11-03T01:02:45.800+0000] {dagbag.py:588} INFO - Filling up the DagBag from /home/airflow/.local/lib/python3.12/site-packages/airflow/example_dags/example_dataset_alias_with_no_taskflow.py
[2024-11-03T01:02:45.926+0000] {processor.py:925} INFO - DAG(s) 'dataset_s3_bucket_consumer_with_no_taskflow', 'dataset_alias_example_alias_producer_with_no_taskflow', 'dataset_alias_example_alias_consumer_with_no_taskflow', 'dataset_s3_bucket_producer_with_no_taskflow' retrieved from /home/airflow/.local/lib/python3.12/site-packages/airflow/example_dags/example_dataset_alias_with_no_taskflow.py
[2024-11-03T01:02:45.944+0000] {logging_mixin.py:190} INFO - [2024-11-03T01:02:45.944+0000] {dag.py:3239} INFO - Sync 4 DAGs
[2024-11-03T01:02:45.971+0000] {logging_mixin.py:190} INFO - [2024-11-03T01:02:45.970+0000] {dag.py:4180} INFO - Setting next_dagrun for dataset_alias_example_alias_consumer_with_no_taskflow to None, run_after=None
[2024-11-03T01:02:45.973+0000] {logging_mixin.py:190} INFO - [2024-11-03T01:02:45.973+0000] {dag.py:4180} INFO - Setting next_dagrun for dataset_alias_example_alias_producer_with_no_taskflow to None, run_after=None
[2024-11-03T01:02:45.974+0000] {logging_mixin.py:190} INFO - [2024-11-03T01:02:45.974+0000] {dag.py:4180} INFO - Setting next_dagrun for dataset_s3_bucket_consumer_with_no_taskflow to None, run_after=None
[2024-11-03T01:02:45.975+0000] {logging_mixin.py:190} INFO - [2024-11-03T01:02:45.975+0000] {dag.py:4180} INFO - Setting next_dagrun for dataset_s3_bucket_producer_with_no_taskflow to None, run_after=None
[2024-11-03T01:02:45.993+0000] {processor.py:208} INFO - Processing /home/airflow/.local/lib/python3.12/site-packages/airflow/example_dags/example_dataset_alias_with_no_taskflow.py took 0.200 seconds
[2024-11-03T01:03:16.167+0000] {processor.py:186} INFO - Started process (PID=1970) to work on /home/airflow/.local/lib/python3.12/site-packages/airflow/example_dags/example_dataset_alias_with_no_taskflow.py
[2024-11-03T01:03:16.168+0000] {processor.py:914} INFO - Processing file /home/airflow/.local/lib/python3.12/site-packages/airflow/example_dags/example_dataset_alias_with_no_taskflow.py for tasks to queue
[2024-11-03T01:03:16.170+0000] {logging_mixin.py:190} INFO - [2024-11-03T01:03:16.170+0000] {dagbag.py:588} INFO - Filling up the DagBag from /home/airflow/.local/lib/python3.12/site-packages/airflow/example_dags/example_dataset_alias_with_no_taskflow.py
[2024-11-03T01:03:16.300+0000] {processor.py:925} INFO - DAG(s) 'dataset_alias_example_alias_producer_with_no_taskflow', 'dataset_s3_bucket_consumer_with_no_taskflow', 'dataset_s3_bucket_producer_with_no_taskflow', 'dataset_alias_example_alias_consumer_with_no_taskflow' retrieved from /home/airflow/.local/lib/python3.12/site-packages/airflow/example_dags/example_dataset_alias_with_no_taskflow.py
[2024-11-03T01:03:16.319+0000] {logging_mixin.py:190} INFO - [2024-11-03T01:03:16.319+0000] {dag.py:3239} INFO - Sync 4 DAGs
[2024-11-03T01:03:16.524+0000] {logging_mixin.py:190} INFO - [2024-11-03T01:03:16.523+0000] {dag.py:4180} INFO - Setting next_dagrun for dataset_alias_example_alias_consumer_with_no_taskflow to None, run_after=None
[2024-11-03T01:03:16.527+0000] {logging_mixin.py:190} INFO - [2024-11-03T01:03:16.527+0000] {dag.py:4180} INFO - Setting next_dagrun for dataset_alias_example_alias_producer_with_no_taskflow to None, run_after=None
[2024-11-03T01:03:16.529+0000] {logging_mixin.py:190} INFO - [2024-11-03T01:03:16.529+0000] {dag.py:4180} INFO - Setting next_dagrun for dataset_s3_bucket_consumer_with_no_taskflow to None, run_after=None
[2024-11-03T01:03:16.530+0000] {logging_mixin.py:190} INFO - [2024-11-03T01:03:16.530+0000] {dag.py:4180} INFO - Setting next_dagrun for dataset_s3_bucket_producer_with_no_taskflow to None, run_after=None
[2024-11-03T01:03:16.549+0000] {processor.py:208} INFO - Processing /home/airflow/.local/lib/python3.12/site-packages/airflow/example_dags/example_dataset_alias_with_no_taskflow.py took 0.386 seconds
[2024-11-03T01:03:46.777+0000] {processor.py:186} INFO - Started process (PID=2033) to work on /home/airflow/.local/lib/python3.12/site-packages/airflow/example_dags/example_dataset_alias_with_no_taskflow.py
[2024-11-03T01:03:46.778+0000] {processor.py:914} INFO - Processing file /home/airflow/.local/lib/python3.12/site-packages/airflow/example_dags/example_dataset_alias_with_no_taskflow.py for tasks to queue
[2024-11-03T01:03:46.780+0000] {logging_mixin.py:190} INFO - [2024-11-03T01:03:46.779+0000] {dagbag.py:588} INFO - Filling up the DagBag from /home/airflow/.local/lib/python3.12/site-packages/airflow/example_dags/example_dataset_alias_with_no_taskflow.py
[2024-11-03T01:03:46.921+0000] {processor.py:925} INFO - DAG(s) 'dataset_s3_bucket_producer_with_no_taskflow', 'dataset_alias_example_alias_producer_with_no_taskflow', 'dataset_alias_example_alias_consumer_with_no_taskflow', 'dataset_s3_bucket_consumer_with_no_taskflow' retrieved from /home/airflow/.local/lib/python3.12/site-packages/airflow/example_dags/example_dataset_alias_with_no_taskflow.py
[2024-11-03T01:03:46.943+0000] {logging_mixin.py:190} INFO - [2024-11-03T01:03:46.943+0000] {dag.py:3239} INFO - Sync 4 DAGs
[2024-11-03T01:03:47.149+0000] {logging_mixin.py:190} INFO - [2024-11-03T01:03:47.149+0000] {dag.py:4180} INFO - Setting next_dagrun for dataset_alias_example_alias_consumer_with_no_taskflow to None, run_after=None
[2024-11-03T01:03:47.152+0000] {logging_mixin.py:190} INFO - [2024-11-03T01:03:47.152+0000] {dag.py:4180} INFO - Setting next_dagrun for dataset_alias_example_alias_producer_with_no_taskflow to None, run_after=None
[2024-11-03T01:03:47.154+0000] {logging_mixin.py:190} INFO - [2024-11-03T01:03:47.154+0000] {dag.py:4180} INFO - Setting next_dagrun for dataset_s3_bucket_consumer_with_no_taskflow to None, run_after=None
[2024-11-03T01:03:47.155+0000] {logging_mixin.py:190} INFO - [2024-11-03T01:03:47.155+0000] {dag.py:4180} INFO - Setting next_dagrun for dataset_s3_bucket_producer_with_no_taskflow to None, run_after=None
[2024-11-03T01:03:47.174+0000] {processor.py:208} INFO - Processing /home/airflow/.local/lib/python3.12/site-packages/airflow/example_dags/example_dataset_alias_with_no_taskflow.py took 0.402 seconds
[2024-11-03T01:04:17.687+0000] {processor.py:186} INFO - Started process (PID=2096) to work on /home/airflow/.local/lib/python3.12/site-packages/airflow/example_dags/example_dataset_alias_with_no_taskflow.py
[2024-11-03T01:04:17.688+0000] {processor.py:914} INFO - Processing file /home/airflow/.local/lib/python3.12/site-packages/airflow/example_dags/example_dataset_alias_with_no_taskflow.py for tasks to queue
[2024-11-03T01:04:17.690+0000] {logging_mixin.py:190} INFO - [2024-11-03T01:04:17.690+0000] {dagbag.py:588} INFO - Filling up the DagBag from /home/airflow/.local/lib/python3.12/site-packages/airflow/example_dags/example_dataset_alias_with_no_taskflow.py
[2024-11-03T01:04:17.820+0000] {processor.py:925} INFO - DAG(s) 'dataset_alias_example_alias_producer_with_no_taskflow', 'dataset_s3_bucket_consumer_with_no_taskflow', 'dataset_s3_bucket_producer_with_no_taskflow', 'dataset_alias_example_alias_consumer_with_no_taskflow' retrieved from /home/airflow/.local/lib/python3.12/site-packages/airflow/example_dags/example_dataset_alias_with_no_taskflow.py
[2024-11-03T01:04:17.837+0000] {logging_mixin.py:190} INFO - [2024-11-03T01:04:17.837+0000] {dag.py:3239} INFO - Sync 4 DAGs
[2024-11-03T01:04:17.857+0000] {logging_mixin.py:190} INFO - [2024-11-03T01:04:17.857+0000] {dag.py:4180} INFO - Setting next_dagrun for dataset_alias_example_alias_consumer_with_no_taskflow to None, run_after=None
[2024-11-03T01:04:17.861+0000] {logging_mixin.py:190} INFO - [2024-11-03T01:04:17.861+0000] {dag.py:4180} INFO - Setting next_dagrun for dataset_alias_example_alias_producer_with_no_taskflow to None, run_after=None
[2024-11-03T01:04:17.862+0000] {logging_mixin.py:190} INFO - [2024-11-03T01:04:17.862+0000] {dag.py:4180} INFO - Setting next_dagrun for dataset_s3_bucket_consumer_with_no_taskflow to None, run_after=None
[2024-11-03T01:04:17.863+0000] {logging_mixin.py:190} INFO - [2024-11-03T01:04:17.863+0000] {dag.py:4180} INFO - Setting next_dagrun for dataset_s3_bucket_producer_with_no_taskflow to None, run_after=None
[2024-11-03T01:04:18.052+0000] {processor.py:208} INFO - Processing /home/airflow/.local/lib/python3.12/site-packages/airflow/example_dags/example_dataset_alias_with_no_taskflow.py took 0.369 seconds
[2024-11-03T01:04:48.338+0000] {processor.py:186} INFO - Started process (PID=2159) to work on /home/airflow/.local/lib/python3.12/site-packages/airflow/example_dags/example_dataset_alias_with_no_taskflow.py
[2024-11-03T01:04:48.339+0000] {processor.py:914} INFO - Processing file /home/airflow/.local/lib/python3.12/site-packages/airflow/example_dags/example_dataset_alias_with_no_taskflow.py for tasks to queue
[2024-11-03T01:04:48.341+0000] {logging_mixin.py:190} INFO - [2024-11-03T01:04:48.341+0000] {dagbag.py:588} INFO - Filling up the DagBag from /home/airflow/.local/lib/python3.12/site-packages/airflow/example_dags/example_dataset_alias_with_no_taskflow.py
[2024-11-03T01:04:48.479+0000] {processor.py:925} INFO - DAG(s) 'dataset_s3_bucket_producer_with_no_taskflow', 'dataset_alias_example_alias_producer_with_no_taskflow', 'dataset_alias_example_alias_consumer_with_no_taskflow', 'dataset_s3_bucket_consumer_with_no_taskflow' retrieved from /home/airflow/.local/lib/python3.12/site-packages/airflow/example_dags/example_dataset_alias_with_no_taskflow.py
[2024-11-03T01:04:48.499+0000] {logging_mixin.py:190} INFO - [2024-11-03T01:04:48.499+0000] {dag.py:3239} INFO - Sync 4 DAGs
[2024-11-03T01:04:48.521+0000] {logging_mixin.py:190} INFO - [2024-11-03T01:04:48.520+0000] {dag.py:4180} INFO - Setting next_dagrun for dataset_alias_example_alias_consumer_with_no_taskflow to None, run_after=None
[2024-11-03T01:04:48.523+0000] {logging_mixin.py:190} INFO - [2024-11-03T01:04:48.523+0000] {dag.py:4180} INFO - Setting next_dagrun for dataset_alias_example_alias_producer_with_no_taskflow to None, run_after=None
[2024-11-03T01:04:48.524+0000] {logging_mixin.py:190} INFO - [2024-11-03T01:04:48.524+0000] {dag.py:4180} INFO - Setting next_dagrun for dataset_s3_bucket_consumer_with_no_taskflow to None, run_after=None
[2024-11-03T01:04:48.525+0000] {logging_mixin.py:190} INFO - [2024-11-03T01:04:48.525+0000] {dag.py:4180} INFO - Setting next_dagrun for dataset_s3_bucket_producer_with_no_taskflow to None, run_after=None
[2024-11-03T01:04:48.545+0000] {processor.py:208} INFO - Processing /home/airflow/.local/lib/python3.12/site-packages/airflow/example_dags/example_dataset_alias_with_no_taskflow.py took 0.211 seconds
[2024-11-03T01:05:18.899+0000] {processor.py:186} INFO - Started process (PID=2222) to work on /home/airflow/.local/lib/python3.12/site-packages/airflow/example_dags/example_dataset_alias_with_no_taskflow.py
[2024-11-03T01:05:18.900+0000] {processor.py:914} INFO - Processing file /home/airflow/.local/lib/python3.12/site-packages/airflow/example_dags/example_dataset_alias_with_no_taskflow.py for tasks to queue
[2024-11-03T01:05:18.902+0000] {logging_mixin.py:190} INFO - [2024-11-03T01:05:18.902+0000] {dagbag.py:588} INFO - Filling up the DagBag from /home/airflow/.local/lib/python3.12/site-packages/airflow/example_dags/example_dataset_alias_with_no_taskflow.py
[2024-11-03T01:05:19.189+0000] {processor.py:925} INFO - DAG(s) 'dataset_alias_example_alias_consumer_with_no_taskflow', 'dataset_s3_bucket_consumer_with_no_taskflow', 'dataset_alias_example_alias_producer_with_no_taskflow', 'dataset_s3_bucket_producer_with_no_taskflow' retrieved from /home/airflow/.local/lib/python3.12/site-packages/airflow/example_dags/example_dataset_alias_with_no_taskflow.py
[2024-11-03T01:05:19.205+0000] {logging_mixin.py:190} INFO - [2024-11-03T01:05:19.205+0000] {dag.py:3239} INFO - Sync 4 DAGs
[2024-11-03T01:05:19.222+0000] {logging_mixin.py:190} INFO - [2024-11-03T01:05:19.221+0000] {dag.py:4180} INFO - Setting next_dagrun for dataset_alias_example_alias_consumer_with_no_taskflow to None, run_after=None
[2024-11-03T01:05:19.224+0000] {logging_mixin.py:190} INFO - [2024-11-03T01:05:19.224+0000] {dag.py:4180} INFO - Setting next_dagrun for dataset_alias_example_alias_producer_with_no_taskflow to None, run_after=None
[2024-11-03T01:05:19.225+0000] {logging_mixin.py:190} INFO - [2024-11-03T01:05:19.225+0000] {dag.py:4180} INFO - Setting next_dagrun for dataset_s3_bucket_consumer_with_no_taskflow to None, run_after=None
[2024-11-03T01:05:19.226+0000] {logging_mixin.py:190} INFO - [2024-11-03T01:05:19.226+0000] {dag.py:4180} INFO - Setting next_dagrun for dataset_s3_bucket_producer_with_no_taskflow to None, run_after=None
[2024-11-03T01:05:19.245+0000] {processor.py:208} INFO - Processing /home/airflow/.local/lib/python3.12/site-packages/airflow/example_dags/example_dataset_alias_with_no_taskflow.py took 0.351 seconds
[2024-11-03T01:05:49.518+0000] {processor.py:186} INFO - Started process (PID=2285) to work on /home/airflow/.local/lib/python3.12/site-packages/airflow/example_dags/example_dataset_alias_with_no_taskflow.py
[2024-11-03T01:05:49.519+0000] {processor.py:914} INFO - Processing file /home/airflow/.local/lib/python3.12/site-packages/airflow/example_dags/example_dataset_alias_with_no_taskflow.py for tasks to queue
[2024-11-03T01:05:49.520+0000] {logging_mixin.py:190} INFO - [2024-11-03T01:05:49.520+0000] {dagbag.py:588} INFO - Filling up the DagBag from /home/airflow/.local/lib/python3.12/site-packages/airflow/example_dags/example_dataset_alias_with_no_taskflow.py
[2024-11-03T01:05:49.811+0000] {processor.py:925} INFO - DAG(s) 'dataset_alias_example_alias_consumer_with_no_taskflow', 'dataset_s3_bucket_consumer_with_no_taskflow', 'dataset_alias_example_alias_producer_with_no_taskflow', 'dataset_s3_bucket_producer_with_no_taskflow' retrieved from /home/airflow/.local/lib/python3.12/site-packages/airflow/example_dags/example_dataset_alias_with_no_taskflow.py
[2024-11-03T01:05:49.828+0000] {logging_mixin.py:190} INFO - [2024-11-03T01:05:49.828+0000] {dag.py:3239} INFO - Sync 4 DAGs
[2024-11-03T01:05:49.846+0000] {logging_mixin.py:190} INFO - [2024-11-03T01:05:49.846+0000] {dag.py:4180} INFO - Setting next_dagrun for dataset_alias_example_alias_consumer_with_no_taskflow to None, run_after=None
[2024-11-03T01:05:49.849+0000] {logging_mixin.py:190} INFO - [2024-11-03T01:05:49.848+0000] {dag.py:4180} INFO - Setting next_dagrun for dataset_alias_example_alias_producer_with_no_taskflow to None, run_after=None
[2024-11-03T01:05:49.850+0000] {logging_mixin.py:190} INFO - [2024-11-03T01:05:49.850+0000] {dag.py:4180} INFO - Setting next_dagrun for dataset_s3_bucket_consumer_with_no_taskflow to None, run_after=None
[2024-11-03T01:05:49.851+0000] {logging_mixin.py:190} INFO - [2024-11-03T01:05:49.851+0000] {dag.py:4180} INFO - Setting next_dagrun for dataset_s3_bucket_producer_with_no_taskflow to None, run_after=None
[2024-11-03T01:05:49.869+0000] {processor.py:208} INFO - Processing /home/airflow/.local/lib/python3.12/site-packages/airflow/example_dags/example_dataset_alias_with_no_taskflow.py took 0.356 seconds
[2024-11-03T01:06:20.134+0000] {processor.py:186} INFO - Started process (PID=2348) to work on /home/airflow/.local/lib/python3.12/site-packages/airflow/example_dags/example_dataset_alias_with_no_taskflow.py
[2024-11-03T01:06:20.135+0000] {processor.py:914} INFO - Processing file /home/airflow/.local/lib/python3.12/site-packages/airflow/example_dags/example_dataset_alias_with_no_taskflow.py for tasks to queue
[2024-11-03T01:06:20.137+0000] {logging_mixin.py:190} INFO - [2024-11-03T01:06:20.137+0000] {dagbag.py:588} INFO - Filling up the DagBag from /home/airflow/.local/lib/python3.12/site-packages/airflow/example_dags/example_dataset_alias_with_no_taskflow.py
[2024-11-03T01:06:20.283+0000] {processor.py:925} INFO - DAG(s) 'dataset_alias_example_alias_consumer_with_no_taskflow', 'dataset_alias_example_alias_producer_with_no_taskflow', 'dataset_s3_bucket_producer_with_no_taskflow', 'dataset_s3_bucket_consumer_with_no_taskflow' retrieved from /home/airflow/.local/lib/python3.12/site-packages/airflow/example_dags/example_dataset_alias_with_no_taskflow.py
[2024-11-03T01:06:20.469+0000] {logging_mixin.py:190} INFO - [2024-11-03T01:06:20.469+0000] {dag.py:3239} INFO - Sync 4 DAGs
[2024-11-03T01:06:20.489+0000] {logging_mixin.py:190} INFO - [2024-11-03T01:06:20.489+0000] {dag.py:4180} INFO - Setting next_dagrun for dataset_alias_example_alias_consumer_with_no_taskflow to None, run_after=None
[2024-11-03T01:06:20.492+0000] {logging_mixin.py:190} INFO - [2024-11-03T01:06:20.492+0000] {dag.py:4180} INFO - Setting next_dagrun for dataset_alias_example_alias_producer_with_no_taskflow to None, run_after=None
[2024-11-03T01:06:20.493+0000] {logging_mixin.py:190} INFO - [2024-11-03T01:06:20.493+0000] {dag.py:4180} INFO - Setting next_dagrun for dataset_s3_bucket_consumer_with_no_taskflow to None, run_after=None
[2024-11-03T01:06:20.494+0000] {logging_mixin.py:190} INFO - [2024-11-03T01:06:20.494+0000] {dag.py:4180} INFO - Setting next_dagrun for dataset_s3_bucket_producer_with_no_taskflow to None, run_after=None
[2024-11-03T01:06:20.513+0000] {processor.py:208} INFO - Processing /home/airflow/.local/lib/python3.12/site-packages/airflow/example_dags/example_dataset_alias_with_no_taskflow.py took 0.384 seconds
