[2024-11-03T00:00:02.241+0000] {processor.py:186} INFO - Started process (PID=767) to work on /home/airflow/.local/lib/python3.12/site-packages/airflow/example_dags/example_dataset_alias.py
[2024-11-03T00:00:02.242+0000] {processor.py:914} INFO - Processing file /home/airflow/.local/lib/python3.12/site-packages/airflow/example_dags/example_dataset_alias.py for tasks to queue
[2024-11-03T00:00:02.244+0000] {logging_mixin.py:190} INFO - [2024-11-03T00:00:02.243+0000] {dagbag.py:588} INFO - Filling up the DagBag from /home/airflow/.local/lib/python3.12/site-packages/airflow/example_dags/example_dataset_alias.py
[2024-11-03T00:00:02.376+0000] {processor.py:925} INFO - DAG(s) 'dataset_s3_bucket_consumer', 'dataset_alias_example_alias_producer', 'dataset_s3_bucket_producer', 'dataset_alias_example_alias_consumer' retrieved from /home/airflow/.local/lib/python3.12/site-packages/airflow/example_dags/example_dataset_alias.py
[2024-11-03T00:00:02.394+0000] {logging_mixin.py:190} INFO - [2024-11-03T00:00:02.393+0000] {dag.py:3239} INFO - Sync 4 DAGs
[2024-11-03T00:00:02.413+0000] {logging_mixin.py:190} INFO - [2024-11-03T00:00:02.413+0000] {dag.py:4180} INFO - Setting next_dagrun for dataset_alias_example_alias_consumer to None, run_after=None
[2024-11-03T00:00:02.417+0000] {logging_mixin.py:190} INFO - [2024-11-03T00:00:02.417+0000] {dag.py:4180} INFO - Setting next_dagrun for dataset_alias_example_alias_producer to None, run_after=None
[2024-11-03T00:00:02.418+0000] {logging_mixin.py:190} INFO - [2024-11-03T00:00:02.418+0000] {dag.py:4180} INFO - Setting next_dagrun for dataset_s3_bucket_consumer to None, run_after=None
[2024-11-03T00:00:02.419+0000] {logging_mixin.py:190} INFO - [2024-11-03T00:00:02.419+0000] {dag.py:4180} INFO - Setting next_dagrun for dataset_s3_bucket_producer to None, run_after=None
[2024-11-03T00:00:02.437+0000] {processor.py:208} INFO - Processing /home/airflow/.local/lib/python3.12/site-packages/airflow/example_dags/example_dataset_alias.py took 0.200 seconds
[2024-11-03T00:00:32.858+0000] {processor.py:186} INFO - Started process (PID=830) to work on /home/airflow/.local/lib/python3.12/site-packages/airflow/example_dags/example_dataset_alias.py
[2024-11-03T00:00:32.859+0000] {processor.py:914} INFO - Processing file /home/airflow/.local/lib/python3.12/site-packages/airflow/example_dags/example_dataset_alias.py for tasks to queue
[2024-11-03T00:00:32.861+0000] {logging_mixin.py:190} INFO - [2024-11-03T00:00:32.861+0000] {dagbag.py:588} INFO - Filling up the DagBag from /home/airflow/.local/lib/python3.12/site-packages/airflow/example_dags/example_dataset_alias.py
[2024-11-03T00:00:33.001+0000] {processor.py:925} INFO - DAG(s) 'dataset_alias_example_alias_producer', 'dataset_s3_bucket_producer', 'dataset_s3_bucket_consumer', 'dataset_alias_example_alias_consumer' retrieved from /home/airflow/.local/lib/python3.12/site-packages/airflow/example_dags/example_dataset_alias.py
[2024-11-03T00:00:33.018+0000] {logging_mixin.py:190} INFO - [2024-11-03T00:00:33.018+0000] {dag.py:3239} INFO - Sync 4 DAGs
[2024-11-03T00:00:33.039+0000] {logging_mixin.py:190} INFO - [2024-11-03T00:00:33.039+0000] {dag.py:4180} INFO - Setting next_dagrun for dataset_alias_example_alias_consumer to None, run_after=None
[2024-11-03T00:00:33.042+0000] {logging_mixin.py:190} INFO - [2024-11-03T00:00:33.042+0000] {dag.py:4180} INFO - Setting next_dagrun for dataset_alias_example_alias_producer to None, run_after=None
[2024-11-03T00:00:33.043+0000] {logging_mixin.py:190} INFO - [2024-11-03T00:00:33.043+0000] {dag.py:4180} INFO - Setting next_dagrun for dataset_s3_bucket_consumer to None, run_after=None
[2024-11-03T00:00:33.044+0000] {logging_mixin.py:190} INFO - [2024-11-03T00:00:33.044+0000] {dag.py:4180} INFO - Setting next_dagrun for dataset_s3_bucket_producer to None, run_after=None
[2024-11-03T00:00:33.064+0000] {processor.py:208} INFO - Processing /home/airflow/.local/lib/python3.12/site-packages/airflow/example_dags/example_dataset_alias.py took 0.211 seconds
[2024-11-03T00:01:03.587+0000] {processor.py:186} INFO - Started process (PID=895) to work on /home/airflow/.local/lib/python3.12/site-packages/airflow/example_dags/example_dataset_alias.py
[2024-11-03T00:01:03.588+0000] {processor.py:914} INFO - Processing file /home/airflow/.local/lib/python3.12/site-packages/airflow/example_dags/example_dataset_alias.py for tasks to queue
[2024-11-03T00:01:03.590+0000] {logging_mixin.py:190} INFO - [2024-11-03T00:01:03.590+0000] {dagbag.py:588} INFO - Filling up the DagBag from /home/airflow/.local/lib/python3.12/site-packages/airflow/example_dags/example_dataset_alias.py
[2024-11-03T00:01:03.720+0000] {processor.py:925} INFO - DAG(s) 'dataset_s3_bucket_producer', 'dataset_alias_example_alias_producer', 'dataset_alias_example_alias_consumer', 'dataset_s3_bucket_consumer' retrieved from /home/airflow/.local/lib/python3.12/site-packages/airflow/example_dags/example_dataset_alias.py
[2024-11-03T00:01:03.737+0000] {logging_mixin.py:190} INFO - [2024-11-03T00:01:03.737+0000] {dag.py:3239} INFO - Sync 4 DAGs
[2024-11-03T00:01:03.757+0000] {logging_mixin.py:190} INFO - [2024-11-03T00:01:03.757+0000] {dag.py:4180} INFO - Setting next_dagrun for dataset_alias_example_alias_consumer to None, run_after=None
[2024-11-03T00:01:03.759+0000] {logging_mixin.py:190} INFO - [2024-11-03T00:01:03.759+0000] {dag.py:4180} INFO - Setting next_dagrun for dataset_alias_example_alias_producer to None, run_after=None
[2024-11-03T00:01:03.760+0000] {logging_mixin.py:190} INFO - [2024-11-03T00:01:03.760+0000] {dag.py:4180} INFO - Setting next_dagrun for dataset_s3_bucket_consumer to None, run_after=None
[2024-11-03T00:01:03.761+0000] {logging_mixin.py:190} INFO - [2024-11-03T00:01:03.761+0000] {dag.py:4180} INFO - Setting next_dagrun for dataset_s3_bucket_producer to None, run_after=None
[2024-11-03T00:01:03.781+0000] {processor.py:208} INFO - Processing /home/airflow/.local/lib/python3.12/site-packages/airflow/example_dags/example_dataset_alias.py took 0.199 seconds
[2024-11-03T00:01:34.476+0000] {processor.py:186} INFO - Started process (PID=956) to work on /home/airflow/.local/lib/python3.12/site-packages/airflow/example_dags/example_dataset_alias.py
[2024-11-03T00:01:34.476+0000] {processor.py:914} INFO - Processing file /home/airflow/.local/lib/python3.12/site-packages/airflow/example_dags/example_dataset_alias.py for tasks to queue
[2024-11-03T00:01:34.478+0000] {logging_mixin.py:190} INFO - [2024-11-03T00:01:34.478+0000] {dagbag.py:588} INFO - Filling up the DagBag from /home/airflow/.local/lib/python3.12/site-packages/airflow/example_dags/example_dataset_alias.py
[2024-11-03T00:01:34.611+0000] {processor.py:925} INFO - DAG(s) 'dataset_alias_example_alias_consumer', 'dataset_s3_bucket_consumer', 'dataset_s3_bucket_producer', 'dataset_alias_example_alias_producer' retrieved from /home/airflow/.local/lib/python3.12/site-packages/airflow/example_dags/example_dataset_alias.py
[2024-11-03T00:01:34.627+0000] {logging_mixin.py:190} INFO - [2024-11-03T00:01:34.627+0000] {dag.py:3239} INFO - Sync 4 DAGs
[2024-11-03T00:01:34.649+0000] {logging_mixin.py:190} INFO - [2024-11-03T00:01:34.649+0000] {dag.py:4180} INFO - Setting next_dagrun for dataset_alias_example_alias_consumer to None, run_after=None
[2024-11-03T00:01:34.653+0000] {logging_mixin.py:190} INFO - [2024-11-03T00:01:34.652+0000] {dag.py:4180} INFO - Setting next_dagrun for dataset_alias_example_alias_producer to None, run_after=None
[2024-11-03T00:01:34.654+0000] {logging_mixin.py:190} INFO - [2024-11-03T00:01:34.654+0000] {dag.py:4180} INFO - Setting next_dagrun for dataset_s3_bucket_consumer to None, run_after=None
[2024-11-03T00:01:34.655+0000] {logging_mixin.py:190} INFO - [2024-11-03T00:01:34.655+0000] {dag.py:4180} INFO - Setting next_dagrun for dataset_s3_bucket_producer to None, run_after=None
[2024-11-03T00:01:34.677+0000] {processor.py:208} INFO - Processing /home/airflow/.local/lib/python3.12/site-packages/airflow/example_dags/example_dataset_alias.py took 0.206 seconds
[2024-11-03T00:48:00.910+0000] {processor.py:186} INFO - Started process (PID=66) to work on /home/airflow/.local/lib/python3.12/site-packages/airflow/example_dags/example_dataset_alias.py
[2024-11-03T00:48:00.911+0000] {processor.py:914} INFO - Processing file /home/airflow/.local/lib/python3.12/site-packages/airflow/example_dags/example_dataset_alias.py for tasks to queue
[2024-11-03T00:48:00.913+0000] {logging_mixin.py:190} INFO - [2024-11-03T00:48:00.913+0000] {dagbag.py:588} INFO - Filling up the DagBag from /home/airflow/.local/lib/python3.12/site-packages/airflow/example_dags/example_dataset_alias.py
[2024-11-03T00:48:01.519+0000] {processor.py:925} INFO - DAG(s) 'dataset_s3_bucket_consumer', 'dataset_s3_bucket_producer', 'dataset_alias_example_alias_consumer', 'dataset_alias_example_alias_producer' retrieved from /home/airflow/.local/lib/python3.12/site-packages/airflow/example_dags/example_dataset_alias.py
[2024-11-03T00:48:01.649+0000] {logging_mixin.py:190} INFO - [2024-11-03T00:48:01.649+0000] {override.py:1900} INFO - Created Permission View: can delete on DAG:dataset_s3_bucket_consumer
[2024-11-03T00:48:01.729+0000] {logging_mixin.py:190} INFO - [2024-11-03T00:48:01.729+0000] {override.py:1900} INFO - Created Permission View: can edit on DAG:dataset_s3_bucket_consumer
[2024-11-03T00:48:01.769+0000] {logging_mixin.py:190} INFO - [2024-11-03T00:48:01.768+0000] {override.py:1900} INFO - Created Permission View: can read on DAG:dataset_s3_bucket_consumer
[2024-11-03T00:48:01.815+0000] {logging_mixin.py:190} INFO - [2024-11-03T00:48:01.815+0000] {override.py:1900} INFO - Created Permission View: can create on DAG Run:dataset_s3_bucket_consumer
[2024-11-03T00:48:01.823+0000] {logging_mixin.py:190} INFO - [2024-11-03T00:48:01.823+0000] {override.py:1900} INFO - Created Permission View: can delete on DAG Run:dataset_s3_bucket_consumer
[2024-11-03T00:48:01.830+0000] {logging_mixin.py:190} INFO - [2024-11-03T00:48:01.830+0000] {override.py:1900} INFO - Created Permission View: menu access on DAG Run:dataset_s3_bucket_consumer
[2024-11-03T00:48:01.839+0000] {logging_mixin.py:190} INFO - [2024-11-03T00:48:01.838+0000] {override.py:1900} INFO - Created Permission View: can read on DAG Run:dataset_s3_bucket_consumer
[2024-11-03T00:48:01.907+0000] {logging_mixin.py:190} INFO - [2024-11-03T00:48:01.906+0000] {override.py:1900} INFO - Created Permission View: can delete on DAG:dataset_s3_bucket_producer
[2024-11-03T00:48:01.963+0000] {logging_mixin.py:190} INFO - [2024-11-03T00:48:01.962+0000] {override.py:1900} INFO - Created Permission View: can edit on DAG:dataset_s3_bucket_producer
[2024-11-03T00:48:01.971+0000] {logging_mixin.py:190} INFO - [2024-11-03T00:48:01.971+0000] {override.py:1900} INFO - Created Permission View: can read on DAG:dataset_s3_bucket_producer
[2024-11-03T00:48:01.983+0000] {logging_mixin.py:190} INFO - [2024-11-03T00:48:01.983+0000] {override.py:1900} INFO - Created Permission View: can create on DAG Run:dataset_s3_bucket_producer
[2024-11-03T00:48:01.990+0000] {logging_mixin.py:190} INFO - [2024-11-03T00:48:01.990+0000] {override.py:1900} INFO - Created Permission View: can delete on DAG Run:dataset_s3_bucket_producer
[2024-11-03T00:48:01.999+0000] {logging_mixin.py:190} INFO - [2024-11-03T00:48:01.999+0000] {override.py:1900} INFO - Created Permission View: menu access on DAG Run:dataset_s3_bucket_producer
[2024-11-03T00:48:02.050+0000] {logging_mixin.py:190} INFO - [2024-11-03T00:48:02.049+0000] {override.py:1900} INFO - Created Permission View: can read on DAG Run:dataset_s3_bucket_producer
[2024-11-03T00:48:02.128+0000] {logging_mixin.py:190} INFO - [2024-11-03T00:48:02.128+0000] {override.py:1900} INFO - Created Permission View: can delete on DAG:dataset_alias_example_alias_consumer
[2024-11-03T00:48:02.159+0000] {logging_mixin.py:190} INFO - [2024-11-03T00:48:02.158+0000] {override.py:1900} INFO - Created Permission View: can edit on DAG:dataset_alias_example_alias_consumer
[2024-11-03T00:48:02.216+0000] {logging_mixin.py:190} INFO - [2024-11-03T00:48:02.216+0000] {override.py:1900} INFO - Created Permission View: can read on DAG:dataset_alias_example_alias_consumer
[2024-11-03T00:48:02.257+0000] {logging_mixin.py:190} INFO - [2024-11-03T00:48:02.256+0000] {override.py:1900} INFO - Created Permission View: can create on DAG Run:dataset_alias_example_alias_consumer
[2024-11-03T00:48:02.280+0000] {logging_mixin.py:190} INFO - [2024-11-03T00:48:02.279+0000] {override.py:1900} INFO - Created Permission View: can delete on DAG Run:dataset_alias_example_alias_consumer
[2024-11-03T00:48:02.305+0000] {logging_mixin.py:190} INFO - [2024-11-03T00:48:02.305+0000] {override.py:1900} INFO - Created Permission View: menu access on DAG Run:dataset_alias_example_alias_consumer
[2024-11-03T00:48:02.331+0000] {logging_mixin.py:190} INFO - [2024-11-03T00:48:02.331+0000] {override.py:1900} INFO - Created Permission View: can read on DAG Run:dataset_alias_example_alias_consumer
[2024-11-03T00:48:02.391+0000] {logging_mixin.py:190} INFO - [2024-11-03T00:48:02.391+0000] {override.py:1900} INFO - Created Permission View: can delete on DAG:dataset_alias_example_alias_producer
[2024-11-03T00:48:02.415+0000] {logging_mixin.py:190} INFO - [2024-11-03T00:48:02.414+0000] {override.py:1900} INFO - Created Permission View: can edit on DAG:dataset_alias_example_alias_producer
[2024-11-03T00:48:02.483+0000] {logging_mixin.py:190} INFO - [2024-11-03T00:48:02.482+0000] {override.py:1900} INFO - Created Permission View: can read on DAG:dataset_alias_example_alias_producer
[2024-11-03T00:48:02.529+0000] {logging_mixin.py:190} INFO - [2024-11-03T00:48:02.529+0000] {override.py:1900} INFO - Created Permission View: can create on DAG Run:dataset_alias_example_alias_producer
[2024-11-03T00:48:02.536+0000] {logging_mixin.py:190} INFO - [2024-11-03T00:48:02.536+0000] {override.py:1900} INFO - Created Permission View: can delete on DAG Run:dataset_alias_example_alias_producer
[2024-11-03T00:48:02.543+0000] {logging_mixin.py:190} INFO - [2024-11-03T00:48:02.543+0000] {override.py:1900} INFO - Created Permission View: menu access on DAG Run:dataset_alias_example_alias_producer
[2024-11-03T00:48:02.601+0000] {logging_mixin.py:190} INFO - [2024-11-03T00:48:02.601+0000] {override.py:1900} INFO - Created Permission View: can read on DAG Run:dataset_alias_example_alias_producer
[2024-11-03T00:48:02.602+0000] {logging_mixin.py:190} INFO - [2024-11-03T00:48:02.602+0000] {dag.py:3239} INFO - Sync 4 DAGs
[2024-11-03T00:48:02.614+0000] {logging_mixin.py:190} INFO - [2024-11-03T00:48:02.614+0000] {dag.py:3262} INFO - Creating ORM DAG for dataset_alias_example_alias_consumer
[2024-11-03T00:48:02.615+0000] {logging_mixin.py:190} INFO - [2024-11-03T00:48:02.615+0000] {dag.py:3262} INFO - Creating ORM DAG for dataset_alias_example_alias_producer
[2024-11-03T00:48:02.616+0000] {logging_mixin.py:190} INFO - [2024-11-03T00:48:02.616+0000] {dag.py:3262} INFO - Creating ORM DAG for dataset_s3_bucket_producer
[2024-11-03T00:48:02.616+0000] {logging_mixin.py:190} INFO - [2024-11-03T00:48:02.616+0000] {dag.py:3262} INFO - Creating ORM DAG for dataset_s3_bucket_consumer
[2024-11-03T00:48:02.625+0000] {logging_mixin.py:190} INFO - [2024-11-03T00:48:02.624+0000] {dag.py:4180} INFO - Setting next_dagrun for dataset_alias_example_alias_consumer to None, run_after=None
[2024-11-03T00:48:02.625+0000] {logging_mixin.py:190} INFO - [2024-11-03T00:48:02.625+0000] {dag.py:4180} INFO - Setting next_dagrun for dataset_alias_example_alias_producer to None, run_after=None
[2024-11-03T00:48:02.626+0000] {logging_mixin.py:190} INFO - [2024-11-03T00:48:02.626+0000] {dag.py:4180} INFO - Setting next_dagrun for dataset_s3_bucket_consumer to None, run_after=None
[2024-11-03T00:48:02.627+0000] {logging_mixin.py:190} INFO - [2024-11-03T00:48:02.626+0000] {dag.py:4180} INFO - Setting next_dagrun for dataset_s3_bucket_producer to None, run_after=None
[2024-11-03T00:48:02.669+0000] {processor.py:208} INFO - Processing /home/airflow/.local/lib/python3.12/site-packages/airflow/example_dags/example_dataset_alias.py took 1.764 seconds
[2024-11-03T00:48:33.443+0000] {processor.py:186} INFO - Started process (PID=138) to work on /home/airflow/.local/lib/python3.12/site-packages/airflow/example_dags/example_dataset_alias.py
[2024-11-03T00:48:33.444+0000] {processor.py:914} INFO - Processing file /home/airflow/.local/lib/python3.12/site-packages/airflow/example_dags/example_dataset_alias.py for tasks to queue
[2024-11-03T00:48:33.445+0000] {logging_mixin.py:190} INFO - [2024-11-03T00:48:33.445+0000] {dagbag.py:588} INFO - Filling up the DagBag from /home/airflow/.local/lib/python3.12/site-packages/airflow/example_dags/example_dataset_alias.py
[2024-11-03T00:48:33.587+0000] {processor.py:925} INFO - DAG(s) 'dataset_s3_bucket_producer', 'dataset_alias_example_alias_consumer', 'dataset_alias_example_alias_producer', 'dataset_s3_bucket_consumer' retrieved from /home/airflow/.local/lib/python3.12/site-packages/airflow/example_dags/example_dataset_alias.py
[2024-11-03T00:48:33.606+0000] {logging_mixin.py:190} INFO - [2024-11-03T00:48:33.606+0000] {dag.py:3239} INFO - Sync 4 DAGs
[2024-11-03T00:48:33.626+0000] {logging_mixin.py:190} INFO - [2024-11-03T00:48:33.626+0000] {dag.py:4180} INFO - Setting next_dagrun for dataset_alias_example_alias_consumer to None, run_after=None
[2024-11-03T00:48:33.629+0000] {logging_mixin.py:190} INFO - [2024-11-03T00:48:33.628+0000] {dag.py:4180} INFO - Setting next_dagrun for dataset_alias_example_alias_producer to None, run_after=None
[2024-11-03T00:48:33.630+0000] {logging_mixin.py:190} INFO - [2024-11-03T00:48:33.630+0000] {dag.py:4180} INFO - Setting next_dagrun for dataset_s3_bucket_consumer to None, run_after=None
[2024-11-03T00:48:33.631+0000] {logging_mixin.py:190} INFO - [2024-11-03T00:48:33.631+0000] {dag.py:4180} INFO - Setting next_dagrun for dataset_s3_bucket_producer to None, run_after=None
[2024-11-03T00:48:33.652+0000] {processor.py:208} INFO - Processing /home/airflow/.local/lib/python3.12/site-packages/airflow/example_dags/example_dataset_alias.py took 0.214 seconds
[2024-11-03T00:49:03.718+0000] {processor.py:186} INFO - Started process (PID=201) to work on /home/airflow/.local/lib/python3.12/site-packages/airflow/example_dags/example_dataset_alias.py
[2024-11-03T00:49:03.718+0000] {processor.py:914} INFO - Processing file /home/airflow/.local/lib/python3.12/site-packages/airflow/example_dags/example_dataset_alias.py for tasks to queue
[2024-11-03T00:49:03.720+0000] {logging_mixin.py:190} INFO - [2024-11-03T00:49:03.720+0000] {dagbag.py:588} INFO - Filling up the DagBag from /home/airflow/.local/lib/python3.12/site-packages/airflow/example_dags/example_dataset_alias.py
[2024-11-03T00:49:03.853+0000] {processor.py:925} INFO - DAG(s) 'dataset_alias_example_alias_consumer', 'dataset_s3_bucket_consumer', 'dataset_alias_example_alias_producer', 'dataset_s3_bucket_producer' retrieved from /home/airflow/.local/lib/python3.12/site-packages/airflow/example_dags/example_dataset_alias.py
[2024-11-03T00:49:03.871+0000] {logging_mixin.py:190} INFO - [2024-11-03T00:49:03.870+0000] {dag.py:3239} INFO - Sync 4 DAGs
[2024-11-03T00:49:03.890+0000] {logging_mixin.py:190} INFO - [2024-11-03T00:49:03.890+0000] {dag.py:4180} INFO - Setting next_dagrun for dataset_alias_example_alias_consumer to None, run_after=None
[2024-11-03T00:49:03.893+0000] {logging_mixin.py:190} INFO - [2024-11-03T00:49:03.893+0000] {dag.py:4180} INFO - Setting next_dagrun for dataset_alias_example_alias_producer to None, run_after=None
[2024-11-03T00:49:03.894+0000] {logging_mixin.py:190} INFO - [2024-11-03T00:49:03.894+0000] {dag.py:4180} INFO - Setting next_dagrun for dataset_s3_bucket_consumer to None, run_after=None
[2024-11-03T00:49:03.896+0000] {logging_mixin.py:190} INFO - [2024-11-03T00:49:03.895+0000] {dag.py:4180} INFO - Setting next_dagrun for dataset_s3_bucket_producer to None, run_after=None
[2024-11-03T00:49:03.915+0000] {processor.py:208} INFO - Processing /home/airflow/.local/lib/python3.12/site-packages/airflow/example_dags/example_dataset_alias.py took 0.202 seconds
[2024-11-03T00:49:34.196+0000] {processor.py:186} INFO - Started process (PID=264) to work on /home/airflow/.local/lib/python3.12/site-packages/airflow/example_dags/example_dataset_alias.py
[2024-11-03T00:49:34.197+0000] {processor.py:914} INFO - Processing file /home/airflow/.local/lib/python3.12/site-packages/airflow/example_dags/example_dataset_alias.py for tasks to queue
[2024-11-03T00:49:34.199+0000] {logging_mixin.py:190} INFO - [2024-11-03T00:49:34.199+0000] {dagbag.py:588} INFO - Filling up the DagBag from /home/airflow/.local/lib/python3.12/site-packages/airflow/example_dags/example_dataset_alias.py
[2024-11-03T00:49:34.330+0000] {processor.py:925} INFO - DAG(s) 'dataset_s3_bucket_consumer', 'dataset_alias_example_alias_producer', 'dataset_s3_bucket_producer', 'dataset_alias_example_alias_consumer' retrieved from /home/airflow/.local/lib/python3.12/site-packages/airflow/example_dags/example_dataset_alias.py
[2024-11-03T00:49:34.349+0000] {logging_mixin.py:190} INFO - [2024-11-03T00:49:34.349+0000] {dag.py:3239} INFO - Sync 4 DAGs
[2024-11-03T00:49:34.370+0000] {logging_mixin.py:190} INFO - [2024-11-03T00:49:34.370+0000] {dag.py:4180} INFO - Setting next_dagrun for dataset_alias_example_alias_consumer to None, run_after=None
[2024-11-03T00:49:34.373+0000] {logging_mixin.py:190} INFO - [2024-11-03T00:49:34.373+0000] {dag.py:4180} INFO - Setting next_dagrun for dataset_alias_example_alias_producer to None, run_after=None
[2024-11-03T00:49:34.375+0000] {logging_mixin.py:190} INFO - [2024-11-03T00:49:34.375+0000] {dag.py:4180} INFO - Setting next_dagrun for dataset_s3_bucket_consumer to None, run_after=None
[2024-11-03T00:49:34.376+0000] {logging_mixin.py:190} INFO - [2024-11-03T00:49:34.376+0000] {dag.py:4180} INFO - Setting next_dagrun for dataset_s3_bucket_producer to None, run_after=None
[2024-11-03T00:49:34.393+0000] {processor.py:208} INFO - Processing /home/airflow/.local/lib/python3.12/site-packages/airflow/example_dags/example_dataset_alias.py took 0.202 seconds
[2024-11-03T00:50:04.643+0000] {processor.py:186} INFO - Started process (PID=327) to work on /home/airflow/.local/lib/python3.12/site-packages/airflow/example_dags/example_dataset_alias.py
[2024-11-03T00:50:04.644+0000] {processor.py:914} INFO - Processing file /home/airflow/.local/lib/python3.12/site-packages/airflow/example_dags/example_dataset_alias.py for tasks to queue
[2024-11-03T00:50:04.646+0000] {logging_mixin.py:190} INFO - [2024-11-03T00:50:04.646+0000] {dagbag.py:588} INFO - Filling up the DagBag from /home/airflow/.local/lib/python3.12/site-packages/airflow/example_dags/example_dataset_alias.py
[2024-11-03T00:50:04.794+0000] {processor.py:925} INFO - DAG(s) 'dataset_s3_bucket_producer', 'dataset_alias_example_alias_producer', 'dataset_alias_example_alias_consumer', 'dataset_s3_bucket_consumer' retrieved from /home/airflow/.local/lib/python3.12/site-packages/airflow/example_dags/example_dataset_alias.py
[2024-11-03T00:50:04.811+0000] {logging_mixin.py:190} INFO - [2024-11-03T00:50:04.811+0000] {dag.py:3239} INFO - Sync 4 DAGs
[2024-11-03T00:50:04.832+0000] {logging_mixin.py:190} INFO - [2024-11-03T00:50:04.832+0000] {dag.py:4180} INFO - Setting next_dagrun for dataset_alias_example_alias_consumer to None, run_after=None
[2024-11-03T00:50:04.835+0000] {logging_mixin.py:190} INFO - [2024-11-03T00:50:04.835+0000] {dag.py:4180} INFO - Setting next_dagrun for dataset_alias_example_alias_producer to None, run_after=None
[2024-11-03T00:50:04.836+0000] {logging_mixin.py:190} INFO - [2024-11-03T00:50:04.836+0000] {dag.py:4180} INFO - Setting next_dagrun for dataset_s3_bucket_consumer to None, run_after=None
[2024-11-03T00:50:04.837+0000] {logging_mixin.py:190} INFO - [2024-11-03T00:50:04.837+0000] {dag.py:4180} INFO - Setting next_dagrun for dataset_s3_bucket_producer to None, run_after=None
[2024-11-03T00:50:04.855+0000] {processor.py:208} INFO - Processing /home/airflow/.local/lib/python3.12/site-packages/airflow/example_dags/example_dataset_alias.py took 0.224 seconds
[2024-11-03T00:50:35.187+0000] {processor.py:186} INFO - Started process (PID=390) to work on /home/airflow/.local/lib/python3.12/site-packages/airflow/example_dags/example_dataset_alias.py
[2024-11-03T00:50:35.188+0000] {processor.py:914} INFO - Processing file /home/airflow/.local/lib/python3.12/site-packages/airflow/example_dags/example_dataset_alias.py for tasks to queue
[2024-11-03T00:50:35.190+0000] {logging_mixin.py:190} INFO - [2024-11-03T00:50:35.190+0000] {dagbag.py:588} INFO - Filling up the DagBag from /home/airflow/.local/lib/python3.12/site-packages/airflow/example_dags/example_dataset_alias.py
[2024-11-03T00:50:35.329+0000] {processor.py:925} INFO - DAG(s) 'dataset_s3_bucket_producer', 'dataset_s3_bucket_consumer', 'dataset_alias_example_alias_consumer', 'dataset_alias_example_alias_producer' retrieved from /home/airflow/.local/lib/python3.12/site-packages/airflow/example_dags/example_dataset_alias.py
[2024-11-03T00:50:35.349+0000] {logging_mixin.py:190} INFO - [2024-11-03T00:50:35.348+0000] {dag.py:3239} INFO - Sync 4 DAGs
[2024-11-03T00:50:35.370+0000] {logging_mixin.py:190} INFO - [2024-11-03T00:50:35.369+0000] {dag.py:4180} INFO - Setting next_dagrun for dataset_alias_example_alias_consumer to None, run_after=None
[2024-11-03T00:50:35.373+0000] {logging_mixin.py:190} INFO - [2024-11-03T00:50:35.372+0000] {dag.py:4180} INFO - Setting next_dagrun for dataset_alias_example_alias_producer to None, run_after=None
[2024-11-03T00:50:35.374+0000] {logging_mixin.py:190} INFO - [2024-11-03T00:50:35.374+0000] {dag.py:4180} INFO - Setting next_dagrun for dataset_s3_bucket_consumer to None, run_after=None
[2024-11-03T00:50:35.375+0000] {logging_mixin.py:190} INFO - [2024-11-03T00:50:35.375+0000] {dag.py:4180} INFO - Setting next_dagrun for dataset_s3_bucket_producer to None, run_after=None
[2024-11-03T00:50:35.395+0000] {processor.py:208} INFO - Processing /home/airflow/.local/lib/python3.12/site-packages/airflow/example_dags/example_dataset_alias.py took 0.213 seconds
[2024-11-03T00:51:05.648+0000] {processor.py:186} INFO - Started process (PID=453) to work on /home/airflow/.local/lib/python3.12/site-packages/airflow/example_dags/example_dataset_alias.py
[2024-11-03T00:51:05.649+0000] {processor.py:914} INFO - Processing file /home/airflow/.local/lib/python3.12/site-packages/airflow/example_dags/example_dataset_alias.py for tasks to queue
[2024-11-03T00:51:05.651+0000] {logging_mixin.py:190} INFO - [2024-11-03T00:51:05.651+0000] {dagbag.py:588} INFO - Filling up the DagBag from /home/airflow/.local/lib/python3.12/site-packages/airflow/example_dags/example_dataset_alias.py
[2024-11-03T00:51:05.792+0000] {processor.py:925} INFO - DAG(s) 'dataset_alias_example_alias_producer', 'dataset_alias_example_alias_consumer', 'dataset_s3_bucket_consumer', 'dataset_s3_bucket_producer' retrieved from /home/airflow/.local/lib/python3.12/site-packages/airflow/example_dags/example_dataset_alias.py
[2024-11-03T00:51:05.811+0000] {logging_mixin.py:190} INFO - [2024-11-03T00:51:05.810+0000] {dag.py:3239} INFO - Sync 4 DAGs
[2024-11-03T00:51:05.833+0000] {logging_mixin.py:190} INFO - [2024-11-03T00:51:05.832+0000] {dag.py:4180} INFO - Setting next_dagrun for dataset_alias_example_alias_consumer to None, run_after=None
[2024-11-03T00:51:05.835+0000] {logging_mixin.py:190} INFO - [2024-11-03T00:51:05.835+0000] {dag.py:4180} INFO - Setting next_dagrun for dataset_alias_example_alias_producer to None, run_after=None
[2024-11-03T00:51:05.836+0000] {logging_mixin.py:190} INFO - [2024-11-03T00:51:05.836+0000] {dag.py:4180} INFO - Setting next_dagrun for dataset_s3_bucket_consumer to None, run_after=None
[2024-11-03T00:51:05.837+0000] {logging_mixin.py:190} INFO - [2024-11-03T00:51:05.837+0000] {dag.py:4180} INFO - Setting next_dagrun for dataset_s3_bucket_producer to None, run_after=None
[2024-11-03T00:51:05.856+0000] {processor.py:208} INFO - Processing /home/airflow/.local/lib/python3.12/site-packages/airflow/example_dags/example_dataset_alias.py took 0.213 seconds
[2024-11-03T00:51:36.084+0000] {processor.py:186} INFO - Started process (PID=516) to work on /home/airflow/.local/lib/python3.12/site-packages/airflow/example_dags/example_dataset_alias.py
[2024-11-03T00:51:36.085+0000] {processor.py:914} INFO - Processing file /home/airflow/.local/lib/python3.12/site-packages/airflow/example_dags/example_dataset_alias.py for tasks to queue
[2024-11-03T00:51:36.087+0000] {logging_mixin.py:190} INFO - [2024-11-03T00:51:36.087+0000] {dagbag.py:588} INFO - Filling up the DagBag from /home/airflow/.local/lib/python3.12/site-packages/airflow/example_dags/example_dataset_alias.py
[2024-11-03T00:51:36.233+0000] {processor.py:925} INFO - DAG(s) 'dataset_s3_bucket_producer', 'dataset_alias_example_alias_consumer', 'dataset_s3_bucket_consumer', 'dataset_alias_example_alias_producer' retrieved from /home/airflow/.local/lib/python3.12/site-packages/airflow/example_dags/example_dataset_alias.py
[2024-11-03T00:51:36.250+0000] {logging_mixin.py:190} INFO - [2024-11-03T00:51:36.250+0000] {dag.py:3239} INFO - Sync 4 DAGs
[2024-11-03T00:51:36.270+0000] {logging_mixin.py:190} INFO - [2024-11-03T00:51:36.270+0000] {dag.py:4180} INFO - Setting next_dagrun for dataset_alias_example_alias_consumer to None, run_after=None
[2024-11-03T00:51:36.273+0000] {logging_mixin.py:190} INFO - [2024-11-03T00:51:36.272+0000] {dag.py:4180} INFO - Setting next_dagrun for dataset_alias_example_alias_producer to None, run_after=None
[2024-11-03T00:51:36.274+0000] {logging_mixin.py:190} INFO - [2024-11-03T00:51:36.274+0000] {dag.py:4180} INFO - Setting next_dagrun for dataset_s3_bucket_consumer to None, run_after=None
[2024-11-03T00:51:36.275+0000] {logging_mixin.py:190} INFO - [2024-11-03T00:51:36.275+0000] {dag.py:4180} INFO - Setting next_dagrun for dataset_s3_bucket_producer to None, run_after=None
[2024-11-03T00:51:36.294+0000] {processor.py:208} INFO - Processing /home/airflow/.local/lib/python3.12/site-packages/airflow/example_dags/example_dataset_alias.py took 0.216 seconds
[2024-11-03T00:52:06.577+0000] {processor.py:186} INFO - Started process (PID=579) to work on /home/airflow/.local/lib/python3.12/site-packages/airflow/example_dags/example_dataset_alias.py
[2024-11-03T00:52:06.578+0000] {processor.py:914} INFO - Processing file /home/airflow/.local/lib/python3.12/site-packages/airflow/example_dags/example_dataset_alias.py for tasks to queue
[2024-11-03T00:52:06.580+0000] {logging_mixin.py:190} INFO - [2024-11-03T00:52:06.580+0000] {dagbag.py:588} INFO - Filling up the DagBag from /home/airflow/.local/lib/python3.12/site-packages/airflow/example_dags/example_dataset_alias.py
[2024-11-03T00:52:06.720+0000] {processor.py:925} INFO - DAG(s) 'dataset_alias_example_alias_consumer', 'dataset_s3_bucket_consumer', 'dataset_s3_bucket_producer', 'dataset_alias_example_alias_producer' retrieved from /home/airflow/.local/lib/python3.12/site-packages/airflow/example_dags/example_dataset_alias.py
[2024-11-03T00:52:06.740+0000] {logging_mixin.py:190} INFO - [2024-11-03T00:52:06.740+0000] {dag.py:3239} INFO - Sync 4 DAGs
[2024-11-03T00:52:06.761+0000] {logging_mixin.py:190} INFO - [2024-11-03T00:52:06.761+0000] {dag.py:4180} INFO - Setting next_dagrun for dataset_alias_example_alias_consumer to None, run_after=None
[2024-11-03T00:52:06.764+0000] {logging_mixin.py:190} INFO - [2024-11-03T00:52:06.764+0000] {dag.py:4180} INFO - Setting next_dagrun for dataset_alias_example_alias_producer to None, run_after=None
[2024-11-03T00:52:06.766+0000] {logging_mixin.py:190} INFO - [2024-11-03T00:52:06.766+0000] {dag.py:4180} INFO - Setting next_dagrun for dataset_s3_bucket_consumer to None, run_after=None
[2024-11-03T00:52:06.767+0000] {logging_mixin.py:190} INFO - [2024-11-03T00:52:06.767+0000] {dag.py:4180} INFO - Setting next_dagrun for dataset_s3_bucket_producer to None, run_after=None
[2024-11-03T00:52:06.785+0000] {processor.py:208} INFO - Processing /home/airflow/.local/lib/python3.12/site-packages/airflow/example_dags/example_dataset_alias.py took 0.212 seconds
[2024-11-03T00:52:36.958+0000] {processor.py:186} INFO - Started process (PID=642) to work on /home/airflow/.local/lib/python3.12/site-packages/airflow/example_dags/example_dataset_alias.py
[2024-11-03T00:52:36.959+0000] {processor.py:914} INFO - Processing file /home/airflow/.local/lib/python3.12/site-packages/airflow/example_dags/example_dataset_alias.py for tasks to queue
[2024-11-03T00:52:36.961+0000] {logging_mixin.py:190} INFO - [2024-11-03T00:52:36.960+0000] {dagbag.py:588} INFO - Filling up the DagBag from /home/airflow/.local/lib/python3.12/site-packages/airflow/example_dags/example_dataset_alias.py
[2024-11-03T00:52:37.090+0000] {processor.py:925} INFO - DAG(s) 'dataset_s3_bucket_producer', 'dataset_alias_example_alias_producer', 'dataset_s3_bucket_consumer', 'dataset_alias_example_alias_consumer' retrieved from /home/airflow/.local/lib/python3.12/site-packages/airflow/example_dags/example_dataset_alias.py
[2024-11-03T00:52:37.107+0000] {logging_mixin.py:190} INFO - [2024-11-03T00:52:37.106+0000] {dag.py:3239} INFO - Sync 4 DAGs
[2024-11-03T00:52:37.125+0000] {logging_mixin.py:190} INFO - [2024-11-03T00:52:37.125+0000] {dag.py:4180} INFO - Setting next_dagrun for dataset_alias_example_alias_consumer to None, run_after=None
[2024-11-03T00:52:37.128+0000] {logging_mixin.py:190} INFO - [2024-11-03T00:52:37.127+0000] {dag.py:4180} INFO - Setting next_dagrun for dataset_alias_example_alias_producer to None, run_after=None
[2024-11-03T00:52:37.129+0000] {logging_mixin.py:190} INFO - [2024-11-03T00:52:37.129+0000] {dag.py:4180} INFO - Setting next_dagrun for dataset_s3_bucket_consumer to None, run_after=None
[2024-11-03T00:52:37.130+0000] {logging_mixin.py:190} INFO - [2024-11-03T00:52:37.130+0000] {dag.py:4180} INFO - Setting next_dagrun for dataset_s3_bucket_producer to None, run_after=None
[2024-11-03T00:52:37.148+0000] {processor.py:208} INFO - Processing /home/airflow/.local/lib/python3.12/site-packages/airflow/example_dags/example_dataset_alias.py took 0.194 seconds
[2024-11-03T00:53:07.273+0000] {processor.py:186} INFO - Started process (PID=705) to work on /home/airflow/.local/lib/python3.12/site-packages/airflow/example_dags/example_dataset_alias.py
[2024-11-03T00:53:07.274+0000] {processor.py:914} INFO - Processing file /home/airflow/.local/lib/python3.12/site-packages/airflow/example_dags/example_dataset_alias.py for tasks to queue
[2024-11-03T00:53:07.276+0000] {logging_mixin.py:190} INFO - [2024-11-03T00:53:07.276+0000] {dagbag.py:588} INFO - Filling up the DagBag from /home/airflow/.local/lib/python3.12/site-packages/airflow/example_dags/example_dataset_alias.py
[2024-11-03T00:53:07.416+0000] {processor.py:925} INFO - DAG(s) 'dataset_s3_bucket_producer', 'dataset_s3_bucket_consumer', 'dataset_alias_example_alias_producer', 'dataset_alias_example_alias_consumer' retrieved from /home/airflow/.local/lib/python3.12/site-packages/airflow/example_dags/example_dataset_alias.py
[2024-11-03T00:53:07.435+0000] {logging_mixin.py:190} INFO - [2024-11-03T00:53:07.435+0000] {dag.py:3239} INFO - Sync 4 DAGs
[2024-11-03T00:53:07.455+0000] {logging_mixin.py:190} INFO - [2024-11-03T00:53:07.454+0000] {dag.py:4180} INFO - Setting next_dagrun for dataset_alias_example_alias_consumer to None, run_after=None
[2024-11-03T00:53:07.458+0000] {logging_mixin.py:190} INFO - [2024-11-03T00:53:07.457+0000] {dag.py:4180} INFO - Setting next_dagrun for dataset_alias_example_alias_producer to None, run_after=None
[2024-11-03T00:53:07.459+0000] {logging_mixin.py:190} INFO - [2024-11-03T00:53:07.459+0000] {dag.py:4180} INFO - Setting next_dagrun for dataset_s3_bucket_consumer to None, run_after=None
[2024-11-03T00:53:07.461+0000] {logging_mixin.py:190} INFO - [2024-11-03T00:53:07.460+0000] {dag.py:4180} INFO - Setting next_dagrun for dataset_s3_bucket_producer to None, run_after=None
[2024-11-03T00:53:07.480+0000] {processor.py:208} INFO - Processing /home/airflow/.local/lib/python3.12/site-packages/airflow/example_dags/example_dataset_alias.py took 0.212 seconds
[2024-11-03T00:53:37.529+0000] {processor.py:186} INFO - Started process (PID=768) to work on /home/airflow/.local/lib/python3.12/site-packages/airflow/example_dags/example_dataset_alias.py
[2024-11-03T00:53:37.529+0000] {processor.py:914} INFO - Processing file /home/airflow/.local/lib/python3.12/site-packages/airflow/example_dags/example_dataset_alias.py for tasks to queue
[2024-11-03T00:53:37.531+0000] {logging_mixin.py:190} INFO - [2024-11-03T00:53:37.531+0000] {dagbag.py:588} INFO - Filling up the DagBag from /home/airflow/.local/lib/python3.12/site-packages/airflow/example_dags/example_dataset_alias.py
[2024-11-03T00:53:37.675+0000] {processor.py:925} INFO - DAG(s) 'dataset_s3_bucket_consumer', 'dataset_alias_example_alias_consumer', 'dataset_s3_bucket_producer', 'dataset_alias_example_alias_producer' retrieved from /home/airflow/.local/lib/python3.12/site-packages/airflow/example_dags/example_dataset_alias.py
[2024-11-03T00:53:37.695+0000] {logging_mixin.py:190} INFO - [2024-11-03T00:53:37.695+0000] {dag.py:3239} INFO - Sync 4 DAGs
[2024-11-03T00:53:37.716+0000] {logging_mixin.py:190} INFO - [2024-11-03T00:53:37.716+0000] {dag.py:4180} INFO - Setting next_dagrun for dataset_alias_example_alias_consumer to None, run_after=None
[2024-11-03T00:53:37.718+0000] {logging_mixin.py:190} INFO - [2024-11-03T00:53:37.718+0000] {dag.py:4180} INFO - Setting next_dagrun for dataset_alias_example_alias_producer to None, run_after=None
[2024-11-03T00:53:37.720+0000] {logging_mixin.py:190} INFO - [2024-11-03T00:53:37.719+0000] {dag.py:4180} INFO - Setting next_dagrun for dataset_s3_bucket_consumer to None, run_after=None
[2024-11-03T00:53:37.721+0000] {logging_mixin.py:190} INFO - [2024-11-03T00:53:37.721+0000] {dag.py:4180} INFO - Setting next_dagrun for dataset_s3_bucket_producer to None, run_after=None
[2024-11-03T00:53:37.739+0000] {processor.py:208} INFO - Processing /home/airflow/.local/lib/python3.12/site-packages/airflow/example_dags/example_dataset_alias.py took 0.215 seconds
[2024-11-03T00:54:07.940+0000] {processor.py:186} INFO - Started process (PID=831) to work on /home/airflow/.local/lib/python3.12/site-packages/airflow/example_dags/example_dataset_alias.py
[2024-11-03T00:54:07.940+0000] {processor.py:914} INFO - Processing file /home/airflow/.local/lib/python3.12/site-packages/airflow/example_dags/example_dataset_alias.py for tasks to queue
[2024-11-03T00:54:07.942+0000] {logging_mixin.py:190} INFO - [2024-11-03T00:54:07.942+0000] {dagbag.py:588} INFO - Filling up the DagBag from /home/airflow/.local/lib/python3.12/site-packages/airflow/example_dags/example_dataset_alias.py
[2024-11-03T00:54:08.082+0000] {processor.py:925} INFO - DAG(s) 'dataset_alias_example_alias_consumer', 'dataset_alias_example_alias_producer', 'dataset_s3_bucket_producer', 'dataset_s3_bucket_consumer' retrieved from /home/airflow/.local/lib/python3.12/site-packages/airflow/example_dags/example_dataset_alias.py
[2024-11-03T00:54:08.102+0000] {logging_mixin.py:190} INFO - [2024-11-03T00:54:08.102+0000] {dag.py:3239} INFO - Sync 4 DAGs
[2024-11-03T00:54:08.123+0000] {logging_mixin.py:190} INFO - [2024-11-03T00:54:08.123+0000] {dag.py:4180} INFO - Setting next_dagrun for dataset_alias_example_alias_consumer to None, run_after=None
[2024-11-03T00:54:08.126+0000] {logging_mixin.py:190} INFO - [2024-11-03T00:54:08.125+0000] {dag.py:4180} INFO - Setting next_dagrun for dataset_alias_example_alias_producer to None, run_after=None
[2024-11-03T00:54:08.127+0000] {logging_mixin.py:190} INFO - [2024-11-03T00:54:08.127+0000] {dag.py:4180} INFO - Setting next_dagrun for dataset_s3_bucket_consumer to None, run_after=None
[2024-11-03T00:54:08.128+0000] {logging_mixin.py:190} INFO - [2024-11-03T00:54:08.128+0000] {dag.py:4180} INFO - Setting next_dagrun for dataset_s3_bucket_producer to None, run_after=None
[2024-11-03T00:54:08.146+0000] {processor.py:208} INFO - Processing /home/airflow/.local/lib/python3.12/site-packages/airflow/example_dags/example_dataset_alias.py took 0.211 seconds
[2024-11-03T00:54:38.266+0000] {processor.py:186} INFO - Started process (PID=896) to work on /home/airflow/.local/lib/python3.12/site-packages/airflow/example_dags/example_dataset_alias.py
[2024-11-03T00:54:38.266+0000] {processor.py:914} INFO - Processing file /home/airflow/.local/lib/python3.12/site-packages/airflow/example_dags/example_dataset_alias.py for tasks to queue
[2024-11-03T00:54:38.268+0000] {logging_mixin.py:190} INFO - [2024-11-03T00:54:38.268+0000] {dagbag.py:588} INFO - Filling up the DagBag from /home/airflow/.local/lib/python3.12/site-packages/airflow/example_dags/example_dataset_alias.py
[2024-11-03T00:54:38.402+0000] {processor.py:925} INFO - DAG(s) 'dataset_s3_bucket_consumer', 'dataset_s3_bucket_producer', 'dataset_alias_example_alias_consumer', 'dataset_alias_example_alias_producer' retrieved from /home/airflow/.local/lib/python3.12/site-packages/airflow/example_dags/example_dataset_alias.py
[2024-11-03T00:54:38.420+0000] {logging_mixin.py:190} INFO - [2024-11-03T00:54:38.419+0000] {dag.py:3239} INFO - Sync 4 DAGs
[2024-11-03T00:54:38.441+0000] {logging_mixin.py:190} INFO - [2024-11-03T00:54:38.440+0000] {dag.py:4180} INFO - Setting next_dagrun for dataset_alias_example_alias_consumer to None, run_after=None
[2024-11-03T00:54:38.443+0000] {logging_mixin.py:190} INFO - [2024-11-03T00:54:38.443+0000] {dag.py:4180} INFO - Setting next_dagrun for dataset_alias_example_alias_producer to None, run_after=None
[2024-11-03T00:54:38.445+0000] {logging_mixin.py:190} INFO - [2024-11-03T00:54:38.445+0000] {dag.py:4180} INFO - Setting next_dagrun for dataset_s3_bucket_consumer to None, run_after=None
[2024-11-03T00:54:38.446+0000] {logging_mixin.py:190} INFO - [2024-11-03T00:54:38.446+0000] {dag.py:4180} INFO - Setting next_dagrun for dataset_s3_bucket_producer to None, run_after=None
[2024-11-03T00:54:38.464+0000] {processor.py:208} INFO - Processing /home/airflow/.local/lib/python3.12/site-packages/airflow/example_dags/example_dataset_alias.py took 0.203 seconds
[2024-11-03T00:55:08.510+0000] {processor.py:186} INFO - Started process (PID=957) to work on /home/airflow/.local/lib/python3.12/site-packages/airflow/example_dags/example_dataset_alias.py
[2024-11-03T00:55:08.511+0000] {processor.py:914} INFO - Processing file /home/airflow/.local/lib/python3.12/site-packages/airflow/example_dags/example_dataset_alias.py for tasks to queue
[2024-11-03T00:55:08.513+0000] {logging_mixin.py:190} INFO - [2024-11-03T00:55:08.513+0000] {dagbag.py:588} INFO - Filling up the DagBag from /home/airflow/.local/lib/python3.12/site-packages/airflow/example_dags/example_dataset_alias.py
[2024-11-03T00:55:08.646+0000] {processor.py:925} INFO - DAG(s) 'dataset_s3_bucket_consumer', 'dataset_s3_bucket_producer', 'dataset_alias_example_alias_consumer', 'dataset_alias_example_alias_producer' retrieved from /home/airflow/.local/lib/python3.12/site-packages/airflow/example_dags/example_dataset_alias.py
[2024-11-03T00:55:08.665+0000] {logging_mixin.py:190} INFO - [2024-11-03T00:55:08.665+0000] {dag.py:3239} INFO - Sync 4 DAGs
[2024-11-03T00:55:08.687+0000] {logging_mixin.py:190} INFO - [2024-11-03T00:55:08.687+0000] {dag.py:4180} INFO - Setting next_dagrun for dataset_alias_example_alias_consumer to None, run_after=None
[2024-11-03T00:55:08.689+0000] {logging_mixin.py:190} INFO - [2024-11-03T00:55:08.689+0000] {dag.py:4180} INFO - Setting next_dagrun for dataset_alias_example_alias_producer to None, run_after=None
[2024-11-03T00:55:08.690+0000] {logging_mixin.py:190} INFO - [2024-11-03T00:55:08.690+0000] {dag.py:4180} INFO - Setting next_dagrun for dataset_s3_bucket_consumer to None, run_after=None
[2024-11-03T00:55:08.691+0000] {logging_mixin.py:190} INFO - [2024-11-03T00:55:08.691+0000] {dag.py:4180} INFO - Setting next_dagrun for dataset_s3_bucket_producer to None, run_after=None
[2024-11-03T00:55:08.709+0000] {processor.py:208} INFO - Processing /home/airflow/.local/lib/python3.12/site-packages/airflow/example_dags/example_dataset_alias.py took 0.204 seconds
[2024-11-03T00:55:38.871+0000] {processor.py:186} INFO - Started process (PID=1020) to work on /home/airflow/.local/lib/python3.12/site-packages/airflow/example_dags/example_dataset_alias.py
[2024-11-03T00:55:38.872+0000] {processor.py:914} INFO - Processing file /home/airflow/.local/lib/python3.12/site-packages/airflow/example_dags/example_dataset_alias.py for tasks to queue
[2024-11-03T00:55:38.874+0000] {logging_mixin.py:190} INFO - [2024-11-03T00:55:38.874+0000] {dagbag.py:588} INFO - Filling up the DagBag from /home/airflow/.local/lib/python3.12/site-packages/airflow/example_dags/example_dataset_alias.py
[2024-11-03T00:55:39.014+0000] {processor.py:925} INFO - DAG(s) 'dataset_s3_bucket_consumer', 'dataset_alias_example_alias_producer', 'dataset_alias_example_alias_consumer', 'dataset_s3_bucket_producer' retrieved from /home/airflow/.local/lib/python3.12/site-packages/airflow/example_dags/example_dataset_alias.py
[2024-11-03T00:55:39.034+0000] {logging_mixin.py:190} INFO - [2024-11-03T00:55:39.033+0000] {dag.py:3239} INFO - Sync 4 DAGs
[2024-11-03T00:55:39.054+0000] {logging_mixin.py:190} INFO - [2024-11-03T00:55:39.054+0000] {dag.py:4180} INFO - Setting next_dagrun for dataset_alias_example_alias_consumer to None, run_after=None
[2024-11-03T00:55:39.057+0000] {logging_mixin.py:190} INFO - [2024-11-03T00:55:39.057+0000] {dag.py:4180} INFO - Setting next_dagrun for dataset_alias_example_alias_producer to None, run_after=None
[2024-11-03T00:55:39.058+0000] {logging_mixin.py:190} INFO - [2024-11-03T00:55:39.058+0000] {dag.py:4180} INFO - Setting next_dagrun for dataset_s3_bucket_consumer to None, run_after=None
[2024-11-03T00:55:39.059+0000] {logging_mixin.py:190} INFO - [2024-11-03T00:55:39.059+0000] {dag.py:4180} INFO - Setting next_dagrun for dataset_s3_bucket_producer to None, run_after=None
[2024-11-03T00:55:39.081+0000] {processor.py:208} INFO - Processing /home/airflow/.local/lib/python3.12/site-packages/airflow/example_dags/example_dataset_alias.py took 0.215 seconds
[2024-11-03T00:56:09.511+0000] {processor.py:186} INFO - Started process (PID=1083) to work on /home/airflow/.local/lib/python3.12/site-packages/airflow/example_dags/example_dataset_alias.py
[2024-11-03T00:56:09.512+0000] {processor.py:914} INFO - Processing file /home/airflow/.local/lib/python3.12/site-packages/airflow/example_dags/example_dataset_alias.py for tasks to queue
[2024-11-03T00:56:09.514+0000] {logging_mixin.py:190} INFO - [2024-11-03T00:56:09.513+0000] {dagbag.py:588} INFO - Filling up the DagBag from /home/airflow/.local/lib/python3.12/site-packages/airflow/example_dags/example_dataset_alias.py
[2024-11-03T00:56:09.657+0000] {processor.py:925} INFO - DAG(s) 'dataset_s3_bucket_producer', 'dataset_alias_example_alias_consumer', 'dataset_s3_bucket_consumer', 'dataset_alias_example_alias_producer' retrieved from /home/airflow/.local/lib/python3.12/site-packages/airflow/example_dags/example_dataset_alias.py
[2024-11-03T00:56:09.676+0000] {logging_mixin.py:190} INFO - [2024-11-03T00:56:09.675+0000] {dag.py:3239} INFO - Sync 4 DAGs
[2024-11-03T00:56:09.696+0000] {logging_mixin.py:190} INFO - [2024-11-03T00:56:09.696+0000] {dag.py:4180} INFO - Setting next_dagrun for dataset_alias_example_alias_consumer to None, run_after=None
[2024-11-03T00:56:09.699+0000] {logging_mixin.py:190} INFO - [2024-11-03T00:56:09.698+0000] {dag.py:4180} INFO - Setting next_dagrun for dataset_alias_example_alias_producer to None, run_after=None
[2024-11-03T00:56:09.700+0000] {logging_mixin.py:190} INFO - [2024-11-03T00:56:09.700+0000] {dag.py:4180} INFO - Setting next_dagrun for dataset_s3_bucket_consumer to None, run_after=None
[2024-11-03T00:56:09.701+0000] {logging_mixin.py:190} INFO - [2024-11-03T00:56:09.701+0000] {dag.py:4180} INFO - Setting next_dagrun for dataset_s3_bucket_producer to None, run_after=None
[2024-11-03T00:56:09.719+0000] {processor.py:208} INFO - Processing /home/airflow/.local/lib/python3.12/site-packages/airflow/example_dags/example_dataset_alias.py took 0.214 seconds
[2024-11-03T00:56:39.957+0000] {processor.py:186} INFO - Started process (PID=1146) to work on /home/airflow/.local/lib/python3.12/site-packages/airflow/example_dags/example_dataset_alias.py
[2024-11-03T00:56:39.958+0000] {processor.py:914} INFO - Processing file /home/airflow/.local/lib/python3.12/site-packages/airflow/example_dags/example_dataset_alias.py for tasks to queue
[2024-11-03T00:56:39.959+0000] {logging_mixin.py:190} INFO - [2024-11-03T00:56:39.959+0000] {dagbag.py:588} INFO - Filling up the DagBag from /home/airflow/.local/lib/python3.12/site-packages/airflow/example_dags/example_dataset_alias.py
[2024-11-03T00:56:40.101+0000] {processor.py:925} INFO - DAG(s) 'dataset_alias_example_alias_consumer', 'dataset_s3_bucket_consumer', 'dataset_s3_bucket_producer', 'dataset_alias_example_alias_producer' retrieved from /home/airflow/.local/lib/python3.12/site-packages/airflow/example_dags/example_dataset_alias.py
[2024-11-03T00:56:40.119+0000] {logging_mixin.py:190} INFO - [2024-11-03T00:56:40.118+0000] {dag.py:3239} INFO - Sync 4 DAGs
[2024-11-03T00:56:40.137+0000] {logging_mixin.py:190} INFO - [2024-11-03T00:56:40.137+0000] {dag.py:4180} INFO - Setting next_dagrun for dataset_alias_example_alias_consumer to None, run_after=None
[2024-11-03T00:56:40.139+0000] {logging_mixin.py:190} INFO - [2024-11-03T00:56:40.139+0000] {dag.py:4180} INFO - Setting next_dagrun for dataset_alias_example_alias_producer to None, run_after=None
[2024-11-03T00:56:40.141+0000] {logging_mixin.py:190} INFO - [2024-11-03T00:56:40.141+0000] {dag.py:4180} INFO - Setting next_dagrun for dataset_s3_bucket_consumer to None, run_after=None
[2024-11-03T00:56:40.142+0000] {logging_mixin.py:190} INFO - [2024-11-03T00:56:40.142+0000] {dag.py:4180} INFO - Setting next_dagrun for dataset_s3_bucket_producer to None, run_after=None
[2024-11-03T00:56:40.160+0000] {processor.py:208} INFO - Processing /home/airflow/.local/lib/python3.12/site-packages/airflow/example_dags/example_dataset_alias.py took 0.209 seconds
[2024-11-03T00:57:10.269+0000] {processor.py:186} INFO - Started process (PID=1211) to work on /home/airflow/.local/lib/python3.12/site-packages/airflow/example_dags/example_dataset_alias.py
[2024-11-03T00:57:10.270+0000] {processor.py:914} INFO - Processing file /home/airflow/.local/lib/python3.12/site-packages/airflow/example_dags/example_dataset_alias.py for tasks to queue
[2024-11-03T00:57:10.272+0000] {logging_mixin.py:190} INFO - [2024-11-03T00:57:10.272+0000] {dagbag.py:588} INFO - Filling up the DagBag from /home/airflow/.local/lib/python3.12/site-packages/airflow/example_dags/example_dataset_alias.py
[2024-11-03T00:57:10.411+0000] {processor.py:925} INFO - DAG(s) 'dataset_alias_example_alias_producer', 'dataset_alias_example_alias_consumer', 'dataset_s3_bucket_consumer', 'dataset_s3_bucket_producer' retrieved from /home/airflow/.local/lib/python3.12/site-packages/airflow/example_dags/example_dataset_alias.py
[2024-11-03T00:57:10.430+0000] {logging_mixin.py:190} INFO - [2024-11-03T00:57:10.430+0000] {dag.py:3239} INFO - Sync 4 DAGs
[2024-11-03T00:57:10.451+0000] {logging_mixin.py:190} INFO - [2024-11-03T00:57:10.451+0000] {dag.py:4180} INFO - Setting next_dagrun for dataset_alias_example_alias_consumer to None, run_after=None
[2024-11-03T00:57:10.453+0000] {logging_mixin.py:190} INFO - [2024-11-03T00:57:10.453+0000] {dag.py:4180} INFO - Setting next_dagrun for dataset_alias_example_alias_producer to None, run_after=None
[2024-11-03T00:57:10.454+0000] {logging_mixin.py:190} INFO - [2024-11-03T00:57:10.454+0000] {dag.py:4180} INFO - Setting next_dagrun for dataset_s3_bucket_consumer to None, run_after=None
[2024-11-03T00:57:10.455+0000] {logging_mixin.py:190} INFO - [2024-11-03T00:57:10.455+0000] {dag.py:4180} INFO - Setting next_dagrun for dataset_s3_bucket_producer to None, run_after=None
[2024-11-03T00:57:10.473+0000] {processor.py:208} INFO - Processing /home/airflow/.local/lib/python3.12/site-packages/airflow/example_dags/example_dataset_alias.py took 0.209 seconds
[2024-11-03T00:57:40.541+0000] {processor.py:186} INFO - Started process (PID=1272) to work on /home/airflow/.local/lib/python3.12/site-packages/airflow/example_dags/example_dataset_alias.py
[2024-11-03T00:57:40.542+0000] {processor.py:914} INFO - Processing file /home/airflow/.local/lib/python3.12/site-packages/airflow/example_dags/example_dataset_alias.py for tasks to queue
[2024-11-03T00:57:40.544+0000] {logging_mixin.py:190} INFO - [2024-11-03T00:57:40.544+0000] {dagbag.py:588} INFO - Filling up the DagBag from /home/airflow/.local/lib/python3.12/site-packages/airflow/example_dags/example_dataset_alias.py
[2024-11-03T00:57:40.679+0000] {processor.py:925} INFO - DAG(s) 'dataset_s3_bucket_consumer', 'dataset_alias_example_alias_consumer', 'dataset_s3_bucket_producer', 'dataset_alias_example_alias_producer' retrieved from /home/airflow/.local/lib/python3.12/site-packages/airflow/example_dags/example_dataset_alias.py
[2024-11-03T00:57:40.699+0000] {logging_mixin.py:190} INFO - [2024-11-03T00:57:40.699+0000] {dag.py:3239} INFO - Sync 4 DAGs
[2024-11-03T00:57:40.720+0000] {logging_mixin.py:190} INFO - [2024-11-03T00:57:40.719+0000] {dag.py:4180} INFO - Setting next_dagrun for dataset_alias_example_alias_consumer to None, run_after=None
[2024-11-03T00:57:40.722+0000] {logging_mixin.py:190} INFO - [2024-11-03T00:57:40.722+0000] {dag.py:4180} INFO - Setting next_dagrun for dataset_alias_example_alias_producer to None, run_after=None
[2024-11-03T00:57:40.723+0000] {logging_mixin.py:190} INFO - [2024-11-03T00:57:40.723+0000] {dag.py:4180} INFO - Setting next_dagrun for dataset_s3_bucket_consumer to None, run_after=None
[2024-11-03T00:57:40.724+0000] {logging_mixin.py:190} INFO - [2024-11-03T00:57:40.724+0000] {dag.py:4180} INFO - Setting next_dagrun for dataset_s3_bucket_producer to None, run_after=None
[2024-11-03T00:57:40.742+0000] {processor.py:208} INFO - Processing /home/airflow/.local/lib/python3.12/site-packages/airflow/example_dags/example_dataset_alias.py took 0.205 seconds
[2024-11-03T00:58:10.798+0000] {processor.py:186} INFO - Started process (PID=1337) to work on /home/airflow/.local/lib/python3.12/site-packages/airflow/example_dags/example_dataset_alias.py
[2024-11-03T00:58:10.799+0000] {processor.py:914} INFO - Processing file /home/airflow/.local/lib/python3.12/site-packages/airflow/example_dags/example_dataset_alias.py for tasks to queue
[2024-11-03T00:58:10.801+0000] {logging_mixin.py:190} INFO - [2024-11-03T00:58:10.801+0000] {dagbag.py:588} INFO - Filling up the DagBag from /home/airflow/.local/lib/python3.12/site-packages/airflow/example_dags/example_dataset_alias.py
[2024-11-03T00:58:10.932+0000] {processor.py:925} INFO - DAG(s) 'dataset_alias_example_alias_producer', 'dataset_alias_example_alias_consumer', 'dataset_s3_bucket_consumer', 'dataset_s3_bucket_producer' retrieved from /home/airflow/.local/lib/python3.12/site-packages/airflow/example_dags/example_dataset_alias.py
[2024-11-03T00:58:10.950+0000] {logging_mixin.py:190} INFO - [2024-11-03T00:58:10.949+0000] {dag.py:3239} INFO - Sync 4 DAGs
[2024-11-03T00:58:10.968+0000] {logging_mixin.py:190} INFO - [2024-11-03T00:58:10.968+0000] {dag.py:4180} INFO - Setting next_dagrun for dataset_alias_example_alias_consumer to None, run_after=None
[2024-11-03T00:58:10.970+0000] {logging_mixin.py:190} INFO - [2024-11-03T00:58:10.970+0000] {dag.py:4180} INFO - Setting next_dagrun for dataset_alias_example_alias_producer to None, run_after=None
[2024-11-03T00:58:10.971+0000] {logging_mixin.py:190} INFO - [2024-11-03T00:58:10.971+0000] {dag.py:4180} INFO - Setting next_dagrun for dataset_s3_bucket_consumer to None, run_after=None
[2024-11-03T00:58:10.972+0000] {logging_mixin.py:190} INFO - [2024-11-03T00:58:10.972+0000] {dag.py:4180} INFO - Setting next_dagrun for dataset_s3_bucket_producer to None, run_after=None
[2024-11-03T00:58:10.990+0000] {processor.py:208} INFO - Processing /home/airflow/.local/lib/python3.12/site-packages/airflow/example_dags/example_dataset_alias.py took 0.196 seconds
[2024-11-03T00:58:41.156+0000] {processor.py:186} INFO - Started process (PID=1398) to work on /home/airflow/.local/lib/python3.12/site-packages/airflow/example_dags/example_dataset_alias.py
[2024-11-03T00:58:41.157+0000] {processor.py:914} INFO - Processing file /home/airflow/.local/lib/python3.12/site-packages/airflow/example_dags/example_dataset_alias.py for tasks to queue
[2024-11-03T00:58:41.159+0000] {logging_mixin.py:190} INFO - [2024-11-03T00:58:41.158+0000] {dagbag.py:588} INFO - Filling up the DagBag from /home/airflow/.local/lib/python3.12/site-packages/airflow/example_dags/example_dataset_alias.py
[2024-11-03T00:58:41.299+0000] {processor.py:925} INFO - DAG(s) 'dataset_alias_example_alias_consumer', 'dataset_s3_bucket_consumer', 'dataset_s3_bucket_producer', 'dataset_alias_example_alias_producer' retrieved from /home/airflow/.local/lib/python3.12/site-packages/airflow/example_dags/example_dataset_alias.py
[2024-11-03T00:58:41.319+0000] {logging_mixin.py:190} INFO - [2024-11-03T00:58:41.319+0000] {dag.py:3239} INFO - Sync 4 DAGs
[2024-11-03T00:58:41.339+0000] {logging_mixin.py:190} INFO - [2024-11-03T00:58:41.339+0000] {dag.py:4180} INFO - Setting next_dagrun for dataset_alias_example_alias_consumer to None, run_after=None
[2024-11-03T00:58:41.342+0000] {logging_mixin.py:190} INFO - [2024-11-03T00:58:41.342+0000] {dag.py:4180} INFO - Setting next_dagrun for dataset_alias_example_alias_producer to None, run_after=None
[2024-11-03T00:58:41.343+0000] {logging_mixin.py:190} INFO - [2024-11-03T00:58:41.343+0000] {dag.py:4180} INFO - Setting next_dagrun for dataset_s3_bucket_consumer to None, run_after=None
[2024-11-03T00:58:41.344+0000] {logging_mixin.py:190} INFO - [2024-11-03T00:58:41.344+0000] {dag.py:4180} INFO - Setting next_dagrun for dataset_s3_bucket_producer to None, run_after=None
[2024-11-03T00:58:41.363+0000] {processor.py:208} INFO - Processing /home/airflow/.local/lib/python3.12/site-packages/airflow/example_dags/example_dataset_alias.py took 0.212 seconds
[2024-11-03T00:59:11.430+0000] {processor.py:186} INFO - Started process (PID=1462) to work on /home/airflow/.local/lib/python3.12/site-packages/airflow/example_dags/example_dataset_alias.py
[2024-11-03T00:59:11.431+0000] {processor.py:914} INFO - Processing file /home/airflow/.local/lib/python3.12/site-packages/airflow/example_dags/example_dataset_alias.py for tasks to queue
[2024-11-03T00:59:11.434+0000] {logging_mixin.py:190} INFO - [2024-11-03T00:59:11.434+0000] {dagbag.py:588} INFO - Filling up the DagBag from /home/airflow/.local/lib/python3.12/site-packages/airflow/example_dags/example_dataset_alias.py
[2024-11-03T00:59:11.580+0000] {processor.py:925} INFO - DAG(s) 'dataset_alias_example_alias_consumer', 'dataset_s3_bucket_consumer', 'dataset_s3_bucket_producer', 'dataset_alias_example_alias_producer' retrieved from /home/airflow/.local/lib/python3.12/site-packages/airflow/example_dags/example_dataset_alias.py
[2024-11-03T00:59:11.598+0000] {logging_mixin.py:190} INFO - [2024-11-03T00:59:11.598+0000] {dag.py:3239} INFO - Sync 4 DAGs
[2024-11-03T00:59:11.621+0000] {logging_mixin.py:190} INFO - [2024-11-03T00:59:11.620+0000] {dag.py:4180} INFO - Setting next_dagrun for dataset_alias_example_alias_consumer to None, run_after=None
[2024-11-03T00:59:11.623+0000] {logging_mixin.py:190} INFO - [2024-11-03T00:59:11.623+0000] {dag.py:4180} INFO - Setting next_dagrun for dataset_alias_example_alias_producer to None, run_after=None
[2024-11-03T00:59:11.624+0000] {logging_mixin.py:190} INFO - [2024-11-03T00:59:11.624+0000] {dag.py:4180} INFO - Setting next_dagrun for dataset_s3_bucket_consumer to None, run_after=None
[2024-11-03T00:59:11.625+0000] {logging_mixin.py:190} INFO - [2024-11-03T00:59:11.625+0000] {dag.py:4180} INFO - Setting next_dagrun for dataset_s3_bucket_producer to None, run_after=None
[2024-11-03T00:59:11.643+0000] {processor.py:208} INFO - Processing /home/airflow/.local/lib/python3.12/site-packages/airflow/example_dags/example_dataset_alias.py took 0.220 seconds
[2024-11-03T00:59:41.869+0000] {processor.py:186} INFO - Started process (PID=1524) to work on /home/airflow/.local/lib/python3.12/site-packages/airflow/example_dags/example_dataset_alias.py
[2024-11-03T00:59:41.870+0000] {processor.py:914} INFO - Processing file /home/airflow/.local/lib/python3.12/site-packages/airflow/example_dags/example_dataset_alias.py for tasks to queue
[2024-11-03T00:59:41.872+0000] {logging_mixin.py:190} INFO - [2024-11-03T00:59:41.872+0000] {dagbag.py:588} INFO - Filling up the DagBag from /home/airflow/.local/lib/python3.12/site-packages/airflow/example_dags/example_dataset_alias.py
[2024-11-03T00:59:42.005+0000] {processor.py:925} INFO - DAG(s) 'dataset_alias_example_alias_producer', 'dataset_s3_bucket_consumer', 'dataset_alias_example_alias_consumer', 'dataset_s3_bucket_producer' retrieved from /home/airflow/.local/lib/python3.12/site-packages/airflow/example_dags/example_dataset_alias.py
[2024-11-03T00:59:42.023+0000] {logging_mixin.py:190} INFO - [2024-11-03T00:59:42.023+0000] {dag.py:3239} INFO - Sync 4 DAGs
[2024-11-03T00:59:42.043+0000] {logging_mixin.py:190} INFO - [2024-11-03T00:59:42.043+0000] {dag.py:4180} INFO - Setting next_dagrun for dataset_alias_example_alias_consumer to None, run_after=None
[2024-11-03T00:59:42.046+0000] {logging_mixin.py:190} INFO - [2024-11-03T00:59:42.046+0000] {dag.py:4180} INFO - Setting next_dagrun for dataset_alias_example_alias_producer to None, run_after=None
[2024-11-03T00:59:42.047+0000] {logging_mixin.py:190} INFO - [2024-11-03T00:59:42.047+0000] {dag.py:4180} INFO - Setting next_dagrun for dataset_s3_bucket_consumer to None, run_after=None
[2024-11-03T00:59:42.048+0000] {logging_mixin.py:190} INFO - [2024-11-03T00:59:42.048+0000] {dag.py:4180} INFO - Setting next_dagrun for dataset_s3_bucket_producer to None, run_after=None
[2024-11-03T00:59:42.066+0000] {processor.py:208} INFO - Processing /home/airflow/.local/lib/python3.12/site-packages/airflow/example_dags/example_dataset_alias.py took 0.201 seconds
[2024-11-03T01:00:12.165+0000] {processor.py:186} INFO - Started process (PID=1589) to work on /home/airflow/.local/lib/python3.12/site-packages/airflow/example_dags/example_dataset_alias.py
[2024-11-03T01:00:12.168+0000] {processor.py:914} INFO - Processing file /home/airflow/.local/lib/python3.12/site-packages/airflow/example_dags/example_dataset_alias.py for tasks to queue
[2024-11-03T01:00:12.172+0000] {logging_mixin.py:190} INFO - [2024-11-03T01:00:12.171+0000] {dagbag.py:588} INFO - Filling up the DagBag from /home/airflow/.local/lib/python3.12/site-packages/airflow/example_dags/example_dataset_alias.py
[2024-11-03T01:00:12.308+0000] {processor.py:925} INFO - DAG(s) 'dataset_alias_example_alias_consumer', 'dataset_s3_bucket_producer', 'dataset_alias_example_alias_producer', 'dataset_s3_bucket_consumer' retrieved from /home/airflow/.local/lib/python3.12/site-packages/airflow/example_dags/example_dataset_alias.py
[2024-11-03T01:00:12.327+0000] {logging_mixin.py:190} INFO - [2024-11-03T01:00:12.327+0000] {dag.py:3239} INFO - Sync 4 DAGs
[2024-11-03T01:00:12.349+0000] {logging_mixin.py:190} INFO - [2024-11-03T01:00:12.349+0000] {dag.py:4180} INFO - Setting next_dagrun for dataset_alias_example_alias_consumer to None, run_after=None
[2024-11-03T01:00:12.527+0000] {logging_mixin.py:190} INFO - [2024-11-03T01:00:12.527+0000] {dag.py:4180} INFO - Setting next_dagrun for dataset_alias_example_alias_producer to None, run_after=None
[2024-11-03T01:00:12.529+0000] {logging_mixin.py:190} INFO - [2024-11-03T01:00:12.529+0000] {dag.py:4180} INFO - Setting next_dagrun for dataset_s3_bucket_consumer to None, run_after=None
[2024-11-03T01:00:12.530+0000] {logging_mixin.py:190} INFO - [2024-11-03T01:00:12.530+0000] {dag.py:4180} INFO - Setting next_dagrun for dataset_s3_bucket_producer to None, run_after=None
[2024-11-03T01:00:12.548+0000] {processor.py:208} INFO - Processing /home/airflow/.local/lib/python3.12/site-packages/airflow/example_dags/example_dataset_alias.py took 0.390 seconds
[2024-11-03T01:00:42.730+0000] {processor.py:186} INFO - Started process (PID=1650) to work on /home/airflow/.local/lib/python3.12/site-packages/airflow/example_dags/example_dataset_alias.py
[2024-11-03T01:00:42.731+0000] {processor.py:914} INFO - Processing file /home/airflow/.local/lib/python3.12/site-packages/airflow/example_dags/example_dataset_alias.py for tasks to queue
[2024-11-03T01:00:42.733+0000] {logging_mixin.py:190} INFO - [2024-11-03T01:00:42.733+0000] {dagbag.py:588} INFO - Filling up the DagBag from /home/airflow/.local/lib/python3.12/site-packages/airflow/example_dags/example_dataset_alias.py
[2024-11-03T01:00:42.893+0000] {processor.py:925} INFO - DAG(s) 'dataset_alias_example_alias_producer', 'dataset_alias_example_alias_consumer', 'dataset_s3_bucket_consumer', 'dataset_s3_bucket_producer' retrieved from /home/airflow/.local/lib/python3.12/site-packages/airflow/example_dags/example_dataset_alias.py
[2024-11-03T01:00:42.913+0000] {logging_mixin.py:190} INFO - [2024-11-03T01:00:42.913+0000] {dag.py:3239} INFO - Sync 4 DAGs
[2024-11-03T01:00:42.932+0000] {logging_mixin.py:190} INFO - [2024-11-03T01:00:42.932+0000] {dag.py:4180} INFO - Setting next_dagrun for dataset_alias_example_alias_consumer to None, run_after=None
[2024-11-03T01:00:42.935+0000] {logging_mixin.py:190} INFO - [2024-11-03T01:00:42.935+0000] {dag.py:4180} INFO - Setting next_dagrun for dataset_alias_example_alias_producer to None, run_after=None
[2024-11-03T01:00:42.936+0000] {logging_mixin.py:190} INFO - [2024-11-03T01:00:42.936+0000] {dag.py:4180} INFO - Setting next_dagrun for dataset_s3_bucket_consumer to None, run_after=None
[2024-11-03T01:00:42.938+0000] {logging_mixin.py:190} INFO - [2024-11-03T01:00:42.937+0000] {dag.py:4180} INFO - Setting next_dagrun for dataset_s3_bucket_producer to None, run_after=None
[2024-11-03T01:00:42.956+0000] {processor.py:208} INFO - Processing /home/airflow/.local/lib/python3.12/site-packages/airflow/example_dags/example_dataset_alias.py took 0.231 seconds
[2024-11-03T01:01:13.278+0000] {processor.py:186} INFO - Started process (PID=1713) to work on /home/airflow/.local/lib/python3.12/site-packages/airflow/example_dags/example_dataset_alias.py
[2024-11-03T01:01:13.279+0000] {processor.py:914} INFO - Processing file /home/airflow/.local/lib/python3.12/site-packages/airflow/example_dags/example_dataset_alias.py for tasks to queue
[2024-11-03T01:01:13.281+0000] {logging_mixin.py:190} INFO - [2024-11-03T01:01:13.280+0000] {dagbag.py:588} INFO - Filling up the DagBag from /home/airflow/.local/lib/python3.12/site-packages/airflow/example_dags/example_dataset_alias.py
[2024-11-03T01:01:13.416+0000] {processor.py:925} INFO - DAG(s) 'dataset_alias_example_alias_producer', 'dataset_s3_bucket_producer', 'dataset_alias_example_alias_consumer', 'dataset_s3_bucket_consumer' retrieved from /home/airflow/.local/lib/python3.12/site-packages/airflow/example_dags/example_dataset_alias.py
[2024-11-03T01:01:13.433+0000] {logging_mixin.py:190} INFO - [2024-11-03T01:01:13.433+0000] {dag.py:3239} INFO - Sync 4 DAGs
[2024-11-03T01:01:13.453+0000] {logging_mixin.py:190} INFO - [2024-11-03T01:01:13.453+0000] {dag.py:4180} INFO - Setting next_dagrun for dataset_alias_example_alias_consumer to None, run_after=None
[2024-11-03T01:01:13.456+0000] {logging_mixin.py:190} INFO - [2024-11-03T01:01:13.455+0000] {dag.py:4180} INFO - Setting next_dagrun for dataset_alias_example_alias_producer to None, run_after=None
[2024-11-03T01:01:13.457+0000] {logging_mixin.py:190} INFO - [2024-11-03T01:01:13.457+0000] {dag.py:4180} INFO - Setting next_dagrun for dataset_s3_bucket_consumer to None, run_after=None
[2024-11-03T01:01:13.458+0000] {logging_mixin.py:190} INFO - [2024-11-03T01:01:13.458+0000] {dag.py:4180} INFO - Setting next_dagrun for dataset_s3_bucket_producer to None, run_after=None
[2024-11-03T01:01:13.478+0000] {processor.py:208} INFO - Processing /home/airflow/.local/lib/python3.12/site-packages/airflow/example_dags/example_dataset_alias.py took 0.205 seconds
[2024-11-03T01:01:43.803+0000] {processor.py:186} INFO - Started process (PID=1776) to work on /home/airflow/.local/lib/python3.12/site-packages/airflow/example_dags/example_dataset_alias.py
[2024-11-03T01:01:43.803+0000] {processor.py:914} INFO - Processing file /home/airflow/.local/lib/python3.12/site-packages/airflow/example_dags/example_dataset_alias.py for tasks to queue
[2024-11-03T01:01:43.806+0000] {logging_mixin.py:190} INFO - [2024-11-03T01:01:43.805+0000] {dagbag.py:588} INFO - Filling up the DagBag from /home/airflow/.local/lib/python3.12/site-packages/airflow/example_dags/example_dataset_alias.py
[2024-11-03T01:01:43.974+0000] {processor.py:925} INFO - DAG(s) 'dataset_alias_example_alias_producer', 'dataset_alias_example_alias_consumer', 'dataset_s3_bucket_consumer', 'dataset_s3_bucket_producer' retrieved from /home/airflow/.local/lib/python3.12/site-packages/airflow/example_dags/example_dataset_alias.py
[2024-11-03T01:01:43.993+0000] {logging_mixin.py:190} INFO - [2024-11-03T01:01:43.993+0000] {dag.py:3239} INFO - Sync 4 DAGs
[2024-11-03T01:01:44.018+0000] {logging_mixin.py:190} INFO - [2024-11-03T01:01:44.018+0000] {dag.py:4180} INFO - Setting next_dagrun for dataset_alias_example_alias_consumer to None, run_after=None
[2024-11-03T01:01:44.021+0000] {logging_mixin.py:190} INFO - [2024-11-03T01:01:44.021+0000] {dag.py:4180} INFO - Setting next_dagrun for dataset_alias_example_alias_producer to None, run_after=None
[2024-11-03T01:01:44.023+0000] {logging_mixin.py:190} INFO - [2024-11-03T01:01:44.023+0000] {dag.py:4180} INFO - Setting next_dagrun for dataset_s3_bucket_consumer to None, run_after=None
[2024-11-03T01:01:44.024+0000] {logging_mixin.py:190} INFO - [2024-11-03T01:01:44.024+0000] {dag.py:4180} INFO - Setting next_dagrun for dataset_s3_bucket_producer to None, run_after=None
[2024-11-03T01:01:44.047+0000] {processor.py:208} INFO - Processing /home/airflow/.local/lib/python3.12/site-packages/airflow/example_dags/example_dataset_alias.py took 0.251 seconds
[2024-11-03T01:02:14.237+0000] {processor.py:186} INFO - Started process (PID=1839) to work on /home/airflow/.local/lib/python3.12/site-packages/airflow/example_dags/example_dataset_alias.py
[2024-11-03T01:02:14.238+0000] {processor.py:914} INFO - Processing file /home/airflow/.local/lib/python3.12/site-packages/airflow/example_dags/example_dataset_alias.py for tasks to queue
[2024-11-03T01:02:14.240+0000] {logging_mixin.py:190} INFO - [2024-11-03T01:02:14.239+0000] {dagbag.py:588} INFO - Filling up the DagBag from /home/airflow/.local/lib/python3.12/site-packages/airflow/example_dags/example_dataset_alias.py
[2024-11-03T01:02:14.373+0000] {processor.py:925} INFO - DAG(s) 'dataset_s3_bucket_consumer', 'dataset_alias_example_alias_consumer', 'dataset_alias_example_alias_producer', 'dataset_s3_bucket_producer' retrieved from /home/airflow/.local/lib/python3.12/site-packages/airflow/example_dags/example_dataset_alias.py
[2024-11-03T01:02:14.392+0000] {logging_mixin.py:190} INFO - [2024-11-03T01:02:14.392+0000] {dag.py:3239} INFO - Sync 4 DAGs
[2024-11-03T01:02:14.411+0000] {logging_mixin.py:190} INFO - [2024-11-03T01:02:14.411+0000] {dag.py:4180} INFO - Setting next_dagrun for dataset_alias_example_alias_consumer to None, run_after=None
[2024-11-03T01:02:14.414+0000] {logging_mixin.py:190} INFO - [2024-11-03T01:02:14.413+0000] {dag.py:4180} INFO - Setting next_dagrun for dataset_alias_example_alias_producer to None, run_after=None
[2024-11-03T01:02:14.415+0000] {logging_mixin.py:190} INFO - [2024-11-03T01:02:14.415+0000] {dag.py:4180} INFO - Setting next_dagrun for dataset_s3_bucket_consumer to None, run_after=None
[2024-11-03T01:02:14.416+0000] {logging_mixin.py:190} INFO - [2024-11-03T01:02:14.416+0000] {dag.py:4180} INFO - Setting next_dagrun for dataset_s3_bucket_producer to None, run_after=None
[2024-11-03T01:02:14.433+0000] {processor.py:208} INFO - Processing /home/airflow/.local/lib/python3.12/site-packages/airflow/example_dags/example_dataset_alias.py took 0.201 seconds
[2024-11-03T01:02:44.508+0000] {processor.py:186} INFO - Started process (PID=1902) to work on /home/airflow/.local/lib/python3.12/site-packages/airflow/example_dags/example_dataset_alias.py
[2024-11-03T01:02:44.509+0000] {processor.py:914} INFO - Processing file /home/airflow/.local/lib/python3.12/site-packages/airflow/example_dags/example_dataset_alias.py for tasks to queue
[2024-11-03T01:02:44.510+0000] {logging_mixin.py:190} INFO - [2024-11-03T01:02:44.510+0000] {dagbag.py:588} INFO - Filling up the DagBag from /home/airflow/.local/lib/python3.12/site-packages/airflow/example_dags/example_dataset_alias.py
[2024-11-03T01:02:44.642+0000] {processor.py:925} INFO - DAG(s) 'dataset_alias_example_alias_producer', 'dataset_alias_example_alias_consumer', 'dataset_s3_bucket_consumer', 'dataset_s3_bucket_producer' retrieved from /home/airflow/.local/lib/python3.12/site-packages/airflow/example_dags/example_dataset_alias.py
[2024-11-03T01:02:44.660+0000] {logging_mixin.py:190} INFO - [2024-11-03T01:02:44.660+0000] {dag.py:3239} INFO - Sync 4 DAGs
[2024-11-03T01:02:44.679+0000] {logging_mixin.py:190} INFO - [2024-11-03T01:02:44.679+0000] {dag.py:4180} INFO - Setting next_dagrun for dataset_alias_example_alias_consumer to None, run_after=None
[2024-11-03T01:02:44.681+0000] {logging_mixin.py:190} INFO - [2024-11-03T01:02:44.681+0000] {dag.py:4180} INFO - Setting next_dagrun for dataset_alias_example_alias_producer to None, run_after=None
[2024-11-03T01:02:44.682+0000] {logging_mixin.py:190} INFO - [2024-11-03T01:02:44.682+0000] {dag.py:4180} INFO - Setting next_dagrun for dataset_s3_bucket_consumer to None, run_after=None
[2024-11-03T01:02:44.684+0000] {logging_mixin.py:190} INFO - [2024-11-03T01:02:44.683+0000] {dag.py:4180} INFO - Setting next_dagrun for dataset_s3_bucket_producer to None, run_after=None
[2024-11-03T01:02:44.701+0000] {processor.py:208} INFO - Processing /home/airflow/.local/lib/python3.12/site-packages/airflow/example_dags/example_dataset_alias.py took 0.198 seconds
[2024-11-03T01:03:14.782+0000] {processor.py:186} INFO - Started process (PID=1965) to work on /home/airflow/.local/lib/python3.12/site-packages/airflow/example_dags/example_dataset_alias.py
[2024-11-03T01:03:14.783+0000] {processor.py:914} INFO - Processing file /home/airflow/.local/lib/python3.12/site-packages/airflow/example_dags/example_dataset_alias.py for tasks to queue
[2024-11-03T01:03:14.785+0000] {logging_mixin.py:190} INFO - [2024-11-03T01:03:14.784+0000] {dagbag.py:588} INFO - Filling up the DagBag from /home/airflow/.local/lib/python3.12/site-packages/airflow/example_dags/example_dataset_alias.py
[2024-11-03T01:03:14.918+0000] {processor.py:925} INFO - DAG(s) 'dataset_alias_example_alias_producer', 'dataset_alias_example_alias_consumer', 'dataset_s3_bucket_producer', 'dataset_s3_bucket_consumer' retrieved from /home/airflow/.local/lib/python3.12/site-packages/airflow/example_dags/example_dataset_alias.py
[2024-11-03T01:03:14.934+0000] {logging_mixin.py:190} INFO - [2024-11-03T01:03:14.934+0000] {dag.py:3239} INFO - Sync 4 DAGs
[2024-11-03T01:03:15.115+0000] {logging_mixin.py:190} INFO - [2024-11-03T01:03:15.114+0000] {dag.py:4180} INFO - Setting next_dagrun for dataset_alias_example_alias_consumer to None, run_after=None
[2024-11-03T01:03:15.117+0000] {logging_mixin.py:190} INFO - [2024-11-03T01:03:15.117+0000] {dag.py:4180} INFO - Setting next_dagrun for dataset_alias_example_alias_producer to None, run_after=None
[2024-11-03T01:03:15.118+0000] {logging_mixin.py:190} INFO - [2024-11-03T01:03:15.118+0000] {dag.py:4180} INFO - Setting next_dagrun for dataset_s3_bucket_consumer to None, run_after=None
[2024-11-03T01:03:15.119+0000] {logging_mixin.py:190} INFO - [2024-11-03T01:03:15.119+0000] {dag.py:4180} INFO - Setting next_dagrun for dataset_s3_bucket_producer to None, run_after=None
[2024-11-03T01:03:15.137+0000] {processor.py:208} INFO - Processing /home/airflow/.local/lib/python3.12/site-packages/airflow/example_dags/example_dataset_alias.py took 0.360 seconds
[2024-11-03T01:03:45.362+0000] {processor.py:186} INFO - Started process (PID=2028) to work on /home/airflow/.local/lib/python3.12/site-packages/airflow/example_dags/example_dataset_alias.py
[2024-11-03T01:03:45.363+0000] {processor.py:914} INFO - Processing file /home/airflow/.local/lib/python3.12/site-packages/airflow/example_dags/example_dataset_alias.py for tasks to queue
[2024-11-03T01:03:45.365+0000] {logging_mixin.py:190} INFO - [2024-11-03T01:03:45.365+0000] {dagbag.py:588} INFO - Filling up the DagBag from /home/airflow/.local/lib/python3.12/site-packages/airflow/example_dags/example_dataset_alias.py
[2024-11-03T01:03:45.500+0000] {processor.py:925} INFO - DAG(s) 'dataset_alias_example_alias_consumer', 'dataset_s3_bucket_consumer', 'dataset_s3_bucket_producer', 'dataset_alias_example_alias_producer' retrieved from /home/airflow/.local/lib/python3.12/site-packages/airflow/example_dags/example_dataset_alias.py
[2024-11-03T01:03:45.519+0000] {logging_mixin.py:190} INFO - [2024-11-03T01:03:45.518+0000] {dag.py:3239} INFO - Sync 4 DAGs
[2024-11-03T01:03:45.539+0000] {logging_mixin.py:190} INFO - [2024-11-03T01:03:45.539+0000] {dag.py:4180} INFO - Setting next_dagrun for dataset_alias_example_alias_consumer to None, run_after=None
[2024-11-03T01:03:45.711+0000] {logging_mixin.py:190} INFO - [2024-11-03T01:03:45.710+0000] {dag.py:4180} INFO - Setting next_dagrun for dataset_alias_example_alias_producer to None, run_after=None
[2024-11-03T01:03:45.712+0000] {logging_mixin.py:190} INFO - [2024-11-03T01:03:45.712+0000] {dag.py:4180} INFO - Setting next_dagrun for dataset_s3_bucket_consumer to None, run_after=None
[2024-11-03T01:03:45.713+0000] {logging_mixin.py:190} INFO - [2024-11-03T01:03:45.713+0000] {dag.py:4180} INFO - Setting next_dagrun for dataset_s3_bucket_producer to None, run_after=None
[2024-11-03T01:03:45.733+0000] {processor.py:208} INFO - Processing /home/airflow/.local/lib/python3.12/site-packages/airflow/example_dags/example_dataset_alias.py took 0.376 seconds
[2024-11-03T01:04:16.336+0000] {processor.py:186} INFO - Started process (PID=2091) to work on /home/airflow/.local/lib/python3.12/site-packages/airflow/example_dags/example_dataset_alias.py
[2024-11-03T01:04:16.337+0000] {processor.py:914} INFO - Processing file /home/airflow/.local/lib/python3.12/site-packages/airflow/example_dags/example_dataset_alias.py for tasks to queue
[2024-11-03T01:04:16.339+0000] {logging_mixin.py:190} INFO - [2024-11-03T01:04:16.339+0000] {dagbag.py:588} INFO - Filling up the DagBag from /home/airflow/.local/lib/python3.12/site-packages/airflow/example_dags/example_dataset_alias.py
[2024-11-03T01:04:16.494+0000] {processor.py:925} INFO - DAG(s) 'dataset_alias_example_alias_consumer', 'dataset_alias_example_alias_producer', 'dataset_s3_bucket_consumer', 'dataset_s3_bucket_producer' retrieved from /home/airflow/.local/lib/python3.12/site-packages/airflow/example_dags/example_dataset_alias.py
[2024-11-03T01:04:16.514+0000] {logging_mixin.py:190} INFO - [2024-11-03T01:04:16.514+0000] {dag.py:3239} INFO - Sync 4 DAGs
[2024-11-03T01:04:16.552+0000] {logging_mixin.py:190} INFO - [2024-11-03T01:04:16.551+0000] {dag.py:4180} INFO - Setting next_dagrun for dataset_alias_example_alias_consumer to None, run_after=None
[2024-11-03T01:04:16.556+0000] {logging_mixin.py:190} INFO - [2024-11-03T01:04:16.556+0000] {dag.py:4180} INFO - Setting next_dagrun for dataset_alias_example_alias_producer to None, run_after=None
[2024-11-03T01:04:16.558+0000] {logging_mixin.py:190} INFO - [2024-11-03T01:04:16.558+0000] {dag.py:4180} INFO - Setting next_dagrun for dataset_s3_bucket_consumer to None, run_after=None
[2024-11-03T01:04:16.560+0000] {logging_mixin.py:190} INFO - [2024-11-03T01:04:16.559+0000] {dag.py:4180} INFO - Setting next_dagrun for dataset_s3_bucket_producer to None, run_after=None
[2024-11-03T01:04:16.585+0000] {processor.py:208} INFO - Processing /home/airflow/.local/lib/python3.12/site-packages/airflow/example_dags/example_dataset_alias.py took 0.255 seconds
[2024-11-03T01:04:47.026+0000] {processor.py:186} INFO - Started process (PID=2154) to work on /home/airflow/.local/lib/python3.12/site-packages/airflow/example_dags/example_dataset_alias.py
[2024-11-03T01:04:47.027+0000] {processor.py:914} INFO - Processing file /home/airflow/.local/lib/python3.12/site-packages/airflow/example_dags/example_dataset_alias.py for tasks to queue
[2024-11-03T01:04:47.029+0000] {logging_mixin.py:190} INFO - [2024-11-03T01:04:47.028+0000] {dagbag.py:588} INFO - Filling up the DagBag from /home/airflow/.local/lib/python3.12/site-packages/airflow/example_dags/example_dataset_alias.py
[2024-11-03T01:04:47.167+0000] {processor.py:925} INFO - DAG(s) 'dataset_alias_example_alias_consumer', 'dataset_s3_bucket_consumer', 'dataset_s3_bucket_producer', 'dataset_alias_example_alias_producer' retrieved from /home/airflow/.local/lib/python3.12/site-packages/airflow/example_dags/example_dataset_alias.py
[2024-11-03T01:04:47.186+0000] {logging_mixin.py:190} INFO - [2024-11-03T01:04:47.186+0000] {dag.py:3239} INFO - Sync 4 DAGs
[2024-11-03T01:04:47.206+0000] {logging_mixin.py:190} INFO - [2024-11-03T01:04:47.206+0000] {dag.py:4180} INFO - Setting next_dagrun for dataset_alias_example_alias_consumer to None, run_after=None
[2024-11-03T01:04:47.209+0000] {logging_mixin.py:190} INFO - [2024-11-03T01:04:47.208+0000] {dag.py:4180} INFO - Setting next_dagrun for dataset_alias_example_alias_producer to None, run_after=None
[2024-11-03T01:04:47.210+0000] {logging_mixin.py:190} INFO - [2024-11-03T01:04:47.210+0000] {dag.py:4180} INFO - Setting next_dagrun for dataset_s3_bucket_consumer to None, run_after=None
[2024-11-03T01:04:47.211+0000] {logging_mixin.py:190} INFO - [2024-11-03T01:04:47.211+0000] {dag.py:4180} INFO - Setting next_dagrun for dataset_s3_bucket_producer to None, run_after=None
[2024-11-03T01:04:47.230+0000] {processor.py:208} INFO - Processing /home/airflow/.local/lib/python3.12/site-packages/airflow/example_dags/example_dataset_alias.py took 0.209 seconds
[2024-11-03T01:05:17.591+0000] {processor.py:186} INFO - Started process (PID=2217) to work on /home/airflow/.local/lib/python3.12/site-packages/airflow/example_dags/example_dataset_alias.py
[2024-11-03T01:05:17.592+0000] {processor.py:914} INFO - Processing file /home/airflow/.local/lib/python3.12/site-packages/airflow/example_dags/example_dataset_alias.py for tasks to queue
[2024-11-03T01:05:17.594+0000] {logging_mixin.py:190} INFO - [2024-11-03T01:05:17.594+0000] {dagbag.py:588} INFO - Filling up the DagBag from /home/airflow/.local/lib/python3.12/site-packages/airflow/example_dags/example_dataset_alias.py
[2024-11-03T01:05:17.881+0000] {processor.py:925} INFO - DAG(s) 'dataset_s3_bucket_producer', 'dataset_alias_example_alias_producer', 'dataset_alias_example_alias_consumer', 'dataset_s3_bucket_consumer' retrieved from /home/airflow/.local/lib/python3.12/site-packages/airflow/example_dags/example_dataset_alias.py
[2024-11-03T01:05:17.898+0000] {logging_mixin.py:190} INFO - [2024-11-03T01:05:17.898+0000] {dag.py:3239} INFO - Sync 4 DAGs
[2024-11-03T01:05:17.917+0000] {logging_mixin.py:190} INFO - [2024-11-03T01:05:17.916+0000] {dag.py:4180} INFO - Setting next_dagrun for dataset_alias_example_alias_consumer to None, run_after=None
[2024-11-03T01:05:17.919+0000] {logging_mixin.py:190} INFO - [2024-11-03T01:05:17.919+0000] {dag.py:4180} INFO - Setting next_dagrun for dataset_alias_example_alias_producer to None, run_after=None
[2024-11-03T01:05:17.920+0000] {logging_mixin.py:190} INFO - [2024-11-03T01:05:17.920+0000] {dag.py:4180} INFO - Setting next_dagrun for dataset_s3_bucket_consumer to None, run_after=None
[2024-11-03T01:05:17.921+0000] {logging_mixin.py:190} INFO - [2024-11-03T01:05:17.921+0000] {dag.py:4180} INFO - Setting next_dagrun for dataset_s3_bucket_producer to None, run_after=None
[2024-11-03T01:05:17.938+0000] {processor.py:208} INFO - Processing /home/airflow/.local/lib/python3.12/site-packages/airflow/example_dags/example_dataset_alias.py took 0.352 seconds
[2024-11-03T01:05:48.137+0000] {processor.py:186} INFO - Started process (PID=2280) to work on /home/airflow/.local/lib/python3.12/site-packages/airflow/example_dags/example_dataset_alias.py
[2024-11-03T01:05:48.138+0000] {processor.py:914} INFO - Processing file /home/airflow/.local/lib/python3.12/site-packages/airflow/example_dags/example_dataset_alias.py for tasks to queue
[2024-11-03T01:05:48.140+0000] {logging_mixin.py:190} INFO - [2024-11-03T01:05:48.139+0000] {dagbag.py:588} INFO - Filling up the DagBag from /home/airflow/.local/lib/python3.12/site-packages/airflow/example_dags/example_dataset_alias.py
[2024-11-03T01:05:48.429+0000] {processor.py:925} INFO - DAG(s) 'dataset_alias_example_alias_producer', 'dataset_alias_example_alias_consumer', 'dataset_s3_bucket_consumer', 'dataset_s3_bucket_producer' retrieved from /home/airflow/.local/lib/python3.12/site-packages/airflow/example_dags/example_dataset_alias.py
[2024-11-03T01:05:48.445+0000] {logging_mixin.py:190} INFO - [2024-11-03T01:05:48.445+0000] {dag.py:3239} INFO - Sync 4 DAGs
[2024-11-03T01:05:48.463+0000] {logging_mixin.py:190} INFO - [2024-11-03T01:05:48.463+0000] {dag.py:4180} INFO - Setting next_dagrun for dataset_alias_example_alias_consumer to None, run_after=None
[2024-11-03T01:05:48.465+0000] {logging_mixin.py:190} INFO - [2024-11-03T01:05:48.465+0000] {dag.py:4180} INFO - Setting next_dagrun for dataset_alias_example_alias_producer to None, run_after=None
[2024-11-03T01:05:48.466+0000] {logging_mixin.py:190} INFO - [2024-11-03T01:05:48.466+0000] {dag.py:4180} INFO - Setting next_dagrun for dataset_s3_bucket_consumer to None, run_after=None
[2024-11-03T01:05:48.467+0000] {logging_mixin.py:190} INFO - [2024-11-03T01:05:48.467+0000] {dag.py:4180} INFO - Setting next_dagrun for dataset_s3_bucket_producer to None, run_after=None
[2024-11-03T01:05:48.483+0000] {processor.py:208} INFO - Processing /home/airflow/.local/lib/python3.12/site-packages/airflow/example_dags/example_dataset_alias.py took 0.351 seconds
[2024-11-03T01:06:18.736+0000] {processor.py:186} INFO - Started process (PID=2343) to work on /home/airflow/.local/lib/python3.12/site-packages/airflow/example_dags/example_dataset_alias.py
[2024-11-03T01:06:18.737+0000] {processor.py:914} INFO - Processing file /home/airflow/.local/lib/python3.12/site-packages/airflow/example_dags/example_dataset_alias.py for tasks to queue
[2024-11-03T01:06:18.739+0000] {logging_mixin.py:190} INFO - [2024-11-03T01:06:18.739+0000] {dagbag.py:588} INFO - Filling up the DagBag from /home/airflow/.local/lib/python3.12/site-packages/airflow/example_dags/example_dataset_alias.py
[2024-11-03T01:06:18.870+0000] {processor.py:925} INFO - DAG(s) 'dataset_s3_bucket_producer', 'dataset_alias_example_alias_producer', 'dataset_s3_bucket_consumer', 'dataset_alias_example_alias_consumer' retrieved from /home/airflow/.local/lib/python3.12/site-packages/airflow/example_dags/example_dataset_alias.py
[2024-11-03T01:06:19.052+0000] {logging_mixin.py:190} INFO - [2024-11-03T01:06:19.052+0000] {dag.py:3239} INFO - Sync 4 DAGs
[2024-11-03T01:06:19.072+0000] {logging_mixin.py:190} INFO - [2024-11-03T01:06:19.071+0000] {dag.py:4180} INFO - Setting next_dagrun for dataset_alias_example_alias_consumer to None, run_after=None
[2024-11-03T01:06:19.074+0000] {logging_mixin.py:190} INFO - [2024-11-03T01:06:19.074+0000] {dag.py:4180} INFO - Setting next_dagrun for dataset_alias_example_alias_producer to None, run_after=None
[2024-11-03T01:06:19.075+0000] {logging_mixin.py:190} INFO - [2024-11-03T01:06:19.075+0000] {dag.py:4180} INFO - Setting next_dagrun for dataset_s3_bucket_consumer to None, run_after=None
[2024-11-03T01:06:19.076+0000] {logging_mixin.py:190} INFO - [2024-11-03T01:06:19.076+0000] {dag.py:4180} INFO - Setting next_dagrun for dataset_s3_bucket_producer to None, run_after=None
[2024-11-03T01:06:19.094+0000] {processor.py:208} INFO - Processing /home/airflow/.local/lib/python3.12/site-packages/airflow/example_dags/example_dataset_alias.py took 0.362 seconds
