[2024-11-03T00:00:04.727+0000] {processor.py:186} INFO - Started process (PID=806) to work on /home/airflow/.local/lib/python3.12/site-packages/airflow/example_dags/example_dag_decorator.py
[2024-11-03T00:00:04.728+0000] {processor.py:914} INFO - Processing file /home/airflow/.local/lib/python3.12/site-packages/airflow/example_dags/example_dag_decorator.py for tasks to queue
[2024-11-03T00:00:04.730+0000] {logging_mixin.py:190} INFO - [2024-11-03T00:00:04.730+0000] {dagbag.py:588} INFO - Filling up the DagBag from /home/airflow/.local/lib/python3.12/site-packages/airflow/example_dags/example_dag_decorator.py
[2024-11-03T00:00:04.740+0000] {processor.py:925} INFO - DAG(s) 'example_dag_decorator' retrieved from /home/airflow/.local/lib/python3.12/site-packages/airflow/example_dags/example_dag_decorator.py
[2024-11-03T00:00:04.838+0000] {logging_mixin.py:190} INFO - [2024-11-03T00:00:04.838+0000] {dag.py:3239} INFO - Sync 1 DAGs
[2024-11-03T00:00:04.848+0000] {logging_mixin.py:190} INFO - [2024-11-03T00:00:04.848+0000] {dag.py:4180} INFO - Setting next_dagrun for example_dag_decorator to None, run_after=None
[2024-11-03T00:00:04.864+0000] {processor.py:208} INFO - Processing /home/airflow/.local/lib/python3.12/site-packages/airflow/example_dags/example_dag_decorator.py took 0.142 seconds
[2024-11-03T00:00:35.295+0000] {processor.py:186} INFO - Started process (PID=869) to work on /home/airflow/.local/lib/python3.12/site-packages/airflow/example_dags/example_dag_decorator.py
[2024-11-03T00:00:35.297+0000] {processor.py:914} INFO - Processing file /home/airflow/.local/lib/python3.12/site-packages/airflow/example_dags/example_dag_decorator.py for tasks to queue
[2024-11-03T00:00:35.300+0000] {logging_mixin.py:190} INFO - [2024-11-03T00:00:35.300+0000] {dagbag.py:588} INFO - Filling up the DagBag from /home/airflow/.local/lib/python3.12/site-packages/airflow/example_dags/example_dag_decorator.py
[2024-11-03T00:00:35.311+0000] {processor.py:925} INFO - DAG(s) 'example_dag_decorator' retrieved from /home/airflow/.local/lib/python3.12/site-packages/airflow/example_dags/example_dag_decorator.py
[2024-11-03T00:00:35.425+0000] {logging_mixin.py:190} INFO - [2024-11-03T00:00:35.425+0000] {dag.py:3239} INFO - Sync 1 DAGs
[2024-11-03T00:00:35.439+0000] {logging_mixin.py:190} INFO - [2024-11-03T00:00:35.439+0000] {dag.py:4180} INFO - Setting next_dagrun for example_dag_decorator to None, run_after=None
[2024-11-03T00:00:35.457+0000] {processor.py:208} INFO - Processing /home/airflow/.local/lib/python3.12/site-packages/airflow/example_dags/example_dag_decorator.py took 0.168 seconds
[2024-11-03T00:01:06.461+0000] {processor.py:186} INFO - Started process (PID=932) to work on /home/airflow/.local/lib/python3.12/site-packages/airflow/example_dags/example_dag_decorator.py
[2024-11-03T00:01:06.462+0000] {processor.py:914} INFO - Processing file /home/airflow/.local/lib/python3.12/site-packages/airflow/example_dags/example_dag_decorator.py for tasks to queue
[2024-11-03T00:01:06.464+0000] {logging_mixin.py:190} INFO - [2024-11-03T00:01:06.463+0000] {dagbag.py:588} INFO - Filling up the DagBag from /home/airflow/.local/lib/python3.12/site-packages/airflow/example_dags/example_dag_decorator.py
[2024-11-03T00:01:06.473+0000] {processor.py:925} INFO - DAG(s) 'example_dag_decorator' retrieved from /home/airflow/.local/lib/python3.12/site-packages/airflow/example_dags/example_dag_decorator.py
[2024-11-03T00:01:06.576+0000] {logging_mixin.py:190} INFO - [2024-11-03T00:01:06.576+0000] {dag.py:3239} INFO - Sync 1 DAGs
[2024-11-03T00:01:06.588+0000] {logging_mixin.py:190} INFO - [2024-11-03T00:01:06.588+0000] {dag.py:4180} INFO - Setting next_dagrun for example_dag_decorator to None, run_after=None
[2024-11-03T00:01:06.605+0000] {processor.py:208} INFO - Processing /home/airflow/.local/lib/python3.12/site-packages/airflow/example_dags/example_dag_decorator.py took 0.149 seconds
[2024-11-03T00:01:36.770+0000] {processor.py:186} INFO - Started process (PID=995) to work on /home/airflow/.local/lib/python3.12/site-packages/airflow/example_dags/example_dag_decorator.py
[2024-11-03T00:01:36.771+0000] {processor.py:914} INFO - Processing file /home/airflow/.local/lib/python3.12/site-packages/airflow/example_dags/example_dag_decorator.py for tasks to queue
[2024-11-03T00:01:36.773+0000] {logging_mixin.py:190} INFO - [2024-11-03T00:01:36.773+0000] {dagbag.py:588} INFO - Filling up the DagBag from /home/airflow/.local/lib/python3.12/site-packages/airflow/example_dags/example_dag_decorator.py
[2024-11-03T00:01:36.783+0000] {processor.py:925} INFO - DAG(s) 'example_dag_decorator' retrieved from /home/airflow/.local/lib/python3.12/site-packages/airflow/example_dags/example_dag_decorator.py
[2024-11-03T00:01:36.886+0000] {logging_mixin.py:190} INFO - [2024-11-03T00:01:36.886+0000] {dag.py:3239} INFO - Sync 1 DAGs
[2024-11-03T00:01:36.896+0000] {logging_mixin.py:190} INFO - [2024-11-03T00:01:36.895+0000] {dag.py:4180} INFO - Setting next_dagrun for example_dag_decorator to None, run_after=None
[2024-11-03T00:01:36.913+0000] {processor.py:208} INFO - Processing /home/airflow/.local/lib/python3.12/site-packages/airflow/example_dags/example_dag_decorator.py took 0.149 seconds
[2024-11-03T00:48:08.178+0000] {processor.py:186} INFO - Started process (PID=111) to work on /home/airflow/.local/lib/python3.12/site-packages/airflow/example_dags/example_dag_decorator.py
[2024-11-03T00:48:08.179+0000] {processor.py:914} INFO - Processing file /home/airflow/.local/lib/python3.12/site-packages/airflow/example_dags/example_dag_decorator.py for tasks to queue
[2024-11-03T00:48:08.181+0000] {logging_mixin.py:190} INFO - [2024-11-03T00:48:08.180+0000] {dagbag.py:588} INFO - Filling up the DagBag from /home/airflow/.local/lib/python3.12/site-packages/airflow/example_dags/example_dag_decorator.py
[2024-11-03T00:48:08.190+0000] {processor.py:925} INFO - DAG(s) 'example_dag_decorator' retrieved from /home/airflow/.local/lib/python3.12/site-packages/airflow/example_dags/example_dag_decorator.py
[2024-11-03T00:48:08.287+0000] {logging_mixin.py:190} INFO - [2024-11-03T00:48:08.286+0000] {override.py:1900} INFO - Created Permission View: can delete on DAG:example_dag_decorator
[2024-11-03T00:48:08.296+0000] {logging_mixin.py:190} INFO - [2024-11-03T00:48:08.296+0000] {override.py:1900} INFO - Created Permission View: can edit on DAG:example_dag_decorator
[2024-11-03T00:48:08.304+0000] {logging_mixin.py:190} INFO - [2024-11-03T00:48:08.303+0000] {override.py:1900} INFO - Created Permission View: can read on DAG:example_dag_decorator
[2024-11-03T00:48:08.310+0000] {logging_mixin.py:190} INFO - [2024-11-03T00:48:08.310+0000] {override.py:1900} INFO - Created Permission View: can create on DAG Run:example_dag_decorator
[2024-11-03T00:48:08.316+0000] {logging_mixin.py:190} INFO - [2024-11-03T00:48:08.316+0000] {override.py:1900} INFO - Created Permission View: can delete on DAG Run:example_dag_decorator
[2024-11-03T00:48:08.322+0000] {logging_mixin.py:190} INFO - [2024-11-03T00:48:08.321+0000] {override.py:1900} INFO - Created Permission View: menu access on DAG Run:example_dag_decorator
[2024-11-03T00:48:08.327+0000] {logging_mixin.py:190} INFO - [2024-11-03T00:48:08.327+0000] {override.py:1900} INFO - Created Permission View: can read on DAG Run:example_dag_decorator
[2024-11-03T00:48:08.327+0000] {logging_mixin.py:190} INFO - [2024-11-03T00:48:08.327+0000] {dag.py:3239} INFO - Sync 1 DAGs
[2024-11-03T00:48:08.338+0000] {logging_mixin.py:190} INFO - [2024-11-03T00:48:08.338+0000] {dag.py:3262} INFO - Creating ORM DAG for example_dag_decorator
[2024-11-03T00:48:08.339+0000] {logging_mixin.py:190} INFO - [2024-11-03T00:48:08.338+0000] {dag.py:4180} INFO - Setting next_dagrun for example_dag_decorator to None, run_after=None
[2024-11-03T00:48:08.351+0000] {processor.py:208} INFO - Processing /home/airflow/.local/lib/python3.12/site-packages/airflow/example_dags/example_dag_decorator.py took 0.179 seconds
[2024-11-03T00:48:38.650+0000] {processor.py:186} INFO - Started process (PID=174) to work on /home/airflow/.local/lib/python3.12/site-packages/airflow/example_dags/example_dag_decorator.py
[2024-11-03T00:48:38.651+0000] {processor.py:914} INFO - Processing file /home/airflow/.local/lib/python3.12/site-packages/airflow/example_dags/example_dag_decorator.py for tasks to queue
[2024-11-03T00:48:38.653+0000] {logging_mixin.py:190} INFO - [2024-11-03T00:48:38.653+0000] {dagbag.py:588} INFO - Filling up the DagBag from /home/airflow/.local/lib/python3.12/site-packages/airflow/example_dags/example_dag_decorator.py
[2024-11-03T00:48:38.664+0000] {processor.py:925} INFO - DAG(s) 'example_dag_decorator' retrieved from /home/airflow/.local/lib/python3.12/site-packages/airflow/example_dags/example_dag_decorator.py
[2024-11-03T00:48:38.761+0000] {logging_mixin.py:190} INFO - [2024-11-03T00:48:38.760+0000] {dag.py:3239} INFO - Sync 1 DAGs
[2024-11-03T00:48:38.772+0000] {logging_mixin.py:190} INFO - [2024-11-03T00:48:38.772+0000] {dag.py:4180} INFO - Setting next_dagrun for example_dag_decorator to None, run_after=None
[2024-11-03T00:48:38.788+0000] {processor.py:208} INFO - Processing /home/airflow/.local/lib/python3.12/site-packages/airflow/example_dags/example_dag_decorator.py took 0.143 seconds
[2024-11-03T00:49:09.015+0000] {processor.py:186} INFO - Started process (PID=237) to work on /home/airflow/.local/lib/python3.12/site-packages/airflow/example_dags/example_dag_decorator.py
[2024-11-03T00:49:09.016+0000] {processor.py:914} INFO - Processing file /home/airflow/.local/lib/python3.12/site-packages/airflow/example_dags/example_dag_decorator.py for tasks to queue
[2024-11-03T00:49:09.018+0000] {logging_mixin.py:190} INFO - [2024-11-03T00:49:09.017+0000] {dagbag.py:588} INFO - Filling up the DagBag from /home/airflow/.local/lib/python3.12/site-packages/airflow/example_dags/example_dag_decorator.py
[2024-11-03T00:49:09.027+0000] {processor.py:925} INFO - DAG(s) 'example_dag_decorator' retrieved from /home/airflow/.local/lib/python3.12/site-packages/airflow/example_dags/example_dag_decorator.py
[2024-11-03T00:49:09.126+0000] {logging_mixin.py:190} INFO - [2024-11-03T00:49:09.126+0000] {dag.py:3239} INFO - Sync 1 DAGs
[2024-11-03T00:49:09.138+0000] {logging_mixin.py:190} INFO - [2024-11-03T00:49:09.138+0000] {dag.py:4180} INFO - Setting next_dagrun for example_dag_decorator to None, run_after=None
[2024-11-03T00:49:09.156+0000] {processor.py:208} INFO - Processing /home/airflow/.local/lib/python3.12/site-packages/airflow/example_dags/example_dag_decorator.py took 0.145 seconds
[2024-11-03T00:49:39.376+0000] {processor.py:186} INFO - Started process (PID=300) to work on /home/airflow/.local/lib/python3.12/site-packages/airflow/example_dags/example_dag_decorator.py
[2024-11-03T00:49:39.377+0000] {processor.py:914} INFO - Processing file /home/airflow/.local/lib/python3.12/site-packages/airflow/example_dags/example_dag_decorator.py for tasks to queue
[2024-11-03T00:49:39.379+0000] {logging_mixin.py:190} INFO - [2024-11-03T00:49:39.378+0000] {dagbag.py:588} INFO - Filling up the DagBag from /home/airflow/.local/lib/python3.12/site-packages/airflow/example_dags/example_dag_decorator.py
[2024-11-03T00:49:39.388+0000] {processor.py:925} INFO - DAG(s) 'example_dag_decorator' retrieved from /home/airflow/.local/lib/python3.12/site-packages/airflow/example_dags/example_dag_decorator.py
[2024-11-03T00:49:39.485+0000] {logging_mixin.py:190} INFO - [2024-11-03T00:49:39.485+0000] {dag.py:3239} INFO - Sync 1 DAGs
[2024-11-03T00:49:39.497+0000] {logging_mixin.py:190} INFO - [2024-11-03T00:49:39.497+0000] {dag.py:4180} INFO - Setting next_dagrun for example_dag_decorator to None, run_after=None
[2024-11-03T00:49:39.513+0000] {processor.py:208} INFO - Processing /home/airflow/.local/lib/python3.12/site-packages/airflow/example_dags/example_dag_decorator.py took 0.142 seconds
[2024-11-03T00:50:09.992+0000] {processor.py:186} INFO - Started process (PID=363) to work on /home/airflow/.local/lib/python3.12/site-packages/airflow/example_dags/example_dag_decorator.py
[2024-11-03T00:50:09.993+0000] {processor.py:914} INFO - Processing file /home/airflow/.local/lib/python3.12/site-packages/airflow/example_dags/example_dag_decorator.py for tasks to queue
[2024-11-03T00:50:09.995+0000] {logging_mixin.py:190} INFO - [2024-11-03T00:50:09.995+0000] {dagbag.py:588} INFO - Filling up the DagBag from /home/airflow/.local/lib/python3.12/site-packages/airflow/example_dags/example_dag_decorator.py
[2024-11-03T00:50:10.006+0000] {processor.py:925} INFO - DAG(s) 'example_dag_decorator' retrieved from /home/airflow/.local/lib/python3.12/site-packages/airflow/example_dags/example_dag_decorator.py
[2024-11-03T00:50:10.117+0000] {logging_mixin.py:190} INFO - [2024-11-03T00:50:10.117+0000] {dag.py:3239} INFO - Sync 1 DAGs
[2024-11-03T00:50:10.128+0000] {logging_mixin.py:190} INFO - [2024-11-03T00:50:10.128+0000] {dag.py:4180} INFO - Setting next_dagrun for example_dag_decorator to None, run_after=None
[2024-11-03T00:50:10.148+0000] {processor.py:208} INFO - Processing /home/airflow/.local/lib/python3.12/site-packages/airflow/example_dags/example_dag_decorator.py took 0.162 seconds
[2024-11-03T00:50:40.477+0000] {processor.py:186} INFO - Started process (PID=426) to work on /home/airflow/.local/lib/python3.12/site-packages/airflow/example_dags/example_dag_decorator.py
[2024-11-03T00:50:40.478+0000] {processor.py:914} INFO - Processing file /home/airflow/.local/lib/python3.12/site-packages/airflow/example_dags/example_dag_decorator.py for tasks to queue
[2024-11-03T00:50:40.480+0000] {logging_mixin.py:190} INFO - [2024-11-03T00:50:40.480+0000] {dagbag.py:588} INFO - Filling up the DagBag from /home/airflow/.local/lib/python3.12/site-packages/airflow/example_dags/example_dag_decorator.py
[2024-11-03T00:50:40.493+0000] {processor.py:925} INFO - DAG(s) 'example_dag_decorator' retrieved from /home/airflow/.local/lib/python3.12/site-packages/airflow/example_dags/example_dag_decorator.py
[2024-11-03T00:50:40.587+0000] {logging_mixin.py:190} INFO - [2024-11-03T00:50:40.587+0000] {dag.py:3239} INFO - Sync 1 DAGs
[2024-11-03T00:50:40.598+0000] {logging_mixin.py:190} INFO - [2024-11-03T00:50:40.598+0000] {dag.py:4180} INFO - Setting next_dagrun for example_dag_decorator to None, run_after=None
[2024-11-03T00:50:40.614+0000] {processor.py:208} INFO - Processing /home/airflow/.local/lib/python3.12/site-packages/airflow/example_dags/example_dag_decorator.py took 0.141 seconds
[2024-11-03T00:51:10.952+0000] {processor.py:186} INFO - Started process (PID=489) to work on /home/airflow/.local/lib/python3.12/site-packages/airflow/example_dags/example_dag_decorator.py
[2024-11-03T00:51:10.953+0000] {processor.py:914} INFO - Processing file /home/airflow/.local/lib/python3.12/site-packages/airflow/example_dags/example_dag_decorator.py for tasks to queue
[2024-11-03T00:51:10.955+0000] {logging_mixin.py:190} INFO - [2024-11-03T00:51:10.954+0000] {dagbag.py:588} INFO - Filling up the DagBag from /home/airflow/.local/lib/python3.12/site-packages/airflow/example_dags/example_dag_decorator.py
[2024-11-03T00:51:10.965+0000] {processor.py:925} INFO - DAG(s) 'example_dag_decorator' retrieved from /home/airflow/.local/lib/python3.12/site-packages/airflow/example_dags/example_dag_decorator.py
[2024-11-03T00:51:11.069+0000] {logging_mixin.py:190} INFO - [2024-11-03T00:51:11.069+0000] {dag.py:3239} INFO - Sync 1 DAGs
[2024-11-03T00:51:11.081+0000] {logging_mixin.py:190} INFO - [2024-11-03T00:51:11.081+0000] {dag.py:4180} INFO - Setting next_dagrun for example_dag_decorator to None, run_after=None
[2024-11-03T00:51:11.098+0000] {processor.py:208} INFO - Processing /home/airflow/.local/lib/python3.12/site-packages/airflow/example_dags/example_dag_decorator.py took 0.152 seconds
[2024-11-03T00:51:41.447+0000] {processor.py:186} INFO - Started process (PID=552) to work on /home/airflow/.local/lib/python3.12/site-packages/airflow/example_dags/example_dag_decorator.py
[2024-11-03T00:51:41.448+0000] {processor.py:914} INFO - Processing file /home/airflow/.local/lib/python3.12/site-packages/airflow/example_dags/example_dag_decorator.py for tasks to queue
[2024-11-03T00:51:41.450+0000] {logging_mixin.py:190} INFO - [2024-11-03T00:51:41.450+0000] {dagbag.py:588} INFO - Filling up the DagBag from /home/airflow/.local/lib/python3.12/site-packages/airflow/example_dags/example_dag_decorator.py
[2024-11-03T00:51:41.460+0000] {processor.py:925} INFO - DAG(s) 'example_dag_decorator' retrieved from /home/airflow/.local/lib/python3.12/site-packages/airflow/example_dags/example_dag_decorator.py
[2024-11-03T00:51:41.572+0000] {logging_mixin.py:190} INFO - [2024-11-03T00:51:41.572+0000] {dag.py:3239} INFO - Sync 1 DAGs
[2024-11-03T00:51:41.583+0000] {logging_mixin.py:190} INFO - [2024-11-03T00:51:41.583+0000] {dag.py:4180} INFO - Setting next_dagrun for example_dag_decorator to None, run_after=None
[2024-11-03T00:51:41.601+0000] {processor.py:208} INFO - Processing /home/airflow/.local/lib/python3.12/site-packages/airflow/example_dags/example_dag_decorator.py took 0.160 seconds
[2024-11-03T00:52:11.782+0000] {processor.py:186} INFO - Started process (PID=615) to work on /home/airflow/.local/lib/python3.12/site-packages/airflow/example_dags/example_dag_decorator.py
[2024-11-03T00:52:11.783+0000] {processor.py:914} INFO - Processing file /home/airflow/.local/lib/python3.12/site-packages/airflow/example_dags/example_dag_decorator.py for tasks to queue
[2024-11-03T00:52:11.785+0000] {logging_mixin.py:190} INFO - [2024-11-03T00:52:11.785+0000] {dagbag.py:588} INFO - Filling up the DagBag from /home/airflow/.local/lib/python3.12/site-packages/airflow/example_dags/example_dag_decorator.py
[2024-11-03T00:52:11.794+0000] {processor.py:925} INFO - DAG(s) 'example_dag_decorator' retrieved from /home/airflow/.local/lib/python3.12/site-packages/airflow/example_dags/example_dag_decorator.py
[2024-11-03T00:52:11.815+0000] {logging_mixin.py:190} INFO - [2024-11-03T00:52:11.815+0000] {dag.py:3239} INFO - Sync 1 DAGs
[2024-11-03T00:52:11.827+0000] {logging_mixin.py:190} INFO - [2024-11-03T00:52:11.826+0000] {dag.py:4180} INFO - Setting next_dagrun for example_dag_decorator to None, run_after=None
[2024-11-03T00:52:11.844+0000] {processor.py:208} INFO - Processing /home/airflow/.local/lib/python3.12/site-packages/airflow/example_dags/example_dag_decorator.py took 0.066 seconds
[2024-11-03T00:52:42.090+0000] {processor.py:186} INFO - Started process (PID=678) to work on /home/airflow/.local/lib/python3.12/site-packages/airflow/example_dags/example_dag_decorator.py
[2024-11-03T00:52:42.091+0000] {processor.py:914} INFO - Processing file /home/airflow/.local/lib/python3.12/site-packages/airflow/example_dags/example_dag_decorator.py for tasks to queue
[2024-11-03T00:52:42.092+0000] {logging_mixin.py:190} INFO - [2024-11-03T00:52:42.092+0000] {dagbag.py:588} INFO - Filling up the DagBag from /home/airflow/.local/lib/python3.12/site-packages/airflow/example_dags/example_dag_decorator.py
[2024-11-03T00:52:42.104+0000] {processor.py:925} INFO - DAG(s) 'example_dag_decorator' retrieved from /home/airflow/.local/lib/python3.12/site-packages/airflow/example_dags/example_dag_decorator.py
[2024-11-03T00:52:42.206+0000] {logging_mixin.py:190} INFO - [2024-11-03T00:52:42.205+0000] {dag.py:3239} INFO - Sync 1 DAGs
[2024-11-03T00:52:42.219+0000] {logging_mixin.py:190} INFO - [2024-11-03T00:52:42.219+0000] {dag.py:4180} INFO - Setting next_dagrun for example_dag_decorator to None, run_after=None
[2024-11-03T00:52:42.244+0000] {processor.py:208} INFO - Processing /home/airflow/.local/lib/python3.12/site-packages/airflow/example_dags/example_dag_decorator.py took 0.158 seconds
[2024-11-03T00:53:12.452+0000] {processor.py:186} INFO - Started process (PID=742) to work on /home/airflow/.local/lib/python3.12/site-packages/airflow/example_dags/example_dag_decorator.py
[2024-11-03T00:53:12.453+0000] {processor.py:914} INFO - Processing file /home/airflow/.local/lib/python3.12/site-packages/airflow/example_dags/example_dag_decorator.py for tasks to queue
[2024-11-03T00:53:12.455+0000] {logging_mixin.py:190} INFO - [2024-11-03T00:53:12.455+0000] {dagbag.py:588} INFO - Filling up the DagBag from /home/airflow/.local/lib/python3.12/site-packages/airflow/example_dags/example_dag_decorator.py
[2024-11-03T00:53:12.465+0000] {processor.py:925} INFO - DAG(s) 'example_dag_decorator' retrieved from /home/airflow/.local/lib/python3.12/site-packages/airflow/example_dags/example_dag_decorator.py
[2024-11-03T00:53:12.567+0000] {logging_mixin.py:190} INFO - [2024-11-03T00:53:12.567+0000] {dag.py:3239} INFO - Sync 1 DAGs
[2024-11-03T00:53:12.577+0000] {logging_mixin.py:190} INFO - [2024-11-03T00:53:12.577+0000] {dag.py:4180} INFO - Setting next_dagrun for example_dag_decorator to None, run_after=None
[2024-11-03T00:53:12.594+0000] {processor.py:208} INFO - Processing /home/airflow/.local/lib/python3.12/site-packages/airflow/example_dags/example_dag_decorator.py took 0.147 seconds
[2024-11-03T00:53:42.888+0000] {processor.py:186} INFO - Started process (PID=804) to work on /home/airflow/.local/lib/python3.12/site-packages/airflow/example_dags/example_dag_decorator.py
[2024-11-03T00:53:42.889+0000] {processor.py:914} INFO - Processing file /home/airflow/.local/lib/python3.12/site-packages/airflow/example_dags/example_dag_decorator.py for tasks to queue
[2024-11-03T00:53:42.891+0000] {logging_mixin.py:190} INFO - [2024-11-03T00:53:42.890+0000] {dagbag.py:588} INFO - Filling up the DagBag from /home/airflow/.local/lib/python3.12/site-packages/airflow/example_dags/example_dag_decorator.py
[2024-11-03T00:53:42.900+0000] {processor.py:925} INFO - DAG(s) 'example_dag_decorator' retrieved from /home/airflow/.local/lib/python3.12/site-packages/airflow/example_dags/example_dag_decorator.py
[2024-11-03T00:53:42.920+0000] {logging_mixin.py:190} INFO - [2024-11-03T00:53:42.920+0000] {dag.py:3239} INFO - Sync 1 DAGs
[2024-11-03T00:53:42.934+0000] {logging_mixin.py:190} INFO - [2024-11-03T00:53:42.934+0000] {dag.py:4180} INFO - Setting next_dagrun for example_dag_decorator to None, run_after=None
[2024-11-03T00:53:42.950+0000] {processor.py:208} INFO - Processing /home/airflow/.local/lib/python3.12/site-packages/airflow/example_dags/example_dag_decorator.py took 0.067 seconds
[2024-11-03T00:54:14.090+0000] {processor.py:186} INFO - Started process (PID=867) to work on /home/airflow/.local/lib/python3.12/site-packages/airflow/example_dags/example_dag_decorator.py
[2024-11-03T00:54:14.091+0000] {processor.py:914} INFO - Processing file /home/airflow/.local/lib/python3.12/site-packages/airflow/example_dags/example_dag_decorator.py for tasks to queue
[2024-11-03T00:54:14.093+0000] {logging_mixin.py:190} INFO - [2024-11-03T00:54:14.093+0000] {dagbag.py:588} INFO - Filling up the DagBag from /home/airflow/.local/lib/python3.12/site-packages/airflow/example_dags/example_dag_decorator.py
[2024-11-03T00:54:14.105+0000] {processor.py:925} INFO - DAG(s) 'example_dag_decorator' retrieved from /home/airflow/.local/lib/python3.12/site-packages/airflow/example_dags/example_dag_decorator.py
[2024-11-03T00:54:14.125+0000] {logging_mixin.py:190} INFO - [2024-11-03T00:54:14.125+0000] {dag.py:3239} INFO - Sync 1 DAGs
[2024-11-03T00:54:14.139+0000] {logging_mixin.py:190} INFO - [2024-11-03T00:54:14.138+0000] {dag.py:4180} INFO - Setting next_dagrun for example_dag_decorator to None, run_after=None
[2024-11-03T00:54:14.155+0000] {processor.py:208} INFO - Processing /home/airflow/.local/lib/python3.12/site-packages/airflow/example_dags/example_dag_decorator.py took 0.070 seconds
[2024-11-03T00:54:44.472+0000] {processor.py:186} INFO - Started process (PID=930) to work on /home/airflow/.local/lib/python3.12/site-packages/airflow/example_dags/example_dag_decorator.py
[2024-11-03T00:54:44.472+0000] {processor.py:914} INFO - Processing file /home/airflow/.local/lib/python3.12/site-packages/airflow/example_dags/example_dag_decorator.py for tasks to queue
[2024-11-03T00:54:44.474+0000] {logging_mixin.py:190} INFO - [2024-11-03T00:54:44.474+0000] {dagbag.py:588} INFO - Filling up the DagBag from /home/airflow/.local/lib/python3.12/site-packages/airflow/example_dags/example_dag_decorator.py
[2024-11-03T00:54:44.484+0000] {processor.py:925} INFO - DAG(s) 'example_dag_decorator' retrieved from /home/airflow/.local/lib/python3.12/site-packages/airflow/example_dags/example_dag_decorator.py
[2024-11-03T00:54:44.585+0000] {logging_mixin.py:190} INFO - [2024-11-03T00:54:44.585+0000] {dag.py:3239} INFO - Sync 1 DAGs
[2024-11-03T00:54:44.596+0000] {logging_mixin.py:190} INFO - [2024-11-03T00:54:44.596+0000] {dag.py:4180} INFO - Setting next_dagrun for example_dag_decorator to None, run_after=None
[2024-11-03T00:54:44.614+0000] {processor.py:208} INFO - Processing /home/airflow/.local/lib/python3.12/site-packages/airflow/example_dags/example_dag_decorator.py took 0.147 seconds
[2024-11-03T00:55:14.809+0000] {processor.py:186} INFO - Started process (PID=994) to work on /home/airflow/.local/lib/python3.12/site-packages/airflow/example_dags/example_dag_decorator.py
[2024-11-03T00:55:14.809+0000] {processor.py:914} INFO - Processing file /home/airflow/.local/lib/python3.12/site-packages/airflow/example_dags/example_dag_decorator.py for tasks to queue
[2024-11-03T00:55:14.811+0000] {logging_mixin.py:190} INFO - [2024-11-03T00:55:14.811+0000] {dagbag.py:588} INFO - Filling up the DagBag from /home/airflow/.local/lib/python3.12/site-packages/airflow/example_dags/example_dag_decorator.py
[2024-11-03T00:55:14.821+0000] {processor.py:925} INFO - DAG(s) 'example_dag_decorator' retrieved from /home/airflow/.local/lib/python3.12/site-packages/airflow/example_dags/example_dag_decorator.py
[2024-11-03T00:55:14.840+0000] {logging_mixin.py:190} INFO - [2024-11-03T00:55:14.840+0000] {dag.py:3239} INFO - Sync 1 DAGs
[2024-11-03T00:55:14.852+0000] {logging_mixin.py:190} INFO - [2024-11-03T00:55:14.851+0000] {dag.py:4180} INFO - Setting next_dagrun for example_dag_decorator to None, run_after=None
[2024-11-03T00:55:14.867+0000] {processor.py:208} INFO - Processing /home/airflow/.local/lib/python3.12/site-packages/airflow/example_dags/example_dag_decorator.py took 0.063 seconds
[2024-11-03T00:55:45.265+0000] {processor.py:186} INFO - Started process (PID=1056) to work on /home/airflow/.local/lib/python3.12/site-packages/airflow/example_dags/example_dag_decorator.py
[2024-11-03T00:55:45.266+0000] {processor.py:914} INFO - Processing file /home/airflow/.local/lib/python3.12/site-packages/airflow/example_dags/example_dag_decorator.py for tasks to queue
[2024-11-03T00:55:45.268+0000] {logging_mixin.py:190} INFO - [2024-11-03T00:55:45.268+0000] {dagbag.py:588} INFO - Filling up the DagBag from /home/airflow/.local/lib/python3.12/site-packages/airflow/example_dags/example_dag_decorator.py
[2024-11-03T00:55:45.279+0000] {processor.py:925} INFO - DAG(s) 'example_dag_decorator' retrieved from /home/airflow/.local/lib/python3.12/site-packages/airflow/example_dags/example_dag_decorator.py
[2024-11-03T00:55:45.380+0000] {logging_mixin.py:190} INFO - [2024-11-03T00:55:45.380+0000] {dag.py:3239} INFO - Sync 1 DAGs
[2024-11-03T00:55:45.391+0000] {logging_mixin.py:190} INFO - [2024-11-03T00:55:45.391+0000] {dag.py:4180} INFO - Setting next_dagrun for example_dag_decorator to None, run_after=None
[2024-11-03T00:55:45.409+0000] {processor.py:208} INFO - Processing /home/airflow/.local/lib/python3.12/site-packages/airflow/example_dags/example_dag_decorator.py took 0.150 seconds
[2024-11-03T00:56:15.715+0000] {processor.py:186} INFO - Started process (PID=1119) to work on /home/airflow/.local/lib/python3.12/site-packages/airflow/example_dags/example_dag_decorator.py
[2024-11-03T00:56:15.716+0000] {processor.py:914} INFO - Processing file /home/airflow/.local/lib/python3.12/site-packages/airflow/example_dags/example_dag_decorator.py for tasks to queue
[2024-11-03T00:56:15.718+0000] {logging_mixin.py:190} INFO - [2024-11-03T00:56:15.717+0000] {dagbag.py:588} INFO - Filling up the DagBag from /home/airflow/.local/lib/python3.12/site-packages/airflow/example_dags/example_dag_decorator.py
[2024-11-03T00:56:15.728+0000] {processor.py:925} INFO - DAG(s) 'example_dag_decorator' retrieved from /home/airflow/.local/lib/python3.12/site-packages/airflow/example_dags/example_dag_decorator.py
[2024-11-03T00:56:15.824+0000] {logging_mixin.py:190} INFO - [2024-11-03T00:56:15.824+0000] {dag.py:3239} INFO - Sync 1 DAGs
[2024-11-03T00:56:15.835+0000] {logging_mixin.py:190} INFO - [2024-11-03T00:56:15.835+0000] {dag.py:4180} INFO - Setting next_dagrun for example_dag_decorator to None, run_after=None
[2024-11-03T00:56:15.852+0000] {processor.py:208} INFO - Processing /home/airflow/.local/lib/python3.12/site-packages/airflow/example_dags/example_dag_decorator.py took 0.142 seconds
[2024-11-03T00:56:46.089+0000] {processor.py:186} INFO - Started process (PID=1182) to work on /home/airflow/.local/lib/python3.12/site-packages/airflow/example_dags/example_dag_decorator.py
[2024-11-03T00:56:46.090+0000] {processor.py:914} INFO - Processing file /home/airflow/.local/lib/python3.12/site-packages/airflow/example_dags/example_dag_decorator.py for tasks to queue
[2024-11-03T00:56:46.092+0000] {logging_mixin.py:190} INFO - [2024-11-03T00:56:46.092+0000] {dagbag.py:588} INFO - Filling up the DagBag from /home/airflow/.local/lib/python3.12/site-packages/airflow/example_dags/example_dag_decorator.py
[2024-11-03T00:56:46.103+0000] {processor.py:925} INFO - DAG(s) 'example_dag_decorator' retrieved from /home/airflow/.local/lib/python3.12/site-packages/airflow/example_dags/example_dag_decorator.py
[2024-11-03T00:56:46.207+0000] {logging_mixin.py:190} INFO - [2024-11-03T00:56:46.207+0000] {dag.py:3239} INFO - Sync 1 DAGs
[2024-11-03T00:56:46.219+0000] {logging_mixin.py:190} INFO - [2024-11-03T00:56:46.218+0000] {dag.py:4180} INFO - Setting next_dagrun for example_dag_decorator to None, run_after=None
[2024-11-03T00:56:46.237+0000] {processor.py:208} INFO - Processing /home/airflow/.local/lib/python3.12/site-packages/airflow/example_dags/example_dag_decorator.py took 0.154 seconds
[2024-11-03T00:57:16.602+0000] {processor.py:186} INFO - Started process (PID=1245) to work on /home/airflow/.local/lib/python3.12/site-packages/airflow/example_dags/example_dag_decorator.py
[2024-11-03T00:57:16.602+0000] {processor.py:914} INFO - Processing file /home/airflow/.local/lib/python3.12/site-packages/airflow/example_dags/example_dag_decorator.py for tasks to queue
[2024-11-03T00:57:16.604+0000] {logging_mixin.py:190} INFO - [2024-11-03T00:57:16.604+0000] {dagbag.py:588} INFO - Filling up the DagBag from /home/airflow/.local/lib/python3.12/site-packages/airflow/example_dags/example_dag_decorator.py
[2024-11-03T00:57:16.614+0000] {processor.py:925} INFO - DAG(s) 'example_dag_decorator' retrieved from /home/airflow/.local/lib/python3.12/site-packages/airflow/example_dags/example_dag_decorator.py
[2024-11-03T00:57:16.711+0000] {logging_mixin.py:190} INFO - [2024-11-03T00:57:16.710+0000] {dag.py:3239} INFO - Sync 1 DAGs
[2024-11-03T00:57:16.721+0000] {logging_mixin.py:190} INFO - [2024-11-03T00:57:16.721+0000] {dag.py:4180} INFO - Setting next_dagrun for example_dag_decorator to None, run_after=None
[2024-11-03T00:57:16.737+0000] {processor.py:208} INFO - Processing /home/airflow/.local/lib/python3.12/site-packages/airflow/example_dags/example_dag_decorator.py took 0.140 seconds
[2024-11-03T00:57:46.809+0000] {processor.py:186} INFO - Started process (PID=1309) to work on /home/airflow/.local/lib/python3.12/site-packages/airflow/example_dags/example_dag_decorator.py
[2024-11-03T00:57:46.810+0000] {processor.py:914} INFO - Processing file /home/airflow/.local/lib/python3.12/site-packages/airflow/example_dags/example_dag_decorator.py for tasks to queue
[2024-11-03T00:57:46.812+0000] {logging_mixin.py:190} INFO - [2024-11-03T00:57:46.811+0000] {dagbag.py:588} INFO - Filling up the DagBag from /home/airflow/.local/lib/python3.12/site-packages/airflow/example_dags/example_dag_decorator.py
[2024-11-03T00:57:46.821+0000] {processor.py:925} INFO - DAG(s) 'example_dag_decorator' retrieved from /home/airflow/.local/lib/python3.12/site-packages/airflow/example_dags/example_dag_decorator.py
[2024-11-03T00:57:46.840+0000] {logging_mixin.py:190} INFO - [2024-11-03T00:57:46.840+0000] {dag.py:3239} INFO - Sync 1 DAGs
[2024-11-03T00:57:46.852+0000] {logging_mixin.py:190} INFO - [2024-11-03T00:57:46.852+0000] {dag.py:4180} INFO - Setting next_dagrun for example_dag_decorator to None, run_after=None
[2024-11-03T00:57:46.867+0000] {processor.py:208} INFO - Processing /home/airflow/.local/lib/python3.12/site-packages/airflow/example_dags/example_dag_decorator.py took 0.063 seconds
[2024-11-03T00:58:17.078+0000] {processor.py:186} INFO - Started process (PID=1371) to work on /home/airflow/.local/lib/python3.12/site-packages/airflow/example_dags/example_dag_decorator.py
[2024-11-03T00:58:17.078+0000] {processor.py:914} INFO - Processing file /home/airflow/.local/lib/python3.12/site-packages/airflow/example_dags/example_dag_decorator.py for tasks to queue
[2024-11-03T00:58:17.080+0000] {logging_mixin.py:190} INFO - [2024-11-03T00:58:17.080+0000] {dagbag.py:588} INFO - Filling up the DagBag from /home/airflow/.local/lib/python3.12/site-packages/airflow/example_dags/example_dag_decorator.py
[2024-11-03T00:58:17.091+0000] {processor.py:925} INFO - DAG(s) 'example_dag_decorator' retrieved from /home/airflow/.local/lib/python3.12/site-packages/airflow/example_dags/example_dag_decorator.py
[2024-11-03T00:58:17.189+0000] {logging_mixin.py:190} INFO - [2024-11-03T00:58:17.188+0000] {dag.py:3239} INFO - Sync 1 DAGs
[2024-11-03T00:58:17.201+0000] {logging_mixin.py:190} INFO - [2024-11-03T00:58:17.201+0000] {dag.py:4180} INFO - Setting next_dagrun for example_dag_decorator to None, run_after=None
[2024-11-03T00:58:17.217+0000] {processor.py:208} INFO - Processing /home/airflow/.local/lib/python3.12/site-packages/airflow/example_dags/example_dag_decorator.py took 0.144 seconds
[2024-11-03T00:58:47.365+0000] {processor.py:186} INFO - Started process (PID=1434) to work on /home/airflow/.local/lib/python3.12/site-packages/airflow/example_dags/example_dag_decorator.py
[2024-11-03T00:58:47.366+0000] {processor.py:914} INFO - Processing file /home/airflow/.local/lib/python3.12/site-packages/airflow/example_dags/example_dag_decorator.py for tasks to queue
[2024-11-03T00:58:47.368+0000] {logging_mixin.py:190} INFO - [2024-11-03T00:58:47.367+0000] {dagbag.py:588} INFO - Filling up the DagBag from /home/airflow/.local/lib/python3.12/site-packages/airflow/example_dags/example_dag_decorator.py
[2024-11-03T00:58:47.377+0000] {processor.py:925} INFO - DAG(s) 'example_dag_decorator' retrieved from /home/airflow/.local/lib/python3.12/site-packages/airflow/example_dags/example_dag_decorator.py
[2024-11-03T00:58:47.478+0000] {logging_mixin.py:190} INFO - [2024-11-03T00:58:47.478+0000] {dag.py:3239} INFO - Sync 1 DAGs
[2024-11-03T00:58:47.489+0000] {logging_mixin.py:190} INFO - [2024-11-03T00:58:47.488+0000] {dag.py:4180} INFO - Setting next_dagrun for example_dag_decorator to None, run_after=None
[2024-11-03T00:58:47.507+0000] {processor.py:208} INFO - Processing /home/airflow/.local/lib/python3.12/site-packages/airflow/example_dags/example_dag_decorator.py took 0.147 seconds
[2024-11-03T00:59:17.765+0000] {processor.py:186} INFO - Started process (PID=1497) to work on /home/airflow/.local/lib/python3.12/site-packages/airflow/example_dags/example_dag_decorator.py
[2024-11-03T00:59:17.766+0000] {processor.py:914} INFO - Processing file /home/airflow/.local/lib/python3.12/site-packages/airflow/example_dags/example_dag_decorator.py for tasks to queue
[2024-11-03T00:59:17.767+0000] {logging_mixin.py:190} INFO - [2024-11-03T00:59:17.767+0000] {dagbag.py:588} INFO - Filling up the DagBag from /home/airflow/.local/lib/python3.12/site-packages/airflow/example_dags/example_dag_decorator.py
[2024-11-03T00:59:17.777+0000] {processor.py:925} INFO - DAG(s) 'example_dag_decorator' retrieved from /home/airflow/.local/lib/python3.12/site-packages/airflow/example_dags/example_dag_decorator.py
[2024-11-03T00:59:17.870+0000] {logging_mixin.py:190} INFO - [2024-11-03T00:59:17.869+0000] {dag.py:3239} INFO - Sync 1 DAGs
[2024-11-03T00:59:17.880+0000] {logging_mixin.py:190} INFO - [2024-11-03T00:59:17.880+0000] {dag.py:4180} INFO - Setting next_dagrun for example_dag_decorator to None, run_after=None
[2024-11-03T00:59:17.896+0000] {processor.py:208} INFO - Processing /home/airflow/.local/lib/python3.12/site-packages/airflow/example_dags/example_dag_decorator.py took 0.136 seconds
[2024-11-03T00:59:48.042+0000] {processor.py:186} INFO - Started process (PID=1560) to work on /home/airflow/.local/lib/python3.12/site-packages/airflow/example_dags/example_dag_decorator.py
[2024-11-03T00:59:48.043+0000] {processor.py:914} INFO - Processing file /home/airflow/.local/lib/python3.12/site-packages/airflow/example_dags/example_dag_decorator.py for tasks to queue
[2024-11-03T00:59:48.045+0000] {logging_mixin.py:190} INFO - [2024-11-03T00:59:48.044+0000] {dagbag.py:588} INFO - Filling up the DagBag from /home/airflow/.local/lib/python3.12/site-packages/airflow/example_dags/example_dag_decorator.py
[2024-11-03T00:59:48.054+0000] {processor.py:925} INFO - DAG(s) 'example_dag_decorator' retrieved from /home/airflow/.local/lib/python3.12/site-packages/airflow/example_dags/example_dag_decorator.py
[2024-11-03T00:59:48.153+0000] {logging_mixin.py:190} INFO - [2024-11-03T00:59:48.152+0000] {dag.py:3239} INFO - Sync 1 DAGs
[2024-11-03T00:59:48.163+0000] {logging_mixin.py:190} INFO - [2024-11-03T00:59:48.163+0000] {dag.py:4180} INFO - Setting next_dagrun for example_dag_decorator to None, run_after=None
[2024-11-03T00:59:48.179+0000] {processor.py:208} INFO - Processing /home/airflow/.local/lib/python3.12/site-packages/airflow/example_dags/example_dag_decorator.py took 0.142 seconds
[2024-11-03T01:00:18.804+0000] {processor.py:186} INFO - Started process (PID=1624) to work on /home/airflow/.local/lib/python3.12/site-packages/airflow/example_dags/example_dag_decorator.py
[2024-11-03T01:00:18.805+0000] {processor.py:914} INFO - Processing file /home/airflow/.local/lib/python3.12/site-packages/airflow/example_dags/example_dag_decorator.py for tasks to queue
[2024-11-03T01:00:18.807+0000] {logging_mixin.py:190} INFO - [2024-11-03T01:00:18.807+0000] {dagbag.py:588} INFO - Filling up the DagBag from /home/airflow/.local/lib/python3.12/site-packages/airflow/example_dags/example_dag_decorator.py
[2024-11-03T01:00:18.816+0000] {processor.py:925} INFO - DAG(s) 'example_dag_decorator' retrieved from /home/airflow/.local/lib/python3.12/site-packages/airflow/example_dags/example_dag_decorator.py
[2024-11-03T01:00:18.912+0000] {logging_mixin.py:190} INFO - [2024-11-03T01:00:18.912+0000] {dag.py:3239} INFO - Sync 1 DAGs
[2024-11-03T01:00:18.923+0000] {logging_mixin.py:190} INFO - [2024-11-03T01:00:18.923+0000] {dag.py:4180} INFO - Setting next_dagrun for example_dag_decorator to None, run_after=None
[2024-11-03T01:00:18.939+0000] {processor.py:208} INFO - Processing /home/airflow/.local/lib/python3.12/site-packages/airflow/example_dags/example_dag_decorator.py took 0.140 seconds
[2024-11-03T01:00:49.279+0000] {processor.py:186} INFO - Started process (PID=1686) to work on /home/airflow/.local/lib/python3.12/site-packages/airflow/example_dags/example_dag_decorator.py
[2024-11-03T01:00:49.280+0000] {processor.py:914} INFO - Processing file /home/airflow/.local/lib/python3.12/site-packages/airflow/example_dags/example_dag_decorator.py for tasks to queue
[2024-11-03T01:00:49.282+0000] {logging_mixin.py:190} INFO - [2024-11-03T01:00:49.281+0000] {dagbag.py:588} INFO - Filling up the DagBag from /home/airflow/.local/lib/python3.12/site-packages/airflow/example_dags/example_dag_decorator.py
[2024-11-03T01:00:49.291+0000] {processor.py:925} INFO - DAG(s) 'example_dag_decorator' retrieved from /home/airflow/.local/lib/python3.12/site-packages/airflow/example_dags/example_dag_decorator.py
[2024-11-03T01:00:49.311+0000] {logging_mixin.py:190} INFO - [2024-11-03T01:00:49.311+0000] {dag.py:3239} INFO - Sync 1 DAGs
[2024-11-03T01:00:49.325+0000] {logging_mixin.py:190} INFO - [2024-11-03T01:00:49.324+0000] {dag.py:4180} INFO - Setting next_dagrun for example_dag_decorator to None, run_after=None
[2024-11-03T01:00:49.342+0000] {processor.py:208} INFO - Processing /home/airflow/.local/lib/python3.12/site-packages/airflow/example_dags/example_dag_decorator.py took 0.068 seconds
[2024-11-03T01:01:19.710+0000] {processor.py:186} INFO - Started process (PID=1749) to work on /home/airflow/.local/lib/python3.12/site-packages/airflow/example_dags/example_dag_decorator.py
[2024-11-03T01:01:19.710+0000] {processor.py:914} INFO - Processing file /home/airflow/.local/lib/python3.12/site-packages/airflow/example_dags/example_dag_decorator.py for tasks to queue
[2024-11-03T01:01:19.712+0000] {logging_mixin.py:190} INFO - [2024-11-03T01:01:19.712+0000] {dagbag.py:588} INFO - Filling up the DagBag from /home/airflow/.local/lib/python3.12/site-packages/airflow/example_dags/example_dag_decorator.py
[2024-11-03T01:01:19.722+0000] {processor.py:925} INFO - DAG(s) 'example_dag_decorator' retrieved from /home/airflow/.local/lib/python3.12/site-packages/airflow/example_dags/example_dag_decorator.py
[2024-11-03T01:01:19.741+0000] {logging_mixin.py:190} INFO - [2024-11-03T01:01:19.741+0000] {dag.py:3239} INFO - Sync 1 DAGs
[2024-11-03T01:01:19.753+0000] {logging_mixin.py:190} INFO - [2024-11-03T01:01:19.753+0000] {dag.py:4180} INFO - Setting next_dagrun for example_dag_decorator to None, run_after=None
[2024-11-03T01:01:19.769+0000] {processor.py:208} INFO - Processing /home/airflow/.local/lib/python3.12/site-packages/airflow/example_dags/example_dag_decorator.py took 0.064 seconds
[2024-11-03T01:01:50.093+0000] {processor.py:186} INFO - Started process (PID=1812) to work on /home/airflow/.local/lib/python3.12/site-packages/airflow/example_dags/example_dag_decorator.py
[2024-11-03T01:01:50.094+0000] {processor.py:914} INFO - Processing file /home/airflow/.local/lib/python3.12/site-packages/airflow/example_dags/example_dag_decorator.py for tasks to queue
[2024-11-03T01:01:50.096+0000] {logging_mixin.py:190} INFO - [2024-11-03T01:01:50.095+0000] {dagbag.py:588} INFO - Filling up the DagBag from /home/airflow/.local/lib/python3.12/site-packages/airflow/example_dags/example_dag_decorator.py
[2024-11-03T01:01:50.105+0000] {processor.py:925} INFO - DAG(s) 'example_dag_decorator' retrieved from /home/airflow/.local/lib/python3.12/site-packages/airflow/example_dags/example_dag_decorator.py
[2024-11-03T01:01:50.205+0000] {logging_mixin.py:190} INFO - [2024-11-03T01:01:50.205+0000] {dag.py:3239} INFO - Sync 1 DAGs
[2024-11-03T01:01:50.217+0000] {logging_mixin.py:190} INFO - [2024-11-03T01:01:50.217+0000] {dag.py:4180} INFO - Setting next_dagrun for example_dag_decorator to None, run_after=None
[2024-11-03T01:01:50.233+0000] {processor.py:208} INFO - Processing /home/airflow/.local/lib/python3.12/site-packages/airflow/example_dags/example_dag_decorator.py took 0.144 seconds
[2024-11-03T01:02:20.396+0000] {processor.py:186} INFO - Started process (PID=1875) to work on /home/airflow/.local/lib/python3.12/site-packages/airflow/example_dags/example_dag_decorator.py
[2024-11-03T01:02:20.397+0000] {processor.py:914} INFO - Processing file /home/airflow/.local/lib/python3.12/site-packages/airflow/example_dags/example_dag_decorator.py for tasks to queue
[2024-11-03T01:02:20.400+0000] {logging_mixin.py:190} INFO - [2024-11-03T01:02:20.399+0000] {dagbag.py:588} INFO - Filling up the DagBag from /home/airflow/.local/lib/python3.12/site-packages/airflow/example_dags/example_dag_decorator.py
[2024-11-03T01:02:20.410+0000] {processor.py:925} INFO - DAG(s) 'example_dag_decorator' retrieved from /home/airflow/.local/lib/python3.12/site-packages/airflow/example_dags/example_dag_decorator.py
[2024-11-03T01:02:20.509+0000] {logging_mixin.py:190} INFO - [2024-11-03T01:02:20.509+0000] {dag.py:3239} INFO - Sync 1 DAGs
[2024-11-03T01:02:20.522+0000] {logging_mixin.py:190} INFO - [2024-11-03T01:02:20.522+0000] {dag.py:4180} INFO - Setting next_dagrun for example_dag_decorator to None, run_after=None
[2024-11-03T01:02:20.539+0000] {processor.py:208} INFO - Processing /home/airflow/.local/lib/python3.12/site-packages/airflow/example_dags/example_dag_decorator.py took 0.147 seconds
[2024-11-03T01:02:50.747+0000] {processor.py:186} INFO - Started process (PID=1939) to work on /home/airflow/.local/lib/python3.12/site-packages/airflow/example_dags/example_dag_decorator.py
[2024-11-03T01:02:50.747+0000] {processor.py:914} INFO - Processing file /home/airflow/.local/lib/python3.12/site-packages/airflow/example_dags/example_dag_decorator.py for tasks to queue
[2024-11-03T01:02:50.749+0000] {logging_mixin.py:190} INFO - [2024-11-03T01:02:50.749+0000] {dagbag.py:588} INFO - Filling up the DagBag from /home/airflow/.local/lib/python3.12/site-packages/airflow/example_dags/example_dag_decorator.py
[2024-11-03T01:02:50.758+0000] {processor.py:925} INFO - DAG(s) 'example_dag_decorator' retrieved from /home/airflow/.local/lib/python3.12/site-packages/airflow/example_dags/example_dag_decorator.py
[2024-11-03T01:02:50.852+0000] {logging_mixin.py:190} INFO - [2024-11-03T01:02:50.852+0000] {dag.py:3239} INFO - Sync 1 DAGs
[2024-11-03T01:02:50.863+0000] {logging_mixin.py:190} INFO - [2024-11-03T01:02:50.863+0000] {dag.py:4180} INFO - Setting next_dagrun for example_dag_decorator to None, run_after=None
[2024-11-03T01:02:50.879+0000] {processor.py:208} INFO - Processing /home/airflow/.local/lib/python3.12/site-packages/airflow/example_dags/example_dag_decorator.py took 0.137 seconds
[2024-11-03T01:03:21.391+0000] {processor.py:186} INFO - Started process (PID=2002) to work on /home/airflow/.local/lib/python3.12/site-packages/airflow/example_dags/example_dag_decorator.py
[2024-11-03T01:03:21.392+0000] {processor.py:914} INFO - Processing file /home/airflow/.local/lib/python3.12/site-packages/airflow/example_dags/example_dag_decorator.py for tasks to queue
[2024-11-03T01:03:21.394+0000] {logging_mixin.py:190} INFO - [2024-11-03T01:03:21.393+0000] {dagbag.py:588} INFO - Filling up the DagBag from /home/airflow/.local/lib/python3.12/site-packages/airflow/example_dags/example_dag_decorator.py
[2024-11-03T01:03:21.403+0000] {processor.py:925} INFO - DAG(s) 'example_dag_decorator' retrieved from /home/airflow/.local/lib/python3.12/site-packages/airflow/example_dags/example_dag_decorator.py
[2024-11-03T01:03:21.500+0000] {logging_mixin.py:190} INFO - [2024-11-03T01:03:21.500+0000] {dag.py:3239} INFO - Sync 1 DAGs
[2024-11-03T01:03:21.512+0000] {logging_mixin.py:190} INFO - [2024-11-03T01:03:21.512+0000] {dag.py:4180} INFO - Setting next_dagrun for example_dag_decorator to None, run_after=None
[2024-11-03T01:03:21.531+0000] {processor.py:208} INFO - Processing /home/airflow/.local/lib/python3.12/site-packages/airflow/example_dags/example_dag_decorator.py took 0.144 seconds
[2024-11-03T01:03:52.185+0000] {processor.py:186} INFO - Started process (PID=2064) to work on /home/airflow/.local/lib/python3.12/site-packages/airflow/example_dags/example_dag_decorator.py
[2024-11-03T01:03:52.186+0000] {processor.py:914} INFO - Processing file /home/airflow/.local/lib/python3.12/site-packages/airflow/example_dags/example_dag_decorator.py for tasks to queue
[2024-11-03T01:03:52.188+0000] {logging_mixin.py:190} INFO - [2024-11-03T01:03:52.187+0000] {dagbag.py:588} INFO - Filling up the DagBag from /home/airflow/.local/lib/python3.12/site-packages/airflow/example_dags/example_dag_decorator.py
[2024-11-03T01:03:52.197+0000] {processor.py:925} INFO - DAG(s) 'example_dag_decorator' retrieved from /home/airflow/.local/lib/python3.12/site-packages/airflow/example_dags/example_dag_decorator.py
[2024-11-03T01:03:52.301+0000] {logging_mixin.py:190} INFO - [2024-11-03T01:03:52.301+0000] {dag.py:3239} INFO - Sync 1 DAGs
[2024-11-03T01:03:52.312+0000] {logging_mixin.py:190} INFO - [2024-11-03T01:03:52.312+0000] {dag.py:4180} INFO - Setting next_dagrun for example_dag_decorator to None, run_after=None
[2024-11-03T01:03:52.328+0000] {processor.py:208} INFO - Processing /home/airflow/.local/lib/python3.12/site-packages/airflow/example_dags/example_dag_decorator.py took 0.149 seconds
[2024-11-03T01:04:22.990+0000] {processor.py:186} INFO - Started process (PID=2127) to work on /home/airflow/.local/lib/python3.12/site-packages/airflow/example_dags/example_dag_decorator.py
[2024-11-03T01:04:22.991+0000] {processor.py:914} INFO - Processing file /home/airflow/.local/lib/python3.12/site-packages/airflow/example_dags/example_dag_decorator.py for tasks to queue
[2024-11-03T01:04:22.993+0000] {logging_mixin.py:190} INFO - [2024-11-03T01:04:22.992+0000] {dagbag.py:588} INFO - Filling up the DagBag from /home/airflow/.local/lib/python3.12/site-packages/airflow/example_dags/example_dag_decorator.py
[2024-11-03T01:04:23.002+0000] {processor.py:925} INFO - DAG(s) 'example_dag_decorator' retrieved from /home/airflow/.local/lib/python3.12/site-packages/airflow/example_dags/example_dag_decorator.py
[2024-11-03T01:04:23.111+0000] {logging_mixin.py:190} INFO - [2024-11-03T01:04:23.110+0000] {dag.py:3239} INFO - Sync 1 DAGs
[2024-11-03T01:04:23.125+0000] {logging_mixin.py:190} INFO - [2024-11-03T01:04:23.124+0000] {dag.py:4180} INFO - Setting next_dagrun for example_dag_decorator to None, run_after=None
[2024-11-03T01:04:23.146+0000] {processor.py:208} INFO - Processing /home/airflow/.local/lib/python3.12/site-packages/airflow/example_dags/example_dag_decorator.py took 0.161 seconds
[2024-11-03T01:04:53.519+0000] {processor.py:186} INFO - Started process (PID=2190) to work on /home/airflow/.local/lib/python3.12/site-packages/airflow/example_dags/example_dag_decorator.py
[2024-11-03T01:04:53.520+0000] {processor.py:914} INFO - Processing file /home/airflow/.local/lib/python3.12/site-packages/airflow/example_dags/example_dag_decorator.py for tasks to queue
[2024-11-03T01:04:53.522+0000] {logging_mixin.py:190} INFO - [2024-11-03T01:04:53.521+0000] {dagbag.py:588} INFO - Filling up the DagBag from /home/airflow/.local/lib/python3.12/site-packages/airflow/example_dags/example_dag_decorator.py
[2024-11-03T01:04:53.531+0000] {processor.py:925} INFO - DAG(s) 'example_dag_decorator' retrieved from /home/airflow/.local/lib/python3.12/site-packages/airflow/example_dags/example_dag_decorator.py
[2024-11-03T01:04:53.629+0000] {logging_mixin.py:190} INFO - [2024-11-03T01:04:53.628+0000] {dag.py:3239} INFO - Sync 1 DAGs
[2024-11-03T01:04:53.639+0000] {logging_mixin.py:190} INFO - [2024-11-03T01:04:53.639+0000] {dag.py:4180} INFO - Setting next_dagrun for example_dag_decorator to None, run_after=None
[2024-11-03T01:04:53.655+0000] {processor.py:208} INFO - Processing /home/airflow/.local/lib/python3.12/site-packages/airflow/example_dags/example_dag_decorator.py took 0.141 seconds
[2024-11-03T01:05:24.175+0000] {processor.py:186} INFO - Started process (PID=2253) to work on /home/airflow/.local/lib/python3.12/site-packages/airflow/example_dags/example_dag_decorator.py
[2024-11-03T01:05:24.176+0000] {processor.py:914} INFO - Processing file /home/airflow/.local/lib/python3.12/site-packages/airflow/example_dags/example_dag_decorator.py for tasks to queue
[2024-11-03T01:05:24.178+0000] {logging_mixin.py:190} INFO - [2024-11-03T01:05:24.178+0000] {dagbag.py:588} INFO - Filling up the DagBag from /home/airflow/.local/lib/python3.12/site-packages/airflow/example_dags/example_dag_decorator.py
[2024-11-03T01:05:24.190+0000] {processor.py:925} INFO - DAG(s) 'example_dag_decorator' retrieved from /home/airflow/.local/lib/python3.12/site-packages/airflow/example_dags/example_dag_decorator.py
[2024-11-03T01:05:24.307+0000] {logging_mixin.py:190} INFO - [2024-11-03T01:05:24.307+0000] {dag.py:3239} INFO - Sync 1 DAGs
[2024-11-03T01:05:24.318+0000] {logging_mixin.py:190} INFO - [2024-11-03T01:05:24.318+0000] {dag.py:4180} INFO - Setting next_dagrun for example_dag_decorator to None, run_after=None
[2024-11-03T01:05:24.336+0000] {processor.py:208} INFO - Processing /home/airflow/.local/lib/python3.12/site-packages/airflow/example_dags/example_dag_decorator.py took 0.168 seconds
[2024-11-03T01:05:54.622+0000] {processor.py:186} INFO - Started process (PID=2317) to work on /home/airflow/.local/lib/python3.12/site-packages/airflow/example_dags/example_dag_decorator.py
[2024-11-03T01:05:54.623+0000] {processor.py:914} INFO - Processing file /home/airflow/.local/lib/python3.12/site-packages/airflow/example_dags/example_dag_decorator.py for tasks to queue
[2024-11-03T01:05:54.625+0000] {logging_mixin.py:190} INFO - [2024-11-03T01:05:54.625+0000] {dagbag.py:588} INFO - Filling up the DagBag from /home/airflow/.local/lib/python3.12/site-packages/airflow/example_dags/example_dag_decorator.py
[2024-11-03T01:05:54.636+0000] {processor.py:925} INFO - DAG(s) 'example_dag_decorator' retrieved from /home/airflow/.local/lib/python3.12/site-packages/airflow/example_dags/example_dag_decorator.py
[2024-11-03T01:05:54.739+0000] {logging_mixin.py:190} INFO - [2024-11-03T01:05:54.738+0000] {dag.py:3239} INFO - Sync 1 DAGs
[2024-11-03T01:05:54.750+0000] {logging_mixin.py:190} INFO - [2024-11-03T01:05:54.750+0000] {dag.py:4180} INFO - Setting next_dagrun for example_dag_decorator to None, run_after=None
[2024-11-03T01:05:54.768+0000] {processor.py:208} INFO - Processing /home/airflow/.local/lib/python3.12/site-packages/airflow/example_dags/example_dag_decorator.py took 0.152 seconds
[2024-11-03T01:06:25.438+0000] {processor.py:186} INFO - Started process (PID=2379) to work on /home/airflow/.local/lib/python3.12/site-packages/airflow/example_dags/example_dag_decorator.py
[2024-11-03T01:06:25.439+0000] {processor.py:914} INFO - Processing file /home/airflow/.local/lib/python3.12/site-packages/airflow/example_dags/example_dag_decorator.py for tasks to queue
[2024-11-03T01:06:25.441+0000] {logging_mixin.py:190} INFO - [2024-11-03T01:06:25.441+0000] {dagbag.py:588} INFO - Filling up the DagBag from /home/airflow/.local/lib/python3.12/site-packages/airflow/example_dags/example_dag_decorator.py
[2024-11-03T01:06:25.453+0000] {processor.py:925} INFO - DAG(s) 'example_dag_decorator' retrieved from /home/airflow/.local/lib/python3.12/site-packages/airflow/example_dags/example_dag_decorator.py
[2024-11-03T01:06:25.479+0000] {logging_mixin.py:190} INFO - [2024-11-03T01:06:25.478+0000] {dag.py:3239} INFO - Sync 1 DAGs
[2024-11-03T01:06:25.495+0000] {logging_mixin.py:190} INFO - [2024-11-03T01:06:25.495+0000] {dag.py:4180} INFO - Setting next_dagrun for example_dag_decorator to None, run_after=None
[2024-11-03T01:06:25.521+0000] {processor.py:208} INFO - Processing /home/airflow/.local/lib/python3.12/site-packages/airflow/example_dags/example_dag_decorator.py took 0.088 seconds
