[2024-11-03T00:00:04.978+0000] {processor.py:186} INFO - Started process (PID=811) to work on /home/airflow/.local/lib/python3.12/site-packages/airflow/example_dags/example_latest_only.py
[2024-11-03T00:00:04.979+0000] {processor.py:914} INFO - Processing file /home/airflow/.local/lib/python3.12/site-packages/airflow/example_dags/example_latest_only.py for tasks to queue
[2024-11-03T00:00:04.981+0000] {logging_mixin.py:190} INFO - [2024-11-03T00:00:04.981+0000] {dagbag.py:588} INFO - Filling up the DagBag from /home/airflow/.local/lib/python3.12/site-packages/airflow/example_dags/example_latest_only.py
[2024-11-03T00:00:04.987+0000] {processor.py:925} INFO - DAG(s) 'latest_only' retrieved from /home/airflow/.local/lib/python3.12/site-packages/airflow/example_dags/example_latest_only.py
[2024-11-03T00:00:05.006+0000] {logging_mixin.py:190} INFO - [2024-11-03T00:00:05.006+0000] {dag.py:3239} INFO - Sync 1 DAGs
[2024-11-03T00:00:05.030+0000] {logging_mixin.py:190} INFO - [2024-11-03T00:00:05.029+0000] {dag.py:4180} INFO - Setting next_dagrun for latest_only to 2024-11-02 20:00:00+00:00, run_after=2024-11-03 00:00:00+00:00
[2024-11-03T00:00:05.047+0000] {processor.py:208} INFO - Processing /home/airflow/.local/lib/python3.12/site-packages/airflow/example_dags/example_latest_only.py took 0.074 seconds
[2024-11-03T00:00:35.673+0000] {processor.py:186} INFO - Started process (PID=874) to work on /home/airflow/.local/lib/python3.12/site-packages/airflow/example_dags/example_latest_only.py
[2024-11-03T00:00:35.674+0000] {processor.py:914} INFO - Processing file /home/airflow/.local/lib/python3.12/site-packages/airflow/example_dags/example_latest_only.py for tasks to queue
[2024-11-03T00:00:35.675+0000] {logging_mixin.py:190} INFO - [2024-11-03T00:00:35.675+0000] {dagbag.py:588} INFO - Filling up the DagBag from /home/airflow/.local/lib/python3.12/site-packages/airflow/example_dags/example_latest_only.py
[2024-11-03T00:00:35.681+0000] {processor.py:925} INFO - DAG(s) 'latest_only' retrieved from /home/airflow/.local/lib/python3.12/site-packages/airflow/example_dags/example_latest_only.py
[2024-11-03T00:00:35.700+0000] {logging_mixin.py:190} INFO - [2024-11-03T00:00:35.700+0000] {dag.py:3239} INFO - Sync 1 DAGs
[2024-11-03T00:00:35.722+0000] {logging_mixin.py:190} INFO - [2024-11-03T00:00:35.722+0000] {dag.py:4180} INFO - Setting next_dagrun for latest_only to 2024-11-02 20:00:00+00:00, run_after=2024-11-03 00:00:00+00:00
[2024-11-03T00:00:35.739+0000] {processor.py:208} INFO - Processing /home/airflow/.local/lib/python3.12/site-packages/airflow/example_dags/example_latest_only.py took 0.070 seconds
[2024-11-03T00:01:06.721+0000] {processor.py:186} INFO - Started process (PID=937) to work on /home/airflow/.local/lib/python3.12/site-packages/airflow/example_dags/example_latest_only.py
[2024-11-03T00:01:06.722+0000] {processor.py:914} INFO - Processing file /home/airflow/.local/lib/python3.12/site-packages/airflow/example_dags/example_latest_only.py for tasks to queue
[2024-11-03T00:01:06.724+0000] {logging_mixin.py:190} INFO - [2024-11-03T00:01:06.724+0000] {dagbag.py:588} INFO - Filling up the DagBag from /home/airflow/.local/lib/python3.12/site-packages/airflow/example_dags/example_latest_only.py
[2024-11-03T00:01:06.730+0000] {processor.py:925} INFO - DAG(s) 'latest_only' retrieved from /home/airflow/.local/lib/python3.12/site-packages/airflow/example_dags/example_latest_only.py
[2024-11-03T00:01:06.748+0000] {logging_mixin.py:190} INFO - [2024-11-03T00:01:06.748+0000] {dag.py:3239} INFO - Sync 1 DAGs
[2024-11-03T00:01:06.768+0000] {logging_mixin.py:190} INFO - [2024-11-03T00:01:06.768+0000] {dag.py:4180} INFO - Setting next_dagrun for latest_only to 2024-11-02 20:00:00+00:00, run_after=2024-11-03 00:00:00+00:00
[2024-11-03T00:01:06.784+0000] {processor.py:208} INFO - Processing /home/airflow/.local/lib/python3.12/site-packages/airflow/example_dags/example_latest_only.py took 0.067 seconds
[2024-11-03T00:01:37.034+0000] {processor.py:186} INFO - Started process (PID=1000) to work on /home/airflow/.local/lib/python3.12/site-packages/airflow/example_dags/example_latest_only.py
[2024-11-03T00:01:37.035+0000] {processor.py:914} INFO - Processing file /home/airflow/.local/lib/python3.12/site-packages/airflow/example_dags/example_latest_only.py for tasks to queue
[2024-11-03T00:01:37.037+0000] {logging_mixin.py:190} INFO - [2024-11-03T00:01:37.036+0000] {dagbag.py:588} INFO - Filling up the DagBag from /home/airflow/.local/lib/python3.12/site-packages/airflow/example_dags/example_latest_only.py
[2024-11-03T00:01:37.042+0000] {processor.py:925} INFO - DAG(s) 'latest_only' retrieved from /home/airflow/.local/lib/python3.12/site-packages/airflow/example_dags/example_latest_only.py
[2024-11-03T00:01:37.060+0000] {logging_mixin.py:190} INFO - [2024-11-03T00:01:37.060+0000] {dag.py:3239} INFO - Sync 1 DAGs
[2024-11-03T00:01:37.079+0000] {logging_mixin.py:190} INFO - [2024-11-03T00:01:37.078+0000] {dag.py:4180} INFO - Setting next_dagrun for latest_only to 2024-11-02 20:00:00+00:00, run_after=2024-11-03 00:00:00+00:00
[2024-11-03T00:01:37.094+0000] {processor.py:208} INFO - Processing /home/airflow/.local/lib/python3.12/site-packages/airflow/example_dags/example_latest_only.py took 0.065 seconds
[2024-11-03T00:48:08.687+0000] {processor.py:186} INFO - Started process (PID=116) to work on /home/airflow/.local/lib/python3.12/site-packages/airflow/example_dags/example_latest_only.py
[2024-11-03T00:48:08.688+0000] {processor.py:914} INFO - Processing file /home/airflow/.local/lib/python3.12/site-packages/airflow/example_dags/example_latest_only.py for tasks to queue
[2024-11-03T00:48:08.689+0000] {logging_mixin.py:190} INFO - [2024-11-03T00:48:08.689+0000] {dagbag.py:588} INFO - Filling up the DagBag from /home/airflow/.local/lib/python3.12/site-packages/airflow/example_dags/example_latest_only.py
[2024-11-03T00:48:08.696+0000] {processor.py:925} INFO - DAG(s) 'latest_only' retrieved from /home/airflow/.local/lib/python3.12/site-packages/airflow/example_dags/example_latest_only.py
[2024-11-03T00:48:08.785+0000] {logging_mixin.py:190} INFO - [2024-11-03T00:48:08.784+0000] {override.py:1900} INFO - Created Permission View: can delete on DAG:latest_only
[2024-11-03T00:48:08.793+0000] {logging_mixin.py:190} INFO - [2024-11-03T00:48:08.793+0000] {override.py:1900} INFO - Created Permission View: can edit on DAG:latest_only
[2024-11-03T00:48:08.799+0000] {logging_mixin.py:190} INFO - [2024-11-03T00:48:08.799+0000] {override.py:1900} INFO - Created Permission View: can read on DAG:latest_only
[2024-11-03T00:48:08.807+0000] {logging_mixin.py:190} INFO - [2024-11-03T00:48:08.807+0000] {override.py:1900} INFO - Created Permission View: can create on DAG Run:latest_only
[2024-11-03T00:48:08.813+0000] {logging_mixin.py:190} INFO - [2024-11-03T00:48:08.813+0000] {override.py:1900} INFO - Created Permission View: can delete on DAG Run:latest_only
[2024-11-03T00:48:08.819+0000] {logging_mixin.py:190} INFO - [2024-11-03T00:48:08.819+0000] {override.py:1900} INFO - Created Permission View: menu access on DAG Run:latest_only
[2024-11-03T00:48:08.825+0000] {logging_mixin.py:190} INFO - [2024-11-03T00:48:08.825+0000] {override.py:1900} INFO - Created Permission View: can read on DAG Run:latest_only
[2024-11-03T00:48:08.825+0000] {logging_mixin.py:190} INFO - [2024-11-03T00:48:08.825+0000] {dag.py:3239} INFO - Sync 1 DAGs
[2024-11-03T00:48:08.836+0000] {logging_mixin.py:190} INFO - [2024-11-03T00:48:08.836+0000] {dag.py:3262} INFO - Creating ORM DAG for latest_only
[2024-11-03T00:48:08.844+0000] {logging_mixin.py:190} INFO - [2024-11-03T00:48:08.843+0000] {dag.py:4180} INFO - Setting next_dagrun for latest_only to 2024-11-02 20:00:00+00:00, run_after=2024-11-03 00:00:00+00:00
[2024-11-03T00:48:08.858+0000] {processor.py:208} INFO - Processing /home/airflow/.local/lib/python3.12/site-packages/airflow/example_dags/example_latest_only.py took 0.176 seconds
[2024-11-03T00:48:38.905+0000] {processor.py:186} INFO - Started process (PID=179) to work on /home/airflow/.local/lib/python3.12/site-packages/airflow/example_dags/example_latest_only.py
[2024-11-03T00:48:38.906+0000] {processor.py:914} INFO - Processing file /home/airflow/.local/lib/python3.12/site-packages/airflow/example_dags/example_latest_only.py for tasks to queue
[2024-11-03T00:48:38.908+0000] {logging_mixin.py:190} INFO - [2024-11-03T00:48:38.908+0000] {dagbag.py:588} INFO - Filling up the DagBag from /home/airflow/.local/lib/python3.12/site-packages/airflow/example_dags/example_latest_only.py
[2024-11-03T00:48:38.914+0000] {processor.py:925} INFO - DAG(s) 'latest_only' retrieved from /home/airflow/.local/lib/python3.12/site-packages/airflow/example_dags/example_latest_only.py
[2024-11-03T00:48:38.932+0000] {logging_mixin.py:190} INFO - [2024-11-03T00:48:38.932+0000] {dag.py:3239} INFO - Sync 1 DAGs
[2024-11-03T00:48:38.951+0000] {logging_mixin.py:190} INFO - [2024-11-03T00:48:38.951+0000] {dag.py:4180} INFO - Setting next_dagrun for latest_only to 2024-11-02 20:00:00+00:00, run_after=2024-11-03 00:00:00+00:00
[2024-11-03T00:48:38.966+0000] {processor.py:208} INFO - Processing /home/airflow/.local/lib/python3.12/site-packages/airflow/example_dags/example_latest_only.py took 0.066 seconds
[2024-11-03T00:49:09.366+0000] {processor.py:186} INFO - Started process (PID=242) to work on /home/airflow/.local/lib/python3.12/site-packages/airflow/example_dags/example_latest_only.py
[2024-11-03T00:49:09.366+0000] {processor.py:914} INFO - Processing file /home/airflow/.local/lib/python3.12/site-packages/airflow/example_dags/example_latest_only.py for tasks to queue
[2024-11-03T00:49:09.368+0000] {logging_mixin.py:190} INFO - [2024-11-03T00:49:09.368+0000] {dagbag.py:588} INFO - Filling up the DagBag from /home/airflow/.local/lib/python3.12/site-packages/airflow/example_dags/example_latest_only.py
[2024-11-03T00:49:09.374+0000] {processor.py:925} INFO - DAG(s) 'latest_only' retrieved from /home/airflow/.local/lib/python3.12/site-packages/airflow/example_dags/example_latest_only.py
[2024-11-03T00:49:09.392+0000] {logging_mixin.py:190} INFO - [2024-11-03T00:49:09.392+0000] {dag.py:3239} INFO - Sync 1 DAGs
[2024-11-03T00:49:09.415+0000] {logging_mixin.py:190} INFO - [2024-11-03T00:49:09.415+0000] {dag.py:4180} INFO - Setting next_dagrun for latest_only to 2024-11-02 20:00:00+00:00, run_after=2024-11-03 00:00:00+00:00
[2024-11-03T00:49:09.432+0000] {processor.py:208} INFO - Processing /home/airflow/.local/lib/python3.12/site-packages/airflow/example_dags/example_latest_only.py took 0.071 seconds
[2024-11-03T00:49:39.726+0000] {processor.py:186} INFO - Started process (PID=305) to work on /home/airflow/.local/lib/python3.12/site-packages/airflow/example_dags/example_latest_only.py
[2024-11-03T00:49:39.726+0000] {processor.py:914} INFO - Processing file /home/airflow/.local/lib/python3.12/site-packages/airflow/example_dags/example_latest_only.py for tasks to queue
[2024-11-03T00:49:39.729+0000] {logging_mixin.py:190} INFO - [2024-11-03T00:49:39.728+0000] {dagbag.py:588} INFO - Filling up the DagBag from /home/airflow/.local/lib/python3.12/site-packages/airflow/example_dags/example_latest_only.py
[2024-11-03T00:49:39.734+0000] {processor.py:925} INFO - DAG(s) 'latest_only' retrieved from /home/airflow/.local/lib/python3.12/site-packages/airflow/example_dags/example_latest_only.py
[2024-11-03T00:49:39.751+0000] {logging_mixin.py:190} INFO - [2024-11-03T00:49:39.751+0000] {dag.py:3239} INFO - Sync 1 DAGs
[2024-11-03T00:49:39.772+0000] {logging_mixin.py:190} INFO - [2024-11-03T00:49:39.772+0000] {dag.py:4180} INFO - Setting next_dagrun for latest_only to 2024-11-02 20:00:00+00:00, run_after=2024-11-03 00:00:00+00:00
[2024-11-03T00:49:39.787+0000] {processor.py:208} INFO - Processing /home/airflow/.local/lib/python3.12/site-packages/airflow/example_dags/example_latest_only.py took 0.066 seconds
[2024-11-03T00:50:10.286+0000] {processor.py:186} INFO - Started process (PID=368) to work on /home/airflow/.local/lib/python3.12/site-packages/airflow/example_dags/example_latest_only.py
[2024-11-03T00:50:10.287+0000] {processor.py:914} INFO - Processing file /home/airflow/.local/lib/python3.12/site-packages/airflow/example_dags/example_latest_only.py for tasks to queue
[2024-11-03T00:50:10.290+0000] {logging_mixin.py:190} INFO - [2024-11-03T00:50:10.290+0000] {dagbag.py:588} INFO - Filling up the DagBag from /home/airflow/.local/lib/python3.12/site-packages/airflow/example_dags/example_latest_only.py
[2024-11-03T00:50:10.296+0000] {processor.py:925} INFO - DAG(s) 'latest_only' retrieved from /home/airflow/.local/lib/python3.12/site-packages/airflow/example_dags/example_latest_only.py
[2024-11-03T00:50:10.315+0000] {logging_mixin.py:190} INFO - [2024-11-03T00:50:10.314+0000] {dag.py:3239} INFO - Sync 1 DAGs
[2024-11-03T00:50:10.338+0000] {logging_mixin.py:190} INFO - [2024-11-03T00:50:10.338+0000] {dag.py:4180} INFO - Setting next_dagrun for latest_only to 2024-11-02 20:00:00+00:00, run_after=2024-11-03 00:00:00+00:00
[2024-11-03T00:50:10.358+0000] {processor.py:208} INFO - Processing /home/airflow/.local/lib/python3.12/site-packages/airflow/example_dags/example_latest_only.py took 0.077 seconds
[2024-11-03T00:50:40.816+0000] {processor.py:186} INFO - Started process (PID=431) to work on /home/airflow/.local/lib/python3.12/site-packages/airflow/example_dags/example_latest_only.py
[2024-11-03T00:50:40.817+0000] {processor.py:914} INFO - Processing file /home/airflow/.local/lib/python3.12/site-packages/airflow/example_dags/example_latest_only.py for tasks to queue
[2024-11-03T00:50:40.819+0000] {logging_mixin.py:190} INFO - [2024-11-03T00:50:40.819+0000] {dagbag.py:588} INFO - Filling up the DagBag from /home/airflow/.local/lib/python3.12/site-packages/airflow/example_dags/example_latest_only.py
[2024-11-03T00:50:40.824+0000] {processor.py:925} INFO - DAG(s) 'latest_only' retrieved from /home/airflow/.local/lib/python3.12/site-packages/airflow/example_dags/example_latest_only.py
[2024-11-03T00:50:40.841+0000] {logging_mixin.py:190} INFO - [2024-11-03T00:50:40.841+0000] {dag.py:3239} INFO - Sync 1 DAGs
[2024-11-03T00:50:40.860+0000] {logging_mixin.py:190} INFO - [2024-11-03T00:50:40.860+0000] {dag.py:4180} INFO - Setting next_dagrun for latest_only to 2024-11-02 20:00:00+00:00, run_after=2024-11-03 00:00:00+00:00
[2024-11-03T00:50:40.877+0000] {processor.py:208} INFO - Processing /home/airflow/.local/lib/python3.12/site-packages/airflow/example_dags/example_latest_only.py took 0.065 seconds
[2024-11-03T00:51:11.213+0000] {processor.py:186} INFO - Started process (PID=494) to work on /home/airflow/.local/lib/python3.12/site-packages/airflow/example_dags/example_latest_only.py
[2024-11-03T00:51:11.213+0000] {processor.py:914} INFO - Processing file /home/airflow/.local/lib/python3.12/site-packages/airflow/example_dags/example_latest_only.py for tasks to queue
[2024-11-03T00:51:11.215+0000] {logging_mixin.py:190} INFO - [2024-11-03T00:51:11.215+0000] {dagbag.py:588} INFO - Filling up the DagBag from /home/airflow/.local/lib/python3.12/site-packages/airflow/example_dags/example_latest_only.py
[2024-11-03T00:51:11.221+0000] {processor.py:925} INFO - DAG(s) 'latest_only' retrieved from /home/airflow/.local/lib/python3.12/site-packages/airflow/example_dags/example_latest_only.py
[2024-11-03T00:51:11.238+0000] {logging_mixin.py:190} INFO - [2024-11-03T00:51:11.238+0000] {dag.py:3239} INFO - Sync 1 DAGs
[2024-11-03T00:51:11.259+0000] {logging_mixin.py:190} INFO - [2024-11-03T00:51:11.259+0000] {dag.py:4180} INFO - Setting next_dagrun for latest_only to 2024-11-02 20:00:00+00:00, run_after=2024-11-03 00:00:00+00:00
[2024-11-03T00:51:11.275+0000] {processor.py:208} INFO - Processing /home/airflow/.local/lib/python3.12/site-packages/airflow/example_dags/example_latest_only.py took 0.068 seconds
[2024-11-03T00:51:41.773+0000] {processor.py:186} INFO - Started process (PID=558) to work on /home/airflow/.local/lib/python3.12/site-packages/airflow/example_dags/example_latest_only.py
[2024-11-03T00:51:41.774+0000] {processor.py:914} INFO - Processing file /home/airflow/.local/lib/python3.12/site-packages/airflow/example_dags/example_latest_only.py for tasks to queue
[2024-11-03T00:51:41.777+0000] {logging_mixin.py:190} INFO - [2024-11-03T00:51:41.776+0000] {dagbag.py:588} INFO - Filling up the DagBag from /home/airflow/.local/lib/python3.12/site-packages/airflow/example_dags/example_latest_only.py
[2024-11-03T00:51:41.784+0000] {processor.py:925} INFO - DAG(s) 'latest_only' retrieved from /home/airflow/.local/lib/python3.12/site-packages/airflow/example_dags/example_latest_only.py
[2024-11-03T00:51:41.801+0000] {logging_mixin.py:190} INFO - [2024-11-03T00:51:41.801+0000] {dag.py:3239} INFO - Sync 1 DAGs
[2024-11-03T00:51:41.821+0000] {logging_mixin.py:190} INFO - [2024-11-03T00:51:41.821+0000] {dag.py:4180} INFO - Setting next_dagrun for latest_only to 2024-11-02 20:00:00+00:00, run_after=2024-11-03 00:00:00+00:00
[2024-11-03T00:51:41.838+0000] {processor.py:208} INFO - Processing /home/airflow/.local/lib/python3.12/site-packages/airflow/example_dags/example_latest_only.py took 0.070 seconds
[2024-11-03T00:52:12.063+0000] {processor.py:186} INFO - Started process (PID=620) to work on /home/airflow/.local/lib/python3.12/site-packages/airflow/example_dags/example_latest_only.py
[2024-11-03T00:52:12.064+0000] {processor.py:914} INFO - Processing file /home/airflow/.local/lib/python3.12/site-packages/airflow/example_dags/example_latest_only.py for tasks to queue
[2024-11-03T00:52:12.067+0000] {logging_mixin.py:190} INFO - [2024-11-03T00:52:12.066+0000] {dagbag.py:588} INFO - Filling up the DagBag from /home/airflow/.local/lib/python3.12/site-packages/airflow/example_dags/example_latest_only.py
[2024-11-03T00:52:12.073+0000] {processor.py:925} INFO - DAG(s) 'latest_only' retrieved from /home/airflow/.local/lib/python3.12/site-packages/airflow/example_dags/example_latest_only.py
[2024-11-03T00:52:12.093+0000] {logging_mixin.py:190} INFO - [2024-11-03T00:52:12.092+0000] {dag.py:3239} INFO - Sync 1 DAGs
[2024-11-03T00:52:12.117+0000] {logging_mixin.py:190} INFO - [2024-11-03T00:52:12.117+0000] {dag.py:4180} INFO - Setting next_dagrun for latest_only to 2024-11-02 20:00:00+00:00, run_after=2024-11-03 00:00:00+00:00
[2024-11-03T00:52:12.136+0000] {processor.py:208} INFO - Processing /home/airflow/.local/lib/python3.12/site-packages/airflow/example_dags/example_latest_only.py took 0.078 seconds
[2024-11-03T00:52:42.381+0000] {processor.py:186} INFO - Started process (PID=683) to work on /home/airflow/.local/lib/python3.12/site-packages/airflow/example_dags/example_latest_only.py
[2024-11-03T00:52:42.382+0000] {processor.py:914} INFO - Processing file /home/airflow/.local/lib/python3.12/site-packages/airflow/example_dags/example_latest_only.py for tasks to queue
[2024-11-03T00:52:42.384+0000] {logging_mixin.py:190} INFO - [2024-11-03T00:52:42.384+0000] {dagbag.py:588} INFO - Filling up the DagBag from /home/airflow/.local/lib/python3.12/site-packages/airflow/example_dags/example_latest_only.py
[2024-11-03T00:52:42.390+0000] {processor.py:925} INFO - DAG(s) 'latest_only' retrieved from /home/airflow/.local/lib/python3.12/site-packages/airflow/example_dags/example_latest_only.py
[2024-11-03T00:52:42.410+0000] {logging_mixin.py:190} INFO - [2024-11-03T00:52:42.410+0000] {dag.py:3239} INFO - Sync 1 DAGs
[2024-11-03T00:52:42.434+0000] {logging_mixin.py:190} INFO - [2024-11-03T00:52:42.434+0000] {dag.py:4180} INFO - Setting next_dagrun for latest_only to 2024-11-02 20:00:00+00:00, run_after=2024-11-03 00:00:00+00:00
[2024-11-03T00:52:42.453+0000] {processor.py:208} INFO - Processing /home/airflow/.local/lib/python3.12/site-packages/airflow/example_dags/example_latest_only.py took 0.078 seconds
[2024-11-03T00:53:12.657+0000] {processor.py:186} INFO - Started process (PID=746) to work on /home/airflow/.local/lib/python3.12/site-packages/airflow/example_dags/example_latest_only.py
[2024-11-03T00:53:12.658+0000] {processor.py:914} INFO - Processing file /home/airflow/.local/lib/python3.12/site-packages/airflow/example_dags/example_latest_only.py for tasks to queue
[2024-11-03T00:53:12.660+0000] {logging_mixin.py:190} INFO - [2024-11-03T00:53:12.660+0000] {dagbag.py:588} INFO - Filling up the DagBag from /home/airflow/.local/lib/python3.12/site-packages/airflow/example_dags/example_latest_only.py
[2024-11-03T00:53:12.666+0000] {processor.py:925} INFO - DAG(s) 'latest_only' retrieved from /home/airflow/.local/lib/python3.12/site-packages/airflow/example_dags/example_latest_only.py
[2024-11-03T00:53:12.683+0000] {logging_mixin.py:190} INFO - [2024-11-03T00:53:12.683+0000] {dag.py:3239} INFO - Sync 1 DAGs
[2024-11-03T00:53:12.703+0000] {logging_mixin.py:190} INFO - [2024-11-03T00:53:12.703+0000] {dag.py:4180} INFO - Setting next_dagrun for latest_only to 2024-11-02 20:00:00+00:00, run_after=2024-11-03 00:00:00+00:00
[2024-11-03T00:53:12.719+0000] {processor.py:208} INFO - Processing /home/airflow/.local/lib/python3.12/site-packages/airflow/example_dags/example_latest_only.py took 0.067 seconds
[2024-11-03T00:53:43.138+0000] {processor.py:186} INFO - Started process (PID=809) to work on /home/airflow/.local/lib/python3.12/site-packages/airflow/example_dags/example_latest_only.py
[2024-11-03T00:53:43.139+0000] {processor.py:914} INFO - Processing file /home/airflow/.local/lib/python3.12/site-packages/airflow/example_dags/example_latest_only.py for tasks to queue
[2024-11-03T00:53:43.141+0000] {logging_mixin.py:190} INFO - [2024-11-03T00:53:43.141+0000] {dagbag.py:588} INFO - Filling up the DagBag from /home/airflow/.local/lib/python3.12/site-packages/airflow/example_dags/example_latest_only.py
[2024-11-03T00:53:43.149+0000] {processor.py:925} INFO - DAG(s) 'latest_only' retrieved from /home/airflow/.local/lib/python3.12/site-packages/airflow/example_dags/example_latest_only.py
[2024-11-03T00:53:43.168+0000] {logging_mixin.py:190} INFO - [2024-11-03T00:53:43.168+0000] {dag.py:3239} INFO - Sync 1 DAGs
[2024-11-03T00:53:43.191+0000] {logging_mixin.py:190} INFO - [2024-11-03T00:53:43.191+0000] {dag.py:4180} INFO - Setting next_dagrun for latest_only to 2024-11-02 20:00:00+00:00, run_after=2024-11-03 00:00:00+00:00
[2024-11-03T00:53:43.207+0000] {processor.py:208} INFO - Processing /home/airflow/.local/lib/python3.12/site-packages/airflow/example_dags/example_latest_only.py took 0.074 seconds
[2024-11-03T00:54:14.286+0000] {processor.py:186} INFO - Started process (PID=872) to work on /home/airflow/.local/lib/python3.12/site-packages/airflow/example_dags/example_latest_only.py
[2024-11-03T00:54:14.287+0000] {processor.py:914} INFO - Processing file /home/airflow/.local/lib/python3.12/site-packages/airflow/example_dags/example_latest_only.py for tasks to queue
[2024-11-03T00:54:14.288+0000] {logging_mixin.py:190} INFO - [2024-11-03T00:54:14.288+0000] {dagbag.py:588} INFO - Filling up the DagBag from /home/airflow/.local/lib/python3.12/site-packages/airflow/example_dags/example_latest_only.py
[2024-11-03T00:54:14.295+0000] {processor.py:925} INFO - DAG(s) 'latest_only' retrieved from /home/airflow/.local/lib/python3.12/site-packages/airflow/example_dags/example_latest_only.py
[2024-11-03T00:54:14.312+0000] {logging_mixin.py:190} INFO - [2024-11-03T00:54:14.312+0000] {dag.py:3239} INFO - Sync 1 DAGs
[2024-11-03T00:54:14.332+0000] {logging_mixin.py:190} INFO - [2024-11-03T00:54:14.331+0000] {dag.py:4180} INFO - Setting next_dagrun for latest_only to 2024-11-02 20:00:00+00:00, run_after=2024-11-03 00:00:00+00:00
[2024-11-03T00:54:14.348+0000] {processor.py:208} INFO - Processing /home/airflow/.local/lib/python3.12/site-packages/airflow/example_dags/example_latest_only.py took 0.067 seconds
[2024-11-03T00:54:44.730+0000] {processor.py:186} INFO - Started process (PID=935) to work on /home/airflow/.local/lib/python3.12/site-packages/airflow/example_dags/example_latest_only.py
[2024-11-03T00:54:44.731+0000] {processor.py:914} INFO - Processing file /home/airflow/.local/lib/python3.12/site-packages/airflow/example_dags/example_latest_only.py for tasks to queue
[2024-11-03T00:54:44.732+0000] {logging_mixin.py:190} INFO - [2024-11-03T00:54:44.732+0000] {dagbag.py:588} INFO - Filling up the DagBag from /home/airflow/.local/lib/python3.12/site-packages/airflow/example_dags/example_latest_only.py
[2024-11-03T00:54:44.738+0000] {processor.py:925} INFO - DAG(s) 'latest_only' retrieved from /home/airflow/.local/lib/python3.12/site-packages/airflow/example_dags/example_latest_only.py
[2024-11-03T00:54:44.755+0000] {logging_mixin.py:190} INFO - [2024-11-03T00:54:44.754+0000] {dag.py:3239} INFO - Sync 1 DAGs
[2024-11-03T00:54:44.775+0000] {logging_mixin.py:190} INFO - [2024-11-03T00:54:44.774+0000] {dag.py:4180} INFO - Setting next_dagrun for latest_only to 2024-11-02 20:00:00+00:00, run_after=2024-11-03 00:00:00+00:00
[2024-11-03T00:54:44.792+0000] {processor.py:208} INFO - Processing /home/airflow/.local/lib/python3.12/site-packages/airflow/example_dags/example_latest_only.py took 0.067 seconds
[2024-11-03T00:55:15.112+0000] {processor.py:186} INFO - Started process (PID=998) to work on /home/airflow/.local/lib/python3.12/site-packages/airflow/example_dags/example_latest_only.py
[2024-11-03T00:55:15.113+0000] {processor.py:914} INFO - Processing file /home/airflow/.local/lib/python3.12/site-packages/airflow/example_dags/example_latest_only.py for tasks to queue
[2024-11-03T00:55:15.115+0000] {logging_mixin.py:190} INFO - [2024-11-03T00:55:15.115+0000] {dagbag.py:588} INFO - Filling up the DagBag from /home/airflow/.local/lib/python3.12/site-packages/airflow/example_dags/example_latest_only.py
[2024-11-03T00:55:15.121+0000] {processor.py:925} INFO - DAG(s) 'latest_only' retrieved from /home/airflow/.local/lib/python3.12/site-packages/airflow/example_dags/example_latest_only.py
[2024-11-03T00:55:15.138+0000] {logging_mixin.py:190} INFO - [2024-11-03T00:55:15.138+0000] {dag.py:3239} INFO - Sync 1 DAGs
[2024-11-03T00:55:15.158+0000] {logging_mixin.py:190} INFO - [2024-11-03T00:55:15.158+0000] {dag.py:4180} INFO - Setting next_dagrun for latest_only to 2024-11-02 20:00:00+00:00, run_after=2024-11-03 00:00:00+00:00
[2024-11-03T00:55:15.176+0000] {processor.py:208} INFO - Processing /home/airflow/.local/lib/python3.12/site-packages/airflow/example_dags/example_latest_only.py took 0.069 seconds
[2024-11-03T00:55:45.675+0000] {processor.py:186} INFO - Started process (PID=1061) to work on /home/airflow/.local/lib/python3.12/site-packages/airflow/example_dags/example_latest_only.py
[2024-11-03T00:55:45.676+0000] {processor.py:914} INFO - Processing file /home/airflow/.local/lib/python3.12/site-packages/airflow/example_dags/example_latest_only.py for tasks to queue
[2024-11-03T00:55:45.678+0000] {logging_mixin.py:190} INFO - [2024-11-03T00:55:45.678+0000] {dagbag.py:588} INFO - Filling up the DagBag from /home/airflow/.local/lib/python3.12/site-packages/airflow/example_dags/example_latest_only.py
[2024-11-03T00:55:45.684+0000] {processor.py:925} INFO - DAG(s) 'latest_only' retrieved from /home/airflow/.local/lib/python3.12/site-packages/airflow/example_dags/example_latest_only.py
[2024-11-03T00:55:45.705+0000] {logging_mixin.py:190} INFO - [2024-11-03T00:55:45.703+0000] {dag.py:3239} INFO - Sync 1 DAGs
[2024-11-03T00:55:45.731+0000] {logging_mixin.py:190} INFO - [2024-11-03T00:55:45.731+0000] {dag.py:4180} INFO - Setting next_dagrun for latest_only to 2024-11-02 20:00:00+00:00, run_after=2024-11-03 00:00:00+00:00
[2024-11-03T00:55:45.746+0000] {processor.py:208} INFO - Processing /home/airflow/.local/lib/python3.12/site-packages/airflow/example_dags/example_latest_only.py took 0.077 seconds
[2024-11-03T00:56:16.100+0000] {processor.py:186} INFO - Started process (PID=1124) to work on /home/airflow/.local/lib/python3.12/site-packages/airflow/example_dags/example_latest_only.py
[2024-11-03T00:56:16.101+0000] {processor.py:914} INFO - Processing file /home/airflow/.local/lib/python3.12/site-packages/airflow/example_dags/example_latest_only.py for tasks to queue
[2024-11-03T00:56:16.102+0000] {logging_mixin.py:190} INFO - [2024-11-03T00:56:16.102+0000] {dagbag.py:588} INFO - Filling up the DagBag from /home/airflow/.local/lib/python3.12/site-packages/airflow/example_dags/example_latest_only.py
[2024-11-03T00:56:16.108+0000] {processor.py:925} INFO - DAG(s) 'latest_only' retrieved from /home/airflow/.local/lib/python3.12/site-packages/airflow/example_dags/example_latest_only.py
[2024-11-03T00:56:16.124+0000] {logging_mixin.py:190} INFO - [2024-11-03T00:56:16.124+0000] {dag.py:3239} INFO - Sync 1 DAGs
[2024-11-03T00:56:16.145+0000] {logging_mixin.py:190} INFO - [2024-11-03T00:56:16.144+0000] {dag.py:4180} INFO - Setting next_dagrun for latest_only to 2024-11-02 20:00:00+00:00, run_after=2024-11-03 00:00:00+00:00
[2024-11-03T00:56:16.160+0000] {processor.py:208} INFO - Processing /home/airflow/.local/lib/python3.12/site-packages/airflow/example_dags/example_latest_only.py took 0.065 seconds
[2024-11-03T00:56:46.377+0000] {processor.py:186} INFO - Started process (PID=1187) to work on /home/airflow/.local/lib/python3.12/site-packages/airflow/example_dags/example_latest_only.py
[2024-11-03T00:56:46.378+0000] {processor.py:914} INFO - Processing file /home/airflow/.local/lib/python3.12/site-packages/airflow/example_dags/example_latest_only.py for tasks to queue
[2024-11-03T00:56:46.381+0000] {logging_mixin.py:190} INFO - [2024-11-03T00:56:46.380+0000] {dagbag.py:588} INFO - Filling up the DagBag from /home/airflow/.local/lib/python3.12/site-packages/airflow/example_dags/example_latest_only.py
[2024-11-03T00:56:46.387+0000] {processor.py:925} INFO - DAG(s) 'latest_only' retrieved from /home/airflow/.local/lib/python3.12/site-packages/airflow/example_dags/example_latest_only.py
[2024-11-03T00:56:46.405+0000] {logging_mixin.py:190} INFO - [2024-11-03T00:56:46.405+0000] {dag.py:3239} INFO - Sync 1 DAGs
[2024-11-03T00:56:46.426+0000] {logging_mixin.py:190} INFO - [2024-11-03T00:56:46.426+0000] {dag.py:4180} INFO - Setting next_dagrun for latest_only to 2024-11-02 20:00:00+00:00, run_after=2024-11-03 00:00:00+00:00
[2024-11-03T00:56:46.442+0000] {processor.py:208} INFO - Processing /home/airflow/.local/lib/python3.12/site-packages/airflow/example_dags/example_latest_only.py took 0.070 seconds
[2024-11-03T00:57:16.848+0000] {processor.py:186} INFO - Started process (PID=1250) to work on /home/airflow/.local/lib/python3.12/site-packages/airflow/example_dags/example_latest_only.py
[2024-11-03T00:57:16.849+0000] {processor.py:914} INFO - Processing file /home/airflow/.local/lib/python3.12/site-packages/airflow/example_dags/example_latest_only.py for tasks to queue
[2024-11-03T00:57:16.851+0000] {logging_mixin.py:190} INFO - [2024-11-03T00:57:16.851+0000] {dagbag.py:588} INFO - Filling up the DagBag from /home/airflow/.local/lib/python3.12/site-packages/airflow/example_dags/example_latest_only.py
[2024-11-03T00:57:16.858+0000] {processor.py:925} INFO - DAG(s) 'latest_only' retrieved from /home/airflow/.local/lib/python3.12/site-packages/airflow/example_dags/example_latest_only.py
[2024-11-03T00:57:16.877+0000] {logging_mixin.py:190} INFO - [2024-11-03T00:57:16.876+0000] {dag.py:3239} INFO - Sync 1 DAGs
[2024-11-03T00:57:16.907+0000] {logging_mixin.py:190} INFO - [2024-11-03T00:57:16.907+0000] {dag.py:4180} INFO - Setting next_dagrun for latest_only to 2024-11-02 20:00:00+00:00, run_after=2024-11-03 00:00:00+00:00
[2024-11-03T00:57:16.930+0000] {processor.py:208} INFO - Processing /home/airflow/.local/lib/python3.12/site-packages/airflow/example_dags/example_latest_only.py took 0.086 seconds
[2024-11-03T00:57:46.988+0000] {processor.py:186} INFO - Started process (PID=1313) to work on /home/airflow/.local/lib/python3.12/site-packages/airflow/example_dags/example_latest_only.py
[2024-11-03T00:57:46.988+0000] {processor.py:914} INFO - Processing file /home/airflow/.local/lib/python3.12/site-packages/airflow/example_dags/example_latest_only.py for tasks to queue
[2024-11-03T00:57:46.990+0000] {logging_mixin.py:190} INFO - [2024-11-03T00:57:46.990+0000] {dagbag.py:588} INFO - Filling up the DagBag from /home/airflow/.local/lib/python3.12/site-packages/airflow/example_dags/example_latest_only.py
[2024-11-03T00:57:46.996+0000] {processor.py:925} INFO - DAG(s) 'latest_only' retrieved from /home/airflow/.local/lib/python3.12/site-packages/airflow/example_dags/example_latest_only.py
[2024-11-03T00:57:47.013+0000] {logging_mixin.py:190} INFO - [2024-11-03T00:57:47.013+0000] {dag.py:3239} INFO - Sync 1 DAGs
[2024-11-03T00:57:47.034+0000] {logging_mixin.py:190} INFO - [2024-11-03T00:57:47.034+0000] {dag.py:4180} INFO - Setting next_dagrun for latest_only to 2024-11-02 20:00:00+00:00, run_after=2024-11-03 00:00:00+00:00
[2024-11-03T00:57:47.051+0000] {processor.py:208} INFO - Processing /home/airflow/.local/lib/python3.12/site-packages/airflow/example_dags/example_latest_only.py took 0.068 seconds
[2024-11-03T00:58:17.433+0000] {processor.py:186} INFO - Started process (PID=1376) to work on /home/airflow/.local/lib/python3.12/site-packages/airflow/example_dags/example_latest_only.py
[2024-11-03T00:58:17.434+0000] {processor.py:914} INFO - Processing file /home/airflow/.local/lib/python3.12/site-packages/airflow/example_dags/example_latest_only.py for tasks to queue
[2024-11-03T00:58:17.436+0000] {logging_mixin.py:190} INFO - [2024-11-03T00:58:17.436+0000] {dagbag.py:588} INFO - Filling up the DagBag from /home/airflow/.local/lib/python3.12/site-packages/airflow/example_dags/example_latest_only.py
[2024-11-03T00:58:17.441+0000] {processor.py:925} INFO - DAG(s) 'latest_only' retrieved from /home/airflow/.local/lib/python3.12/site-packages/airflow/example_dags/example_latest_only.py
[2024-11-03T00:58:17.457+0000] {logging_mixin.py:190} INFO - [2024-11-03T00:58:17.457+0000] {dag.py:3239} INFO - Sync 1 DAGs
[2024-11-03T00:58:17.477+0000] {logging_mixin.py:190} INFO - [2024-11-03T00:58:17.477+0000] {dag.py:4180} INFO - Setting next_dagrun for latest_only to 2024-11-02 20:00:00+00:00, run_after=2024-11-03 00:00:00+00:00
[2024-11-03T00:58:17.492+0000] {processor.py:208} INFO - Processing /home/airflow/.local/lib/python3.12/site-packages/airflow/example_dags/example_latest_only.py took 0.062 seconds
[2024-11-03T00:58:47.625+0000] {processor.py:186} INFO - Started process (PID=1439) to work on /home/airflow/.local/lib/python3.12/site-packages/airflow/example_dags/example_latest_only.py
[2024-11-03T00:58:47.626+0000] {processor.py:914} INFO - Processing file /home/airflow/.local/lib/python3.12/site-packages/airflow/example_dags/example_latest_only.py for tasks to queue
[2024-11-03T00:58:47.628+0000] {logging_mixin.py:190} INFO - [2024-11-03T00:58:47.627+0000] {dagbag.py:588} INFO - Filling up the DagBag from /home/airflow/.local/lib/python3.12/site-packages/airflow/example_dags/example_latest_only.py
[2024-11-03T00:58:47.634+0000] {processor.py:925} INFO - DAG(s) 'latest_only' retrieved from /home/airflow/.local/lib/python3.12/site-packages/airflow/example_dags/example_latest_only.py
[2024-11-03T00:58:47.652+0000] {logging_mixin.py:190} INFO - [2024-11-03T00:58:47.652+0000] {dag.py:3239} INFO - Sync 1 DAGs
[2024-11-03T00:58:47.674+0000] {logging_mixin.py:190} INFO - [2024-11-03T00:58:47.674+0000] {dag.py:4180} INFO - Setting next_dagrun for latest_only to 2024-11-02 20:00:00+00:00, run_after=2024-11-03 00:00:00+00:00
[2024-11-03T00:58:47.691+0000] {processor.py:208} INFO - Processing /home/airflow/.local/lib/python3.12/site-packages/airflow/example_dags/example_latest_only.py took 0.072 seconds
[2024-11-03T00:59:18.107+0000] {processor.py:186} INFO - Started process (PID=1502) to work on /home/airflow/.local/lib/python3.12/site-packages/airflow/example_dags/example_latest_only.py
[2024-11-03T00:59:18.108+0000] {processor.py:914} INFO - Processing file /home/airflow/.local/lib/python3.12/site-packages/airflow/example_dags/example_latest_only.py for tasks to queue
[2024-11-03T00:59:18.110+0000] {logging_mixin.py:190} INFO - [2024-11-03T00:59:18.110+0000] {dagbag.py:588} INFO - Filling up the DagBag from /home/airflow/.local/lib/python3.12/site-packages/airflow/example_dags/example_latest_only.py
[2024-11-03T00:59:18.117+0000] {processor.py:925} INFO - DAG(s) 'latest_only' retrieved from /home/airflow/.local/lib/python3.12/site-packages/airflow/example_dags/example_latest_only.py
[2024-11-03T00:59:18.134+0000] {logging_mixin.py:190} INFO - [2024-11-03T00:59:18.134+0000] {dag.py:3239} INFO - Sync 1 DAGs
[2024-11-03T00:59:18.153+0000] {logging_mixin.py:190} INFO - [2024-11-03T00:59:18.153+0000] {dag.py:4180} INFO - Setting next_dagrun for latest_only to 2024-11-02 20:00:00+00:00, run_after=2024-11-03 00:00:00+00:00
[2024-11-03T00:59:18.168+0000] {processor.py:208} INFO - Processing /home/airflow/.local/lib/python3.12/site-packages/airflow/example_dags/example_latest_only.py took 0.065 seconds
[2024-11-03T00:59:48.301+0000] {processor.py:186} INFO - Started process (PID=1565) to work on /home/airflow/.local/lib/python3.12/site-packages/airflow/example_dags/example_latest_only.py
[2024-11-03T00:59:48.302+0000] {processor.py:914} INFO - Processing file /home/airflow/.local/lib/python3.12/site-packages/airflow/example_dags/example_latest_only.py for tasks to queue
[2024-11-03T00:59:48.304+0000] {logging_mixin.py:190} INFO - [2024-11-03T00:59:48.303+0000] {dagbag.py:588} INFO - Filling up the DagBag from /home/airflow/.local/lib/python3.12/site-packages/airflow/example_dags/example_latest_only.py
[2024-11-03T00:59:48.309+0000] {processor.py:925} INFO - DAG(s) 'latest_only' retrieved from /home/airflow/.local/lib/python3.12/site-packages/airflow/example_dags/example_latest_only.py
[2024-11-03T00:59:48.327+0000] {logging_mixin.py:190} INFO - [2024-11-03T00:59:48.326+0000] {dag.py:3239} INFO - Sync 1 DAGs
[2024-11-03T00:59:48.346+0000] {logging_mixin.py:190} INFO - [2024-11-03T00:59:48.345+0000] {dag.py:4180} INFO - Setting next_dagrun for latest_only to 2024-11-02 20:00:00+00:00, run_after=2024-11-03 00:00:00+00:00
[2024-11-03T00:59:48.360+0000] {processor.py:208} INFO - Processing /home/airflow/.local/lib/python3.12/site-packages/airflow/example_dags/example_latest_only.py took 0.064 seconds
[2024-11-03T01:00:19.070+0000] {processor.py:186} INFO - Started process (PID=1628) to work on /home/airflow/.local/lib/python3.12/site-packages/airflow/example_dags/example_latest_only.py
[2024-11-03T01:00:19.071+0000] {processor.py:914} INFO - Processing file /home/airflow/.local/lib/python3.12/site-packages/airflow/example_dags/example_latest_only.py for tasks to queue
[2024-11-03T01:00:19.073+0000] {logging_mixin.py:190} INFO - [2024-11-03T01:00:19.072+0000] {dagbag.py:588} INFO - Filling up the DagBag from /home/airflow/.local/lib/python3.12/site-packages/airflow/example_dags/example_latest_only.py
[2024-11-03T01:00:19.079+0000] {processor.py:925} INFO - DAG(s) 'latest_only' retrieved from /home/airflow/.local/lib/python3.12/site-packages/airflow/example_dags/example_latest_only.py
[2024-11-03T01:00:19.095+0000] {logging_mixin.py:190} INFO - [2024-11-03T01:00:19.095+0000] {dag.py:3239} INFO - Sync 1 DAGs
[2024-11-03T01:00:19.115+0000] {logging_mixin.py:190} INFO - [2024-11-03T01:00:19.115+0000] {dag.py:4180} INFO - Setting next_dagrun for latest_only to 2024-11-02 20:00:00+00:00, run_after=2024-11-03 00:00:00+00:00
[2024-11-03T01:00:19.131+0000] {processor.py:208} INFO - Processing /home/airflow/.local/lib/python3.12/site-packages/airflow/example_dags/example_latest_only.py took 0.066 seconds
[2024-11-03T01:00:49.536+0000] {processor.py:186} INFO - Started process (PID=1691) to work on /home/airflow/.local/lib/python3.12/site-packages/airflow/example_dags/example_latest_only.py
[2024-11-03T01:00:49.537+0000] {processor.py:914} INFO - Processing file /home/airflow/.local/lib/python3.12/site-packages/airflow/example_dags/example_latest_only.py for tasks to queue
[2024-11-03T01:00:49.539+0000] {logging_mixin.py:190} INFO - [2024-11-03T01:00:49.539+0000] {dagbag.py:588} INFO - Filling up the DagBag from /home/airflow/.local/lib/python3.12/site-packages/airflow/example_dags/example_latest_only.py
[2024-11-03T01:00:49.545+0000] {processor.py:925} INFO - DAG(s) 'latest_only' retrieved from /home/airflow/.local/lib/python3.12/site-packages/airflow/example_dags/example_latest_only.py
[2024-11-03T01:00:49.563+0000] {logging_mixin.py:190} INFO - [2024-11-03T01:00:49.562+0000] {dag.py:3239} INFO - Sync 1 DAGs
[2024-11-03T01:00:49.582+0000] {logging_mixin.py:190} INFO - [2024-11-03T01:00:49.582+0000] {dag.py:4180} INFO - Setting next_dagrun for latest_only to 2024-11-02 20:00:00+00:00, run_after=2024-11-03 00:00:00+00:00
[2024-11-03T01:00:49.598+0000] {processor.py:208} INFO - Processing /home/airflow/.local/lib/python3.12/site-packages/airflow/example_dags/example_latest_only.py took 0.067 seconds
[2024-11-03T01:01:20.067+0000] {processor.py:186} INFO - Started process (PID=1754) to work on /home/airflow/.local/lib/python3.12/site-packages/airflow/example_dags/example_latest_only.py
[2024-11-03T01:01:20.068+0000] {processor.py:914} INFO - Processing file /home/airflow/.local/lib/python3.12/site-packages/airflow/example_dags/example_latest_only.py for tasks to queue
[2024-11-03T01:01:20.070+0000] {logging_mixin.py:190} INFO - [2024-11-03T01:01:20.070+0000] {dagbag.py:588} INFO - Filling up the DagBag from /home/airflow/.local/lib/python3.12/site-packages/airflow/example_dags/example_latest_only.py
[2024-11-03T01:01:20.075+0000] {processor.py:925} INFO - DAG(s) 'latest_only' retrieved from /home/airflow/.local/lib/python3.12/site-packages/airflow/example_dags/example_latest_only.py
[2024-11-03T01:01:20.092+0000] {logging_mixin.py:190} INFO - [2024-11-03T01:01:20.092+0000] {dag.py:3239} INFO - Sync 1 DAGs
[2024-11-03T01:01:20.113+0000] {logging_mixin.py:190} INFO - [2024-11-03T01:01:20.113+0000] {dag.py:4180} INFO - Setting next_dagrun for latest_only to 2024-11-02 20:00:00+00:00, run_after=2024-11-03 00:00:00+00:00
[2024-11-03T01:01:20.131+0000] {processor.py:208} INFO - Processing /home/airflow/.local/lib/python3.12/site-packages/airflow/example_dags/example_latest_only.py took 0.068 seconds
[2024-11-03T01:01:50.450+0000] {processor.py:186} INFO - Started process (PID=1817) to work on /home/airflow/.local/lib/python3.12/site-packages/airflow/example_dags/example_latest_only.py
[2024-11-03T01:01:50.451+0000] {processor.py:914} INFO - Processing file /home/airflow/.local/lib/python3.12/site-packages/airflow/example_dags/example_latest_only.py for tasks to queue
[2024-11-03T01:01:50.453+0000] {logging_mixin.py:190} INFO - [2024-11-03T01:01:50.452+0000] {dagbag.py:588} INFO - Filling up the DagBag from /home/airflow/.local/lib/python3.12/site-packages/airflow/example_dags/example_latest_only.py
[2024-11-03T01:01:50.458+0000] {processor.py:925} INFO - DAG(s) 'latest_only' retrieved from /home/airflow/.local/lib/python3.12/site-packages/airflow/example_dags/example_latest_only.py
[2024-11-03T01:01:50.475+0000] {logging_mixin.py:190} INFO - [2024-11-03T01:01:50.474+0000] {dag.py:3239} INFO - Sync 1 DAGs
[2024-11-03T01:01:50.496+0000] {logging_mixin.py:190} INFO - [2024-11-03T01:01:50.496+0000] {dag.py:4180} INFO - Setting next_dagrun for latest_only to 2024-11-02 20:00:00+00:00, run_after=2024-11-03 00:00:00+00:00
[2024-11-03T01:01:50.512+0000] {processor.py:208} INFO - Processing /home/airflow/.local/lib/python3.12/site-packages/airflow/example_dags/example_latest_only.py took 0.066 seconds
[2024-11-03T01:02:20.656+0000] {processor.py:186} INFO - Started process (PID=1880) to work on /home/airflow/.local/lib/python3.12/site-packages/airflow/example_dags/example_latest_only.py
[2024-11-03T01:02:20.657+0000] {processor.py:914} INFO - Processing file /home/airflow/.local/lib/python3.12/site-packages/airflow/example_dags/example_latest_only.py for tasks to queue
[2024-11-03T01:02:20.658+0000] {logging_mixin.py:190} INFO - [2024-11-03T01:02:20.658+0000] {dagbag.py:588} INFO - Filling up the DagBag from /home/airflow/.local/lib/python3.12/site-packages/airflow/example_dags/example_latest_only.py
[2024-11-03T01:02:20.665+0000] {processor.py:925} INFO - DAG(s) 'latest_only' retrieved from /home/airflow/.local/lib/python3.12/site-packages/airflow/example_dags/example_latest_only.py
[2024-11-03T01:02:20.683+0000] {logging_mixin.py:190} INFO - [2024-11-03T01:02:20.683+0000] {dag.py:3239} INFO - Sync 1 DAGs
[2024-11-03T01:02:20.704+0000] {logging_mixin.py:190} INFO - [2024-11-03T01:02:20.704+0000] {dag.py:4180} INFO - Setting next_dagrun for latest_only to 2024-11-02 20:00:00+00:00, run_after=2024-11-03 00:00:00+00:00
[2024-11-03T01:02:20.720+0000] {processor.py:208} INFO - Processing /home/airflow/.local/lib/python3.12/site-packages/airflow/example_dags/example_latest_only.py took 0.069 seconds
[2024-11-03T01:02:51.060+0000] {processor.py:186} INFO - Started process (PID=1944) to work on /home/airflow/.local/lib/python3.12/site-packages/airflow/example_dags/example_latest_only.py
[2024-11-03T01:02:51.061+0000] {processor.py:914} INFO - Processing file /home/airflow/.local/lib/python3.12/site-packages/airflow/example_dags/example_latest_only.py for tasks to queue
[2024-11-03T01:02:51.063+0000] {logging_mixin.py:190} INFO - [2024-11-03T01:02:51.063+0000] {dagbag.py:588} INFO - Filling up the DagBag from /home/airflow/.local/lib/python3.12/site-packages/airflow/example_dags/example_latest_only.py
[2024-11-03T01:02:51.069+0000] {processor.py:925} INFO - DAG(s) 'latest_only' retrieved from /home/airflow/.local/lib/python3.12/site-packages/airflow/example_dags/example_latest_only.py
[2024-11-03T01:02:51.086+0000] {logging_mixin.py:190} INFO - [2024-11-03T01:02:51.086+0000] {dag.py:3239} INFO - Sync 1 DAGs
[2024-11-03T01:02:51.107+0000] {logging_mixin.py:190} INFO - [2024-11-03T01:02:51.107+0000] {dag.py:4180} INFO - Setting next_dagrun for latest_only to 2024-11-02 20:00:00+00:00, run_after=2024-11-03 00:00:00+00:00
[2024-11-03T01:02:51.121+0000] {processor.py:208} INFO - Processing /home/airflow/.local/lib/python3.12/site-packages/airflow/example_dags/example_latest_only.py took 0.066 seconds
[2024-11-03T01:03:21.671+0000] {processor.py:186} INFO - Started process (PID=2006) to work on /home/airflow/.local/lib/python3.12/site-packages/airflow/example_dags/example_latest_only.py
[2024-11-03T01:03:21.672+0000] {processor.py:914} INFO - Processing file /home/airflow/.local/lib/python3.12/site-packages/airflow/example_dags/example_latest_only.py for tasks to queue
[2024-11-03T01:03:21.674+0000] {logging_mixin.py:190} INFO - [2024-11-03T01:03:21.674+0000] {dagbag.py:588} INFO - Filling up the DagBag from /home/airflow/.local/lib/python3.12/site-packages/airflow/example_dags/example_latest_only.py
[2024-11-03T01:03:21.680+0000] {processor.py:925} INFO - DAG(s) 'latest_only' retrieved from /home/airflow/.local/lib/python3.12/site-packages/airflow/example_dags/example_latest_only.py
[2024-11-03T01:03:21.696+0000] {logging_mixin.py:190} INFO - [2024-11-03T01:03:21.696+0000] {dag.py:3239} INFO - Sync 1 DAGs
[2024-11-03T01:03:21.717+0000] {logging_mixin.py:190} INFO - [2024-11-03T01:03:21.716+0000] {dag.py:4180} INFO - Setting next_dagrun for latest_only to 2024-11-02 20:00:00+00:00, run_after=2024-11-03 00:00:00+00:00
[2024-11-03T01:03:21.734+0000] {processor.py:208} INFO - Processing /home/airflow/.local/lib/python3.12/site-packages/airflow/example_dags/example_latest_only.py took 0.068 seconds
[2024-11-03T01:03:52.547+0000] {processor.py:186} INFO - Started process (PID=2069) to work on /home/airflow/.local/lib/python3.12/site-packages/airflow/example_dags/example_latest_only.py
[2024-11-03T01:03:52.548+0000] {processor.py:914} INFO - Processing file /home/airflow/.local/lib/python3.12/site-packages/airflow/example_dags/example_latest_only.py for tasks to queue
[2024-11-03T01:03:52.551+0000] {logging_mixin.py:190} INFO - [2024-11-03T01:03:52.550+0000] {dagbag.py:588} INFO - Filling up the DagBag from /home/airflow/.local/lib/python3.12/site-packages/airflow/example_dags/example_latest_only.py
[2024-11-03T01:03:52.558+0000] {processor.py:925} INFO - DAG(s) 'latest_only' retrieved from /home/airflow/.local/lib/python3.12/site-packages/airflow/example_dags/example_latest_only.py
[2024-11-03T01:03:52.579+0000] {logging_mixin.py:190} INFO - [2024-11-03T01:03:52.578+0000] {dag.py:3239} INFO - Sync 1 DAGs
[2024-11-03T01:03:52.603+0000] {logging_mixin.py:190} INFO - [2024-11-03T01:03:52.603+0000] {dag.py:4180} INFO - Setting next_dagrun for latest_only to 2024-11-02 20:00:00+00:00, run_after=2024-11-03 00:00:00+00:00
[2024-11-03T01:03:52.626+0000] {processor.py:208} INFO - Processing /home/airflow/.local/lib/python3.12/site-packages/airflow/example_dags/example_latest_only.py took 0.085 seconds
[2024-11-03T01:04:23.297+0000] {processor.py:186} INFO - Started process (PID=2132) to work on /home/airflow/.local/lib/python3.12/site-packages/airflow/example_dags/example_latest_only.py
[2024-11-03T01:04:23.298+0000] {processor.py:914} INFO - Processing file /home/airflow/.local/lib/python3.12/site-packages/airflow/example_dags/example_latest_only.py for tasks to queue
[2024-11-03T01:04:23.300+0000] {logging_mixin.py:190} INFO - [2024-11-03T01:04:23.299+0000] {dagbag.py:588} INFO - Filling up the DagBag from /home/airflow/.local/lib/python3.12/site-packages/airflow/example_dags/example_latest_only.py
[2024-11-03T01:04:23.307+0000] {processor.py:925} INFO - DAG(s) 'latest_only' retrieved from /home/airflow/.local/lib/python3.12/site-packages/airflow/example_dags/example_latest_only.py
[2024-11-03T01:04:23.325+0000] {logging_mixin.py:190} INFO - [2024-11-03T01:04:23.325+0000] {dag.py:3239} INFO - Sync 1 DAGs
[2024-11-03T01:04:23.345+0000] {logging_mixin.py:190} INFO - [2024-11-03T01:04:23.345+0000] {dag.py:4180} INFO - Setting next_dagrun for latest_only to 2024-11-02 20:00:00+00:00, run_after=2024-11-03 00:00:00+00:00
[2024-11-03T01:04:23.361+0000] {processor.py:208} INFO - Processing /home/airflow/.local/lib/python3.12/site-packages/airflow/example_dags/example_latest_only.py took 0.069 seconds
[2024-11-03T01:04:53.771+0000] {processor.py:186} INFO - Started process (PID=2195) to work on /home/airflow/.local/lib/python3.12/site-packages/airflow/example_dags/example_latest_only.py
[2024-11-03T01:04:53.772+0000] {processor.py:914} INFO - Processing file /home/airflow/.local/lib/python3.12/site-packages/airflow/example_dags/example_latest_only.py for tasks to queue
[2024-11-03T01:04:53.775+0000] {logging_mixin.py:190} INFO - [2024-11-03T01:04:53.774+0000] {dagbag.py:588} INFO - Filling up the DagBag from /home/airflow/.local/lib/python3.12/site-packages/airflow/example_dags/example_latest_only.py
[2024-11-03T01:04:53.781+0000] {processor.py:925} INFO - DAG(s) 'latest_only' retrieved from /home/airflow/.local/lib/python3.12/site-packages/airflow/example_dags/example_latest_only.py
[2024-11-03T01:04:53.798+0000] {logging_mixin.py:190} INFO - [2024-11-03T01:04:53.798+0000] {dag.py:3239} INFO - Sync 1 DAGs
[2024-11-03T01:04:53.819+0000] {logging_mixin.py:190} INFO - [2024-11-03T01:04:53.819+0000] {dag.py:4180} INFO - Setting next_dagrun for latest_only to 2024-11-02 20:00:00+00:00, run_after=2024-11-03 00:00:00+00:00
[2024-11-03T01:04:53.838+0000] {processor.py:208} INFO - Processing /home/airflow/.local/lib/python3.12/site-packages/airflow/example_dags/example_latest_only.py took 0.073 seconds
[2024-11-03T01:05:24.462+0000] {processor.py:186} INFO - Started process (PID=2258) to work on /home/airflow/.local/lib/python3.12/site-packages/airflow/example_dags/example_latest_only.py
[2024-11-03T01:05:24.463+0000] {processor.py:914} INFO - Processing file /home/airflow/.local/lib/python3.12/site-packages/airflow/example_dags/example_latest_only.py for tasks to queue
[2024-11-03T01:05:24.465+0000] {logging_mixin.py:190} INFO - [2024-11-03T01:05:24.465+0000] {dagbag.py:588} INFO - Filling up the DagBag from /home/airflow/.local/lib/python3.12/site-packages/airflow/example_dags/example_latest_only.py
[2024-11-03T01:05:24.471+0000] {processor.py:925} INFO - DAG(s) 'latest_only' retrieved from /home/airflow/.local/lib/python3.12/site-packages/airflow/example_dags/example_latest_only.py
[2024-11-03T01:05:24.490+0000] {logging_mixin.py:190} INFO - [2024-11-03T01:05:24.490+0000] {dag.py:3239} INFO - Sync 1 DAGs
[2024-11-03T01:05:24.513+0000] {logging_mixin.py:190} INFO - [2024-11-03T01:05:24.512+0000] {dag.py:4180} INFO - Setting next_dagrun for latest_only to 2024-11-02 20:00:00+00:00, run_after=2024-11-03 00:00:00+00:00
[2024-11-03T01:05:24.530+0000] {processor.py:208} INFO - Processing /home/airflow/.local/lib/python3.12/site-packages/airflow/example_dags/example_latest_only.py took 0.073 seconds
[2024-11-03T01:05:54.854+0000] {processor.py:186} INFO - Started process (PID=2321) to work on /home/airflow/.local/lib/python3.12/site-packages/airflow/example_dags/example_latest_only.py
[2024-11-03T01:05:54.855+0000] {processor.py:914} INFO - Processing file /home/airflow/.local/lib/python3.12/site-packages/airflow/example_dags/example_latest_only.py for tasks to queue
[2024-11-03T01:05:54.857+0000] {logging_mixin.py:190} INFO - [2024-11-03T01:05:54.857+0000] {dagbag.py:588} INFO - Filling up the DagBag from /home/airflow/.local/lib/python3.12/site-packages/airflow/example_dags/example_latest_only.py
[2024-11-03T01:05:54.863+0000] {processor.py:925} INFO - DAG(s) 'latest_only' retrieved from /home/airflow/.local/lib/python3.12/site-packages/airflow/example_dags/example_latest_only.py
[2024-11-03T01:05:54.881+0000] {logging_mixin.py:190} INFO - [2024-11-03T01:05:54.881+0000] {dag.py:3239} INFO - Sync 1 DAGs
[2024-11-03T01:05:54.905+0000] {logging_mixin.py:190} INFO - [2024-11-03T01:05:54.904+0000] {dag.py:4180} INFO - Setting next_dagrun for latest_only to 2024-11-02 20:00:00+00:00, run_after=2024-11-03 00:00:00+00:00
[2024-11-03T01:05:54.923+0000] {processor.py:208} INFO - Processing /home/airflow/.local/lib/python3.12/site-packages/airflow/example_dags/example_latest_only.py took 0.073 seconds
[2024-11-03T01:06:25.734+0000] {processor.py:186} INFO - Started process (PID=2384) to work on /home/airflow/.local/lib/python3.12/site-packages/airflow/example_dags/example_latest_only.py
[2024-11-03T01:06:25.735+0000] {processor.py:914} INFO - Processing file /home/airflow/.local/lib/python3.12/site-packages/airflow/example_dags/example_latest_only.py for tasks to queue
[2024-11-03T01:06:25.737+0000] {logging_mixin.py:190} INFO - [2024-11-03T01:06:25.737+0000] {dagbag.py:588} INFO - Filling up the DagBag from /home/airflow/.local/lib/python3.12/site-packages/airflow/example_dags/example_latest_only.py
[2024-11-03T01:06:25.743+0000] {processor.py:925} INFO - DAG(s) 'latest_only' retrieved from /home/airflow/.local/lib/python3.12/site-packages/airflow/example_dags/example_latest_only.py
[2024-11-03T01:06:25.763+0000] {logging_mixin.py:190} INFO - [2024-11-03T01:06:25.763+0000] {dag.py:3239} INFO - Sync 1 DAGs
[2024-11-03T01:06:25.786+0000] {logging_mixin.py:190} INFO - [2024-11-03T01:06:25.786+0000] {dag.py:4180} INFO - Setting next_dagrun for latest_only to 2024-11-02 20:00:00+00:00, run_after=2024-11-03 00:00:00+00:00
[2024-11-03T01:06:25.804+0000] {processor.py:208} INFO - Processing /home/airflow/.local/lib/python3.12/site-packages/airflow/example_dags/example_latest_only.py took 0.074 seconds
[2024-11-03T01:06:56.319+0000] {processor.py:186} INFO - Started process (PID=2447) to work on /home/airflow/.local/lib/python3.12/site-packages/airflow/example_dags/example_latest_only.py
[2024-11-03T01:06:56.319+0000] {processor.py:914} INFO - Processing file /home/airflow/.local/lib/python3.12/site-packages/airflow/example_dags/example_latest_only.py for tasks to queue
[2024-11-03T01:06:56.321+0000] {logging_mixin.py:190} INFO - [2024-11-03T01:06:56.321+0000] {dagbag.py:588} INFO - Filling up the DagBag from /home/airflow/.local/lib/python3.12/site-packages/airflow/example_dags/example_latest_only.py
[2024-11-03T01:06:56.327+0000] {processor.py:925} INFO - DAG(s) 'latest_only' retrieved from /home/airflow/.local/lib/python3.12/site-packages/airflow/example_dags/example_latest_only.py
[2024-11-03T01:06:56.343+0000] {logging_mixin.py:190} INFO - [2024-11-03T01:06:56.343+0000] {dag.py:3239} INFO - Sync 1 DAGs
[2024-11-03T01:06:56.365+0000] {logging_mixin.py:190} INFO - [2024-11-03T01:06:56.365+0000] {dag.py:4180} INFO - Setting next_dagrun for latest_only to 2024-11-02 20:00:00+00:00, run_after=2024-11-03 00:00:00+00:00
[2024-11-03T01:06:56.380+0000] {processor.py:208} INFO - Processing /home/airflow/.local/lib/python3.12/site-packages/airflow/example_dags/example_latest_only.py took 0.066 seconds
[2024-11-03T01:07:26.666+0000] {processor.py:186} INFO - Started process (PID=2510) to work on /home/airflow/.local/lib/python3.12/site-packages/airflow/example_dags/example_latest_only.py
[2024-11-03T01:07:26.667+0000] {processor.py:914} INFO - Processing file /home/airflow/.local/lib/python3.12/site-packages/airflow/example_dags/example_latest_only.py for tasks to queue
[2024-11-03T01:07:26.669+0000] {logging_mixin.py:190} INFO - [2024-11-03T01:07:26.669+0000] {dagbag.py:588} INFO - Filling up the DagBag from /home/airflow/.local/lib/python3.12/site-packages/airflow/example_dags/example_latest_only.py
[2024-11-03T01:07:26.675+0000] {processor.py:925} INFO - DAG(s) 'latest_only' retrieved from /home/airflow/.local/lib/python3.12/site-packages/airflow/example_dags/example_latest_only.py
[2024-11-03T01:07:26.691+0000] {logging_mixin.py:190} INFO - [2024-11-03T01:07:26.690+0000] {dag.py:3239} INFO - Sync 1 DAGs
[2024-11-03T01:07:26.713+0000] {logging_mixin.py:190} INFO - [2024-11-03T01:07:26.712+0000] {dag.py:4180} INFO - Setting next_dagrun for latest_only to 2024-11-02 20:00:00+00:00, run_after=2024-11-03 00:00:00+00:00
[2024-11-03T01:07:26.730+0000] {processor.py:208} INFO - Processing /home/airflow/.local/lib/python3.12/site-packages/airflow/example_dags/example_latest_only.py took 0.068 seconds
[2024-11-03T01:07:57.006+0000] {processor.py:186} INFO - Started process (PID=2573) to work on /home/airflow/.local/lib/python3.12/site-packages/airflow/example_dags/example_latest_only.py
[2024-11-03T01:07:57.007+0000] {processor.py:914} INFO - Processing file /home/airflow/.local/lib/python3.12/site-packages/airflow/example_dags/example_latest_only.py for tasks to queue
[2024-11-03T01:07:57.009+0000] {logging_mixin.py:190} INFO - [2024-11-03T01:07:57.009+0000] {dagbag.py:588} INFO - Filling up the DagBag from /home/airflow/.local/lib/python3.12/site-packages/airflow/example_dags/example_latest_only.py
[2024-11-03T01:07:57.015+0000] {processor.py:925} INFO - DAG(s) 'latest_only' retrieved from /home/airflow/.local/lib/python3.12/site-packages/airflow/example_dags/example_latest_only.py
[2024-11-03T01:07:57.032+0000] {logging_mixin.py:190} INFO - [2024-11-03T01:07:57.032+0000] {dag.py:3239} INFO - Sync 1 DAGs
[2024-11-03T01:07:57.052+0000] {logging_mixin.py:190} INFO - [2024-11-03T01:07:57.052+0000] {dag.py:4180} INFO - Setting next_dagrun for latest_only to 2024-11-02 20:00:00+00:00, run_after=2024-11-03 00:00:00+00:00
[2024-11-03T01:07:57.068+0000] {processor.py:208} INFO - Processing /home/airflow/.local/lib/python3.12/site-packages/airflow/example_dags/example_latest_only.py took 0.067 seconds
[2024-11-03T01:08:27.483+0000] {processor.py:186} INFO - Started process (PID=2636) to work on /home/airflow/.local/lib/python3.12/site-packages/airflow/example_dags/example_latest_only.py
[2024-11-03T01:08:27.483+0000] {processor.py:914} INFO - Processing file /home/airflow/.local/lib/python3.12/site-packages/airflow/example_dags/example_latest_only.py for tasks to queue
[2024-11-03T01:08:27.485+0000] {logging_mixin.py:190} INFO - [2024-11-03T01:08:27.485+0000] {dagbag.py:588} INFO - Filling up the DagBag from /home/airflow/.local/lib/python3.12/site-packages/airflow/example_dags/example_latest_only.py
[2024-11-03T01:08:27.491+0000] {processor.py:925} INFO - DAG(s) 'latest_only' retrieved from /home/airflow/.local/lib/python3.12/site-packages/airflow/example_dags/example_latest_only.py
[2024-11-03T01:08:27.509+0000] {logging_mixin.py:190} INFO - [2024-11-03T01:08:27.508+0000] {dag.py:3239} INFO - Sync 1 DAGs
[2024-11-03T01:08:27.527+0000] {logging_mixin.py:190} INFO - [2024-11-03T01:08:27.527+0000] {dag.py:4180} INFO - Setting next_dagrun for latest_only to 2024-11-02 20:00:00+00:00, run_after=2024-11-03 00:00:00+00:00
[2024-11-03T01:08:27.543+0000] {processor.py:208} INFO - Processing /home/airflow/.local/lib/python3.12/site-packages/airflow/example_dags/example_latest_only.py took 0.065 seconds
[2024-11-03T01:08:57.930+0000] {processor.py:186} INFO - Started process (PID=2700) to work on /home/airflow/.local/lib/python3.12/site-packages/airflow/example_dags/example_latest_only.py
[2024-11-03T01:08:57.931+0000] {processor.py:914} INFO - Processing file /home/airflow/.local/lib/python3.12/site-packages/airflow/example_dags/example_latest_only.py for tasks to queue
[2024-11-03T01:08:57.933+0000] {logging_mixin.py:190} INFO - [2024-11-03T01:08:57.933+0000] {dagbag.py:588} INFO - Filling up the DagBag from /home/airflow/.local/lib/python3.12/site-packages/airflow/example_dags/example_latest_only.py
[2024-11-03T01:08:57.939+0000] {processor.py:925} INFO - DAG(s) 'latest_only' retrieved from /home/airflow/.local/lib/python3.12/site-packages/airflow/example_dags/example_latest_only.py
[2024-11-03T01:08:57.955+0000] {logging_mixin.py:190} INFO - [2024-11-03T01:08:57.955+0000] {dag.py:3239} INFO - Sync 1 DAGs
[2024-11-03T01:08:57.975+0000] {logging_mixin.py:190} INFO - [2024-11-03T01:08:57.975+0000] {dag.py:4180} INFO - Setting next_dagrun for latest_only to 2024-11-02 20:00:00+00:00, run_after=2024-11-03 00:00:00+00:00
[2024-11-03T01:08:57.990+0000] {processor.py:208} INFO - Processing /home/airflow/.local/lib/python3.12/site-packages/airflow/example_dags/example_latest_only.py took 0.065 seconds
[2024-11-03T01:09:28.450+0000] {processor.py:186} INFO - Started process (PID=2763) to work on /home/airflow/.local/lib/python3.12/site-packages/airflow/example_dags/example_latest_only.py
[2024-11-03T01:09:28.451+0000] {processor.py:914} INFO - Processing file /home/airflow/.local/lib/python3.12/site-packages/airflow/example_dags/example_latest_only.py for tasks to queue
[2024-11-03T01:09:28.453+0000] {logging_mixin.py:190} INFO - [2024-11-03T01:09:28.453+0000] {dagbag.py:588} INFO - Filling up the DagBag from /home/airflow/.local/lib/python3.12/site-packages/airflow/example_dags/example_latest_only.py
[2024-11-03T01:09:28.459+0000] {processor.py:925} INFO - DAG(s) 'latest_only' retrieved from /home/airflow/.local/lib/python3.12/site-packages/airflow/example_dags/example_latest_only.py
[2024-11-03T01:09:28.478+0000] {logging_mixin.py:190} INFO - [2024-11-03T01:09:28.478+0000] {dag.py:3239} INFO - Sync 1 DAGs
[2024-11-03T01:09:28.499+0000] {logging_mixin.py:190} INFO - [2024-11-03T01:09:28.499+0000] {dag.py:4180} INFO - Setting next_dagrun for latest_only to 2024-11-02 20:00:00+00:00, run_after=2024-11-03 00:00:00+00:00
[2024-11-03T01:09:28.515+0000] {processor.py:208} INFO - Processing /home/airflow/.local/lib/python3.12/site-packages/airflow/example_dags/example_latest_only.py took 0.070 seconds
[2024-11-03T01:09:58.804+0000] {processor.py:186} INFO - Started process (PID=2826) to work on /home/airflow/.local/lib/python3.12/site-packages/airflow/example_dags/example_latest_only.py
[2024-11-03T01:09:58.805+0000] {processor.py:914} INFO - Processing file /home/airflow/.local/lib/python3.12/site-packages/airflow/example_dags/example_latest_only.py for tasks to queue
[2024-11-03T01:09:58.807+0000] {logging_mixin.py:190} INFO - [2024-11-03T01:09:58.807+0000] {dagbag.py:588} INFO - Filling up the DagBag from /home/airflow/.local/lib/python3.12/site-packages/airflow/example_dags/example_latest_only.py
[2024-11-03T01:09:58.813+0000] {processor.py:925} INFO - DAG(s) 'latest_only' retrieved from /home/airflow/.local/lib/python3.12/site-packages/airflow/example_dags/example_latest_only.py
[2024-11-03T01:09:58.829+0000] {logging_mixin.py:190} INFO - [2024-11-03T01:09:58.829+0000] {dag.py:3239} INFO - Sync 1 DAGs
[2024-11-03T01:09:58.850+0000] {logging_mixin.py:190} INFO - [2024-11-03T01:09:58.849+0000] {dag.py:4180} INFO - Setting next_dagrun for latest_only to 2024-11-02 20:00:00+00:00, run_after=2024-11-03 00:00:00+00:00
[2024-11-03T01:09:58.866+0000] {processor.py:208} INFO - Processing /home/airflow/.local/lib/python3.12/site-packages/airflow/example_dags/example_latest_only.py took 0.066 seconds
[2024-11-03T01:10:29.148+0000] {processor.py:186} INFO - Started process (PID=2889) to work on /home/airflow/.local/lib/python3.12/site-packages/airflow/example_dags/example_latest_only.py
[2024-11-03T01:10:29.149+0000] {processor.py:914} INFO - Processing file /home/airflow/.local/lib/python3.12/site-packages/airflow/example_dags/example_latest_only.py for tasks to queue
[2024-11-03T01:10:29.151+0000] {logging_mixin.py:190} INFO - [2024-11-03T01:10:29.151+0000] {dagbag.py:588} INFO - Filling up the DagBag from /home/airflow/.local/lib/python3.12/site-packages/airflow/example_dags/example_latest_only.py
[2024-11-03T01:10:29.157+0000] {processor.py:925} INFO - DAG(s) 'latest_only' retrieved from /home/airflow/.local/lib/python3.12/site-packages/airflow/example_dags/example_latest_only.py
[2024-11-03T01:10:29.176+0000] {logging_mixin.py:190} INFO - [2024-11-03T01:10:29.176+0000] {dag.py:3239} INFO - Sync 1 DAGs
[2024-11-03T01:10:29.199+0000] {logging_mixin.py:190} INFO - [2024-11-03T01:10:29.199+0000] {dag.py:4180} INFO - Setting next_dagrun for latest_only to 2024-11-02 20:00:00+00:00, run_after=2024-11-03 00:00:00+00:00
[2024-11-03T01:10:29.215+0000] {processor.py:208} INFO - Processing /home/airflow/.local/lib/python3.12/site-packages/airflow/example_dags/example_latest_only.py took 0.072 seconds
[2024-11-03T01:10:59.626+0000] {processor.py:186} INFO - Started process (PID=2951) to work on /home/airflow/.local/lib/python3.12/site-packages/airflow/example_dags/example_latest_only.py
[2024-11-03T01:10:59.626+0000] {processor.py:914} INFO - Processing file /home/airflow/.local/lib/python3.12/site-packages/airflow/example_dags/example_latest_only.py for tasks to queue
[2024-11-03T01:10:59.628+0000] {logging_mixin.py:190} INFO - [2024-11-03T01:10:59.628+0000] {dagbag.py:588} INFO - Filling up the DagBag from /home/airflow/.local/lib/python3.12/site-packages/airflow/example_dags/example_latest_only.py
[2024-11-03T01:10:59.633+0000] {processor.py:925} INFO - DAG(s) 'latest_only' retrieved from /home/airflow/.local/lib/python3.12/site-packages/airflow/example_dags/example_latest_only.py
[2024-11-03T01:10:59.650+0000] {logging_mixin.py:190} INFO - [2024-11-03T01:10:59.650+0000] {dag.py:3239} INFO - Sync 1 DAGs
[2024-11-03T01:10:59.668+0000] {logging_mixin.py:190} INFO - [2024-11-03T01:10:59.668+0000] {dag.py:4180} INFO - Setting next_dagrun for latest_only to 2024-11-02 20:00:00+00:00, run_after=2024-11-03 00:00:00+00:00
[2024-11-03T01:10:59.682+0000] {processor.py:208} INFO - Processing /home/airflow/.local/lib/python3.12/site-packages/airflow/example_dags/example_latest_only.py took 0.061 seconds
[2024-11-03T01:11:30.106+0000] {processor.py:186} INFO - Started process (PID=3014) to work on /home/airflow/.local/lib/python3.12/site-packages/airflow/example_dags/example_latest_only.py
[2024-11-03T01:11:30.107+0000] {processor.py:914} INFO - Processing file /home/airflow/.local/lib/python3.12/site-packages/airflow/example_dags/example_latest_only.py for tasks to queue
[2024-11-03T01:11:30.109+0000] {logging_mixin.py:190} INFO - [2024-11-03T01:11:30.108+0000] {dagbag.py:588} INFO - Filling up the DagBag from /home/airflow/.local/lib/python3.12/site-packages/airflow/example_dags/example_latest_only.py
[2024-11-03T01:11:30.114+0000] {processor.py:925} INFO - DAG(s) 'latest_only' retrieved from /home/airflow/.local/lib/python3.12/site-packages/airflow/example_dags/example_latest_only.py
[2024-11-03T01:11:30.130+0000] {logging_mixin.py:190} INFO - [2024-11-03T01:11:30.130+0000] {dag.py:3239} INFO - Sync 1 DAGs
[2024-11-03T01:11:30.151+0000] {logging_mixin.py:190} INFO - [2024-11-03T01:11:30.150+0000] {dag.py:4180} INFO - Setting next_dagrun for latest_only to 2024-11-02 20:00:00+00:00, run_after=2024-11-03 00:00:00+00:00
[2024-11-03T01:11:30.165+0000] {processor.py:208} INFO - Processing /home/airflow/.local/lib/python3.12/site-packages/airflow/example_dags/example_latest_only.py took 0.064 seconds
[2024-11-03T01:12:00.354+0000] {processor.py:186} INFO - Started process (PID=3077) to work on /home/airflow/.local/lib/python3.12/site-packages/airflow/example_dags/example_latest_only.py
[2024-11-03T01:12:00.355+0000] {processor.py:914} INFO - Processing file /home/airflow/.local/lib/python3.12/site-packages/airflow/example_dags/example_latest_only.py for tasks to queue
[2024-11-03T01:12:00.357+0000] {logging_mixin.py:190} INFO - [2024-11-03T01:12:00.356+0000] {dagbag.py:588} INFO - Filling up the DagBag from /home/airflow/.local/lib/python3.12/site-packages/airflow/example_dags/example_latest_only.py
[2024-11-03T01:12:00.363+0000] {processor.py:925} INFO - DAG(s) 'latest_only' retrieved from /home/airflow/.local/lib/python3.12/site-packages/airflow/example_dags/example_latest_only.py
[2024-11-03T01:12:00.380+0000] {logging_mixin.py:190} INFO - [2024-11-03T01:12:00.380+0000] {dag.py:3239} INFO - Sync 1 DAGs
[2024-11-03T01:12:00.400+0000] {logging_mixin.py:190} INFO - [2024-11-03T01:12:00.399+0000] {dag.py:4180} INFO - Setting next_dagrun for latest_only to 2024-11-02 20:00:00+00:00, run_after=2024-11-03 00:00:00+00:00
[2024-11-03T01:12:00.415+0000] {processor.py:208} INFO - Processing /home/airflow/.local/lib/python3.12/site-packages/airflow/example_dags/example_latest_only.py took 0.066 seconds
[2024-11-03T01:12:31.482+0000] {processor.py:186} INFO - Started process (PID=3139) to work on /home/airflow/.local/lib/python3.12/site-packages/airflow/example_dags/example_latest_only.py
[2024-11-03T01:12:31.483+0000] {processor.py:914} INFO - Processing file /home/airflow/.local/lib/python3.12/site-packages/airflow/example_dags/example_latest_only.py for tasks to queue
[2024-11-03T01:12:31.485+0000] {logging_mixin.py:190} INFO - [2024-11-03T01:12:31.485+0000] {dagbag.py:588} INFO - Filling up the DagBag from /home/airflow/.local/lib/python3.12/site-packages/airflow/example_dags/example_latest_only.py
[2024-11-03T01:12:31.491+0000] {processor.py:925} INFO - DAG(s) 'latest_only' retrieved from /home/airflow/.local/lib/python3.12/site-packages/airflow/example_dags/example_latest_only.py
[2024-11-03T01:12:31.508+0000] {logging_mixin.py:190} INFO - [2024-11-03T01:12:31.507+0000] {dag.py:3239} INFO - Sync 1 DAGs
[2024-11-03T01:12:31.530+0000] {logging_mixin.py:190} INFO - [2024-11-03T01:12:31.529+0000] {dag.py:4180} INFO - Setting next_dagrun for latest_only to 2024-11-02 20:00:00+00:00, run_after=2024-11-03 00:00:00+00:00
[2024-11-03T01:12:31.545+0000] {processor.py:208} INFO - Processing /home/airflow/.local/lib/python3.12/site-packages/airflow/example_dags/example_latest_only.py took 0.068 seconds
[2024-11-03T01:13:03.496+0000] {processor.py:186} INFO - Started process (PID=3204) to work on /home/airflow/.local/lib/python3.12/site-packages/airflow/example_dags/example_latest_only.py
[2024-11-03T01:13:03.497+0000] {processor.py:914} INFO - Processing file /home/airflow/.local/lib/python3.12/site-packages/airflow/example_dags/example_latest_only.py for tasks to queue
[2024-11-03T01:13:03.499+0000] {logging_mixin.py:190} INFO - [2024-11-03T01:13:03.499+0000] {dagbag.py:588} INFO - Filling up the DagBag from /home/airflow/.local/lib/python3.12/site-packages/airflow/example_dags/example_latest_only.py
[2024-11-03T01:13:03.504+0000] {processor.py:925} INFO - DAG(s) 'latest_only' retrieved from /home/airflow/.local/lib/python3.12/site-packages/airflow/example_dags/example_latest_only.py
[2024-11-03T01:13:03.524+0000] {logging_mixin.py:190} INFO - [2024-11-03T01:13:03.523+0000] {dag.py:3239} INFO - Sync 1 DAGs
[2024-11-03T01:13:03.717+0000] {logging_mixin.py:190} INFO - [2024-11-03T01:13:03.717+0000] {dag.py:4180} INFO - Setting next_dagrun for latest_only to 2024-11-02 20:00:00+00:00, run_after=2024-11-03 00:00:00+00:00
[2024-11-03T01:13:03.733+0000] {processor.py:208} INFO - Processing /home/airflow/.local/lib/python3.12/site-packages/airflow/example_dags/example_latest_only.py took 0.242 seconds
[2024-11-03T01:13:34.453+0000] {processor.py:186} INFO - Started process (PID=3273) to work on /home/airflow/.local/lib/python3.12/site-packages/airflow/example_dags/example_latest_only.py
[2024-11-03T01:13:34.454+0000] {processor.py:914} INFO - Processing file /home/airflow/.local/lib/python3.12/site-packages/airflow/example_dags/example_latest_only.py for tasks to queue
[2024-11-03T01:13:34.458+0000] {logging_mixin.py:190} INFO - [2024-11-03T01:13:34.457+0000] {dagbag.py:588} INFO - Filling up the DagBag from /home/airflow/.local/lib/python3.12/site-packages/airflow/example_dags/example_latest_only.py
[2024-11-03T01:13:34.467+0000] {processor.py:925} INFO - DAG(s) 'latest_only' retrieved from /home/airflow/.local/lib/python3.12/site-packages/airflow/example_dags/example_latest_only.py
[2024-11-03T01:13:34.488+0000] {logging_mixin.py:190} INFO - [2024-11-03T01:13:34.488+0000] {dag.py:3239} INFO - Sync 1 DAGs
[2024-11-03T01:13:34.710+0000] {logging_mixin.py:190} INFO - [2024-11-03T01:13:34.710+0000] {dag.py:4180} INFO - Setting next_dagrun for latest_only to 2024-11-02 20:00:00+00:00, run_after=2024-11-03 00:00:00+00:00
[2024-11-03T01:13:34.727+0000] {processor.py:208} INFO - Processing /home/airflow/.local/lib/python3.12/site-packages/airflow/example_dags/example_latest_only.py took 0.282 seconds
[2024-11-03T01:14:05.409+0000] {processor.py:186} INFO - Started process (PID=3336) to work on /home/airflow/.local/lib/python3.12/site-packages/airflow/example_dags/example_latest_only.py
[2024-11-03T01:14:05.410+0000] {processor.py:914} INFO - Processing file /home/airflow/.local/lib/python3.12/site-packages/airflow/example_dags/example_latest_only.py for tasks to queue
[2024-11-03T01:14:05.412+0000] {logging_mixin.py:190} INFO - [2024-11-03T01:14:05.412+0000] {dagbag.py:588} INFO - Filling up the DagBag from /home/airflow/.local/lib/python3.12/site-packages/airflow/example_dags/example_latest_only.py
[2024-11-03T01:14:05.418+0000] {processor.py:925} INFO - DAG(s) 'latest_only' retrieved from /home/airflow/.local/lib/python3.12/site-packages/airflow/example_dags/example_latest_only.py
[2024-11-03T01:14:05.436+0000] {logging_mixin.py:190} INFO - [2024-11-03T01:14:05.435+0000] {dag.py:3239} INFO - Sync 1 DAGs
[2024-11-03T01:14:05.456+0000] {logging_mixin.py:190} INFO - [2024-11-03T01:14:05.455+0000] {dag.py:4180} INFO - Setting next_dagrun for latest_only to 2024-11-02 20:00:00+00:00, run_after=2024-11-03 00:00:00+00:00
[2024-11-03T01:14:05.473+0000] {processor.py:208} INFO - Processing /home/airflow/.local/lib/python3.12/site-packages/airflow/example_dags/example_latest_only.py took 0.069 seconds
[2024-11-03T01:14:35.708+0000] {processor.py:186} INFO - Started process (PID=3399) to work on /home/airflow/.local/lib/python3.12/site-packages/airflow/example_dags/example_latest_only.py
[2024-11-03T01:14:35.709+0000] {processor.py:914} INFO - Processing file /home/airflow/.local/lib/python3.12/site-packages/airflow/example_dags/example_latest_only.py for tasks to queue
[2024-11-03T01:14:35.712+0000] {logging_mixin.py:190} INFO - [2024-11-03T01:14:35.712+0000] {dagbag.py:588} INFO - Filling up the DagBag from /home/airflow/.local/lib/python3.12/site-packages/airflow/example_dags/example_latest_only.py
[2024-11-03T01:14:35.717+0000] {processor.py:925} INFO - DAG(s) 'latest_only' retrieved from /home/airflow/.local/lib/python3.12/site-packages/airflow/example_dags/example_latest_only.py
[2024-11-03T01:14:35.736+0000] {logging_mixin.py:190} INFO - [2024-11-03T01:14:35.736+0000] {dag.py:3239} INFO - Sync 1 DAGs
[2024-11-03T01:14:35.756+0000] {logging_mixin.py:190} INFO - [2024-11-03T01:14:35.756+0000] {dag.py:4180} INFO - Setting next_dagrun for latest_only to 2024-11-02 20:00:00+00:00, run_after=2024-11-03 00:00:00+00:00
[2024-11-03T01:14:35.773+0000] {processor.py:208} INFO - Processing /home/airflow/.local/lib/python3.12/site-packages/airflow/example_dags/example_latest_only.py took 0.070 seconds
[2024-11-03T01:15:05.977+0000] {processor.py:186} INFO - Started process (PID=3462) to work on /home/airflow/.local/lib/python3.12/site-packages/airflow/example_dags/example_latest_only.py
[2024-11-03T01:15:05.978+0000] {processor.py:914} INFO - Processing file /home/airflow/.local/lib/python3.12/site-packages/airflow/example_dags/example_latest_only.py for tasks to queue
[2024-11-03T01:15:05.980+0000] {logging_mixin.py:190} INFO - [2024-11-03T01:15:05.979+0000] {dagbag.py:588} INFO - Filling up the DagBag from /home/airflow/.local/lib/python3.12/site-packages/airflow/example_dags/example_latest_only.py
[2024-11-03T01:15:05.985+0000] {processor.py:925} INFO - DAG(s) 'latest_only' retrieved from /home/airflow/.local/lib/python3.12/site-packages/airflow/example_dags/example_latest_only.py
[2024-11-03T01:15:06.004+0000] {logging_mixin.py:190} INFO - [2024-11-03T01:15:06.004+0000] {dag.py:3239} INFO - Sync 1 DAGs
[2024-11-03T01:15:06.025+0000] {logging_mixin.py:190} INFO - [2024-11-03T01:15:06.024+0000] {dag.py:4180} INFO - Setting next_dagrun for latest_only to 2024-11-02 20:00:00+00:00, run_after=2024-11-03 00:00:00+00:00
[2024-11-03T01:15:06.041+0000] {processor.py:208} INFO - Processing /home/airflow/.local/lib/python3.12/site-packages/airflow/example_dags/example_latest_only.py took 0.069 seconds
[2024-11-03T01:15:36.593+0000] {processor.py:186} INFO - Started process (PID=3525) to work on /home/airflow/.local/lib/python3.12/site-packages/airflow/example_dags/example_latest_only.py
[2024-11-03T01:15:36.594+0000] {processor.py:914} INFO - Processing file /home/airflow/.local/lib/python3.12/site-packages/airflow/example_dags/example_latest_only.py for tasks to queue
[2024-11-03T01:15:36.596+0000] {logging_mixin.py:190} INFO - [2024-11-03T01:15:36.595+0000] {dagbag.py:588} INFO - Filling up the DagBag from /home/airflow/.local/lib/python3.12/site-packages/airflow/example_dags/example_latest_only.py
[2024-11-03T01:15:36.601+0000] {processor.py:925} INFO - DAG(s) 'latest_only' retrieved from /home/airflow/.local/lib/python3.12/site-packages/airflow/example_dags/example_latest_only.py
[2024-11-03T01:15:36.619+0000] {logging_mixin.py:190} INFO - [2024-11-03T01:15:36.618+0000] {dag.py:3239} INFO - Sync 1 DAGs
[2024-11-03T01:15:36.646+0000] {logging_mixin.py:190} INFO - [2024-11-03T01:15:36.645+0000] {dag.py:4180} INFO - Setting next_dagrun for latest_only to 2024-11-02 20:00:00+00:00, run_after=2024-11-03 00:00:00+00:00
[2024-11-03T01:15:36.662+0000] {processor.py:208} INFO - Processing /home/airflow/.local/lib/python3.12/site-packages/airflow/example_dags/example_latest_only.py took 0.074 seconds
[2024-11-03T01:16:07.048+0000] {processor.py:186} INFO - Started process (PID=3588) to work on /home/airflow/.local/lib/python3.12/site-packages/airflow/example_dags/example_latest_only.py
[2024-11-03T01:16:07.049+0000] {processor.py:914} INFO - Processing file /home/airflow/.local/lib/python3.12/site-packages/airflow/example_dags/example_latest_only.py for tasks to queue
[2024-11-03T01:16:07.051+0000] {logging_mixin.py:190} INFO - [2024-11-03T01:16:07.050+0000] {dagbag.py:588} INFO - Filling up the DagBag from /home/airflow/.local/lib/python3.12/site-packages/airflow/example_dags/example_latest_only.py
[2024-11-03T01:16:07.058+0000] {processor.py:925} INFO - DAG(s) 'latest_only' retrieved from /home/airflow/.local/lib/python3.12/site-packages/airflow/example_dags/example_latest_only.py
[2024-11-03T01:16:07.076+0000] {logging_mixin.py:190} INFO - [2024-11-03T01:16:07.076+0000] {dag.py:3239} INFO - Sync 1 DAGs
[2024-11-03T01:16:07.100+0000] {logging_mixin.py:190} INFO - [2024-11-03T01:16:07.100+0000] {dag.py:4180} INFO - Setting next_dagrun for latest_only to 2024-11-02 20:00:00+00:00, run_after=2024-11-03 00:00:00+00:00
[2024-11-03T01:16:07.118+0000] {processor.py:208} INFO - Processing /home/airflow/.local/lib/python3.12/site-packages/airflow/example_dags/example_latest_only.py took 0.075 seconds
[2024-11-03T01:16:37.274+0000] {processor.py:186} INFO - Started process (PID=3651) to work on /home/airflow/.local/lib/python3.12/site-packages/airflow/example_dags/example_latest_only.py
[2024-11-03T01:16:37.274+0000] {processor.py:914} INFO - Processing file /home/airflow/.local/lib/python3.12/site-packages/airflow/example_dags/example_latest_only.py for tasks to queue
[2024-11-03T01:16:37.276+0000] {logging_mixin.py:190} INFO - [2024-11-03T01:16:37.276+0000] {dagbag.py:588} INFO - Filling up the DagBag from /home/airflow/.local/lib/python3.12/site-packages/airflow/example_dags/example_latest_only.py
[2024-11-03T01:16:37.282+0000] {processor.py:925} INFO - DAG(s) 'latest_only' retrieved from /home/airflow/.local/lib/python3.12/site-packages/airflow/example_dags/example_latest_only.py
[2024-11-03T01:16:37.300+0000] {logging_mixin.py:190} INFO - [2024-11-03T01:16:37.300+0000] {dag.py:3239} INFO - Sync 1 DAGs
[2024-11-03T01:16:37.325+0000] {logging_mixin.py:190} INFO - [2024-11-03T01:16:37.325+0000] {dag.py:4180} INFO - Setting next_dagrun for latest_only to 2024-11-02 20:00:00+00:00, run_after=2024-11-03 00:00:00+00:00
[2024-11-03T01:16:37.342+0000] {processor.py:208} INFO - Processing /home/airflow/.local/lib/python3.12/site-packages/airflow/example_dags/example_latest_only.py took 0.074 seconds
[2024-11-03T01:17:07.565+0000] {processor.py:186} INFO - Started process (PID=3714) to work on /home/airflow/.local/lib/python3.12/site-packages/airflow/example_dags/example_latest_only.py
[2024-11-03T01:17:07.565+0000] {processor.py:914} INFO - Processing file /home/airflow/.local/lib/python3.12/site-packages/airflow/example_dags/example_latest_only.py for tasks to queue
[2024-11-03T01:17:07.567+0000] {logging_mixin.py:190} INFO - [2024-11-03T01:17:07.567+0000] {dagbag.py:588} INFO - Filling up the DagBag from /home/airflow/.local/lib/python3.12/site-packages/airflow/example_dags/example_latest_only.py
[2024-11-03T01:17:07.574+0000] {processor.py:925} INFO - DAG(s) 'latest_only' retrieved from /home/airflow/.local/lib/python3.12/site-packages/airflow/example_dags/example_latest_only.py
[2024-11-03T01:17:07.591+0000] {logging_mixin.py:190} INFO - [2024-11-03T01:17:07.591+0000] {dag.py:3239} INFO - Sync 1 DAGs
[2024-11-03T01:17:07.611+0000] {logging_mixin.py:190} INFO - [2024-11-03T01:17:07.610+0000] {dag.py:4180} INFO - Setting next_dagrun for latest_only to 2024-11-02 20:00:00+00:00, run_after=2024-11-03 00:00:00+00:00
[2024-11-03T01:17:07.626+0000] {processor.py:208} INFO - Processing /home/airflow/.local/lib/python3.12/site-packages/airflow/example_dags/example_latest_only.py took 0.066 seconds
[2024-11-03T01:17:37.816+0000] {processor.py:186} INFO - Started process (PID=3777) to work on /home/airflow/.local/lib/python3.12/site-packages/airflow/example_dags/example_latest_only.py
[2024-11-03T01:17:37.817+0000] {processor.py:914} INFO - Processing file /home/airflow/.local/lib/python3.12/site-packages/airflow/example_dags/example_latest_only.py for tasks to queue
[2024-11-03T01:17:37.819+0000] {logging_mixin.py:190} INFO - [2024-11-03T01:17:37.819+0000] {dagbag.py:588} INFO - Filling up the DagBag from /home/airflow/.local/lib/python3.12/site-packages/airflow/example_dags/example_latest_only.py
[2024-11-03T01:17:37.825+0000] {processor.py:925} INFO - DAG(s) 'latest_only' retrieved from /home/airflow/.local/lib/python3.12/site-packages/airflow/example_dags/example_latest_only.py
[2024-11-03T01:17:37.843+0000] {logging_mixin.py:190} INFO - [2024-11-03T01:17:37.842+0000] {dag.py:3239} INFO - Sync 1 DAGs
[2024-11-03T01:17:37.862+0000] {logging_mixin.py:190} INFO - [2024-11-03T01:17:37.862+0000] {dag.py:4180} INFO - Setting next_dagrun for latest_only to 2024-11-02 20:00:00+00:00, run_after=2024-11-03 00:00:00+00:00
[2024-11-03T01:17:37.878+0000] {processor.py:208} INFO - Processing /home/airflow/.local/lib/python3.12/site-packages/airflow/example_dags/example_latest_only.py took 0.067 seconds
[2024-11-03T01:18:08.001+0000] {processor.py:186} INFO - Started process (PID=3841) to work on /home/airflow/.local/lib/python3.12/site-packages/airflow/example_dags/example_latest_only.py
[2024-11-03T01:18:08.002+0000] {processor.py:914} INFO - Processing file /home/airflow/.local/lib/python3.12/site-packages/airflow/example_dags/example_latest_only.py for tasks to queue
[2024-11-03T01:18:08.005+0000] {logging_mixin.py:190} INFO - [2024-11-03T01:18:08.004+0000] {dagbag.py:588} INFO - Filling up the DagBag from /home/airflow/.local/lib/python3.12/site-packages/airflow/example_dags/example_latest_only.py
[2024-11-03T01:18:08.010+0000] {processor.py:925} INFO - DAG(s) 'latest_only' retrieved from /home/airflow/.local/lib/python3.12/site-packages/airflow/example_dags/example_latest_only.py
[2024-11-03T01:18:08.027+0000] {logging_mixin.py:190} INFO - [2024-11-03T01:18:08.027+0000] {dag.py:3239} INFO - Sync 1 DAGs
[2024-11-03T01:18:08.045+0000] {logging_mixin.py:190} INFO - [2024-11-03T01:18:08.045+0000] {dag.py:4180} INFO - Setting next_dagrun for latest_only to 2024-11-02 20:00:00+00:00, run_after=2024-11-03 00:00:00+00:00
[2024-11-03T01:18:08.062+0000] {processor.py:208} INFO - Processing /home/airflow/.local/lib/python3.12/site-packages/airflow/example_dags/example_latest_only.py took 0.066 seconds
[2024-11-03T01:18:38.244+0000] {processor.py:186} INFO - Started process (PID=3904) to work on /home/airflow/.local/lib/python3.12/site-packages/airflow/example_dags/example_latest_only.py
[2024-11-03T01:18:38.245+0000] {processor.py:914} INFO - Processing file /home/airflow/.local/lib/python3.12/site-packages/airflow/example_dags/example_latest_only.py for tasks to queue
[2024-11-03T01:18:38.247+0000] {logging_mixin.py:190} INFO - [2024-11-03T01:18:38.247+0000] {dagbag.py:588} INFO - Filling up the DagBag from /home/airflow/.local/lib/python3.12/site-packages/airflow/example_dags/example_latest_only.py
[2024-11-03T01:18:38.253+0000] {processor.py:925} INFO - DAG(s) 'latest_only' retrieved from /home/airflow/.local/lib/python3.12/site-packages/airflow/example_dags/example_latest_only.py
[2024-11-03T01:18:38.269+0000] {logging_mixin.py:190} INFO - [2024-11-03T01:18:38.269+0000] {dag.py:3239} INFO - Sync 1 DAGs
[2024-11-03T01:18:38.288+0000] {logging_mixin.py:190} INFO - [2024-11-03T01:18:38.288+0000] {dag.py:4180} INFO - Setting next_dagrun for latest_only to 2024-11-02 20:00:00+00:00, run_after=2024-11-03 00:00:00+00:00
[2024-11-03T01:18:38.304+0000] {processor.py:208} INFO - Processing /home/airflow/.local/lib/python3.12/site-packages/airflow/example_dags/example_latest_only.py took 0.065 seconds
[2024-11-03T01:19:08.831+0000] {processor.py:186} INFO - Started process (PID=3967) to work on /home/airflow/.local/lib/python3.12/site-packages/airflow/example_dags/example_latest_only.py
[2024-11-03T01:19:08.832+0000] {processor.py:914} INFO - Processing file /home/airflow/.local/lib/python3.12/site-packages/airflow/example_dags/example_latest_only.py for tasks to queue
[2024-11-03T01:19:08.834+0000] {logging_mixin.py:190} INFO - [2024-11-03T01:19:08.833+0000] {dagbag.py:588} INFO - Filling up the DagBag from /home/airflow/.local/lib/python3.12/site-packages/airflow/example_dags/example_latest_only.py
[2024-11-03T01:19:08.839+0000] {processor.py:925} INFO - DAG(s) 'latest_only' retrieved from /home/airflow/.local/lib/python3.12/site-packages/airflow/example_dags/example_latest_only.py
[2024-11-03T01:19:08.855+0000] {logging_mixin.py:190} INFO - [2024-11-03T01:19:08.855+0000] {dag.py:3239} INFO - Sync 1 DAGs
[2024-11-03T01:19:08.875+0000] {logging_mixin.py:190} INFO - [2024-11-03T01:19:08.875+0000] {dag.py:4180} INFO - Setting next_dagrun for latest_only to 2024-11-02 20:00:00+00:00, run_after=2024-11-03 00:00:00+00:00
[2024-11-03T01:19:08.889+0000] {processor.py:208} INFO - Processing /home/airflow/.local/lib/python3.12/site-packages/airflow/example_dags/example_latest_only.py took 0.063 seconds
[2024-11-03T01:19:39.156+0000] {processor.py:186} INFO - Started process (PID=4030) to work on /home/airflow/.local/lib/python3.12/site-packages/airflow/example_dags/example_latest_only.py
[2024-11-03T01:19:39.157+0000] {processor.py:914} INFO - Processing file /home/airflow/.local/lib/python3.12/site-packages/airflow/example_dags/example_latest_only.py for tasks to queue
[2024-11-03T01:19:39.159+0000] {logging_mixin.py:190} INFO - [2024-11-03T01:19:39.158+0000] {dagbag.py:588} INFO - Filling up the DagBag from /home/airflow/.local/lib/python3.12/site-packages/airflow/example_dags/example_latest_only.py
[2024-11-03T01:19:39.164+0000] {processor.py:925} INFO - DAG(s) 'latest_only' retrieved from /home/airflow/.local/lib/python3.12/site-packages/airflow/example_dags/example_latest_only.py
[2024-11-03T01:19:39.180+0000] {logging_mixin.py:190} INFO - [2024-11-03T01:19:39.180+0000] {dag.py:3239} INFO - Sync 1 DAGs
[2024-11-03T01:19:39.199+0000] {logging_mixin.py:190} INFO - [2024-11-03T01:19:39.199+0000] {dag.py:4180} INFO - Setting next_dagrun for latest_only to 2024-11-02 20:00:00+00:00, run_after=2024-11-03 00:00:00+00:00
[2024-11-03T01:19:39.215+0000] {processor.py:208} INFO - Processing /home/airflow/.local/lib/python3.12/site-packages/airflow/example_dags/example_latest_only.py took 0.064 seconds
[2024-11-03T01:20:09.499+0000] {processor.py:186} INFO - Started process (PID=4093) to work on /home/airflow/.local/lib/python3.12/site-packages/airflow/example_dags/example_latest_only.py
[2024-11-03T01:20:09.500+0000] {processor.py:914} INFO - Processing file /home/airflow/.local/lib/python3.12/site-packages/airflow/example_dags/example_latest_only.py for tasks to queue
[2024-11-03T01:20:09.502+0000] {logging_mixin.py:190} INFO - [2024-11-03T01:20:09.502+0000] {dagbag.py:588} INFO - Filling up the DagBag from /home/airflow/.local/lib/python3.12/site-packages/airflow/example_dags/example_latest_only.py
[2024-11-03T01:20:09.508+0000] {processor.py:925} INFO - DAG(s) 'latest_only' retrieved from /home/airflow/.local/lib/python3.12/site-packages/airflow/example_dags/example_latest_only.py
[2024-11-03T01:20:09.525+0000] {logging_mixin.py:190} INFO - [2024-11-03T01:20:09.525+0000] {dag.py:3239} INFO - Sync 1 DAGs
[2024-11-03T01:20:09.545+0000] {logging_mixin.py:190} INFO - [2024-11-03T01:20:09.545+0000] {dag.py:4180} INFO - Setting next_dagrun for latest_only to 2024-11-02 20:00:00+00:00, run_after=2024-11-03 00:00:00+00:00
[2024-11-03T01:20:09.561+0000] {processor.py:208} INFO - Processing /home/airflow/.local/lib/python3.12/site-packages/airflow/example_dags/example_latest_only.py took 0.066 seconds
[2024-11-03T01:20:39.679+0000] {processor.py:186} INFO - Started process (PID=4156) to work on /home/airflow/.local/lib/python3.12/site-packages/airflow/example_dags/example_latest_only.py
[2024-11-03T01:20:39.681+0000] {processor.py:914} INFO - Processing file /home/airflow/.local/lib/python3.12/site-packages/airflow/example_dags/example_latest_only.py for tasks to queue
[2024-11-03T01:20:39.685+0000] {logging_mixin.py:190} INFO - [2024-11-03T01:20:39.684+0000] {dagbag.py:588} INFO - Filling up the DagBag from /home/airflow/.local/lib/python3.12/site-packages/airflow/example_dags/example_latest_only.py
[2024-11-03T01:20:39.691+0000] {processor.py:925} INFO - DAG(s) 'latest_only' retrieved from /home/airflow/.local/lib/python3.12/site-packages/airflow/example_dags/example_latest_only.py
[2024-11-03T01:20:39.709+0000] {logging_mixin.py:190} INFO - [2024-11-03T01:20:39.709+0000] {dag.py:3239} INFO - Sync 1 DAGs
[2024-11-03T01:20:39.734+0000] {logging_mixin.py:190} INFO - [2024-11-03T01:20:39.734+0000] {dag.py:4180} INFO - Setting next_dagrun for latest_only to 2024-11-02 20:00:00+00:00, run_after=2024-11-03 00:00:00+00:00
[2024-11-03T01:20:39.755+0000] {processor.py:208} INFO - Processing /home/airflow/.local/lib/python3.12/site-packages/airflow/example_dags/example_latest_only.py took 0.082 seconds
[2024-11-03T01:21:09.977+0000] {processor.py:186} INFO - Started process (PID=4219) to work on /home/airflow/.local/lib/python3.12/site-packages/airflow/example_dags/example_latest_only.py
[2024-11-03T01:21:09.978+0000] {processor.py:914} INFO - Processing file /home/airflow/.local/lib/python3.12/site-packages/airflow/example_dags/example_latest_only.py for tasks to queue
[2024-11-03T01:21:09.980+0000] {logging_mixin.py:190} INFO - [2024-11-03T01:21:09.980+0000] {dagbag.py:588} INFO - Filling up the DagBag from /home/airflow/.local/lib/python3.12/site-packages/airflow/example_dags/example_latest_only.py
[2024-11-03T01:21:09.986+0000] {processor.py:925} INFO - DAG(s) 'latest_only' retrieved from /home/airflow/.local/lib/python3.12/site-packages/airflow/example_dags/example_latest_only.py
[2024-11-03T01:21:10.002+0000] {logging_mixin.py:190} INFO - [2024-11-03T01:21:10.002+0000] {dag.py:3239} INFO - Sync 1 DAGs
[2024-11-03T01:21:10.022+0000] {logging_mixin.py:190} INFO - [2024-11-03T01:21:10.021+0000] {dag.py:4180} INFO - Setting next_dagrun for latest_only to 2024-11-02 20:00:00+00:00, run_after=2024-11-03 00:00:00+00:00
[2024-11-03T01:21:10.037+0000] {processor.py:208} INFO - Processing /home/airflow/.local/lib/python3.12/site-packages/airflow/example_dags/example_latest_only.py took 0.065 seconds
[2024-11-03T01:21:40.421+0000] {processor.py:186} INFO - Started process (PID=4282) to work on /home/airflow/.local/lib/python3.12/site-packages/airflow/example_dags/example_latest_only.py
[2024-11-03T01:21:40.422+0000] {processor.py:914} INFO - Processing file /home/airflow/.local/lib/python3.12/site-packages/airflow/example_dags/example_latest_only.py for tasks to queue
[2024-11-03T01:21:40.424+0000] {logging_mixin.py:190} INFO - [2024-11-03T01:21:40.423+0000] {dagbag.py:588} INFO - Filling up the DagBag from /home/airflow/.local/lib/python3.12/site-packages/airflow/example_dags/example_latest_only.py
[2024-11-03T01:21:40.429+0000] {processor.py:925} INFO - DAG(s) 'latest_only' retrieved from /home/airflow/.local/lib/python3.12/site-packages/airflow/example_dags/example_latest_only.py
[2024-11-03T01:21:40.446+0000] {logging_mixin.py:190} INFO - [2024-11-03T01:21:40.446+0000] {dag.py:3239} INFO - Sync 1 DAGs
[2024-11-03T01:21:40.467+0000] {logging_mixin.py:190} INFO - [2024-11-03T01:21:40.467+0000] {dag.py:4180} INFO - Setting next_dagrun for latest_only to 2024-11-02 20:00:00+00:00, run_after=2024-11-03 00:00:00+00:00
[2024-11-03T01:21:40.483+0000] {processor.py:208} INFO - Processing /home/airflow/.local/lib/python3.12/site-packages/airflow/example_dags/example_latest_only.py took 0.067 seconds
[2024-11-03T01:22:10.710+0000] {processor.py:186} INFO - Started process (PID=4345) to work on /home/airflow/.local/lib/python3.12/site-packages/airflow/example_dags/example_latest_only.py
[2024-11-03T01:22:10.711+0000] {processor.py:914} INFO - Processing file /home/airflow/.local/lib/python3.12/site-packages/airflow/example_dags/example_latest_only.py for tasks to queue
[2024-11-03T01:22:10.713+0000] {logging_mixin.py:190} INFO - [2024-11-03T01:22:10.712+0000] {dagbag.py:588} INFO - Filling up the DagBag from /home/airflow/.local/lib/python3.12/site-packages/airflow/example_dags/example_latest_only.py
[2024-11-03T01:22:10.718+0000] {processor.py:925} INFO - DAG(s) 'latest_only' retrieved from /home/airflow/.local/lib/python3.12/site-packages/airflow/example_dags/example_latest_only.py
[2024-11-03T01:22:10.734+0000] {logging_mixin.py:190} INFO - [2024-11-03T01:22:10.734+0000] {dag.py:3239} INFO - Sync 1 DAGs
[2024-11-03T01:22:10.752+0000] {logging_mixin.py:190} INFO - [2024-11-03T01:22:10.752+0000] {dag.py:4180} INFO - Setting next_dagrun for latest_only to 2024-11-02 20:00:00+00:00, run_after=2024-11-03 00:00:00+00:00
[2024-11-03T01:22:10.769+0000] {processor.py:208} INFO - Processing /home/airflow/.local/lib/python3.12/site-packages/airflow/example_dags/example_latest_only.py took 0.064 seconds
[2024-11-03T01:22:41.018+0000] {processor.py:186} INFO - Started process (PID=4408) to work on /home/airflow/.local/lib/python3.12/site-packages/airflow/example_dags/example_latest_only.py
[2024-11-03T01:22:41.019+0000] {processor.py:914} INFO - Processing file /home/airflow/.local/lib/python3.12/site-packages/airflow/example_dags/example_latest_only.py for tasks to queue
[2024-11-03T01:22:41.021+0000] {logging_mixin.py:190} INFO - [2024-11-03T01:22:41.021+0000] {dagbag.py:588} INFO - Filling up the DagBag from /home/airflow/.local/lib/python3.12/site-packages/airflow/example_dags/example_latest_only.py
[2024-11-03T01:22:41.027+0000] {processor.py:925} INFO - DAG(s) 'latest_only' retrieved from /home/airflow/.local/lib/python3.12/site-packages/airflow/example_dags/example_latest_only.py
[2024-11-03T01:22:41.045+0000] {logging_mixin.py:190} INFO - [2024-11-03T01:22:41.044+0000] {dag.py:3239} INFO - Sync 1 DAGs
[2024-11-03T01:22:41.065+0000] {logging_mixin.py:190} INFO - [2024-11-03T01:22:41.064+0000] {dag.py:4180} INFO - Setting next_dagrun for latest_only to 2024-11-02 20:00:00+00:00, run_after=2024-11-03 00:00:00+00:00
[2024-11-03T01:22:41.080+0000] {processor.py:208} INFO - Processing /home/airflow/.local/lib/python3.12/site-packages/airflow/example_dags/example_latest_only.py took 0.067 seconds
[2024-11-03T01:23:12.154+0000] {processor.py:186} INFO - Started process (PID=4471) to work on /home/airflow/.local/lib/python3.12/site-packages/airflow/example_dags/example_latest_only.py
[2024-11-03T01:23:12.155+0000] {processor.py:914} INFO - Processing file /home/airflow/.local/lib/python3.12/site-packages/airflow/example_dags/example_latest_only.py for tasks to queue
[2024-11-03T01:23:12.157+0000] {logging_mixin.py:190} INFO - [2024-11-03T01:23:12.156+0000] {dagbag.py:588} INFO - Filling up the DagBag from /home/airflow/.local/lib/python3.12/site-packages/airflow/example_dags/example_latest_only.py
[2024-11-03T01:23:12.162+0000] {processor.py:925} INFO - DAG(s) 'latest_only' retrieved from /home/airflow/.local/lib/python3.12/site-packages/airflow/example_dags/example_latest_only.py
[2024-11-03T01:23:12.179+0000] {logging_mixin.py:190} INFO - [2024-11-03T01:23:12.178+0000] {dag.py:3239} INFO - Sync 1 DAGs
[2024-11-03T01:23:12.198+0000] {logging_mixin.py:190} INFO - [2024-11-03T01:23:12.198+0000] {dag.py:4180} INFO - Setting next_dagrun for latest_only to 2024-11-02 20:00:00+00:00, run_after=2024-11-03 00:00:00+00:00
[2024-11-03T01:23:12.213+0000] {processor.py:208} INFO - Processing /home/airflow/.local/lib/python3.12/site-packages/airflow/example_dags/example_latest_only.py took 0.064 seconds
