[2024-11-03T00:00:04.895+0000] {processor.py:186} INFO - Started process (PID=809) to work on /home/airflow/.local/lib/python3.12/site-packages/airflow/example_dags/example_display_name.py
[2024-11-03T00:00:04.896+0000] {processor.py:914} INFO - Processing file /home/airflow/.local/lib/python3.12/site-packages/airflow/example_dags/example_display_name.py for tasks to queue
[2024-11-03T00:00:04.898+0000] {logging_mixin.py:190} INFO - [2024-11-03T00:00:04.898+0000] {dagbag.py:588} INFO - Filling up the DagBag from /home/airflow/.local/lib/python3.12/site-packages/airflow/example_dags/example_display_name.py
[2024-11-03T00:00:04.904+0000] {processor.py:925} INFO - DAG(s) 'example_display_name' retrieved from /home/airflow/.local/lib/python3.12/site-packages/airflow/example_dags/example_display_name.py
[2024-11-03T00:00:04.920+0000] {logging_mixin.py:190} INFO - [2024-11-03T00:00:04.920+0000] {dag.py:3239} INFO - Sync 1 DAGs
[2024-11-03T00:00:04.932+0000] {logging_mixin.py:190} INFO - [2024-11-03T00:00:04.932+0000] {dag.py:4180} INFO - Setting next_dagrun for example_display_name to None, run_after=None
[2024-11-03T00:00:04.947+0000] {processor.py:208} INFO - Processing /home/airflow/.local/lib/python3.12/site-packages/airflow/example_dags/example_display_name.py took 0.056 seconds
[2024-11-03T00:00:35.585+0000] {processor.py:186} INFO - Started process (PID=872) to work on /home/airflow/.local/lib/python3.12/site-packages/airflow/example_dags/example_display_name.py
[2024-11-03T00:00:35.586+0000] {processor.py:914} INFO - Processing file /home/airflow/.local/lib/python3.12/site-packages/airflow/example_dags/example_display_name.py for tasks to queue
[2024-11-03T00:00:35.588+0000] {logging_mixin.py:190} INFO - [2024-11-03T00:00:35.588+0000] {dagbag.py:588} INFO - Filling up the DagBag from /home/airflow/.local/lib/python3.12/site-packages/airflow/example_dags/example_display_name.py
[2024-11-03T00:00:35.594+0000] {processor.py:925} INFO - DAG(s) 'example_display_name' retrieved from /home/airflow/.local/lib/python3.12/site-packages/airflow/example_dags/example_display_name.py
[2024-11-03T00:00:35.611+0000] {logging_mixin.py:190} INFO - [2024-11-03T00:00:35.611+0000] {dag.py:3239} INFO - Sync 1 DAGs
[2024-11-03T00:00:35.624+0000] {logging_mixin.py:190} INFO - [2024-11-03T00:00:35.623+0000] {dag.py:4180} INFO - Setting next_dagrun for example_display_name to None, run_after=None
[2024-11-03T00:00:35.638+0000] {processor.py:208} INFO - Processing /home/airflow/.local/lib/python3.12/site-packages/airflow/example_dags/example_display_name.py took 0.058 seconds
[2024-11-03T00:01:06.637+0000] {processor.py:186} INFO - Started process (PID=935) to work on /home/airflow/.local/lib/python3.12/site-packages/airflow/example_dags/example_display_name.py
[2024-11-03T00:01:06.638+0000] {processor.py:914} INFO - Processing file /home/airflow/.local/lib/python3.12/site-packages/airflow/example_dags/example_display_name.py for tasks to queue
[2024-11-03T00:01:06.640+0000] {logging_mixin.py:190} INFO - [2024-11-03T00:01:06.640+0000] {dagbag.py:588} INFO - Filling up the DagBag from /home/airflow/.local/lib/python3.12/site-packages/airflow/example_dags/example_display_name.py
[2024-11-03T00:01:06.646+0000] {processor.py:925} INFO - DAG(s) 'example_display_name' retrieved from /home/airflow/.local/lib/python3.12/site-packages/airflow/example_dags/example_display_name.py
[2024-11-03T00:01:06.663+0000] {logging_mixin.py:190} INFO - [2024-11-03T00:01:06.663+0000] {dag.py:3239} INFO - Sync 1 DAGs
[2024-11-03T00:01:06.675+0000] {logging_mixin.py:190} INFO - [2024-11-03T00:01:06.675+0000] {dag.py:4180} INFO - Setting next_dagrun for example_display_name to None, run_after=None
[2024-11-03T00:01:06.692+0000] {processor.py:208} INFO - Processing /home/airflow/.local/lib/python3.12/site-packages/airflow/example_dags/example_display_name.py took 0.059 seconds
[2024-11-03T00:01:36.945+0000] {processor.py:186} INFO - Started process (PID=998) to work on /home/airflow/.local/lib/python3.12/site-packages/airflow/example_dags/example_display_name.py
[2024-11-03T00:01:36.946+0000] {processor.py:914} INFO - Processing file /home/airflow/.local/lib/python3.12/site-packages/airflow/example_dags/example_display_name.py for tasks to queue
[2024-11-03T00:01:36.949+0000] {logging_mixin.py:190} INFO - [2024-11-03T00:01:36.948+0000] {dagbag.py:588} INFO - Filling up the DagBag from /home/airflow/.local/lib/python3.12/site-packages/airflow/example_dags/example_display_name.py
[2024-11-03T00:01:36.955+0000] {processor.py:925} INFO - DAG(s) 'example_display_name' retrieved from /home/airflow/.local/lib/python3.12/site-packages/airflow/example_dags/example_display_name.py
[2024-11-03T00:01:36.972+0000] {logging_mixin.py:190} INFO - [2024-11-03T00:01:36.972+0000] {dag.py:3239} INFO - Sync 1 DAGs
[2024-11-03T00:01:36.985+0000] {logging_mixin.py:190} INFO - [2024-11-03T00:01:36.984+0000] {dag.py:4180} INFO - Setting next_dagrun for example_display_name to None, run_after=None
[2024-11-03T00:01:37.003+0000] {processor.py:208} INFO - Processing /home/airflow/.local/lib/python3.12/site-packages/airflow/example_dags/example_display_name.py took 0.062 seconds
[2024-11-03T00:48:08.496+0000] {processor.py:186} INFO - Started process (PID=114) to work on /home/airflow/.local/lib/python3.12/site-packages/airflow/example_dags/example_display_name.py
[2024-11-03T00:48:08.497+0000] {processor.py:914} INFO - Processing file /home/airflow/.local/lib/python3.12/site-packages/airflow/example_dags/example_display_name.py for tasks to queue
[2024-11-03T00:48:08.499+0000] {logging_mixin.py:190} INFO - [2024-11-03T00:48:08.499+0000] {dagbag.py:588} INFO - Filling up the DagBag from /home/airflow/.local/lib/python3.12/site-packages/airflow/example_dags/example_display_name.py
[2024-11-03T00:48:08.505+0000] {processor.py:925} INFO - DAG(s) 'example_display_name' retrieved from /home/airflow/.local/lib/python3.12/site-packages/airflow/example_dags/example_display_name.py
[2024-11-03T00:48:08.594+0000] {logging_mixin.py:190} INFO - [2024-11-03T00:48:08.593+0000] {override.py:1900} INFO - Created Permission View: can delete on DAG:example_display_name
[2024-11-03T00:48:08.603+0000] {logging_mixin.py:190} INFO - [2024-11-03T00:48:08.603+0000] {override.py:1900} INFO - Created Permission View: can edit on DAG:example_display_name
[2024-11-03T00:48:08.609+0000] {logging_mixin.py:190} INFO - [2024-11-03T00:48:08.609+0000] {override.py:1900} INFO - Created Permission View: can read on DAG:example_display_name
[2024-11-03T00:48:08.616+0000] {logging_mixin.py:190} INFO - [2024-11-03T00:48:08.616+0000] {override.py:1900} INFO - Created Permission View: can create on DAG Run:example_display_name
[2024-11-03T00:48:08.622+0000] {logging_mixin.py:190} INFO - [2024-11-03T00:48:08.622+0000] {override.py:1900} INFO - Created Permission View: can delete on DAG Run:example_display_name
[2024-11-03T00:48:08.628+0000] {logging_mixin.py:190} INFO - [2024-11-03T00:48:08.627+0000] {override.py:1900} INFO - Created Permission View: menu access on DAG Run:example_display_name
[2024-11-03T00:48:08.633+0000] {logging_mixin.py:190} INFO - [2024-11-03T00:48:08.633+0000] {override.py:1900} INFO - Created Permission View: can read on DAG Run:example_display_name
[2024-11-03T00:48:08.633+0000] {logging_mixin.py:190} INFO - [2024-11-03T00:48:08.633+0000] {dag.py:3239} INFO - Sync 1 DAGs
[2024-11-03T00:48:08.644+0000] {logging_mixin.py:190} INFO - [2024-11-03T00:48:08.644+0000] {dag.py:3262} INFO - Creating ORM DAG for example_display_name
[2024-11-03T00:48:08.644+0000] {logging_mixin.py:190} INFO - [2024-11-03T00:48:08.644+0000] {dag.py:4180} INFO - Setting next_dagrun for example_display_name to None, run_after=None
[2024-11-03T00:48:08.657+0000] {processor.py:208} INFO - Processing /home/airflow/.local/lib/python3.12/site-packages/airflow/example_dags/example_display_name.py took 0.166 seconds
[2024-11-03T00:48:38.820+0000] {processor.py:186} INFO - Started process (PID=177) to work on /home/airflow/.local/lib/python3.12/site-packages/airflow/example_dags/example_display_name.py
[2024-11-03T00:48:38.821+0000] {processor.py:914} INFO - Processing file /home/airflow/.local/lib/python3.12/site-packages/airflow/example_dags/example_display_name.py for tasks to queue
[2024-11-03T00:48:38.822+0000] {logging_mixin.py:190} INFO - [2024-11-03T00:48:38.822+0000] {dagbag.py:588} INFO - Filling up the DagBag from /home/airflow/.local/lib/python3.12/site-packages/airflow/example_dags/example_display_name.py
[2024-11-03T00:48:38.828+0000] {processor.py:925} INFO - DAG(s) 'example_display_name' retrieved from /home/airflow/.local/lib/python3.12/site-packages/airflow/example_dags/example_display_name.py
[2024-11-03T00:48:38.845+0000] {logging_mixin.py:190} INFO - [2024-11-03T00:48:38.845+0000] {dag.py:3239} INFO - Sync 1 DAGs
[2024-11-03T00:48:38.857+0000] {logging_mixin.py:190} INFO - [2024-11-03T00:48:38.857+0000] {dag.py:4180} INFO - Setting next_dagrun for example_display_name to None, run_after=None
[2024-11-03T00:48:38.873+0000] {processor.py:208} INFO - Processing /home/airflow/.local/lib/python3.12/site-packages/airflow/example_dags/example_display_name.py took 0.058 seconds
[2024-11-03T00:49:09.187+0000] {processor.py:186} INFO - Started process (PID=240) to work on /home/airflow/.local/lib/python3.12/site-packages/airflow/example_dags/example_display_name.py
[2024-11-03T00:49:09.187+0000] {processor.py:914} INFO - Processing file /home/airflow/.local/lib/python3.12/site-packages/airflow/example_dags/example_display_name.py for tasks to queue
[2024-11-03T00:49:09.189+0000] {logging_mixin.py:190} INFO - [2024-11-03T00:49:09.189+0000] {dagbag.py:588} INFO - Filling up the DagBag from /home/airflow/.local/lib/python3.12/site-packages/airflow/example_dags/example_display_name.py
[2024-11-03T00:49:09.195+0000] {processor.py:925} INFO - DAG(s) 'example_display_name' retrieved from /home/airflow/.local/lib/python3.12/site-packages/airflow/example_dags/example_display_name.py
[2024-11-03T00:49:09.211+0000] {logging_mixin.py:190} INFO - [2024-11-03T00:49:09.211+0000] {dag.py:3239} INFO - Sync 1 DAGs
[2024-11-03T00:49:09.223+0000] {logging_mixin.py:190} INFO - [2024-11-03T00:49:09.223+0000] {dag.py:4180} INFO - Setting next_dagrun for example_display_name to None, run_after=None
[2024-11-03T00:49:09.238+0000] {processor.py:208} INFO - Processing /home/airflow/.local/lib/python3.12/site-packages/airflow/example_dags/example_display_name.py took 0.056 seconds
[2024-11-03T00:49:39.632+0000] {processor.py:186} INFO - Started process (PID=303) to work on /home/airflow/.local/lib/python3.12/site-packages/airflow/example_dags/example_display_name.py
[2024-11-03T00:49:39.633+0000] {processor.py:914} INFO - Processing file /home/airflow/.local/lib/python3.12/site-packages/airflow/example_dags/example_display_name.py for tasks to queue
[2024-11-03T00:49:39.635+0000] {logging_mixin.py:190} INFO - [2024-11-03T00:49:39.635+0000] {dagbag.py:588} INFO - Filling up the DagBag from /home/airflow/.local/lib/python3.12/site-packages/airflow/example_dags/example_display_name.py
[2024-11-03T00:49:39.641+0000] {processor.py:925} INFO - DAG(s) 'example_display_name' retrieved from /home/airflow/.local/lib/python3.12/site-packages/airflow/example_dags/example_display_name.py
[2024-11-03T00:49:39.659+0000] {logging_mixin.py:190} INFO - [2024-11-03T00:49:39.659+0000] {dag.py:3239} INFO - Sync 1 DAGs
[2024-11-03T00:49:39.672+0000] {logging_mixin.py:190} INFO - [2024-11-03T00:49:39.672+0000] {dag.py:4180} INFO - Setting next_dagrun for example_display_name to None, run_after=None
[2024-11-03T00:49:39.691+0000] {processor.py:208} INFO - Processing /home/airflow/.local/lib/python3.12/site-packages/airflow/example_dags/example_display_name.py took 0.064 seconds
[2024-11-03T00:50:10.185+0000] {processor.py:186} INFO - Started process (PID=366) to work on /home/airflow/.local/lib/python3.12/site-packages/airflow/example_dags/example_display_name.py
[2024-11-03T00:50:10.186+0000] {processor.py:914} INFO - Processing file /home/airflow/.local/lib/python3.12/site-packages/airflow/example_dags/example_display_name.py for tasks to queue
[2024-11-03T00:50:10.188+0000] {logging_mixin.py:190} INFO - [2024-11-03T00:50:10.188+0000] {dagbag.py:588} INFO - Filling up the DagBag from /home/airflow/.local/lib/python3.12/site-packages/airflow/example_dags/example_display_name.py
[2024-11-03T00:50:10.195+0000] {processor.py:925} INFO - DAG(s) 'example_display_name' retrieved from /home/airflow/.local/lib/python3.12/site-packages/airflow/example_dags/example_display_name.py
[2024-11-03T00:50:10.214+0000] {logging_mixin.py:190} INFO - [2024-11-03T00:50:10.214+0000] {dag.py:3239} INFO - Sync 1 DAGs
[2024-11-03T00:50:10.227+0000] {logging_mixin.py:190} INFO - [2024-11-03T00:50:10.227+0000] {dag.py:4180} INFO - Setting next_dagrun for example_display_name to None, run_after=None
[2024-11-03T00:50:10.246+0000] {processor.py:208} INFO - Processing /home/airflow/.local/lib/python3.12/site-packages/airflow/example_dags/example_display_name.py took 0.068 seconds
[2024-11-03T00:50:40.727+0000] {processor.py:186} INFO - Started process (PID=429) to work on /home/airflow/.local/lib/python3.12/site-packages/airflow/example_dags/example_display_name.py
[2024-11-03T00:50:40.728+0000] {processor.py:914} INFO - Processing file /home/airflow/.local/lib/python3.12/site-packages/airflow/example_dags/example_display_name.py for tasks to queue
[2024-11-03T00:50:40.730+0000] {logging_mixin.py:190} INFO - [2024-11-03T00:50:40.730+0000] {dagbag.py:588} INFO - Filling up the DagBag from /home/airflow/.local/lib/python3.12/site-packages/airflow/example_dags/example_display_name.py
[2024-11-03T00:50:40.736+0000] {processor.py:925} INFO - DAG(s) 'example_display_name' retrieved from /home/airflow/.local/lib/python3.12/site-packages/airflow/example_dags/example_display_name.py
[2024-11-03T00:50:40.752+0000] {logging_mixin.py:190} INFO - [2024-11-03T00:50:40.752+0000] {dag.py:3239} INFO - Sync 1 DAGs
[2024-11-03T00:50:40.765+0000] {logging_mixin.py:190} INFO - [2024-11-03T00:50:40.765+0000] {dag.py:4180} INFO - Setting next_dagrun for example_display_name to None, run_after=None
[2024-11-03T00:50:40.781+0000] {processor.py:208} INFO - Processing /home/airflow/.local/lib/python3.12/site-packages/airflow/example_dags/example_display_name.py took 0.059 seconds
[2024-11-03T00:51:11.128+0000] {processor.py:186} INFO - Started process (PID=492) to work on /home/airflow/.local/lib/python3.12/site-packages/airflow/example_dags/example_display_name.py
[2024-11-03T00:51:11.128+0000] {processor.py:914} INFO - Processing file /home/airflow/.local/lib/python3.12/site-packages/airflow/example_dags/example_display_name.py for tasks to queue
[2024-11-03T00:51:11.130+0000] {logging_mixin.py:190} INFO - [2024-11-03T00:51:11.130+0000] {dagbag.py:588} INFO - Filling up the DagBag from /home/airflow/.local/lib/python3.12/site-packages/airflow/example_dags/example_display_name.py
[2024-11-03T00:51:11.137+0000] {processor.py:925} INFO - DAG(s) 'example_display_name' retrieved from /home/airflow/.local/lib/python3.12/site-packages/airflow/example_dags/example_display_name.py
[2024-11-03T00:51:11.154+0000] {logging_mixin.py:190} INFO - [2024-11-03T00:51:11.154+0000] {dag.py:3239} INFO - Sync 1 DAGs
[2024-11-03T00:51:11.167+0000] {logging_mixin.py:190} INFO - [2024-11-03T00:51:11.166+0000] {dag.py:4180} INFO - Setting next_dagrun for example_display_name to None, run_after=None
[2024-11-03T00:51:11.182+0000] {processor.py:208} INFO - Processing /home/airflow/.local/lib/python3.12/site-packages/airflow/example_dags/example_display_name.py took 0.060 seconds
[2024-11-03T00:51:41.632+0000] {processor.py:186} INFO - Started process (PID=555) to work on /home/airflow/.local/lib/python3.12/site-packages/airflow/example_dags/example_display_name.py
[2024-11-03T00:51:41.633+0000] {processor.py:914} INFO - Processing file /home/airflow/.local/lib/python3.12/site-packages/airflow/example_dags/example_display_name.py for tasks to queue
[2024-11-03T00:51:41.635+0000] {logging_mixin.py:190} INFO - [2024-11-03T00:51:41.634+0000] {dagbag.py:588} INFO - Filling up the DagBag from /home/airflow/.local/lib/python3.12/site-packages/airflow/example_dags/example_display_name.py
[2024-11-03T00:51:41.641+0000] {processor.py:925} INFO - DAG(s) 'example_display_name' retrieved from /home/airflow/.local/lib/python3.12/site-packages/airflow/example_dags/example_display_name.py
[2024-11-03T00:51:41.657+0000] {logging_mixin.py:190} INFO - [2024-11-03T00:51:41.657+0000] {dag.py:3239} INFO - Sync 1 DAGs
[2024-11-03T00:51:41.669+0000] {logging_mixin.py:190} INFO - [2024-11-03T00:51:41.669+0000] {dag.py:4180} INFO - Setting next_dagrun for example_display_name to None, run_after=None
[2024-11-03T00:51:41.687+0000] {processor.py:208} INFO - Processing /home/airflow/.local/lib/python3.12/site-packages/airflow/example_dags/example_display_name.py took 0.059 seconds
[2024-11-03T00:52:11.974+0000] {processor.py:186} INFO - Started process (PID=618) to work on /home/airflow/.local/lib/python3.12/site-packages/airflow/example_dags/example_display_name.py
[2024-11-03T00:52:11.975+0000] {processor.py:914} INFO - Processing file /home/airflow/.local/lib/python3.12/site-packages/airflow/example_dags/example_display_name.py for tasks to queue
[2024-11-03T00:52:11.977+0000] {logging_mixin.py:190} INFO - [2024-11-03T00:52:11.977+0000] {dagbag.py:588} INFO - Filling up the DagBag from /home/airflow/.local/lib/python3.12/site-packages/airflow/example_dags/example_display_name.py
[2024-11-03T00:52:11.983+0000] {processor.py:925} INFO - DAG(s) 'example_display_name' retrieved from /home/airflow/.local/lib/python3.12/site-packages/airflow/example_dags/example_display_name.py
[2024-11-03T00:52:12.001+0000] {logging_mixin.py:190} INFO - [2024-11-03T00:52:12.001+0000] {dag.py:3239} INFO - Sync 1 DAGs
[2024-11-03T00:52:12.016+0000] {logging_mixin.py:190} INFO - [2024-11-03T00:52:12.015+0000] {dag.py:4180} INFO - Setting next_dagrun for example_display_name to None, run_after=None
[2024-11-03T00:52:12.032+0000] {processor.py:208} INFO - Processing /home/airflow/.local/lib/python3.12/site-packages/airflow/example_dags/example_display_name.py took 0.063 seconds
[2024-11-03T00:52:42.279+0000] {processor.py:186} INFO - Started process (PID=681) to work on /home/airflow/.local/lib/python3.12/site-packages/airflow/example_dags/example_display_name.py
[2024-11-03T00:52:42.280+0000] {processor.py:914} INFO - Processing file /home/airflow/.local/lib/python3.12/site-packages/airflow/example_dags/example_display_name.py for tasks to queue
[2024-11-03T00:52:42.282+0000] {logging_mixin.py:190} INFO - [2024-11-03T00:52:42.282+0000] {dagbag.py:588} INFO - Filling up the DagBag from /home/airflow/.local/lib/python3.12/site-packages/airflow/example_dags/example_display_name.py
[2024-11-03T00:52:42.289+0000] {processor.py:925} INFO - DAG(s) 'example_display_name' retrieved from /home/airflow/.local/lib/python3.12/site-packages/airflow/example_dags/example_display_name.py
[2024-11-03T00:52:42.306+0000] {logging_mixin.py:190} INFO - [2024-11-03T00:52:42.306+0000] {dag.py:3239} INFO - Sync 1 DAGs
[2024-11-03T00:52:42.320+0000] {logging_mixin.py:190} INFO - [2024-11-03T00:52:42.320+0000] {dag.py:4180} INFO - Setting next_dagrun for example_display_name to None, run_after=None
[2024-11-03T00:52:42.341+0000] {processor.py:208} INFO - Processing /home/airflow/.local/lib/python3.12/site-packages/airflow/example_dags/example_display_name.py took 0.067 seconds
[2024-11-03T00:53:12.570+0000] {processor.py:186} INFO - Started process (PID=744) to work on /home/airflow/.local/lib/python3.12/site-packages/airflow/example_dags/example_display_name.py
[2024-11-03T00:53:12.571+0000] {processor.py:914} INFO - Processing file /home/airflow/.local/lib/python3.12/site-packages/airflow/example_dags/example_display_name.py for tasks to queue
[2024-11-03T00:53:12.572+0000] {logging_mixin.py:190} INFO - [2024-11-03T00:53:12.572+0000] {dagbag.py:588} INFO - Filling up the DagBag from /home/airflow/.local/lib/python3.12/site-packages/airflow/example_dags/example_display_name.py
[2024-11-03T00:53:12.578+0000] {processor.py:925} INFO - DAG(s) 'example_display_name' retrieved from /home/airflow/.local/lib/python3.12/site-packages/airflow/example_dags/example_display_name.py
[2024-11-03T00:53:12.595+0000] {logging_mixin.py:190} INFO - [2024-11-03T00:53:12.595+0000] {dag.py:3239} INFO - Sync 1 DAGs
[2024-11-03T00:53:12.609+0000] {logging_mixin.py:190} INFO - [2024-11-03T00:53:12.608+0000] {dag.py:4180} INFO - Setting next_dagrun for example_display_name to None, run_after=None
[2024-11-03T00:53:12.626+0000] {processor.py:208} INFO - Processing /home/airflow/.local/lib/python3.12/site-packages/airflow/example_dags/example_display_name.py took 0.061 seconds
[2024-11-03T00:53:43.053+0000] {processor.py:186} INFO - Started process (PID=807) to work on /home/airflow/.local/lib/python3.12/site-packages/airflow/example_dags/example_display_name.py
[2024-11-03T00:53:43.054+0000] {processor.py:914} INFO - Processing file /home/airflow/.local/lib/python3.12/site-packages/airflow/example_dags/example_display_name.py for tasks to queue
[2024-11-03T00:53:43.056+0000] {logging_mixin.py:190} INFO - [2024-11-03T00:53:43.056+0000] {dagbag.py:588} INFO - Filling up the DagBag from /home/airflow/.local/lib/python3.12/site-packages/airflow/example_dags/example_display_name.py
[2024-11-03T00:53:43.064+0000] {processor.py:925} INFO - DAG(s) 'example_display_name' retrieved from /home/airflow/.local/lib/python3.12/site-packages/airflow/example_dags/example_display_name.py
[2024-11-03T00:53:43.080+0000] {logging_mixin.py:190} INFO - [2024-11-03T00:53:43.080+0000] {dag.py:3239} INFO - Sync 1 DAGs
[2024-11-03T00:53:43.093+0000] {logging_mixin.py:190} INFO - [2024-11-03T00:53:43.092+0000] {dag.py:4180} INFO - Setting next_dagrun for example_display_name to None, run_after=None
[2024-11-03T00:53:43.109+0000] {processor.py:208} INFO - Processing /home/airflow/.local/lib/python3.12/site-packages/airflow/example_dags/example_display_name.py took 0.061 seconds
[2024-11-03T00:54:14.200+0000] {processor.py:186} INFO - Started process (PID=870) to work on /home/airflow/.local/lib/python3.12/site-packages/airflow/example_dags/example_display_name.py
[2024-11-03T00:54:14.201+0000] {processor.py:914} INFO - Processing file /home/airflow/.local/lib/python3.12/site-packages/airflow/example_dags/example_display_name.py for tasks to queue
[2024-11-03T00:54:14.203+0000] {logging_mixin.py:190} INFO - [2024-11-03T00:54:14.203+0000] {dagbag.py:588} INFO - Filling up the DagBag from /home/airflow/.local/lib/python3.12/site-packages/airflow/example_dags/example_display_name.py
[2024-11-03T00:54:14.209+0000] {processor.py:925} INFO - DAG(s) 'example_display_name' retrieved from /home/airflow/.local/lib/python3.12/site-packages/airflow/example_dags/example_display_name.py
[2024-11-03T00:54:14.226+0000] {logging_mixin.py:190} INFO - [2024-11-03T00:54:14.226+0000] {dag.py:3239} INFO - Sync 1 DAGs
[2024-11-03T00:54:14.238+0000] {logging_mixin.py:190} INFO - [2024-11-03T00:54:14.238+0000] {dag.py:4180} INFO - Setting next_dagrun for example_display_name to None, run_after=None
[2024-11-03T00:54:14.255+0000] {processor.py:208} INFO - Processing /home/airflow/.local/lib/python3.12/site-packages/airflow/example_dags/example_display_name.py took 0.060 seconds
[2024-11-03T00:54:44.645+0000] {processor.py:186} INFO - Started process (PID=933) to work on /home/airflow/.local/lib/python3.12/site-packages/airflow/example_dags/example_display_name.py
[2024-11-03T00:54:44.646+0000] {processor.py:914} INFO - Processing file /home/airflow/.local/lib/python3.12/site-packages/airflow/example_dags/example_display_name.py for tasks to queue
[2024-11-03T00:54:44.648+0000] {logging_mixin.py:190} INFO - [2024-11-03T00:54:44.647+0000] {dagbag.py:588} INFO - Filling up the DagBag from /home/airflow/.local/lib/python3.12/site-packages/airflow/example_dags/example_display_name.py
[2024-11-03T00:54:44.654+0000] {processor.py:925} INFO - DAG(s) 'example_display_name' retrieved from /home/airflow/.local/lib/python3.12/site-packages/airflow/example_dags/example_display_name.py
[2024-11-03T00:54:44.671+0000] {logging_mixin.py:190} INFO - [2024-11-03T00:54:44.671+0000] {dag.py:3239} INFO - Sync 1 DAGs
[2024-11-03T00:54:44.685+0000] {logging_mixin.py:190} INFO - [2024-11-03T00:54:44.685+0000] {dag.py:4180} INFO - Setting next_dagrun for example_display_name to None, run_after=None
[2024-11-03T00:54:44.701+0000] {processor.py:208} INFO - Processing /home/airflow/.local/lib/python3.12/site-packages/airflow/example_dags/example_display_name.py took 0.061 seconds
[2024-11-03T00:55:14.910+0000] {processor.py:186} INFO - Started process (PID=996) to work on /home/airflow/.local/lib/python3.12/site-packages/airflow/example_dags/example_display_name.py
[2024-11-03T00:55:14.911+0000] {processor.py:914} INFO - Processing file /home/airflow/.local/lib/python3.12/site-packages/airflow/example_dags/example_display_name.py for tasks to queue
[2024-11-03T00:55:14.913+0000] {logging_mixin.py:190} INFO - [2024-11-03T00:55:14.913+0000] {dagbag.py:588} INFO - Filling up the DagBag from /home/airflow/.local/lib/python3.12/site-packages/airflow/example_dags/example_display_name.py
[2024-11-03T00:55:14.922+0000] {processor.py:925} INFO - DAG(s) 'example_display_name' retrieved from /home/airflow/.local/lib/python3.12/site-packages/airflow/example_dags/example_display_name.py
[2024-11-03T00:55:14.943+0000] {logging_mixin.py:190} INFO - [2024-11-03T00:55:14.943+0000] {dag.py:3239} INFO - Sync 1 DAGs
[2024-11-03T00:55:14.962+0000] {logging_mixin.py:190} INFO - [2024-11-03T00:55:14.961+0000] {dag.py:4180} INFO - Setting next_dagrun for example_display_name to None, run_after=None
[2024-11-03T00:55:14.978+0000] {processor.py:208} INFO - Processing /home/airflow/.local/lib/python3.12/site-packages/airflow/example_dags/example_display_name.py took 0.073 seconds
[2024-11-03T00:55:45.559+0000] {processor.py:186} INFO - Started process (PID=1059) to work on /home/airflow/.local/lib/python3.12/site-packages/airflow/example_dags/example_display_name.py
[2024-11-03T00:55:45.561+0000] {processor.py:914} INFO - Processing file /home/airflow/.local/lib/python3.12/site-packages/airflow/example_dags/example_display_name.py for tasks to queue
[2024-11-03T00:55:45.564+0000] {logging_mixin.py:190} INFO - [2024-11-03T00:55:45.564+0000] {dagbag.py:588} INFO - Filling up the DagBag from /home/airflow/.local/lib/python3.12/site-packages/airflow/example_dags/example_display_name.py
[2024-11-03T00:55:45.571+0000] {processor.py:925} INFO - DAG(s) 'example_display_name' retrieved from /home/airflow/.local/lib/python3.12/site-packages/airflow/example_dags/example_display_name.py
[2024-11-03T00:55:45.591+0000] {logging_mixin.py:190} INFO - [2024-11-03T00:55:45.591+0000] {dag.py:3239} INFO - Sync 1 DAGs
[2024-11-03T00:55:45.605+0000] {logging_mixin.py:190} INFO - [2024-11-03T00:55:45.604+0000] {dag.py:4180} INFO - Setting next_dagrun for example_display_name to None, run_after=None
[2024-11-03T00:55:45.623+0000] {processor.py:208} INFO - Processing /home/airflow/.local/lib/python3.12/site-packages/airflow/example_dags/example_display_name.py took 0.073 seconds
[2024-11-03T00:56:16.011+0000] {processor.py:186} INFO - Started process (PID=1122) to work on /home/airflow/.local/lib/python3.12/site-packages/airflow/example_dags/example_display_name.py
[2024-11-03T00:56:16.012+0000] {processor.py:914} INFO - Processing file /home/airflow/.local/lib/python3.12/site-packages/airflow/example_dags/example_display_name.py for tasks to queue
[2024-11-03T00:56:16.014+0000] {logging_mixin.py:190} INFO - [2024-11-03T00:56:16.014+0000] {dagbag.py:588} INFO - Filling up the DagBag from /home/airflow/.local/lib/python3.12/site-packages/airflow/example_dags/example_display_name.py
[2024-11-03T00:56:16.021+0000] {processor.py:925} INFO - DAG(s) 'example_display_name' retrieved from /home/airflow/.local/lib/python3.12/site-packages/airflow/example_dags/example_display_name.py
[2024-11-03T00:56:16.037+0000] {logging_mixin.py:190} INFO - [2024-11-03T00:56:16.037+0000] {dag.py:3239} INFO - Sync 1 DAGs
[2024-11-03T00:56:16.049+0000] {logging_mixin.py:190} INFO - [2024-11-03T00:56:16.049+0000] {dag.py:4180} INFO - Setting next_dagrun for example_display_name to None, run_after=None
[2024-11-03T00:56:16.064+0000] {processor.py:208} INFO - Processing /home/airflow/.local/lib/python3.12/site-packages/airflow/example_dags/example_display_name.py took 0.058 seconds
[2024-11-03T00:56:46.281+0000] {processor.py:186} INFO - Started process (PID=1185) to work on /home/airflow/.local/lib/python3.12/site-packages/airflow/example_dags/example_display_name.py
[2024-11-03T00:56:46.282+0000] {processor.py:914} INFO - Processing file /home/airflow/.local/lib/python3.12/site-packages/airflow/example_dags/example_display_name.py for tasks to queue
[2024-11-03T00:56:46.284+0000] {logging_mixin.py:190} INFO - [2024-11-03T00:56:46.284+0000] {dagbag.py:588} INFO - Filling up the DagBag from /home/airflow/.local/lib/python3.12/site-packages/airflow/example_dags/example_display_name.py
[2024-11-03T00:56:46.291+0000] {processor.py:925} INFO - DAG(s) 'example_display_name' retrieved from /home/airflow/.local/lib/python3.12/site-packages/airflow/example_dags/example_display_name.py
[2024-11-03T00:56:46.309+0000] {logging_mixin.py:190} INFO - [2024-11-03T00:56:46.309+0000] {dag.py:3239} INFO - Sync 1 DAGs
[2024-11-03T00:56:46.322+0000] {logging_mixin.py:190} INFO - [2024-11-03T00:56:46.322+0000] {dag.py:4180} INFO - Setting next_dagrun for example_display_name to None, run_after=None
[2024-11-03T00:56:46.340+0000] {processor.py:208} INFO - Processing /home/airflow/.local/lib/python3.12/site-packages/airflow/example_dags/example_display_name.py took 0.064 seconds
[2024-11-03T00:57:16.768+0000] {processor.py:186} INFO - Started process (PID=1248) to work on /home/airflow/.local/lib/python3.12/site-packages/airflow/example_dags/example_display_name.py
[2024-11-03T00:57:16.769+0000] {processor.py:914} INFO - Processing file /home/airflow/.local/lib/python3.12/site-packages/airflow/example_dags/example_display_name.py for tasks to queue
[2024-11-03T00:57:16.771+0000] {logging_mixin.py:190} INFO - [2024-11-03T00:57:16.771+0000] {dagbag.py:588} INFO - Filling up the DagBag from /home/airflow/.local/lib/python3.12/site-packages/airflow/example_dags/example_display_name.py
[2024-11-03T00:57:16.777+0000] {processor.py:925} INFO - DAG(s) 'example_display_name' retrieved from /home/airflow/.local/lib/python3.12/site-packages/airflow/example_dags/example_display_name.py
[2024-11-03T00:57:16.793+0000] {logging_mixin.py:190} INFO - [2024-11-03T00:57:16.793+0000] {dag.py:3239} INFO - Sync 1 DAGs
[2024-11-03T00:57:16.805+0000] {logging_mixin.py:190} INFO - [2024-11-03T00:57:16.805+0000] {dag.py:4180} INFO - Setting next_dagrun for example_display_name to None, run_after=None
[2024-11-03T00:57:16.821+0000] {processor.py:208} INFO - Processing /home/airflow/.local/lib/python3.12/site-packages/airflow/example_dags/example_display_name.py took 0.057 seconds
[2024-11-03T00:57:46.904+0000] {processor.py:186} INFO - Started process (PID=1311) to work on /home/airflow/.local/lib/python3.12/site-packages/airflow/example_dags/example_display_name.py
[2024-11-03T00:57:46.904+0000] {processor.py:914} INFO - Processing file /home/airflow/.local/lib/python3.12/site-packages/airflow/example_dags/example_display_name.py for tasks to queue
[2024-11-03T00:57:46.906+0000] {logging_mixin.py:190} INFO - [2024-11-03T00:57:46.906+0000] {dagbag.py:588} INFO - Filling up the DagBag from /home/airflow/.local/lib/python3.12/site-packages/airflow/example_dags/example_display_name.py
[2024-11-03T00:57:46.912+0000] {processor.py:925} INFO - DAG(s) 'example_display_name' retrieved from /home/airflow/.local/lib/python3.12/site-packages/airflow/example_dags/example_display_name.py
[2024-11-03T00:57:46.929+0000] {logging_mixin.py:190} INFO - [2024-11-03T00:57:46.929+0000] {dag.py:3239} INFO - Sync 1 DAGs
[2024-11-03T00:57:46.941+0000] {logging_mixin.py:190} INFO - [2024-11-03T00:57:46.941+0000] {dag.py:4180} INFO - Setting next_dagrun for example_display_name to None, run_after=None
[2024-11-03T00:57:46.957+0000] {processor.py:208} INFO - Processing /home/airflow/.local/lib/python3.12/site-packages/airflow/example_dags/example_display_name.py took 0.058 seconds
[2024-11-03T00:58:17.343+0000] {processor.py:186} INFO - Started process (PID=1374) to work on /home/airflow/.local/lib/python3.12/site-packages/airflow/example_dags/example_display_name.py
[2024-11-03T00:58:17.344+0000] {processor.py:914} INFO - Processing file /home/airflow/.local/lib/python3.12/site-packages/airflow/example_dags/example_display_name.py for tasks to queue
[2024-11-03T00:58:17.346+0000] {logging_mixin.py:190} INFO - [2024-11-03T00:58:17.346+0000] {dagbag.py:588} INFO - Filling up the DagBag from /home/airflow/.local/lib/python3.12/site-packages/airflow/example_dags/example_display_name.py
[2024-11-03T00:58:17.352+0000] {processor.py:925} INFO - DAG(s) 'example_display_name' retrieved from /home/airflow/.local/lib/python3.12/site-packages/airflow/example_dags/example_display_name.py
[2024-11-03T00:58:17.371+0000] {logging_mixin.py:190} INFO - [2024-11-03T00:58:17.370+0000] {dag.py:3239} INFO - Sync 1 DAGs
[2024-11-03T00:58:17.385+0000] {logging_mixin.py:190} INFO - [2024-11-03T00:58:17.385+0000] {dag.py:4180} INFO - Setting next_dagrun for example_display_name to None, run_after=None
[2024-11-03T00:58:17.401+0000] {processor.py:208} INFO - Processing /home/airflow/.local/lib/python3.12/site-packages/airflow/example_dags/example_display_name.py took 0.062 seconds
[2024-11-03T00:58:47.538+0000] {processor.py:186} INFO - Started process (PID=1437) to work on /home/airflow/.local/lib/python3.12/site-packages/airflow/example_dags/example_display_name.py
[2024-11-03T00:58:47.539+0000] {processor.py:914} INFO - Processing file /home/airflow/.local/lib/python3.12/site-packages/airflow/example_dags/example_display_name.py for tasks to queue
[2024-11-03T00:58:47.541+0000] {logging_mixin.py:190} INFO - [2024-11-03T00:58:47.541+0000] {dagbag.py:588} INFO - Filling up the DagBag from /home/airflow/.local/lib/python3.12/site-packages/airflow/example_dags/example_display_name.py
[2024-11-03T00:58:47.548+0000] {processor.py:925} INFO - DAG(s) 'example_display_name' retrieved from /home/airflow/.local/lib/python3.12/site-packages/airflow/example_dags/example_display_name.py
[2024-11-03T00:58:47.564+0000] {logging_mixin.py:190} INFO - [2024-11-03T00:58:47.564+0000] {dag.py:3239} INFO - Sync 1 DAGs
[2024-11-03T00:58:47.577+0000] {logging_mixin.py:190} INFO - [2024-11-03T00:58:47.577+0000] {dag.py:4180} INFO - Setting next_dagrun for example_display_name to None, run_after=None
[2024-11-03T00:58:47.594+0000] {processor.py:208} INFO - Processing /home/airflow/.local/lib/python3.12/site-packages/airflow/example_dags/example_display_name.py took 0.060 seconds
[2024-11-03T00:59:18.021+0000] {processor.py:186} INFO - Started process (PID=1500) to work on /home/airflow/.local/lib/python3.12/site-packages/airflow/example_dags/example_display_name.py
[2024-11-03T00:59:18.022+0000] {processor.py:914} INFO - Processing file /home/airflow/.local/lib/python3.12/site-packages/airflow/example_dags/example_display_name.py for tasks to queue
[2024-11-03T00:59:18.024+0000] {logging_mixin.py:190} INFO - [2024-11-03T00:59:18.024+0000] {dagbag.py:588} INFO - Filling up the DagBag from /home/airflow/.local/lib/python3.12/site-packages/airflow/example_dags/example_display_name.py
[2024-11-03T00:59:18.030+0000] {processor.py:925} INFO - DAG(s) 'example_display_name' retrieved from /home/airflow/.local/lib/python3.12/site-packages/airflow/example_dags/example_display_name.py
[2024-11-03T00:59:18.046+0000] {logging_mixin.py:190} INFO - [2024-11-03T00:59:18.046+0000] {dag.py:3239} INFO - Sync 1 DAGs
[2024-11-03T00:59:18.058+0000] {logging_mixin.py:190} INFO - [2024-11-03T00:59:18.058+0000] {dag.py:4180} INFO - Setting next_dagrun for example_display_name to None, run_after=None
[2024-11-03T00:59:18.073+0000] {processor.py:208} INFO - Processing /home/airflow/.local/lib/python3.12/site-packages/airflow/example_dags/example_display_name.py took 0.056 seconds
[2024-11-03T00:59:48.215+0000] {processor.py:186} INFO - Started process (PID=1563) to work on /home/airflow/.local/lib/python3.12/site-packages/airflow/example_dags/example_display_name.py
[2024-11-03T00:59:48.216+0000] {processor.py:914} INFO - Processing file /home/airflow/.local/lib/python3.12/site-packages/airflow/example_dags/example_display_name.py for tasks to queue
[2024-11-03T00:59:48.218+0000] {logging_mixin.py:190} INFO - [2024-11-03T00:59:48.217+0000] {dagbag.py:588} INFO - Filling up the DagBag from /home/airflow/.local/lib/python3.12/site-packages/airflow/example_dags/example_display_name.py
[2024-11-03T00:59:48.224+0000] {processor.py:925} INFO - DAG(s) 'example_display_name' retrieved from /home/airflow/.local/lib/python3.12/site-packages/airflow/example_dags/example_display_name.py
[2024-11-03T00:59:48.240+0000] {logging_mixin.py:190} INFO - [2024-11-03T00:59:48.239+0000] {dag.py:3239} INFO - Sync 1 DAGs
[2024-11-03T00:59:48.252+0000] {logging_mixin.py:190} INFO - [2024-11-03T00:59:48.252+0000] {dag.py:4180} INFO - Setting next_dagrun for example_display_name to None, run_after=None
[2024-11-03T00:59:48.267+0000] {processor.py:208} INFO - Processing /home/airflow/.local/lib/python3.12/site-packages/airflow/example_dags/example_display_name.py took 0.057 seconds
[2024-11-03T01:00:18.887+0000] {processor.py:186} INFO - Started process (PID=1626) to work on /home/airflow/.local/lib/python3.12/site-packages/airflow/example_dags/example_display_name.py
[2024-11-03T01:00:18.888+0000] {processor.py:914} INFO - Processing file /home/airflow/.local/lib/python3.12/site-packages/airflow/example_dags/example_display_name.py for tasks to queue
[2024-11-03T01:00:18.890+0000] {logging_mixin.py:190} INFO - [2024-11-03T01:00:18.890+0000] {dagbag.py:588} INFO - Filling up the DagBag from /home/airflow/.local/lib/python3.12/site-packages/airflow/example_dags/example_display_name.py
[2024-11-03T01:00:18.896+0000] {processor.py:925} INFO - DAG(s) 'example_display_name' retrieved from /home/airflow/.local/lib/python3.12/site-packages/airflow/example_dags/example_display_name.py
[2024-11-03T01:00:18.912+0000] {logging_mixin.py:190} INFO - [2024-11-03T01:00:18.912+0000] {dag.py:3239} INFO - Sync 1 DAGs
[2024-11-03T01:00:18.924+0000] {logging_mixin.py:190} INFO - [2024-11-03T01:00:18.923+0000] {dag.py:4180} INFO - Setting next_dagrun for example_display_name to None, run_after=None
[2024-11-03T01:00:18.938+0000] {processor.py:208} INFO - Processing /home/airflow/.local/lib/python3.12/site-packages/airflow/example_dags/example_display_name.py took 0.056 seconds
[2024-11-03T01:00:49.449+0000] {processor.py:186} INFO - Started process (PID=1689) to work on /home/airflow/.local/lib/python3.12/site-packages/airflow/example_dags/example_display_name.py
[2024-11-03T01:00:49.450+0000] {processor.py:914} INFO - Processing file /home/airflow/.local/lib/python3.12/site-packages/airflow/example_dags/example_display_name.py for tasks to queue
[2024-11-03T01:00:49.452+0000] {logging_mixin.py:190} INFO - [2024-11-03T01:00:49.452+0000] {dagbag.py:588} INFO - Filling up the DagBag from /home/airflow/.local/lib/python3.12/site-packages/airflow/example_dags/example_display_name.py
[2024-11-03T01:00:49.459+0000] {processor.py:925} INFO - DAG(s) 'example_display_name' retrieved from /home/airflow/.local/lib/python3.12/site-packages/airflow/example_dags/example_display_name.py
[2024-11-03T01:00:49.475+0000] {logging_mixin.py:190} INFO - [2024-11-03T01:00:49.475+0000] {dag.py:3239} INFO - Sync 1 DAGs
[2024-11-03T01:00:49.488+0000] {logging_mixin.py:190} INFO - [2024-11-03T01:00:49.488+0000] {dag.py:4180} INFO - Setting next_dagrun for example_display_name to None, run_after=None
[2024-11-03T01:00:49.505+0000] {processor.py:208} INFO - Processing /home/airflow/.local/lib/python3.12/site-packages/airflow/example_dags/example_display_name.py took 0.061 seconds
[2024-11-03T01:01:19.878+0000] {processor.py:186} INFO - Started process (PID=1752) to work on /home/airflow/.local/lib/python3.12/site-packages/airflow/example_dags/example_display_name.py
[2024-11-03T01:01:19.879+0000] {processor.py:914} INFO - Processing file /home/airflow/.local/lib/python3.12/site-packages/airflow/example_dags/example_display_name.py for tasks to queue
[2024-11-03T01:01:19.881+0000] {logging_mixin.py:190} INFO - [2024-11-03T01:01:19.881+0000] {dagbag.py:588} INFO - Filling up the DagBag from /home/airflow/.local/lib/python3.12/site-packages/airflow/example_dags/example_display_name.py
[2024-11-03T01:01:19.888+0000] {processor.py:925} INFO - DAG(s) 'example_display_name' retrieved from /home/airflow/.local/lib/python3.12/site-packages/airflow/example_dags/example_display_name.py
[2024-11-03T01:01:19.904+0000] {logging_mixin.py:190} INFO - [2024-11-03T01:01:19.903+0000] {dag.py:3239} INFO - Sync 1 DAGs
[2024-11-03T01:01:19.916+0000] {logging_mixin.py:190} INFO - [2024-11-03T01:01:19.915+0000] {dag.py:4180} INFO - Setting next_dagrun for example_display_name to None, run_after=None
[2024-11-03T01:01:19.931+0000] {processor.py:208} INFO - Processing /home/airflow/.local/lib/python3.12/site-packages/airflow/example_dags/example_display_name.py took 0.058 seconds
[2024-11-03T01:01:50.363+0000] {processor.py:186} INFO - Started process (PID=1815) to work on /home/airflow/.local/lib/python3.12/site-packages/airflow/example_dags/example_display_name.py
[2024-11-03T01:01:50.364+0000] {processor.py:914} INFO - Processing file /home/airflow/.local/lib/python3.12/site-packages/airflow/example_dags/example_display_name.py for tasks to queue
[2024-11-03T01:01:50.366+0000] {logging_mixin.py:190} INFO - [2024-11-03T01:01:50.366+0000] {dagbag.py:588} INFO - Filling up the DagBag from /home/airflow/.local/lib/python3.12/site-packages/airflow/example_dags/example_display_name.py
[2024-11-03T01:01:50.372+0000] {processor.py:925} INFO - DAG(s) 'example_display_name' retrieved from /home/airflow/.local/lib/python3.12/site-packages/airflow/example_dags/example_display_name.py
[2024-11-03T01:01:50.389+0000] {logging_mixin.py:190} INFO - [2024-11-03T01:01:50.389+0000] {dag.py:3239} INFO - Sync 1 DAGs
[2024-11-03T01:01:50.401+0000] {logging_mixin.py:190} INFO - [2024-11-03T01:01:50.401+0000] {dag.py:4180} INFO - Setting next_dagrun for example_display_name to None, run_after=None
[2024-11-03T01:01:50.416+0000] {processor.py:208} INFO - Processing /home/airflow/.local/lib/python3.12/site-packages/airflow/example_dags/example_display_name.py took 0.058 seconds
[2024-11-03T01:02:20.570+0000] {processor.py:186} INFO - Started process (PID=1878) to work on /home/airflow/.local/lib/python3.12/site-packages/airflow/example_dags/example_display_name.py
[2024-11-03T01:02:20.571+0000] {processor.py:914} INFO - Processing file /home/airflow/.local/lib/python3.12/site-packages/airflow/example_dags/example_display_name.py for tasks to queue
[2024-11-03T01:02:20.573+0000] {logging_mixin.py:190} INFO - [2024-11-03T01:02:20.572+0000] {dagbag.py:588} INFO - Filling up the DagBag from /home/airflow/.local/lib/python3.12/site-packages/airflow/example_dags/example_display_name.py
[2024-11-03T01:02:20.580+0000] {processor.py:925} INFO - DAG(s) 'example_display_name' retrieved from /home/airflow/.local/lib/python3.12/site-packages/airflow/example_dags/example_display_name.py
[2024-11-03T01:02:20.596+0000] {logging_mixin.py:190} INFO - [2024-11-03T01:02:20.596+0000] {dag.py:3239} INFO - Sync 1 DAGs
[2024-11-03T01:02:20.609+0000] {logging_mixin.py:190} INFO - [2024-11-03T01:02:20.609+0000] {dag.py:4180} INFO - Setting next_dagrun for example_display_name to None, run_after=None
[2024-11-03T01:02:20.626+0000] {processor.py:208} INFO - Processing /home/airflow/.local/lib/python3.12/site-packages/airflow/example_dags/example_display_name.py took 0.061 seconds
[2024-11-03T01:02:50.830+0000] {processor.py:186} INFO - Started process (PID=1941) to work on /home/airflow/.local/lib/python3.12/site-packages/airflow/example_dags/example_display_name.py
[2024-11-03T01:02:50.830+0000] {processor.py:914} INFO - Processing file /home/airflow/.local/lib/python3.12/site-packages/airflow/example_dags/example_display_name.py for tasks to queue
[2024-11-03T01:02:50.832+0000] {logging_mixin.py:190} INFO - [2024-11-03T01:02:50.832+0000] {dagbag.py:588} INFO - Filling up the DagBag from /home/airflow/.local/lib/python3.12/site-packages/airflow/example_dags/example_display_name.py
[2024-11-03T01:02:50.838+0000] {processor.py:925} INFO - DAG(s) 'example_display_name' retrieved from /home/airflow/.local/lib/python3.12/site-packages/airflow/example_dags/example_display_name.py
[2024-11-03T01:02:50.854+0000] {logging_mixin.py:190} INFO - [2024-11-03T01:02:50.853+0000] {dag.py:3239} INFO - Sync 1 DAGs
[2024-11-03T01:02:50.866+0000] {logging_mixin.py:190} INFO - [2024-11-03T01:02:50.866+0000] {dag.py:4180} INFO - Setting next_dagrun for example_display_name to None, run_after=None
[2024-11-03T01:02:50.880+0000] {processor.py:208} INFO - Processing /home/airflow/.local/lib/python3.12/site-packages/airflow/example_dags/example_display_name.py took 0.055 seconds
[2024-11-03T01:03:21.478+0000] {processor.py:186} INFO - Started process (PID=2004) to work on /home/airflow/.local/lib/python3.12/site-packages/airflow/example_dags/example_display_name.py
[2024-11-03T01:03:21.479+0000] {processor.py:914} INFO - Processing file /home/airflow/.local/lib/python3.12/site-packages/airflow/example_dags/example_display_name.py for tasks to queue
[2024-11-03T01:03:21.480+0000] {logging_mixin.py:190} INFO - [2024-11-03T01:03:21.480+0000] {dagbag.py:588} INFO - Filling up the DagBag from /home/airflow/.local/lib/python3.12/site-packages/airflow/example_dags/example_display_name.py
[2024-11-03T01:03:21.486+0000] {processor.py:925} INFO - DAG(s) 'example_display_name' retrieved from /home/airflow/.local/lib/python3.12/site-packages/airflow/example_dags/example_display_name.py
[2024-11-03T01:03:21.503+0000] {logging_mixin.py:190} INFO - [2024-11-03T01:03:21.503+0000] {dag.py:3239} INFO - Sync 1 DAGs
[2024-11-03T01:03:21.516+0000] {logging_mixin.py:190} INFO - [2024-11-03T01:03:21.515+0000] {dag.py:4180} INFO - Setting next_dagrun for example_display_name to None, run_after=None
[2024-11-03T01:03:21.533+0000] {processor.py:208} INFO - Processing /home/airflow/.local/lib/python3.12/site-packages/airflow/example_dags/example_display_name.py took 0.059 seconds
[2024-11-03T01:03:52.452+0000] {processor.py:186} INFO - Started process (PID=2067) to work on /home/airflow/.local/lib/python3.12/site-packages/airflow/example_dags/example_display_name.py
[2024-11-03T01:03:52.453+0000] {processor.py:914} INFO - Processing file /home/airflow/.local/lib/python3.12/site-packages/airflow/example_dags/example_display_name.py for tasks to queue
[2024-11-03T01:03:52.455+0000] {logging_mixin.py:190} INFO - [2024-11-03T01:03:52.455+0000] {dagbag.py:588} INFO - Filling up the DagBag from /home/airflow/.local/lib/python3.12/site-packages/airflow/example_dags/example_display_name.py
[2024-11-03T01:03:52.461+0000] {processor.py:925} INFO - DAG(s) 'example_display_name' retrieved from /home/airflow/.local/lib/python3.12/site-packages/airflow/example_dags/example_display_name.py
[2024-11-03T01:03:52.479+0000] {logging_mixin.py:190} INFO - [2024-11-03T01:03:52.478+0000] {dag.py:3239} INFO - Sync 1 DAGs
[2024-11-03T01:03:52.491+0000] {logging_mixin.py:190} INFO - [2024-11-03T01:03:52.491+0000] {dag.py:4180} INFO - Setting next_dagrun for example_display_name to None, run_after=None
[2024-11-03T01:03:52.507+0000] {processor.py:208} INFO - Processing /home/airflow/.local/lib/python3.12/site-packages/airflow/example_dags/example_display_name.py took 0.060 seconds
[2024-11-03T01:04:23.203+0000] {processor.py:186} INFO - Started process (PID=2130) to work on /home/airflow/.local/lib/python3.12/site-packages/airflow/example_dags/example_display_name.py
[2024-11-03T01:04:23.205+0000] {processor.py:914} INFO - Processing file /home/airflow/.local/lib/python3.12/site-packages/airflow/example_dags/example_display_name.py for tasks to queue
[2024-11-03T01:04:23.207+0000] {logging_mixin.py:190} INFO - [2024-11-03T01:04:23.207+0000] {dagbag.py:588} INFO - Filling up the DagBag from /home/airflow/.local/lib/python3.12/site-packages/airflow/example_dags/example_display_name.py
[2024-11-03T01:04:23.215+0000] {processor.py:925} INFO - DAG(s) 'example_display_name' retrieved from /home/airflow/.local/lib/python3.12/site-packages/airflow/example_dags/example_display_name.py
[2024-11-03T01:04:23.232+0000] {logging_mixin.py:190} INFO - [2024-11-03T01:04:23.232+0000] {dag.py:3239} INFO - Sync 1 DAGs
[2024-11-03T01:04:23.246+0000] {logging_mixin.py:190} INFO - [2024-11-03T01:04:23.245+0000] {dag.py:4180} INFO - Setting next_dagrun for example_display_name to None, run_after=None
[2024-11-03T01:04:23.265+0000] {processor.py:208} INFO - Processing /home/airflow/.local/lib/python3.12/site-packages/airflow/example_dags/example_display_name.py took 0.067 seconds
[2024-11-03T01:04:53.685+0000] {processor.py:186} INFO - Started process (PID=2193) to work on /home/airflow/.local/lib/python3.12/site-packages/airflow/example_dags/example_display_name.py
[2024-11-03T01:04:53.686+0000] {processor.py:914} INFO - Processing file /home/airflow/.local/lib/python3.12/site-packages/airflow/example_dags/example_display_name.py for tasks to queue
[2024-11-03T01:04:53.688+0000] {logging_mixin.py:190} INFO - [2024-11-03T01:04:53.688+0000] {dagbag.py:588} INFO - Filling up the DagBag from /home/airflow/.local/lib/python3.12/site-packages/airflow/example_dags/example_display_name.py
[2024-11-03T01:04:53.694+0000] {processor.py:925} INFO - DAG(s) 'example_display_name' retrieved from /home/airflow/.local/lib/python3.12/site-packages/airflow/example_dags/example_display_name.py
[2024-11-03T01:04:53.710+0000] {logging_mixin.py:190} INFO - [2024-11-03T01:04:53.710+0000] {dag.py:3239} INFO - Sync 1 DAGs
[2024-11-03T01:04:53.722+0000] {logging_mixin.py:190} INFO - [2024-11-03T01:04:53.722+0000] {dag.py:4180} INFO - Setting next_dagrun for example_display_name to None, run_after=None
[2024-11-03T01:04:53.740+0000] {processor.py:208} INFO - Processing /home/airflow/.local/lib/python3.12/site-packages/airflow/example_dags/example_display_name.py took 0.060 seconds
[2024-11-03T01:05:24.373+0000] {processor.py:186} INFO - Started process (PID=2256) to work on /home/airflow/.local/lib/python3.12/site-packages/airflow/example_dags/example_display_name.py
[2024-11-03T01:05:24.373+0000] {processor.py:914} INFO - Processing file /home/airflow/.local/lib/python3.12/site-packages/airflow/example_dags/example_display_name.py for tasks to queue
[2024-11-03T01:05:24.375+0000] {logging_mixin.py:190} INFO - [2024-11-03T01:05:24.375+0000] {dagbag.py:588} INFO - Filling up the DagBag from /home/airflow/.local/lib/python3.12/site-packages/airflow/example_dags/example_display_name.py
[2024-11-03T01:05:24.382+0000] {processor.py:925} INFO - DAG(s) 'example_display_name' retrieved from /home/airflow/.local/lib/python3.12/site-packages/airflow/example_dags/example_display_name.py
[2024-11-03T01:05:24.399+0000] {logging_mixin.py:190} INFO - [2024-11-03T01:05:24.399+0000] {dag.py:3239} INFO - Sync 1 DAGs
[2024-11-03T01:05:24.412+0000] {logging_mixin.py:190} INFO - [2024-11-03T01:05:24.412+0000] {dag.py:4180} INFO - Setting next_dagrun for example_display_name to None, run_after=None
[2024-11-03T01:05:24.428+0000] {processor.py:208} INFO - Processing /home/airflow/.local/lib/python3.12/site-packages/airflow/example_dags/example_display_name.py took 0.061 seconds
[2024-11-03T01:05:54.766+0000] {processor.py:186} INFO - Started process (PID=2319) to work on /home/airflow/.local/lib/python3.12/site-packages/airflow/example_dags/example_display_name.py
[2024-11-03T01:05:54.767+0000] {processor.py:914} INFO - Processing file /home/airflow/.local/lib/python3.12/site-packages/airflow/example_dags/example_display_name.py for tasks to queue
[2024-11-03T01:05:54.769+0000] {logging_mixin.py:190} INFO - [2024-11-03T01:05:54.769+0000] {dagbag.py:588} INFO - Filling up the DagBag from /home/airflow/.local/lib/python3.12/site-packages/airflow/example_dags/example_display_name.py
[2024-11-03T01:05:54.775+0000] {processor.py:925} INFO - DAG(s) 'example_display_name' retrieved from /home/airflow/.local/lib/python3.12/site-packages/airflow/example_dags/example_display_name.py
[2024-11-03T01:05:54.794+0000] {logging_mixin.py:190} INFO - [2024-11-03T01:05:54.794+0000] {dag.py:3239} INFO - Sync 1 DAGs
[2024-11-03T01:05:54.807+0000] {logging_mixin.py:190} INFO - [2024-11-03T01:05:54.806+0000] {dag.py:4180} INFO - Setting next_dagrun for example_display_name to None, run_after=None
[2024-11-03T01:05:54.822+0000] {processor.py:208} INFO - Processing /home/airflow/.local/lib/python3.12/site-packages/airflow/example_dags/example_display_name.py took 0.061 seconds
[2024-11-03T01:06:25.638+0000] {processor.py:186} INFO - Started process (PID=2382) to work on /home/airflow/.local/lib/python3.12/site-packages/airflow/example_dags/example_display_name.py
[2024-11-03T01:06:25.639+0000] {processor.py:914} INFO - Processing file /home/airflow/.local/lib/python3.12/site-packages/airflow/example_dags/example_display_name.py for tasks to queue
[2024-11-03T01:06:25.642+0000] {logging_mixin.py:190} INFO - [2024-11-03T01:06:25.641+0000] {dagbag.py:588} INFO - Filling up the DagBag from /home/airflow/.local/lib/python3.12/site-packages/airflow/example_dags/example_display_name.py
[2024-11-03T01:06:25.648+0000] {processor.py:925} INFO - DAG(s) 'example_display_name' retrieved from /home/airflow/.local/lib/python3.12/site-packages/airflow/example_dags/example_display_name.py
[2024-11-03T01:06:25.666+0000] {logging_mixin.py:190} INFO - [2024-11-03T01:06:25.666+0000] {dag.py:3239} INFO - Sync 1 DAGs
[2024-11-03T01:06:25.682+0000] {logging_mixin.py:190} INFO - [2024-11-03T01:06:25.681+0000] {dag.py:4180} INFO - Setting next_dagrun for example_display_name to None, run_after=None
[2024-11-03T01:06:25.699+0000] {processor.py:208} INFO - Processing /home/airflow/.local/lib/python3.12/site-packages/airflow/example_dags/example_display_name.py took 0.067 seconds
[2024-11-03T01:06:56.234+0000] {processor.py:186} INFO - Started process (PID=2445) to work on /home/airflow/.local/lib/python3.12/site-packages/airflow/example_dags/example_display_name.py
[2024-11-03T01:06:56.235+0000] {processor.py:914} INFO - Processing file /home/airflow/.local/lib/python3.12/site-packages/airflow/example_dags/example_display_name.py for tasks to queue
[2024-11-03T01:06:56.237+0000] {logging_mixin.py:190} INFO - [2024-11-03T01:06:56.237+0000] {dagbag.py:588} INFO - Filling up the DagBag from /home/airflow/.local/lib/python3.12/site-packages/airflow/example_dags/example_display_name.py
[2024-11-03T01:06:56.243+0000] {processor.py:925} INFO - DAG(s) 'example_display_name' retrieved from /home/airflow/.local/lib/python3.12/site-packages/airflow/example_dags/example_display_name.py
[2024-11-03T01:06:56.260+0000] {logging_mixin.py:190} INFO - [2024-11-03T01:06:56.259+0000] {dag.py:3239} INFO - Sync 1 DAGs
[2024-11-03T01:06:56.272+0000] {logging_mixin.py:190} INFO - [2024-11-03T01:06:56.272+0000] {dag.py:4180} INFO - Setting next_dagrun for example_display_name to None, run_after=None
[2024-11-03T01:06:56.288+0000] {processor.py:208} INFO - Processing /home/airflow/.local/lib/python3.12/site-packages/airflow/example_dags/example_display_name.py took 0.058 seconds
[2024-11-03T01:07:26.584+0000] {processor.py:186} INFO - Started process (PID=2508) to work on /home/airflow/.local/lib/python3.12/site-packages/airflow/example_dags/example_display_name.py
[2024-11-03T01:07:26.585+0000] {processor.py:914} INFO - Processing file /home/airflow/.local/lib/python3.12/site-packages/airflow/example_dags/example_display_name.py for tasks to queue
[2024-11-03T01:07:26.587+0000] {logging_mixin.py:190} INFO - [2024-11-03T01:07:26.587+0000] {dagbag.py:588} INFO - Filling up the DagBag from /home/airflow/.local/lib/python3.12/site-packages/airflow/example_dags/example_display_name.py
[2024-11-03T01:07:26.593+0000] {processor.py:925} INFO - DAG(s) 'example_display_name' retrieved from /home/airflow/.local/lib/python3.12/site-packages/airflow/example_dags/example_display_name.py
[2024-11-03T01:07:26.608+0000] {logging_mixin.py:190} INFO - [2024-11-03T01:07:26.608+0000] {dag.py:3239} INFO - Sync 1 DAGs
[2024-11-03T01:07:26.622+0000] {logging_mixin.py:190} INFO - [2024-11-03T01:07:26.622+0000] {dag.py:4180} INFO - Setting next_dagrun for example_display_name to None, run_after=None
[2024-11-03T01:07:26.637+0000] {processor.py:208} INFO - Processing /home/airflow/.local/lib/python3.12/site-packages/airflow/example_dags/example_display_name.py took 0.058 seconds
[2024-11-03T01:07:56.915+0000] {processor.py:186} INFO - Started process (PID=2571) to work on /home/airflow/.local/lib/python3.12/site-packages/airflow/example_dags/example_display_name.py
[2024-11-03T01:07:56.916+0000] {processor.py:914} INFO - Processing file /home/airflow/.local/lib/python3.12/site-packages/airflow/example_dags/example_display_name.py for tasks to queue
[2024-11-03T01:07:56.919+0000] {logging_mixin.py:190} INFO - [2024-11-03T01:07:56.919+0000] {dagbag.py:588} INFO - Filling up the DagBag from /home/airflow/.local/lib/python3.12/site-packages/airflow/example_dags/example_display_name.py
[2024-11-03T01:07:56.927+0000] {processor.py:925} INFO - DAG(s) 'example_display_name' retrieved from /home/airflow/.local/lib/python3.12/site-packages/airflow/example_dags/example_display_name.py
[2024-11-03T01:07:56.944+0000] {logging_mixin.py:190} INFO - [2024-11-03T01:07:56.944+0000] {dag.py:3239} INFO - Sync 1 DAGs
[2024-11-03T01:07:56.958+0000] {logging_mixin.py:190} INFO - [2024-11-03T01:07:56.957+0000] {dag.py:4180} INFO - Setting next_dagrun for example_display_name to None, run_after=None
[2024-11-03T01:07:56.973+0000] {processor.py:208} INFO - Processing /home/airflow/.local/lib/python3.12/site-packages/airflow/example_dags/example_display_name.py took 0.064 seconds
[2024-11-03T01:08:27.401+0000] {processor.py:186} INFO - Started process (PID=2634) to work on /home/airflow/.local/lib/python3.12/site-packages/airflow/example_dags/example_display_name.py
[2024-11-03T01:08:27.402+0000] {processor.py:914} INFO - Processing file /home/airflow/.local/lib/python3.12/site-packages/airflow/example_dags/example_display_name.py for tasks to queue
[2024-11-03T01:08:27.404+0000] {logging_mixin.py:190} INFO - [2024-11-03T01:08:27.404+0000] {dagbag.py:588} INFO - Filling up the DagBag from /home/airflow/.local/lib/python3.12/site-packages/airflow/example_dags/example_display_name.py
[2024-11-03T01:08:27.411+0000] {processor.py:925} INFO - DAG(s) 'example_display_name' retrieved from /home/airflow/.local/lib/python3.12/site-packages/airflow/example_dags/example_display_name.py
[2024-11-03T01:08:27.427+0000] {logging_mixin.py:190} INFO - [2024-11-03T01:08:27.427+0000] {dag.py:3239} INFO - Sync 1 DAGs
[2024-11-03T01:08:27.439+0000] {logging_mixin.py:190} INFO - [2024-11-03T01:08:27.438+0000] {dag.py:4180} INFO - Setting next_dagrun for example_display_name to None, run_after=None
[2024-11-03T01:08:27.453+0000] {processor.py:208} INFO - Processing /home/airflow/.local/lib/python3.12/site-packages/airflow/example_dags/example_display_name.py took 0.057 seconds
[2024-11-03T01:08:57.804+0000] {processor.py:186} INFO - Started process (PID=2698) to work on /home/airflow/.local/lib/python3.12/site-packages/airflow/example_dags/example_display_name.py
[2024-11-03T01:08:57.805+0000] {processor.py:914} INFO - Processing file /home/airflow/.local/lib/python3.12/site-packages/airflow/example_dags/example_display_name.py for tasks to queue
[2024-11-03T01:08:57.807+0000] {logging_mixin.py:190} INFO - [2024-11-03T01:08:57.806+0000] {dagbag.py:588} INFO - Filling up the DagBag from /home/airflow/.local/lib/python3.12/site-packages/airflow/example_dags/example_display_name.py
[2024-11-03T01:08:57.812+0000] {processor.py:925} INFO - DAG(s) 'example_display_name' retrieved from /home/airflow/.local/lib/python3.12/site-packages/airflow/example_dags/example_display_name.py
[2024-11-03T01:08:57.830+0000] {logging_mixin.py:190} INFO - [2024-11-03T01:08:57.829+0000] {dag.py:3239} INFO - Sync 1 DAGs
[2024-11-03T01:08:57.844+0000] {logging_mixin.py:190} INFO - [2024-11-03T01:08:57.844+0000] {dag.py:4180} INFO - Setting next_dagrun for example_display_name to None, run_after=None
[2024-11-03T01:08:57.860+0000] {processor.py:208} INFO - Processing /home/airflow/.local/lib/python3.12/site-packages/airflow/example_dags/example_display_name.py took 0.061 seconds
[2024-11-03T01:09:28.362+0000] {processor.py:186} INFO - Started process (PID=2761) to work on /home/airflow/.local/lib/python3.12/site-packages/airflow/example_dags/example_display_name.py
[2024-11-03T01:09:28.363+0000] {processor.py:914} INFO - Processing file /home/airflow/.local/lib/python3.12/site-packages/airflow/example_dags/example_display_name.py for tasks to queue
[2024-11-03T01:09:28.365+0000] {logging_mixin.py:190} INFO - [2024-11-03T01:09:28.365+0000] {dagbag.py:588} INFO - Filling up the DagBag from /home/airflow/.local/lib/python3.12/site-packages/airflow/example_dags/example_display_name.py
[2024-11-03T01:09:28.372+0000] {processor.py:925} INFO - DAG(s) 'example_display_name' retrieved from /home/airflow/.local/lib/python3.12/site-packages/airflow/example_dags/example_display_name.py
[2024-11-03T01:09:28.389+0000] {logging_mixin.py:190} INFO - [2024-11-03T01:09:28.388+0000] {dag.py:3239} INFO - Sync 1 DAGs
[2024-11-03T01:09:28.403+0000] {logging_mixin.py:190} INFO - [2024-11-03T01:09:28.403+0000] {dag.py:4180} INFO - Setting next_dagrun for example_display_name to None, run_after=None
[2024-11-03T01:09:28.419+0000] {processor.py:208} INFO - Processing /home/airflow/.local/lib/python3.12/site-packages/airflow/example_dags/example_display_name.py took 0.062 seconds
[2024-11-03T01:09:58.654+0000] {processor.py:186} INFO - Started process (PID=2824) to work on /home/airflow/.local/lib/python3.12/site-packages/airflow/example_dags/example_display_name.py
[2024-11-03T01:09:58.654+0000] {processor.py:914} INFO - Processing file /home/airflow/.local/lib/python3.12/site-packages/airflow/example_dags/example_display_name.py for tasks to queue
[2024-11-03T01:09:58.656+0000] {logging_mixin.py:190} INFO - [2024-11-03T01:09:58.656+0000] {dagbag.py:588} INFO - Filling up the DagBag from /home/airflow/.local/lib/python3.12/site-packages/airflow/example_dags/example_display_name.py
[2024-11-03T01:09:58.662+0000] {processor.py:925} INFO - DAG(s) 'example_display_name' retrieved from /home/airflow/.local/lib/python3.12/site-packages/airflow/example_dags/example_display_name.py
[2024-11-03T01:09:58.678+0000] {logging_mixin.py:190} INFO - [2024-11-03T01:09:58.678+0000] {dag.py:3239} INFO - Sync 1 DAGs
[2024-11-03T01:09:58.690+0000] {logging_mixin.py:190} INFO - [2024-11-03T01:09:58.690+0000] {dag.py:4180} INFO - Setting next_dagrun for example_display_name to None, run_after=None
[2024-11-03T01:09:58.705+0000] {processor.py:208} INFO - Processing /home/airflow/.local/lib/python3.12/site-packages/airflow/example_dags/example_display_name.py took 0.056 seconds
[2024-11-03T01:10:28.951+0000] {processor.py:186} INFO - Started process (PID=2886) to work on /home/airflow/.local/lib/python3.12/site-packages/airflow/example_dags/example_display_name.py
[2024-11-03T01:10:28.951+0000] {processor.py:914} INFO - Processing file /home/airflow/.local/lib/python3.12/site-packages/airflow/example_dags/example_display_name.py for tasks to queue
[2024-11-03T01:10:28.953+0000] {logging_mixin.py:190} INFO - [2024-11-03T01:10:28.953+0000] {dagbag.py:588} INFO - Filling up the DagBag from /home/airflow/.local/lib/python3.12/site-packages/airflow/example_dags/example_display_name.py
[2024-11-03T01:10:28.961+0000] {processor.py:925} INFO - DAG(s) 'example_display_name' retrieved from /home/airflow/.local/lib/python3.12/site-packages/airflow/example_dags/example_display_name.py
[2024-11-03T01:10:28.978+0000] {logging_mixin.py:190} INFO - [2024-11-03T01:10:28.977+0000] {dag.py:3239} INFO - Sync 1 DAGs
[2024-11-03T01:10:28.990+0000] {logging_mixin.py:190} INFO - [2024-11-03T01:10:28.989+0000] {dag.py:4180} INFO - Setting next_dagrun for example_display_name to None, run_after=None
[2024-11-03T01:10:29.005+0000] {processor.py:208} INFO - Processing /home/airflow/.local/lib/python3.12/site-packages/airflow/example_dags/example_display_name.py took 0.060 seconds
[2024-11-03T01:10:59.448+0000] {processor.py:186} INFO - Started process (PID=2949) to work on /home/airflow/.local/lib/python3.12/site-packages/airflow/example_dags/example_display_name.py
[2024-11-03T01:10:59.448+0000] {processor.py:914} INFO - Processing file /home/airflow/.local/lib/python3.12/site-packages/airflow/example_dags/example_display_name.py for tasks to queue
[2024-11-03T01:10:59.450+0000] {logging_mixin.py:190} INFO - [2024-11-03T01:10:59.450+0000] {dagbag.py:588} INFO - Filling up the DagBag from /home/airflow/.local/lib/python3.12/site-packages/airflow/example_dags/example_display_name.py
[2024-11-03T01:10:59.456+0000] {processor.py:925} INFO - DAG(s) 'example_display_name' retrieved from /home/airflow/.local/lib/python3.12/site-packages/airflow/example_dags/example_display_name.py
[2024-11-03T01:10:59.472+0000] {logging_mixin.py:190} INFO - [2024-11-03T01:10:59.472+0000] {dag.py:3239} INFO - Sync 1 DAGs
[2024-11-03T01:10:59.484+0000] {logging_mixin.py:190} INFO - [2024-11-03T01:10:59.483+0000] {dag.py:4180} INFO - Setting next_dagrun for example_display_name to None, run_after=None
[2024-11-03T01:10:59.498+0000] {processor.py:208} INFO - Processing /home/airflow/.local/lib/python3.12/site-packages/airflow/example_dags/example_display_name.py took 0.055 seconds
[2024-11-03T01:11:29.932+0000] {processor.py:186} INFO - Started process (PID=3012) to work on /home/airflow/.local/lib/python3.12/site-packages/airflow/example_dags/example_display_name.py
[2024-11-03T01:11:29.933+0000] {processor.py:914} INFO - Processing file /home/airflow/.local/lib/python3.12/site-packages/airflow/example_dags/example_display_name.py for tasks to queue
[2024-11-03T01:11:29.935+0000] {logging_mixin.py:190} INFO - [2024-11-03T01:11:29.934+0000] {dagbag.py:588} INFO - Filling up the DagBag from /home/airflow/.local/lib/python3.12/site-packages/airflow/example_dags/example_display_name.py
[2024-11-03T01:11:29.941+0000] {processor.py:925} INFO - DAG(s) 'example_display_name' retrieved from /home/airflow/.local/lib/python3.12/site-packages/airflow/example_dags/example_display_name.py
[2024-11-03T01:11:29.957+0000] {logging_mixin.py:190} INFO - [2024-11-03T01:11:29.957+0000] {dag.py:3239} INFO - Sync 1 DAGs
[2024-11-03T01:11:29.970+0000] {logging_mixin.py:190} INFO - [2024-11-03T01:11:29.970+0000] {dag.py:4180} INFO - Setting next_dagrun for example_display_name to None, run_after=None
[2024-11-03T01:11:29.987+0000] {processor.py:208} INFO - Processing /home/airflow/.local/lib/python3.12/site-packages/airflow/example_dags/example_display_name.py took 0.059 seconds
[2024-11-03T01:12:00.176+0000] {processor.py:186} INFO - Started process (PID=3074) to work on /home/airflow/.local/lib/python3.12/site-packages/airflow/example_dags/example_display_name.py
[2024-11-03T01:12:00.177+0000] {processor.py:914} INFO - Processing file /home/airflow/.local/lib/python3.12/site-packages/airflow/example_dags/example_display_name.py for tasks to queue
[2024-11-03T01:12:00.179+0000] {logging_mixin.py:190} INFO - [2024-11-03T01:12:00.179+0000] {dagbag.py:588} INFO - Filling up the DagBag from /home/airflow/.local/lib/python3.12/site-packages/airflow/example_dags/example_display_name.py
[2024-11-03T01:12:00.185+0000] {processor.py:925} INFO - DAG(s) 'example_display_name' retrieved from /home/airflow/.local/lib/python3.12/site-packages/airflow/example_dags/example_display_name.py
[2024-11-03T01:12:00.201+0000] {logging_mixin.py:190} INFO - [2024-11-03T01:12:00.201+0000] {dag.py:3239} INFO - Sync 1 DAGs
[2024-11-03T01:12:00.213+0000] {logging_mixin.py:190} INFO - [2024-11-03T01:12:00.213+0000] {dag.py:4180} INFO - Setting next_dagrun for example_display_name to None, run_after=None
[2024-11-03T01:12:00.229+0000] {processor.py:208} INFO - Processing /home/airflow/.local/lib/python3.12/site-packages/airflow/example_dags/example_display_name.py took 0.058 seconds
[2024-11-03T01:12:31.400+0000] {processor.py:186} INFO - Started process (PID=3137) to work on /home/airflow/.local/lib/python3.12/site-packages/airflow/example_dags/example_display_name.py
[2024-11-03T01:12:31.401+0000] {processor.py:914} INFO - Processing file /home/airflow/.local/lib/python3.12/site-packages/airflow/example_dags/example_display_name.py for tasks to queue
[2024-11-03T01:12:31.403+0000] {logging_mixin.py:190} INFO - [2024-11-03T01:12:31.402+0000] {dagbag.py:588} INFO - Filling up the DagBag from /home/airflow/.local/lib/python3.12/site-packages/airflow/example_dags/example_display_name.py
[2024-11-03T01:12:31.409+0000] {processor.py:925} INFO - DAG(s) 'example_display_name' retrieved from /home/airflow/.local/lib/python3.12/site-packages/airflow/example_dags/example_display_name.py
[2024-11-03T01:12:31.426+0000] {logging_mixin.py:190} INFO - [2024-11-03T01:12:31.425+0000] {dag.py:3239} INFO - Sync 1 DAGs
[2024-11-03T01:12:31.438+0000] {logging_mixin.py:190} INFO - [2024-11-03T01:12:31.438+0000] {dag.py:4180} INFO - Setting next_dagrun for example_display_name to None, run_after=None
[2024-11-03T01:12:31.453+0000] {processor.py:208} INFO - Processing /home/airflow/.local/lib/python3.12/site-packages/airflow/example_dags/example_display_name.py took 0.058 seconds
[2024-11-03T01:13:03.197+0000] {processor.py:186} INFO - Started process (PID=3202) to work on /home/airflow/.local/lib/python3.12/site-packages/airflow/example_dags/example_display_name.py
[2024-11-03T01:13:03.198+0000] {processor.py:914} INFO - Processing file /home/airflow/.local/lib/python3.12/site-packages/airflow/example_dags/example_display_name.py for tasks to queue
[2024-11-03T01:13:03.200+0000] {logging_mixin.py:190} INFO - [2024-11-03T01:13:03.200+0000] {dagbag.py:588} INFO - Filling up the DagBag from /home/airflow/.local/lib/python3.12/site-packages/airflow/example_dags/example_display_name.py
[2024-11-03T01:13:03.207+0000] {processor.py:925} INFO - DAG(s) 'example_display_name' retrieved from /home/airflow/.local/lib/python3.12/site-packages/airflow/example_dags/example_display_name.py
[2024-11-03T01:13:03.227+0000] {logging_mixin.py:190} INFO - [2024-11-03T01:13:03.227+0000] {dag.py:3239} INFO - Sync 1 DAGs
[2024-11-03T01:13:03.436+0000] {logging_mixin.py:190} INFO - [2024-11-03T01:13:03.436+0000] {dag.py:4180} INFO - Setting next_dagrun for example_display_name to None, run_after=None
[2024-11-03T01:13:03.454+0000] {processor.py:208} INFO - Processing /home/airflow/.local/lib/python3.12/site-packages/airflow/example_dags/example_display_name.py took 0.263 seconds
[2024-11-03T01:13:34.151+0000] {processor.py:186} INFO - Started process (PID=3271) to work on /home/airflow/.local/lib/python3.12/site-packages/airflow/example_dags/example_display_name.py
[2024-11-03T01:13:34.152+0000] {processor.py:914} INFO - Processing file /home/airflow/.local/lib/python3.12/site-packages/airflow/example_dags/example_display_name.py for tasks to queue
[2024-11-03T01:13:34.154+0000] {logging_mixin.py:190} INFO - [2024-11-03T01:13:34.154+0000] {dagbag.py:588} INFO - Filling up the DagBag from /home/airflow/.local/lib/python3.12/site-packages/airflow/example_dags/example_display_name.py
[2024-11-03T01:13:34.161+0000] {processor.py:925} INFO - DAG(s) 'example_display_name' retrieved from /home/airflow/.local/lib/python3.12/site-packages/airflow/example_dags/example_display_name.py
[2024-11-03T01:13:34.182+0000] {logging_mixin.py:190} INFO - [2024-11-03T01:13:34.182+0000] {dag.py:3239} INFO - Sync 1 DAGs
[2024-11-03T01:13:34.199+0000] {logging_mixin.py:190} INFO - [2024-11-03T01:13:34.199+0000] {dag.py:4180} INFO - Setting next_dagrun for example_display_name to None, run_after=None
[2024-11-03T01:13:34.220+0000] {processor.py:208} INFO - Processing /home/airflow/.local/lib/python3.12/site-packages/airflow/example_dags/example_display_name.py took 0.074 seconds
[2024-11-03T01:14:05.255+0000] {processor.py:186} INFO - Started process (PID=3334) to work on /home/airflow/.local/lib/python3.12/site-packages/airflow/example_dags/example_display_name.py
[2024-11-03T01:14:05.256+0000] {processor.py:914} INFO - Processing file /home/airflow/.local/lib/python3.12/site-packages/airflow/example_dags/example_display_name.py for tasks to queue
[2024-11-03T01:14:05.258+0000] {logging_mixin.py:190} INFO - [2024-11-03T01:14:05.258+0000] {dagbag.py:588} INFO - Filling up the DagBag from /home/airflow/.local/lib/python3.12/site-packages/airflow/example_dags/example_display_name.py
[2024-11-03T01:14:05.264+0000] {processor.py:925} INFO - DAG(s) 'example_display_name' retrieved from /home/airflow/.local/lib/python3.12/site-packages/airflow/example_dags/example_display_name.py
[2024-11-03T01:14:05.281+0000] {logging_mixin.py:190} INFO - [2024-11-03T01:14:05.281+0000] {dag.py:3239} INFO - Sync 1 DAGs
[2024-11-03T01:14:05.295+0000] {logging_mixin.py:190} INFO - [2024-11-03T01:14:05.295+0000] {dag.py:4180} INFO - Setting next_dagrun for example_display_name to None, run_after=None
[2024-11-03T01:14:05.312+0000] {processor.py:208} INFO - Processing /home/airflow/.local/lib/python3.12/site-packages/airflow/example_dags/example_display_name.py took 0.062 seconds
[2024-11-03T01:14:35.611+0000] {processor.py:186} INFO - Started process (PID=3397) to work on /home/airflow/.local/lib/python3.12/site-packages/airflow/example_dags/example_display_name.py
[2024-11-03T01:14:35.612+0000] {processor.py:914} INFO - Processing file /home/airflow/.local/lib/python3.12/site-packages/airflow/example_dags/example_display_name.py for tasks to queue
[2024-11-03T01:14:35.615+0000] {logging_mixin.py:190} INFO - [2024-11-03T01:14:35.614+0000] {dagbag.py:588} INFO - Filling up the DagBag from /home/airflow/.local/lib/python3.12/site-packages/airflow/example_dags/example_display_name.py
[2024-11-03T01:14:35.621+0000] {processor.py:925} INFO - DAG(s) 'example_display_name' retrieved from /home/airflow/.local/lib/python3.12/site-packages/airflow/example_dags/example_display_name.py
[2024-11-03T01:14:35.638+0000] {logging_mixin.py:190} INFO - [2024-11-03T01:14:35.638+0000] {dag.py:3239} INFO - Sync 1 DAGs
[2024-11-03T01:14:35.651+0000] {logging_mixin.py:190} INFO - [2024-11-03T01:14:35.651+0000] {dag.py:4180} INFO - Setting next_dagrun for example_display_name to None, run_after=None
[2024-11-03T01:14:35.668+0000] {processor.py:208} INFO - Processing /home/airflow/.local/lib/python3.12/site-packages/airflow/example_dags/example_display_name.py took 0.063 seconds
[2024-11-03T01:15:05.884+0000] {processor.py:186} INFO - Started process (PID=3460) to work on /home/airflow/.local/lib/python3.12/site-packages/airflow/example_dags/example_display_name.py
[2024-11-03T01:15:05.885+0000] {processor.py:914} INFO - Processing file /home/airflow/.local/lib/python3.12/site-packages/airflow/example_dags/example_display_name.py for tasks to queue
[2024-11-03T01:15:05.887+0000] {logging_mixin.py:190} INFO - [2024-11-03T01:15:05.886+0000] {dagbag.py:588} INFO - Filling up the DagBag from /home/airflow/.local/lib/python3.12/site-packages/airflow/example_dags/example_display_name.py
[2024-11-03T01:15:05.893+0000] {processor.py:925} INFO - DAG(s) 'example_display_name' retrieved from /home/airflow/.local/lib/python3.12/site-packages/airflow/example_dags/example_display_name.py
[2024-11-03T01:15:05.909+0000] {logging_mixin.py:190} INFO - [2024-11-03T01:15:05.909+0000] {dag.py:3239} INFO - Sync 1 DAGs
[2024-11-03T01:15:05.921+0000] {logging_mixin.py:190} INFO - [2024-11-03T01:15:05.921+0000] {dag.py:4180} INFO - Setting next_dagrun for example_display_name to None, run_after=None
[2024-11-03T01:15:05.937+0000] {processor.py:208} INFO - Processing /home/airflow/.local/lib/python3.12/site-packages/airflow/example_dags/example_display_name.py took 0.058 seconds
[2024-11-03T01:15:36.495+0000] {processor.py:186} INFO - Started process (PID=3523) to work on /home/airflow/.local/lib/python3.12/site-packages/airflow/example_dags/example_display_name.py
[2024-11-03T01:15:36.496+0000] {processor.py:914} INFO - Processing file /home/airflow/.local/lib/python3.12/site-packages/airflow/example_dags/example_display_name.py for tasks to queue
[2024-11-03T01:15:36.498+0000] {logging_mixin.py:190} INFO - [2024-11-03T01:15:36.498+0000] {dagbag.py:588} INFO - Filling up the DagBag from /home/airflow/.local/lib/python3.12/site-packages/airflow/example_dags/example_display_name.py
[2024-11-03T01:15:36.504+0000] {processor.py:925} INFO - DAG(s) 'example_display_name' retrieved from /home/airflow/.local/lib/python3.12/site-packages/airflow/example_dags/example_display_name.py
[2024-11-03T01:15:36.523+0000] {logging_mixin.py:190} INFO - [2024-11-03T01:15:36.523+0000] {dag.py:3239} INFO - Sync 1 DAGs
[2024-11-03T01:15:36.537+0000] {logging_mixin.py:190} INFO - [2024-11-03T01:15:36.537+0000] {dag.py:4180} INFO - Setting next_dagrun for example_display_name to None, run_after=None
[2024-11-03T01:15:36.554+0000] {processor.py:208} INFO - Processing /home/airflow/.local/lib/python3.12/site-packages/airflow/example_dags/example_display_name.py took 0.065 seconds
[2024-11-03T01:16:06.955+0000] {processor.py:186} INFO - Started process (PID=3586) to work on /home/airflow/.local/lib/python3.12/site-packages/airflow/example_dags/example_display_name.py
[2024-11-03T01:16:06.956+0000] {processor.py:914} INFO - Processing file /home/airflow/.local/lib/python3.12/site-packages/airflow/example_dags/example_display_name.py for tasks to queue
[2024-11-03T01:16:06.958+0000] {logging_mixin.py:190} INFO - [2024-11-03T01:16:06.958+0000] {dagbag.py:588} INFO - Filling up the DagBag from /home/airflow/.local/lib/python3.12/site-packages/airflow/example_dags/example_display_name.py
[2024-11-03T01:16:06.965+0000] {processor.py:925} INFO - DAG(s) 'example_display_name' retrieved from /home/airflow/.local/lib/python3.12/site-packages/airflow/example_dags/example_display_name.py
[2024-11-03T01:16:06.983+0000] {logging_mixin.py:190} INFO - [2024-11-03T01:16:06.983+0000] {dag.py:3239} INFO - Sync 1 DAGs
[2024-11-03T01:16:06.998+0000] {logging_mixin.py:190} INFO - [2024-11-03T01:16:06.998+0000] {dag.py:4180} INFO - Setting next_dagrun for example_display_name to None, run_after=None
[2024-11-03T01:16:07.016+0000] {processor.py:208} INFO - Processing /home/airflow/.local/lib/python3.12/site-packages/airflow/example_dags/example_display_name.py took 0.066 seconds
[2024-11-03T01:16:37.177+0000] {processor.py:186} INFO - Started process (PID=3649) to work on /home/airflow/.local/lib/python3.12/site-packages/airflow/example_dags/example_display_name.py
[2024-11-03T01:16:37.178+0000] {processor.py:914} INFO - Processing file /home/airflow/.local/lib/python3.12/site-packages/airflow/example_dags/example_display_name.py for tasks to queue
[2024-11-03T01:16:37.179+0000] {logging_mixin.py:190} INFO - [2024-11-03T01:16:37.179+0000] {dagbag.py:588} INFO - Filling up the DagBag from /home/airflow/.local/lib/python3.12/site-packages/airflow/example_dags/example_display_name.py
[2024-11-03T01:16:37.185+0000] {processor.py:925} INFO - DAG(s) 'example_display_name' retrieved from /home/airflow/.local/lib/python3.12/site-packages/airflow/example_dags/example_display_name.py
[2024-11-03T01:16:37.201+0000] {logging_mixin.py:190} INFO - [2024-11-03T01:16:37.201+0000] {dag.py:3239} INFO - Sync 1 DAGs
[2024-11-03T01:16:37.213+0000] {logging_mixin.py:190} INFO - [2024-11-03T01:16:37.213+0000] {dag.py:4180} INFO - Setting next_dagrun for example_display_name to None, run_after=None
[2024-11-03T01:16:37.232+0000] {processor.py:208} INFO - Processing /home/airflow/.local/lib/python3.12/site-packages/airflow/example_dags/example_display_name.py took 0.060 seconds
[2024-11-03T01:17:07.473+0000] {processor.py:186} INFO - Started process (PID=3712) to work on /home/airflow/.local/lib/python3.12/site-packages/airflow/example_dags/example_display_name.py
[2024-11-03T01:17:07.474+0000] {processor.py:914} INFO - Processing file /home/airflow/.local/lib/python3.12/site-packages/airflow/example_dags/example_display_name.py for tasks to queue
[2024-11-03T01:17:07.476+0000] {logging_mixin.py:190} INFO - [2024-11-03T01:17:07.476+0000] {dagbag.py:588} INFO - Filling up the DagBag from /home/airflow/.local/lib/python3.12/site-packages/airflow/example_dags/example_display_name.py
[2024-11-03T01:17:07.482+0000] {processor.py:925} INFO - DAG(s) 'example_display_name' retrieved from /home/airflow/.local/lib/python3.12/site-packages/airflow/example_dags/example_display_name.py
[2024-11-03T01:17:07.499+0000] {logging_mixin.py:190} INFO - [2024-11-03T01:17:07.499+0000] {dag.py:3239} INFO - Sync 1 DAGs
[2024-11-03T01:17:07.512+0000] {logging_mixin.py:190} INFO - [2024-11-03T01:17:07.511+0000] {dag.py:4180} INFO - Setting next_dagrun for example_display_name to None, run_after=None
[2024-11-03T01:17:07.530+0000] {processor.py:208} INFO - Processing /home/airflow/.local/lib/python3.12/site-packages/airflow/example_dags/example_display_name.py took 0.062 seconds
[2024-11-03T01:17:37.733+0000] {processor.py:186} INFO - Started process (PID=3775) to work on /home/airflow/.local/lib/python3.12/site-packages/airflow/example_dags/example_display_name.py
[2024-11-03T01:17:37.734+0000] {processor.py:914} INFO - Processing file /home/airflow/.local/lib/python3.12/site-packages/airflow/example_dags/example_display_name.py for tasks to queue
[2024-11-03T01:17:37.735+0000] {logging_mixin.py:190} INFO - [2024-11-03T01:17:37.735+0000] {dagbag.py:588} INFO - Filling up the DagBag from /home/airflow/.local/lib/python3.12/site-packages/airflow/example_dags/example_display_name.py
[2024-11-03T01:17:37.741+0000] {processor.py:925} INFO - DAG(s) 'example_display_name' retrieved from /home/airflow/.local/lib/python3.12/site-packages/airflow/example_dags/example_display_name.py
[2024-11-03T01:17:37.757+0000] {logging_mixin.py:190} INFO - [2024-11-03T01:17:37.757+0000] {dag.py:3239} INFO - Sync 1 DAGs
[2024-11-03T01:17:37.769+0000] {logging_mixin.py:190} INFO - [2024-11-03T01:17:37.769+0000] {dag.py:4180} INFO - Setting next_dagrun for example_display_name to None, run_after=None
[2024-11-03T01:17:37.784+0000] {processor.py:208} INFO - Processing /home/airflow/.local/lib/python3.12/site-packages/airflow/example_dags/example_display_name.py took 0.056 seconds
[2024-11-03T01:18:07.919+0000] {processor.py:186} INFO - Started process (PID=3839) to work on /home/airflow/.local/lib/python3.12/site-packages/airflow/example_dags/example_display_name.py
[2024-11-03T01:18:07.920+0000] {processor.py:914} INFO - Processing file /home/airflow/.local/lib/python3.12/site-packages/airflow/example_dags/example_display_name.py for tasks to queue
[2024-11-03T01:18:07.923+0000] {logging_mixin.py:190} INFO - [2024-11-03T01:18:07.922+0000] {dagbag.py:588} INFO - Filling up the DagBag from /home/airflow/.local/lib/python3.12/site-packages/airflow/example_dags/example_display_name.py
[2024-11-03T01:18:07.929+0000] {processor.py:925} INFO - DAG(s) 'example_display_name' retrieved from /home/airflow/.local/lib/python3.12/site-packages/airflow/example_dags/example_display_name.py
[2024-11-03T01:18:07.944+0000] {logging_mixin.py:190} INFO - [2024-11-03T01:18:07.944+0000] {dag.py:3239} INFO - Sync 1 DAGs
[2024-11-03T01:18:07.956+0000] {logging_mixin.py:190} INFO - [2024-11-03T01:18:07.956+0000] {dag.py:4180} INFO - Setting next_dagrun for example_display_name to None, run_after=None
[2024-11-03T01:18:07.972+0000] {processor.py:208} INFO - Processing /home/airflow/.local/lib/python3.12/site-packages/airflow/example_dags/example_display_name.py took 0.057 seconds
[2024-11-03T01:18:38.163+0000] {processor.py:186} INFO - Started process (PID=3902) to work on /home/airflow/.local/lib/python3.12/site-packages/airflow/example_dags/example_display_name.py
[2024-11-03T01:18:38.164+0000] {processor.py:914} INFO - Processing file /home/airflow/.local/lib/python3.12/site-packages/airflow/example_dags/example_display_name.py for tasks to queue
[2024-11-03T01:18:38.166+0000] {logging_mixin.py:190} INFO - [2024-11-03T01:18:38.165+0000] {dagbag.py:588} INFO - Filling up the DagBag from /home/airflow/.local/lib/python3.12/site-packages/airflow/example_dags/example_display_name.py
[2024-11-03T01:18:38.172+0000] {processor.py:925} INFO - DAG(s) 'example_display_name' retrieved from /home/airflow/.local/lib/python3.12/site-packages/airflow/example_dags/example_display_name.py
[2024-11-03T01:18:38.187+0000] {logging_mixin.py:190} INFO - [2024-11-03T01:18:38.187+0000] {dag.py:3239} INFO - Sync 1 DAGs
[2024-11-03T01:18:38.199+0000] {logging_mixin.py:190} INFO - [2024-11-03T01:18:38.199+0000] {dag.py:4180} INFO - Setting next_dagrun for example_display_name to None, run_after=None
[2024-11-03T01:18:38.214+0000] {processor.py:208} INFO - Processing /home/airflow/.local/lib/python3.12/site-packages/airflow/example_dags/example_display_name.py took 0.055 seconds
[2024-11-03T01:19:08.742+0000] {processor.py:186} INFO - Started process (PID=3965) to work on /home/airflow/.local/lib/python3.12/site-packages/airflow/example_dags/example_display_name.py
[2024-11-03T01:19:08.743+0000] {processor.py:914} INFO - Processing file /home/airflow/.local/lib/python3.12/site-packages/airflow/example_dags/example_display_name.py for tasks to queue
[2024-11-03T01:19:08.745+0000] {logging_mixin.py:190} INFO - [2024-11-03T01:19:08.745+0000] {dagbag.py:588} INFO - Filling up the DagBag from /home/airflow/.local/lib/python3.12/site-packages/airflow/example_dags/example_display_name.py
[2024-11-03T01:19:08.751+0000] {processor.py:925} INFO - DAG(s) 'example_display_name' retrieved from /home/airflow/.local/lib/python3.12/site-packages/airflow/example_dags/example_display_name.py
[2024-11-03T01:19:08.767+0000] {logging_mixin.py:190} INFO - [2024-11-03T01:19:08.767+0000] {dag.py:3239} INFO - Sync 1 DAGs
[2024-11-03T01:19:08.779+0000] {logging_mixin.py:190} INFO - [2024-11-03T01:19:08.779+0000] {dag.py:4180} INFO - Setting next_dagrun for example_display_name to None, run_after=None
[2024-11-03T01:19:08.794+0000] {processor.py:208} INFO - Processing /home/airflow/.local/lib/python3.12/site-packages/airflow/example_dags/example_display_name.py took 0.057 seconds
[2024-11-03T01:19:39.067+0000] {processor.py:186} INFO - Started process (PID=4028) to work on /home/airflow/.local/lib/python3.12/site-packages/airflow/example_dags/example_display_name.py
[2024-11-03T01:19:39.068+0000] {processor.py:914} INFO - Processing file /home/airflow/.local/lib/python3.12/site-packages/airflow/example_dags/example_display_name.py for tasks to queue
[2024-11-03T01:19:39.070+0000] {logging_mixin.py:190} INFO - [2024-11-03T01:19:39.070+0000] {dagbag.py:588} INFO - Filling up the DagBag from /home/airflow/.local/lib/python3.12/site-packages/airflow/example_dags/example_display_name.py
[2024-11-03T01:19:39.076+0000] {processor.py:925} INFO - DAG(s) 'example_display_name' retrieved from /home/airflow/.local/lib/python3.12/site-packages/airflow/example_dags/example_display_name.py
[2024-11-03T01:19:39.092+0000] {logging_mixin.py:190} INFO - [2024-11-03T01:19:39.092+0000] {dag.py:3239} INFO - Sync 1 DAGs
[2024-11-03T01:19:39.104+0000] {logging_mixin.py:190} INFO - [2024-11-03T01:19:39.104+0000] {dag.py:4180} INFO - Setting next_dagrun for example_display_name to None, run_after=None
[2024-11-03T01:19:39.119+0000] {processor.py:208} INFO - Processing /home/airflow/.local/lib/python3.12/site-packages/airflow/example_dags/example_display_name.py took 0.056 seconds
[2024-11-03T01:20:09.404+0000] {processor.py:186} INFO - Started process (PID=4091) to work on /home/airflow/.local/lib/python3.12/site-packages/airflow/example_dags/example_display_name.py
[2024-11-03T01:20:09.405+0000] {processor.py:914} INFO - Processing file /home/airflow/.local/lib/python3.12/site-packages/airflow/example_dags/example_display_name.py for tasks to queue
[2024-11-03T01:20:09.407+0000] {logging_mixin.py:190} INFO - [2024-11-03T01:20:09.407+0000] {dagbag.py:588} INFO - Filling up the DagBag from /home/airflow/.local/lib/python3.12/site-packages/airflow/example_dags/example_display_name.py
[2024-11-03T01:20:09.414+0000] {processor.py:925} INFO - DAG(s) 'example_display_name' retrieved from /home/airflow/.local/lib/python3.12/site-packages/airflow/example_dags/example_display_name.py
[2024-11-03T01:20:09.432+0000] {logging_mixin.py:190} INFO - [2024-11-03T01:20:09.431+0000] {dag.py:3239} INFO - Sync 1 DAGs
[2024-11-03T01:20:09.444+0000] {logging_mixin.py:190} INFO - [2024-11-03T01:20:09.444+0000] {dag.py:4180} INFO - Setting next_dagrun for example_display_name to None, run_after=None
[2024-11-03T01:20:09.460+0000] {processor.py:208} INFO - Processing /home/airflow/.local/lib/python3.12/site-packages/airflow/example_dags/example_display_name.py took 0.060 seconds
[2024-11-03T01:20:39.584+0000] {processor.py:186} INFO - Started process (PID=4154) to work on /home/airflow/.local/lib/python3.12/site-packages/airflow/example_dags/example_display_name.py
[2024-11-03T01:20:39.585+0000] {processor.py:914} INFO - Processing file /home/airflow/.local/lib/python3.12/site-packages/airflow/example_dags/example_display_name.py for tasks to queue
[2024-11-03T01:20:39.587+0000] {logging_mixin.py:190} INFO - [2024-11-03T01:20:39.587+0000] {dagbag.py:588} INFO - Filling up the DagBag from /home/airflow/.local/lib/python3.12/site-packages/airflow/example_dags/example_display_name.py
[2024-11-03T01:20:39.594+0000] {processor.py:925} INFO - DAG(s) 'example_display_name' retrieved from /home/airflow/.local/lib/python3.12/site-packages/airflow/example_dags/example_display_name.py
[2024-11-03T01:20:39.612+0000] {logging_mixin.py:190} INFO - [2024-11-03T01:20:39.611+0000] {dag.py:3239} INFO - Sync 1 DAGs
[2024-11-03T01:20:39.625+0000] {logging_mixin.py:190} INFO - [2024-11-03T01:20:39.625+0000] {dag.py:4180} INFO - Setting next_dagrun for example_display_name to None, run_after=None
[2024-11-03T01:20:39.643+0000] {processor.py:208} INFO - Processing /home/airflow/.local/lib/python3.12/site-packages/airflow/example_dags/example_display_name.py took 0.064 seconds
[2024-11-03T01:21:09.889+0000] {processor.py:186} INFO - Started process (PID=4217) to work on /home/airflow/.local/lib/python3.12/site-packages/airflow/example_dags/example_display_name.py
[2024-11-03T01:21:09.889+0000] {processor.py:914} INFO - Processing file /home/airflow/.local/lib/python3.12/site-packages/airflow/example_dags/example_display_name.py for tasks to queue
[2024-11-03T01:21:09.891+0000] {logging_mixin.py:190} INFO - [2024-11-03T01:21:09.891+0000] {dagbag.py:588} INFO - Filling up the DagBag from /home/airflow/.local/lib/python3.12/site-packages/airflow/example_dags/example_display_name.py
[2024-11-03T01:21:09.897+0000] {processor.py:925} INFO - DAG(s) 'example_display_name' retrieved from /home/airflow/.local/lib/python3.12/site-packages/airflow/example_dags/example_display_name.py
[2024-11-03T01:21:09.913+0000] {logging_mixin.py:190} INFO - [2024-11-03T01:21:09.913+0000] {dag.py:3239} INFO - Sync 1 DAGs
[2024-11-03T01:21:09.926+0000] {logging_mixin.py:190} INFO - [2024-11-03T01:21:09.926+0000] {dag.py:4180} INFO - Setting next_dagrun for example_display_name to None, run_after=None
[2024-11-03T01:21:09.943+0000] {processor.py:208} INFO - Processing /home/airflow/.local/lib/python3.12/site-packages/airflow/example_dags/example_display_name.py took 0.059 seconds
[2024-11-03T01:21:40.327+0000] {processor.py:186} INFO - Started process (PID=4280) to work on /home/airflow/.local/lib/python3.12/site-packages/airflow/example_dags/example_display_name.py
[2024-11-03T01:21:40.328+0000] {processor.py:914} INFO - Processing file /home/airflow/.local/lib/python3.12/site-packages/airflow/example_dags/example_display_name.py for tasks to queue
[2024-11-03T01:21:40.330+0000] {logging_mixin.py:190} INFO - [2024-11-03T01:21:40.330+0000] {dagbag.py:588} INFO - Filling up the DagBag from /home/airflow/.local/lib/python3.12/site-packages/airflow/example_dags/example_display_name.py
[2024-11-03T01:21:40.336+0000] {processor.py:925} INFO - DAG(s) 'example_display_name' retrieved from /home/airflow/.local/lib/python3.12/site-packages/airflow/example_dags/example_display_name.py
[2024-11-03T01:21:40.353+0000] {logging_mixin.py:190} INFO - [2024-11-03T01:21:40.353+0000] {dag.py:3239} INFO - Sync 1 DAGs
[2024-11-03T01:21:40.366+0000] {logging_mixin.py:190} INFO - [2024-11-03T01:21:40.366+0000] {dag.py:4180} INFO - Setting next_dagrun for example_display_name to None, run_after=None
[2024-11-03T01:21:40.387+0000] {processor.py:208} INFO - Processing /home/airflow/.local/lib/python3.12/site-packages/airflow/example_dags/example_display_name.py took 0.066 seconds
[2024-11-03T01:22:10.625+0000] {processor.py:186} INFO - Started process (PID=4343) to work on /home/airflow/.local/lib/python3.12/site-packages/airflow/example_dags/example_display_name.py
[2024-11-03T01:22:10.626+0000] {processor.py:914} INFO - Processing file /home/airflow/.local/lib/python3.12/site-packages/airflow/example_dags/example_display_name.py for tasks to queue
[2024-11-03T01:22:10.628+0000] {logging_mixin.py:190} INFO - [2024-11-03T01:22:10.628+0000] {dagbag.py:588} INFO - Filling up the DagBag from /home/airflow/.local/lib/python3.12/site-packages/airflow/example_dags/example_display_name.py
[2024-11-03T01:22:10.634+0000] {processor.py:925} INFO - DAG(s) 'example_display_name' retrieved from /home/airflow/.local/lib/python3.12/site-packages/airflow/example_dags/example_display_name.py
[2024-11-03T01:22:10.650+0000] {logging_mixin.py:190} INFO - [2024-11-03T01:22:10.649+0000] {dag.py:3239} INFO - Sync 1 DAGs
[2024-11-03T01:22:10.662+0000] {logging_mixin.py:190} INFO - [2024-11-03T01:22:10.662+0000] {dag.py:4180} INFO - Setting next_dagrun for example_display_name to None, run_after=None
[2024-11-03T01:22:10.679+0000] {processor.py:208} INFO - Processing /home/airflow/.local/lib/python3.12/site-packages/airflow/example_dags/example_display_name.py took 0.058 seconds
[2024-11-03T01:22:40.936+0000] {processor.py:186} INFO - Started process (PID=4406) to work on /home/airflow/.local/lib/python3.12/site-packages/airflow/example_dags/example_display_name.py
[2024-11-03T01:22:40.936+0000] {processor.py:914} INFO - Processing file /home/airflow/.local/lib/python3.12/site-packages/airflow/example_dags/example_display_name.py for tasks to queue
[2024-11-03T01:22:40.938+0000] {logging_mixin.py:190} INFO - [2024-11-03T01:22:40.938+0000] {dagbag.py:588} INFO - Filling up the DagBag from /home/airflow/.local/lib/python3.12/site-packages/airflow/example_dags/example_display_name.py
[2024-11-03T01:22:40.944+0000] {processor.py:925} INFO - DAG(s) 'example_display_name' retrieved from /home/airflow/.local/lib/python3.12/site-packages/airflow/example_dags/example_display_name.py
[2024-11-03T01:22:40.960+0000] {logging_mixin.py:190} INFO - [2024-11-03T01:22:40.960+0000] {dag.py:3239} INFO - Sync 1 DAGs
[2024-11-03T01:22:40.973+0000] {logging_mixin.py:190} INFO - [2024-11-03T01:22:40.973+0000] {dag.py:4180} INFO - Setting next_dagrun for example_display_name to None, run_after=None
[2024-11-03T01:22:40.988+0000] {processor.py:208} INFO - Processing /home/airflow/.local/lib/python3.12/site-packages/airflow/example_dags/example_display_name.py took 0.057 seconds
[2024-11-03T01:23:12.068+0000] {processor.py:186} INFO - Started process (PID=4469) to work on /home/airflow/.local/lib/python3.12/site-packages/airflow/example_dags/example_display_name.py
[2024-11-03T01:23:12.069+0000] {processor.py:914} INFO - Processing file /home/airflow/.local/lib/python3.12/site-packages/airflow/example_dags/example_display_name.py for tasks to queue
[2024-11-03T01:23:12.071+0000] {logging_mixin.py:190} INFO - [2024-11-03T01:23:12.071+0000] {dagbag.py:588} INFO - Filling up the DagBag from /home/airflow/.local/lib/python3.12/site-packages/airflow/example_dags/example_display_name.py
[2024-11-03T01:23:12.078+0000] {processor.py:925} INFO - DAG(s) 'example_display_name' retrieved from /home/airflow/.local/lib/python3.12/site-packages/airflow/example_dags/example_display_name.py
[2024-11-03T01:23:12.094+0000] {logging_mixin.py:190} INFO - [2024-11-03T01:23:12.094+0000] {dag.py:3239} INFO - Sync 1 DAGs
[2024-11-03T01:23:12.106+0000] {logging_mixin.py:190} INFO - [2024-11-03T01:23:12.106+0000] {dag.py:4180} INFO - Setting next_dagrun for example_display_name to None, run_after=None
[2024-11-03T01:23:12.122+0000] {processor.py:208} INFO - Processing /home/airflow/.local/lib/python3.12/site-packages/airflow/example_dags/example_display_name.py took 0.060 seconds
