[2024-11-03T00:00:04.431+0000] {processor.py:186} INFO - Started process (PID=801) to work on /home/airflow/.local/lib/python3.12/site-packages/airflow/example_dags/example_xcomargs.py
[2024-11-03T00:00:04.431+0000] {processor.py:914} INFO - Processing file /home/airflow/.local/lib/python3.12/site-packages/airflow/example_dags/example_xcomargs.py for tasks to queue
[2024-11-03T00:00:04.433+0000] {logging_mixin.py:190} INFO - [2024-11-03T00:00:04.433+0000] {dagbag.py:588} INFO - Filling up the DagBag from /home/airflow/.local/lib/python3.12/site-packages/airflow/example_dags/example_xcomargs.py
[2024-11-03T00:00:04.442+0000] {processor.py:925} INFO - DAG(s) 'example_xcom_args_with_operators', 'example_xcom_args' retrieved from /home/airflow/.local/lib/python3.12/site-packages/airflow/example_dags/example_xcomargs.py
[2024-11-03T00:00:04.461+0000] {logging_mixin.py:190} INFO - [2024-11-03T00:00:04.461+0000] {dag.py:3239} INFO - Sync 2 DAGs
[2024-11-03T00:00:04.474+0000] {logging_mixin.py:190} INFO - [2024-11-03T00:00:04.474+0000] {dag.py:4180} INFO - Setting next_dagrun for example_xcom_args to None, run_after=None
[2024-11-03T00:00:04.478+0000] {logging_mixin.py:190} INFO - [2024-11-03T00:00:04.477+0000] {dag.py:4180} INFO - Setting next_dagrun for example_xcom_args_with_operators to None, run_after=None
[2024-11-03T00:00:04.491+0000] {processor.py:208} INFO - Processing /home/airflow/.local/lib/python3.12/site-packages/airflow/example_dags/example_xcomargs.py took 0.065 seconds
[2024-11-03T00:00:34.969+0000] {processor.py:186} INFO - Started process (PID=864) to work on /home/airflow/.local/lib/python3.12/site-packages/airflow/example_dags/example_xcomargs.py
[2024-11-03T00:00:34.970+0000] {processor.py:914} INFO - Processing file /home/airflow/.local/lib/python3.12/site-packages/airflow/example_dags/example_xcomargs.py for tasks to queue
[2024-11-03T00:00:34.972+0000] {logging_mixin.py:190} INFO - [2024-11-03T00:00:34.972+0000] {dagbag.py:588} INFO - Filling up the DagBag from /home/airflow/.local/lib/python3.12/site-packages/airflow/example_dags/example_xcomargs.py
[2024-11-03T00:00:34.981+0000] {processor.py:925} INFO - DAG(s) 'example_xcom_args', 'example_xcom_args_with_operators' retrieved from /home/airflow/.local/lib/python3.12/site-packages/airflow/example_dags/example_xcomargs.py
[2024-11-03T00:00:35.001+0000] {logging_mixin.py:190} INFO - [2024-11-03T00:00:35.001+0000] {dag.py:3239} INFO - Sync 2 DAGs
[2024-11-03T00:00:35.015+0000] {logging_mixin.py:190} INFO - [2024-11-03T00:00:35.015+0000] {dag.py:4180} INFO - Setting next_dagrun for example_xcom_args to None, run_after=None
[2024-11-03T00:00:35.019+0000] {logging_mixin.py:190} INFO - [2024-11-03T00:00:35.019+0000] {dag.py:4180} INFO - Setting next_dagrun for example_xcom_args_with_operators to None, run_after=None
[2024-11-03T00:00:35.034+0000] {processor.py:208} INFO - Processing /home/airflow/.local/lib/python3.12/site-packages/airflow/example_dags/example_xcomargs.py took 0.070 seconds
[2024-11-03T00:01:06.067+0000] {processor.py:186} INFO - Started process (PID=927) to work on /home/airflow/.local/lib/python3.12/site-packages/airflow/example_dags/example_xcomargs.py
[2024-11-03T00:01:06.068+0000] {processor.py:914} INFO - Processing file /home/airflow/.local/lib/python3.12/site-packages/airflow/example_dags/example_xcomargs.py for tasks to queue
[2024-11-03T00:01:06.070+0000] {logging_mixin.py:190} INFO - [2024-11-03T00:01:06.069+0000] {dagbag.py:588} INFO - Filling up the DagBag from /home/airflow/.local/lib/python3.12/site-packages/airflow/example_dags/example_xcomargs.py
[2024-11-03T00:01:06.078+0000] {processor.py:925} INFO - DAG(s) 'example_xcom_args_with_operators', 'example_xcom_args' retrieved from /home/airflow/.local/lib/python3.12/site-packages/airflow/example_dags/example_xcomargs.py
[2024-11-03T00:01:06.100+0000] {logging_mixin.py:190} INFO - [2024-11-03T00:01:06.100+0000] {dag.py:3239} INFO - Sync 2 DAGs
[2024-11-03T00:01:06.113+0000] {logging_mixin.py:190} INFO - [2024-11-03T00:01:06.113+0000] {dag.py:4180} INFO - Setting next_dagrun for example_xcom_args to None, run_after=None
[2024-11-03T00:01:06.117+0000] {logging_mixin.py:190} INFO - [2024-11-03T00:01:06.117+0000] {dag.py:4180} INFO - Setting next_dagrun for example_xcom_args_with_operators to None, run_after=None
[2024-11-03T00:01:06.130+0000] {processor.py:208} INFO - Processing /home/airflow/.local/lib/python3.12/site-packages/airflow/example_dags/example_xcomargs.py took 0.068 seconds
[2024-11-03T00:01:36.542+0000] {processor.py:186} INFO - Started process (PID=990) to work on /home/airflow/.local/lib/python3.12/site-packages/airflow/example_dags/example_xcomargs.py
[2024-11-03T00:01:36.542+0000] {processor.py:914} INFO - Processing file /home/airflow/.local/lib/python3.12/site-packages/airflow/example_dags/example_xcomargs.py for tasks to queue
[2024-11-03T00:01:36.545+0000] {logging_mixin.py:190} INFO - [2024-11-03T00:01:36.544+0000] {dagbag.py:588} INFO - Filling up the DagBag from /home/airflow/.local/lib/python3.12/site-packages/airflow/example_dags/example_xcomargs.py
[2024-11-03T00:01:36.553+0000] {processor.py:925} INFO - DAG(s) 'example_xcom_args', 'example_xcom_args_with_operators' retrieved from /home/airflow/.local/lib/python3.12/site-packages/airflow/example_dags/example_xcomargs.py
[2024-11-03T00:01:36.574+0000] {logging_mixin.py:190} INFO - [2024-11-03T00:01:36.574+0000] {dag.py:3239} INFO - Sync 2 DAGs
[2024-11-03T00:01:36.587+0000] {logging_mixin.py:190} INFO - [2024-11-03T00:01:36.587+0000] {dag.py:4180} INFO - Setting next_dagrun for example_xcom_args to None, run_after=None
[2024-11-03T00:01:36.590+0000] {logging_mixin.py:190} INFO - [2024-11-03T00:01:36.590+0000] {dag.py:4180} INFO - Setting next_dagrun for example_xcom_args_with_operators to None, run_after=None
[2024-11-03T00:01:36.604+0000] {processor.py:208} INFO - Processing /home/airflow/.local/lib/python3.12/site-packages/airflow/example_dags/example_xcomargs.py took 0.068 seconds
[2024-11-03T00:48:07.612+0000] {processor.py:186} INFO - Started process (PID=106) to work on /home/airflow/.local/lib/python3.12/site-packages/airflow/example_dags/example_xcomargs.py
[2024-11-03T00:48:07.613+0000] {processor.py:914} INFO - Processing file /home/airflow/.local/lib/python3.12/site-packages/airflow/example_dags/example_xcomargs.py for tasks to queue
[2024-11-03T00:48:07.615+0000] {logging_mixin.py:190} INFO - [2024-11-03T00:48:07.615+0000] {dagbag.py:588} INFO - Filling up the DagBag from /home/airflow/.local/lib/python3.12/site-packages/airflow/example_dags/example_xcomargs.py
[2024-11-03T00:48:07.624+0000] {processor.py:925} INFO - DAG(s) 'example_xcom_args', 'example_xcom_args_with_operators' retrieved from /home/airflow/.local/lib/python3.12/site-packages/airflow/example_dags/example_xcomargs.py
[2024-11-03T00:48:07.718+0000] {logging_mixin.py:190} INFO - [2024-11-03T00:48:07.718+0000] {override.py:1900} INFO - Created Permission View: can delete on DAG:example_xcom_args
[2024-11-03T00:48:07.727+0000] {logging_mixin.py:190} INFO - [2024-11-03T00:48:07.727+0000] {override.py:1900} INFO - Created Permission View: can edit on DAG:example_xcom_args
[2024-11-03T00:48:07.733+0000] {logging_mixin.py:190} INFO - [2024-11-03T00:48:07.733+0000] {override.py:1900} INFO - Created Permission View: can read on DAG:example_xcom_args
[2024-11-03T00:48:07.740+0000] {logging_mixin.py:190} INFO - [2024-11-03T00:48:07.740+0000] {override.py:1900} INFO - Created Permission View: can create on DAG Run:example_xcom_args
[2024-11-03T00:48:07.746+0000] {logging_mixin.py:190} INFO - [2024-11-03T00:48:07.745+0000] {override.py:1900} INFO - Created Permission View: can delete on DAG Run:example_xcom_args
[2024-11-03T00:48:07.752+0000] {logging_mixin.py:190} INFO - [2024-11-03T00:48:07.751+0000] {override.py:1900} INFO - Created Permission View: menu access on DAG Run:example_xcom_args
[2024-11-03T00:48:07.758+0000] {logging_mixin.py:190} INFO - [2024-11-03T00:48:07.758+0000] {override.py:1900} INFO - Created Permission View: can read on DAG Run:example_xcom_args
[2024-11-03T00:48:07.771+0000] {logging_mixin.py:190} INFO - [2024-11-03T00:48:07.770+0000] {override.py:1900} INFO - Created Permission View: can delete on DAG:example_xcom_args_with_operators
[2024-11-03T00:48:07.778+0000] {logging_mixin.py:190} INFO - [2024-11-03T00:48:07.778+0000] {override.py:1900} INFO - Created Permission View: can edit on DAG:example_xcom_args_with_operators
[2024-11-03T00:48:07.784+0000] {logging_mixin.py:190} INFO - [2024-11-03T00:48:07.783+0000] {override.py:1900} INFO - Created Permission View: can read on DAG:example_xcom_args_with_operators
[2024-11-03T00:48:07.791+0000] {logging_mixin.py:190} INFO - [2024-11-03T00:48:07.791+0000] {override.py:1900} INFO - Created Permission View: can create on DAG Run:example_xcom_args_with_operators
[2024-11-03T00:48:07.797+0000] {logging_mixin.py:190} INFO - [2024-11-03T00:48:07.797+0000] {override.py:1900} INFO - Created Permission View: can delete on DAG Run:example_xcom_args_with_operators
[2024-11-03T00:48:07.803+0000] {logging_mixin.py:190} INFO - [2024-11-03T00:48:07.803+0000] {override.py:1900} INFO - Created Permission View: menu access on DAG Run:example_xcom_args_with_operators
[2024-11-03T00:48:07.810+0000] {logging_mixin.py:190} INFO - [2024-11-03T00:48:07.810+0000] {override.py:1900} INFO - Created Permission View: can read on DAG Run:example_xcom_args_with_operators
[2024-11-03T00:48:07.810+0000] {logging_mixin.py:190} INFO - [2024-11-03T00:48:07.810+0000] {dag.py:3239} INFO - Sync 2 DAGs
[2024-11-03T00:48:07.821+0000] {logging_mixin.py:190} INFO - [2024-11-03T00:48:07.821+0000] {dag.py:3262} INFO - Creating ORM DAG for example_xcom_args_with_operators
[2024-11-03T00:48:07.822+0000] {logging_mixin.py:190} INFO - [2024-11-03T00:48:07.822+0000] {dag.py:3262} INFO - Creating ORM DAG for example_xcom_args
[2024-11-03T00:48:07.822+0000] {logging_mixin.py:190} INFO - [2024-11-03T00:48:07.822+0000] {dag.py:4180} INFO - Setting next_dagrun for example_xcom_args to None, run_after=None
[2024-11-03T00:48:07.823+0000] {logging_mixin.py:190} INFO - [2024-11-03T00:48:07.823+0000] {dag.py:4180} INFO - Setting next_dagrun for example_xcom_args_with_operators to None, run_after=None
[2024-11-03T00:48:07.839+0000] {processor.py:208} INFO - Processing /home/airflow/.local/lib/python3.12/site-packages/airflow/example_dags/example_xcomargs.py took 0.232 seconds
[2024-11-03T00:48:38.421+0000] {processor.py:186} INFO - Started process (PID=169) to work on /home/airflow/.local/lib/python3.12/site-packages/airflow/example_dags/example_xcomargs.py
[2024-11-03T00:48:38.422+0000] {processor.py:914} INFO - Processing file /home/airflow/.local/lib/python3.12/site-packages/airflow/example_dags/example_xcomargs.py for tasks to queue
[2024-11-03T00:48:38.425+0000] {logging_mixin.py:190} INFO - [2024-11-03T00:48:38.425+0000] {dagbag.py:588} INFO - Filling up the DagBag from /home/airflow/.local/lib/python3.12/site-packages/airflow/example_dags/example_xcomargs.py
[2024-11-03T00:48:38.434+0000] {processor.py:925} INFO - DAG(s) 'example_xcom_args', 'example_xcom_args_with_operators' retrieved from /home/airflow/.local/lib/python3.12/site-packages/airflow/example_dags/example_xcomargs.py
[2024-11-03T00:48:38.456+0000] {logging_mixin.py:190} INFO - [2024-11-03T00:48:38.456+0000] {dag.py:3239} INFO - Sync 2 DAGs
[2024-11-03T00:48:38.469+0000] {logging_mixin.py:190} INFO - [2024-11-03T00:48:38.469+0000] {dag.py:4180} INFO - Setting next_dagrun for example_xcom_args to None, run_after=None
[2024-11-03T00:48:38.473+0000] {logging_mixin.py:190} INFO - [2024-11-03T00:48:38.472+0000] {dag.py:4180} INFO - Setting next_dagrun for example_xcom_args_with_operators to None, run_after=None
[2024-11-03T00:48:38.486+0000] {processor.py:208} INFO - Processing /home/airflow/.local/lib/python3.12/site-packages/airflow/example_dags/example_xcomargs.py took 0.070 seconds
[2024-11-03T00:49:08.795+0000] {processor.py:186} INFO - Started process (PID=232) to work on /home/airflow/.local/lib/python3.12/site-packages/airflow/example_dags/example_xcomargs.py
[2024-11-03T00:49:08.796+0000] {processor.py:914} INFO - Processing file /home/airflow/.local/lib/python3.12/site-packages/airflow/example_dags/example_xcomargs.py for tasks to queue
[2024-11-03T00:49:08.798+0000] {logging_mixin.py:190} INFO - [2024-11-03T00:49:08.798+0000] {dagbag.py:588} INFO - Filling up the DagBag from /home/airflow/.local/lib/python3.12/site-packages/airflow/example_dags/example_xcomargs.py
[2024-11-03T00:49:08.807+0000] {processor.py:925} INFO - DAG(s) 'example_xcom_args_with_operators', 'example_xcom_args' retrieved from /home/airflow/.local/lib/python3.12/site-packages/airflow/example_dags/example_xcomargs.py
[2024-11-03T00:49:08.826+0000] {logging_mixin.py:190} INFO - [2024-11-03T00:49:08.826+0000] {dag.py:3239} INFO - Sync 2 DAGs
[2024-11-03T00:49:08.840+0000] {logging_mixin.py:190} INFO - [2024-11-03T00:49:08.839+0000] {dag.py:4180} INFO - Setting next_dagrun for example_xcom_args to None, run_after=None
[2024-11-03T00:49:08.843+0000] {logging_mixin.py:190} INFO - [2024-11-03T00:49:08.843+0000] {dag.py:4180} INFO - Setting next_dagrun for example_xcom_args_with_operators to None, run_after=None
[2024-11-03T00:49:08.857+0000] {processor.py:208} INFO - Processing /home/airflow/.local/lib/python3.12/site-packages/airflow/example_dags/example_xcomargs.py took 0.067 seconds
[2024-11-03T00:49:39.150+0000] {processor.py:186} INFO - Started process (PID=295) to work on /home/airflow/.local/lib/python3.12/site-packages/airflow/example_dags/example_xcomargs.py
[2024-11-03T00:49:39.151+0000] {processor.py:914} INFO - Processing file /home/airflow/.local/lib/python3.12/site-packages/airflow/example_dags/example_xcomargs.py for tasks to queue
[2024-11-03T00:49:39.153+0000] {logging_mixin.py:190} INFO - [2024-11-03T00:49:39.153+0000] {dagbag.py:588} INFO - Filling up the DagBag from /home/airflow/.local/lib/python3.12/site-packages/airflow/example_dags/example_xcomargs.py
[2024-11-03T00:49:39.162+0000] {processor.py:925} INFO - DAG(s) 'example_xcom_args', 'example_xcom_args_with_operators' retrieved from /home/airflow/.local/lib/python3.12/site-packages/airflow/example_dags/example_xcomargs.py
[2024-11-03T00:49:39.182+0000] {logging_mixin.py:190} INFO - [2024-11-03T00:49:39.182+0000] {dag.py:3239} INFO - Sync 2 DAGs
[2024-11-03T00:49:39.195+0000] {logging_mixin.py:190} INFO - [2024-11-03T00:49:39.194+0000] {dag.py:4180} INFO - Setting next_dagrun for example_xcom_args to None, run_after=None
[2024-11-03T00:49:39.198+0000] {logging_mixin.py:190} INFO - [2024-11-03T00:49:39.198+0000] {dag.py:4180} INFO - Setting next_dagrun for example_xcom_args_with_operators to None, run_after=None
[2024-11-03T00:49:39.212+0000] {processor.py:208} INFO - Processing /home/airflow/.local/lib/python3.12/site-packages/airflow/example_dags/example_xcomargs.py took 0.066 seconds
[2024-11-03T00:50:09.740+0000] {processor.py:186} INFO - Started process (PID=358) to work on /home/airflow/.local/lib/python3.12/site-packages/airflow/example_dags/example_xcomargs.py
[2024-11-03T00:50:09.741+0000] {processor.py:914} INFO - Processing file /home/airflow/.local/lib/python3.12/site-packages/airflow/example_dags/example_xcomargs.py for tasks to queue
[2024-11-03T00:50:09.744+0000] {logging_mixin.py:190} INFO - [2024-11-03T00:50:09.743+0000] {dagbag.py:588} INFO - Filling up the DagBag from /home/airflow/.local/lib/python3.12/site-packages/airflow/example_dags/example_xcomargs.py
[2024-11-03T00:50:09.753+0000] {processor.py:925} INFO - DAG(s) 'example_xcom_args_with_operators', 'example_xcom_args' retrieved from /home/airflow/.local/lib/python3.12/site-packages/airflow/example_dags/example_xcomargs.py
[2024-11-03T00:50:09.775+0000] {logging_mixin.py:190} INFO - [2024-11-03T00:50:09.775+0000] {dag.py:3239} INFO - Sync 2 DAGs
[2024-11-03T00:50:09.788+0000] {logging_mixin.py:190} INFO - [2024-11-03T00:50:09.788+0000] {dag.py:4180} INFO - Setting next_dagrun for example_xcom_args to None, run_after=None
[2024-11-03T00:50:09.792+0000] {logging_mixin.py:190} INFO - [2024-11-03T00:50:09.792+0000] {dag.py:4180} INFO - Setting next_dagrun for example_xcom_args_with_operators to None, run_after=None
[2024-11-03T00:50:09.806+0000] {processor.py:208} INFO - Processing /home/airflow/.local/lib/python3.12/site-packages/airflow/example_dags/example_xcomargs.py took 0.072 seconds
[2024-11-03T00:50:40.257+0000] {processor.py:186} INFO - Started process (PID=421) to work on /home/airflow/.local/lib/python3.12/site-packages/airflow/example_dags/example_xcomargs.py
[2024-11-03T00:50:40.258+0000] {processor.py:914} INFO - Processing file /home/airflow/.local/lib/python3.12/site-packages/airflow/example_dags/example_xcomargs.py for tasks to queue
[2024-11-03T00:50:40.261+0000] {logging_mixin.py:190} INFO - [2024-11-03T00:50:40.260+0000] {dagbag.py:588} INFO - Filling up the DagBag from /home/airflow/.local/lib/python3.12/site-packages/airflow/example_dags/example_xcomargs.py
[2024-11-03T00:50:40.269+0000] {processor.py:925} INFO - DAG(s) 'example_xcom_args', 'example_xcom_args_with_operators' retrieved from /home/airflow/.local/lib/python3.12/site-packages/airflow/example_dags/example_xcomargs.py
[2024-11-03T00:50:40.289+0000] {logging_mixin.py:190} INFO - [2024-11-03T00:50:40.289+0000] {dag.py:3239} INFO - Sync 2 DAGs
[2024-11-03T00:50:40.302+0000] {logging_mixin.py:190} INFO - [2024-11-03T00:50:40.302+0000] {dag.py:4180} INFO - Setting next_dagrun for example_xcom_args to None, run_after=None
[2024-11-03T00:50:40.305+0000] {logging_mixin.py:190} INFO - [2024-11-03T00:50:40.305+0000] {dag.py:4180} INFO - Setting next_dagrun for example_xcom_args_with_operators to None, run_after=None
[2024-11-03T00:50:40.318+0000] {processor.py:208} INFO - Processing /home/airflow/.local/lib/python3.12/site-packages/airflow/example_dags/example_xcomargs.py took 0.066 seconds
[2024-11-03T00:51:10.622+0000] {processor.py:186} INFO - Started process (PID=484) to work on /home/airflow/.local/lib/python3.12/site-packages/airflow/example_dags/example_xcomargs.py
[2024-11-03T00:51:10.623+0000] {processor.py:914} INFO - Processing file /home/airflow/.local/lib/python3.12/site-packages/airflow/example_dags/example_xcomargs.py for tasks to queue
[2024-11-03T00:51:10.625+0000] {logging_mixin.py:190} INFO - [2024-11-03T00:51:10.625+0000] {dagbag.py:588} INFO - Filling up the DagBag from /home/airflow/.local/lib/python3.12/site-packages/airflow/example_dags/example_xcomargs.py
[2024-11-03T00:51:10.636+0000] {processor.py:925} INFO - DAG(s) 'example_xcom_args_with_operators', 'example_xcom_args' retrieved from /home/airflow/.local/lib/python3.12/site-packages/airflow/example_dags/example_xcomargs.py
[2024-11-03T00:51:10.662+0000] {logging_mixin.py:190} INFO - [2024-11-03T00:51:10.662+0000] {dag.py:3239} INFO - Sync 2 DAGs
[2024-11-03T00:51:10.676+0000] {logging_mixin.py:190} INFO - [2024-11-03T00:51:10.675+0000] {dag.py:4180} INFO - Setting next_dagrun for example_xcom_args to None, run_after=None
[2024-11-03T00:51:10.681+0000] {logging_mixin.py:190} INFO - [2024-11-03T00:51:10.681+0000] {dag.py:4180} INFO - Setting next_dagrun for example_xcom_args_with_operators to None, run_after=None
[2024-11-03T00:51:10.697+0000] {processor.py:208} INFO - Processing /home/airflow/.local/lib/python3.12/site-packages/airflow/example_dags/example_xcomargs.py took 0.081 seconds
[2024-11-03T00:51:41.201+0000] {processor.py:186} INFO - Started process (PID=547) to work on /home/airflow/.local/lib/python3.12/site-packages/airflow/example_dags/example_xcomargs.py
[2024-11-03T00:51:41.202+0000] {processor.py:914} INFO - Processing file /home/airflow/.local/lib/python3.12/site-packages/airflow/example_dags/example_xcomargs.py for tasks to queue
[2024-11-03T00:51:41.204+0000] {logging_mixin.py:190} INFO - [2024-11-03T00:51:41.204+0000] {dagbag.py:588} INFO - Filling up the DagBag from /home/airflow/.local/lib/python3.12/site-packages/airflow/example_dags/example_xcomargs.py
[2024-11-03T00:51:41.213+0000] {processor.py:925} INFO - DAG(s) 'example_xcom_args_with_operators', 'example_xcom_args' retrieved from /home/airflow/.local/lib/python3.12/site-packages/airflow/example_dags/example_xcomargs.py
[2024-11-03T00:51:41.234+0000] {logging_mixin.py:190} INFO - [2024-11-03T00:51:41.234+0000] {dag.py:3239} INFO - Sync 2 DAGs
[2024-11-03T00:51:41.248+0000] {logging_mixin.py:190} INFO - [2024-11-03T00:51:41.248+0000] {dag.py:4180} INFO - Setting next_dagrun for example_xcom_args to None, run_after=None
[2024-11-03T00:51:41.251+0000] {logging_mixin.py:190} INFO - [2024-11-03T00:51:41.251+0000] {dag.py:4180} INFO - Setting next_dagrun for example_xcom_args_with_operators to None, run_after=None
[2024-11-03T00:51:41.266+0000] {processor.py:208} INFO - Processing /home/airflow/.local/lib/python3.12/site-packages/airflow/example_dags/example_xcomargs.py took 0.070 seconds
[2024-11-03T00:52:11.562+0000] {processor.py:186} INFO - Started process (PID=610) to work on /home/airflow/.local/lib/python3.12/site-packages/airflow/example_dags/example_xcomargs.py
[2024-11-03T00:52:11.563+0000] {processor.py:914} INFO - Processing file /home/airflow/.local/lib/python3.12/site-packages/airflow/example_dags/example_xcomargs.py for tasks to queue
[2024-11-03T00:52:11.566+0000] {logging_mixin.py:190} INFO - [2024-11-03T00:52:11.565+0000] {dagbag.py:588} INFO - Filling up the DagBag from /home/airflow/.local/lib/python3.12/site-packages/airflow/example_dags/example_xcomargs.py
[2024-11-03T00:52:11.574+0000] {processor.py:925} INFO - DAG(s) 'example_xcom_args_with_operators', 'example_xcom_args' retrieved from /home/airflow/.local/lib/python3.12/site-packages/airflow/example_dags/example_xcomargs.py
[2024-11-03T00:52:11.595+0000] {logging_mixin.py:190} INFO - [2024-11-03T00:52:11.594+0000] {dag.py:3239} INFO - Sync 2 DAGs
[2024-11-03T00:52:11.608+0000] {logging_mixin.py:190} INFO - [2024-11-03T00:52:11.608+0000] {dag.py:4180} INFO - Setting next_dagrun for example_xcom_args to None, run_after=None
[2024-11-03T00:52:11.612+0000] {logging_mixin.py:190} INFO - [2024-11-03T00:52:11.612+0000] {dag.py:4180} INFO - Setting next_dagrun for example_xcom_args_with_operators to None, run_after=None
[2024-11-03T00:52:11.626+0000] {processor.py:208} INFO - Processing /home/airflow/.local/lib/python3.12/site-packages/airflow/example_dags/example_xcomargs.py took 0.069 seconds
[2024-11-03T00:52:41.866+0000] {processor.py:186} INFO - Started process (PID=673) to work on /home/airflow/.local/lib/python3.12/site-packages/airflow/example_dags/example_xcomargs.py
[2024-11-03T00:52:41.867+0000] {processor.py:914} INFO - Processing file /home/airflow/.local/lib/python3.12/site-packages/airflow/example_dags/example_xcomargs.py for tasks to queue
[2024-11-03T00:52:41.869+0000] {logging_mixin.py:190} INFO - [2024-11-03T00:52:41.868+0000] {dagbag.py:588} INFO - Filling up the DagBag from /home/airflow/.local/lib/python3.12/site-packages/airflow/example_dags/example_xcomargs.py
[2024-11-03T00:52:41.877+0000] {processor.py:925} INFO - DAG(s) 'example_xcom_args', 'example_xcom_args_with_operators' retrieved from /home/airflow/.local/lib/python3.12/site-packages/airflow/example_dags/example_xcomargs.py
[2024-11-03T00:52:41.898+0000] {logging_mixin.py:190} INFO - [2024-11-03T00:52:41.897+0000] {dag.py:3239} INFO - Sync 2 DAGs
[2024-11-03T00:52:41.911+0000] {logging_mixin.py:190} INFO - [2024-11-03T00:52:41.911+0000] {dag.py:4180} INFO - Setting next_dagrun for example_xcom_args to None, run_after=None
[2024-11-03T00:52:41.915+0000] {logging_mixin.py:190} INFO - [2024-11-03T00:52:41.914+0000] {dag.py:4180} INFO - Setting next_dagrun for example_xcom_args_with_operators to None, run_after=None
[2024-11-03T00:52:41.928+0000] {processor.py:208} INFO - Processing /home/airflow/.local/lib/python3.12/site-packages/airflow/example_dags/example_xcomargs.py took 0.067 seconds
[2024-11-03T00:53:12.158+0000] {processor.py:186} INFO - Started process (PID=736) to work on /home/airflow/.local/lib/python3.12/site-packages/airflow/example_dags/example_xcomargs.py
[2024-11-03T00:53:12.160+0000] {processor.py:914} INFO - Processing file /home/airflow/.local/lib/python3.12/site-packages/airflow/example_dags/example_xcomargs.py for tasks to queue
[2024-11-03T00:53:12.162+0000] {logging_mixin.py:190} INFO - [2024-11-03T00:53:12.162+0000] {dagbag.py:588} INFO - Filling up the DagBag from /home/airflow/.local/lib/python3.12/site-packages/airflow/example_dags/example_xcomargs.py
[2024-11-03T00:53:12.171+0000] {processor.py:925} INFO - DAG(s) 'example_xcom_args_with_operators', 'example_xcom_args' retrieved from /home/airflow/.local/lib/python3.12/site-packages/airflow/example_dags/example_xcomargs.py
[2024-11-03T00:53:12.192+0000] {logging_mixin.py:190} INFO - [2024-11-03T00:53:12.192+0000] {dag.py:3239} INFO - Sync 2 DAGs
[2024-11-03T00:53:12.206+0000] {logging_mixin.py:190} INFO - [2024-11-03T00:53:12.206+0000] {dag.py:4180} INFO - Setting next_dagrun for example_xcom_args to None, run_after=None
[2024-11-03T00:53:12.210+0000] {logging_mixin.py:190} INFO - [2024-11-03T00:53:12.209+0000] {dag.py:4180} INFO - Setting next_dagrun for example_xcom_args_with_operators to None, run_after=None
[2024-11-03T00:53:12.224+0000] {processor.py:208} INFO - Processing /home/airflow/.local/lib/python3.12/site-packages/airflow/example_dags/example_xcomargs.py took 0.070 seconds
[2024-11-03T00:53:42.652+0000] {processor.py:186} INFO - Started process (PID=799) to work on /home/airflow/.local/lib/python3.12/site-packages/airflow/example_dags/example_xcomargs.py
[2024-11-03T00:53:42.652+0000] {processor.py:914} INFO - Processing file /home/airflow/.local/lib/python3.12/site-packages/airflow/example_dags/example_xcomargs.py for tasks to queue
[2024-11-03T00:53:42.655+0000] {logging_mixin.py:190} INFO - [2024-11-03T00:53:42.654+0000] {dagbag.py:588} INFO - Filling up the DagBag from /home/airflow/.local/lib/python3.12/site-packages/airflow/example_dags/example_xcomargs.py
[2024-11-03T00:53:42.664+0000] {processor.py:925} INFO - DAG(s) 'example_xcom_args', 'example_xcom_args_with_operators' retrieved from /home/airflow/.local/lib/python3.12/site-packages/airflow/example_dags/example_xcomargs.py
[2024-11-03T00:53:42.685+0000] {logging_mixin.py:190} INFO - [2024-11-03T00:53:42.685+0000] {dag.py:3239} INFO - Sync 2 DAGs
[2024-11-03T00:53:42.699+0000] {logging_mixin.py:190} INFO - [2024-11-03T00:53:42.699+0000] {dag.py:4180} INFO - Setting next_dagrun for example_xcom_args to None, run_after=None
[2024-11-03T00:53:42.703+0000] {logging_mixin.py:190} INFO - [2024-11-03T00:53:42.703+0000] {dag.py:4180} INFO - Setting next_dagrun for example_xcom_args_with_operators to None, run_after=None
[2024-11-03T00:53:42.721+0000] {processor.py:208} INFO - Processing /home/airflow/.local/lib/python3.12/site-packages/airflow/example_dags/example_xcomargs.py took 0.074 seconds
[2024-11-03T00:54:13.764+0000] {processor.py:186} INFO - Started process (PID=862) to work on /home/airflow/.local/lib/python3.12/site-packages/airflow/example_dags/example_xcomargs.py
[2024-11-03T00:54:13.765+0000] {processor.py:914} INFO - Processing file /home/airflow/.local/lib/python3.12/site-packages/airflow/example_dags/example_xcomargs.py for tasks to queue
[2024-11-03T00:54:13.767+0000] {logging_mixin.py:190} INFO - [2024-11-03T00:54:13.767+0000] {dagbag.py:588} INFO - Filling up the DagBag from /home/airflow/.local/lib/python3.12/site-packages/airflow/example_dags/example_xcomargs.py
[2024-11-03T00:54:13.775+0000] {processor.py:925} INFO - DAG(s) 'example_xcom_args_with_operators', 'example_xcom_args' retrieved from /home/airflow/.local/lib/python3.12/site-packages/airflow/example_dags/example_xcomargs.py
[2024-11-03T00:54:13.796+0000] {logging_mixin.py:190} INFO - [2024-11-03T00:54:13.796+0000] {dag.py:3239} INFO - Sync 2 DAGs
[2024-11-03T00:54:13.809+0000] {logging_mixin.py:190} INFO - [2024-11-03T00:54:13.809+0000] {dag.py:4180} INFO - Setting next_dagrun for example_xcom_args to None, run_after=None
[2024-11-03T00:54:13.813+0000] {logging_mixin.py:190} INFO - [2024-11-03T00:54:13.813+0000] {dag.py:4180} INFO - Setting next_dagrun for example_xcom_args_with_operators to None, run_after=None
[2024-11-03T00:54:13.827+0000] {processor.py:208} INFO - Processing /home/airflow/.local/lib/python3.12/site-packages/airflow/example_dags/example_xcomargs.py took 0.068 seconds
[2024-11-03T00:54:44.182+0000] {processor.py:186} INFO - Started process (PID=925) to work on /home/airflow/.local/lib/python3.12/site-packages/airflow/example_dags/example_xcomargs.py
[2024-11-03T00:54:44.183+0000] {processor.py:914} INFO - Processing file /home/airflow/.local/lib/python3.12/site-packages/airflow/example_dags/example_xcomargs.py for tasks to queue
[2024-11-03T00:54:44.185+0000] {logging_mixin.py:190} INFO - [2024-11-03T00:54:44.185+0000] {dagbag.py:588} INFO - Filling up the DagBag from /home/airflow/.local/lib/python3.12/site-packages/airflow/example_dags/example_xcomargs.py
[2024-11-03T00:54:44.194+0000] {processor.py:925} INFO - DAG(s) 'example_xcom_args', 'example_xcom_args_with_operators' retrieved from /home/airflow/.local/lib/python3.12/site-packages/airflow/example_dags/example_xcomargs.py
[2024-11-03T00:54:44.214+0000] {logging_mixin.py:190} INFO - [2024-11-03T00:54:44.214+0000] {dag.py:3239} INFO - Sync 2 DAGs
[2024-11-03T00:54:44.227+0000] {logging_mixin.py:190} INFO - [2024-11-03T00:54:44.227+0000] {dag.py:4180} INFO - Setting next_dagrun for example_xcom_args to None, run_after=None
[2024-11-03T00:54:44.231+0000] {logging_mixin.py:190} INFO - [2024-11-03T00:54:44.231+0000] {dag.py:4180} INFO - Setting next_dagrun for example_xcom_args_with_operators to None, run_after=None
[2024-11-03T00:54:44.245+0000] {processor.py:208} INFO - Processing /home/airflow/.local/lib/python3.12/site-packages/airflow/example_dags/example_xcomargs.py took 0.068 seconds
[2024-11-03T00:55:14.415+0000] {processor.py:186} INFO - Started process (PID=988) to work on /home/airflow/.local/lib/python3.12/site-packages/airflow/example_dags/example_xcomargs.py
[2024-11-03T00:55:14.416+0000] {processor.py:914} INFO - Processing file /home/airflow/.local/lib/python3.12/site-packages/airflow/example_dags/example_xcomargs.py for tasks to queue
[2024-11-03T00:55:14.418+0000] {logging_mixin.py:190} INFO - [2024-11-03T00:55:14.418+0000] {dagbag.py:588} INFO - Filling up the DagBag from /home/airflow/.local/lib/python3.12/site-packages/airflow/example_dags/example_xcomargs.py
[2024-11-03T00:55:14.426+0000] {processor.py:925} INFO - DAG(s) 'example_xcom_args_with_operators', 'example_xcom_args' retrieved from /home/airflow/.local/lib/python3.12/site-packages/airflow/example_dags/example_xcomargs.py
[2024-11-03T00:55:14.448+0000] {logging_mixin.py:190} INFO - [2024-11-03T00:55:14.448+0000] {dag.py:3239} INFO - Sync 2 DAGs
[2024-11-03T00:55:14.462+0000] {logging_mixin.py:190} INFO - [2024-11-03T00:55:14.462+0000] {dag.py:4180} INFO - Setting next_dagrun for example_xcom_args to None, run_after=None
[2024-11-03T00:55:14.465+0000] {logging_mixin.py:190} INFO - [2024-11-03T00:55:14.465+0000] {dag.py:4180} INFO - Setting next_dagrun for example_xcom_args_with_operators to None, run_after=None
[2024-11-03T00:55:14.479+0000] {processor.py:208} INFO - Processing /home/airflow/.local/lib/python3.12/site-packages/airflow/example_dags/example_xcomargs.py took 0.069 seconds
[2024-11-03T00:55:44.893+0000] {processor.py:186} INFO - Started process (PID=1051) to work on /home/airflow/.local/lib/python3.12/site-packages/airflow/example_dags/example_xcomargs.py
[2024-11-03T00:55:44.894+0000] {processor.py:914} INFO - Processing file /home/airflow/.local/lib/python3.12/site-packages/airflow/example_dags/example_xcomargs.py for tasks to queue
[2024-11-03T00:55:44.899+0000] {logging_mixin.py:190} INFO - [2024-11-03T00:55:44.898+0000] {dagbag.py:588} INFO - Filling up the DagBag from /home/airflow/.local/lib/python3.12/site-packages/airflow/example_dags/example_xcomargs.py
[2024-11-03T00:55:44.912+0000] {processor.py:925} INFO - DAG(s) 'example_xcom_args', 'example_xcom_args_with_operators' retrieved from /home/airflow/.local/lib/python3.12/site-packages/airflow/example_dags/example_xcomargs.py
[2024-11-03T00:55:44.938+0000] {logging_mixin.py:190} INFO - [2024-11-03T00:55:44.937+0000] {dag.py:3239} INFO - Sync 2 DAGs
[2024-11-03T00:55:44.952+0000] {logging_mixin.py:190} INFO - [2024-11-03T00:55:44.951+0000] {dag.py:4180} INFO - Setting next_dagrun for example_xcom_args to None, run_after=None
[2024-11-03T00:55:44.956+0000] {logging_mixin.py:190} INFO - [2024-11-03T00:55:44.955+0000] {dag.py:4180} INFO - Setting next_dagrun for example_xcom_args_with_operators to None, run_after=None
[2024-11-03T00:55:44.974+0000] {processor.py:208} INFO - Processing /home/airflow/.local/lib/python3.12/site-packages/airflow/example_dags/example_xcomargs.py took 0.088 seconds
[2024-11-03T00:56:15.421+0000] {processor.py:186} INFO - Started process (PID=1114) to work on /home/airflow/.local/lib/python3.12/site-packages/airflow/example_dags/example_xcomargs.py
[2024-11-03T00:56:15.422+0000] {processor.py:914} INFO - Processing file /home/airflow/.local/lib/python3.12/site-packages/airflow/example_dags/example_xcomargs.py for tasks to queue
[2024-11-03T00:56:15.424+0000] {logging_mixin.py:190} INFO - [2024-11-03T00:56:15.424+0000] {dagbag.py:588} INFO - Filling up the DagBag from /home/airflow/.local/lib/python3.12/site-packages/airflow/example_dags/example_xcomargs.py
[2024-11-03T00:56:15.432+0000] {processor.py:925} INFO - DAG(s) 'example_xcom_args_with_operators', 'example_xcom_args' retrieved from /home/airflow/.local/lib/python3.12/site-packages/airflow/example_dags/example_xcomargs.py
[2024-11-03T00:56:15.452+0000] {logging_mixin.py:190} INFO - [2024-11-03T00:56:15.452+0000] {dag.py:3239} INFO - Sync 2 DAGs
[2024-11-03T00:56:15.465+0000] {logging_mixin.py:190} INFO - [2024-11-03T00:56:15.464+0000] {dag.py:4180} INFO - Setting next_dagrun for example_xcom_args to None, run_after=None
[2024-11-03T00:56:15.468+0000] {logging_mixin.py:190} INFO - [2024-11-03T00:56:15.468+0000] {dag.py:4180} INFO - Setting next_dagrun for example_xcom_args_with_operators to None, run_after=None
[2024-11-03T00:56:15.481+0000] {processor.py:208} INFO - Processing /home/airflow/.local/lib/python3.12/site-packages/airflow/example_dags/example_xcomargs.py took 0.065 seconds
[2024-11-03T00:56:45.795+0000] {processor.py:186} INFO - Started process (PID=1177) to work on /home/airflow/.local/lib/python3.12/site-packages/airflow/example_dags/example_xcomargs.py
[2024-11-03T00:56:45.796+0000] {processor.py:914} INFO - Processing file /home/airflow/.local/lib/python3.12/site-packages/airflow/example_dags/example_xcomargs.py for tasks to queue
[2024-11-03T00:56:45.798+0000] {logging_mixin.py:190} INFO - [2024-11-03T00:56:45.798+0000] {dagbag.py:588} INFO - Filling up the DagBag from /home/airflow/.local/lib/python3.12/site-packages/airflow/example_dags/example_xcomargs.py
[2024-11-03T00:56:45.806+0000] {processor.py:925} INFO - DAG(s) 'example_xcom_args_with_operators', 'example_xcom_args' retrieved from /home/airflow/.local/lib/python3.12/site-packages/airflow/example_dags/example_xcomargs.py
[2024-11-03T00:56:45.826+0000] {logging_mixin.py:190} INFO - [2024-11-03T00:56:45.825+0000] {dag.py:3239} INFO - Sync 2 DAGs
[2024-11-03T00:56:45.839+0000] {logging_mixin.py:190} INFO - [2024-11-03T00:56:45.839+0000] {dag.py:4180} INFO - Setting next_dagrun for example_xcom_args to None, run_after=None
[2024-11-03T00:56:45.842+0000] {logging_mixin.py:190} INFO - [2024-11-03T00:56:45.842+0000] {dag.py:4180} INFO - Setting next_dagrun for example_xcom_args_with_operators to None, run_after=None
[2024-11-03T00:56:45.856+0000] {processor.py:208} INFO - Processing /home/airflow/.local/lib/python3.12/site-packages/airflow/example_dags/example_xcomargs.py took 0.067 seconds
[2024-11-03T00:57:16.185+0000] {processor.py:186} INFO - Started process (PID=1240) to work on /home/airflow/.local/lib/python3.12/site-packages/airflow/example_dags/example_xcomargs.py
[2024-11-03T00:57:16.186+0000] {processor.py:914} INFO - Processing file /home/airflow/.local/lib/python3.12/site-packages/airflow/example_dags/example_xcomargs.py for tasks to queue
[2024-11-03T00:57:16.188+0000] {logging_mixin.py:190} INFO - [2024-11-03T00:57:16.188+0000] {dagbag.py:588} INFO - Filling up the DagBag from /home/airflow/.local/lib/python3.12/site-packages/airflow/example_dags/example_xcomargs.py
[2024-11-03T00:57:16.197+0000] {processor.py:925} INFO - DAG(s) 'example_xcom_args', 'example_xcom_args_with_operators' retrieved from /home/airflow/.local/lib/python3.12/site-packages/airflow/example_dags/example_xcomargs.py
[2024-11-03T00:57:16.216+0000] {logging_mixin.py:190} INFO - [2024-11-03T00:57:16.216+0000] {dag.py:3239} INFO - Sync 2 DAGs
[2024-11-03T00:57:16.229+0000] {logging_mixin.py:190} INFO - [2024-11-03T00:57:16.229+0000] {dag.py:4180} INFO - Setting next_dagrun for example_xcom_args to None, run_after=None
[2024-11-03T00:57:16.232+0000] {logging_mixin.py:190} INFO - [2024-11-03T00:57:16.232+0000] {dag.py:4180} INFO - Setting next_dagrun for example_xcom_args_with_operators to None, run_after=None
[2024-11-03T00:57:16.246+0000] {processor.py:208} INFO - Processing /home/airflow/.local/lib/python3.12/site-packages/airflow/example_dags/example_xcomargs.py took 0.066 seconds
[2024-11-03T00:57:46.400+0000] {processor.py:186} INFO - Started process (PID=1303) to work on /home/airflow/.local/lib/python3.12/site-packages/airflow/example_dags/example_xcomargs.py
[2024-11-03T00:57:46.401+0000] {processor.py:914} INFO - Processing file /home/airflow/.local/lib/python3.12/site-packages/airflow/example_dags/example_xcomargs.py for tasks to queue
[2024-11-03T00:57:46.404+0000] {logging_mixin.py:190} INFO - [2024-11-03T00:57:46.403+0000] {dagbag.py:588} INFO - Filling up the DagBag from /home/airflow/.local/lib/python3.12/site-packages/airflow/example_dags/example_xcomargs.py
[2024-11-03T00:57:46.413+0000] {processor.py:925} INFO - DAG(s) 'example_xcom_args', 'example_xcom_args_with_operators' retrieved from /home/airflow/.local/lib/python3.12/site-packages/airflow/example_dags/example_xcomargs.py
[2024-11-03T00:57:46.434+0000] {logging_mixin.py:190} INFO - [2024-11-03T00:57:46.433+0000] {dag.py:3239} INFO - Sync 2 DAGs
[2024-11-03T00:57:46.449+0000] {logging_mixin.py:190} INFO - [2024-11-03T00:57:46.449+0000] {dag.py:4180} INFO - Setting next_dagrun for example_xcom_args to None, run_after=None
[2024-11-03T00:57:46.453+0000] {logging_mixin.py:190} INFO - [2024-11-03T00:57:46.453+0000] {dag.py:4180} INFO - Setting next_dagrun for example_xcom_args_with_operators to None, run_after=None
[2024-11-03T00:57:46.468+0000] {processor.py:208} INFO - Processing /home/airflow/.local/lib/python3.12/site-packages/airflow/example_dags/example_xcomargs.py took 0.075 seconds
[2024-11-03T00:58:16.778+0000] {processor.py:186} INFO - Started process (PID=1366) to work on /home/airflow/.local/lib/python3.12/site-packages/airflow/example_dags/example_xcomargs.py
[2024-11-03T00:58:16.778+0000] {processor.py:914} INFO - Processing file /home/airflow/.local/lib/python3.12/site-packages/airflow/example_dags/example_xcomargs.py for tasks to queue
[2024-11-03T00:58:16.781+0000] {logging_mixin.py:190} INFO - [2024-11-03T00:58:16.780+0000] {dagbag.py:588} INFO - Filling up the DagBag from /home/airflow/.local/lib/python3.12/site-packages/airflow/example_dags/example_xcomargs.py
[2024-11-03T00:58:16.788+0000] {processor.py:925} INFO - DAG(s) 'example_xcom_args', 'example_xcom_args_with_operators' retrieved from /home/airflow/.local/lib/python3.12/site-packages/airflow/example_dags/example_xcomargs.py
[2024-11-03T00:58:16.808+0000] {logging_mixin.py:190} INFO - [2024-11-03T00:58:16.808+0000] {dag.py:3239} INFO - Sync 2 DAGs
[2024-11-03T00:58:16.821+0000] {logging_mixin.py:190} INFO - [2024-11-03T00:58:16.821+0000] {dag.py:4180} INFO - Setting next_dagrun for example_xcom_args to None, run_after=None
[2024-11-03T00:58:16.825+0000] {logging_mixin.py:190} INFO - [2024-11-03T00:58:16.825+0000] {dag.py:4180} INFO - Setting next_dagrun for example_xcom_args_with_operators to None, run_after=None
[2024-11-03T00:58:16.839+0000] {processor.py:208} INFO - Processing /home/airflow/.local/lib/python3.12/site-packages/airflow/example_dags/example_xcomargs.py took 0.066 seconds
[2024-11-03T00:58:47.082+0000] {processor.py:186} INFO - Started process (PID=1429) to work on /home/airflow/.local/lib/python3.12/site-packages/airflow/example_dags/example_xcomargs.py
[2024-11-03T00:58:47.083+0000] {processor.py:914} INFO - Processing file /home/airflow/.local/lib/python3.12/site-packages/airflow/example_dags/example_xcomargs.py for tasks to queue
[2024-11-03T00:58:47.085+0000] {logging_mixin.py:190} INFO - [2024-11-03T00:58:47.085+0000] {dagbag.py:588} INFO - Filling up the DagBag from /home/airflow/.local/lib/python3.12/site-packages/airflow/example_dags/example_xcomargs.py
[2024-11-03T00:58:47.093+0000] {processor.py:925} INFO - DAG(s) 'example_xcom_args', 'example_xcom_args_with_operators' retrieved from /home/airflow/.local/lib/python3.12/site-packages/airflow/example_dags/example_xcomargs.py
[2024-11-03T00:58:47.114+0000] {logging_mixin.py:190} INFO - [2024-11-03T00:58:47.114+0000] {dag.py:3239} INFO - Sync 2 DAGs
[2024-11-03T00:58:47.128+0000] {logging_mixin.py:190} INFO - [2024-11-03T00:58:47.127+0000] {dag.py:4180} INFO - Setting next_dagrun for example_xcom_args to None, run_after=None
[2024-11-03T00:58:47.131+0000] {logging_mixin.py:190} INFO - [2024-11-03T00:58:47.131+0000] {dag.py:4180} INFO - Setting next_dagrun for example_xcom_args_with_operators to None, run_after=None
[2024-11-03T00:58:47.145+0000] {processor.py:208} INFO - Processing /home/airflow/.local/lib/python3.12/site-packages/airflow/example_dags/example_xcomargs.py took 0.067 seconds
[2024-11-03T00:59:17.490+0000] {processor.py:186} INFO - Started process (PID=1492) to work on /home/airflow/.local/lib/python3.12/site-packages/airflow/example_dags/example_xcomargs.py
[2024-11-03T00:59:17.491+0000] {processor.py:914} INFO - Processing file /home/airflow/.local/lib/python3.12/site-packages/airflow/example_dags/example_xcomargs.py for tasks to queue
[2024-11-03T00:59:17.493+0000] {logging_mixin.py:190} INFO - [2024-11-03T00:59:17.493+0000] {dagbag.py:588} INFO - Filling up the DagBag from /home/airflow/.local/lib/python3.12/site-packages/airflow/example_dags/example_xcomargs.py
[2024-11-03T00:59:17.501+0000] {processor.py:925} INFO - DAG(s) 'example_xcom_args_with_operators', 'example_xcom_args' retrieved from /home/airflow/.local/lib/python3.12/site-packages/airflow/example_dags/example_xcomargs.py
[2024-11-03T00:59:17.520+0000] {logging_mixin.py:190} INFO - [2024-11-03T00:59:17.519+0000] {dag.py:3239} INFO - Sync 2 DAGs
[2024-11-03T00:59:17.532+0000] {logging_mixin.py:190} INFO - [2024-11-03T00:59:17.532+0000] {dag.py:4180} INFO - Setting next_dagrun for example_xcom_args to None, run_after=None
[2024-11-03T00:59:17.535+0000] {logging_mixin.py:190} INFO - [2024-11-03T00:59:17.535+0000] {dag.py:4180} INFO - Setting next_dagrun for example_xcom_args_with_operators to None, run_after=None
[2024-11-03T00:59:17.547+0000] {processor.py:208} INFO - Processing /home/airflow/.local/lib/python3.12/site-packages/airflow/example_dags/example_xcomargs.py took 0.062 seconds
[2024-11-03T00:59:47.670+0000] {processor.py:186} INFO - Started process (PID=1555) to work on /home/airflow/.local/lib/python3.12/site-packages/airflow/example_dags/example_xcomargs.py
[2024-11-03T00:59:47.670+0000] {processor.py:914} INFO - Processing file /home/airflow/.local/lib/python3.12/site-packages/airflow/example_dags/example_xcomargs.py for tasks to queue
[2024-11-03T00:59:47.673+0000] {logging_mixin.py:190} INFO - [2024-11-03T00:59:47.672+0000] {dagbag.py:588} INFO - Filling up the DagBag from /home/airflow/.local/lib/python3.12/site-packages/airflow/example_dags/example_xcomargs.py
[2024-11-03T00:59:47.681+0000] {processor.py:925} INFO - DAG(s) 'example_xcom_args', 'example_xcom_args_with_operators' retrieved from /home/airflow/.local/lib/python3.12/site-packages/airflow/example_dags/example_xcomargs.py
[2024-11-03T00:59:47.702+0000] {logging_mixin.py:190} INFO - [2024-11-03T00:59:47.701+0000] {dag.py:3239} INFO - Sync 2 DAGs
[2024-11-03T00:59:47.715+0000] {logging_mixin.py:190} INFO - [2024-11-03T00:59:47.715+0000] {dag.py:4180} INFO - Setting next_dagrun for example_xcom_args to None, run_after=None
[2024-11-03T00:59:47.719+0000] {logging_mixin.py:190} INFO - [2024-11-03T00:59:47.719+0000] {dag.py:4180} INFO - Setting next_dagrun for example_xcom_args_with_operators to None, run_after=None
[2024-11-03T00:59:47.731+0000] {processor.py:208} INFO - Processing /home/airflow/.local/lib/python3.12/site-packages/airflow/example_dags/example_xcomargs.py took 0.067 seconds
[2024-11-03T01:00:18.421+0000] {processor.py:186} INFO - Started process (PID=1618) to work on /home/airflow/.local/lib/python3.12/site-packages/airflow/example_dags/example_xcomargs.py
[2024-11-03T01:00:18.422+0000] {processor.py:914} INFO - Processing file /home/airflow/.local/lib/python3.12/site-packages/airflow/example_dags/example_xcomargs.py for tasks to queue
[2024-11-03T01:00:18.424+0000] {logging_mixin.py:190} INFO - [2024-11-03T01:00:18.424+0000] {dagbag.py:588} INFO - Filling up the DagBag from /home/airflow/.local/lib/python3.12/site-packages/airflow/example_dags/example_xcomargs.py
[2024-11-03T01:00:18.432+0000] {processor.py:925} INFO - DAG(s) 'example_xcom_args_with_operators', 'example_xcom_args' retrieved from /home/airflow/.local/lib/python3.12/site-packages/airflow/example_dags/example_xcomargs.py
[2024-11-03T01:00:18.451+0000] {logging_mixin.py:190} INFO - [2024-11-03T01:00:18.451+0000] {dag.py:3239} INFO - Sync 2 DAGs
[2024-11-03T01:00:18.464+0000] {logging_mixin.py:190} INFO - [2024-11-03T01:00:18.464+0000] {dag.py:4180} INFO - Setting next_dagrun for example_xcom_args to None, run_after=None
[2024-11-03T01:00:18.467+0000] {logging_mixin.py:190} INFO - [2024-11-03T01:00:18.467+0000] {dag.py:4180} INFO - Setting next_dagrun for example_xcom_args_with_operators to None, run_after=None
[2024-11-03T01:00:18.481+0000] {processor.py:208} INFO - Processing /home/airflow/.local/lib/python3.12/site-packages/airflow/example_dags/example_xcomargs.py took 0.065 seconds
[2024-11-03T01:00:48.990+0000] {processor.py:186} INFO - Started process (PID=1681) to work on /home/airflow/.local/lib/python3.12/site-packages/airflow/example_dags/example_xcomargs.py
[2024-11-03T01:00:48.991+0000] {processor.py:914} INFO - Processing file /home/airflow/.local/lib/python3.12/site-packages/airflow/example_dags/example_xcomargs.py for tasks to queue
[2024-11-03T01:00:48.994+0000] {logging_mixin.py:190} INFO - [2024-11-03T01:00:48.993+0000] {dagbag.py:588} INFO - Filling up the DagBag from /home/airflow/.local/lib/python3.12/site-packages/airflow/example_dags/example_xcomargs.py
[2024-11-03T01:00:49.002+0000] {processor.py:925} INFO - DAG(s) 'example_xcom_args', 'example_xcom_args_with_operators' retrieved from /home/airflow/.local/lib/python3.12/site-packages/airflow/example_dags/example_xcomargs.py
[2024-11-03T01:00:49.024+0000] {logging_mixin.py:190} INFO - [2024-11-03T01:00:49.024+0000] {dag.py:3239} INFO - Sync 2 DAGs
[2024-11-03T01:00:49.038+0000] {logging_mixin.py:190} INFO - [2024-11-03T01:00:49.038+0000] {dag.py:4180} INFO - Setting next_dagrun for example_xcom_args to None, run_after=None
[2024-11-03T01:00:49.042+0000] {logging_mixin.py:190} INFO - [2024-11-03T01:00:49.042+0000] {dag.py:4180} INFO - Setting next_dagrun for example_xcom_args_with_operators to None, run_after=None
[2024-11-03T01:00:49.057+0000] {processor.py:208} INFO - Processing /home/airflow/.local/lib/python3.12/site-packages/airflow/example_dags/example_xcomargs.py took 0.071 seconds
[2024-11-03T01:01:19.421+0000] {processor.py:186} INFO - Started process (PID=1744) to work on /home/airflow/.local/lib/python3.12/site-packages/airflow/example_dags/example_xcomargs.py
[2024-11-03T01:01:19.422+0000] {processor.py:914} INFO - Processing file /home/airflow/.local/lib/python3.12/site-packages/airflow/example_dags/example_xcomargs.py for tasks to queue
[2024-11-03T01:01:19.424+0000] {logging_mixin.py:190} INFO - [2024-11-03T01:01:19.423+0000] {dagbag.py:588} INFO - Filling up the DagBag from /home/airflow/.local/lib/python3.12/site-packages/airflow/example_dags/example_xcomargs.py
[2024-11-03T01:01:19.431+0000] {processor.py:925} INFO - DAG(s) 'example_xcom_args_with_operators', 'example_xcom_args' retrieved from /home/airflow/.local/lib/python3.12/site-packages/airflow/example_dags/example_xcomargs.py
[2024-11-03T01:01:19.451+0000] {logging_mixin.py:190} INFO - [2024-11-03T01:01:19.450+0000] {dag.py:3239} INFO - Sync 2 DAGs
[2024-11-03T01:01:19.463+0000] {logging_mixin.py:190} INFO - [2024-11-03T01:01:19.463+0000] {dag.py:4180} INFO - Setting next_dagrun for example_xcom_args to None, run_after=None
[2024-11-03T01:01:19.466+0000] {logging_mixin.py:190} INFO - [2024-11-03T01:01:19.466+0000] {dag.py:4180} INFO - Setting next_dagrun for example_xcom_args_with_operators to None, run_after=None
[2024-11-03T01:01:19.480+0000] {processor.py:208} INFO - Processing /home/airflow/.local/lib/python3.12/site-packages/airflow/example_dags/example_xcomargs.py took 0.063 seconds
[2024-11-03T01:01:49.805+0000] {processor.py:186} INFO - Started process (PID=1807) to work on /home/airflow/.local/lib/python3.12/site-packages/airflow/example_dags/example_xcomargs.py
[2024-11-03T01:01:49.805+0000] {processor.py:914} INFO - Processing file /home/airflow/.local/lib/python3.12/site-packages/airflow/example_dags/example_xcomargs.py for tasks to queue
[2024-11-03T01:01:49.808+0000] {logging_mixin.py:190} INFO - [2024-11-03T01:01:49.807+0000] {dagbag.py:588} INFO - Filling up the DagBag from /home/airflow/.local/lib/python3.12/site-packages/airflow/example_dags/example_xcomargs.py
[2024-11-03T01:01:49.815+0000] {processor.py:925} INFO - DAG(s) 'example_xcom_args_with_operators', 'example_xcom_args' retrieved from /home/airflow/.local/lib/python3.12/site-packages/airflow/example_dags/example_xcomargs.py
[2024-11-03T01:01:49.835+0000] {logging_mixin.py:190} INFO - [2024-11-03T01:01:49.835+0000] {dag.py:3239} INFO - Sync 2 DAGs
[2024-11-03T01:01:49.848+0000] {logging_mixin.py:190} INFO - [2024-11-03T01:01:49.848+0000] {dag.py:4180} INFO - Setting next_dagrun for example_xcom_args to None, run_after=None
[2024-11-03T01:01:49.851+0000] {logging_mixin.py:190} INFO - [2024-11-03T01:01:49.851+0000] {dag.py:4180} INFO - Setting next_dagrun for example_xcom_args_with_operators to None, run_after=None
[2024-11-03T01:01:49.864+0000] {processor.py:208} INFO - Processing /home/airflow/.local/lib/python3.12/site-packages/airflow/example_dags/example_xcomargs.py took 0.064 seconds
[2024-11-03T01:02:20.107+0000] {processor.py:186} INFO - Started process (PID=1870) to work on /home/airflow/.local/lib/python3.12/site-packages/airflow/example_dags/example_xcomargs.py
[2024-11-03T01:02:20.108+0000] {processor.py:914} INFO - Processing file /home/airflow/.local/lib/python3.12/site-packages/airflow/example_dags/example_xcomargs.py for tasks to queue
[2024-11-03T01:02:20.110+0000] {logging_mixin.py:190} INFO - [2024-11-03T01:02:20.110+0000] {dagbag.py:588} INFO - Filling up the DagBag from /home/airflow/.local/lib/python3.12/site-packages/airflow/example_dags/example_xcomargs.py
[2024-11-03T01:02:20.118+0000] {processor.py:925} INFO - DAG(s) 'example_xcom_args', 'example_xcom_args_with_operators' retrieved from /home/airflow/.local/lib/python3.12/site-packages/airflow/example_dags/example_xcomargs.py
[2024-11-03T01:02:20.138+0000] {logging_mixin.py:190} INFO - [2024-11-03T01:02:20.138+0000] {dag.py:3239} INFO - Sync 2 DAGs
[2024-11-03T01:02:20.150+0000] {logging_mixin.py:190} INFO - [2024-11-03T01:02:20.150+0000] {dag.py:4180} INFO - Setting next_dagrun for example_xcom_args to None, run_after=None
[2024-11-03T01:02:20.153+0000] {logging_mixin.py:190} INFO - [2024-11-03T01:02:20.153+0000] {dag.py:4180} INFO - Setting next_dagrun for example_xcom_args_with_operators to None, run_after=None
[2024-11-03T01:02:20.166+0000] {processor.py:208} INFO - Processing /home/airflow/.local/lib/python3.12/site-packages/airflow/example_dags/example_xcomargs.py took 0.064 seconds
[2024-11-03T01:02:50.366+0000] {processor.py:186} INFO - Started process (PID=1933) to work on /home/airflow/.local/lib/python3.12/site-packages/airflow/example_dags/example_xcomargs.py
[2024-11-03T01:02:50.367+0000] {processor.py:914} INFO - Processing file /home/airflow/.local/lib/python3.12/site-packages/airflow/example_dags/example_xcomargs.py for tasks to queue
[2024-11-03T01:02:50.369+0000] {logging_mixin.py:190} INFO - [2024-11-03T01:02:50.369+0000] {dagbag.py:588} INFO - Filling up the DagBag from /home/airflow/.local/lib/python3.12/site-packages/airflow/example_dags/example_xcomargs.py
[2024-11-03T01:02:50.377+0000] {processor.py:925} INFO - DAG(s) 'example_xcom_args', 'example_xcom_args_with_operators' retrieved from /home/airflow/.local/lib/python3.12/site-packages/airflow/example_dags/example_xcomargs.py
[2024-11-03T01:02:50.397+0000] {logging_mixin.py:190} INFO - [2024-11-03T01:02:50.397+0000] {dag.py:3239} INFO - Sync 2 DAGs
[2024-11-03T01:02:50.410+0000] {logging_mixin.py:190} INFO - [2024-11-03T01:02:50.410+0000] {dag.py:4180} INFO - Setting next_dagrun for example_xcom_args to None, run_after=None
[2024-11-03T01:02:50.413+0000] {logging_mixin.py:190} INFO - [2024-11-03T01:02:50.413+0000] {dag.py:4180} INFO - Setting next_dagrun for example_xcom_args_with_operators to None, run_after=None
[2024-11-03T01:02:50.426+0000] {processor.py:208} INFO - Processing /home/airflow/.local/lib/python3.12/site-packages/airflow/example_dags/example_xcomargs.py took 0.064 seconds
[2024-11-03T01:03:21.000+0000] {processor.py:186} INFO - Started process (PID=1996) to work on /home/airflow/.local/lib/python3.12/site-packages/airflow/example_dags/example_xcomargs.py
[2024-11-03T01:03:21.001+0000] {processor.py:914} INFO - Processing file /home/airflow/.local/lib/python3.12/site-packages/airflow/example_dags/example_xcomargs.py for tasks to queue
[2024-11-03T01:03:21.003+0000] {logging_mixin.py:190} INFO - [2024-11-03T01:03:21.003+0000] {dagbag.py:588} INFO - Filling up the DagBag from /home/airflow/.local/lib/python3.12/site-packages/airflow/example_dags/example_xcomargs.py
[2024-11-03T01:03:21.011+0000] {processor.py:925} INFO - DAG(s) 'example_xcom_args_with_operators', 'example_xcom_args' retrieved from /home/airflow/.local/lib/python3.12/site-packages/airflow/example_dags/example_xcomargs.py
[2024-11-03T01:03:21.031+0000] {logging_mixin.py:190} INFO - [2024-11-03T01:03:21.031+0000] {dag.py:3239} INFO - Sync 2 DAGs
[2024-11-03T01:03:21.045+0000] {logging_mixin.py:190} INFO - [2024-11-03T01:03:21.044+0000] {dag.py:4180} INFO - Setting next_dagrun for example_xcom_args to None, run_after=None
[2024-11-03T01:03:21.048+0000] {logging_mixin.py:190} INFO - [2024-11-03T01:03:21.048+0000] {dag.py:4180} INFO - Setting next_dagrun for example_xcom_args_with_operators to None, run_after=None
[2024-11-03T01:03:21.061+0000] {processor.py:208} INFO - Processing /home/airflow/.local/lib/python3.12/site-packages/airflow/example_dags/example_xcomargs.py took 0.066 seconds
[2024-11-03T01:03:51.863+0000] {processor.py:186} INFO - Started process (PID=2059) to work on /home/airflow/.local/lib/python3.12/site-packages/airflow/example_dags/example_xcomargs.py
[2024-11-03T01:03:51.864+0000] {processor.py:914} INFO - Processing file /home/airflow/.local/lib/python3.12/site-packages/airflow/example_dags/example_xcomargs.py for tasks to queue
[2024-11-03T01:03:51.868+0000] {logging_mixin.py:190} INFO - [2024-11-03T01:03:51.867+0000] {dagbag.py:588} INFO - Filling up the DagBag from /home/airflow/.local/lib/python3.12/site-packages/airflow/example_dags/example_xcomargs.py
[2024-11-03T01:03:51.880+0000] {processor.py:925} INFO - DAG(s) 'example_xcom_args', 'example_xcom_args_with_operators' retrieved from /home/airflow/.local/lib/python3.12/site-packages/airflow/example_dags/example_xcomargs.py
[2024-11-03T01:03:51.914+0000] {logging_mixin.py:190} INFO - [2024-11-03T01:03:51.913+0000] {dag.py:3239} INFO - Sync 2 DAGs
[2024-11-03T01:03:51.934+0000] {logging_mixin.py:190} INFO - [2024-11-03T01:03:51.933+0000] {dag.py:4180} INFO - Setting next_dagrun for example_xcom_args to None, run_after=None
[2024-11-03T01:03:51.938+0000] {logging_mixin.py:190} INFO - [2024-11-03T01:03:51.937+0000] {dag.py:4180} INFO - Setting next_dagrun for example_xcom_args_with_operators to None, run_after=None
[2024-11-03T01:03:51.953+0000] {processor.py:208} INFO - Processing /home/airflow/.local/lib/python3.12/site-packages/airflow/example_dags/example_xcomargs.py took 0.096 seconds
[2024-11-03T01:04:22.484+0000] {processor.py:186} INFO - Started process (PID=2122) to work on /home/airflow/.local/lib/python3.12/site-packages/airflow/example_dags/example_xcomargs.py
[2024-11-03T01:04:22.485+0000] {processor.py:914} INFO - Processing file /home/airflow/.local/lib/python3.12/site-packages/airflow/example_dags/example_xcomargs.py for tasks to queue
[2024-11-03T01:04:22.488+0000] {logging_mixin.py:190} INFO - [2024-11-03T01:04:22.488+0000] {dagbag.py:588} INFO - Filling up the DagBag from /home/airflow/.local/lib/python3.12/site-packages/airflow/example_dags/example_xcomargs.py
[2024-11-03T01:04:22.507+0000] {processor.py:925} INFO - DAG(s) 'example_xcom_args', 'example_xcom_args_with_operators' retrieved from /home/airflow/.local/lib/python3.12/site-packages/airflow/example_dags/example_xcomargs.py
[2024-11-03T01:04:22.547+0000] {logging_mixin.py:190} INFO - [2024-11-03T01:04:22.546+0000] {dag.py:3239} INFO - Sync 2 DAGs
[2024-11-03T01:04:22.563+0000] {logging_mixin.py:190} INFO - [2024-11-03T01:04:22.563+0000] {dag.py:4180} INFO - Setting next_dagrun for example_xcom_args to None, run_after=None
[2024-11-03T01:04:22.568+0000] {logging_mixin.py:190} INFO - [2024-11-03T01:04:22.567+0000] {dag.py:4180} INFO - Setting next_dagrun for example_xcom_args_with_operators to None, run_after=None
[2024-11-03T01:04:22.585+0000] {processor.py:208} INFO - Processing /home/airflow/.local/lib/python3.12/site-packages/airflow/example_dags/example_xcomargs.py took 0.107 seconds
[2024-11-03T01:04:53.136+0000] {processor.py:186} INFO - Started process (PID=2185) to work on /home/airflow/.local/lib/python3.12/site-packages/airflow/example_dags/example_xcomargs.py
[2024-11-03T01:04:53.137+0000] {processor.py:914} INFO - Processing file /home/airflow/.local/lib/python3.12/site-packages/airflow/example_dags/example_xcomargs.py for tasks to queue
[2024-11-03T01:04:53.139+0000] {logging_mixin.py:190} INFO - [2024-11-03T01:04:53.139+0000] {dagbag.py:588} INFO - Filling up the DagBag from /home/airflow/.local/lib/python3.12/site-packages/airflow/example_dags/example_xcomargs.py
[2024-11-03T01:04:53.147+0000] {processor.py:925} INFO - DAG(s) 'example_xcom_args_with_operators', 'example_xcom_args' retrieved from /home/airflow/.local/lib/python3.12/site-packages/airflow/example_dags/example_xcomargs.py
[2024-11-03T01:04:53.168+0000] {logging_mixin.py:190} INFO - [2024-11-03T01:04:53.167+0000] {dag.py:3239} INFO - Sync 2 DAGs
[2024-11-03T01:04:53.181+0000] {logging_mixin.py:190} INFO - [2024-11-03T01:04:53.181+0000] {dag.py:4180} INFO - Setting next_dagrun for example_xcom_args to None, run_after=None
[2024-11-03T01:04:53.185+0000] {logging_mixin.py:190} INFO - [2024-11-03T01:04:53.185+0000] {dag.py:4180} INFO - Setting next_dagrun for example_xcom_args_with_operators to None, run_after=None
[2024-11-03T01:04:53.200+0000] {processor.py:208} INFO - Processing /home/airflow/.local/lib/python3.12/site-packages/airflow/example_dags/example_xcomargs.py took 0.069 seconds
[2024-11-03T01:05:23.798+0000] {processor.py:186} INFO - Started process (PID=2248) to work on /home/airflow/.local/lib/python3.12/site-packages/airflow/example_dags/example_xcomargs.py
[2024-11-03T01:05:23.799+0000] {processor.py:914} INFO - Processing file /home/airflow/.local/lib/python3.12/site-packages/airflow/example_dags/example_xcomargs.py for tasks to queue
[2024-11-03T01:05:23.802+0000] {logging_mixin.py:190} INFO - [2024-11-03T01:05:23.801+0000] {dagbag.py:588} INFO - Filling up the DagBag from /home/airflow/.local/lib/python3.12/site-packages/airflow/example_dags/example_xcomargs.py
[2024-11-03T01:05:23.811+0000] {processor.py:925} INFO - DAG(s) 'example_xcom_args', 'example_xcom_args_with_operators' retrieved from /home/airflow/.local/lib/python3.12/site-packages/airflow/example_dags/example_xcomargs.py
[2024-11-03T01:05:23.833+0000] {logging_mixin.py:190} INFO - [2024-11-03T01:05:23.832+0000] {dag.py:3239} INFO - Sync 2 DAGs
[2024-11-03T01:05:23.846+0000] {logging_mixin.py:190} INFO - [2024-11-03T01:05:23.846+0000] {dag.py:4180} INFO - Setting next_dagrun for example_xcom_args to None, run_after=None
[2024-11-03T01:05:23.850+0000] {logging_mixin.py:190} INFO - [2024-11-03T01:05:23.850+0000] {dag.py:4180} INFO - Setting next_dagrun for example_xcom_args_with_operators to None, run_after=None
[2024-11-03T01:05:23.869+0000] {processor.py:208} INFO - Processing /home/airflow/.local/lib/python3.12/site-packages/airflow/example_dags/example_xcomargs.py took 0.077 seconds
[2024-11-03T01:05:54.253+0000] {processor.py:186} INFO - Started process (PID=2311) to work on /home/airflow/.local/lib/python3.12/site-packages/airflow/example_dags/example_xcomargs.py
[2024-11-03T01:05:54.254+0000] {processor.py:914} INFO - Processing file /home/airflow/.local/lib/python3.12/site-packages/airflow/example_dags/example_xcomargs.py for tasks to queue
[2024-11-03T01:05:54.257+0000] {logging_mixin.py:190} INFO - [2024-11-03T01:05:54.256+0000] {dagbag.py:588} INFO - Filling up the DagBag from /home/airflow/.local/lib/python3.12/site-packages/airflow/example_dags/example_xcomargs.py
[2024-11-03T01:05:54.266+0000] {processor.py:925} INFO - DAG(s) 'example_xcom_args', 'example_xcom_args_with_operators' retrieved from /home/airflow/.local/lib/python3.12/site-packages/airflow/example_dags/example_xcomargs.py
[2024-11-03T01:05:54.293+0000] {logging_mixin.py:190} INFO - [2024-11-03T01:05:54.292+0000] {dag.py:3239} INFO - Sync 2 DAGs
[2024-11-03T01:05:54.309+0000] {logging_mixin.py:190} INFO - [2024-11-03T01:05:54.308+0000] {dag.py:4180} INFO - Setting next_dagrun for example_xcom_args to None, run_after=None
[2024-11-03T01:05:54.314+0000] {logging_mixin.py:190} INFO - [2024-11-03T01:05:54.314+0000] {dag.py:4180} INFO - Setting next_dagrun for example_xcom_args_with_operators to None, run_after=None
[2024-11-03T01:05:54.332+0000] {processor.py:208} INFO - Processing /home/airflow/.local/lib/python3.12/site-packages/airflow/example_dags/example_xcomargs.py took 0.085 seconds
[2024-11-03T01:06:25.089+0000] {processor.py:186} INFO - Started process (PID=2374) to work on /home/airflow/.local/lib/python3.12/site-packages/airflow/example_dags/example_xcomargs.py
[2024-11-03T01:06:25.090+0000] {processor.py:914} INFO - Processing file /home/airflow/.local/lib/python3.12/site-packages/airflow/example_dags/example_xcomargs.py for tasks to queue
[2024-11-03T01:06:25.092+0000] {logging_mixin.py:190} INFO - [2024-11-03T01:06:25.092+0000] {dagbag.py:588} INFO - Filling up the DagBag from /home/airflow/.local/lib/python3.12/site-packages/airflow/example_dags/example_xcomargs.py
[2024-11-03T01:06:25.101+0000] {processor.py:925} INFO - DAG(s) 'example_xcom_args', 'example_xcom_args_with_operators' retrieved from /home/airflow/.local/lib/python3.12/site-packages/airflow/example_dags/example_xcomargs.py
[2024-11-03T01:06:25.124+0000] {logging_mixin.py:190} INFO - [2024-11-03T01:06:25.124+0000] {dag.py:3239} INFO - Sync 2 DAGs
[2024-11-03T01:06:25.142+0000] {logging_mixin.py:190} INFO - [2024-11-03T01:06:25.141+0000] {dag.py:4180} INFO - Setting next_dagrun for example_xcom_args to None, run_after=None
[2024-11-03T01:06:25.146+0000] {logging_mixin.py:190} INFO - [2024-11-03T01:06:25.145+0000] {dag.py:4180} INFO - Setting next_dagrun for example_xcom_args_with_operators to None, run_after=None
[2024-11-03T01:06:25.161+0000] {processor.py:208} INFO - Processing /home/airflow/.local/lib/python3.12/site-packages/airflow/example_dags/example_xcomargs.py took 0.079 seconds
