[2024-11-03T00:00:04.740+0000] {processor.py:186} INFO - Started process (PID=807) to work on /home/airflow/.local/lib/python3.12/site-packages/airflow/example_dags/example_sensors.py
[2024-11-03T00:00:04.741+0000] {processor.py:914} INFO - Processing file /home/airflow/.local/lib/python3.12/site-packages/airflow/example_dags/example_sensors.py for tasks to queue
[2024-11-03T00:00:04.743+0000] {logging_mixin.py:190} INFO - [2024-11-03T00:00:04.743+0000] {dagbag.py:588} INFO - Filling up the DagBag from /home/airflow/.local/lib/python3.12/site-packages/airflow/example_dags/example_sensors.py
[2024-11-03T00:00:04.752+0000] {processor.py:925} INFO - DAG(s) 'example_sensors' retrieved from /home/airflow/.local/lib/python3.12/site-packages/airflow/example_dags/example_sensors.py
[2024-11-03T00:00:04.776+0000] {logging_mixin.py:190} INFO - [2024-11-03T00:00:04.776+0000] {dag.py:3239} INFO - Sync 1 DAGs
[2024-11-03T00:00:04.790+0000] {logging_mixin.py:190} INFO - [2024-11-03T00:00:04.790+0000] {dag.py:4180} INFO - Setting next_dagrun for example_sensors to None, run_after=None
[2024-11-03T00:00:04.805+0000] {processor.py:208} INFO - Processing /home/airflow/.local/lib/python3.12/site-packages/airflow/example_dags/example_sensors.py took 0.070 seconds
[2024-11-03T00:00:35.493+0000] {processor.py:186} INFO - Started process (PID=870) to work on /home/airflow/.local/lib/python3.12/site-packages/airflow/example_dags/example_sensors.py
[2024-11-03T00:00:35.494+0000] {processor.py:914} INFO - Processing file /home/airflow/.local/lib/python3.12/site-packages/airflow/example_dags/example_sensors.py for tasks to queue
[2024-11-03T00:00:35.495+0000] {logging_mixin.py:190} INFO - [2024-11-03T00:00:35.495+0000] {dagbag.py:588} INFO - Filling up the DagBag from /home/airflow/.local/lib/python3.12/site-packages/airflow/example_dags/example_sensors.py
[2024-11-03T00:00:35.504+0000] {processor.py:925} INFO - DAG(s) 'example_sensors' retrieved from /home/airflow/.local/lib/python3.12/site-packages/airflow/example_dags/example_sensors.py
[2024-11-03T00:00:35.528+0000] {logging_mixin.py:190} INFO - [2024-11-03T00:00:35.528+0000] {dag.py:3239} INFO - Sync 1 DAGs
[2024-11-03T00:00:35.540+0000] {logging_mixin.py:190} INFO - [2024-11-03T00:00:35.540+0000] {dag.py:4180} INFO - Setting next_dagrun for example_sensors to None, run_after=None
[2024-11-03T00:00:35.556+0000] {processor.py:208} INFO - Processing /home/airflow/.local/lib/python3.12/site-packages/airflow/example_dags/example_sensors.py took 0.067 seconds
[2024-11-03T00:01:06.471+0000] {processor.py:186} INFO - Started process (PID=933) to work on /home/airflow/.local/lib/python3.12/site-packages/airflow/example_dags/example_sensors.py
[2024-11-03T00:01:06.472+0000] {processor.py:914} INFO - Processing file /home/airflow/.local/lib/python3.12/site-packages/airflow/example_dags/example_sensors.py for tasks to queue
[2024-11-03T00:01:06.474+0000] {logging_mixin.py:190} INFO - [2024-11-03T00:01:06.473+0000] {dagbag.py:588} INFO - Filling up the DagBag from /home/airflow/.local/lib/python3.12/site-packages/airflow/example_dags/example_sensors.py
[2024-11-03T00:01:06.483+0000] {processor.py:925} INFO - DAG(s) 'example_sensors' retrieved from /home/airflow/.local/lib/python3.12/site-packages/airflow/example_dags/example_sensors.py
[2024-11-03T00:01:06.506+0000] {logging_mixin.py:190} INFO - [2024-11-03T00:01:06.506+0000] {dag.py:3239} INFO - Sync 1 DAGs
[2024-11-03T00:01:06.522+0000] {logging_mixin.py:190} INFO - [2024-11-03T00:01:06.521+0000] {dag.py:4180} INFO - Setting next_dagrun for example_sensors to None, run_after=None
[2024-11-03T00:01:06.539+0000] {processor.py:208} INFO - Processing /home/airflow/.local/lib/python3.12/site-packages/airflow/example_dags/example_sensors.py took 0.073 seconds
[2024-11-03T00:01:36.838+0000] {processor.py:186} INFO - Started process (PID=996) to work on /home/airflow/.local/lib/python3.12/site-packages/airflow/example_dags/example_sensors.py
[2024-11-03T00:01:36.839+0000] {processor.py:914} INFO - Processing file /home/airflow/.local/lib/python3.12/site-packages/airflow/example_dags/example_sensors.py for tasks to queue
[2024-11-03T00:01:36.841+0000] {logging_mixin.py:190} INFO - [2024-11-03T00:01:36.840+0000] {dagbag.py:588} INFO - Filling up the DagBag from /home/airflow/.local/lib/python3.12/site-packages/airflow/example_dags/example_sensors.py
[2024-11-03T00:01:36.851+0000] {processor.py:925} INFO - DAG(s) 'example_sensors' retrieved from /home/airflow/.local/lib/python3.12/site-packages/airflow/example_dags/example_sensors.py
[2024-11-03T00:01:36.874+0000] {logging_mixin.py:190} INFO - [2024-11-03T00:01:36.873+0000] {dag.py:3239} INFO - Sync 1 DAGs
[2024-11-03T00:01:36.886+0000] {logging_mixin.py:190} INFO - [2024-11-03T00:01:36.886+0000] {dag.py:4180} INFO - Setting next_dagrun for example_sensors to None, run_after=None
[2024-11-03T00:01:36.902+0000] {processor.py:208} INFO - Processing /home/airflow/.local/lib/python3.12/site-packages/airflow/example_dags/example_sensors.py took 0.069 seconds
[2024-11-03T00:48:08.298+0000] {processor.py:186} INFO - Started process (PID=112) to work on /home/airflow/.local/lib/python3.12/site-packages/airflow/example_dags/example_sensors.py
[2024-11-03T00:48:08.300+0000] {processor.py:914} INFO - Processing file /home/airflow/.local/lib/python3.12/site-packages/airflow/example_dags/example_sensors.py for tasks to queue
[2024-11-03T00:48:08.302+0000] {logging_mixin.py:190} INFO - [2024-11-03T00:48:08.301+0000] {dagbag.py:588} INFO - Filling up the DagBag from /home/airflow/.local/lib/python3.12/site-packages/airflow/example_dags/example_sensors.py
[2024-11-03T00:48:08.311+0000] {processor.py:925} INFO - DAG(s) 'example_sensors' retrieved from /home/airflow/.local/lib/python3.12/site-packages/airflow/example_dags/example_sensors.py
[2024-11-03T00:48:08.406+0000] {logging_mixin.py:190} INFO - [2024-11-03T00:48:08.405+0000] {override.py:1900} INFO - Created Permission View: can delete on DAG:example_sensors
[2024-11-03T00:48:08.414+0000] {logging_mixin.py:190} INFO - [2024-11-03T00:48:08.414+0000] {override.py:1900} INFO - Created Permission View: can edit on DAG:example_sensors
[2024-11-03T00:48:08.420+0000] {logging_mixin.py:190} INFO - [2024-11-03T00:48:08.419+0000] {override.py:1900} INFO - Created Permission View: can read on DAG:example_sensors
[2024-11-03T00:48:08.426+0000] {logging_mixin.py:190} INFO - [2024-11-03T00:48:08.426+0000] {override.py:1900} INFO - Created Permission View: can create on DAG Run:example_sensors
[2024-11-03T00:48:08.431+0000] {logging_mixin.py:190} INFO - [2024-11-03T00:48:08.431+0000] {override.py:1900} INFO - Created Permission View: can delete on DAG Run:example_sensors
[2024-11-03T00:48:08.437+0000] {logging_mixin.py:190} INFO - [2024-11-03T00:48:08.437+0000] {override.py:1900} INFO - Created Permission View: menu access on DAG Run:example_sensors
[2024-11-03T00:48:08.442+0000] {logging_mixin.py:190} INFO - [2024-11-03T00:48:08.442+0000] {override.py:1900} INFO - Created Permission View: can read on DAG Run:example_sensors
[2024-11-03T00:48:08.443+0000] {logging_mixin.py:190} INFO - [2024-11-03T00:48:08.442+0000] {dag.py:3239} INFO - Sync 1 DAGs
[2024-11-03T00:48:08.453+0000] {logging_mixin.py:190} INFO - [2024-11-03T00:48:08.452+0000] {dag.py:3262} INFO - Creating ORM DAG for example_sensors
[2024-11-03T00:48:08.454+0000] {logging_mixin.py:190} INFO - [2024-11-03T00:48:08.453+0000] {dag.py:4180} INFO - Setting next_dagrun for example_sensors to None, run_after=None
[2024-11-03T00:48:08.466+0000] {processor.py:208} INFO - Processing /home/airflow/.local/lib/python3.12/site-packages/airflow/example_dags/example_sensors.py took 0.174 seconds
[2024-11-03T00:48:38.713+0000] {processor.py:186} INFO - Started process (PID=175) to work on /home/airflow/.local/lib/python3.12/site-packages/airflow/example_dags/example_sensors.py
[2024-11-03T00:48:38.714+0000] {processor.py:914} INFO - Processing file /home/airflow/.local/lib/python3.12/site-packages/airflow/example_dags/example_sensors.py for tasks to queue
[2024-11-03T00:48:38.716+0000] {logging_mixin.py:190} INFO - [2024-11-03T00:48:38.716+0000] {dagbag.py:588} INFO - Filling up the DagBag from /home/airflow/.local/lib/python3.12/site-packages/airflow/example_dags/example_sensors.py
[2024-11-03T00:48:38.724+0000] {processor.py:925} INFO - DAG(s) 'example_sensors' retrieved from /home/airflow/.local/lib/python3.12/site-packages/airflow/example_dags/example_sensors.py
[2024-11-03T00:48:38.747+0000] {logging_mixin.py:190} INFO - [2024-11-03T00:48:38.747+0000] {dag.py:3239} INFO - Sync 1 DAGs
[2024-11-03T00:48:38.760+0000] {logging_mixin.py:190} INFO - [2024-11-03T00:48:38.759+0000] {dag.py:4180} INFO - Setting next_dagrun for example_sensors to None, run_after=None
[2024-11-03T00:48:38.776+0000] {processor.py:208} INFO - Processing /home/airflow/.local/lib/python3.12/site-packages/airflow/example_dags/example_sensors.py took 0.068 seconds
[2024-11-03T00:49:09.079+0000] {processor.py:186} INFO - Started process (PID=238) to work on /home/airflow/.local/lib/python3.12/site-packages/airflow/example_dags/example_sensors.py
[2024-11-03T00:49:09.080+0000] {processor.py:914} INFO - Processing file /home/airflow/.local/lib/python3.12/site-packages/airflow/example_dags/example_sensors.py for tasks to queue
[2024-11-03T00:49:09.082+0000] {logging_mixin.py:190} INFO - [2024-11-03T00:49:09.082+0000] {dagbag.py:588} INFO - Filling up the DagBag from /home/airflow/.local/lib/python3.12/site-packages/airflow/example_dags/example_sensors.py
[2024-11-03T00:49:09.091+0000] {processor.py:925} INFO - DAG(s) 'example_sensors' retrieved from /home/airflow/.local/lib/python3.12/site-packages/airflow/example_dags/example_sensors.py
[2024-11-03T00:49:09.115+0000] {logging_mixin.py:190} INFO - [2024-11-03T00:49:09.114+0000] {dag.py:3239} INFO - Sync 1 DAGs
[2024-11-03T00:49:09.127+0000] {logging_mixin.py:190} INFO - [2024-11-03T00:49:09.127+0000] {dag.py:4180} INFO - Setting next_dagrun for example_sensors to None, run_after=None
[2024-11-03T00:49:09.146+0000] {processor.py:208} INFO - Processing /home/airflow/.local/lib/python3.12/site-packages/airflow/example_dags/example_sensors.py took 0.072 seconds
[2024-11-03T00:49:39.446+0000] {processor.py:186} INFO - Started process (PID=301) to work on /home/airflow/.local/lib/python3.12/site-packages/airflow/example_dags/example_sensors.py
[2024-11-03T00:49:39.447+0000] {processor.py:914} INFO - Processing file /home/airflow/.local/lib/python3.12/site-packages/airflow/example_dags/example_sensors.py for tasks to queue
[2024-11-03T00:49:39.449+0000] {logging_mixin.py:190} INFO - [2024-11-03T00:49:39.449+0000] {dagbag.py:588} INFO - Filling up the DagBag from /home/airflow/.local/lib/python3.12/site-packages/airflow/example_dags/example_sensors.py
[2024-11-03T00:49:39.457+0000] {processor.py:925} INFO - DAG(s) 'example_sensors' retrieved from /home/airflow/.local/lib/python3.12/site-packages/airflow/example_dags/example_sensors.py
[2024-11-03T00:49:39.480+0000] {logging_mixin.py:190} INFO - [2024-11-03T00:49:39.480+0000] {dag.py:3239} INFO - Sync 1 DAGs
[2024-11-03T00:49:39.492+0000] {logging_mixin.py:190} INFO - [2024-11-03T00:49:39.492+0000] {dag.py:4180} INFO - Setting next_dagrun for example_sensors to None, run_after=None
[2024-11-03T00:49:39.508+0000] {processor.py:208} INFO - Processing /home/airflow/.local/lib/python3.12/site-packages/airflow/example_dags/example_sensors.py took 0.067 seconds
[2024-11-03T00:50:10.068+0000] {processor.py:186} INFO - Started process (PID=364) to work on /home/airflow/.local/lib/python3.12/site-packages/airflow/example_dags/example_sensors.py
[2024-11-03T00:50:10.069+0000] {processor.py:914} INFO - Processing file /home/airflow/.local/lib/python3.12/site-packages/airflow/example_dags/example_sensors.py for tasks to queue
[2024-11-03T00:50:10.071+0000] {logging_mixin.py:190} INFO - [2024-11-03T00:50:10.071+0000] {dagbag.py:588} INFO - Filling up the DagBag from /home/airflow/.local/lib/python3.12/site-packages/airflow/example_dags/example_sensors.py
[2024-11-03T00:50:10.080+0000] {processor.py:925} INFO - DAG(s) 'example_sensors' retrieved from /home/airflow/.local/lib/python3.12/site-packages/airflow/example_dags/example_sensors.py
[2024-11-03T00:50:10.104+0000] {logging_mixin.py:190} INFO - [2024-11-03T00:50:10.104+0000] {dag.py:3239} INFO - Sync 1 DAGs
[2024-11-03T00:50:10.117+0000] {logging_mixin.py:190} INFO - [2024-11-03T00:50:10.117+0000] {dag.py:4180} INFO - Setting next_dagrun for example_sensors to None, run_after=None
[2024-11-03T00:50:10.135+0000] {processor.py:208} INFO - Processing /home/airflow/.local/lib/python3.12/site-packages/airflow/example_dags/example_sensors.py took 0.072 seconds
[2024-11-03T00:50:40.541+0000] {processor.py:186} INFO - Started process (PID=427) to work on /home/airflow/.local/lib/python3.12/site-packages/airflow/example_dags/example_sensors.py
[2024-11-03T00:50:40.541+0000] {processor.py:914} INFO - Processing file /home/airflow/.local/lib/python3.12/site-packages/airflow/example_dags/example_sensors.py for tasks to queue
[2024-11-03T00:50:40.543+0000] {logging_mixin.py:190} INFO - [2024-11-03T00:50:40.543+0000] {dagbag.py:588} INFO - Filling up the DagBag from /home/airflow/.local/lib/python3.12/site-packages/airflow/example_dags/example_sensors.py
[2024-11-03T00:50:40.553+0000] {processor.py:925} INFO - DAG(s) 'example_sensors' retrieved from /home/airflow/.local/lib/python3.12/site-packages/airflow/example_dags/example_sensors.py
[2024-11-03T00:50:40.577+0000] {logging_mixin.py:190} INFO - [2024-11-03T00:50:40.576+0000] {dag.py:3239} INFO - Sync 1 DAGs
[2024-11-03T00:50:40.589+0000] {logging_mixin.py:190} INFO - [2024-11-03T00:50:40.589+0000] {dag.py:4180} INFO - Setting next_dagrun for example_sensors to None, run_after=None
[2024-11-03T00:50:40.605+0000] {processor.py:208} INFO - Processing /home/airflow/.local/lib/python3.12/site-packages/airflow/example_dags/example_sensors.py took 0.069 seconds
[2024-11-03T00:51:10.968+0000] {processor.py:186} INFO - Started process (PID=490) to work on /home/airflow/.local/lib/python3.12/site-packages/airflow/example_dags/example_sensors.py
[2024-11-03T00:51:10.968+0000] {processor.py:914} INFO - Processing file /home/airflow/.local/lib/python3.12/site-packages/airflow/example_dags/example_sensors.py for tasks to queue
[2024-11-03T00:51:10.970+0000] {logging_mixin.py:190} INFO - [2024-11-03T00:51:10.970+0000] {dagbag.py:588} INFO - Filling up the DagBag from /home/airflow/.local/lib/python3.12/site-packages/airflow/example_dags/example_sensors.py
[2024-11-03T00:51:10.981+0000] {processor.py:925} INFO - DAG(s) 'example_sensors' retrieved from /home/airflow/.local/lib/python3.12/site-packages/airflow/example_dags/example_sensors.py
[2024-11-03T00:51:11.005+0000] {logging_mixin.py:190} INFO - [2024-11-03T00:51:11.005+0000] {dag.py:3239} INFO - Sync 1 DAGs
[2024-11-03T00:51:11.019+0000] {logging_mixin.py:190} INFO - [2024-11-03T00:51:11.019+0000] {dag.py:4180} INFO - Setting next_dagrun for example_sensors to None, run_after=None
[2024-11-03T00:51:11.036+0000] {processor.py:208} INFO - Processing /home/airflow/.local/lib/python3.12/site-packages/airflow/example_dags/example_sensors.py took 0.073 seconds
[2024-11-03T00:51:41.514+0000] {processor.py:186} INFO - Started process (PID=553) to work on /home/airflow/.local/lib/python3.12/site-packages/airflow/example_dags/example_sensors.py
[2024-11-03T00:51:41.515+0000] {processor.py:914} INFO - Processing file /home/airflow/.local/lib/python3.12/site-packages/airflow/example_dags/example_sensors.py for tasks to queue
[2024-11-03T00:51:41.516+0000] {logging_mixin.py:190} INFO - [2024-11-03T00:51:41.516+0000] {dagbag.py:588} INFO - Filling up the DagBag from /home/airflow/.local/lib/python3.12/site-packages/airflow/example_dags/example_sensors.py
[2024-11-03T00:51:41.526+0000] {processor.py:925} INFO - DAG(s) 'example_sensors' retrieved from /home/airflow/.local/lib/python3.12/site-packages/airflow/example_dags/example_sensors.py
[2024-11-03T00:51:41.550+0000] {logging_mixin.py:190} INFO - [2024-11-03T00:51:41.550+0000] {dag.py:3239} INFO - Sync 1 DAGs
[2024-11-03T00:51:41.562+0000] {logging_mixin.py:190} INFO - [2024-11-03T00:51:41.562+0000] {dag.py:4180} INFO - Setting next_dagrun for example_sensors to None, run_after=None
[2024-11-03T00:51:41.578+0000] {processor.py:208} INFO - Processing /home/airflow/.local/lib/python3.12/site-packages/airflow/example_dags/example_sensors.py took 0.069 seconds
[2024-11-03T00:52:11.851+0000] {processor.py:186} INFO - Started process (PID=616) to work on /home/airflow/.local/lib/python3.12/site-packages/airflow/example_dags/example_sensors.py
[2024-11-03T00:52:11.851+0000] {processor.py:914} INFO - Processing file /home/airflow/.local/lib/python3.12/site-packages/airflow/example_dags/example_sensors.py for tasks to queue
[2024-11-03T00:52:11.853+0000] {logging_mixin.py:190} INFO - [2024-11-03T00:52:11.853+0000] {dagbag.py:588} INFO - Filling up the DagBag from /home/airflow/.local/lib/python3.12/site-packages/airflow/example_dags/example_sensors.py
[2024-11-03T00:52:11.863+0000] {processor.py:925} INFO - DAG(s) 'example_sensors' retrieved from /home/airflow/.local/lib/python3.12/site-packages/airflow/example_dags/example_sensors.py
[2024-11-03T00:52:11.891+0000] {logging_mixin.py:190} INFO - [2024-11-03T00:52:11.891+0000] {dag.py:3239} INFO - Sync 1 DAGs
[2024-11-03T00:52:11.912+0000] {logging_mixin.py:190} INFO - [2024-11-03T00:52:11.911+0000] {dag.py:4180} INFO - Setting next_dagrun for example_sensors to None, run_after=None
[2024-11-03T00:52:11.936+0000] {processor.py:208} INFO - Processing /home/airflow/.local/lib/python3.12/site-packages/airflow/example_dags/example_sensors.py took 0.090 seconds
[2024-11-03T00:52:42.155+0000] {processor.py:186} INFO - Started process (PID=679) to work on /home/airflow/.local/lib/python3.12/site-packages/airflow/example_dags/example_sensors.py
[2024-11-03T00:52:42.155+0000] {processor.py:914} INFO - Processing file /home/airflow/.local/lib/python3.12/site-packages/airflow/example_dags/example_sensors.py for tasks to queue
[2024-11-03T00:52:42.157+0000] {logging_mixin.py:190} INFO - [2024-11-03T00:52:42.157+0000] {dagbag.py:588} INFO - Filling up the DagBag from /home/airflow/.local/lib/python3.12/site-packages/airflow/example_dags/example_sensors.py
[2024-11-03T00:52:42.166+0000] {processor.py:925} INFO - DAG(s) 'example_sensors' retrieved from /home/airflow/.local/lib/python3.12/site-packages/airflow/example_dags/example_sensors.py
[2024-11-03T00:52:42.189+0000] {logging_mixin.py:190} INFO - [2024-11-03T00:52:42.189+0000] {dag.py:3239} INFO - Sync 1 DAGs
[2024-11-03T00:52:42.203+0000] {logging_mixin.py:190} INFO - [2024-11-03T00:52:42.203+0000] {dag.py:4180} INFO - Setting next_dagrun for example_sensors to None, run_after=None
[2024-11-03T00:52:42.225+0000] {processor.py:208} INFO - Processing /home/airflow/.local/lib/python3.12/site-packages/airflow/example_dags/example_sensors.py took 0.075 seconds
[2024-11-03T00:53:12.389+0000] {processor.py:186} INFO - Started process (PID=741) to work on /home/airflow/.local/lib/python3.12/site-packages/airflow/example_dags/example_sensors.py
[2024-11-03T00:53:12.390+0000] {processor.py:914} INFO - Processing file /home/airflow/.local/lib/python3.12/site-packages/airflow/example_dags/example_sensors.py for tasks to queue
[2024-11-03T00:53:12.392+0000] {logging_mixin.py:190} INFO - [2024-11-03T00:53:12.391+0000] {dagbag.py:588} INFO - Filling up the DagBag from /home/airflow/.local/lib/python3.12/site-packages/airflow/example_dags/example_sensors.py
[2024-11-03T00:53:12.400+0000] {processor.py:925} INFO - DAG(s) 'example_sensors' retrieved from /home/airflow/.local/lib/python3.12/site-packages/airflow/example_dags/example_sensors.py
[2024-11-03T00:53:12.424+0000] {logging_mixin.py:190} INFO - [2024-11-03T00:53:12.423+0000] {dag.py:3239} INFO - Sync 1 DAGs
[2024-11-03T00:53:12.436+0000] {logging_mixin.py:190} INFO - [2024-11-03T00:53:12.435+0000] {dag.py:4180} INFO - Setting next_dagrun for example_sensors to None, run_after=None
[2024-11-03T00:53:12.452+0000] {processor.py:208} INFO - Processing /home/airflow/.local/lib/python3.12/site-packages/airflow/example_dags/example_sensors.py took 0.069 seconds
[2024-11-03T00:53:42.955+0000] {processor.py:186} INFO - Started process (PID=805) to work on /home/airflow/.local/lib/python3.12/site-packages/airflow/example_dags/example_sensors.py
[2024-11-03T00:53:42.956+0000] {processor.py:914} INFO - Processing file /home/airflow/.local/lib/python3.12/site-packages/airflow/example_dags/example_sensors.py for tasks to queue
[2024-11-03T00:53:42.958+0000] {logging_mixin.py:190} INFO - [2024-11-03T00:53:42.958+0000] {dagbag.py:588} INFO - Filling up the DagBag from /home/airflow/.local/lib/python3.12/site-packages/airflow/example_dags/example_sensors.py
[2024-11-03T00:53:42.968+0000] {processor.py:925} INFO - DAG(s) 'example_sensors' retrieved from /home/airflow/.local/lib/python3.12/site-packages/airflow/example_dags/example_sensors.py
[2024-11-03T00:53:42.991+0000] {logging_mixin.py:190} INFO - [2024-11-03T00:53:42.991+0000] {dag.py:3239} INFO - Sync 1 DAGs
[2024-11-03T00:53:43.004+0000] {logging_mixin.py:190} INFO - [2024-11-03T00:53:43.003+0000] {dag.py:4180} INFO - Setting next_dagrun for example_sensors to None, run_after=None
[2024-11-03T00:53:43.019+0000] {processor.py:208} INFO - Processing /home/airflow/.local/lib/python3.12/site-packages/airflow/example_dags/example_sensors.py took 0.069 seconds
[2024-11-03T00:54:14.104+0000] {processor.py:186} INFO - Started process (PID=868) to work on /home/airflow/.local/lib/python3.12/site-packages/airflow/example_dags/example_sensors.py
[2024-11-03T00:54:14.105+0000] {processor.py:914} INFO - Processing file /home/airflow/.local/lib/python3.12/site-packages/airflow/example_dags/example_sensors.py for tasks to queue
[2024-11-03T00:54:14.107+0000] {logging_mixin.py:190} INFO - [2024-11-03T00:54:14.107+0000] {dagbag.py:588} INFO - Filling up the DagBag from /home/airflow/.local/lib/python3.12/site-packages/airflow/example_dags/example_sensors.py
[2024-11-03T00:54:14.117+0000] {processor.py:925} INFO - DAG(s) 'example_sensors' retrieved from /home/airflow/.local/lib/python3.12/site-packages/airflow/example_dags/example_sensors.py
[2024-11-03T00:54:14.140+0000] {logging_mixin.py:190} INFO - [2024-11-03T00:54:14.140+0000] {dag.py:3239} INFO - Sync 1 DAGs
[2024-11-03T00:54:14.153+0000] {logging_mixin.py:190} INFO - [2024-11-03T00:54:14.153+0000] {dag.py:4180} INFO - Setting next_dagrun for example_sensors to None, run_after=None
[2024-11-03T00:54:14.169+0000] {processor.py:208} INFO - Processing /home/airflow/.local/lib/python3.12/site-packages/airflow/example_dags/example_sensors.py took 0.070 seconds
[2024-11-03T00:54:44.480+0000] {processor.py:186} INFO - Started process (PID=931) to work on /home/airflow/.local/lib/python3.12/site-packages/airflow/example_dags/example_sensors.py
[2024-11-03T00:54:44.481+0000] {processor.py:914} INFO - Processing file /home/airflow/.local/lib/python3.12/site-packages/airflow/example_dags/example_sensors.py for tasks to queue
[2024-11-03T00:54:44.483+0000] {logging_mixin.py:190} INFO - [2024-11-03T00:54:44.483+0000] {dagbag.py:588} INFO - Filling up the DagBag from /home/airflow/.local/lib/python3.12/site-packages/airflow/example_dags/example_sensors.py
[2024-11-03T00:54:44.492+0000] {processor.py:925} INFO - DAG(s) 'example_sensors' retrieved from /home/airflow/.local/lib/python3.12/site-packages/airflow/example_dags/example_sensors.py
[2024-11-03T00:54:44.516+0000] {logging_mixin.py:190} INFO - [2024-11-03T00:54:44.516+0000] {dag.py:3239} INFO - Sync 1 DAGs
[2024-11-03T00:54:44.529+0000] {logging_mixin.py:190} INFO - [2024-11-03T00:54:44.529+0000] {dag.py:4180} INFO - Setting next_dagrun for example_sensors to None, run_after=None
[2024-11-03T00:54:44.547+0000] {processor.py:208} INFO - Processing /home/airflow/.local/lib/python3.12/site-packages/airflow/example_dags/example_sensors.py took 0.071 seconds
[2024-11-03T00:55:14.713+0000] {processor.py:186} INFO - Started process (PID=993) to work on /home/airflow/.local/lib/python3.12/site-packages/airflow/example_dags/example_sensors.py
[2024-11-03T00:55:14.714+0000] {processor.py:914} INFO - Processing file /home/airflow/.local/lib/python3.12/site-packages/airflow/example_dags/example_sensors.py for tasks to queue
[2024-11-03T00:55:14.716+0000] {logging_mixin.py:190} INFO - [2024-11-03T00:55:14.715+0000] {dagbag.py:588} INFO - Filling up the DagBag from /home/airflow/.local/lib/python3.12/site-packages/airflow/example_dags/example_sensors.py
[2024-11-03T00:55:14.724+0000] {processor.py:925} INFO - DAG(s) 'example_sensors' retrieved from /home/airflow/.local/lib/python3.12/site-packages/airflow/example_dags/example_sensors.py
[2024-11-03T00:55:14.748+0000] {logging_mixin.py:190} INFO - [2024-11-03T00:55:14.747+0000] {dag.py:3239} INFO - Sync 1 DAGs
[2024-11-03T00:55:14.760+0000] {logging_mixin.py:190} INFO - [2024-11-03T00:55:14.760+0000] {dag.py:4180} INFO - Setting next_dagrun for example_sensors to None, run_after=None
[2024-11-03T00:55:14.775+0000] {processor.py:208} INFO - Processing /home/airflow/.local/lib/python3.12/site-packages/airflow/example_dags/example_sensors.py took 0.067 seconds
[2024-11-03T00:55:45.448+0000] {processor.py:186} INFO - Started process (PID=1057) to work on /home/airflow/.local/lib/python3.12/site-packages/airflow/example_dags/example_sensors.py
[2024-11-03T00:55:45.450+0000] {processor.py:914} INFO - Processing file /home/airflow/.local/lib/python3.12/site-packages/airflow/example_dags/example_sensors.py for tasks to queue
[2024-11-03T00:55:45.452+0000] {logging_mixin.py:190} INFO - [2024-11-03T00:55:45.451+0000] {dagbag.py:588} INFO - Filling up the DagBag from /home/airflow/.local/lib/python3.12/site-packages/airflow/example_dags/example_sensors.py
[2024-11-03T00:55:45.461+0000] {processor.py:925} INFO - DAG(s) 'example_sensors' retrieved from /home/airflow/.local/lib/python3.12/site-packages/airflow/example_dags/example_sensors.py
[2024-11-03T00:55:45.486+0000] {logging_mixin.py:190} INFO - [2024-11-03T00:55:45.486+0000] {dag.py:3239} INFO - Sync 1 DAGs
[2024-11-03T00:55:45.498+0000] {logging_mixin.py:190} INFO - [2024-11-03T00:55:45.498+0000] {dag.py:4180} INFO - Setting next_dagrun for example_sensors to None, run_after=None
[2024-11-03T00:55:45.515+0000] {processor.py:208} INFO - Processing /home/airflow/.local/lib/python3.12/site-packages/airflow/example_dags/example_sensors.py took 0.072 seconds
[2024-11-03T00:56:15.894+0000] {processor.py:186} INFO - Started process (PID=1120) to work on /home/airflow/.local/lib/python3.12/site-packages/airflow/example_dags/example_sensors.py
[2024-11-03T00:56:15.895+0000] {processor.py:914} INFO - Processing file /home/airflow/.local/lib/python3.12/site-packages/airflow/example_dags/example_sensors.py for tasks to queue
[2024-11-03T00:56:15.898+0000] {logging_mixin.py:190} INFO - [2024-11-03T00:56:15.897+0000] {dagbag.py:588} INFO - Filling up the DagBag from /home/airflow/.local/lib/python3.12/site-packages/airflow/example_dags/example_sensors.py
[2024-11-03T00:56:15.911+0000] {processor.py:925} INFO - DAG(s) 'example_sensors' retrieved from /home/airflow/.local/lib/python3.12/site-packages/airflow/example_dags/example_sensors.py
[2024-11-03T00:56:15.944+0000] {logging_mixin.py:190} INFO - [2024-11-03T00:56:15.943+0000] {dag.py:3239} INFO - Sync 1 DAGs
[2024-11-03T00:56:15.959+0000] {logging_mixin.py:190} INFO - [2024-11-03T00:56:15.959+0000] {dag.py:4180} INFO - Setting next_dagrun for example_sensors to None, run_after=None
[2024-11-03T00:56:15.979+0000] {processor.py:208} INFO - Processing /home/airflow/.local/lib/python3.12/site-packages/airflow/example_dags/example_sensors.py took 0.091 seconds
[2024-11-03T00:56:46.089+0000] {processor.py:186} INFO - Started process (PID=1183) to work on /home/airflow/.local/lib/python3.12/site-packages/airflow/example_dags/example_sensors.py
[2024-11-03T00:56:46.090+0000] {processor.py:914} INFO - Processing file /home/airflow/.local/lib/python3.12/site-packages/airflow/example_dags/example_sensors.py for tasks to queue
[2024-11-03T00:56:46.092+0000] {logging_mixin.py:190} INFO - [2024-11-03T00:56:46.091+0000] {dagbag.py:588} INFO - Filling up the DagBag from /home/airflow/.local/lib/python3.12/site-packages/airflow/example_dags/example_sensors.py
[2024-11-03T00:56:46.100+0000] {processor.py:925} INFO - DAG(s) 'example_sensors' retrieved from /home/airflow/.local/lib/python3.12/site-packages/airflow/example_dags/example_sensors.py
[2024-11-03T00:56:46.123+0000] {logging_mixin.py:190} INFO - [2024-11-03T00:56:46.123+0000] {dag.py:3239} INFO - Sync 1 DAGs
[2024-11-03T00:56:46.135+0000] {logging_mixin.py:190} INFO - [2024-11-03T00:56:46.135+0000] {dag.py:4180} INFO - Setting next_dagrun for example_sensors to None, run_after=None
[2024-11-03T00:56:46.151+0000] {processor.py:208} INFO - Processing /home/airflow/.local/lib/python3.12/site-packages/airflow/example_dags/example_sensors.py took 0.067 seconds
[2024-11-03T00:57:16.604+0000] {processor.py:186} INFO - Started process (PID=1246) to work on /home/airflow/.local/lib/python3.12/site-packages/airflow/example_dags/example_sensors.py
[2024-11-03T00:57:16.605+0000] {processor.py:914} INFO - Processing file /home/airflow/.local/lib/python3.12/site-packages/airflow/example_dags/example_sensors.py for tasks to queue
[2024-11-03T00:57:16.606+0000] {logging_mixin.py:190} INFO - [2024-11-03T00:57:16.606+0000] {dagbag.py:588} INFO - Filling up the DagBag from /home/airflow/.local/lib/python3.12/site-packages/airflow/example_dags/example_sensors.py
[2024-11-03T00:57:16.615+0000] {processor.py:925} INFO - DAG(s) 'example_sensors' retrieved from /home/airflow/.local/lib/python3.12/site-packages/airflow/example_dags/example_sensors.py
[2024-11-03T00:57:16.637+0000] {logging_mixin.py:190} INFO - [2024-11-03T00:57:16.637+0000] {dag.py:3239} INFO - Sync 1 DAGs
[2024-11-03T00:57:16.651+0000] {logging_mixin.py:190} INFO - [2024-11-03T00:57:16.650+0000] {dag.py:4180} INFO - Setting next_dagrun for example_sensors to None, run_after=None
[2024-11-03T00:57:16.665+0000] {processor.py:208} INFO - Processing /home/airflow/.local/lib/python3.12/site-packages/airflow/example_dags/example_sensors.py took 0.067 seconds
[2024-11-03T00:57:46.709+0000] {processor.py:186} INFO - Started process (PID=1308) to work on /home/airflow/.local/lib/python3.12/site-packages/airflow/example_dags/example_sensors.py
[2024-11-03T00:57:46.710+0000] {processor.py:914} INFO - Processing file /home/airflow/.local/lib/python3.12/site-packages/airflow/example_dags/example_sensors.py for tasks to queue
[2024-11-03T00:57:46.712+0000] {logging_mixin.py:190} INFO - [2024-11-03T00:57:46.712+0000] {dagbag.py:588} INFO - Filling up the DagBag from /home/airflow/.local/lib/python3.12/site-packages/airflow/example_dags/example_sensors.py
[2024-11-03T00:57:46.722+0000] {processor.py:925} INFO - DAG(s) 'example_sensors' retrieved from /home/airflow/.local/lib/python3.12/site-packages/airflow/example_dags/example_sensors.py
[2024-11-03T00:57:46.745+0000] {logging_mixin.py:190} INFO - [2024-11-03T00:57:46.745+0000] {dag.py:3239} INFO - Sync 1 DAGs
[2024-11-03T00:57:46.758+0000] {logging_mixin.py:190} INFO - [2024-11-03T00:57:46.758+0000] {dag.py:4180} INFO - Setting next_dagrun for example_sensors to None, run_after=None
[2024-11-03T00:57:46.774+0000] {processor.py:208} INFO - Processing /home/airflow/.local/lib/python3.12/site-packages/airflow/example_dags/example_sensors.py took 0.071 seconds
[2024-11-03T00:58:17.154+0000] {processor.py:186} INFO - Started process (PID=1372) to work on /home/airflow/.local/lib/python3.12/site-packages/airflow/example_dags/example_sensors.py
[2024-11-03T00:58:17.155+0000] {processor.py:914} INFO - Processing file /home/airflow/.local/lib/python3.12/site-packages/airflow/example_dags/example_sensors.py for tasks to queue
[2024-11-03T00:58:17.157+0000] {logging_mixin.py:190} INFO - [2024-11-03T00:58:17.157+0000] {dagbag.py:588} INFO - Filling up the DagBag from /home/airflow/.local/lib/python3.12/site-packages/airflow/example_dags/example_sensors.py
[2024-11-03T00:58:17.167+0000] {processor.py:925} INFO - DAG(s) 'example_sensors' retrieved from /home/airflow/.local/lib/python3.12/site-packages/airflow/example_dags/example_sensors.py
[2024-11-03T00:58:17.190+0000] {logging_mixin.py:190} INFO - [2024-11-03T00:58:17.190+0000] {dag.py:3239} INFO - Sync 1 DAGs
[2024-11-03T00:58:17.203+0000] {logging_mixin.py:190} INFO - [2024-11-03T00:58:17.202+0000] {dag.py:4180} INFO - Setting next_dagrun for example_sensors to None, run_after=None
[2024-11-03T00:58:17.218+0000] {processor.py:208} INFO - Processing /home/airflow/.local/lib/python3.12/site-packages/airflow/example_dags/example_sensors.py took 0.068 seconds
[2024-11-03T00:58:47.374+0000] {processor.py:186} INFO - Started process (PID=1435) to work on /home/airflow/.local/lib/python3.12/site-packages/airflow/example_dags/example_sensors.py
[2024-11-03T00:58:47.375+0000] {processor.py:914} INFO - Processing file /home/airflow/.local/lib/python3.12/site-packages/airflow/example_dags/example_sensors.py for tasks to queue
[2024-11-03T00:58:47.377+0000] {logging_mixin.py:190} INFO - [2024-11-03T00:58:47.376+0000] {dagbag.py:588} INFO - Filling up the DagBag from /home/airflow/.local/lib/python3.12/site-packages/airflow/example_dags/example_sensors.py
[2024-11-03T00:58:47.385+0000] {processor.py:925} INFO - DAG(s) 'example_sensors' retrieved from /home/airflow/.local/lib/python3.12/site-packages/airflow/example_dags/example_sensors.py
[2024-11-03T00:58:47.410+0000] {logging_mixin.py:190} INFO - [2024-11-03T00:58:47.410+0000] {dag.py:3239} INFO - Sync 1 DAGs
[2024-11-03T00:58:47.423+0000] {logging_mixin.py:190} INFO - [2024-11-03T00:58:47.423+0000] {dag.py:4180} INFO - Setting next_dagrun for example_sensors to None, run_after=None
[2024-11-03T00:58:47.441+0000] {processor.py:208} INFO - Processing /home/airflow/.local/lib/python3.12/site-packages/airflow/example_dags/example_sensors.py took 0.071 seconds
[2024-11-03T00:59:17.931+0000] {processor.py:186} INFO - Started process (PID=1498) to work on /home/airflow/.local/lib/python3.12/site-packages/airflow/example_dags/example_sensors.py
[2024-11-03T00:59:17.932+0000] {processor.py:914} INFO - Processing file /home/airflow/.local/lib/python3.12/site-packages/airflow/example_dags/example_sensors.py for tasks to queue
[2024-11-03T00:59:17.933+0000] {logging_mixin.py:190} INFO - [2024-11-03T00:59:17.933+0000] {dagbag.py:588} INFO - Filling up the DagBag from /home/airflow/.local/lib/python3.12/site-packages/airflow/example_dags/example_sensors.py
[2024-11-03T00:59:17.942+0000] {processor.py:925} INFO - DAG(s) 'example_sensors' retrieved from /home/airflow/.local/lib/python3.12/site-packages/airflow/example_dags/example_sensors.py
[2024-11-03T00:59:17.962+0000] {logging_mixin.py:190} INFO - [2024-11-03T00:59:17.962+0000] {dag.py:3239} INFO - Sync 1 DAGs
[2024-11-03T00:59:17.974+0000] {logging_mixin.py:190} INFO - [2024-11-03T00:59:17.974+0000] {dag.py:4180} INFO - Setting next_dagrun for example_sensors to None, run_after=None
[2024-11-03T00:59:17.989+0000] {processor.py:208} INFO - Processing /home/airflow/.local/lib/python3.12/site-packages/airflow/example_dags/example_sensors.py took 0.063 seconds
[2024-11-03T00:59:48.043+0000] {processor.py:186} INFO - Started process (PID=1561) to work on /home/airflow/.local/lib/python3.12/site-packages/airflow/example_dags/example_sensors.py
[2024-11-03T00:59:48.044+0000] {processor.py:914} INFO - Processing file /home/airflow/.local/lib/python3.12/site-packages/airflow/example_dags/example_sensors.py for tasks to queue
[2024-11-03T00:59:48.046+0000] {logging_mixin.py:190} INFO - [2024-11-03T00:59:48.045+0000] {dagbag.py:588} INFO - Filling up the DagBag from /home/airflow/.local/lib/python3.12/site-packages/airflow/example_dags/example_sensors.py
[2024-11-03T00:59:48.054+0000] {processor.py:925} INFO - DAG(s) 'example_sensors' retrieved from /home/airflow/.local/lib/python3.12/site-packages/airflow/example_dags/example_sensors.py
[2024-11-03T00:59:48.075+0000] {logging_mixin.py:190} INFO - [2024-11-03T00:59:48.075+0000] {dag.py:3239} INFO - Sync 1 DAGs
[2024-11-03T00:59:48.087+0000] {logging_mixin.py:190} INFO - [2024-11-03T00:59:48.087+0000] {dag.py:4180} INFO - Setting next_dagrun for example_sensors to None, run_after=None
[2024-11-03T00:59:48.102+0000] {processor.py:208} INFO - Processing /home/airflow/.local/lib/python3.12/site-packages/airflow/example_dags/example_sensors.py took 0.064 seconds
[2024-11-03T01:00:18.708+0000] {processor.py:186} INFO - Started process (PID=1623) to work on /home/airflow/.local/lib/python3.12/site-packages/airflow/example_dags/example_sensors.py
[2024-11-03T01:00:18.709+0000] {processor.py:914} INFO - Processing file /home/airflow/.local/lib/python3.12/site-packages/airflow/example_dags/example_sensors.py for tasks to queue
[2024-11-03T01:00:18.710+0000] {logging_mixin.py:190} INFO - [2024-11-03T01:00:18.710+0000] {dagbag.py:588} INFO - Filling up the DagBag from /home/airflow/.local/lib/python3.12/site-packages/airflow/example_dags/example_sensors.py
[2024-11-03T01:00:18.719+0000] {processor.py:925} INFO - DAG(s) 'example_sensors' retrieved from /home/airflow/.local/lib/python3.12/site-packages/airflow/example_dags/example_sensors.py
[2024-11-03T01:00:18.741+0000] {logging_mixin.py:190} INFO - [2024-11-03T01:00:18.741+0000] {dag.py:3239} INFO - Sync 1 DAGs
[2024-11-03T01:00:18.754+0000] {logging_mixin.py:190} INFO - [2024-11-03T01:00:18.753+0000] {dag.py:4180} INFO - Setting next_dagrun for example_sensors to None, run_after=None
[2024-11-03T01:00:18.768+0000] {processor.py:208} INFO - Processing /home/airflow/.local/lib/python3.12/site-packages/airflow/example_dags/example_sensors.py took 0.065 seconds
[2024-11-03T01:00:49.352+0000] {processor.py:186} INFO - Started process (PID=1687) to work on /home/airflow/.local/lib/python3.12/site-packages/airflow/example_dags/example_sensors.py
[2024-11-03T01:00:49.352+0000] {processor.py:914} INFO - Processing file /home/airflow/.local/lib/python3.12/site-packages/airflow/example_dags/example_sensors.py for tasks to queue
[2024-11-03T01:00:49.355+0000] {logging_mixin.py:190} INFO - [2024-11-03T01:00:49.354+0000] {dagbag.py:588} INFO - Filling up the DagBag from /home/airflow/.local/lib/python3.12/site-packages/airflow/example_dags/example_sensors.py
[2024-11-03T01:00:49.365+0000] {processor.py:925} INFO - DAG(s) 'example_sensors' retrieved from /home/airflow/.local/lib/python3.12/site-packages/airflow/example_dags/example_sensors.py
[2024-11-03T01:00:49.390+0000] {logging_mixin.py:190} INFO - [2024-11-03T01:00:49.389+0000] {dag.py:3239} INFO - Sync 1 DAGs
[2024-11-03T01:00:49.403+0000] {logging_mixin.py:190} INFO - [2024-11-03T01:00:49.402+0000] {dag.py:4180} INFO - Setting next_dagrun for example_sensors to None, run_after=None
[2024-11-03T01:00:49.419+0000] {processor.py:208} INFO - Processing /home/airflow/.local/lib/python3.12/site-packages/airflow/example_dags/example_sensors.py took 0.073 seconds
[2024-11-03T01:01:19.784+0000] {processor.py:186} INFO - Started process (PID=1750) to work on /home/airflow/.local/lib/python3.12/site-packages/airflow/example_dags/example_sensors.py
[2024-11-03T01:01:19.785+0000] {processor.py:914} INFO - Processing file /home/airflow/.local/lib/python3.12/site-packages/airflow/example_dags/example_sensors.py for tasks to queue
[2024-11-03T01:01:19.787+0000] {logging_mixin.py:190} INFO - [2024-11-03T01:01:19.787+0000] {dagbag.py:588} INFO - Filling up the DagBag from /home/airflow/.local/lib/python3.12/site-packages/airflow/example_dags/example_sensors.py
[2024-11-03T01:01:19.796+0000] {processor.py:925} INFO - DAG(s) 'example_sensors' retrieved from /home/airflow/.local/lib/python3.12/site-packages/airflow/example_dags/example_sensors.py
[2024-11-03T01:01:19.817+0000] {logging_mixin.py:190} INFO - [2024-11-03T01:01:19.817+0000] {dag.py:3239} INFO - Sync 1 DAGs
[2024-11-03T01:01:19.829+0000] {logging_mixin.py:190} INFO - [2024-11-03T01:01:19.829+0000] {dag.py:4180} INFO - Setting next_dagrun for example_sensors to None, run_after=None
[2024-11-03T01:01:19.845+0000] {processor.py:208} INFO - Processing /home/airflow/.local/lib/python3.12/site-packages/airflow/example_dags/example_sensors.py took 0.065 seconds
[2024-11-03T01:01:50.270+0000] {processor.py:186} INFO - Started process (PID=1813) to work on /home/airflow/.local/lib/python3.12/site-packages/airflow/example_dags/example_sensors.py
[2024-11-03T01:01:50.271+0000] {processor.py:914} INFO - Processing file /home/airflow/.local/lib/python3.12/site-packages/airflow/example_dags/example_sensors.py for tasks to queue
[2024-11-03T01:01:50.273+0000] {logging_mixin.py:190} INFO - [2024-11-03T01:01:50.272+0000] {dagbag.py:588} INFO - Filling up the DagBag from /home/airflow/.local/lib/python3.12/site-packages/airflow/example_dags/example_sensors.py
[2024-11-03T01:01:50.281+0000] {processor.py:925} INFO - DAG(s) 'example_sensors' retrieved from /home/airflow/.local/lib/python3.12/site-packages/airflow/example_dags/example_sensors.py
[2024-11-03T01:01:50.305+0000] {logging_mixin.py:190} INFO - [2024-11-03T01:01:50.304+0000] {dag.py:3239} INFO - Sync 1 DAGs
[2024-11-03T01:01:50.318+0000] {logging_mixin.py:190} INFO - [2024-11-03T01:01:50.318+0000] {dag.py:4180} INFO - Setting next_dagrun for example_sensors to None, run_after=None
[2024-11-03T01:01:50.336+0000] {processor.py:208} INFO - Processing /home/airflow/.local/lib/python3.12/site-packages/airflow/example_dags/example_sensors.py took 0.071 seconds
[2024-11-03T01:02:20.409+0000] {processor.py:186} INFO - Started process (PID=1876) to work on /home/airflow/.local/lib/python3.12/site-packages/airflow/example_dags/example_sensors.py
[2024-11-03T01:02:20.410+0000] {processor.py:914} INFO - Processing file /home/airflow/.local/lib/python3.12/site-packages/airflow/example_dags/example_sensors.py for tasks to queue
[2024-11-03T01:02:20.412+0000] {logging_mixin.py:190} INFO - [2024-11-03T01:02:20.412+0000] {dagbag.py:588} INFO - Filling up the DagBag from /home/airflow/.local/lib/python3.12/site-packages/airflow/example_dags/example_sensors.py
[2024-11-03T01:02:20.421+0000] {processor.py:925} INFO - DAG(s) 'example_sensors' retrieved from /home/airflow/.local/lib/python3.12/site-packages/airflow/example_dags/example_sensors.py
[2024-11-03T01:02:20.445+0000] {logging_mixin.py:190} INFO - [2024-11-03T01:02:20.444+0000] {dag.py:3239} INFO - Sync 1 DAGs
[2024-11-03T01:02:20.458+0000] {logging_mixin.py:190} INFO - [2024-11-03T01:02:20.457+0000] {dag.py:4180} INFO - Setting next_dagrun for example_sensors to None, run_after=None
[2024-11-03T01:02:20.473+0000] {processor.py:208} INFO - Processing /home/airflow/.local/lib/python3.12/site-packages/airflow/example_dags/example_sensors.py took 0.069 seconds
[2024-11-03T01:02:50.649+0000] {processor.py:186} INFO - Started process (PID=1938) to work on /home/airflow/.local/lib/python3.12/site-packages/airflow/example_dags/example_sensors.py
[2024-11-03T01:02:50.650+0000] {processor.py:914} INFO - Processing file /home/airflow/.local/lib/python3.12/site-packages/airflow/example_dags/example_sensors.py for tasks to queue
[2024-11-03T01:02:50.651+0000] {logging_mixin.py:190} INFO - [2024-11-03T01:02:50.651+0000] {dagbag.py:588} INFO - Filling up the DagBag from /home/airflow/.local/lib/python3.12/site-packages/airflow/example_dags/example_sensors.py
[2024-11-03T01:02:50.661+0000] {processor.py:925} INFO - DAG(s) 'example_sensors' retrieved from /home/airflow/.local/lib/python3.12/site-packages/airflow/example_dags/example_sensors.py
[2024-11-03T01:02:50.684+0000] {logging_mixin.py:190} INFO - [2024-11-03T01:02:50.683+0000] {dag.py:3239} INFO - Sync 1 DAGs
[2024-11-03T01:02:50.696+0000] {logging_mixin.py:190} INFO - [2024-11-03T01:02:50.696+0000] {dag.py:4180} INFO - Setting next_dagrun for example_sensors to None, run_after=None
[2024-11-03T01:02:50.712+0000] {processor.py:208} INFO - Processing /home/airflow/.local/lib/python3.12/site-packages/airflow/example_dags/example_sensors.py took 0.068 seconds
[2024-11-03T01:03:21.289+0000] {processor.py:186} INFO - Started process (PID=2001) to work on /home/airflow/.local/lib/python3.12/site-packages/airflow/example_dags/example_sensors.py
[2024-11-03T01:03:21.289+0000] {processor.py:914} INFO - Processing file /home/airflow/.local/lib/python3.12/site-packages/airflow/example_dags/example_sensors.py for tasks to queue
[2024-11-03T01:03:21.291+0000] {logging_mixin.py:190} INFO - [2024-11-03T01:03:21.291+0000] {dagbag.py:588} INFO - Filling up the DagBag from /home/airflow/.local/lib/python3.12/site-packages/airflow/example_dags/example_sensors.py
[2024-11-03T01:03:21.300+0000] {processor.py:925} INFO - DAG(s) 'example_sensors' retrieved from /home/airflow/.local/lib/python3.12/site-packages/airflow/example_dags/example_sensors.py
[2024-11-03T01:03:21.323+0000] {logging_mixin.py:190} INFO - [2024-11-03T01:03:21.323+0000] {dag.py:3239} INFO - Sync 1 DAGs
[2024-11-03T01:03:21.337+0000] {logging_mixin.py:190} INFO - [2024-11-03T01:03:21.337+0000] {dag.py:4180} INFO - Setting next_dagrun for example_sensors to None, run_after=None
[2024-11-03T01:03:21.354+0000] {processor.py:208} INFO - Processing /home/airflow/.local/lib/python3.12/site-packages/airflow/example_dags/example_sensors.py took 0.070 seconds
[2024-11-03T01:03:52.259+0000] {processor.py:186} INFO - Started process (PID=2065) to work on /home/airflow/.local/lib/python3.12/site-packages/airflow/example_dags/example_sensors.py
[2024-11-03T01:03:52.260+0000] {processor.py:914} INFO - Processing file /home/airflow/.local/lib/python3.12/site-packages/airflow/example_dags/example_sensors.py for tasks to queue
[2024-11-03T01:03:52.262+0000] {logging_mixin.py:190} INFO - [2024-11-03T01:03:52.262+0000] {dagbag.py:588} INFO - Filling up the DagBag from /home/airflow/.local/lib/python3.12/site-packages/airflow/example_dags/example_sensors.py
[2024-11-03T01:03:52.272+0000] {processor.py:925} INFO - DAG(s) 'example_sensors' retrieved from /home/airflow/.local/lib/python3.12/site-packages/airflow/example_dags/example_sensors.py
[2024-11-03T01:03:52.294+0000] {logging_mixin.py:190} INFO - [2024-11-03T01:03:52.294+0000] {dag.py:3239} INFO - Sync 1 DAGs
[2024-11-03T01:03:52.307+0000] {logging_mixin.py:190} INFO - [2024-11-03T01:03:52.307+0000] {dag.py:4180} INFO - Setting next_dagrun for example_sensors to None, run_after=None
[2024-11-03T01:03:52.323+0000] {processor.py:208} INFO - Processing /home/airflow/.local/lib/python3.12/site-packages/airflow/example_dags/example_sensors.py took 0.069 seconds
[2024-11-03T01:04:23.082+0000] {processor.py:186} INFO - Started process (PID=2128) to work on /home/airflow/.local/lib/python3.12/site-packages/airflow/example_dags/example_sensors.py
[2024-11-03T01:04:23.084+0000] {processor.py:914} INFO - Processing file /home/airflow/.local/lib/python3.12/site-packages/airflow/example_dags/example_sensors.py for tasks to queue
[2024-11-03T01:04:23.086+0000] {logging_mixin.py:190} INFO - [2024-11-03T01:04:23.086+0000] {dagbag.py:588} INFO - Filling up the DagBag from /home/airflow/.local/lib/python3.12/site-packages/airflow/example_dags/example_sensors.py
[2024-11-03T01:04:23.097+0000] {processor.py:925} INFO - DAG(s) 'example_sensors' retrieved from /home/airflow/.local/lib/python3.12/site-packages/airflow/example_dags/example_sensors.py
[2024-11-03T01:04:23.127+0000] {logging_mixin.py:190} INFO - [2024-11-03T01:04:23.127+0000] {dag.py:3239} INFO - Sync 1 DAGs
[2024-11-03T01:04:23.143+0000] {logging_mixin.py:190} INFO - [2024-11-03T01:04:23.142+0000] {dag.py:4180} INFO - Setting next_dagrun for example_sensors to None, run_after=None
[2024-11-03T01:04:23.166+0000] {processor.py:208} INFO - Processing /home/airflow/.local/lib/python3.12/site-packages/airflow/example_dags/example_sensors.py took 0.088 seconds
[2024-11-03T01:04:53.535+0000] {processor.py:186} INFO - Started process (PID=2191) to work on /home/airflow/.local/lib/python3.12/site-packages/airflow/example_dags/example_sensors.py
[2024-11-03T01:04:53.536+0000] {processor.py:914} INFO - Processing file /home/airflow/.local/lib/python3.12/site-packages/airflow/example_dags/example_sensors.py for tasks to queue
[2024-11-03T01:04:53.537+0000] {logging_mixin.py:190} INFO - [2024-11-03T01:04:53.537+0000] {dagbag.py:588} INFO - Filling up the DagBag from /home/airflow/.local/lib/python3.12/site-packages/airflow/example_dags/example_sensors.py
[2024-11-03T01:04:53.546+0000] {processor.py:925} INFO - DAG(s) 'example_sensors' retrieved from /home/airflow/.local/lib/python3.12/site-packages/airflow/example_dags/example_sensors.py
[2024-11-03T01:04:53.569+0000] {logging_mixin.py:190} INFO - [2024-11-03T01:04:53.569+0000] {dag.py:3239} INFO - Sync 1 DAGs
[2024-11-03T01:04:53.581+0000] {logging_mixin.py:190} INFO - [2024-11-03T01:04:53.581+0000] {dag.py:4180} INFO - Setting next_dagrun for example_sensors to None, run_after=None
[2024-11-03T01:04:53.597+0000] {processor.py:208} INFO - Processing /home/airflow/.local/lib/python3.12/site-packages/airflow/example_dags/example_sensors.py took 0.067 seconds
[2024-11-03T01:05:24.190+0000] {processor.py:186} INFO - Started process (PID=2254) to work on /home/airflow/.local/lib/python3.12/site-packages/airflow/example_dags/example_sensors.py
[2024-11-03T01:05:24.191+0000] {processor.py:914} INFO - Processing file /home/airflow/.local/lib/python3.12/site-packages/airflow/example_dags/example_sensors.py for tasks to queue
[2024-11-03T01:05:24.193+0000] {logging_mixin.py:190} INFO - [2024-11-03T01:05:24.193+0000] {dagbag.py:588} INFO - Filling up the DagBag from /home/airflow/.local/lib/python3.12/site-packages/airflow/example_dags/example_sensors.py
[2024-11-03T01:05:24.204+0000] {processor.py:925} INFO - DAG(s) 'example_sensors' retrieved from /home/airflow/.local/lib/python3.12/site-packages/airflow/example_dags/example_sensors.py
[2024-11-03T01:05:24.227+0000] {logging_mixin.py:190} INFO - [2024-11-03T01:05:24.227+0000] {dag.py:3239} INFO - Sync 1 DAGs
[2024-11-03T01:05:24.243+0000] {logging_mixin.py:190} INFO - [2024-11-03T01:05:24.242+0000] {dag.py:4180} INFO - Setting next_dagrun for example_sensors to None, run_after=None
[2024-11-03T01:05:24.260+0000] {processor.py:208} INFO - Processing /home/airflow/.local/lib/python3.12/site-packages/airflow/example_dags/example_sensors.py took 0.077 seconds
[2024-11-03T01:05:54.567+0000] {processor.py:186} INFO - Started process (PID=2316) to work on /home/airflow/.local/lib/python3.12/site-packages/airflow/example_dags/example_sensors.py
[2024-11-03T01:05:54.568+0000] {processor.py:914} INFO - Processing file /home/airflow/.local/lib/python3.12/site-packages/airflow/example_dags/example_sensors.py for tasks to queue
[2024-11-03T01:05:54.571+0000] {logging_mixin.py:190} INFO - [2024-11-03T01:05:54.571+0000] {dagbag.py:588} INFO - Filling up the DagBag from /home/airflow/.local/lib/python3.12/site-packages/airflow/example_dags/example_sensors.py
[2024-11-03T01:05:54.584+0000] {processor.py:925} INFO - DAG(s) 'example_sensors' retrieved from /home/airflow/.local/lib/python3.12/site-packages/airflow/example_dags/example_sensors.py
[2024-11-03T01:05:54.611+0000] {logging_mixin.py:190} INFO - [2024-11-03T01:05:54.611+0000] {dag.py:3239} INFO - Sync 1 DAGs
[2024-11-03T01:05:54.625+0000] {logging_mixin.py:190} INFO - [2024-11-03T01:05:54.625+0000] {dag.py:4180} INFO - Setting next_dagrun for example_sensors to None, run_after=None
[2024-11-03T01:05:54.644+0000] {processor.py:208} INFO - Processing /home/airflow/.local/lib/python3.12/site-packages/airflow/example_dags/example_sensors.py took 0.082 seconds
[2024-11-03T01:06:25.520+0000] {processor.py:186} INFO - Started process (PID=2380) to work on /home/airflow/.local/lib/python3.12/site-packages/airflow/example_dags/example_sensors.py
[2024-11-03T01:06:25.522+0000] {processor.py:914} INFO - Processing file /home/airflow/.local/lib/python3.12/site-packages/airflow/example_dags/example_sensors.py for tasks to queue
[2024-11-03T01:06:25.524+0000] {logging_mixin.py:190} INFO - [2024-11-03T01:06:25.524+0000] {dagbag.py:588} INFO - Filling up the DagBag from /home/airflow/.local/lib/python3.12/site-packages/airflow/example_dags/example_sensors.py
[2024-11-03T01:06:25.535+0000] {processor.py:925} INFO - DAG(s) 'example_sensors' retrieved from /home/airflow/.local/lib/python3.12/site-packages/airflow/example_dags/example_sensors.py
[2024-11-03T01:06:25.570+0000] {logging_mixin.py:190} INFO - [2024-11-03T01:06:25.569+0000] {dag.py:3239} INFO - Sync 1 DAGs
[2024-11-03T01:06:25.584+0000] {logging_mixin.py:190} INFO - [2024-11-03T01:06:25.583+0000] {dag.py:4180} INFO - Setting next_dagrun for example_sensors to None, run_after=None
[2024-11-03T01:06:25.603+0000] {processor.py:208} INFO - Processing /home/airflow/.local/lib/python3.12/site-packages/airflow/example_dags/example_sensors.py took 0.090 seconds
