[2024-11-03T00:00:02.805+0000] {processor.py:186} INFO - Started process (PID=774) to work on /home/airflow/.local/lib/python3.12/site-packages/airflow/example_dags/tutorial.py
[2024-11-03T00:00:02.806+0000] {processor.py:914} INFO - Processing file /home/airflow/.local/lib/python3.12/site-packages/airflow/example_dags/tutorial.py for tasks to queue
[2024-11-03T00:00:02.808+0000] {logging_mixin.py:190} INFO - [2024-11-03T00:00:02.808+0000] {dagbag.py:588} INFO - Filling up the DagBag from /home/airflow/.local/lib/python3.12/site-packages/airflow/example_dags/tutorial.py
[2024-11-03T00:00:02.815+0000] {processor.py:925} INFO - DAG(s) 'tutorial' retrieved from /home/airflow/.local/lib/python3.12/site-packages/airflow/example_dags/tutorial.py
[2024-11-03T00:00:02.834+0000] {logging_mixin.py:190} INFO - [2024-11-03T00:00:02.834+0000] {dag.py:3239} INFO - Sync 1 DAGs
[2024-11-03T00:00:02.854+0000] {logging_mixin.py:190} INFO - [2024-11-03T00:00:02.854+0000] {dag.py:4180} INFO - Setting next_dagrun for tutorial to 2024-11-02 00:00:00+00:00, run_after=2024-11-03 00:00:00+00:00
[2024-11-03T00:00:02.870+0000] {processor.py:208} INFO - Processing /home/airflow/.local/lib/python3.12/site-packages/airflow/example_dags/tutorial.py took 0.070 seconds
[2024-11-03T00:00:33.271+0000] {processor.py:186} INFO - Started process (PID=837) to work on /home/airflow/.local/lib/python3.12/site-packages/airflow/example_dags/tutorial.py
[2024-11-03T00:00:33.272+0000] {processor.py:914} INFO - Processing file /home/airflow/.local/lib/python3.12/site-packages/airflow/example_dags/tutorial.py for tasks to queue
[2024-11-03T00:00:33.274+0000] {logging_mixin.py:190} INFO - [2024-11-03T00:00:33.273+0000] {dagbag.py:588} INFO - Filling up the DagBag from /home/airflow/.local/lib/python3.12/site-packages/airflow/example_dags/tutorial.py
[2024-11-03T00:00:33.280+0000] {processor.py:925} INFO - DAG(s) 'tutorial' retrieved from /home/airflow/.local/lib/python3.12/site-packages/airflow/example_dags/tutorial.py
[2024-11-03T00:00:33.297+0000] {logging_mixin.py:190} INFO - [2024-11-03T00:00:33.297+0000] {dag.py:3239} INFO - Sync 1 DAGs
[2024-11-03T00:00:33.316+0000] {logging_mixin.py:190} INFO - [2024-11-03T00:00:33.316+0000] {dag.py:4180} INFO - Setting next_dagrun for tutorial to 2024-11-02 00:00:00+00:00, run_after=2024-11-03 00:00:00+00:00
[2024-11-03T00:00:33.330+0000] {processor.py:208} INFO - Processing /home/airflow/.local/lib/python3.12/site-packages/airflow/example_dags/tutorial.py took 0.064 seconds
[2024-11-03T00:01:04.023+0000] {processor.py:186} INFO - Started process (PID=900) to work on /home/airflow/.local/lib/python3.12/site-packages/airflow/example_dags/tutorial.py
[2024-11-03T00:01:04.024+0000] {processor.py:914} INFO - Processing file /home/airflow/.local/lib/python3.12/site-packages/airflow/example_dags/tutorial.py for tasks to queue
[2024-11-03T00:01:04.025+0000] {logging_mixin.py:190} INFO - [2024-11-03T00:01:04.025+0000] {dagbag.py:588} INFO - Filling up the DagBag from /home/airflow/.local/lib/python3.12/site-packages/airflow/example_dags/tutorial.py
[2024-11-03T00:01:04.031+0000] {processor.py:925} INFO - DAG(s) 'tutorial' retrieved from /home/airflow/.local/lib/python3.12/site-packages/airflow/example_dags/tutorial.py
[2024-11-03T00:01:04.048+0000] {logging_mixin.py:190} INFO - [2024-11-03T00:01:04.048+0000] {dag.py:3239} INFO - Sync 1 DAGs
[2024-11-03T00:01:04.067+0000] {logging_mixin.py:190} INFO - [2024-11-03T00:01:04.067+0000] {dag.py:4180} INFO - Setting next_dagrun for tutorial to 2024-11-02 00:00:00+00:00, run_after=2024-11-03 00:00:00+00:00
[2024-11-03T00:01:04.082+0000] {processor.py:208} INFO - Processing /home/airflow/.local/lib/python3.12/site-packages/airflow/example_dags/tutorial.py took 0.063 seconds
[2024-11-03T00:01:34.895+0000] {processor.py:186} INFO - Started process (PID=963) to work on /home/airflow/.local/lib/python3.12/site-packages/airflow/example_dags/tutorial.py
[2024-11-03T00:01:34.895+0000] {processor.py:914} INFO - Processing file /home/airflow/.local/lib/python3.12/site-packages/airflow/example_dags/tutorial.py for tasks to queue
[2024-11-03T00:01:34.897+0000] {logging_mixin.py:190} INFO - [2024-11-03T00:01:34.897+0000] {dagbag.py:588} INFO - Filling up the DagBag from /home/airflow/.local/lib/python3.12/site-packages/airflow/example_dags/tutorial.py
[2024-11-03T00:01:34.904+0000] {processor.py:925} INFO - DAG(s) 'tutorial' retrieved from /home/airflow/.local/lib/python3.12/site-packages/airflow/example_dags/tutorial.py
[2024-11-03T00:01:34.920+0000] {logging_mixin.py:190} INFO - [2024-11-03T00:01:34.920+0000] {dag.py:3239} INFO - Sync 1 DAGs
[2024-11-03T00:01:34.941+0000] {logging_mixin.py:190} INFO - [2024-11-03T00:01:34.940+0000] {dag.py:4180} INFO - Setting next_dagrun for tutorial to 2024-11-02 00:00:00+00:00, run_after=2024-11-03 00:00:00+00:00
[2024-11-03T00:01:34.955+0000] {processor.py:208} INFO - Processing /home/airflow/.local/lib/python3.12/site-packages/airflow/example_dags/tutorial.py took 0.065 seconds
[2024-11-03T00:48:03.264+0000] {processor.py:186} INFO - Started process (PID=79) to work on /home/airflow/.local/lib/python3.12/site-packages/airflow/example_dags/tutorial.py
[2024-11-03T00:48:03.265+0000] {processor.py:914} INFO - Processing file /home/airflow/.local/lib/python3.12/site-packages/airflow/example_dags/tutorial.py for tasks to queue
[2024-11-03T00:48:03.268+0000] {logging_mixin.py:190} INFO - [2024-11-03T00:48:03.268+0000] {dagbag.py:588} INFO - Filling up the DagBag from /home/airflow/.local/lib/python3.12/site-packages/airflow/example_dags/tutorial.py
[2024-11-03T00:48:03.278+0000] {processor.py:925} INFO - DAG(s) 'tutorial' retrieved from /home/airflow/.local/lib/python3.12/site-packages/airflow/example_dags/tutorial.py
[2024-11-03T00:48:03.449+0000] {logging_mixin.py:190} INFO - [2024-11-03T00:48:03.448+0000] {override.py:1900} INFO - Created Permission View: can delete on DAG:tutorial
[2024-11-03T00:48:03.487+0000] {logging_mixin.py:190} INFO - [2024-11-03T00:48:03.487+0000] {override.py:1900} INFO - Created Permission View: can edit on DAG:tutorial
[2024-11-03T00:48:03.508+0000] {logging_mixin.py:190} INFO - [2024-11-03T00:48:03.508+0000] {override.py:1900} INFO - Created Permission View: can read on DAG:tutorial
[2024-11-03T00:48:03.572+0000] {logging_mixin.py:190} INFO - [2024-11-03T00:48:03.571+0000] {override.py:1900} INFO - Created Permission View: can create on DAG Run:tutorial
[2024-11-03T00:48:03.579+0000] {logging_mixin.py:190} INFO - [2024-11-03T00:48:03.578+0000] {override.py:1900} INFO - Created Permission View: can delete on DAG Run:tutorial
[2024-11-03T00:48:03.587+0000] {logging_mixin.py:190} INFO - [2024-11-03T00:48:03.587+0000] {override.py:1900} INFO - Created Permission View: menu access on DAG Run:tutorial
[2024-11-03T00:48:03.594+0000] {logging_mixin.py:190} INFO - [2024-11-03T00:48:03.594+0000] {override.py:1900} INFO - Created Permission View: can read on DAG Run:tutorial
[2024-11-03T00:48:03.594+0000] {logging_mixin.py:190} INFO - [2024-11-03T00:48:03.594+0000] {dag.py:3239} INFO - Sync 1 DAGs
[2024-11-03T00:48:03.606+0000] {logging_mixin.py:190} INFO - [2024-11-03T00:48:03.605+0000] {dag.py:3262} INFO - Creating ORM DAG for tutorial
[2024-11-03T00:48:03.616+0000] {logging_mixin.py:190} INFO - [2024-11-03T00:48:03.616+0000] {dag.py:4180} INFO - Setting next_dagrun for tutorial to 2024-11-02 00:00:00+00:00, run_after=2024-11-03 00:00:00+00:00
[2024-11-03T00:48:03.670+0000] {processor.py:208} INFO - Processing /home/airflow/.local/lib/python3.12/site-packages/airflow/example_dags/tutorial.py took 0.414 seconds
[2024-11-03T00:48:33.737+0000] {processor.py:186} INFO - Started process (PID=142) to work on /home/airflow/.local/lib/python3.12/site-packages/airflow/example_dags/tutorial.py
[2024-11-03T00:48:33.738+0000] {processor.py:914} INFO - Processing file /home/airflow/.local/lib/python3.12/site-packages/airflow/example_dags/tutorial.py for tasks to queue
[2024-11-03T00:48:33.740+0000] {logging_mixin.py:190} INFO - [2024-11-03T00:48:33.740+0000] {dagbag.py:588} INFO - Filling up the DagBag from /home/airflow/.local/lib/python3.12/site-packages/airflow/example_dags/tutorial.py
[2024-11-03T00:48:33.746+0000] {processor.py:925} INFO - DAG(s) 'tutorial' retrieved from /home/airflow/.local/lib/python3.12/site-packages/airflow/example_dags/tutorial.py
[2024-11-03T00:48:33.763+0000] {logging_mixin.py:190} INFO - [2024-11-03T00:48:33.763+0000] {dag.py:3239} INFO - Sync 1 DAGs
[2024-11-03T00:48:33.783+0000] {logging_mixin.py:190} INFO - [2024-11-03T00:48:33.782+0000] {dag.py:4180} INFO - Setting next_dagrun for tutorial to 2024-11-02 00:00:00+00:00, run_after=2024-11-03 00:00:00+00:00
[2024-11-03T00:48:33.797+0000] {processor.py:208} INFO - Processing /home/airflow/.local/lib/python3.12/site-packages/airflow/example_dags/tutorial.py took 0.065 seconds
[2024-11-03T00:49:03.947+0000] {processor.py:186} INFO - Started process (PID=205) to work on /home/airflow/.local/lib/python3.12/site-packages/airflow/example_dags/tutorial.py
[2024-11-03T00:49:03.947+0000] {processor.py:914} INFO - Processing file /home/airflow/.local/lib/python3.12/site-packages/airflow/example_dags/tutorial.py for tasks to queue
[2024-11-03T00:49:03.949+0000] {logging_mixin.py:190} INFO - [2024-11-03T00:49:03.949+0000] {dagbag.py:588} INFO - Filling up the DagBag from /home/airflow/.local/lib/python3.12/site-packages/airflow/example_dags/tutorial.py
[2024-11-03T00:49:03.957+0000] {processor.py:925} INFO - DAG(s) 'tutorial' retrieved from /home/airflow/.local/lib/python3.12/site-packages/airflow/example_dags/tutorial.py
[2024-11-03T00:49:03.974+0000] {logging_mixin.py:190} INFO - [2024-11-03T00:49:03.974+0000] {dag.py:3239} INFO - Sync 1 DAGs
[2024-11-03T00:49:03.993+0000] {logging_mixin.py:190} INFO - [2024-11-03T00:49:03.993+0000] {dag.py:4180} INFO - Setting next_dagrun for tutorial to 2024-11-02 00:00:00+00:00, run_after=2024-11-03 00:00:00+00:00
[2024-11-03T00:49:04.011+0000] {processor.py:208} INFO - Processing /home/airflow/.local/lib/python3.12/site-packages/airflow/example_dags/tutorial.py took 0.069 seconds
[2024-11-03T00:49:34.424+0000] {processor.py:186} INFO - Started process (PID=268) to work on /home/airflow/.local/lib/python3.12/site-packages/airflow/example_dags/tutorial.py
[2024-11-03T00:49:34.425+0000] {processor.py:914} INFO - Processing file /home/airflow/.local/lib/python3.12/site-packages/airflow/example_dags/tutorial.py for tasks to queue
[2024-11-03T00:49:34.427+0000] {logging_mixin.py:190} INFO - [2024-11-03T00:49:34.427+0000] {dagbag.py:588} INFO - Filling up the DagBag from /home/airflow/.local/lib/python3.12/site-packages/airflow/example_dags/tutorial.py
[2024-11-03T00:49:34.433+0000] {processor.py:925} INFO - DAG(s) 'tutorial' retrieved from /home/airflow/.local/lib/python3.12/site-packages/airflow/example_dags/tutorial.py
[2024-11-03T00:49:34.450+0000] {logging_mixin.py:190} INFO - [2024-11-03T00:49:34.449+0000] {dag.py:3239} INFO - Sync 1 DAGs
[2024-11-03T00:49:34.469+0000] {logging_mixin.py:190} INFO - [2024-11-03T00:49:34.469+0000] {dag.py:4180} INFO - Setting next_dagrun for tutorial to 2024-11-02 00:00:00+00:00, run_after=2024-11-03 00:00:00+00:00
[2024-11-03T00:49:34.485+0000] {processor.py:208} INFO - Processing /home/airflow/.local/lib/python3.12/site-packages/airflow/example_dags/tutorial.py took 0.065 seconds
[2024-11-03T00:50:04.884+0000] {processor.py:186} INFO - Started process (PID=331) to work on /home/airflow/.local/lib/python3.12/site-packages/airflow/example_dags/tutorial.py
[2024-11-03T00:50:04.885+0000] {processor.py:914} INFO - Processing file /home/airflow/.local/lib/python3.12/site-packages/airflow/example_dags/tutorial.py for tasks to queue
[2024-11-03T00:50:04.887+0000] {logging_mixin.py:190} INFO - [2024-11-03T00:50:04.887+0000] {dagbag.py:588} INFO - Filling up the DagBag from /home/airflow/.local/lib/python3.12/site-packages/airflow/example_dags/tutorial.py
[2024-11-03T00:50:04.893+0000] {processor.py:925} INFO - DAG(s) 'tutorial' retrieved from /home/airflow/.local/lib/python3.12/site-packages/airflow/example_dags/tutorial.py
[2024-11-03T00:50:04.910+0000] {logging_mixin.py:190} INFO - [2024-11-03T00:50:04.910+0000] {dag.py:3239} INFO - Sync 1 DAGs
[2024-11-03T00:50:04.930+0000] {logging_mixin.py:190} INFO - [2024-11-03T00:50:04.930+0000] {dag.py:4180} INFO - Setting next_dagrun for tutorial to 2024-11-02 00:00:00+00:00, run_after=2024-11-03 00:00:00+00:00
[2024-11-03T00:50:04.945+0000] {processor.py:208} INFO - Processing /home/airflow/.local/lib/python3.12/site-packages/airflow/example_dags/tutorial.py took 0.065 seconds
[2024-11-03T00:50:35.437+0000] {processor.py:186} INFO - Started process (PID=394) to work on /home/airflow/.local/lib/python3.12/site-packages/airflow/example_dags/tutorial.py
[2024-11-03T00:50:35.438+0000] {processor.py:914} INFO - Processing file /home/airflow/.local/lib/python3.12/site-packages/airflow/example_dags/tutorial.py for tasks to queue
[2024-11-03T00:50:35.441+0000] {logging_mixin.py:190} INFO - [2024-11-03T00:50:35.441+0000] {dagbag.py:588} INFO - Filling up the DagBag from /home/airflow/.local/lib/python3.12/site-packages/airflow/example_dags/tutorial.py
[2024-11-03T00:50:35.449+0000] {processor.py:925} INFO - DAG(s) 'tutorial' retrieved from /home/airflow/.local/lib/python3.12/site-packages/airflow/example_dags/tutorial.py
[2024-11-03T00:50:35.467+0000] {logging_mixin.py:190} INFO - [2024-11-03T00:50:35.467+0000] {dag.py:3239} INFO - Sync 1 DAGs
[2024-11-03T00:50:35.489+0000] {logging_mixin.py:190} INFO - [2024-11-03T00:50:35.489+0000] {dag.py:4180} INFO - Setting next_dagrun for tutorial to 2024-11-02 00:00:00+00:00, run_after=2024-11-03 00:00:00+00:00
[2024-11-03T00:50:35.508+0000] {processor.py:208} INFO - Processing /home/airflow/.local/lib/python3.12/site-packages/airflow/example_dags/tutorial.py took 0.076 seconds
[2024-11-03T00:51:05.889+0000] {processor.py:186} INFO - Started process (PID=457) to work on /home/airflow/.local/lib/python3.12/site-packages/airflow/example_dags/tutorial.py
[2024-11-03T00:51:05.890+0000] {processor.py:914} INFO - Processing file /home/airflow/.local/lib/python3.12/site-packages/airflow/example_dags/tutorial.py for tasks to queue
[2024-11-03T00:51:05.892+0000] {logging_mixin.py:190} INFO - [2024-11-03T00:51:05.891+0000] {dagbag.py:588} INFO - Filling up the DagBag from /home/airflow/.local/lib/python3.12/site-packages/airflow/example_dags/tutorial.py
[2024-11-03T00:51:05.898+0000] {processor.py:925} INFO - DAG(s) 'tutorial' retrieved from /home/airflow/.local/lib/python3.12/site-packages/airflow/example_dags/tutorial.py
[2024-11-03T00:51:05.915+0000] {logging_mixin.py:190} INFO - [2024-11-03T00:51:05.915+0000] {dag.py:3239} INFO - Sync 1 DAGs
[2024-11-03T00:51:05.936+0000] {logging_mixin.py:190} INFO - [2024-11-03T00:51:05.935+0000] {dag.py:4180} INFO - Setting next_dagrun for tutorial to 2024-11-02 00:00:00+00:00, run_after=2024-11-03 00:00:00+00:00
[2024-11-03T00:51:05.950+0000] {processor.py:208} INFO - Processing /home/airflow/.local/lib/python3.12/site-packages/airflow/example_dags/tutorial.py took 0.067 seconds
[2024-11-03T00:51:36.326+0000] {processor.py:186} INFO - Started process (PID=520) to work on /home/airflow/.local/lib/python3.12/site-packages/airflow/example_dags/tutorial.py
[2024-11-03T00:51:36.327+0000] {processor.py:914} INFO - Processing file /home/airflow/.local/lib/python3.12/site-packages/airflow/example_dags/tutorial.py for tasks to queue
[2024-11-03T00:51:36.329+0000] {logging_mixin.py:190} INFO - [2024-11-03T00:51:36.328+0000] {dagbag.py:588} INFO - Filling up the DagBag from /home/airflow/.local/lib/python3.12/site-packages/airflow/example_dags/tutorial.py
[2024-11-03T00:51:36.335+0000] {processor.py:925} INFO - DAG(s) 'tutorial' retrieved from /home/airflow/.local/lib/python3.12/site-packages/airflow/example_dags/tutorial.py
[2024-11-03T00:51:36.352+0000] {logging_mixin.py:190} INFO - [2024-11-03T00:51:36.352+0000] {dag.py:3239} INFO - Sync 1 DAGs
[2024-11-03T00:51:36.374+0000] {logging_mixin.py:190} INFO - [2024-11-03T00:51:36.374+0000] {dag.py:4180} INFO - Setting next_dagrun for tutorial to 2024-11-02 00:00:00+00:00, run_after=2024-11-03 00:00:00+00:00
[2024-11-03T00:51:36.389+0000] {processor.py:208} INFO - Processing /home/airflow/.local/lib/python3.12/site-packages/airflow/example_dags/tutorial.py took 0.068 seconds
[2024-11-03T00:52:06.817+0000] {processor.py:186} INFO - Started process (PID=583) to work on /home/airflow/.local/lib/python3.12/site-packages/airflow/example_dags/tutorial.py
[2024-11-03T00:52:06.818+0000] {processor.py:914} INFO - Processing file /home/airflow/.local/lib/python3.12/site-packages/airflow/example_dags/tutorial.py for tasks to queue
[2024-11-03T00:52:06.819+0000] {logging_mixin.py:190} INFO - [2024-11-03T00:52:06.819+0000] {dagbag.py:588} INFO - Filling up the DagBag from /home/airflow/.local/lib/python3.12/site-packages/airflow/example_dags/tutorial.py
[2024-11-03T00:52:06.826+0000] {processor.py:925} INFO - DAG(s) 'tutorial' retrieved from /home/airflow/.local/lib/python3.12/site-packages/airflow/example_dags/tutorial.py
[2024-11-03T00:52:06.843+0000] {logging_mixin.py:190} INFO - [2024-11-03T00:52:06.843+0000] {dag.py:3239} INFO - Sync 1 DAGs
[2024-11-03T00:52:06.863+0000] {logging_mixin.py:190} INFO - [2024-11-03T00:52:06.863+0000] {dag.py:4180} INFO - Setting next_dagrun for tutorial to 2024-11-02 00:00:00+00:00, run_after=2024-11-03 00:00:00+00:00
[2024-11-03T00:52:06.879+0000] {processor.py:208} INFO - Processing /home/airflow/.local/lib/python3.12/site-packages/airflow/example_dags/tutorial.py took 0.067 seconds
[2024-11-03T00:52:37.179+0000] {processor.py:186} INFO - Started process (PID=646) to work on /home/airflow/.local/lib/python3.12/site-packages/airflow/example_dags/tutorial.py
[2024-11-03T00:52:37.179+0000] {processor.py:914} INFO - Processing file /home/airflow/.local/lib/python3.12/site-packages/airflow/example_dags/tutorial.py for tasks to queue
[2024-11-03T00:52:37.181+0000] {logging_mixin.py:190} INFO - [2024-11-03T00:52:37.181+0000] {dagbag.py:588} INFO - Filling up the DagBag from /home/airflow/.local/lib/python3.12/site-packages/airflow/example_dags/tutorial.py
[2024-11-03T00:52:37.187+0000] {processor.py:925} INFO - DAG(s) 'tutorial' retrieved from /home/airflow/.local/lib/python3.12/site-packages/airflow/example_dags/tutorial.py
[2024-11-03T00:52:37.206+0000] {logging_mixin.py:190} INFO - [2024-11-03T00:52:37.206+0000] {dag.py:3239} INFO - Sync 1 DAGs
[2024-11-03T00:52:37.230+0000] {logging_mixin.py:190} INFO - [2024-11-03T00:52:37.230+0000] {dag.py:4180} INFO - Setting next_dagrun for tutorial to 2024-11-02 00:00:00+00:00, run_after=2024-11-03 00:00:00+00:00
[2024-11-03T00:52:37.250+0000] {processor.py:208} INFO - Processing /home/airflow/.local/lib/python3.12/site-packages/airflow/example_dags/tutorial.py took 0.075 seconds
[2024-11-03T00:53:07.514+0000] {processor.py:186} INFO - Started process (PID=709) to work on /home/airflow/.local/lib/python3.12/site-packages/airflow/example_dags/tutorial.py
[2024-11-03T00:53:07.515+0000] {processor.py:914} INFO - Processing file /home/airflow/.local/lib/python3.12/site-packages/airflow/example_dags/tutorial.py for tasks to queue
[2024-11-03T00:53:07.517+0000] {logging_mixin.py:190} INFO - [2024-11-03T00:53:07.517+0000] {dagbag.py:588} INFO - Filling up the DagBag from /home/airflow/.local/lib/python3.12/site-packages/airflow/example_dags/tutorial.py
[2024-11-03T00:53:07.524+0000] {processor.py:925} INFO - DAG(s) 'tutorial' retrieved from /home/airflow/.local/lib/python3.12/site-packages/airflow/example_dags/tutorial.py
[2024-11-03T00:53:07.542+0000] {logging_mixin.py:190} INFO - [2024-11-03T00:53:07.542+0000] {dag.py:3239} INFO - Sync 1 DAGs
[2024-11-03T00:53:07.563+0000] {logging_mixin.py:190} INFO - [2024-11-03T00:53:07.563+0000] {dag.py:4180} INFO - Setting next_dagrun for tutorial to 2024-11-02 00:00:00+00:00, run_after=2024-11-03 00:00:00+00:00
[2024-11-03T00:53:07.579+0000] {processor.py:208} INFO - Processing /home/airflow/.local/lib/python3.12/site-packages/airflow/example_dags/tutorial.py took 0.070 seconds
[2024-11-03T00:53:37.771+0000] {processor.py:186} INFO - Started process (PID=772) to work on /home/airflow/.local/lib/python3.12/site-packages/airflow/example_dags/tutorial.py
[2024-11-03T00:53:37.772+0000] {processor.py:914} INFO - Processing file /home/airflow/.local/lib/python3.12/site-packages/airflow/example_dags/tutorial.py for tasks to queue
[2024-11-03T00:53:37.774+0000] {logging_mixin.py:190} INFO - [2024-11-03T00:53:37.773+0000] {dagbag.py:588} INFO - Filling up the DagBag from /home/airflow/.local/lib/python3.12/site-packages/airflow/example_dags/tutorial.py
[2024-11-03T00:53:37.780+0000] {processor.py:925} INFO - DAG(s) 'tutorial' retrieved from /home/airflow/.local/lib/python3.12/site-packages/airflow/example_dags/tutorial.py
[2024-11-03T00:53:37.798+0000] {logging_mixin.py:190} INFO - [2024-11-03T00:53:37.798+0000] {dag.py:3239} INFO - Sync 1 DAGs
[2024-11-03T00:53:37.818+0000] {logging_mixin.py:190} INFO - [2024-11-03T00:53:37.818+0000] {dag.py:4180} INFO - Setting next_dagrun for tutorial to 2024-11-02 00:00:00+00:00, run_after=2024-11-03 00:00:00+00:00
[2024-11-03T00:53:37.833+0000] {processor.py:208} INFO - Processing /home/airflow/.local/lib/python3.12/site-packages/airflow/example_dags/tutorial.py took 0.067 seconds
[2024-11-03T00:54:08.178+0000] {processor.py:186} INFO - Started process (PID=835) to work on /home/airflow/.local/lib/python3.12/site-packages/airflow/example_dags/tutorial.py
[2024-11-03T00:54:08.179+0000] {processor.py:914} INFO - Processing file /home/airflow/.local/lib/python3.12/site-packages/airflow/example_dags/tutorial.py for tasks to queue
[2024-11-03T00:54:08.181+0000] {logging_mixin.py:190} INFO - [2024-11-03T00:54:08.180+0000] {dagbag.py:588} INFO - Filling up the DagBag from /home/airflow/.local/lib/python3.12/site-packages/airflow/example_dags/tutorial.py
[2024-11-03T00:54:08.187+0000] {processor.py:925} INFO - DAG(s) 'tutorial' retrieved from /home/airflow/.local/lib/python3.12/site-packages/airflow/example_dags/tutorial.py
[2024-11-03T00:54:08.205+0000] {logging_mixin.py:190} INFO - [2024-11-03T00:54:08.205+0000] {dag.py:3239} INFO - Sync 1 DAGs
[2024-11-03T00:54:08.226+0000] {logging_mixin.py:190} INFO - [2024-11-03T00:54:08.225+0000] {dag.py:4180} INFO - Setting next_dagrun for tutorial to 2024-11-02 00:00:00+00:00, run_after=2024-11-03 00:00:00+00:00
[2024-11-03T00:54:08.240+0000] {processor.py:208} INFO - Processing /home/airflow/.local/lib/python3.12/site-packages/airflow/example_dags/tutorial.py took 0.067 seconds
[2024-11-03T00:54:38.376+0000] {processor.py:186} INFO - Started process (PID=898) to work on /home/airflow/.local/lib/python3.12/site-packages/airflow/example_dags/tutorial.py
[2024-11-03T00:54:38.377+0000] {processor.py:914} INFO - Processing file /home/airflow/.local/lib/python3.12/site-packages/airflow/example_dags/tutorial.py for tasks to queue
[2024-11-03T00:54:38.379+0000] {logging_mixin.py:190} INFO - [2024-11-03T00:54:38.379+0000] {dagbag.py:588} INFO - Filling up the DagBag from /home/airflow/.local/lib/python3.12/site-packages/airflow/example_dags/tutorial.py
[2024-11-03T00:54:38.386+0000] {processor.py:925} INFO - DAG(s) 'tutorial' retrieved from /home/airflow/.local/lib/python3.12/site-packages/airflow/example_dags/tutorial.py
[2024-11-03T00:54:38.402+0000] {logging_mixin.py:190} INFO - [2024-11-03T00:54:38.402+0000] {dag.py:3239} INFO - Sync 1 DAGs
[2024-11-03T00:54:38.421+0000] {logging_mixin.py:190} INFO - [2024-11-03T00:54:38.421+0000] {dag.py:4180} INFO - Setting next_dagrun for tutorial to 2024-11-02 00:00:00+00:00, run_after=2024-11-03 00:00:00+00:00
[2024-11-03T00:54:38.438+0000] {processor.py:208} INFO - Processing /home/airflow/.local/lib/python3.12/site-packages/airflow/example_dags/tutorial.py took 0.066 seconds
[2024-11-03T00:55:08.741+0000] {processor.py:186} INFO - Started process (PID=961) to work on /home/airflow/.local/lib/python3.12/site-packages/airflow/example_dags/tutorial.py
[2024-11-03T00:55:08.742+0000] {processor.py:914} INFO - Processing file /home/airflow/.local/lib/python3.12/site-packages/airflow/example_dags/tutorial.py for tasks to queue
[2024-11-03T00:55:08.744+0000] {logging_mixin.py:190} INFO - [2024-11-03T00:55:08.744+0000] {dagbag.py:588} INFO - Filling up the DagBag from /home/airflow/.local/lib/python3.12/site-packages/airflow/example_dags/tutorial.py
[2024-11-03T00:55:08.751+0000] {processor.py:925} INFO - DAG(s) 'tutorial' retrieved from /home/airflow/.local/lib/python3.12/site-packages/airflow/example_dags/tutorial.py
[2024-11-03T00:55:08.767+0000] {logging_mixin.py:190} INFO - [2024-11-03T00:55:08.767+0000] {dag.py:3239} INFO - Sync 1 DAGs
[2024-11-03T00:55:08.787+0000] {logging_mixin.py:190} INFO - [2024-11-03T00:55:08.787+0000] {dag.py:4180} INFO - Setting next_dagrun for tutorial to 2024-11-02 00:00:00+00:00, run_after=2024-11-03 00:00:00+00:00
[2024-11-03T00:55:08.802+0000] {processor.py:208} INFO - Processing /home/airflow/.local/lib/python3.12/site-packages/airflow/example_dags/tutorial.py took 0.065 seconds
[2024-11-03T00:55:39.112+0000] {processor.py:186} INFO - Started process (PID=1024) to work on /home/airflow/.local/lib/python3.12/site-packages/airflow/example_dags/tutorial.py
[2024-11-03T00:55:39.113+0000] {processor.py:914} INFO - Processing file /home/airflow/.local/lib/python3.12/site-packages/airflow/example_dags/tutorial.py for tasks to queue
[2024-11-03T00:55:39.115+0000] {logging_mixin.py:190} INFO - [2024-11-03T00:55:39.115+0000] {dagbag.py:588} INFO - Filling up the DagBag from /home/airflow/.local/lib/python3.12/site-packages/airflow/example_dags/tutorial.py
[2024-11-03T00:55:39.121+0000] {processor.py:925} INFO - DAG(s) 'tutorial' retrieved from /home/airflow/.local/lib/python3.12/site-packages/airflow/example_dags/tutorial.py
[2024-11-03T00:55:39.139+0000] {logging_mixin.py:190} INFO - [2024-11-03T00:55:39.139+0000] {dag.py:3239} INFO - Sync 1 DAGs
[2024-11-03T00:55:39.164+0000] {logging_mixin.py:190} INFO - [2024-11-03T00:55:39.163+0000] {dag.py:4180} INFO - Setting next_dagrun for tutorial to 2024-11-02 00:00:00+00:00, run_after=2024-11-03 00:00:00+00:00
[2024-11-03T00:55:39.182+0000] {processor.py:208} INFO - Processing /home/airflow/.local/lib/python3.12/site-packages/airflow/example_dags/tutorial.py took 0.075 seconds
[2024-11-03T00:56:09.750+0000] {processor.py:186} INFO - Started process (PID=1087) to work on /home/airflow/.local/lib/python3.12/site-packages/airflow/example_dags/tutorial.py
[2024-11-03T00:56:09.750+0000] {processor.py:914} INFO - Processing file /home/airflow/.local/lib/python3.12/site-packages/airflow/example_dags/tutorial.py for tasks to queue
[2024-11-03T00:56:09.752+0000] {logging_mixin.py:190} INFO - [2024-11-03T00:56:09.752+0000] {dagbag.py:588} INFO - Filling up the DagBag from /home/airflow/.local/lib/python3.12/site-packages/airflow/example_dags/tutorial.py
[2024-11-03T00:56:09.758+0000] {processor.py:925} INFO - DAG(s) 'tutorial' retrieved from /home/airflow/.local/lib/python3.12/site-packages/airflow/example_dags/tutorial.py
[2024-11-03T00:56:09.775+0000] {logging_mixin.py:190} INFO - [2024-11-03T00:56:09.775+0000] {dag.py:3239} INFO - Sync 1 DAGs
[2024-11-03T00:56:09.796+0000] {logging_mixin.py:190} INFO - [2024-11-03T00:56:09.796+0000] {dag.py:4180} INFO - Setting next_dagrun for tutorial to 2024-11-02 00:00:00+00:00, run_after=2024-11-03 00:00:00+00:00
[2024-11-03T00:56:09.811+0000] {processor.py:208} INFO - Processing /home/airflow/.local/lib/python3.12/site-packages/airflow/example_dags/tutorial.py took 0.067 seconds
[2024-11-03T00:56:40.191+0000] {processor.py:186} INFO - Started process (PID=1150) to work on /home/airflow/.local/lib/python3.12/site-packages/airflow/example_dags/tutorial.py
[2024-11-03T00:56:40.192+0000] {processor.py:914} INFO - Processing file /home/airflow/.local/lib/python3.12/site-packages/airflow/example_dags/tutorial.py for tasks to queue
[2024-11-03T00:56:40.194+0000] {logging_mixin.py:190} INFO - [2024-11-03T00:56:40.194+0000] {dagbag.py:588} INFO - Filling up the DagBag from /home/airflow/.local/lib/python3.12/site-packages/airflow/example_dags/tutorial.py
[2024-11-03T00:56:40.201+0000] {processor.py:925} INFO - DAG(s) 'tutorial' retrieved from /home/airflow/.local/lib/python3.12/site-packages/airflow/example_dags/tutorial.py
[2024-11-03T00:56:40.218+0000] {logging_mixin.py:190} INFO - [2024-11-03T00:56:40.217+0000] {dag.py:3239} INFO - Sync 1 DAGs
[2024-11-03T00:56:40.238+0000] {logging_mixin.py:190} INFO - [2024-11-03T00:56:40.238+0000] {dag.py:4180} INFO - Setting next_dagrun for tutorial to 2024-11-02 00:00:00+00:00, run_after=2024-11-03 00:00:00+00:00
[2024-11-03T00:56:40.253+0000] {processor.py:208} INFO - Processing /home/airflow/.local/lib/python3.12/site-packages/airflow/example_dags/tutorial.py took 0.066 seconds
[2024-11-03T00:57:10.387+0000] {processor.py:186} INFO - Started process (PID=1213) to work on /home/airflow/.local/lib/python3.12/site-packages/airflow/example_dags/tutorial.py
[2024-11-03T00:57:10.387+0000] {processor.py:914} INFO - Processing file /home/airflow/.local/lib/python3.12/site-packages/airflow/example_dags/tutorial.py for tasks to queue
[2024-11-03T00:57:10.389+0000] {logging_mixin.py:190} INFO - [2024-11-03T00:57:10.389+0000] {dagbag.py:588} INFO - Filling up the DagBag from /home/airflow/.local/lib/python3.12/site-packages/airflow/example_dags/tutorial.py
[2024-11-03T00:57:10.395+0000] {processor.py:925} INFO - DAG(s) 'tutorial' retrieved from /home/airflow/.local/lib/python3.12/site-packages/airflow/example_dags/tutorial.py
[2024-11-03T00:57:10.412+0000] {logging_mixin.py:190} INFO - [2024-11-03T00:57:10.412+0000] {dag.py:3239} INFO - Sync 1 DAGs
[2024-11-03T00:57:10.433+0000] {logging_mixin.py:190} INFO - [2024-11-03T00:57:10.433+0000] {dag.py:4180} INFO - Setting next_dagrun for tutorial to 2024-11-02 00:00:00+00:00, run_after=2024-11-03 00:00:00+00:00
[2024-11-03T00:57:10.449+0000] {processor.py:208} INFO - Processing /home/airflow/.local/lib/python3.12/site-packages/airflow/example_dags/tutorial.py took 0.067 seconds
[2024-11-03T00:57:40.772+0000] {processor.py:186} INFO - Started process (PID=1276) to work on /home/airflow/.local/lib/python3.12/site-packages/airflow/example_dags/tutorial.py
[2024-11-03T00:57:40.773+0000] {processor.py:914} INFO - Processing file /home/airflow/.local/lib/python3.12/site-packages/airflow/example_dags/tutorial.py for tasks to queue
[2024-11-03T00:57:40.775+0000] {logging_mixin.py:190} INFO - [2024-11-03T00:57:40.775+0000] {dagbag.py:588} INFO - Filling up the DagBag from /home/airflow/.local/lib/python3.12/site-packages/airflow/example_dags/tutorial.py
[2024-11-03T00:57:40.781+0000] {processor.py:925} INFO - DAG(s) 'tutorial' retrieved from /home/airflow/.local/lib/python3.12/site-packages/airflow/example_dags/tutorial.py
[2024-11-03T00:57:40.799+0000] {logging_mixin.py:190} INFO - [2024-11-03T00:57:40.798+0000] {dag.py:3239} INFO - Sync 1 DAGs
[2024-11-03T00:57:40.818+0000] {logging_mixin.py:190} INFO - [2024-11-03T00:57:40.818+0000] {dag.py:4180} INFO - Setting next_dagrun for tutorial to 2024-11-02 00:00:00+00:00, run_after=2024-11-03 00:00:00+00:00
[2024-11-03T00:57:40.832+0000] {processor.py:208} INFO - Processing /home/airflow/.local/lib/python3.12/site-packages/airflow/example_dags/tutorial.py took 0.065 seconds
[2024-11-03T00:58:10.931+0000] {processor.py:186} INFO - Started process (PID=1339) to work on /home/airflow/.local/lib/python3.12/site-packages/airflow/example_dags/tutorial.py
[2024-11-03T00:58:10.932+0000] {processor.py:914} INFO - Processing file /home/airflow/.local/lib/python3.12/site-packages/airflow/example_dags/tutorial.py for tasks to queue
[2024-11-03T00:58:10.934+0000] {logging_mixin.py:190} INFO - [2024-11-03T00:58:10.933+0000] {dagbag.py:588} INFO - Filling up the DagBag from /home/airflow/.local/lib/python3.12/site-packages/airflow/example_dags/tutorial.py
[2024-11-03T00:58:10.940+0000] {processor.py:925} INFO - DAG(s) 'tutorial' retrieved from /home/airflow/.local/lib/python3.12/site-packages/airflow/example_dags/tutorial.py
[2024-11-03T00:58:10.956+0000] {logging_mixin.py:190} INFO - [2024-11-03T00:58:10.956+0000] {dag.py:3239} INFO - Sync 1 DAGs
[2024-11-03T00:58:10.975+0000] {logging_mixin.py:190} INFO - [2024-11-03T00:58:10.975+0000] {dag.py:4180} INFO - Setting next_dagrun for tutorial to 2024-11-02 00:00:00+00:00, run_after=2024-11-03 00:00:00+00:00
[2024-11-03T00:58:10.989+0000] {processor.py:208} INFO - Processing /home/airflow/.local/lib/python3.12/site-packages/airflow/example_dags/tutorial.py took 0.063 seconds
[2024-11-03T00:58:41.396+0000] {processor.py:186} INFO - Started process (PID=1402) to work on /home/airflow/.local/lib/python3.12/site-packages/airflow/example_dags/tutorial.py
[2024-11-03T00:58:41.396+0000] {processor.py:914} INFO - Processing file /home/airflow/.local/lib/python3.12/site-packages/airflow/example_dags/tutorial.py for tasks to queue
[2024-11-03T00:58:41.398+0000] {logging_mixin.py:190} INFO - [2024-11-03T00:58:41.398+0000] {dagbag.py:588} INFO - Filling up the DagBag from /home/airflow/.local/lib/python3.12/site-packages/airflow/example_dags/tutorial.py
[2024-11-03T00:58:41.404+0000] {processor.py:925} INFO - DAG(s) 'tutorial' retrieved from /home/airflow/.local/lib/python3.12/site-packages/airflow/example_dags/tutorial.py
[2024-11-03T00:58:41.423+0000] {logging_mixin.py:190} INFO - [2024-11-03T00:58:41.422+0000] {dag.py:3239} INFO - Sync 1 DAGs
[2024-11-03T00:58:41.444+0000] {logging_mixin.py:190} INFO - [2024-11-03T00:58:41.444+0000] {dag.py:4180} INFO - Setting next_dagrun for tutorial to 2024-11-02 00:00:00+00:00, run_after=2024-11-03 00:00:00+00:00
[2024-11-03T00:58:41.459+0000] {processor.py:208} INFO - Processing /home/airflow/.local/lib/python3.12/site-packages/airflow/example_dags/tutorial.py took 0.068 seconds
[2024-11-03T00:59:11.646+0000] {processor.py:186} INFO - Started process (PID=1465) to work on /home/airflow/.local/lib/python3.12/site-packages/airflow/example_dags/tutorial.py
[2024-11-03T00:59:11.647+0000] {processor.py:914} INFO - Processing file /home/airflow/.local/lib/python3.12/site-packages/airflow/example_dags/tutorial.py for tasks to queue
[2024-11-03T00:59:11.649+0000] {logging_mixin.py:190} INFO - [2024-11-03T00:59:11.649+0000] {dagbag.py:588} INFO - Filling up the DagBag from /home/airflow/.local/lib/python3.12/site-packages/airflow/example_dags/tutorial.py
[2024-11-03T00:59:11.655+0000] {processor.py:925} INFO - DAG(s) 'tutorial' retrieved from /home/airflow/.local/lib/python3.12/site-packages/airflow/example_dags/tutorial.py
[2024-11-03T00:59:11.672+0000] {logging_mixin.py:190} INFO - [2024-11-03T00:59:11.672+0000] {dag.py:3239} INFO - Sync 1 DAGs
[2024-11-03T00:59:11.691+0000] {logging_mixin.py:190} INFO - [2024-11-03T00:59:11.691+0000] {dag.py:4180} INFO - Setting next_dagrun for tutorial to 2024-11-02 00:00:00+00:00, run_after=2024-11-03 00:00:00+00:00
[2024-11-03T00:59:11.705+0000] {processor.py:208} INFO - Processing /home/airflow/.local/lib/python3.12/site-packages/airflow/example_dags/tutorial.py took 0.064 seconds
[2024-11-03T00:59:42.097+0000] {processor.py:186} INFO - Started process (PID=1528) to work on /home/airflow/.local/lib/python3.12/site-packages/airflow/example_dags/tutorial.py
[2024-11-03T00:59:42.098+0000] {processor.py:914} INFO - Processing file /home/airflow/.local/lib/python3.12/site-packages/airflow/example_dags/tutorial.py for tasks to queue
[2024-11-03T00:59:42.099+0000] {logging_mixin.py:190} INFO - [2024-11-03T00:59:42.099+0000] {dagbag.py:588} INFO - Filling up the DagBag from /home/airflow/.local/lib/python3.12/site-packages/airflow/example_dags/tutorial.py
[2024-11-03T00:59:42.106+0000] {processor.py:925} INFO - DAG(s) 'tutorial' retrieved from /home/airflow/.local/lib/python3.12/site-packages/airflow/example_dags/tutorial.py
[2024-11-03T00:59:42.122+0000] {logging_mixin.py:190} INFO - [2024-11-03T00:59:42.122+0000] {dag.py:3239} INFO - Sync 1 DAGs
[2024-11-03T00:59:42.142+0000] {logging_mixin.py:190} INFO - [2024-11-03T00:59:42.141+0000] {dag.py:4180} INFO - Setting next_dagrun for tutorial to 2024-11-02 00:00:00+00:00, run_after=2024-11-03 00:00:00+00:00
[2024-11-03T00:59:42.156+0000] {processor.py:208} INFO - Processing /home/airflow/.local/lib/python3.12/site-packages/airflow/example_dags/tutorial.py took 0.064 seconds
[2024-11-03T01:00:12.283+0000] {processor.py:186} INFO - Started process (PID=1591) to work on /home/airflow/.local/lib/python3.12/site-packages/airflow/example_dags/tutorial.py
[2024-11-03T01:00:12.284+0000] {processor.py:914} INFO - Processing file /home/airflow/.local/lib/python3.12/site-packages/airflow/example_dags/tutorial.py for tasks to queue
[2024-11-03T01:00:12.286+0000] {logging_mixin.py:190} INFO - [2024-11-03T01:00:12.286+0000] {dagbag.py:588} INFO - Filling up the DagBag from /home/airflow/.local/lib/python3.12/site-packages/airflow/example_dags/tutorial.py
[2024-11-03T01:00:12.292+0000] {processor.py:925} INFO - DAG(s) 'tutorial' retrieved from /home/airflow/.local/lib/python3.12/site-packages/airflow/example_dags/tutorial.py
[2024-11-03T01:00:12.309+0000] {logging_mixin.py:190} INFO - [2024-11-03T01:00:12.309+0000] {dag.py:3239} INFO - Sync 1 DAGs
[2024-11-03T01:00:12.329+0000] {logging_mixin.py:190} INFO - [2024-11-03T01:00:12.329+0000] {dag.py:4180} INFO - Setting next_dagrun for tutorial to 2024-11-02 00:00:00+00:00, run_after=2024-11-03 00:00:00+00:00
[2024-11-03T01:00:12.347+0000] {processor.py:208} INFO - Processing /home/airflow/.local/lib/python3.12/site-packages/airflow/example_dags/tutorial.py took 0.069 seconds
[2024-11-03T01:00:43.001+0000] {processor.py:186} INFO - Started process (PID=1654) to work on /home/airflow/.local/lib/python3.12/site-packages/airflow/example_dags/tutorial.py
[2024-11-03T01:00:43.002+0000] {processor.py:914} INFO - Processing file /home/airflow/.local/lib/python3.12/site-packages/airflow/example_dags/tutorial.py for tasks to queue
[2024-11-03T01:00:43.004+0000] {logging_mixin.py:190} INFO - [2024-11-03T01:00:43.004+0000] {dagbag.py:588} INFO - Filling up the DagBag from /home/airflow/.local/lib/python3.12/site-packages/airflow/example_dags/tutorial.py
[2024-11-03T01:00:43.011+0000] {processor.py:925} INFO - DAG(s) 'tutorial' retrieved from /home/airflow/.local/lib/python3.12/site-packages/airflow/example_dags/tutorial.py
[2024-11-03T01:00:43.030+0000] {logging_mixin.py:190} INFO - [2024-11-03T01:00:43.029+0000] {dag.py:3239} INFO - Sync 1 DAGs
[2024-11-03T01:00:43.052+0000] {logging_mixin.py:190} INFO - [2024-11-03T01:00:43.052+0000] {dag.py:4180} INFO - Setting next_dagrun for tutorial to 2024-11-02 00:00:00+00:00, run_after=2024-11-03 00:00:00+00:00
[2024-11-03T01:00:43.068+0000] {processor.py:208} INFO - Processing /home/airflow/.local/lib/python3.12/site-packages/airflow/example_dags/tutorial.py took 0.075 seconds
[2024-11-03T01:01:13.510+0000] {processor.py:186} INFO - Started process (PID=1717) to work on /home/airflow/.local/lib/python3.12/site-packages/airflow/example_dags/tutorial.py
[2024-11-03T01:01:13.510+0000] {processor.py:914} INFO - Processing file /home/airflow/.local/lib/python3.12/site-packages/airflow/example_dags/tutorial.py for tasks to queue
[2024-11-03T01:01:13.512+0000] {logging_mixin.py:190} INFO - [2024-11-03T01:01:13.512+0000] {dagbag.py:588} INFO - Filling up the DagBag from /home/airflow/.local/lib/python3.12/site-packages/airflow/example_dags/tutorial.py
[2024-11-03T01:01:13.519+0000] {processor.py:925} INFO - DAG(s) 'tutorial' retrieved from /home/airflow/.local/lib/python3.12/site-packages/airflow/example_dags/tutorial.py
[2024-11-03T01:01:13.535+0000] {logging_mixin.py:190} INFO - [2024-11-03T01:01:13.535+0000] {dag.py:3239} INFO - Sync 1 DAGs
[2024-11-03T01:01:13.556+0000] {logging_mixin.py:190} INFO - [2024-11-03T01:01:13.556+0000] {dag.py:4180} INFO - Setting next_dagrun for tutorial to 2024-11-02 00:00:00+00:00, run_after=2024-11-03 00:00:00+00:00
[2024-11-03T01:01:13.570+0000] {processor.py:208} INFO - Processing /home/airflow/.local/lib/python3.12/site-packages/airflow/example_dags/tutorial.py took 0.066 seconds
[2024-11-03T01:01:44.082+0000] {processor.py:186} INFO - Started process (PID=1780) to work on /home/airflow/.local/lib/python3.12/site-packages/airflow/example_dags/tutorial.py
[2024-11-03T01:01:44.083+0000] {processor.py:914} INFO - Processing file /home/airflow/.local/lib/python3.12/site-packages/airflow/example_dags/tutorial.py for tasks to queue
[2024-11-03T01:01:44.085+0000] {logging_mixin.py:190} INFO - [2024-11-03T01:01:44.085+0000] {dagbag.py:588} INFO - Filling up the DagBag from /home/airflow/.local/lib/python3.12/site-packages/airflow/example_dags/tutorial.py
[2024-11-03T01:01:44.092+0000] {processor.py:925} INFO - DAG(s) 'tutorial' retrieved from /home/airflow/.local/lib/python3.12/site-packages/airflow/example_dags/tutorial.py
[2024-11-03T01:01:44.109+0000] {logging_mixin.py:190} INFO - [2024-11-03T01:01:44.109+0000] {dag.py:3239} INFO - Sync 1 DAGs
[2024-11-03T01:01:44.129+0000] {logging_mixin.py:190} INFO - [2024-11-03T01:01:44.129+0000] {dag.py:4180} INFO - Setting next_dagrun for tutorial to 2024-11-02 00:00:00+00:00, run_after=2024-11-03 00:00:00+00:00
[2024-11-03T01:01:44.145+0000] {processor.py:208} INFO - Processing /home/airflow/.local/lib/python3.12/site-packages/airflow/example_dags/tutorial.py took 0.068 seconds
[2024-11-03T01:02:14.465+0000] {processor.py:186} INFO - Started process (PID=1843) to work on /home/airflow/.local/lib/python3.12/site-packages/airflow/example_dags/tutorial.py
[2024-11-03T01:02:14.466+0000] {processor.py:914} INFO - Processing file /home/airflow/.local/lib/python3.12/site-packages/airflow/example_dags/tutorial.py for tasks to queue
[2024-11-03T01:02:14.468+0000] {logging_mixin.py:190} INFO - [2024-11-03T01:02:14.468+0000] {dagbag.py:588} INFO - Filling up the DagBag from /home/airflow/.local/lib/python3.12/site-packages/airflow/example_dags/tutorial.py
[2024-11-03T01:02:14.474+0000] {processor.py:925} INFO - DAG(s) 'tutorial' retrieved from /home/airflow/.local/lib/python3.12/site-packages/airflow/example_dags/tutorial.py
[2024-11-03T01:02:14.492+0000] {logging_mixin.py:190} INFO - [2024-11-03T01:02:14.492+0000] {dag.py:3239} INFO - Sync 1 DAGs
[2024-11-03T01:02:14.513+0000] {logging_mixin.py:190} INFO - [2024-11-03T01:02:14.513+0000] {dag.py:4180} INFO - Setting next_dagrun for tutorial to 2024-11-02 00:00:00+00:00, run_after=2024-11-03 00:00:00+00:00
[2024-11-03T01:02:14.529+0000] {processor.py:208} INFO - Processing /home/airflow/.local/lib/python3.12/site-packages/airflow/example_dags/tutorial.py took 0.069 seconds
[2024-11-03T01:02:44.731+0000] {processor.py:186} INFO - Started process (PID=1906) to work on /home/airflow/.local/lib/python3.12/site-packages/airflow/example_dags/tutorial.py
[2024-11-03T01:02:44.732+0000] {processor.py:914} INFO - Processing file /home/airflow/.local/lib/python3.12/site-packages/airflow/example_dags/tutorial.py for tasks to queue
[2024-11-03T01:02:44.734+0000] {logging_mixin.py:190} INFO - [2024-11-03T01:02:44.734+0000] {dagbag.py:588} INFO - Filling up the DagBag from /home/airflow/.local/lib/python3.12/site-packages/airflow/example_dags/tutorial.py
[2024-11-03T01:02:44.740+0000] {processor.py:925} INFO - DAG(s) 'tutorial' retrieved from /home/airflow/.local/lib/python3.12/site-packages/airflow/example_dags/tutorial.py
[2024-11-03T01:02:44.757+0000] {logging_mixin.py:190} INFO - [2024-11-03T01:02:44.757+0000] {dag.py:3239} INFO - Sync 1 DAGs
[2024-11-03T01:02:44.778+0000] {logging_mixin.py:190} INFO - [2024-11-03T01:02:44.778+0000] {dag.py:4180} INFO - Setting next_dagrun for tutorial to 2024-11-02 00:00:00+00:00, run_after=2024-11-03 00:00:00+00:00
[2024-11-03T01:02:44.793+0000] {processor.py:208} INFO - Processing /home/airflow/.local/lib/python3.12/site-packages/airflow/example_dags/tutorial.py took 0.066 seconds
[2024-11-03T01:03:15.067+0000] {processor.py:186} INFO - Started process (PID=1969) to work on /home/airflow/.local/lib/python3.12/site-packages/airflow/example_dags/tutorial.py
[2024-11-03T01:03:15.067+0000] {processor.py:914} INFO - Processing file /home/airflow/.local/lib/python3.12/site-packages/airflow/example_dags/tutorial.py for tasks to queue
[2024-11-03T01:03:15.069+0000] {logging_mixin.py:190} INFO - [2024-11-03T01:03:15.069+0000] {dagbag.py:588} INFO - Filling up the DagBag from /home/airflow/.local/lib/python3.12/site-packages/airflow/example_dags/tutorial.py
[2024-11-03T01:03:15.075+0000] {processor.py:925} INFO - DAG(s) 'tutorial' retrieved from /home/airflow/.local/lib/python3.12/site-packages/airflow/example_dags/tutorial.py
[2024-11-03T01:03:15.092+0000] {logging_mixin.py:190} INFO - [2024-11-03T01:03:15.091+0000] {dag.py:3239} INFO - Sync 1 DAGs
[2024-11-03T01:03:15.111+0000] {logging_mixin.py:190} INFO - [2024-11-03T01:03:15.111+0000] {dag.py:4180} INFO - Setting next_dagrun for tutorial to 2024-11-02 00:00:00+00:00, run_after=2024-11-03 00:00:00+00:00
[2024-11-03T01:03:15.126+0000] {processor.py:208} INFO - Processing /home/airflow/.local/lib/python3.12/site-packages/airflow/example_dags/tutorial.py took 0.064 seconds
[2024-11-03T01:03:45.665+0000] {processor.py:186} INFO - Started process (PID=2032) to work on /home/airflow/.local/lib/python3.12/site-packages/airflow/example_dags/tutorial.py
[2024-11-03T01:03:45.666+0000] {processor.py:914} INFO - Processing file /home/airflow/.local/lib/python3.12/site-packages/airflow/example_dags/tutorial.py for tasks to queue
[2024-11-03T01:03:45.668+0000] {logging_mixin.py:190} INFO - [2024-11-03T01:03:45.668+0000] {dagbag.py:588} INFO - Filling up the DagBag from /home/airflow/.local/lib/python3.12/site-packages/airflow/example_dags/tutorial.py
[2024-11-03T01:03:45.676+0000] {processor.py:925} INFO - DAG(s) 'tutorial' retrieved from /home/airflow/.local/lib/python3.12/site-packages/airflow/example_dags/tutorial.py
[2024-11-03T01:03:45.694+0000] {logging_mixin.py:190} INFO - [2024-11-03T01:03:45.694+0000] {dag.py:3239} INFO - Sync 1 DAGs
[2024-11-03T01:03:45.715+0000] {logging_mixin.py:190} INFO - [2024-11-03T01:03:45.715+0000] {dag.py:4180} INFO - Setting next_dagrun for tutorial to 2024-11-02 00:00:00+00:00, run_after=2024-11-03 00:00:00+00:00
[2024-11-03T01:03:45.734+0000] {processor.py:208} INFO - Processing /home/airflow/.local/lib/python3.12/site-packages/airflow/example_dags/tutorial.py took 0.074 seconds
[2024-11-03T01:04:16.621+0000] {processor.py:186} INFO - Started process (PID=2095) to work on /home/airflow/.local/lib/python3.12/site-packages/airflow/example_dags/tutorial.py
[2024-11-03T01:04:16.622+0000] {processor.py:914} INFO - Processing file /home/airflow/.local/lib/python3.12/site-packages/airflow/example_dags/tutorial.py for tasks to queue
[2024-11-03T01:04:16.625+0000] {logging_mixin.py:190} INFO - [2024-11-03T01:04:16.624+0000] {dagbag.py:588} INFO - Filling up the DagBag from /home/airflow/.local/lib/python3.12/site-packages/airflow/example_dags/tutorial.py
[2024-11-03T01:04:16.634+0000] {processor.py:925} INFO - DAG(s) 'tutorial' retrieved from /home/airflow/.local/lib/python3.12/site-packages/airflow/example_dags/tutorial.py
[2024-11-03T01:04:16.660+0000] {logging_mixin.py:190} INFO - [2024-11-03T01:04:16.660+0000] {dag.py:3239} INFO - Sync 1 DAGs
[2024-11-03T01:04:16.683+0000] {logging_mixin.py:190} INFO - [2024-11-03T01:04:16.683+0000] {dag.py:4180} INFO - Setting next_dagrun for tutorial to 2024-11-02 00:00:00+00:00, run_after=2024-11-03 00:00:00+00:00
[2024-11-03T01:04:16.703+0000] {processor.py:208} INFO - Processing /home/airflow/.local/lib/python3.12/site-packages/airflow/example_dags/tutorial.py took 0.088 seconds
[2024-11-03T01:04:47.265+0000] {processor.py:186} INFO - Started process (PID=2158) to work on /home/airflow/.local/lib/python3.12/site-packages/airflow/example_dags/tutorial.py
[2024-11-03T01:04:47.266+0000] {processor.py:914} INFO - Processing file /home/airflow/.local/lib/python3.12/site-packages/airflow/example_dags/tutorial.py for tasks to queue
[2024-11-03T01:04:47.268+0000] {logging_mixin.py:190} INFO - [2024-11-03T01:04:47.267+0000] {dagbag.py:588} INFO - Filling up the DagBag from /home/airflow/.local/lib/python3.12/site-packages/airflow/example_dags/tutorial.py
[2024-11-03T01:04:47.275+0000] {processor.py:925} INFO - DAG(s) 'tutorial' retrieved from /home/airflow/.local/lib/python3.12/site-packages/airflow/example_dags/tutorial.py
[2024-11-03T01:04:47.293+0000] {logging_mixin.py:190} INFO - [2024-11-03T01:04:47.293+0000] {dag.py:3239} INFO - Sync 1 DAGs
[2024-11-03T01:04:47.317+0000] {logging_mixin.py:190} INFO - [2024-11-03T01:04:47.317+0000] {dag.py:4180} INFO - Setting next_dagrun for tutorial to 2024-11-02 00:00:00+00:00, run_after=2024-11-03 00:00:00+00:00
[2024-11-03T01:04:47.334+0000] {processor.py:208} INFO - Processing /home/airflow/.local/lib/python3.12/site-packages/airflow/example_dags/tutorial.py took 0.074 seconds
[2024-11-03T01:05:17.881+0000] {processor.py:186} INFO - Started process (PID=2221) to work on /home/airflow/.local/lib/python3.12/site-packages/airflow/example_dags/tutorial.py
[2024-11-03T01:05:17.882+0000] {processor.py:914} INFO - Processing file /home/airflow/.local/lib/python3.12/site-packages/airflow/example_dags/tutorial.py for tasks to queue
[2024-11-03T01:05:17.884+0000] {logging_mixin.py:190} INFO - [2024-11-03T01:05:17.884+0000] {dagbag.py:588} INFO - Filling up the DagBag from /home/airflow/.local/lib/python3.12/site-packages/airflow/example_dags/tutorial.py
[2024-11-03T01:05:17.890+0000] {processor.py:925} INFO - DAG(s) 'tutorial' retrieved from /home/airflow/.local/lib/python3.12/site-packages/airflow/example_dags/tutorial.py
[2024-11-03T01:05:17.907+0000] {logging_mixin.py:190} INFO - [2024-11-03T01:05:17.907+0000] {dag.py:3239} INFO - Sync 1 DAGs
[2024-11-03T01:05:17.926+0000] {logging_mixin.py:190} INFO - [2024-11-03T01:05:17.926+0000] {dag.py:4180} INFO - Setting next_dagrun for tutorial to 2024-11-02 00:00:00+00:00, run_after=2024-11-03 00:00:00+00:00
[2024-11-03T01:05:17.941+0000] {processor.py:208} INFO - Processing /home/airflow/.local/lib/python3.12/site-packages/airflow/example_dags/tutorial.py took 0.064 seconds
[2024-11-03T01:05:48.420+0000] {processor.py:186} INFO - Started process (PID=2284) to work on /home/airflow/.local/lib/python3.12/site-packages/airflow/example_dags/tutorial.py
[2024-11-03T01:05:48.421+0000] {processor.py:914} INFO - Processing file /home/airflow/.local/lib/python3.12/site-packages/airflow/example_dags/tutorial.py for tasks to queue
[2024-11-03T01:05:48.423+0000] {logging_mixin.py:190} INFO - [2024-11-03T01:05:48.422+0000] {dagbag.py:588} INFO - Filling up the DagBag from /home/airflow/.local/lib/python3.12/site-packages/airflow/example_dags/tutorial.py
[2024-11-03T01:05:48.429+0000] {processor.py:925} INFO - DAG(s) 'tutorial' retrieved from /home/airflow/.local/lib/python3.12/site-packages/airflow/example_dags/tutorial.py
[2024-11-03T01:05:48.446+0000] {logging_mixin.py:190} INFO - [2024-11-03T01:05:48.445+0000] {dag.py:3239} INFO - Sync 1 DAGs
[2024-11-03T01:05:48.464+0000] {logging_mixin.py:190} INFO - [2024-11-03T01:05:48.464+0000] {dag.py:4180} INFO - Setting next_dagrun for tutorial to 2024-11-02 00:00:00+00:00, run_after=2024-11-03 00:00:00+00:00
[2024-11-03T01:05:48.479+0000] {processor.py:208} INFO - Processing /home/airflow/.local/lib/python3.12/site-packages/airflow/example_dags/tutorial.py took 0.063 seconds
[2024-11-03T01:06:19.022+0000] {processor.py:186} INFO - Started process (PID=2347) to work on /home/airflow/.local/lib/python3.12/site-packages/airflow/example_dags/tutorial.py
[2024-11-03T01:06:19.023+0000] {processor.py:914} INFO - Processing file /home/airflow/.local/lib/python3.12/site-packages/airflow/example_dags/tutorial.py for tasks to queue
[2024-11-03T01:06:19.025+0000] {logging_mixin.py:190} INFO - [2024-11-03T01:06:19.024+0000] {dagbag.py:588} INFO - Filling up the DagBag from /home/airflow/.local/lib/python3.12/site-packages/airflow/example_dags/tutorial.py
[2024-11-03T01:06:19.032+0000] {processor.py:925} INFO - DAG(s) 'tutorial' retrieved from /home/airflow/.local/lib/python3.12/site-packages/airflow/example_dags/tutorial.py
[2024-11-03T01:06:19.053+0000] {logging_mixin.py:190} INFO - [2024-11-03T01:06:19.052+0000] {dag.py:3239} INFO - Sync 1 DAGs
[2024-11-03T01:06:19.074+0000] {logging_mixin.py:190} INFO - [2024-11-03T01:06:19.074+0000] {dag.py:4180} INFO - Setting next_dagrun for tutorial to 2024-11-02 00:00:00+00:00, run_after=2024-11-03 00:00:00+00:00
[2024-11-03T01:06:19.092+0000] {processor.py:208} INFO - Processing /home/airflow/.local/lib/python3.12/site-packages/airflow/example_dags/tutorial.py took 0.074 seconds
[2024-11-03T01:06:49.870+0000] {processor.py:186} INFO - Started process (PID=2410) to work on /home/airflow/.local/lib/python3.12/site-packages/airflow/example_dags/tutorial.py
[2024-11-03T01:06:49.871+0000] {processor.py:914} INFO - Processing file /home/airflow/.local/lib/python3.12/site-packages/airflow/example_dags/tutorial.py for tasks to queue
[2024-11-03T01:06:49.873+0000] {logging_mixin.py:190} INFO - [2024-11-03T01:06:49.873+0000] {dagbag.py:588} INFO - Filling up the DagBag from /home/airflow/.local/lib/python3.12/site-packages/airflow/example_dags/tutorial.py
[2024-11-03T01:06:49.880+0000] {processor.py:925} INFO - DAG(s) 'tutorial' retrieved from /home/airflow/.local/lib/python3.12/site-packages/airflow/example_dags/tutorial.py
[2024-11-03T01:06:49.897+0000] {logging_mixin.py:190} INFO - [2024-11-03T01:06:49.897+0000] {dag.py:3239} INFO - Sync 1 DAGs
[2024-11-03T01:06:49.917+0000] {logging_mixin.py:190} INFO - [2024-11-03T01:06:49.917+0000] {dag.py:4180} INFO - Setting next_dagrun for tutorial to 2024-11-02 00:00:00+00:00, run_after=2024-11-03 00:00:00+00:00
[2024-11-03T01:06:49.932+0000] {processor.py:208} INFO - Processing /home/airflow/.local/lib/python3.12/site-packages/airflow/example_dags/tutorial.py took 0.067 seconds
[2024-11-03T01:07:20.332+0000] {processor.py:186} INFO - Started process (PID=2473) to work on /home/airflow/.local/lib/python3.12/site-packages/airflow/example_dags/tutorial.py
[2024-11-03T01:07:20.333+0000] {processor.py:914} INFO - Processing file /home/airflow/.local/lib/python3.12/site-packages/airflow/example_dags/tutorial.py for tasks to queue
[2024-11-03T01:07:20.334+0000] {logging_mixin.py:190} INFO - [2024-11-03T01:07:20.334+0000] {dagbag.py:588} INFO - Filling up the DagBag from /home/airflow/.local/lib/python3.12/site-packages/airflow/example_dags/tutorial.py
[2024-11-03T01:07:20.341+0000] {processor.py:925} INFO - DAG(s) 'tutorial' retrieved from /home/airflow/.local/lib/python3.12/site-packages/airflow/example_dags/tutorial.py
[2024-11-03T01:07:20.358+0000] {logging_mixin.py:190} INFO - [2024-11-03T01:07:20.358+0000] {dag.py:3239} INFO - Sync 1 DAGs
[2024-11-03T01:07:20.377+0000] {logging_mixin.py:190} INFO - [2024-11-03T01:07:20.377+0000] {dag.py:4180} INFO - Setting next_dagrun for tutorial to 2024-11-02 00:00:00+00:00, run_after=2024-11-03 00:00:00+00:00
[2024-11-03T01:07:20.392+0000] {processor.py:208} INFO - Processing /home/airflow/.local/lib/python3.12/site-packages/airflow/example_dags/tutorial.py took 0.065 seconds
[2024-11-03T01:07:50.434+0000] {processor.py:186} INFO - Started process (PID=2535) to work on /home/airflow/.local/lib/python3.12/site-packages/airflow/example_dags/tutorial.py
[2024-11-03T01:07:50.435+0000] {processor.py:914} INFO - Processing file /home/airflow/.local/lib/python3.12/site-packages/airflow/example_dags/tutorial.py for tasks to queue
[2024-11-03T01:07:50.437+0000] {logging_mixin.py:190} INFO - [2024-11-03T01:07:50.437+0000] {dagbag.py:588} INFO - Filling up the DagBag from /home/airflow/.local/lib/python3.12/site-packages/airflow/example_dags/tutorial.py
[2024-11-03T01:07:50.443+0000] {processor.py:925} INFO - DAG(s) 'tutorial' retrieved from /home/airflow/.local/lib/python3.12/site-packages/airflow/example_dags/tutorial.py
[2024-11-03T01:07:50.459+0000] {logging_mixin.py:190} INFO - [2024-11-03T01:07:50.459+0000] {dag.py:3239} INFO - Sync 1 DAGs
[2024-11-03T01:07:50.479+0000] {logging_mixin.py:190} INFO - [2024-11-03T01:07:50.478+0000] {dag.py:4180} INFO - Setting next_dagrun for tutorial to 2024-11-02 00:00:00+00:00, run_after=2024-11-03 00:00:00+00:00
[2024-11-03T01:07:50.496+0000] {processor.py:208} INFO - Processing /home/airflow/.local/lib/python3.12/site-packages/airflow/example_dags/tutorial.py took 0.066 seconds
[2024-11-03T01:08:20.898+0000] {processor.py:186} INFO - Started process (PID=2598) to work on /home/airflow/.local/lib/python3.12/site-packages/airflow/example_dags/tutorial.py
[2024-11-03T01:08:20.899+0000] {processor.py:914} INFO - Processing file /home/airflow/.local/lib/python3.12/site-packages/airflow/example_dags/tutorial.py for tasks to queue
[2024-11-03T01:08:20.900+0000] {logging_mixin.py:190} INFO - [2024-11-03T01:08:20.900+0000] {dagbag.py:588} INFO - Filling up the DagBag from /home/airflow/.local/lib/python3.12/site-packages/airflow/example_dags/tutorial.py
[2024-11-03T01:08:20.906+0000] {processor.py:925} INFO - DAG(s) 'tutorial' retrieved from /home/airflow/.local/lib/python3.12/site-packages/airflow/example_dags/tutorial.py
[2024-11-03T01:08:20.922+0000] {logging_mixin.py:190} INFO - [2024-11-03T01:08:20.922+0000] {dag.py:3239} INFO - Sync 1 DAGs
[2024-11-03T01:08:20.942+0000] {logging_mixin.py:190} INFO - [2024-11-03T01:08:20.942+0000] {dag.py:4180} INFO - Setting next_dagrun for tutorial to 2024-11-02 00:00:00+00:00, run_after=2024-11-03 00:00:00+00:00
[2024-11-03T01:08:20.957+0000] {processor.py:208} INFO - Processing /home/airflow/.local/lib/python3.12/site-packages/airflow/example_dags/tutorial.py took 0.064 seconds
[2024-11-03T01:08:51.435+0000] {processor.py:186} INFO - Started process (PID=2662) to work on /home/airflow/.local/lib/python3.12/site-packages/airflow/example_dags/tutorial.py
[2024-11-03T01:08:51.436+0000] {processor.py:914} INFO - Processing file /home/airflow/.local/lib/python3.12/site-packages/airflow/example_dags/tutorial.py for tasks to queue
[2024-11-03T01:08:51.437+0000] {logging_mixin.py:190} INFO - [2024-11-03T01:08:51.437+0000] {dagbag.py:588} INFO - Filling up the DagBag from /home/airflow/.local/lib/python3.12/site-packages/airflow/example_dags/tutorial.py
[2024-11-03T01:08:51.444+0000] {processor.py:925} INFO - DAG(s) 'tutorial' retrieved from /home/airflow/.local/lib/python3.12/site-packages/airflow/example_dags/tutorial.py
[2024-11-03T01:08:51.460+0000] {logging_mixin.py:190} INFO - [2024-11-03T01:08:51.460+0000] {dag.py:3239} INFO - Sync 1 DAGs
[2024-11-03T01:08:51.479+0000] {logging_mixin.py:190} INFO - [2024-11-03T01:08:51.479+0000] {dag.py:4180} INFO - Setting next_dagrun for tutorial to 2024-11-02 00:00:00+00:00, run_after=2024-11-03 00:00:00+00:00
[2024-11-03T01:08:51.496+0000] {processor.py:208} INFO - Processing /home/airflow/.local/lib/python3.12/site-packages/airflow/example_dags/tutorial.py took 0.065 seconds
[2024-11-03T01:09:21.729+0000] {processor.py:186} INFO - Started process (PID=2725) to work on /home/airflow/.local/lib/python3.12/site-packages/airflow/example_dags/tutorial.py
[2024-11-03T01:09:21.730+0000] {processor.py:914} INFO - Processing file /home/airflow/.local/lib/python3.12/site-packages/airflow/example_dags/tutorial.py for tasks to queue
[2024-11-03T01:09:21.731+0000] {logging_mixin.py:190} INFO - [2024-11-03T01:09:21.731+0000] {dagbag.py:588} INFO - Filling up the DagBag from /home/airflow/.local/lib/python3.12/site-packages/airflow/example_dags/tutorial.py
[2024-11-03T01:09:21.737+0000] {processor.py:925} INFO - DAG(s) 'tutorial' retrieved from /home/airflow/.local/lib/python3.12/site-packages/airflow/example_dags/tutorial.py
[2024-11-03T01:09:21.753+0000] {logging_mixin.py:190} INFO - [2024-11-03T01:09:21.753+0000] {dag.py:3239} INFO - Sync 1 DAGs
[2024-11-03T01:09:21.772+0000] {logging_mixin.py:190} INFO - [2024-11-03T01:09:21.772+0000] {dag.py:4180} INFO - Setting next_dagrun for tutorial to 2024-11-02 00:00:00+00:00, run_after=2024-11-03 00:00:00+00:00
[2024-11-03T01:09:21.788+0000] {processor.py:208} INFO - Processing /home/airflow/.local/lib/python3.12/site-packages/airflow/example_dags/tutorial.py took 0.064 seconds
[2024-11-03T01:09:52.247+0000] {processor.py:186} INFO - Started process (PID=2788) to work on /home/airflow/.local/lib/python3.12/site-packages/airflow/example_dags/tutorial.py
[2024-11-03T01:09:52.248+0000] {processor.py:914} INFO - Processing file /home/airflow/.local/lib/python3.12/site-packages/airflow/example_dags/tutorial.py for tasks to queue
[2024-11-03T01:09:52.250+0000] {logging_mixin.py:190} INFO - [2024-11-03T01:09:52.249+0000] {dagbag.py:588} INFO - Filling up the DagBag from /home/airflow/.local/lib/python3.12/site-packages/airflow/example_dags/tutorial.py
[2024-11-03T01:09:52.256+0000] {processor.py:925} INFO - DAG(s) 'tutorial' retrieved from /home/airflow/.local/lib/python3.12/site-packages/airflow/example_dags/tutorial.py
[2024-11-03T01:09:52.273+0000] {logging_mixin.py:190} INFO - [2024-11-03T01:09:52.273+0000] {dag.py:3239} INFO - Sync 1 DAGs
[2024-11-03T01:09:52.293+0000] {logging_mixin.py:190} INFO - [2024-11-03T01:09:52.293+0000] {dag.py:4180} INFO - Setting next_dagrun for tutorial to 2024-11-02 00:00:00+00:00, run_after=2024-11-03 00:00:00+00:00
[2024-11-03T01:09:52.310+0000] {processor.py:208} INFO - Processing /home/airflow/.local/lib/python3.12/site-packages/airflow/example_dags/tutorial.py took 0.067 seconds
[2024-11-03T01:10:22.636+0000] {processor.py:186} INFO - Started process (PID=2851) to work on /home/airflow/.local/lib/python3.12/site-packages/airflow/example_dags/tutorial.py
[2024-11-03T01:10:22.637+0000] {processor.py:914} INFO - Processing file /home/airflow/.local/lib/python3.12/site-packages/airflow/example_dags/tutorial.py for tasks to queue
[2024-11-03T01:10:22.639+0000] {logging_mixin.py:190} INFO - [2024-11-03T01:10:22.639+0000] {dagbag.py:588} INFO - Filling up the DagBag from /home/airflow/.local/lib/python3.12/site-packages/airflow/example_dags/tutorial.py
[2024-11-03T01:10:22.645+0000] {processor.py:925} INFO - DAG(s) 'tutorial' retrieved from /home/airflow/.local/lib/python3.12/site-packages/airflow/example_dags/tutorial.py
[2024-11-03T01:10:22.661+0000] {logging_mixin.py:190} INFO - [2024-11-03T01:10:22.661+0000] {dag.py:3239} INFO - Sync 1 DAGs
[2024-11-03T01:10:22.680+0000] {logging_mixin.py:190} INFO - [2024-11-03T01:10:22.680+0000] {dag.py:4180} INFO - Setting next_dagrun for tutorial to 2024-11-02 00:00:00+00:00, run_after=2024-11-03 00:00:00+00:00
[2024-11-03T01:10:22.696+0000] {processor.py:208} INFO - Processing /home/airflow/.local/lib/python3.12/site-packages/airflow/example_dags/tutorial.py took 0.064 seconds
[2024-11-03T01:10:53.108+0000] {processor.py:186} INFO - Started process (PID=2914) to work on /home/airflow/.local/lib/python3.12/site-packages/airflow/example_dags/tutorial.py
[2024-11-03T01:10:53.109+0000] {processor.py:914} INFO - Processing file /home/airflow/.local/lib/python3.12/site-packages/airflow/example_dags/tutorial.py for tasks to queue
[2024-11-03T01:10:53.111+0000] {logging_mixin.py:190} INFO - [2024-11-03T01:10:53.111+0000] {dagbag.py:588} INFO - Filling up the DagBag from /home/airflow/.local/lib/python3.12/site-packages/airflow/example_dags/tutorial.py
[2024-11-03T01:10:53.117+0000] {processor.py:925} INFO - DAG(s) 'tutorial' retrieved from /home/airflow/.local/lib/python3.12/site-packages/airflow/example_dags/tutorial.py
[2024-11-03T01:10:53.133+0000] {logging_mixin.py:190} INFO - [2024-11-03T01:10:53.133+0000] {dag.py:3239} INFO - Sync 1 DAGs
[2024-11-03T01:10:53.152+0000] {logging_mixin.py:190} INFO - [2024-11-03T01:10:53.152+0000] {dag.py:4180} INFO - Setting next_dagrun for tutorial to 2024-11-02 00:00:00+00:00, run_after=2024-11-03 00:00:00+00:00
[2024-11-03T01:10:53.167+0000] {processor.py:208} INFO - Processing /home/airflow/.local/lib/python3.12/site-packages/airflow/example_dags/tutorial.py took 0.064 seconds
[2024-11-03T01:11:23.592+0000] {processor.py:186} INFO - Started process (PID=2977) to work on /home/airflow/.local/lib/python3.12/site-packages/airflow/example_dags/tutorial.py
[2024-11-03T01:11:23.593+0000] {processor.py:914} INFO - Processing file /home/airflow/.local/lib/python3.12/site-packages/airflow/example_dags/tutorial.py for tasks to queue
[2024-11-03T01:11:23.595+0000] {logging_mixin.py:190} INFO - [2024-11-03T01:11:23.595+0000] {dagbag.py:588} INFO - Filling up the DagBag from /home/airflow/.local/lib/python3.12/site-packages/airflow/example_dags/tutorial.py
[2024-11-03T01:11:23.602+0000] {processor.py:925} INFO - DAG(s) 'tutorial' retrieved from /home/airflow/.local/lib/python3.12/site-packages/airflow/example_dags/tutorial.py
[2024-11-03T01:11:23.619+0000] {logging_mixin.py:190} INFO - [2024-11-03T01:11:23.618+0000] {dag.py:3239} INFO - Sync 1 DAGs
[2024-11-03T01:11:23.638+0000] {logging_mixin.py:190} INFO - [2024-11-03T01:11:23.638+0000] {dag.py:4180} INFO - Setting next_dagrun for tutorial to 2024-11-02 00:00:00+00:00, run_after=2024-11-03 00:00:00+00:00
[2024-11-03T01:11:23.654+0000] {processor.py:208} INFO - Processing /home/airflow/.local/lib/python3.12/site-packages/airflow/example_dags/tutorial.py took 0.066 seconds
[2024-11-03T01:11:53.822+0000] {processor.py:186} INFO - Started process (PID=3040) to work on /home/airflow/.local/lib/python3.12/site-packages/airflow/example_dags/tutorial.py
[2024-11-03T01:11:53.823+0000] {processor.py:914} INFO - Processing file /home/airflow/.local/lib/python3.12/site-packages/airflow/example_dags/tutorial.py for tasks to queue
[2024-11-03T01:11:53.825+0000] {logging_mixin.py:190} INFO - [2024-11-03T01:11:53.824+0000] {dagbag.py:588} INFO - Filling up the DagBag from /home/airflow/.local/lib/python3.12/site-packages/airflow/example_dags/tutorial.py
[2024-11-03T01:11:53.831+0000] {processor.py:925} INFO - DAG(s) 'tutorial' retrieved from /home/airflow/.local/lib/python3.12/site-packages/airflow/example_dags/tutorial.py
[2024-11-03T01:11:53.849+0000] {logging_mixin.py:190} INFO - [2024-11-03T01:11:53.849+0000] {dag.py:3239} INFO - Sync 1 DAGs
[2024-11-03T01:11:53.869+0000] {logging_mixin.py:190} INFO - [2024-11-03T01:11:53.868+0000] {dag.py:4180} INFO - Setting next_dagrun for tutorial to 2024-11-02 00:00:00+00:00, run_after=2024-11-03 00:00:00+00:00
[2024-11-03T01:11:53.885+0000] {processor.py:208} INFO - Processing /home/airflow/.local/lib/python3.12/site-packages/airflow/example_dags/tutorial.py took 0.067 seconds
[2024-11-03T01:12:24.809+0000] {processor.py:186} INFO - Started process (PID=3103) to work on /home/airflow/.local/lib/python3.12/site-packages/airflow/example_dags/tutorial.py
[2024-11-03T01:12:24.810+0000] {processor.py:914} INFO - Processing file /home/airflow/.local/lib/python3.12/site-packages/airflow/example_dags/tutorial.py for tasks to queue
[2024-11-03T01:12:24.812+0000] {logging_mixin.py:190} INFO - [2024-11-03T01:12:24.812+0000] {dagbag.py:588} INFO - Filling up the DagBag from /home/airflow/.local/lib/python3.12/site-packages/airflow/example_dags/tutorial.py
[2024-11-03T01:12:24.818+0000] {processor.py:925} INFO - DAG(s) 'tutorial' retrieved from /home/airflow/.local/lib/python3.12/site-packages/airflow/example_dags/tutorial.py
[2024-11-03T01:12:24.834+0000] {logging_mixin.py:190} INFO - [2024-11-03T01:12:24.834+0000] {dag.py:3239} INFO - Sync 1 DAGs
[2024-11-03T01:12:25.003+0000] {logging_mixin.py:190} INFO - [2024-11-03T01:12:25.003+0000] {dag.py:4180} INFO - Setting next_dagrun for tutorial to 2024-11-02 00:00:00+00:00, run_after=2024-11-03 00:00:00+00:00
[2024-11-03T01:12:25.018+0000] {processor.py:208} INFO - Processing /home/airflow/.local/lib/python3.12/site-packages/airflow/example_dags/tutorial.py took 0.213 seconds
[2024-11-03T01:12:55.792+0000] {processor.py:186} INFO - Started process (PID=3166) to work on /home/airflow/.local/lib/python3.12/site-packages/airflow/example_dags/tutorial.py
[2024-11-03T01:12:55.793+0000] {processor.py:914} INFO - Processing file /home/airflow/.local/lib/python3.12/site-packages/airflow/example_dags/tutorial.py for tasks to queue
[2024-11-03T01:12:55.796+0000] {logging_mixin.py:190} INFO - [2024-11-03T01:12:55.795+0000] {dagbag.py:588} INFO - Filling up the DagBag from /home/airflow/.local/lib/python3.12/site-packages/airflow/example_dags/tutorial.py
[2024-11-03T01:12:55.802+0000] {processor.py:925} INFO - DAG(s) 'tutorial' retrieved from /home/airflow/.local/lib/python3.12/site-packages/airflow/example_dags/tutorial.py
[2024-11-03T01:12:55.821+0000] {logging_mixin.py:190} INFO - [2024-11-03T01:12:55.820+0000] {dag.py:3239} INFO - Sync 1 DAGs
[2024-11-03T01:12:55.841+0000] {logging_mixin.py:190} INFO - [2024-11-03T01:12:55.841+0000] {dag.py:4180} INFO - Setting next_dagrun for tutorial to 2024-11-02 00:00:00+00:00, run_after=2024-11-03 00:00:00+00:00
[2024-11-03T01:12:55.859+0000] {processor.py:208} INFO - Processing /home/airflow/.local/lib/python3.12/site-packages/airflow/example_dags/tutorial.py took 0.072 seconds
[2024-11-03T01:13:26.500+0000] {processor.py:186} INFO - Started process (PID=3229) to work on /home/airflow/.local/lib/python3.12/site-packages/airflow/example_dags/tutorial.py
[2024-11-03T01:13:26.501+0000] {processor.py:914} INFO - Processing file /home/airflow/.local/lib/python3.12/site-packages/airflow/example_dags/tutorial.py for tasks to queue
[2024-11-03T01:13:26.503+0000] {logging_mixin.py:190} INFO - [2024-11-03T01:13:26.502+0000] {dagbag.py:588} INFO - Filling up the DagBag from /home/airflow/.local/lib/python3.12/site-packages/airflow/example_dags/tutorial.py
[2024-11-03T01:13:26.509+0000] {processor.py:925} INFO - DAG(s) 'tutorial' retrieved from /home/airflow/.local/lib/python3.12/site-packages/airflow/example_dags/tutorial.py
[2024-11-03T01:13:26.531+0000] {logging_mixin.py:190} INFO - [2024-11-03T01:13:26.531+0000] {dag.py:3239} INFO - Sync 1 DAGs
[2024-11-03T01:13:26.553+0000] {logging_mixin.py:190} INFO - [2024-11-03T01:13:26.552+0000] {dag.py:4180} INFO - Setting next_dagrun for tutorial to 2024-11-02 00:00:00+00:00, run_after=2024-11-03 00:00:00+00:00
[2024-11-03T01:13:26.567+0000] {processor.py:208} INFO - Processing /home/airflow/.local/lib/python3.12/site-packages/airflow/example_dags/tutorial.py took 0.072 seconds
[2024-11-03T01:13:57.037+0000] {processor.py:186} INFO - Started process (PID=3292) to work on /home/airflow/.local/lib/python3.12/site-packages/airflow/example_dags/tutorial.py
[2024-11-03T01:13:57.038+0000] {processor.py:914} INFO - Processing file /home/airflow/.local/lib/python3.12/site-packages/airflow/example_dags/tutorial.py for tasks to queue
[2024-11-03T01:13:57.040+0000] {logging_mixin.py:190} INFO - [2024-11-03T01:13:57.040+0000] {dagbag.py:588} INFO - Filling up the DagBag from /home/airflow/.local/lib/python3.12/site-packages/airflow/example_dags/tutorial.py
[2024-11-03T01:13:57.047+0000] {processor.py:925} INFO - DAG(s) 'tutorial' retrieved from /home/airflow/.local/lib/python3.12/site-packages/airflow/example_dags/tutorial.py
[2024-11-03T01:13:57.063+0000] {logging_mixin.py:190} INFO - [2024-11-03T01:13:57.063+0000] {dag.py:3239} INFO - Sync 1 DAGs
[2024-11-03T01:13:57.082+0000] {logging_mixin.py:190} INFO - [2024-11-03T01:13:57.081+0000] {dag.py:4180} INFO - Setting next_dagrun for tutorial to 2024-11-02 00:00:00+00:00, run_after=2024-11-03 00:00:00+00:00
[2024-11-03T01:13:57.097+0000] {processor.py:208} INFO - Processing /home/airflow/.local/lib/python3.12/site-packages/airflow/example_dags/tutorial.py took 0.064 seconds
[2024-11-03T01:14:27.411+0000] {processor.py:186} INFO - Started process (PID=3355) to work on /home/airflow/.local/lib/python3.12/site-packages/airflow/example_dags/tutorial.py
[2024-11-03T01:14:27.412+0000] {processor.py:914} INFO - Processing file /home/airflow/.local/lib/python3.12/site-packages/airflow/example_dags/tutorial.py for tasks to queue
[2024-11-03T01:14:27.414+0000] {logging_mixin.py:190} INFO - [2024-11-03T01:14:27.414+0000] {dagbag.py:588} INFO - Filling up the DagBag from /home/airflow/.local/lib/python3.12/site-packages/airflow/example_dags/tutorial.py
[2024-11-03T01:14:27.421+0000] {processor.py:925} INFO - DAG(s) 'tutorial' retrieved from /home/airflow/.local/lib/python3.12/site-packages/airflow/example_dags/tutorial.py
[2024-11-03T01:14:27.599+0000] {logging_mixin.py:190} INFO - [2024-11-03T01:14:27.599+0000] {dag.py:3239} INFO - Sync 1 DAGs
[2024-11-03T01:14:27.618+0000] {logging_mixin.py:190} INFO - [2024-11-03T01:14:27.618+0000] {dag.py:4180} INFO - Setting next_dagrun for tutorial to 2024-11-02 00:00:00+00:00, run_after=2024-11-03 00:00:00+00:00
[2024-11-03T01:14:27.633+0000] {processor.py:208} INFO - Processing /home/airflow/.local/lib/python3.12/site-packages/airflow/example_dags/tutorial.py took 0.228 seconds
[2024-11-03T01:14:57.668+0000] {processor.py:186} INFO - Started process (PID=3418) to work on /home/airflow/.local/lib/python3.12/site-packages/airflow/example_dags/tutorial.py
[2024-11-03T01:14:57.669+0000] {processor.py:914} INFO - Processing file /home/airflow/.local/lib/python3.12/site-packages/airflow/example_dags/tutorial.py for tasks to queue
[2024-11-03T01:14:57.671+0000] {logging_mixin.py:190} INFO - [2024-11-03T01:14:57.670+0000] {dagbag.py:588} INFO - Filling up the DagBag from /home/airflow/.local/lib/python3.12/site-packages/airflow/example_dags/tutorial.py
[2024-11-03T01:14:57.677+0000] {processor.py:925} INFO - DAG(s) 'tutorial' retrieved from /home/airflow/.local/lib/python3.12/site-packages/airflow/example_dags/tutorial.py
[2024-11-03T01:14:57.694+0000] {logging_mixin.py:190} INFO - [2024-11-03T01:14:57.694+0000] {dag.py:3239} INFO - Sync 1 DAGs
[2024-11-03T01:14:57.714+0000] {logging_mixin.py:190} INFO - [2024-11-03T01:14:57.714+0000] {dag.py:4180} INFO - Setting next_dagrun for tutorial to 2024-11-02 00:00:00+00:00, run_after=2024-11-03 00:00:00+00:00
[2024-11-03T01:14:57.729+0000] {processor.py:208} INFO - Processing /home/airflow/.local/lib/python3.12/site-packages/airflow/example_dags/tutorial.py took 0.066 seconds
[2024-11-03T01:15:28.056+0000] {processor.py:186} INFO - Started process (PID=3481) to work on /home/airflow/.local/lib/python3.12/site-packages/airflow/example_dags/tutorial.py
[2024-11-03T01:15:28.057+0000] {processor.py:914} INFO - Processing file /home/airflow/.local/lib/python3.12/site-packages/airflow/example_dags/tutorial.py for tasks to queue
[2024-11-03T01:15:28.059+0000] {logging_mixin.py:190} INFO - [2024-11-03T01:15:28.059+0000] {dagbag.py:588} INFO - Filling up the DagBag from /home/airflow/.local/lib/python3.12/site-packages/airflow/example_dags/tutorial.py
[2024-11-03T01:15:28.066+0000] {processor.py:925} INFO - DAG(s) 'tutorial' retrieved from /home/airflow/.local/lib/python3.12/site-packages/airflow/example_dags/tutorial.py
[2024-11-03T01:15:28.084+0000] {logging_mixin.py:190} INFO - [2024-11-03T01:15:28.084+0000] {dag.py:3239} INFO - Sync 1 DAGs
[2024-11-03T01:15:28.105+0000] {logging_mixin.py:190} INFO - [2024-11-03T01:15:28.105+0000] {dag.py:4180} INFO - Setting next_dagrun for tutorial to 2024-11-02 00:00:00+00:00, run_after=2024-11-03 00:00:00+00:00
[2024-11-03T01:15:28.122+0000] {processor.py:208} INFO - Processing /home/airflow/.local/lib/python3.12/site-packages/airflow/example_dags/tutorial.py took 0.070 seconds
[2024-11-03T01:15:58.558+0000] {processor.py:186} INFO - Started process (PID=3544) to work on /home/airflow/.local/lib/python3.12/site-packages/airflow/example_dags/tutorial.py
[2024-11-03T01:15:58.559+0000] {processor.py:914} INFO - Processing file /home/airflow/.local/lib/python3.12/site-packages/airflow/example_dags/tutorial.py for tasks to queue
[2024-11-03T01:15:58.562+0000] {logging_mixin.py:190} INFO - [2024-11-03T01:15:58.561+0000] {dagbag.py:588} INFO - Filling up the DagBag from /home/airflow/.local/lib/python3.12/site-packages/airflow/example_dags/tutorial.py
[2024-11-03T01:15:58.568+0000] {processor.py:925} INFO - DAG(s) 'tutorial' retrieved from /home/airflow/.local/lib/python3.12/site-packages/airflow/example_dags/tutorial.py
[2024-11-03T01:15:58.587+0000] {logging_mixin.py:190} INFO - [2024-11-03T01:15:58.586+0000] {dag.py:3239} INFO - Sync 1 DAGs
[2024-11-03T01:15:58.607+0000] {logging_mixin.py:190} INFO - [2024-11-03T01:15:58.607+0000] {dag.py:4180} INFO - Setting next_dagrun for tutorial to 2024-11-02 00:00:00+00:00, run_after=2024-11-03 00:00:00+00:00
[2024-11-03T01:15:58.623+0000] {processor.py:208} INFO - Processing /home/airflow/.local/lib/python3.12/site-packages/airflow/example_dags/tutorial.py took 0.070 seconds
[2024-11-03T01:16:28.935+0000] {processor.py:186} INFO - Started process (PID=3607) to work on /home/airflow/.local/lib/python3.12/site-packages/airflow/example_dags/tutorial.py
[2024-11-03T01:16:28.936+0000] {processor.py:914} INFO - Processing file /home/airflow/.local/lib/python3.12/site-packages/airflow/example_dags/tutorial.py for tasks to queue
[2024-11-03T01:16:28.938+0000] {logging_mixin.py:190} INFO - [2024-11-03T01:16:28.937+0000] {dagbag.py:588} INFO - Filling up the DagBag from /home/airflow/.local/lib/python3.12/site-packages/airflow/example_dags/tutorial.py
[2024-11-03T01:16:28.944+0000] {processor.py:925} INFO - DAG(s) 'tutorial' retrieved from /home/airflow/.local/lib/python3.12/site-packages/airflow/example_dags/tutorial.py
[2024-11-03T01:16:28.960+0000] {logging_mixin.py:190} INFO - [2024-11-03T01:16:28.960+0000] {dag.py:3239} INFO - Sync 1 DAGs
[2024-11-03T01:16:28.980+0000] {logging_mixin.py:190} INFO - [2024-11-03T01:16:28.980+0000] {dag.py:4180} INFO - Setting next_dagrun for tutorial to 2024-11-02 00:00:00+00:00, run_after=2024-11-03 00:00:00+00:00
[2024-11-03T01:16:28.996+0000] {processor.py:208} INFO - Processing /home/airflow/.local/lib/python3.12/site-packages/airflow/example_dags/tutorial.py took 0.066 seconds
[2024-11-03T01:16:59.246+0000] {processor.py:186} INFO - Started process (PID=3670) to work on /home/airflow/.local/lib/python3.12/site-packages/airflow/example_dags/tutorial.py
[2024-11-03T01:16:59.247+0000] {processor.py:914} INFO - Processing file /home/airflow/.local/lib/python3.12/site-packages/airflow/example_dags/tutorial.py for tasks to queue
[2024-11-03T01:16:59.249+0000] {logging_mixin.py:190} INFO - [2024-11-03T01:16:59.249+0000] {dagbag.py:588} INFO - Filling up the DagBag from /home/airflow/.local/lib/python3.12/site-packages/airflow/example_dags/tutorial.py
[2024-11-03T01:16:59.255+0000] {processor.py:925} INFO - DAG(s) 'tutorial' retrieved from /home/airflow/.local/lib/python3.12/site-packages/airflow/example_dags/tutorial.py
[2024-11-03T01:16:59.273+0000] {logging_mixin.py:190} INFO - [2024-11-03T01:16:59.272+0000] {dag.py:3239} INFO - Sync 1 DAGs
[2024-11-03T01:16:59.294+0000] {logging_mixin.py:190} INFO - [2024-11-03T01:16:59.293+0000] {dag.py:4180} INFO - Setting next_dagrun for tutorial to 2024-11-02 00:00:00+00:00, run_after=2024-11-03 00:00:00+00:00
[2024-11-03T01:16:59.309+0000] {processor.py:208} INFO - Processing /home/airflow/.local/lib/python3.12/site-packages/airflow/example_dags/tutorial.py took 0.068 seconds
[2024-11-03T01:17:29.369+0000] {processor.py:186} INFO - Started process (PID=3733) to work on /home/airflow/.local/lib/python3.12/site-packages/airflow/example_dags/tutorial.py
[2024-11-03T01:17:29.370+0000] {processor.py:914} INFO - Processing file /home/airflow/.local/lib/python3.12/site-packages/airflow/example_dags/tutorial.py for tasks to queue
[2024-11-03T01:17:29.372+0000] {logging_mixin.py:190} INFO - [2024-11-03T01:17:29.371+0000] {dagbag.py:588} INFO - Filling up the DagBag from /home/airflow/.local/lib/python3.12/site-packages/airflow/example_dags/tutorial.py
[2024-11-03T01:17:29.378+0000] {processor.py:925} INFO - DAG(s) 'tutorial' retrieved from /home/airflow/.local/lib/python3.12/site-packages/airflow/example_dags/tutorial.py
[2024-11-03T01:17:29.394+0000] {logging_mixin.py:190} INFO - [2024-11-03T01:17:29.394+0000] {dag.py:3239} INFO - Sync 1 DAGs
[2024-11-03T01:17:29.414+0000] {logging_mixin.py:190} INFO - [2024-11-03T01:17:29.413+0000] {dag.py:4180} INFO - Setting next_dagrun for tutorial to 2024-11-02 00:00:00+00:00, run_after=2024-11-03 00:00:00+00:00
[2024-11-03T01:17:29.428+0000] {processor.py:208} INFO - Processing /home/airflow/.local/lib/python3.12/site-packages/airflow/example_dags/tutorial.py took 0.063 seconds
[2024-11-03T01:17:59.684+0000] {processor.py:186} INFO - Started process (PID=3796) to work on /home/airflow/.local/lib/python3.12/site-packages/airflow/example_dags/tutorial.py
[2024-11-03T01:17:59.685+0000] {processor.py:914} INFO - Processing file /home/airflow/.local/lib/python3.12/site-packages/airflow/example_dags/tutorial.py for tasks to queue
[2024-11-03T01:17:59.687+0000] {logging_mixin.py:190} INFO - [2024-11-03T01:17:59.686+0000] {dagbag.py:588} INFO - Filling up the DagBag from /home/airflow/.local/lib/python3.12/site-packages/airflow/example_dags/tutorial.py
[2024-11-03T01:17:59.693+0000] {processor.py:925} INFO - DAG(s) 'tutorial' retrieved from /home/airflow/.local/lib/python3.12/site-packages/airflow/example_dags/tutorial.py
[2024-11-03T01:17:59.709+0000] {logging_mixin.py:190} INFO - [2024-11-03T01:17:59.709+0000] {dag.py:3239} INFO - Sync 1 DAGs
[2024-11-03T01:17:59.731+0000] {logging_mixin.py:190} INFO - [2024-11-03T01:17:59.731+0000] {dag.py:4180} INFO - Setting next_dagrun for tutorial to 2024-11-02 00:00:00+00:00, run_after=2024-11-03 00:00:00+00:00
[2024-11-03T01:17:59.747+0000] {processor.py:208} INFO - Processing /home/airflow/.local/lib/python3.12/site-packages/airflow/example_dags/tutorial.py took 0.068 seconds
[2024-11-03T01:18:29.888+0000] {processor.py:186} INFO - Started process (PID=3860) to work on /home/airflow/.local/lib/python3.12/site-packages/airflow/example_dags/tutorial.py
[2024-11-03T01:18:29.889+0000] {processor.py:914} INFO - Processing file /home/airflow/.local/lib/python3.12/site-packages/airflow/example_dags/tutorial.py for tasks to queue
[2024-11-03T01:18:29.891+0000] {logging_mixin.py:190} INFO - [2024-11-03T01:18:29.891+0000] {dagbag.py:588} INFO - Filling up the DagBag from /home/airflow/.local/lib/python3.12/site-packages/airflow/example_dags/tutorial.py
[2024-11-03T01:18:29.898+0000] {processor.py:925} INFO - DAG(s) 'tutorial' retrieved from /home/airflow/.local/lib/python3.12/site-packages/airflow/example_dags/tutorial.py
[2024-11-03T01:18:29.916+0000] {logging_mixin.py:190} INFO - [2024-11-03T01:18:29.916+0000] {dag.py:3239} INFO - Sync 1 DAGs
[2024-11-03T01:18:29.937+0000] {logging_mixin.py:190} INFO - [2024-11-03T01:18:29.937+0000] {dag.py:4180} INFO - Setting next_dagrun for tutorial to 2024-11-02 00:00:00+00:00, run_after=2024-11-03 00:00:00+00:00
[2024-11-03T01:18:29.952+0000] {processor.py:208} INFO - Processing /home/airflow/.local/lib/python3.12/site-packages/airflow/example_dags/tutorial.py took 0.068 seconds
[2024-11-03T01:19:00.131+0000] {processor.py:186} INFO - Started process (PID=3923) to work on /home/airflow/.local/lib/python3.12/site-packages/airflow/example_dags/tutorial.py
[2024-11-03T01:19:00.132+0000] {processor.py:914} INFO - Processing file /home/airflow/.local/lib/python3.12/site-packages/airflow/example_dags/tutorial.py for tasks to queue
[2024-11-03T01:19:00.134+0000] {logging_mixin.py:190} INFO - [2024-11-03T01:19:00.133+0000] {dagbag.py:588} INFO - Filling up the DagBag from /home/airflow/.local/lib/python3.12/site-packages/airflow/example_dags/tutorial.py
[2024-11-03T01:19:00.140+0000] {processor.py:925} INFO - DAG(s) 'tutorial' retrieved from /home/airflow/.local/lib/python3.12/site-packages/airflow/example_dags/tutorial.py
[2024-11-03T01:19:00.157+0000] {logging_mixin.py:190} INFO - [2024-11-03T01:19:00.156+0000] {dag.py:3239} INFO - Sync 1 DAGs
[2024-11-03T01:19:00.176+0000] {logging_mixin.py:190} INFO - [2024-11-03T01:19:00.176+0000] {dag.py:4180} INFO - Setting next_dagrun for tutorial to 2024-11-02 00:00:00+00:00, run_after=2024-11-03 00:00:00+00:00
[2024-11-03T01:19:00.191+0000] {processor.py:208} INFO - Processing /home/airflow/.local/lib/python3.12/site-packages/airflow/example_dags/tutorial.py took 0.065 seconds
[2024-11-03T01:19:30.745+0000] {processor.py:186} INFO - Started process (PID=3986) to work on /home/airflow/.local/lib/python3.12/site-packages/airflow/example_dags/tutorial.py
[2024-11-03T01:19:30.746+0000] {processor.py:914} INFO - Processing file /home/airflow/.local/lib/python3.12/site-packages/airflow/example_dags/tutorial.py for tasks to queue
[2024-11-03T01:19:30.748+0000] {logging_mixin.py:190} INFO - [2024-11-03T01:19:30.748+0000] {dagbag.py:588} INFO - Filling up the DagBag from /home/airflow/.local/lib/python3.12/site-packages/airflow/example_dags/tutorial.py
[2024-11-03T01:19:30.755+0000] {processor.py:925} INFO - DAG(s) 'tutorial' retrieved from /home/airflow/.local/lib/python3.12/site-packages/airflow/example_dags/tutorial.py
[2024-11-03T01:19:30.772+0000] {logging_mixin.py:190} INFO - [2024-11-03T01:19:30.772+0000] {dag.py:3239} INFO - Sync 1 DAGs
[2024-11-03T01:19:30.792+0000] {logging_mixin.py:190} INFO - [2024-11-03T01:19:30.792+0000] {dag.py:4180} INFO - Setting next_dagrun for tutorial to 2024-11-02 00:00:00+00:00, run_after=2024-11-03 00:00:00+00:00
[2024-11-03T01:19:30.807+0000] {processor.py:208} INFO - Processing /home/airflow/.local/lib/python3.12/site-packages/airflow/example_dags/tutorial.py took 0.066 seconds
[2024-11-03T01:20:01.081+0000] {processor.py:186} INFO - Started process (PID=4049) to work on /home/airflow/.local/lib/python3.12/site-packages/airflow/example_dags/tutorial.py
[2024-11-03T01:20:01.082+0000] {processor.py:914} INFO - Processing file /home/airflow/.local/lib/python3.12/site-packages/airflow/example_dags/tutorial.py for tasks to queue
[2024-11-03T01:20:01.084+0000] {logging_mixin.py:190} INFO - [2024-11-03T01:20:01.084+0000] {dagbag.py:588} INFO - Filling up the DagBag from /home/airflow/.local/lib/python3.12/site-packages/airflow/example_dags/tutorial.py
[2024-11-03T01:20:01.090+0000] {processor.py:925} INFO - DAG(s) 'tutorial' retrieved from /home/airflow/.local/lib/python3.12/site-packages/airflow/example_dags/tutorial.py
[2024-11-03T01:20:01.107+0000] {logging_mixin.py:190} INFO - [2024-11-03T01:20:01.106+0000] {dag.py:3239} INFO - Sync 1 DAGs
[2024-11-03T01:20:01.127+0000] {logging_mixin.py:190} INFO - [2024-11-03T01:20:01.126+0000] {dag.py:4180} INFO - Setting next_dagrun for tutorial to 2024-11-02 00:00:00+00:00, run_after=2024-11-03 00:00:00+00:00
[2024-11-03T01:20:01.142+0000] {processor.py:208} INFO - Processing /home/airflow/.local/lib/python3.12/site-packages/airflow/example_dags/tutorial.py took 0.066 seconds
[2024-11-03T01:20:31.431+0000] {processor.py:186} INFO - Started process (PID=4112) to work on /home/airflow/.local/lib/python3.12/site-packages/airflow/example_dags/tutorial.py
[2024-11-03T01:20:31.431+0000] {processor.py:914} INFO - Processing file /home/airflow/.local/lib/python3.12/site-packages/airflow/example_dags/tutorial.py for tasks to queue
[2024-11-03T01:20:31.433+0000] {logging_mixin.py:190} INFO - [2024-11-03T01:20:31.433+0000] {dagbag.py:588} INFO - Filling up the DagBag from /home/airflow/.local/lib/python3.12/site-packages/airflow/example_dags/tutorial.py
[2024-11-03T01:20:31.439+0000] {processor.py:925} INFO - DAG(s) 'tutorial' retrieved from /home/airflow/.local/lib/python3.12/site-packages/airflow/example_dags/tutorial.py
[2024-11-03T01:20:31.456+0000] {logging_mixin.py:190} INFO - [2024-11-03T01:20:31.455+0000] {dag.py:3239} INFO - Sync 1 DAGs
[2024-11-03T01:20:31.475+0000] {logging_mixin.py:190} INFO - [2024-11-03T01:20:31.475+0000] {dag.py:4180} INFO - Setting next_dagrun for tutorial to 2024-11-02 00:00:00+00:00, run_after=2024-11-03 00:00:00+00:00
[2024-11-03T01:20:31.489+0000] {processor.py:208} INFO - Processing /home/airflow/.local/lib/python3.12/site-packages/airflow/example_dags/tutorial.py took 0.063 seconds
[2024-11-03T01:21:01.701+0000] {processor.py:186} INFO - Started process (PID=4175) to work on /home/airflow/.local/lib/python3.12/site-packages/airflow/example_dags/tutorial.py
[2024-11-03T01:21:01.702+0000] {processor.py:914} INFO - Processing file /home/airflow/.local/lib/python3.12/site-packages/airflow/example_dags/tutorial.py for tasks to queue
[2024-11-03T01:21:01.704+0000] {logging_mixin.py:190} INFO - [2024-11-03T01:21:01.704+0000] {dagbag.py:588} INFO - Filling up the DagBag from /home/airflow/.local/lib/python3.12/site-packages/airflow/example_dags/tutorial.py
[2024-11-03T01:21:01.710+0000] {processor.py:925} INFO - DAG(s) 'tutorial' retrieved from /home/airflow/.local/lib/python3.12/site-packages/airflow/example_dags/tutorial.py
[2024-11-03T01:21:01.727+0000] {logging_mixin.py:190} INFO - [2024-11-03T01:21:01.726+0000] {dag.py:3239} INFO - Sync 1 DAGs
[2024-11-03T01:21:01.747+0000] {logging_mixin.py:190} INFO - [2024-11-03T01:21:01.747+0000] {dag.py:4180} INFO - Setting next_dagrun for tutorial to 2024-11-02 00:00:00+00:00, run_after=2024-11-03 00:00:00+00:00
[2024-11-03T01:21:01.763+0000] {processor.py:208} INFO - Processing /home/airflow/.local/lib/python3.12/site-packages/airflow/example_dags/tutorial.py took 0.066 seconds
[2024-11-03T01:21:32.000+0000] {processor.py:186} INFO - Started process (PID=4238) to work on /home/airflow/.local/lib/python3.12/site-packages/airflow/example_dags/tutorial.py
[2024-11-03T01:21:32.001+0000] {processor.py:914} INFO - Processing file /home/airflow/.local/lib/python3.12/site-packages/airflow/example_dags/tutorial.py for tasks to queue
[2024-11-03T01:21:32.003+0000] {logging_mixin.py:190} INFO - [2024-11-03T01:21:32.003+0000] {dagbag.py:588} INFO - Filling up the DagBag from /home/airflow/.local/lib/python3.12/site-packages/airflow/example_dags/tutorial.py
[2024-11-03T01:21:32.010+0000] {processor.py:925} INFO - DAG(s) 'tutorial' retrieved from /home/airflow/.local/lib/python3.12/site-packages/airflow/example_dags/tutorial.py
[2024-11-03T01:21:32.028+0000] {logging_mixin.py:190} INFO - [2024-11-03T01:21:32.028+0000] {dag.py:3239} INFO - Sync 1 DAGs
[2024-11-03T01:21:32.048+0000] {logging_mixin.py:190} INFO - [2024-11-03T01:21:32.048+0000] {dag.py:4180} INFO - Setting next_dagrun for tutorial to 2024-11-02 00:00:00+00:00, run_after=2024-11-03 00:00:00+00:00
[2024-11-03T01:21:32.063+0000] {processor.py:208} INFO - Processing /home/airflow/.local/lib/python3.12/site-packages/airflow/example_dags/tutorial.py took 0.068 seconds
[2024-11-03T01:22:02.318+0000] {processor.py:186} INFO - Started process (PID=4301) to work on /home/airflow/.local/lib/python3.12/site-packages/airflow/example_dags/tutorial.py
[2024-11-03T01:22:02.319+0000] {processor.py:914} INFO - Processing file /home/airflow/.local/lib/python3.12/site-packages/airflow/example_dags/tutorial.py for tasks to queue
[2024-11-03T01:22:02.321+0000] {logging_mixin.py:190} INFO - [2024-11-03T01:22:02.320+0000] {dagbag.py:588} INFO - Filling up the DagBag from /home/airflow/.local/lib/python3.12/site-packages/airflow/example_dags/tutorial.py
[2024-11-03T01:22:02.327+0000] {processor.py:925} INFO - DAG(s) 'tutorial' retrieved from /home/airflow/.local/lib/python3.12/site-packages/airflow/example_dags/tutorial.py
[2024-11-03T01:22:02.343+0000] {logging_mixin.py:190} INFO - [2024-11-03T01:22:02.343+0000] {dag.py:3239} INFO - Sync 1 DAGs
[2024-11-03T01:22:02.363+0000] {logging_mixin.py:190} INFO - [2024-11-03T01:22:02.363+0000] {dag.py:4180} INFO - Setting next_dagrun for tutorial to 2024-11-02 00:00:00+00:00, run_after=2024-11-03 00:00:00+00:00
[2024-11-03T01:22:02.377+0000] {processor.py:208} INFO - Processing /home/airflow/.local/lib/python3.12/site-packages/airflow/example_dags/tutorial.py took 0.064 seconds
[2024-11-03T01:22:32.626+0000] {processor.py:186} INFO - Started process (PID=4364) to work on /home/airflow/.local/lib/python3.12/site-packages/airflow/example_dags/tutorial.py
[2024-11-03T01:22:32.626+0000] {processor.py:914} INFO - Processing file /home/airflow/.local/lib/python3.12/site-packages/airflow/example_dags/tutorial.py for tasks to queue
[2024-11-03T01:22:32.628+0000] {logging_mixin.py:190} INFO - [2024-11-03T01:22:32.628+0000] {dagbag.py:588} INFO - Filling up the DagBag from /home/airflow/.local/lib/python3.12/site-packages/airflow/example_dags/tutorial.py
[2024-11-03T01:22:32.635+0000] {processor.py:925} INFO - DAG(s) 'tutorial' retrieved from /home/airflow/.local/lib/python3.12/site-packages/airflow/example_dags/tutorial.py
[2024-11-03T01:22:32.652+0000] {logging_mixin.py:190} INFO - [2024-11-03T01:22:32.652+0000] {dag.py:3239} INFO - Sync 1 DAGs
[2024-11-03T01:22:32.673+0000] {logging_mixin.py:190} INFO - [2024-11-03T01:22:32.673+0000] {dag.py:4180} INFO - Setting next_dagrun for tutorial to 2024-11-02 00:00:00+00:00, run_after=2024-11-03 00:00:00+00:00
[2024-11-03T01:22:32.689+0000] {processor.py:208} INFO - Processing /home/airflow/.local/lib/python3.12/site-packages/airflow/example_dags/tutorial.py took 0.068 seconds
[2024-11-03T01:23:02.941+0000] {processor.py:186} INFO - Started process (PID=4427) to work on /home/airflow/.local/lib/python3.12/site-packages/airflow/example_dags/tutorial.py
[2024-11-03T01:23:02.941+0000] {processor.py:914} INFO - Processing file /home/airflow/.local/lib/python3.12/site-packages/airflow/example_dags/tutorial.py for tasks to queue
[2024-11-03T01:23:02.944+0000] {logging_mixin.py:190} INFO - [2024-11-03T01:23:02.943+0000] {dagbag.py:588} INFO - Filling up the DagBag from /home/airflow/.local/lib/python3.12/site-packages/airflow/example_dags/tutorial.py
[2024-11-03T01:23:02.950+0000] {processor.py:925} INFO - DAG(s) 'tutorial' retrieved from /home/airflow/.local/lib/python3.12/site-packages/airflow/example_dags/tutorial.py
[2024-11-03T01:23:02.967+0000] {logging_mixin.py:190} INFO - [2024-11-03T01:23:02.966+0000] {dag.py:3239} INFO - Sync 1 DAGs
[2024-11-03T01:23:02.986+0000] {logging_mixin.py:190} INFO - [2024-11-03T01:23:02.986+0000] {dag.py:4180} INFO - Setting next_dagrun for tutorial to 2024-11-02 00:00:00+00:00, run_after=2024-11-03 00:00:00+00:00
[2024-11-03T01:23:03.000+0000] {processor.py:208} INFO - Processing /home/airflow/.local/lib/python3.12/site-packages/airflow/example_dags/tutorial.py took 0.065 seconds
